2022-09-15 12:18:21 INFO::Writing function arguments to log file
2022-09-15 12:18:21 DEBUG::Function arguments
2022-09-15 12:18:21 DEBUG::Output folder: Humanized-Biogeography-Analysis/Source RPCA/Hum/GMM-LumRef-CLR-Duodenum-ComBat-SexType-1-MsID
2022-09-15 12:18:21 DEBUG::Min Abundance: 0.000000
2022-09-15 12:18:21 DEBUG::Min Prevalence: 0.100000
2022-09-15 12:18:21 DEBUG::Normalization: CLR
2022-09-15 12:18:21 DEBUG::Transform: NONE
2022-09-15 12:18:21 DEBUG::Analysis method: LM
2022-09-15 12:18:21 DEBUG::Max significance: 0.250000
2022-09-15 12:18:22 DEBUG::Random effects: MouseID
2022-09-15 12:18:22 DEBUG::Fixed effects: Sex,Type
2022-09-15 12:18:22 DEBUG::Correction method: BH
2022-09-15 12:18:22 DEBUG::Standardize: TRUE
2022-09-15 12:18:22 DEBUG::Cores: 1
2022-09-15 12:18:22 INFO::Verifying options selected are valid
2022-09-15 12:18:22 INFO::Determining format of input files
2022-09-15 12:18:22 INFO::Input format is data samples as columns and metadata samples as rows
2022-09-15 12:18:22 DEBUG::Transformed data so samples are rows
2022-09-15 12:18:22 DEBUG::The following samples were found to have features but no metadata. They will be removed. TL1a_FP_139,TL1a_DTT_245_Repeat,TL1a_DTT_244_Repeat,TL1A_FP_637,TL1A_FP_638,TL1a_DTT_73,TL1A_FP_639,TL1a_DTT_74,TL1a_FP_171,TL1a_DTT_75,TL1a_FP_170,TL1a_FP_173,TL1a_DTT_77,TL1a_FP_172,TL1a_FP_205,TL1a_FP_97,TL1A_FP_640,TL1a_FP_98,TL1A_FP_641,TL1A_FP_685,TL1a_FP_207,TL1a_FP_99,TL1A_FP_686,TL1a_DTT_173_Repeat,TL1a_FP_206,TL1A_FP_687,TL1a_FP_209,TL1a_FP_208,TL1a_FP_241,TL1a_FP_243,TL1a_FP_242,TL1a_FP_245,TL1A_FP_688,TL1a_FP_244,TL1A_FP_689,TL1a_FP_169,TL1a_DTT_142_Repeat,TL1a_DTT_242,TL1a_DTT_243,TL1a_DTT_241,TL1a_FP_64,TL1a_DTT_206,TL1a_FP_65,TL1a_DTT_207,TL1a_DTT_205,TL1a_FP_61,TL1a_FP_62,TL1a_FP_63,TL1a_DTT_76_Repeat,TL1a_DTT_208,TL1a_DTT_209,TL1a_DTT_97,TL1a_DTT_98,TL1a_DTT_99,TL1A_DTT_640,TL1A_DTT_641,TL1A_DTT_687,TL1A_DTT_689,TL1a_DTT_170,TL1a_DTT_169_Re_extracted,TL1a_DTT_171,TL1a_DTT_172_Re_extracted,TL1a_FP_75,TL1a_FP_76,TL1a_FP_77,TL1a_DTT_139,TL1a_FP_73,TL1a_FP_74,TL1a_FP_142,TL1a_FP_141,TL1a_FP_100,TL1a_DTT_62,TL1a_FP_143,TL1a_DTT_63,TL1a_FP_101,TL1A_DTT_638,TL1A_DTT_639,TL1a_DTT_64,TL1a_DTT_65,TL1a_FP_140,TL1a_DTT_141,TL1a_DTT_140
2022-09-15 12:18:22 DEBUG::A total of 12 samples were found in both the data and metadata
2022-09-15 12:18:22 DEBUG::Reordering data/metadata to use same sample ordering
2022-09-15 12:18:22 INFO::Formula for random effects: expr ~ (1 | MouseID)
2022-09-15 12:18:22 INFO::Formula for fixed effects: expr ~  Sex + Type
2022-09-15 12:18:22 INFO::Running selected normalization method: CLR
2022-09-15 12:18:22 INFO::Filter data based on min abundance and min prevalence
2022-09-15 12:18:22 INFO::Total samples in data: 12
2022-09-15 12:18:22 INFO::Min samples required with min abundance for a feature not to be filtered: 1.200000
2022-09-15 12:18:22 INFO::Total filtered features: 23
2022-09-15 12:18:22 INFO::Filtered feature names: MF0027, MF0069, MF0030, MF0039, MF0079, MF0032, MF0076, MF0085, MF0042, MF0083, MF0084, MF0081, MF0082, MF0080, MF0089, MF0043, MF0052, MF0094, MF0058, MF0059, MF0012, MF0057, MF0007
2022-09-15 12:18:22 INFO::Applying z-score to standardize continuous metadata
2022-09-15 12:18:22 INFO::Running selected transform method: NONE
2022-09-15 12:18:22 INFO::Running selected analysis method: LM
2022-09-15 12:18:22 INFO::Fitting model to feature number 1, MF0063
2022-09-15 12:18:22 INFO::Fitting model to feature number 2, MF0020
2022-09-15 12:18:22 INFO::Fitting model to feature number 3, MF0061
2022-09-15 12:18:22 INFO::Fitting model to feature number 4, MF0060
2022-09-15 12:18:22 INFO::Fitting model to feature number 5, MF0028
2022-09-15 12:18:22 INFO::Fitting model to feature number 6, MF0025
2022-09-15 12:18:22 INFO::Fitting model to feature number 7, MF0102
2022-09-15 12:18:22 INFO::Fitting model to feature number 8, MF0026
2022-09-15 12:18:22 INFO::Fitting model to feature number 9, MF0103
2022-09-15 12:18:22 INFO::Fitting model to feature number 10, MF0067
2022-09-15 12:18:22 INFO::Fitting model to feature number 11, MF0068
2022-09-15 12:18:22 INFO::Fitting model to feature number 12, MF0101
2022-09-15 12:18:22 INFO::Fitting model to feature number 13, MF0024
2022-09-15 12:18:22 INFO::Fitting model to feature number 14, MF0021
2022-09-15 12:18:22 INFO::Fitting model to feature number 15, MF0065
2022-09-15 12:18:22 INFO::Fitting model to feature number 16, MF0022
2022-09-15 12:18:22 INFO::Fitting model to feature number 17, MF0066
2022-09-15 12:18:22 INFO::Fitting model to feature number 18, MF0018
2022-09-15 12:18:22 INFO::Fitting model to feature number 19, MF0019
2022-09-15 12:18:22 INFO::Fitting model to feature number 20, MF0074
2022-09-15 12:18:22 INFO::Fitting model to feature number 21, MF0031
2022-09-15 12:18:22 INFO::Fitting model to feature number 22, MF0075
2022-09-15 12:18:22 INFO::Fitting model to feature number 23, MF0072
2022-09-15 12:18:22 INFO::Fitting model to feature number 24, MF0073
2022-09-15 12:18:22 INFO::Fitting model to feature number 25, MF0070
2022-09-15 12:18:23 INFO::Fitting model to feature number 26, MF0071
2022-09-15 12:18:23 INFO::Fitting model to feature number 27, MF0038
2022-09-15 12:18:23 INFO::Fitting model to feature number 28, MF0036
2022-09-15 12:18:23 INFO::Fitting model to feature number 29, MF0037
2022-09-15 12:18:23 INFO::Fitting model to feature number 30, MF0034
2022-09-15 12:18:23 INFO::Fitting model to feature number 31, MF0078
2022-09-15 12:18:23 INFO::Fitting model to feature number 32, MF0035
2022-09-15 12:18:23 INFO::Fitting model to feature number 33, MF0077
2022-09-15 12:18:23 INFO::Fitting model to feature number 34, MF0033
2022-09-15 12:18:23 INFO::Fitting model to feature number 35, MF0029
2022-09-15 12:18:23 INFO::Fitting model to feature number 36, MF0041
2022-09-15 12:18:23 INFO::Fitting model to feature number 37, MF0086
2022-09-15 12:18:23 INFO::Fitting model to feature number 38, MF0040
2022-09-15 12:18:23 INFO::Fitting model to feature number 39, MF0005
2022-09-15 12:18:23 INFO::Fitting model to feature number 40, MF0049
2022-09-15 12:18:23 INFO::Fitting model to feature number 41, MF0006
2022-09-15 12:18:23 INFO::Fitting model to feature number 42, MF0047
2022-09-15 12:18:23 INFO::Fitting model to feature number 43, MF0003
2022-09-15 12:18:23 INFO::Fitting model to feature number 44, MF0004
2022-09-15 12:18:23 INFO::Fitting model to feature number 45, MF0048
2022-09-15 12:18:23 INFO::Fitting model to feature number 46, MF0001
2022-09-15 12:18:23 INFO::Fitting model to feature number 47, MF0045
2022-09-15 12:18:23 INFO::Fitting model to feature number 48, MF0002
2022-09-15 12:18:23 INFO::Fitting model to feature number 49, MF0046
2022-09-15 12:18:23 INFO::Fitting model to feature number 50, MF0087
2022-09-15 12:18:24 INFO::Fitting model to feature number 51, MF0044
2022-09-15 12:18:24 INFO::Fitting model to feature number 52, MF0088
2022-09-15 12:18:24 INFO::Fitting model to feature number 53, MF0096
2022-09-15 12:18:24 INFO::Fitting model to feature number 54, MF0097
2022-09-15 12:18:24 INFO::Fitting model to feature number 55, MF0050
2022-09-15 12:18:24 INFO::Fitting model to feature number 56, MF0051
2022-09-15 12:18:24 INFO::Fitting model to feature number 57, MF0095
2022-09-15 12:18:24 INFO::Fitting model to feature number 58, MF0092
2022-09-15 12:18:24 INFO::Fitting model to feature number 59, MF0090
2022-09-15 12:18:24 INFO::Fitting model to feature number 60, MF0016
2022-09-15 12:18:24 INFO::Fitting model to feature number 61, MF0017
2022-09-15 12:18:24 INFO::Fitting model to feature number 62, MF0014
2022-09-15 12:18:24 INFO::Fitting model to feature number 63, MF0015
2022-09-15 12:18:24 INFO::Fitting model to feature number 64, MF0056
2022-09-15 12:18:24 INFO::Fitting model to feature number 65, MF0013
2022-09-15 12:18:24 INFO::Fitting model to feature number 66, MF0010
2022-09-15 12:18:24 INFO::Fitting model to feature number 67, MF0054
2022-09-15 12:18:24 INFO::Fitting model to feature number 68, MF0098
2022-09-15 12:18:24 INFO::Fitting model to feature number 69, MF0011
2022-09-15 12:18:24 INFO::Fitting model to feature number 70, MF0055
2022-09-15 12:18:24 INFO::Fitting model to feature number 71, MF0009
2022-09-15 12:18:24 INFO::Fitting model to feature number 72, MF0008
2022-09-15 12:18:24 INFO::Counting total values for each feature
2022-09-15 12:18:24 INFO::Writing residuals to file Humanized-Biogeography-Analysis/Source RPCA/Hum/GMM-LumRef-CLR-Duodenum-ComBat-SexType-1-MsID/residuals.rds
2022-09-15 12:18:24 INFO::Writing all results to file (ordered by increasing q-values): Humanized-Biogeography-Analysis/Source RPCA/Hum/GMM-LumRef-CLR-Duodenum-ComBat-SexType-1-MsID/all_results.tsv
2022-09-15 12:18:24 INFO::Writing the significant results (those which are less than or equal to the threshold of 0.250000 ) to file (ordered by increasing q-values): Humanized-Biogeography-Analysis/Source RPCA/Hum/GMM-LumRef-CLR-Duodenum-ComBat-SexType-1-MsID/significant_results.tsv
