2024-06-09 16:43:43.577219 INFO::Writing function arguments to log file
2024-06-09 16:43:43.578722 DEBUG::Function arguments
2024-06-09 16:43:43.579345 DEBUG::Output folder: Maaslin2_L2/UCLA_O_SPF/L2-DCvsAll-CLR-Muc-ComBat-SeqRunLineSexSite-1-MsID
2024-06-09 16:43:43.579866 DEBUG::Min Abundance: 0.000000
2024-06-09 16:43:43.580436 DEBUG::Min Prevalence: 0.150000
2024-06-09 16:43:43.580994 DEBUG::Normalization: CLR
2024-06-09 16:43:43.581612 DEBUG::Transform: NONE
2024-06-09 16:43:43.582297 DEBUG::Analysis method: LM
2024-06-09 16:43:43.5829 DEBUG::Max significance: 0.250000
2024-06-09 16:43:43.583446 DEBUG::Random effects: MouseID_Line
2024-06-09 16:43:43.584458 DEBUG::Fixed effects: Sequencing_Run,Line,Sex,Site
2024-06-09 16:43:43.584991 DEBUG::Correction method: BH
2024-06-09 16:43:43.585555 DEBUG::Standardize: TRUE
2024-06-09 16:43:43.586105 DEBUG::Cores: 1
2024-06-09 16:43:43.586619 INFO::Verifying options selected are valid
2024-06-09 16:43:43.588022 INFO::Determining format of input files
2024-06-09 16:43:43.589217 INFO::Input format is data samples as columns and metadata samples as rows
2024-06-09 16:43:43.593028 DEBUG::Transformed data so samples are rows
2024-06-09 16:43:43.593589 DEBUG::A total of 270 samples were found in both the data and metadata
2024-06-09 16:43:43.593915 DEBUG::Reordering data/metadata to use same sample ordering
2024-06-09 16:43:43.594588 INFO::Formula for random effects: expr ~ (1 | MouseID_Line)
2024-06-09 16:43:43.595694 INFO::Formula for fixed effects: expr ~  Sequencing_Run + Line + Sex + Site
2024-06-09 16:43:43.597223 INFO::Factor detected for categorial metadata 'Sequencing_Run'. Provide a reference argument or manually set factor ordering to change reference level.
2024-06-09 16:43:43.598575 INFO::Factor detected for categorial metadata 'Line'. Provide a reference argument or manually set factor ordering to change reference level.
2024-06-09 16:43:43.599403 INFO::Factor detected for categorial metadata 'Sex'. Provide a reference argument or manually set factor ordering to change reference level.
2024-06-09 16:43:43.600317 INFO::Factor detected for categorial metadata 'Site'. Provide a reference argument or manually set factor ordering to change reference level.
2024-06-09 16:43:43.601137 INFO::Filter data based on min abundance and min prevalence
2024-06-09 16:43:43.601966 INFO::Total samples in data: 270
2024-06-09 16:43:43.602697 INFO::Min samples required with min abundance for a feature not to be filtered: 40.500000
2024-06-09 16:43:43.603851 INFO::Total filtered features: 0
2024-06-09 16:43:43.605401 INFO::Filtered feature names from abundance and prevalence filtering:
2024-06-09 16:43:43.606762 INFO::Total filtered features with variance filtering: 0
2024-06-09 16:43:43.608128 INFO::Filtered feature names from variance filtering:
2024-06-09 16:43:43.609163 INFO::Running selected normalization method: CLR
2024-06-09 16:43:43.611561 INFO::Applying z-score to standardize continuous metadata
2024-06-09 16:43:43.616513 INFO::Running selected transform method: NONE
2024-06-09 16:43:43.617463 INFO::Running selected analysis method: LM
2024-06-09 16:43:43.619011 INFO::Fitting model to feature number 1, k__Bacteria.p__Firmicutes
2024-06-09 16:43:43.692425 INFO::Fitting model to feature number 2, k__Bacteria.p__Bacteroidota
2024-06-09 16:43:43.766367 INFO::Fitting model to feature number 3, k__Bacteria.p__Desulfobacterota
2024-06-09 16:43:43.842196 INFO::Fitting model to feature number 4, k__Bacteria.p__Proteobacteria
2024-06-09 16:43:43.89992 INFO::Fitting model to feature number 5, k__Bacteria.p__Actinobacteriota
2024-06-09 16:43:43.959654 INFO::Fitting model to feature number 6, k__Bacteria.p__Cyanobacteria
2024-06-09 16:43:44.018382 INFO::Fitting model to feature number 7, k__Bacteria.p__Deferribacterota
2024-06-09 16:43:44.089515 INFO::Fitting model to feature number 8, k__Bacteria.p__Verrucomicrobiota
2024-06-09 16:43:44.154448 INFO::Counting total values for each feature
2024-06-09 16:43:44.161265 INFO::Writing filtered data to file Maaslin2_L2/UCLA_O_SPF/L2-DCvsAll-CLR-Muc-ComBat-SeqRunLineSexSite-1-MsID/features/filtered_data.tsv
2024-06-09 16:43:44.16436 INFO::Writing filtered, normalized data to file Maaslin2_L2/UCLA_O_SPF/L2-DCvsAll-CLR-Muc-ComBat-SeqRunLineSexSite-1-MsID/features/filtered_data_norm.tsv
2024-06-09 16:43:44.168357 INFO::Writing filtered, normalized, transformed data to file Maaslin2_L2/UCLA_O_SPF/L2-DCvsAll-CLR-Muc-ComBat-SeqRunLineSexSite-1-MsID/features/filtered_data_norm_transformed.tsv
2024-06-09 16:43:44.171591 WARNING::Deleting existing residuals file: Maaslin2_L2/UCLA_O_SPF/L2-DCvsAll-CLR-Muc-ComBat-SeqRunLineSexSite-1-MsID/fits/residuals.rds
2024-06-09 16:43:44.173495 INFO::Writing residuals to file Maaslin2_L2/UCLA_O_SPF/L2-DCvsAll-CLR-Muc-ComBat-SeqRunLineSexSite-1-MsID/fits/residuals.rds
2024-06-09 16:43:44.175203 WARNING::Deleting existing fitted file: Maaslin2_L2/UCLA_O_SPF/L2-DCvsAll-CLR-Muc-ComBat-SeqRunLineSexSite-1-MsID/fits/fitted.rds
2024-06-09 16:43:44.176825 INFO::Writing fitted values to file Maaslin2_L2/UCLA_O_SPF/L2-DCvsAll-CLR-Muc-ComBat-SeqRunLineSexSite-1-MsID/fits/fitted.rds
2024-06-09 16:43:44.178241 WARNING::Deleting existing ranef file: Maaslin2_L2/UCLA_O_SPF/L2-DCvsAll-CLR-Muc-ComBat-SeqRunLineSexSite-1-MsID/fits/ranef.rds
2024-06-09 16:43:44.179423 INFO::Writing extracted random effects to file Maaslin2_L2/UCLA_O_SPF/L2-DCvsAll-CLR-Muc-ComBat-SeqRunLineSexSite-1-MsID/fits/ranef.rds
2024-06-09 16:43:44.18082 INFO::Writing all results to file (ordered by increasing q-values): Maaslin2_L2/UCLA_O_SPF/L2-DCvsAll-CLR-Muc-ComBat-SeqRunLineSexSite-1-MsID/all_results.tsv
2024-06-09 16:43:44.183379 INFO::Writing the significant results (those which are less than or equal to the threshold of 0.250000 ) to file (ordered by increasing q-values): Maaslin2_L2/UCLA_O_SPF/L2-DCvsAll-CLR-Muc-ComBat-SeqRunLineSexSite-1-MsID/significant_results.tsv
