2022-10-31 15:05:02 INFO::Writing function arguments to log file
2022-10-31 15:05:02 DEBUG::Function arguments
2022-10-31 15:05:02 DEBUG::Output folder: CS-Facility-Analysis/OMIXER-RPM Results/CS_GBM/GBM-LumRef-CLR-Cecum-ComBat-SeqRunSexType-1-MsID
2022-10-31 15:05:02 DEBUG::Min Abundance: 0.000000
2022-10-31 15:05:02 DEBUG::Min Prevalence: 0.100000
2022-10-31 15:05:02 DEBUG::Normalization: CLR
2022-10-31 15:05:02 DEBUG::Transform: NONE
2022-10-31 15:05:02 DEBUG::Analysis method: LM
2022-10-31 15:05:02 DEBUG::Max significance: 0.250000
2022-10-31 15:05:02 DEBUG::Random effects: MouseID
2022-10-31 15:05:02 DEBUG::Fixed effects: Sequencing_Run,Sex,Type
2022-10-31 15:05:02 DEBUG::Correction method: BH
2022-10-31 15:05:02 DEBUG::Standardize: TRUE
2022-10-31 15:05:02 DEBUG::Cores: 1
2022-10-31 15:05:02 INFO::Verifying options selected are valid
2022-10-31 15:05:02 INFO::Determining format of input files
2022-10-31 15:05:02 INFO::Input format is data samples as columns and metadata samples as rows
2022-10-31 15:05:02 DEBUG::Transformed data so samples are rows
2022-10-31 15:05:02 DEBUG::The following samples were found to have features but no metadata. They will be removed. Mouse4A.FP19,Mouse9A.FP102,Mouse2A.FP07,Mouse6A.FP31,Mouse6A.FP32,Mouse2A.FP08,Mouse6A.FP35,Mouse6A.FP36,Mouse8A.DTT88,Mouse6A.FP34,Mouse8A.DTT89,Mouse10A.DTT110,Mouse8A.DTT86,Mouse10A.DTT112,Mouse9A.FP101,Mouse8A.DTT85,Mouse9A.FP100,Mouse4A.FP20,Mouse4A.FP23,Mouse4A.FP22,Mouse8A.DTT90,Mouse10A.DTT109,Mouse4A.FP24,Mouse1A.FP04,Mouse8A.FP88,Mouse8A.FP89,Mouse8A.FP86,Mouse1A.FP02,Mouse1A.FP01,Mouse8A.FP85,Mouse1A.FP06,Mouse1A.FP05,Mouse9A.DTT101,Mouse9A.DTT100,Mouse9A.DTT102,Mouse4A.DTT19,Mouse4A.DTT23,Mouse4A.DTT22,Mouse4A.DTT24,Mouse4A.DTT20,Mouse5A.FP30,Mouse6A.DTT35,Mouse7A.DTT37,Mouse10A.FP110,Mouse6A.DTT36,Mouse10A.FP112,Mouse7A.DTT38,Mouse6A.DTT31,Mouse10A.FP114,Mouse6A.DTT32,Mouse10A.FP113,Mouse6A.DTT34,Mouse5A.DTT30,Mouse5A.FP28,Mouse5A.FP29,Mouse5A.FP25,Mouse5A.FP26,Mouse5A.DTT25,Mouse5A.DTT26,Mouse1B.DTT13,Mouse1B.DTT14,Mouse5A.DTT29,Mouse5A.DTT28,Mouse10A.FP109,Mouse8A.FP90,Mouse1B.DTT16,Mouse1B.DTT17,Mouse1B.DTT18,Mouse7A.FP37,Mouse7A.FP38,Mouse2A.FP10,Mouse2A.FP12,Mouse2A.FP11,Mouse9A.DTT98,Mouse9A.DTT97,Mouse10A.DTT114,Mouse10A.DTT113,Mouse9A.FP97,Mouse9A.FP98,Mouse3A.FP18,Mouse3A.FP17,Mouse3A.FP16,Mouse3A.FP14,Mouse3A.FP13,Mouse7A.DTT40,Mouse7A.FP40,Mouse7A.DTT42,Mouse7A.FP41,Mouse7A.DTT41,Mouse7A.FP42
2022-10-31 15:05:02 DEBUG::A total of 18 samples were found in both the data and metadata
2022-10-31 15:05:02 DEBUG::Reordering data/metadata to use same sample ordering
2022-10-31 15:05:02 INFO::Formula for random effects: expr ~ (1 | MouseID)
2022-10-31 15:05:02 INFO::Formula for fixed effects: expr ~  Sequencing_Run + Sex + Type
2022-10-31 15:05:02 INFO::Running selected normalization method: CLR
2022-10-31 15:05:02 INFO::Filter data based on min abundance and min prevalence
2022-10-31 15:05:02 INFO::Total samples in data: 18
2022-10-31 15:05:02 INFO::Min samples required with min abundance for a feature not to be filtered: 1.800000
2022-10-31 15:05:02 INFO::Total filtered features: 10
2022-10-31 15:05:02 INFO::Filtered feature names: MGB038, MGB039, MGB056, MGB010, MGB050, MGB027, MGB023, MGB025, MGB020, MGB021
2022-10-31 15:05:02 INFO::Applying z-score to standardize continuous metadata
2022-10-31 15:05:02 INFO::Running selected transform method: NONE
2022-10-31 15:05:02 INFO::Running selected analysis method: LM
2022-10-31 15:05:02 INFO::Fitting model to feature number 1, MGB015
2022-10-31 15:05:02 INFO::Fitting model to feature number 2, MGB037
2022-10-31 15:05:02 INFO::Fitting model to feature number 3, MGB033
2022-10-31 15:05:02 INFO::Fitting model to feature number 4, MGB055
2022-10-31 15:05:02 INFO::Fitting model to feature number 5, MGB034
2022-10-31 15:05:02 INFO::Fitting model to feature number 6, MGB035
2022-10-31 15:05:02 INFO::Fitting model to feature number 7, MGB036
2022-10-31 15:05:02 INFO::Fitting model to feature number 8, MGB052
2022-10-31 15:05:02 INFO::Fitting model to feature number 9, MGB031
2022-10-31 15:05:02 INFO::Fitting model to feature number 10, MGB053
2022-10-31 15:05:02 INFO::Fitting model to feature number 11, MGB032
2022-10-31 15:05:03 INFO::Fitting model to feature number 12, MGB054
2022-10-31 15:05:03 INFO::Fitting model to feature number 13, MGB019
2022-10-31 15:05:03 INFO::Fitting model to feature number 14, MGB005
2022-10-31 15:05:03 INFO::Fitting model to feature number 15, MGB049
2022-10-31 15:05:03 INFO::Fitting model to feature number 16, MGB006
2022-10-31 15:05:03 INFO::Fitting model to feature number 17, MGB007
2022-10-31 15:05:03 INFO::Fitting model to feature number 18, MGB029
2022-10-31 15:05:03 INFO::Fitting model to feature number 19, MGB022
2022-10-31 15:05:03 INFO::Fitting model to feature number 20, MGB024
2022-10-31 15:05:03 INFO::Fitting model to feature number 21, MGB047
2022-10-31 15:05:03 INFO::Fitting model to feature number 22, MGB040
2022-10-31 15:05:03 INFO::Fitting model to feature number 23, MGB041
2022-10-31 15:05:03 INFO::Fitting model to feature number 24, MGB043
2022-10-31 15:05:03 INFO::Counting total values for each feature
2022-10-31 15:05:03 INFO::Writing residuals to file CS-Facility-Analysis/OMIXER-RPM Results/CS_GBM/GBM-LumRef-CLR-Cecum-ComBat-SeqRunSexType-1-MsID/residuals.rds
2022-10-31 15:05:03 INFO::Writing all results to file (ordered by increasing q-values): CS-Facility-Analysis/OMIXER-RPM Results/CS_GBM/GBM-LumRef-CLR-Cecum-ComBat-SeqRunSexType-1-MsID/all_results.tsv
2022-10-31 15:05:03 INFO::Writing the significant results (those which are less than or equal to the threshold of 0.250000 ) to file (ordered by increasing q-values): CS-Facility-Analysis/OMIXER-RPM Results/CS_GBM/GBM-LumRef-CLR-Cecum-ComBat-SeqRunSexType-1-MsID/significant_results.tsv
