2022-09-15 18:25:12 INFO::Writing function arguments to log file
2022-09-15 18:25:12 DEBUG::Function arguments
2022-09-15 18:25:12 DEBUG::Output folder: CS-Facility-Analysis/OMIXER-RPM Results/CS_GMM/GMM-LumRef-CLR-Duodenum-ComBat-SeqRunSexType-1-MsID
2022-09-15 18:25:12 DEBUG::Min Abundance: 0.000000
2022-09-15 18:25:12 DEBUG::Min Prevalence: 0.100000
2022-09-15 18:25:12 DEBUG::Normalization: CLR
2022-09-15 18:25:12 DEBUG::Transform: NONE
2022-09-15 18:25:12 DEBUG::Analysis method: LM
2022-09-15 18:25:12 DEBUG::Max significance: 0.250000
2022-09-15 18:25:12 DEBUG::Random effects: MouseID
2022-09-15 18:25:12 DEBUG::Fixed effects: Sequencing_Run,Sex,Type
2022-09-15 18:25:12 DEBUG::Correction method: BH
2022-09-15 18:25:12 DEBUG::Standardize: TRUE
2022-09-15 18:25:12 DEBUG::Cores: 1
2022-09-15 18:25:12 INFO::Verifying options selected are valid
2022-09-15 18:25:12 INFO::Determining format of input files
2022-09-15 18:25:12 INFO::Input format is data samples as columns and metadata samples as rows
2022-09-15 18:25:12 DEBUG::Transformed data so samples are rows
2022-09-15 18:25:12 DEBUG::The following samples were found to have features but no metadata. They will be removed. Mouse4A.FP19,Mouse2A.FP07,Mouse2A.FP09,Mouse6A.FP31,Mouse6A.FP32,Mouse2A.FP08,Mouse6A.FP35,Mouse6A.FP33,Mouse8A.DTT88,Mouse6A.FP34,Mouse8A.DTT89,Mouse10A.DTT110,Mouse8A.DTT86,Mouse8A.DTT87,Mouse10A.DTT112,Mouse9A.FP101,Mouse10A.DTT111,Mouse8A.DTT85,Mouse9A.FP100,Mouse4A.FP21,Mouse4A.FP20,Mouse4A.FP23,Mouse4A.FP22,Mouse10A.DTT109,Mouse1A.FP04,Mouse8A.FP88,Mouse8A.FP89,Mouse1A.FP03,Mouse8A.FP86,Mouse1A.FP02,Mouse8A.FP87,Mouse1A.FP01,Mouse8A.FP85,Mouse1A.FP05,Mouse9A.DTT101,Mouse9A.DTT100,Mouse4A.DTT19,Mouse4A.DTT23,Mouse4A.DTT22,Mouse4A.DTT21,Mouse4A.DTT20,Mouse6A.DTT35,Mouse7A.DTT37,Mouse10A.FP110,Mouse7A.DTT39,Mouse10A.FP112,Mouse7A.DTT38,Mouse10A.FP111,Mouse6A.DTT31,Mouse6A.DTT32,Mouse10A.FP113,Mouse6A.DTT33,Mouse6A.DTT34,Mouse5A.FP27,Mouse5A.FP28,Mouse5A.FP29,Mouse5A.FP25,Mouse5A.FP26,Mouse5A.DTT25,Mouse5A.DTT26,Mouse1B.DTT13,Mouse1B.DTT14,Mouse5A.DTT29,Mouse5A.DTT27,Mouse5A.DTT28,Mouse10A.FP109,Mouse1B.DTT15,Mouse1B.DTT16,Mouse1B.DTT17,Mouse7A.FP37,Mouse7A.FP38,Mouse7A.FP39,Mouse2A.FP10,Mouse9A.DTT99,Mouse2A.FP11,Mouse9A.DTT98,Mouse9A.DTT97,Mouse10A.DTT113,Mouse9A.FP97,Mouse9A.FP98,Mouse9A.FP99,Mouse3A.FP17,Mouse3A.FP16,Mouse3A.FP15,Mouse3A.FP14,Mouse3A.FP13,Mouse7A.DTT40,Mouse7A.FP40,Mouse7A.FP41,Mouse7A.DTT41
2022-09-15 18:25:12 DEBUG::A total of 18 samples were found in both the data and metadata
2022-09-15 18:25:12 DEBUG::Reordering data/metadata to use same sample ordering
2022-09-15 18:25:12 INFO::Formula for random effects: expr ~ (1 | MouseID)
2022-09-15 18:25:12 INFO::Formula for fixed effects: expr ~  Sequencing_Run + Sex + Type
2022-09-15 18:25:12 INFO::Running selected normalization method: CLR
2022-09-15 18:25:12 INFO::Filter data based on min abundance and min prevalence
2022-09-15 18:25:12 INFO::Total samples in data: 18
2022-09-15 18:25:12 INFO::Min samples required with min abundance for a feature not to be filtered: 1.800000
2022-09-15 18:25:12 INFO::Total filtered features: 19
2022-09-15 18:25:12 INFO::Filtered feature names: MF0062, MF0027, MF0025, MF0069, MF0102, MF0019, MF0030, MF0039, MF0083, MF0084, MF0082, MF0089, MF0043, MF0088, MF0052, MF0016, MF0058, MF0059, MF0057
2022-09-15 18:25:12 INFO::Applying z-score to standardize continuous metadata
2022-09-15 18:25:12 INFO::Running selected transform method: NONE
2022-09-15 18:25:12 INFO::Running selected analysis method: LM
2022-09-15 18:25:12 INFO::Fitting model to feature number 1, MF0063
2022-09-15 18:25:12 INFO::Fitting model to feature number 2, MF0020
2022-09-15 18:25:12 INFO::Fitting model to feature number 3, MF0061
2022-09-15 18:25:12 INFO::Fitting model to feature number 4, MF0060
2022-09-15 18:25:12 INFO::Fitting model to feature number 5, MF0028
2022-09-15 18:25:12 INFO::Fitting model to feature number 6, MF0026
2022-09-15 18:25:12 INFO::Fitting model to feature number 7, MF0103
2022-09-15 18:25:12 INFO::Fitting model to feature number 8, MF0067
2022-09-15 18:25:12 INFO::Fitting model to feature number 9, MF0024
2022-09-15 18:25:12 INFO::Fitting model to feature number 10, MF0068
2022-09-15 18:25:12 INFO::Fitting model to feature number 11, MF0101
2022-09-15 18:25:12 INFO::Fitting model to feature number 12, MF0021
2022-09-15 18:25:12 INFO::Fitting model to feature number 13, MF0065
2022-09-15 18:25:12 INFO::Fitting model to feature number 14, MF0022
2022-09-15 18:25:12 INFO::Fitting model to feature number 15, MF0066
2022-09-15 18:25:12 INFO::Fitting model to feature number 16, MF0018
2022-09-15 18:25:12 INFO::Fitting model to feature number 17, MF0074
2022-09-15 18:25:12 INFO::Fitting model to feature number 18, MF0031
2022-09-15 18:25:12 INFO::Fitting model to feature number 19, MF0075
2022-09-15 18:25:12 INFO::Fitting model to feature number 20, MF0072
2022-09-15 18:25:12 INFO::Fitting model to feature number 21, MF0073
2022-09-15 18:25:13 INFO::Fitting model to feature number 22, MF0070
2022-09-15 18:25:13 INFO::Fitting model to feature number 23, MF0071
2022-09-15 18:25:13 INFO::Fitting model to feature number 24, MF0038
2022-09-15 18:25:13 INFO::Fitting model to feature number 25, MF0036
2022-09-15 18:25:13 INFO::Fitting model to feature number 26, MF0037
2022-09-15 18:25:13 INFO::Fitting model to feature number 27, MF0034
2022-09-15 18:25:13 INFO::Fitting model to feature number 28, MF0078
2022-09-15 18:25:13 INFO::Fitting model to feature number 29, MF0035
2022-09-15 18:25:13 INFO::Fitting model to feature number 30, MF0079
2022-09-15 18:25:13 INFO::Fitting model to feature number 31, MF0076
2022-09-15 18:25:13 INFO::Fitting model to feature number 32, MF0033
2022-09-15 18:25:13 INFO::Fitting model to feature number 33, MF0077
2022-09-15 18:25:13 INFO::Fitting model to feature number 34, MF0029
2022-09-15 18:25:13 INFO::Fitting model to feature number 35, MF0041
2022-09-15 18:25:13 INFO::Fitting model to feature number 36, MF0085
2022-09-15 18:25:13 INFO::Fitting model to feature number 37, MF0086
2022-09-15 18:25:13 INFO::Fitting model to feature number 38, MF0040
2022-09-15 18:25:13 INFO::Fitting model to feature number 39, MF0080
2022-09-15 18:25:13 INFO::Fitting model to feature number 40, MF0005
2022-09-15 18:25:13 INFO::Fitting model to feature number 41, MF0049
2022-09-15 18:25:13 INFO::Fitting model to feature number 42, MF0006
2022-09-15 18:25:13 INFO::Fitting model to feature number 43, MF0047
2022-09-15 18:25:13 INFO::Fitting model to feature number 44, MF0004
2022-09-15 18:25:13 INFO::Fitting model to feature number 45, MF0048
2022-09-15 18:25:13 INFO::Fitting model to feature number 46, MF0001
2022-09-15 18:25:14 INFO::Fitting model to feature number 47, MF0045
2022-09-15 18:25:14 INFO::Fitting model to feature number 48, MF0002
2022-09-15 18:25:14 INFO::Fitting model to feature number 49, MF0046
2022-09-15 18:25:14 INFO::Fitting model to feature number 50, MF0087
2022-09-15 18:25:14 INFO::Fitting model to feature number 51, MF0044
2022-09-15 18:25:14 INFO::Fitting model to feature number 52, MF0096
2022-09-15 18:25:14 INFO::Fitting model to feature number 53, MF0097
2022-09-15 18:25:14 INFO::Fitting model to feature number 54, MF0050
2022-09-15 18:25:14 INFO::Fitting model to feature number 55, MF0094
2022-09-15 18:25:14 INFO::Fitting model to feature number 56, MF0051
2022-09-15 18:25:14 INFO::Fitting model to feature number 57, MF0095
2022-09-15 18:25:14 INFO::Fitting model to feature number 58, MF0092
2022-09-15 18:25:14 INFO::Fitting model to feature number 59, MF0090
2022-09-15 18:25:14 INFO::Fitting model to feature number 60, MF0017
2022-09-15 18:25:14 INFO::Fitting model to feature number 61, MF0014
2022-09-15 18:25:14 INFO::Fitting model to feature number 62, MF0015
2022-09-15 18:25:14 INFO::Fitting model to feature number 63, MF0012
2022-09-15 18:25:14 INFO::Fitting model to feature number 64, MF0056
2022-09-15 18:25:14 INFO::Fitting model to feature number 65, MF0010
2022-09-15 18:25:14 INFO::Fitting model to feature number 66, MF0054
2022-09-15 18:25:14 INFO::Fitting model to feature number 67, MF0098
2022-09-15 18:25:14 INFO::Fitting model to feature number 68, MF0011
2022-09-15 18:25:14 INFO::Fitting model to feature number 69, MF0055
2022-09-15 18:25:14 INFO::Fitting model to feature number 70, MF0009
2022-09-15 18:25:14 INFO::Fitting model to feature number 71, MF0007
2022-09-15 18:25:15 INFO::Fitting model to feature number 72, MF0008
2022-09-15 18:25:15 INFO::Counting total values for each feature
2022-09-15 18:25:15 WARNING::Deleting existing residuals file: CS-Facility-Analysis/OMIXER-RPM Results/CS_GMM/GMM-LumRef-CLR-Duodenum-ComBat-SeqRunSexType-1-MsID/residuals.rds
2022-09-15 18:25:15 INFO::Writing residuals to file CS-Facility-Analysis/OMIXER-RPM Results/CS_GMM/GMM-LumRef-CLR-Duodenum-ComBat-SeqRunSexType-1-MsID/residuals.rds
2022-09-15 18:25:15 INFO::Writing all results to file (ordered by increasing q-values): CS-Facility-Analysis/OMIXER-RPM Results/CS_GMM/GMM-LumRef-CLR-Duodenum-ComBat-SeqRunSexType-1-MsID/all_results.tsv
2022-09-15 18:25:15 INFO::Writing the significant results (those which are less than or equal to the threshold of 0.250000 ) to file (ordered by increasing q-values): CS-Facility-Analysis/OMIXER-RPM Results/CS_GMM/GMM-LumRef-CLR-Duodenum-ComBat-SeqRunSexType-1-MsID/significant_results.tsv
