2022-04-26 09:05:57 INFO::Writing function arguments to log file
2022-04-26 09:05:57 DEBUG::Function arguments
2022-04-26 09:05:57 DEBUG::Output folder: CLR-Colon-ComBat-Maaslin-SeqRunLineSexSiteType-1-MsID
2022-04-26 09:05:57 DEBUG::Min Abundance: 0.000000
2022-04-26 09:05:57 DEBUG::Min Prevalence: 0.100000
2022-04-26 09:05:57 DEBUG::Normalization: CLR
2022-04-26 09:05:57 DEBUG::Transform: NONE
2022-04-26 09:05:57 DEBUG::Analysis method: LM
2022-04-26 09:05:57 DEBUG::Max significance: 0.250000
2022-04-26 09:05:57 DEBUG::Random effects: MouseID_Line
2022-04-26 09:05:57 DEBUG::Fixed effects: Sequencing_Run,Line,Sex,Site,Type
2022-04-26 09:05:57 DEBUG::Correction method: BH
2022-04-26 09:05:57 DEBUG::Standardize: TRUE
2022-04-26 09:05:57 DEBUG::Cores: 1
2022-04-26 09:05:57 INFO::Verifying options selected are valid
2022-04-26 09:05:57 INFO::Determining format of input files
2022-04-26 09:05:57 INFO::Input format is data samples as columns and metadata samples as rows
2022-04-26 09:05:57 DEBUG::Transformed data so samples are rows
2022-04-26 09:05:57 DEBUG::A total of 89 samples were found in both the data and metadata
2022-04-26 09:05:57 DEBUG::Reordering data/metadata to use same sample ordering
2022-04-26 09:05:57 INFO::Formula for random effects: expr ~ (1 | MouseID_Line)
2022-04-26 09:05:57 INFO::Formula for fixed effects: expr ~  Sequencing_Run + Line + Sex + Site + Type
2022-04-26 09:05:57 INFO::Running selected normalization method: CLR
2022-04-26 09:05:57 INFO::Filter data based on min abundance and min prevalence
2022-04-26 09:05:57 INFO::Total samples in data: 89
2022-04-26 09:05:57 INFO::Min samples required with min abundance for a feature not to be filtered: 8.900000
2022-04-26 09:05:57 INFO::Total filtered features: 88
2022-04-26 09:05:57 INFO::Filtered feature names: ALL.CHORISMATE.PWY, ARGDEG.PWY, AST.PWY, BIOTIN.BIOSYNTHESIS.PWY, CENTFERM.PWY, ECASYN.PWY, ENTBACSYN.PWY, FAO.PWY, FASYN.INITIAL.PWY, GALACTARDEG.PWY, GLUCARDEG.PWY, GLUCARGALACTSUPER.PWY, GLUCOSE1PMETAB.PWY, GLYCOL.GLYOXDEG.PWY, GLYCOLYSIS.TCA.GLYOX.BYPASS, HCAMHPDEG.PWY, KDO.NAGLIPASYN.PWY, KETOGLUCONMET.PWY, LEU.DEG2.PWY, METHGLYUT.PWY, ORNARGDEG.PWY, ORNDEG.PWY, P105.PWY, P125.PWY, P163.PWY, PPGPPMET.PWY, PWY.4361, PWY.5005, PWY.5088, PWY.5177, PWY.5180, PWY.5182, PWY.5415, PWY.5507, PWY.5532, PWY.5676, PWY.5677, PWY.5705, PWY.5741, PWY.5747, PWY.5837, PWY.5845, PWY.5850, PWY.5855, PWY.5856, PWY.5857, PWY.5860, PWY.5862, PWY.5863, PWY.5896, PWY.5920, PWY.5971, PWY.5989, PWY.6071, PWY.6165, PWY.6282, PWY.6396, PWY.6470, PWY.6519, PWY.6572, PWY.6590, PWY.6629, PWY.6690, PWY.6708, PWY.6728, PWY.6749, PWY.7090, PWY.7094, PWY.7198, PWY.7210, PWY.7254, PWY.7431, PWY.7446, PWY.7527, PWY.7664, PWY0.1277, PWY0.1338, PWY0.1415, PWY0.1533, PWY0.321, PWY0.41, PWY0.42, PWY0.862, PWYG.321, REDCITCYC, TCA.GLYOX.BYPASS, THREOCAT.PWY, UBISYN.PWY
2022-04-26 09:05:57 INFO::Applying z-score to standardize continuous metadata
2022-04-26 09:05:57 INFO::Running selected transform method: NONE
2022-04-26 09:05:57 INFO::Running selected analysis method: LM
2022-04-26 09:05:57 INFO::Fitting model to feature number 1, X1CMET2.PWY
2022-04-26 09:05:58 INFO::Fitting model to feature number 2, ANAEROFRUCAT.PWY
2022-04-26 09:05:58 INFO::Fitting model to feature number 3, ANAGLYCOLYSIS.PWY
2022-04-26 09:05:58 INFO::Fitting model to feature number 4, ARG.POLYAMINE.SYN
2022-04-26 09:05:58 INFO::Fitting model to feature number 5, ARGORNPROST.PWY
2022-04-26 09:05:58 INFO::Fitting model to feature number 6, ARGSYN.PWY
2022-04-26 09:05:58 INFO::Fitting model to feature number 7, ARGSYNBSUB.PWY
2022-04-26 09:05:58 INFO::Fitting model to feature number 8, ARO.PWY
2022-04-26 09:05:58 INFO::Fitting model to feature number 9, ASPASN.PWY
2022-04-26 09:05:58 INFO::Fitting model to feature number 10, BRANCHED.CHAIN.AA.SYN.PWY
2022-04-26 09:05:58 INFO::Fitting model to feature number 11, CALVIN.PWY
2022-04-26 09:05:59 INFO::Fitting model to feature number 12, COA.PWY
2022-04-26 09:05:59 INFO::Fitting model to feature number 13, COBALSYN.PWY
2022-04-26 09:05:59 INFO::Fitting model to feature number 14, CODH.PWY
2022-04-26 09:05:59 INFO::Fitting model to feature number 15, COLANSYN.PWY
2022-04-26 09:05:59 INFO::Fitting model to feature number 16, COMPLETE.ARO.PWY
2022-04-26 09:05:59 INFO::Fitting model to feature number 17, DAPLYSINESYN.PWY
2022-04-26 09:05:59 INFO::Fitting model to feature number 18, DENOVOPURINE2.PWY
2022-04-26 09:05:59 INFO::Fitting model to feature number 19, DTDPRHAMSYN.PWY
2022-04-26 09:05:59 INFO::Fitting model to feature number 20, FASYN.ELONG.PWY
2022-04-26 09:05:59 INFO::Fitting model to feature number 21, FERMENTATION.PWY
2022-04-26 09:05:59 INFO::Fitting model to feature number 22, FOLSYN.PWY
2022-04-26 09:05:59 INFO::Fitting model to feature number 23, FUC.RHAMCAT.PWY
2022-04-26 09:05:59 INFO::Fitting model to feature number 24, FUCCAT.PWY
2022-04-26 09:05:59 INFO::Fitting model to feature number 25, GALACT.GLUCUROCAT.PWY
2022-04-26 09:05:59 INFO::Fitting model to feature number 26, GALACTUROCAT.PWY
2022-04-26 09:05:59 INFO::Fitting model to feature number 27, GLCMANNANAUT.PWY
2022-04-26 09:05:59 INFO::Fitting model to feature number 28, GLUCONEO.PWY
2022-04-26 09:05:59 INFO::Fitting model to feature number 29, GLUCUROCAT.PWY
2022-04-26 09:05:59 INFO::Fitting model to feature number 30, GLUTORN.PWY
2022-04-26 09:05:59 INFO::Fitting model to feature number 31, GLYCOCAT.PWY
2022-04-26 09:05:59 INFO::Fitting model to feature number 32, GLYCOGENSYNTH.PWY
2022-04-26 09:06:00 INFO::Fitting model to feature number 33, GLYCOLYSIS
2022-04-26 09:06:00 INFO::Fitting model to feature number 34, GLYCOLYSIS.E.D
2022-04-26 09:06:00 INFO::Fitting model to feature number 35, GLYOXYLATE.BYPASS
2022-04-26 09:06:00 INFO::Fitting model to feature number 36, GOLPDLCAT.PWY
2022-04-26 09:06:00 INFO::Fitting model to feature number 37, HEME.BIOSYNTHESIS.II
2022-04-26 09:06:00 INFO::Fitting model to feature number 38, HEMESYN2.PWY
2022-04-26 09:06:00 INFO::Fitting model to feature number 39, HEXITOLDEGSUPER.PWY
2022-04-26 09:06:00 INFO::Fitting model to feature number 40, HISDEG.PWY
2022-04-26 09:06:00 INFO::Fitting model to feature number 41, HISTSYN.PWY
2022-04-26 09:06:00 INFO::Fitting model to feature number 42, HOMOSER.METSYN.PWY
2022-04-26 09:06:00 INFO::Fitting model to feature number 43, HSERMETANA.PWY
2022-04-26 09:06:00 INFO::Fitting model to feature number 44, ILEUSYN.PWY
2022-04-26 09:06:00 INFO::Fitting model to feature number 45, LACTOSECAT.PWY
2022-04-26 09:06:00 INFO::Fitting model to feature number 46, MET.SAM.PWY
2022-04-26 09:06:00 INFO::Fitting model to feature number 47, METH.ACETATE.PWY
2022-04-26 09:06:00 INFO::Fitting model to feature number 48, NAD.BIOSYNTHESIS.II
2022-04-26 09:06:00 INFO::Fitting model to feature number 49, NAGLIPASYN.PWY
2022-04-26 09:06:00 INFO::Fitting model to feature number 50, NONMEVIPP.PWY
2022-04-26 09:06:00 INFO::Fitting model to feature number 51, NONOXIPENT.PWY
2022-04-26 09:06:00 INFO::Fitting model to feature number 52, OANTIGEN.PWY
2022-04-26 09:06:00 INFO::Fitting model to feature number 53, P108.PWY
2022-04-26 09:06:00 INFO::Fitting model to feature number 54, P122.PWY
2022-04-26 09:06:00 INFO::Fitting model to feature number 55, P124.PWY
2022-04-26 09:06:01 INFO::Fitting model to feature number 56, P161.PWY
2022-04-26 09:06:01 INFO::Fitting model to feature number 57, P162.PWY
2022-04-26 09:06:01 INFO::Fitting model to feature number 58, P164.PWY
2022-04-26 09:06:01 INFO::Fitting model to feature number 59, P23.PWY
2022-04-26 09:06:01 INFO::Fitting model to feature number 60, P341.PWY
2022-04-26 09:06:01 INFO::Fitting model to feature number 61, P4.PWY
2022-04-26 09:06:01 INFO::Fitting model to feature number 62, P42.PWY
2022-04-26 09:06:01 INFO::Fitting model to feature number 63, P441.PWY
2022-04-26 09:06:01 INFO::Fitting model to feature number 64, P461.PWY
2022-04-26 09:06:01 INFO::Fitting model to feature number 65, P562.PWY
2022-04-26 09:06:01 INFO::Fitting model to feature number 66, PANTO.PWY
2022-04-26 09:06:01 INFO::Fitting model to feature number 67, PANTOSYN.PWY
2022-04-26 09:06:01 INFO::Fitting model to feature number 68, PENTOSE.P.PWY
2022-04-26 09:06:01 INFO::Fitting model to feature number 69, PEPTIDOGLYCANSYN.PWY
2022-04-26 09:06:01 INFO::Fitting model to feature number 70, PHOSLIPSYN.PWY
2022-04-26 09:06:01 INFO::Fitting model to feature number 71, POLYAMINSYN3.PWY
2022-04-26 09:06:01 INFO::Fitting model to feature number 72, POLYAMSYN.PWY
2022-04-26 09:06:01 INFO::Fitting model to feature number 73, POLYISOPRENSYN.PWY
2022-04-26 09:06:01 INFO::Fitting model to feature number 74, PRPP.PWY
2022-04-26 09:06:01 INFO::Fitting model to feature number 75, PWY.1269
2022-04-26 09:06:01 INFO::Fitting model to feature number 76, PWY.1861
2022-04-26 09:06:01 INFO::Fitting model to feature number 77, PWY.2941
2022-04-26 09:06:01 INFO::Fitting model to feature number 78, PWY.2942
2022-04-26 09:06:02 INFO::Fitting model to feature number 79, PWY.3001
2022-04-26 09:06:02 INFO::Fitting model to feature number 80, PWY.3781
2022-04-26 09:06:02 INFO::Fitting model to feature number 81, PWY.4984
2022-04-26 09:06:02 INFO::Fitting model to feature number 82, PWY.5022
2022-04-26 09:06:02 INFO::Fitting model to feature number 83, PWY.5097
2022-04-26 09:06:02 INFO::Fitting model to feature number 84, PWY.5100
2022-04-26 09:06:02 INFO::Fitting model to feature number 85, PWY.5101
2022-04-26 09:06:02 INFO::Fitting model to feature number 86, PWY.5103
2022-04-26 09:06:02 INFO::Fitting model to feature number 87, PWY.5104
2022-04-26 09:06:02 INFO::Fitting model to feature number 88, PWY.5121
2022-04-26 09:06:02 INFO::Fitting model to feature number 89, PWY.5154
2022-04-26 09:06:02 INFO::Fitting model to feature number 90, PWY.5188
2022-04-26 09:06:02 INFO::Fitting model to feature number 91, PWY.5189
2022-04-26 09:06:02 INFO::Fitting model to feature number 92, PWY.5265
2022-04-26 09:06:02 INFO::Fitting model to feature number 93, PWY.5304
2022-04-26 09:06:02 INFO::Fitting model to feature number 94, PWY.5345
2022-04-26 09:06:02 INFO::Fitting model to feature number 95, PWY.5347
2022-04-26 09:06:02 INFO::Fitting model to feature number 96, PWY.5384
2022-04-26 09:06:02 INFO::Fitting model to feature number 97, PWY.5484
2022-04-26 09:06:02 INFO::Fitting model to feature number 98, PWY.5505
2022-04-26 09:06:02 INFO::Fitting model to feature number 99, PWY.5509
2022-04-26 09:06:02 INFO::Fitting model to feature number 100, PWY.5659
2022-04-26 09:06:03 INFO::Fitting model to feature number 101, PWY.5667
2022-04-26 09:06:03 INFO::Fitting model to feature number 102, PWY.5686
2022-04-26 09:06:03 INFO::Fitting model to feature number 103, PWY.5695
2022-04-26 09:06:03 INFO::Fitting model to feature number 104, PWY.5838
2022-04-26 09:06:03 INFO::Fitting model to feature number 105, PWY.5840
2022-04-26 09:06:03 INFO::Fitting model to feature number 106, PWY.5861
2022-04-26 09:06:03 INFO::Fitting model to feature number 107, PWY.5897
2022-04-26 09:06:03 INFO::Fitting model to feature number 108, PWY.5898
2022-04-26 09:06:03 INFO::Fitting model to feature number 109, PWY.5899
2022-04-26 09:06:03 INFO::Fitting model to feature number 110, PWY.5910
2022-04-26 09:06:03 INFO::Fitting model to feature number 111, PWY.5913
2022-04-26 09:06:03 INFO::Fitting model to feature number 112, PWY.5918
2022-04-26 09:06:03 INFO::Fitting model to feature number 113, PWY.5973
2022-04-26 09:06:03 INFO::Fitting model to feature number 114, PWY.6121
2022-04-26 09:06:03 INFO::Fitting model to feature number 115, PWY.6122
2022-04-26 09:06:03 INFO::Fitting model to feature number 116, PWY.6123
2022-04-26 09:06:03 INFO::Fitting model to feature number 117, PWY.6125
2022-04-26 09:06:03 INFO::Fitting model to feature number 118, PWY.6126
2022-04-26 09:06:03 INFO::Fitting model to feature number 119, PWY.6147
2022-04-26 09:06:03 INFO::Fitting model to feature number 120, PWY.6151
2022-04-26 09:06:04 INFO::Fitting model to feature number 121, PWY.6163
2022-04-26 09:06:04 INFO::Fitting model to feature number 122, PWY.621
2022-04-26 09:06:04 INFO::Fitting model to feature number 123, PWY.6263
2022-04-26 09:06:04 INFO::Fitting model to feature number 124, PWY.6269
2022-04-26 09:06:04 INFO::Fitting model to feature number 125, PWY.6277
2022-04-26 09:06:04 INFO::Fitting model to feature number 126, PWY.6317
2022-04-26 09:06:04 INFO::Fitting model to feature number 127, PWY.6353
2022-04-26 09:06:04 INFO::Fitting model to feature number 128, PWY.6385
2022-04-26 09:06:04 INFO::Fitting model to feature number 129, PWY.6386
2022-04-26 09:06:04 INFO::Fitting model to feature number 130, PWY.6387
2022-04-26 09:06:04 INFO::Fitting model to feature number 131, PWY.6467
2022-04-26 09:06:04 INFO::Fitting model to feature number 132, PWY.6471
2022-04-26 09:06:04 INFO::Fitting model to feature number 133, PWY.6478
2022-04-26 09:06:04 INFO::Fitting model to feature number 134, PWY.6507
2022-04-26 09:06:04 INFO::Fitting model to feature number 135, PWY.6545
2022-04-26 09:06:04 INFO::Fitting model to feature number 136, PWY.6588
2022-04-26 09:06:04 INFO::Fitting model to feature number 137, PWY.6608
2022-04-26 09:06:04 INFO::Fitting model to feature number 138, PWY.6609
2022-04-26 09:06:04 INFO::Fitting model to feature number 139, PWY.6612
2022-04-26 09:06:04 INFO::Fitting model to feature number 140, PWY.6628
2022-04-26 09:06:04 INFO::Fitting model to feature number 141, PWY.6630
2022-04-26 09:06:04 INFO::Fitting model to feature number 142, PWY.6700
2022-04-26 09:06:04 INFO::Fitting model to feature number 143, PWY.6703
2022-04-26 09:06:05 INFO::Fitting model to feature number 144, PWY.6737
2022-04-26 09:06:05 INFO::Fitting model to feature number 145, PWY.6891
2022-04-26 09:06:05 INFO::Fitting model to feature number 146, PWY.6892
2022-04-26 09:06:05 INFO::Fitting model to feature number 147, PWY.6895
2022-04-26 09:06:05 INFO::Fitting model to feature number 148, PWY.6897
2022-04-26 09:06:05 INFO::Fitting model to feature number 149, PWY.6901
2022-04-26 09:06:05 INFO::Fitting model to feature number 150, PWY.6969
2022-04-26 09:06:05 INFO::Fitting model to feature number 151, PWY.7003
2022-04-26 09:06:05 INFO::Fitting model to feature number 152, PWY.7013
2022-04-26 09:06:05 INFO::Fitting model to feature number 153, PWY.7111
2022-04-26 09:06:05 INFO::Fitting model to feature number 154, PWY.7184
2022-04-26 09:06:05 INFO::Fitting model to feature number 155, PWY.7187
2022-04-26 09:06:05 INFO::Fitting model to feature number 156, PWY.7196
2022-04-26 09:06:05 INFO::Fitting model to feature number 157, PWY.7197
2022-04-26 09:06:05 INFO::Fitting model to feature number 158, PWY.7199
2022-04-26 09:06:05 INFO::Fitting model to feature number 159, PWY.7200
2022-04-26 09:06:05 INFO::Fitting model to feature number 160, PWY.7208
2022-04-26 09:06:05 INFO::Fitting model to feature number 161, PWY.7211
2022-04-26 09:06:05 INFO::Fitting model to feature number 162, PWY.7219
2022-04-26 09:06:05 INFO::Fitting model to feature number 163, PWY.7220
2022-04-26 09:06:05 INFO::Fitting model to feature number 164, PWY.7221
2022-04-26 09:06:05 INFO::Fitting model to feature number 165, PWY.7222
2022-04-26 09:06:05 INFO::Fitting model to feature number 166, PWY.7228
2022-04-26 09:06:06 INFO::Fitting model to feature number 167, PWY.7229
2022-04-26 09:06:06 INFO::Fitting model to feature number 168, PWY.7234
2022-04-26 09:06:06 INFO::Fitting model to feature number 169, PWY.7237
2022-04-26 09:06:06 INFO::Fitting model to feature number 170, PWY.7242
2022-04-26 09:06:06 INFO::Fitting model to feature number 171, PWY.7315
2022-04-26 09:06:06 INFO::Fitting model to feature number 172, PWY.7323
2022-04-26 09:06:06 INFO::Fitting model to feature number 173, PWY.7328
2022-04-26 09:06:06 INFO::Fitting model to feature number 174, PWY.7332
2022-04-26 09:06:06 INFO::Fitting model to feature number 175, PWY.7371
2022-04-26 09:06:06 INFO::Fitting model to feature number 176, PWY.7374
2022-04-26 09:06:06 INFO::Fitting model to feature number 177, PWY.7377
2022-04-26 09:06:06 INFO::Fitting model to feature number 178, PWY.7392
2022-04-26 09:06:06 INFO::Fitting model to feature number 179, PWY.7400
2022-04-26 09:06:06 INFO::Fitting model to feature number 180, PWY.7456
2022-04-26 09:06:06 INFO::Fitting model to feature number 181, PWY.7539
2022-04-26 09:06:06 INFO::Fitting model to feature number 182, PWY.7560
2022-04-26 09:06:06 INFO::Fitting model to feature number 183, PWY.7663
2022-04-26 09:06:06 INFO::Fitting model to feature number 184, PWY.841
2022-04-26 09:06:06 INFO::Fitting model to feature number 185, PWY.922
2022-04-26 09:06:06 INFO::Fitting model to feature number 186, PWY0.1061
2022-04-26 09:06:06 INFO::Fitting model to feature number 187, PWY0.1241
2022-04-26 09:06:06 INFO::Fitting model to feature number 188, PWY0.1261
2022-04-26 09:06:06 INFO::Fitting model to feature number 189, PWY0.1296
2022-04-26 09:06:07 INFO::Fitting model to feature number 190, PWY0.1297
2022-04-26 09:06:07 INFO::Fitting model to feature number 191, PWY0.1298
2022-04-26 09:06:07 INFO::Fitting model to feature number 192, PWY0.1319
2022-04-26 09:06:07 INFO::Fitting model to feature number 193, PWY0.1479
2022-04-26 09:06:07 INFO::Fitting model to feature number 194, PWY0.1586
2022-04-26 09:06:07 INFO::Fitting model to feature number 195, PWY0.162
2022-04-26 09:06:07 INFO::Fitting model to feature number 196, PWY0.166
2022-04-26 09:06:07 INFO::Fitting model to feature number 197, PWY0.781
2022-04-26 09:06:07 INFO::Fitting model to feature number 198, PWY0.845
2022-04-26 09:06:07 INFO::Fitting model to feature number 199, PWY490.3
2022-04-26 09:06:07 INFO::Fitting model to feature number 200, PWY4FS.7
2022-04-26 09:06:07 INFO::Fitting model to feature number 201, PWY4FS.8
2022-04-26 09:06:07 INFO::Fitting model to feature number 202, PYRIDNUCSAL.PWY
2022-04-26 09:06:07 INFO::Fitting model to feature number 203, PYRIDNUCSYN.PWY
2022-04-26 09:06:07 INFO::Fitting model to feature number 204, PYRIDOXSYN.PWY
2022-04-26 09:06:07 INFO::Fitting model to feature number 205, RHAMCAT.PWY
2022-04-26 09:06:07 INFO::Fitting model to feature number 206, RIBOSYN2.PWY
2022-04-26 09:06:07 INFO::Fitting model to feature number 207, RUMP.PWY
2022-04-26 09:06:07 INFO::Fitting model to feature number 208, SALVADEHYPOX.PWY
2022-04-26 09:06:07 INFO::Fitting model to feature number 209, SER.GLYSYN.PWY
2022-04-26 09:06:07 INFO::Fitting model to feature number 210, SO4ASSIM.PWY
2022-04-26 09:06:07 INFO::Fitting model to feature number 211, SULFATE.CYS.PWY
2022-04-26 09:06:07 INFO::Fitting model to feature number 212, TCA
2022-04-26 09:06:08 INFO::Fitting model to feature number 213, TEICHOICACID.PWY
2022-04-26 09:06:08 INFO::Fitting model to feature number 214, THISYN.PWY
2022-04-26 09:06:08 INFO::Fitting model to feature number 215, THRESYN.PWY
2022-04-26 09:06:08 INFO::Fitting model to feature number 216, TRNA.CHARGING.PWY
2022-04-26 09:06:08 INFO::Fitting model to feature number 217, TRPSYN.PWY
2022-04-26 09:06:08 INFO::Fitting model to feature number 218, UDPNAGSYN.PWY
2022-04-26 09:06:08 INFO::Fitting model to feature number 219, VALSYN.PWY
2022-04-26 09:06:08 INFO::Counting total values for each feature
2022-04-26 09:06:08 WARNING::Deleting existing residuals file: CLR-Colon-ComBat-Maaslin-SeqRunLineSexSiteType-1-MsID/residuals.rds
2022-04-26 09:06:08 INFO::Writing residuals to file CLR-Colon-ComBat-Maaslin-SeqRunLineSexSiteType-1-MsID/residuals.rds
2022-04-26 09:06:08 INFO::Writing all results to file (ordered by increasing q-values): CLR-Colon-ComBat-Maaslin-SeqRunLineSexSiteType-1-MsID/all_results.tsv
2022-04-26 09:06:08 INFO::Writing the significant results (those which are less than or equal to the threshold of 0.250000 ) to file (ordered by increasing q-values): CLR-Colon-ComBat-Maaslin-SeqRunLineSexSiteType-1-MsID/significant_results.tsv
2022-04-26 09:06:08 INFO::Writing heatmap of significant results to file: CLR-Colon-ComBat-Maaslin-SeqRunLineSexSiteType-1-MsID/heatmap.pdf
2022-04-26 09:06:08 INFO::Writing association plots (one for each significant association) to output folder: CLR-Colon-ComBat-Maaslin-SeqRunLineSexSiteType-1-MsID
2022-04-26 09:06:08 INFO::Plotting associations from most to least significant, grouped by metadata
2022-04-26 09:06:08 INFO::Plotting data for metadata number 1, Type
2022-04-26 09:06:08 INFO::Creating boxplot for categorical data, Type vs PYRIDOXSYN.PWY
2022-04-26 09:06:08 INFO::Creating boxplot for categorical data, Type vs PWY0.845
2022-04-26 09:06:08 INFO::Creating boxplot for categorical data, Type vs PWY.7211
2022-04-26 09:06:08 INFO::Creating boxplot for categorical data, Type vs PWY.5154
2022-04-26 09:06:09 INFO::Creating boxplot for categorical data, Type vs PRPP.PWY
2022-04-26 09:06:09 INFO::Creating boxplot for categorical data, Type vs PWY.6891
2022-04-26 09:06:09 INFO::Creating boxplot for categorical data, Type vs PWY.4984
2022-04-26 09:06:09 INFO::Creating boxplot for categorical data, Type vs P23.PWY
2022-04-26 09:06:09 INFO::Creating boxplot for categorical data, Type vs PWY.6895
2022-04-26 09:06:09 INFO::Creating boxplot for categorical data, Type vs PWY.7456
2022-04-26 09:06:09 INFO::Creating boxplot for categorical data, Type vs PWY.5695
2022-04-26 09:06:09 INFO::Creating boxplot for categorical data, Type vs P108.PWY
2022-04-26 09:06:09 INFO::Creating boxplot for categorical data, Type vs COLANSYN.PWY
2022-04-26 09:06:09 INFO::Creating boxplot for categorical data, Type vs NAGLIPASYN.PWY
2022-04-26 09:06:09 INFO::Creating boxplot for categorical data, Type vs FERMENTATION.PWY
2022-04-26 09:06:09 INFO::Creating boxplot for categorical data, Type vs PWY.6467
2022-04-26 09:06:10 INFO::Creating boxplot for categorical data, Type vs PWY.1269
2022-04-26 09:06:10 INFO::Creating boxplot for categorical data, Type vs HISDEG.PWY
2022-04-26 09:06:10 INFO::Creating boxplot for categorical data, Type vs HEME.BIOSYNTHESIS.II
2022-04-26 09:06:10 INFO::Creating boxplot for categorical data, Type vs PWY.5918
2022-04-26 09:06:10 INFO::Creating boxplot for categorical data, Type vs TEICHOICACID.PWY
2022-04-26 09:06:10 INFO::Creating boxplot for categorical data, Type vs PWY.6628
2022-04-26 09:06:10 INFO::Creating boxplot for categorical data, Type vs PWY.7323
2022-04-26 09:06:10 INFO::Creating boxplot for categorical data, Type vs PWY.6630
2022-04-26 09:06:10 INFO::Creating boxplot for categorical data, Type vs P162.PWY
2022-04-26 09:06:10 INFO::Creating boxplot for categorical data, Type vs HOMOSER.METSYN.PWY
2022-04-26 09:06:10 INFO::Creating boxplot for categorical data, Type vs PWY.6545
2022-04-26 09:06:10 INFO::Creating boxplot for categorical data, Type vs MET.SAM.PWY
2022-04-26 09:06:11 INFO::Creating boxplot for categorical data, Type vs PWY.7377
2022-04-26 09:06:11 INFO::Creating boxplot for categorical data, Type vs THISYN.PWY
2022-04-26 09:06:11 INFO::Creating boxplot for categorical data, Type vs GOLPDLCAT.PWY
2022-04-26 09:06:11 INFO::Creating boxplot for categorical data, Type vs P42.PWY
2022-04-26 09:06:11 INFO::Creating boxplot for categorical data, Type vs PWY.5347
2022-04-26 09:06:11 INFO::Creating boxplot for categorical data, Type vs PWY.5345
2022-04-26 09:06:11 INFO::Creating boxplot for categorical data, Type vs PWY.6478
2022-04-26 09:06:11 INFO::Creating boxplot for categorical data, Type vs PWY0.1261
2022-04-26 09:06:11 INFO::Creating boxplot for categorical data, Type vs COBALSYN.PWY
2022-04-26 09:06:11 INFO::Creating boxplot for categorical data, Type vs PWY.5022
2022-04-26 09:06:11 INFO::Creating boxplot for categorical data, Type vs P562.PWY
2022-04-26 09:06:12 INFO::Creating boxplot for categorical data, Type vs PWY.6901
2022-04-26 09:06:12 INFO::Creating boxplot for categorical data, Type vs PWY.7539
2022-04-26 09:06:12 INFO::Creating boxplot for categorical data, Type vs PWY.6147
2022-04-26 09:06:12 INFO::Creating boxplot for categorical data, Type vs PWY.6969
2022-04-26 09:06:12 INFO::Creating boxplot for categorical data, Type vs PWY.5509
2022-04-26 09:06:12 INFO::Creating boxplot for categorical data, Type vs ARGSYNBSUB.PWY
2022-04-26 09:06:12 INFO::Creating boxplot for categorical data, Type vs PWY0.1241
2022-04-26 09:06:12 INFO::Creating boxplot for categorical data, Type vs PWY.6269
2022-04-26 09:06:12 INFO::Creating boxplot for categorical data, Type vs PWY.7013
2022-04-26 09:06:12 INFO::Creating boxplot for categorical data, Type vs PWY.6507
2022-04-26 09:06:12 INFO::Creating boxplot for categorical data, Type vs GLUTORN.PWY
2022-04-26 09:06:13 INFO::Creating boxplot for categorical data, Type vs PWY.6897
2022-04-26 09:06:13 INFO::Creating boxplot for categorical data, Type vs PWY.5505
2022-04-26 09:06:13 INFO::Creating boxplot for categorical data, Type vs GLYOXYLATE.BYPASS
2022-04-26 09:06:13 INFO::Creating boxplot for categorical data, Type vs TRPSYN.PWY
2022-04-26 09:06:13 INFO::Creating boxplot for categorical data, Type vs ARGORNPROST.PWY
2022-04-26 09:06:13 INFO::Creating boxplot for categorical data, Type vs PWY.5304
2022-04-26 09:06:13 INFO::Creating boxplot for categorical data, Type vs PWY.7374
2022-04-26 09:06:13 INFO::Creating boxplot for categorical data, Type vs PWY0.781
2022-04-26 09:06:13 INFO::Creating boxplot for categorical data, Type vs NONOXIPENT.PWY
2022-04-26 09:06:13 INFO::Creating boxplot for categorical data, Type vs HSERMETANA.PWY
2022-04-26 09:06:13 INFO::Creating boxplot for categorical data, Type vs PWY.7220
2022-04-26 09:06:14 INFO::Creating boxplot for categorical data, Type vs PWY.7222
2022-04-26 09:06:14 INFO::Creating boxplot for categorical data, Type vs COMPLETE.ARO.PWY
2022-04-26 09:06:14 INFO::Creating boxplot for categorical data, Type vs ARGSYN.PWY
2022-04-26 09:06:14 INFO::Creating boxplot for categorical data, Type vs PWY.7332
2022-04-26 09:06:14 INFO::Creating boxplot for categorical data, Type vs PWY.7400
2022-04-26 09:06:14 INFO::Creating boxplot for categorical data, Type vs ARO.PWY
2022-04-26 09:06:14 INFO::Plotting data for metadata number 2, Line
2022-04-26 09:06:14 INFO::Creating boxplot for categorical data, Line vs PWY.6901
2022-04-26 09:06:14 INFO::Creating boxplot for categorical data, Line vs P23.PWY
2022-04-26 09:06:15 INFO::Creating boxplot for categorical data, Line vs PWY.4984
2022-04-26 09:06:15 INFO::Creating boxplot for categorical data, Line vs PWY.6478
2022-04-26 09:06:15 INFO::Creating boxplot for categorical data, Line vs ARG.POLYAMINE.SYN
2022-04-26 09:06:15 INFO::Creating boxplot for categorical data, Line vs PWY.1861
2022-04-26 09:06:15 INFO::Creating boxplot for categorical data, Line vs POLYAMSYN.PWY
2022-04-26 09:06:15 INFO::Creating boxplot for categorical data, Line vs GLUCUROCAT.PWY
2022-04-26 09:06:15 INFO::Creating boxplot for categorical data, Line vs FUC.RHAMCAT.PWY
2022-04-26 09:06:15 INFO::Creating boxplot for categorical data, Line vs GALACT.GLUCUROCAT.PWY
2022-04-26 09:06:15 INFO::Creating boxplot for categorical data, Line vs RUMP.PWY
2022-04-26 09:06:15 INFO::Creating boxplot for categorical data, Line vs GALACTUROCAT.PWY
2022-04-26 09:06:15 INFO::Creating boxplot for categorical data, Line vs NAD.BIOSYNTHESIS.II
2022-04-26 09:06:16 INFO::Creating boxplot for categorical data, Line vs POLYAMINSYN3.PWY
2022-04-26 09:06:16 INFO::Creating boxplot for categorical data, Line vs PWY.6353
2022-04-26 09:06:16 INFO::Creating boxplot for categorical data, Line vs PWY.7242
2022-04-26 09:06:16 INFO::Creating boxplot for categorical data, Line vs PWY0.1261
2022-04-26 09:06:16 INFO::Creating boxplot for categorical data, Line vs P164.PWY
2022-04-26 09:06:16 INFO::Creating boxplot for categorical data, Line vs FUCCAT.PWY
2022-04-26 09:06:16 INFO::Creating boxplot for categorical data, Line vs PWY.6608
2022-04-26 09:06:16 INFO::Creating boxplot for categorical data, Line vs SULFATE.CYS.PWY
2022-04-26 09:06:16 INFO::Creating boxplot for categorical data, Line vs METH.ACETATE.PWY
2022-04-26 09:06:16 INFO::Creating boxplot for categorical data, Line vs PWY0.845
2022-04-26 09:06:16 INFO::Creating boxplot for categorical data, Line vs PWY0.1061
2022-04-26 09:06:17 INFO::Creating boxplot for categorical data, Line vs PYRIDOXSYN.PWY
2022-04-26 09:06:17 INFO::Creating boxplot for categorical data, Line vs SALVADEHYPOX.PWY
2022-04-26 09:06:17 INFO::Creating boxplot for categorical data, Line vs PWY.6612
2022-04-26 09:06:17 INFO::Creating boxplot for categorical data, Line vs PWY.6507
2022-04-26 09:06:17 INFO::Creating boxplot for categorical data, Line vs SO4ASSIM.PWY
2022-04-26 09:06:17 INFO::Creating boxplot for categorical data, Line vs FERMENTATION.PWY
2022-04-26 09:06:17 INFO::Creating boxplot for categorical data, Line vs FOLSYN.PWY
2022-04-26 09:06:17 INFO::Creating boxplot for categorical data, Line vs PWY.5913
2022-04-26 09:06:17 INFO::Creating boxplot for categorical data, Line vs PWY.7539
2022-04-26 09:06:17 INFO::Creating boxplot for categorical data, Line vs PWY.7456
2022-04-26 09:06:18 INFO::Creating boxplot for categorical data, Line vs PWY.7371
2022-04-26 09:06:18 INFO::Creating boxplot for categorical data, Line vs PWY.6147
2022-04-26 09:06:18 INFO::Creating boxplot for categorical data, Line vs ARGORNPROST.PWY
2022-04-26 09:06:18 INFO::Creating boxplot for categorical data, Line vs PWY0.1479
2022-04-26 09:06:18 INFO::Creating boxplot for categorical data, Line vs CODH.PWY
2022-04-26 09:06:18 INFO::Creating boxplot for categorical data, Line vs PWY.6263
2022-04-26 09:06:18 INFO::Creating boxplot for categorical data, Line vs PWY.5695
2022-04-26 09:06:18 INFO::Creating boxplot for categorical data, Line vs HEXITOLDEGSUPER.PWY
2022-04-26 09:06:18 INFO::Creating boxplot for categorical data, Line vs P341.PWY
2022-04-26 09:06:18 INFO::Creating boxplot for categorical data, Line vs HISDEG.PWY
2022-04-26 09:06:18 INFO::Creating boxplot for categorical data, Line vs PYRIDNUCSAL.PWY
2022-04-26 09:06:19 INFO::Creating boxplot for categorical data, Line vs ASPASN.PWY
2022-04-26 09:06:19 INFO::Creating boxplot for categorical data, Line vs PENTOSE.P.PWY
2022-04-26 09:06:19 INFO::Creating boxplot for categorical data, Line vs PWY490.3
2022-04-26 09:06:19 INFO::Creating boxplot for categorical data, Line vs PWY.5505
2022-04-26 09:06:19 INFO::Creating boxplot for categorical data, Line vs PWY.6737
2022-04-26 09:06:19 INFO::Creating boxplot for categorical data, Line vs RHAMCAT.PWY
2022-04-26 09:06:19 INFO::Creating boxplot for categorical data, Line vs RIBOSYN2.PWY
2022-04-26 09:06:19 INFO::Creating boxplot for categorical data, Line vs GLYCOCAT.PWY
2022-04-26 09:06:19 INFO::Creating boxplot for categorical data, Line vs TCA
2022-04-26 09:06:19 INFO::Creating boxplot for categorical data, Line vs PWY.7328
2022-04-26 09:06:20 INFO::Creating boxplot for categorical data, Line vs PWY.7332
2022-04-26 09:06:20 INFO::Creating boxplot for categorical data, Line vs PWY.6588
2022-04-26 09:06:20 INFO::Creating boxplot for categorical data, Line vs PWY.7237
2022-04-26 09:06:20 INFO::Creating boxplot for categorical data, Line vs COLANSYN.PWY
2022-04-26 09:06:20 INFO::Creating boxplot for categorical data, Line vs PWY.7111
2022-04-26 09:06:20 INFO::Creating boxplot for categorical data, Line vs PWY.7374
2022-04-26 09:06:20 INFO::Creating boxplot for categorical data, Line vs P162.PWY
2022-04-26 09:06:20 INFO::Creating boxplot for categorical data, Line vs X1CMET2.PWY
2022-04-26 09:06:20 INFO::Creating boxplot for categorical data, Line vs ANAEROFRUCAT.PWY
2022-04-26 09:06:20 INFO::Creating boxplot for categorical data, Line vs NONOXIPENT.PWY
2022-04-26 09:06:20 INFO::Creating boxplot for categorical data, Line vs P562.PWY
2022-04-26 09:06:21 INFO::Creating boxplot for categorical data, Line vs PWY.6897
2022-04-26 09:06:21 INFO::Creating boxplot for categorical data, Line vs PWY.5104
2022-04-26 09:06:21 INFO::Creating boxplot for categorical data, Line vs GLYCOLYSIS
2022-04-26 09:06:21 INFO::Plotting data for metadata number 3, Site
2022-04-26 09:06:21 INFO::Creating boxplot for categorical data, Site vs P341.PWY
2022-04-26 09:06:21 INFO::Creating boxplot for categorical data, Site vs P341.PWY
2022-04-26 09:06:22 INFO::Creating boxplot for categorical data, Site vs COBALSYN.PWY
2022-04-26 09:06:22 INFO::Creating boxplot for categorical data, Site vs PWY.5188
2022-04-26 09:06:22 INFO::Creating boxplot for categorical data, Site vs PWY.5509
2022-04-26 09:06:22 INFO::Creating boxplot for categorical data, Site vs PWY.6269
2022-04-26 09:06:22 INFO::Creating boxplot for categorical data, Site vs PWY.5188
2022-04-26 09:06:22 INFO::Creating boxplot for categorical data, Site vs PWY.5189
2022-04-26 09:06:22 INFO::Creating boxplot for categorical data, Site vs PWY.6545
2022-04-26 09:06:22 INFO::Creating boxplot for categorical data, Site vs COBALSYN.PWY
2022-04-26 09:06:22 INFO::Creating boxplot for categorical data, Site vs PWY.5189
2022-04-26 09:06:22 INFO::Creating boxplot for categorical data, Site vs PWY.5304
2022-04-26 09:06:23 INFO::Creating boxplot for categorical data, Site vs PWY.5509
2022-04-26 09:06:23 INFO::Creating boxplot for categorical data, Site vs PWY.6269
2022-04-26 09:06:23 INFO::Creating boxplot for categorical data, Site vs PWY.7315
2022-04-26 09:06:23 INFO::Creating boxplot for categorical data, Site vs PWY.7374
2022-04-26 09:06:23 INFO::Creating boxplot for categorical data, Site vs PWY.5347
2022-04-26 09:06:23 INFO::Creating boxplot for categorical data, Site vs PWY.7371
2022-04-26 09:06:23 INFO::Creating boxplot for categorical data, Site vs PWY.3781
2022-04-26 09:06:23 INFO::Creating boxplot for categorical data, Site vs HOMOSER.METSYN.PWY
2022-04-26 09:06:23 INFO::Creating boxplot for categorical data, Site vs POLYAMINSYN3.PWY
2022-04-26 09:06:23 INFO::Creating boxplot for categorical data, Site vs PYRIDNUCSAL.PWY
2022-04-26 09:06:24 INFO::Creating boxplot for categorical data, Site vs P162.PWY
2022-04-26 09:06:24 INFO::Creating boxplot for categorical data, Site vs ARGSYNBSUB.PWY
2022-04-26 09:06:24 INFO::Creating boxplot for categorical data, Site vs MET.SAM.PWY
2022-04-26 09:06:24 INFO::Creating boxplot for categorical data, Site vs P162.PWY
2022-04-26 09:06:24 INFO::Creating boxplot for categorical data, Site vs PWY.6263
2022-04-26 09:06:24 INFO::Creating boxplot for categorical data, Site vs PWY.6478
2022-04-26 09:06:24 INFO::Creating boxplot for categorical data, Site vs GLUTORN.PWY
2022-04-26 09:06:24 INFO::Creating boxplot for categorical data, Site vs PWY0.845
2022-04-26 09:06:24 INFO::Creating boxplot for categorical data, Site vs PYRIDOXSYN.PWY
2022-04-26 09:06:25 INFO::Creating boxplot for categorical data, Site vs PWY0.781
2022-04-26 09:06:25 INFO::Creating boxplot for categorical data, Site vs P4.PWY
2022-04-26 09:06:25 INFO::Creating boxplot for categorical data, Site vs ARGSYNBSUB.PWY
2022-04-26 09:06:25 INFO::Creating boxplot for categorical data, Site vs ARGSYN.PWY
2022-04-26 09:06:25 INFO::Creating boxplot for categorical data, Site vs PWY.7400
2022-04-26 09:06:25 INFO::Creating boxplot for categorical data, Site vs GLUTORN.PWY
2022-04-26 09:06:25 INFO::Creating boxplot for categorical data, Site vs PWY.5505
2022-04-26 09:06:25 INFO::Creating boxplot for categorical data, Site vs PWY.6588
2022-04-26 09:06:25 INFO::Creating boxplot for categorical data, Site vs PWY.6897
2022-04-26 09:06:26 INFO::Creating boxplot for categorical data, Site vs PWY.6163
2022-04-26 09:06:26 INFO::Creating boxplot for categorical data, Site vs PWY.6895
2022-04-26 09:06:26 INFO::Creating boxplot for categorical data, Site vs ARGSYN.PWY
2022-04-26 09:06:26 INFO::Creating boxplot for categorical data, Site vs NAD.BIOSYNTHESIS.II
2022-04-26 09:06:26 INFO::Creating boxplot for categorical data, Site vs PWY.7111
2022-04-26 09:06:26 INFO::Creating boxplot for categorical data, Site vs ARO.PWY
2022-04-26 09:06:26 INFO::Creating boxplot for categorical data, Site vs PWY.7111
2022-04-26 09:06:26 INFO::Creating boxplot for categorical data, Site vs PWY.7400
2022-04-26 09:06:26 INFO::Creating boxplot for categorical data, Site vs COMPLETE.ARO.PWY
2022-04-26 09:06:26 INFO::Creating boxplot for categorical data, Site vs PWY.5104
2022-04-26 09:06:26 INFO::Creating boxplot for categorical data, Site vs ARG.POLYAMINE.SYN
2022-04-26 09:06:27 INFO::Creating boxplot for categorical data, Site vs PWY.6901
2022-04-26 09:06:27 INFO::Creating boxplot for categorical data, Site vs ILEUSYN.PWY
2022-04-26 09:06:27 INFO::Creating boxplot for categorical data, Site vs VALSYN.PWY
2022-04-26 09:06:27 INFO::Creating boxplot for categorical data, Site vs HEXITOLDEGSUPER.PWY
2022-04-26 09:06:27 INFO::Creating boxplot for categorical data, Site vs ILEUSYN.PWY
2022-04-26 09:06:27 INFO::Creating boxplot for categorical data, Site vs POLYAMSYN.PWY
2022-04-26 09:06:27 INFO::Creating boxplot for categorical data, Site vs PWY.5101
2022-04-26 09:06:27 INFO::Creating boxplot for categorical data, Site vs PWY.7332
2022-04-26 09:06:27 INFO::Creating boxplot for categorical data, Site vs VALSYN.PWY
2022-04-26 09:06:27 INFO::Creating boxplot for categorical data, Site vs PWY.5101
2022-04-26 09:06:27 INFO::Creating boxplot for categorical data, Site vs PWY.5103
2022-04-26 09:06:27 INFO::Creating boxplot for categorical data, Site vs TRPSYN.PWY
2022-04-26 09:06:28 INFO::Creating boxplot for categorical data, Site vs DAPLYSINESYN.PWY
2022-04-26 09:06:28 INFO::Creating boxplot for categorical data, Site vs ARO.PWY
2022-04-26 09:06:28 INFO::Creating boxplot for categorical data, Site vs COMPLETE.ARO.PWY
2022-04-26 09:06:28 INFO::Creating boxplot for categorical data, Site vs GALACT.GLUCUROCAT.PWY
2022-04-26 09:06:28 INFO::Creating boxplot for categorical data, Site vs GALACTUROCAT.PWY
2022-04-26 09:06:28 INFO::Creating boxplot for categorical data, Site vs GLUCUROCAT.PWY
2022-04-26 09:06:28 INFO::Creating boxplot for categorical data, Site vs GLYOXYLATE.BYPASS
2022-04-26 09:06:28 INFO::Creating boxplot for categorical data, Site vs NONMEVIPP.PWY
2022-04-26 09:06:28 INFO::Creating boxplot for categorical data, Site vs PWY.5265
2022-04-26 09:06:28 INFO::Creating boxplot for categorical data, Site vs PWY.6163
2022-04-26 09:06:29 INFO::Creating boxplot for categorical data, Site vs PWY.6545
2022-04-26 09:06:29 INFO::Creating boxplot for categorical data, Site vs PWY.6891
2022-04-26 09:06:29 INFO::Creating boxplot for categorical data, Site vs PWY.7560
2022-04-26 09:06:29 INFO::Creating boxplot for categorical data, Site vs BRANCHED.CHAIN.AA.SYN.PWY
2022-04-26 09:06:29 INFO::Creating boxplot for categorical data, Site vs PWY.5103
2022-04-26 09:06:29 INFO::Creating boxplot for categorical data, Site vs PWY.5104
2022-04-26 09:06:29 INFO::Creating boxplot for categorical data, Site vs PWY.6353
2022-04-26 09:06:29 INFO::Creating boxplot for categorical data, Site vs BRANCHED.CHAIN.AA.SYN.PWY
2022-04-26 09:06:29 INFO::Creating boxplot for categorical data, Site vs SALVADEHYPOX.PWY
2022-04-26 09:06:29 INFO::Creating boxplot for categorical data, Site vs METH.ACETATE.PWY
2022-04-26 09:06:29 INFO::Creating boxplot for categorical data, Site vs PWY.6897
2022-04-26 09:06:30 INFO::Creating boxplot for categorical data, Site vs HISTSYN.PWY
2022-04-26 09:06:30 INFO::Creating boxplot for categorical data, Site vs PWY.6608
2022-04-26 09:06:30 INFO::Creating boxplot for categorical data, Site vs DAPLYSINESYN.PWY
2022-04-26 09:06:30 INFO::Creating boxplot for categorical data, Site vs PWY0.845
2022-04-26 09:06:30 INFO::Creating boxplot for categorical data, Site vs TRPSYN.PWY
2022-04-26 09:06:30 INFO::Creating boxplot for categorical data, Site vs PWY.6892
2022-04-26 09:06:30 INFO::Creating boxplot for categorical data, Site vs PYRIDOXSYN.PWY
2022-04-26 09:06:30 INFO::Creating boxplot for categorical data, Site vs NONMEVIPP.PWY
2022-04-26 09:06:30 INFO::Creating boxplot for categorical data, Site vs PWY.7560
2022-04-26 09:06:30 INFO::Creating boxplot for categorical data, Site vs PWY.4984
2022-04-26 09:06:30 INFO::Creating boxplot for categorical data, Site vs CALVIN.PWY
2022-04-26 09:06:31 INFO::Creating boxplot for categorical data, Site vs GLYCOLYSIS.E.D
2022-04-26 09:06:31 INFO::Creating boxplot for categorical data, Site vs PWY0.1241
2022-04-26 09:06:31 INFO::Creating boxplot for categorical data, Site vs PWY0.1479
2022-04-26 09:06:31 INFO::Creating boxplot for categorical data, Site vs PWY.7328
2022-04-26 09:06:31 INFO::Creating boxplot for categorical data, Site vs PYRIDNUCSAL.PWY
2022-04-26 09:06:31 INFO::Creating boxplot for categorical data, Site vs PWY.5121
2022-04-26 09:06:31 INFO::Creating boxplot for categorical data, Site vs HISTSYN.PWY
2022-04-26 09:06:31 INFO::Creating boxplot for categorical data, Site vs P164.PWY
2022-04-26 09:06:31 INFO::Creating boxplot for categorical data, Site vs PWY.5121
2022-04-26 09:06:31 INFO::Creating boxplot for categorical data, Site vs HEXITOLDEGSUPER.PWY
2022-04-26 09:06:32 INFO::Creating boxplot for categorical data, Site vs PWY.7242
2022-04-26 09:06:32 INFO::Creating boxplot for categorical data, Site vs PWY.7539
2022-04-26 09:06:32 INFO::Creating boxplot for categorical data, Site vs PWY.4984
2022-04-26 09:06:32 INFO::Creating boxplot for categorical data, Site vs PWY.6147
2022-04-26 09:06:32 INFO::Creating boxplot for categorical data, Site vs NAD.BIOSYNTHESIS.II
2022-04-26 09:06:32 INFO::Creating boxplot for categorical data, Site vs GLYCOCAT.PWY
2022-04-26 09:06:32 INFO::Creating boxplot for categorical data, Site vs PWY.6737
2022-04-26 09:06:32 INFO::Creating boxplot for categorical data, Site vs RIBOSYN2.PWY
2022-04-26 09:06:32 INFO::Creating boxplot for categorical data, Site vs CALVIN.PWY
2022-04-26 09:06:32 INFO::Creating boxplot for categorical data, Site vs SER.GLYSYN.PWY
2022-04-26 09:06:33 INFO::Creating boxplot for categorical data, Site vs PWY.3001
2022-04-26 09:06:33 INFO::Creating boxplot for categorical data, Site vs PWY.5154
2022-04-26 09:06:33 INFO::Creating boxplot for categorical data, Site vs NONOXIPENT.PWY
2022-04-26 09:06:33 INFO::Creating boxplot for categorical data, Site vs ARGORNPROST.PWY
2022-04-26 09:06:33 INFO::Creating boxplot for categorical data, Site vs PYRIDNUCSYN.PWY
2022-04-26 09:06:33 INFO::Creating boxplot for categorical data, Site vs PWY.5861
2022-04-26 09:06:33 INFO::Creating boxplot for categorical data, Site vs PWY.5505
2022-04-26 09:06:33 INFO::Creating boxplot for categorical data, Site vs METH.ACETATE.PWY
2022-04-26 09:06:33 INFO::Creating boxplot for categorical data, Site vs PWY.5838
2022-04-26 09:06:33 INFO::Creating boxplot for categorical data, Site vs PANTO.PWY
2022-04-26 09:06:34 INFO::Creating boxplot for categorical data, Site vs PWY.5840
2022-04-26 09:06:34 INFO::Creating boxplot for categorical data, Site vs PWY.5897
2022-04-26 09:06:34 INFO::Creating boxplot for categorical data, Site vs PWY.5898
2022-04-26 09:06:34 INFO::Creating boxplot for categorical data, Site vs PWY.5899
2022-04-26 09:06:34 INFO::Creating boxplot for categorical data, Site vs PWY.3001
2022-04-26 09:06:34 INFO::Creating boxplot for categorical data, Site vs PWY.7211
2022-04-26 09:06:34 INFO::Creating boxplot for categorical data, Site vs PWY.7003
2022-04-26 09:06:34 INFO::Creating boxplot for categorical data, Site vs PWY.7456
2022-04-26 09:06:34 INFO::Creating boxplot for categorical data, Site vs PWY.5022
2022-04-26 09:06:34 INFO::Creating boxplot for categorical data, Site vs PWY.7332
2022-04-26 09:06:35 INFO::Creating boxplot for categorical data, Site vs SER.GLYSYN.PWY
2022-04-26 09:06:35 INFO::Creating boxplot for categorical data, Site vs DTDPRHAMSYN.PWY
2022-04-26 09:06:35 INFO::Creating boxplot for categorical data, Site vs PWY.5304
2022-04-26 09:06:35 INFO::Creating boxplot for categorical data, Site vs PWY.6703
2022-04-26 09:06:35 INFO::Creating boxplot for categorical data, Site vs P562.PWY
2022-04-26 09:06:35 INFO::Creating boxplot for categorical data, Site vs GLYCOLYSIS
2022-04-26 09:06:35 INFO::Creating boxplot for categorical data, Site vs PANTOSYN.PWY
2022-04-26 09:06:35 INFO::Creating boxplot for categorical data, Site vs X1CMET2.PWY
2022-04-26 09:06:35 INFO::Creating boxplot for categorical data, Site vs FOLSYN.PWY
2022-04-26 09:06:35 INFO::Creating boxplot for categorical data, Site vs GLYCOLYSIS.E.D
2022-04-26 09:06:36 INFO::Creating boxplot for categorical data, Site vs NONOXIPENT.PWY
2022-04-26 09:06:36 INFO::Creating boxplot for categorical data, Site vs RIBOSYN2.PWY
2022-04-26 09:06:36 INFO::Creating boxplot for categorical data, Site vs RHAMCAT.PWY
2022-04-26 09:06:36 INFO::Creating boxplot for categorical data, Site vs FUCCAT.PWY
2022-04-26 09:06:36 INFO::Creating boxplot for categorical data, Site vs PRPP.PWY
2022-04-26 09:06:36 INFO::Creating boxplot for categorical data, Site vs P441.PWY
2022-04-26 09:06:36 INFO::Creating boxplot for categorical data, Site vs PWY.5973
2022-04-26 09:06:36 INFO::Creating boxplot for categorical data, Site vs PWY.7663
2022-04-26 09:06:36 INFO::Creating boxplot for categorical data, Site vs PWY.1861
2022-04-26 09:06:36 INFO::Creating boxplot for categorical data, Site vs PWY.6353
2022-04-26 09:06:37 INFO::Creating boxplot for categorical data, Site vs PWY.6608
2022-04-26 09:06:37 INFO::Creating boxplot for categorical data, Site vs PHOSLIPSYN.PWY
2022-04-26 09:06:37 INFO::Creating boxplot for categorical data, Site vs GLYCOCAT.PWY
2022-04-26 09:06:37 INFO::Creating boxplot for categorical data, Site vs PWY.5667
2022-04-26 09:06:37 INFO::Creating boxplot for categorical data, Site vs PWY0.1319
2022-04-26 09:06:37 INFO::Creating boxplot for categorical data, Site vs PWY4FS.7
2022-04-26 09:06:37 INFO::Creating boxplot for categorical data, Site vs PWY4FS.8
2022-04-26 09:06:37 INFO::Creating boxplot for categorical data, Site vs THRESYN.PWY
2022-04-26 09:06:37 INFO::Creating boxplot for categorical data, Site vs PWY.6612
2022-04-26 09:06:38 INFO::Creating boxplot for categorical data, Site vs PWY.6892
2022-04-26 09:06:38 INFO::Creating boxplot for categorical data, Site vs PWY.6507
2022-04-26 09:06:38 INFO::Creating boxplot for categorical data, Site vs PWY.6737
2022-04-26 09:06:38 INFO::Creating boxplot for categorical data, Site vs PWY.2942
2022-04-26 09:06:38 INFO::Creating boxplot for categorical data, Site vs ANAEROFRUCAT.PWY
2022-04-26 09:06:38 INFO::Creating boxplot for categorical data, Site vs ASPASN.PWY
2022-04-26 09:06:38 INFO::Creating boxplot for categorical data, Site vs PWY.5097
2022-04-26 09:06:38 INFO::Creating boxplot for categorical data, Site vs PWY.5861
2022-04-26 09:06:38 INFO::Creating boxplot for categorical data, Site vs PWY490.3
2022-04-26 09:06:38 INFO::Creating boxplot for categorical data, Site vs PWY.5686
2022-04-26 09:06:39 INFO::Creating boxplot for categorical data, Site vs SALVADEHYPOX.PWY
2022-04-26 09:06:39 INFO::Creating boxplot for categorical data, Site vs DTDPRHAMSYN.PWY
2022-04-26 09:06:39 INFO::Creating boxplot for categorical data, Site vs PWY.7184
2022-04-26 09:06:39 INFO::Creating boxplot for categorical data, Site vs PWY.7219
2022-04-26 09:06:39 INFO::Creating boxplot for categorical data, Site vs PWY.6123
2022-04-26 09:06:39 INFO::Creating boxplot for categorical data, Site vs TRNA.CHARGING.PWY
2022-04-26 09:06:39 INFO::Creating boxplot for categorical data, Site vs PWY.5897
2022-04-26 09:06:39 INFO::Creating boxplot for categorical data, Site vs PWY.5898
2022-04-26 09:06:39 INFO::Creating boxplot for categorical data, Site vs PWY.5899
2022-04-26 09:06:40 INFO::Creating boxplot for categorical data, Site vs PWY.6122
2022-04-26 09:06:40 INFO::Creating boxplot for categorical data, Site vs PWY.6277
2022-04-26 09:06:40 INFO::Creating boxplot for categorical data, Site vs GLUCONEO.PWY
2022-04-26 09:06:40 INFO::Creating boxplot for categorical data, Site vs PWY.6121
2022-04-26 09:06:40 INFO::Creating boxplot for categorical data, Site vs PWY.5840
2022-04-26 09:06:40 INFO::Creating boxplot for categorical data, Site vs PWY.7374
2022-04-26 09:06:40 INFO::Creating boxplot for categorical data, Site vs PWY.5838
2022-04-26 09:06:40 INFO::Creating boxplot for categorical data, Site vs PWY.6386
2022-04-26 09:06:40 INFO::Creating boxplot for categorical data, Site vs PWY.7371
2022-04-26 09:06:40 INFO::Creating boxplot for categorical data, Site vs P441.PWY
2022-04-26 09:06:41 INFO::Creating boxplot for categorical data, Site vs PWY.5345
2022-04-26 09:06:41 INFO::Creating boxplot for categorical data, Site vs PWY.6385
2022-04-26 09:06:41 INFO::Creating boxplot for categorical data, Site vs PWY.6895
2022-04-26 09:06:41 INFO::Creating boxplot for categorical data, Site vs PYRIDNUCSYN.PWY
2022-04-26 09:06:41 INFO::Creating boxplot for categorical data, Site vs ANAGLYCOLYSIS.PWY
2022-04-26 09:06:41 INFO::Creating boxplot for categorical data, Site vs PWY.5265
2022-04-26 09:06:41 INFO::Creating boxplot for categorical data, Site vs PWY0.1061
2022-04-26 09:06:41 INFO::Creating boxplot for categorical data, Site vs ARGORNPROST.PWY
2022-04-26 09:06:41 INFO::Creating boxplot for categorical data, Site vs PWY.6147
2022-04-26 09:06:42 INFO::Creating boxplot for categorical data, Site vs PWY.6628
2022-04-26 09:06:42 INFO::Creating boxplot for categorical data, Site vs TRNA.CHARGING.PWY
2022-04-26 09:06:42 INFO::Creating boxplot for categorical data, Site vs PWY.3781
2022-04-26 09:06:42 INFO::Creating boxplot for categorical data, Site vs PWY.7328
2022-04-26 09:06:42 INFO::Creating boxplot for categorical data, Site vs GLYCOGENSYNTH.PWY
2022-04-26 09:06:42 INFO::Creating boxplot for categorical data, Site vs PWY.6628
2022-04-26 09:06:42 INFO::Creating boxplot for categorical data, Site vs PWY.7208
2022-04-26 09:06:42 INFO::Creating boxplot for categorical data, Site vs PWY.7539
2022-04-26 09:06:42 INFO::Creating boxplot for categorical data, Site vs PEPTIDOGLYCANSYN.PWY
2022-04-26 09:06:43 INFO::Plotting data for metadata number 4, Sex
2022-04-26 09:06:43 INFO::Creating boxplot for categorical data, Sex vs CODH.PWY
2022-04-26 09:06:43 INFO::Creating boxplot for categorical data, Sex vs PWY.1861
2022-04-26 09:06:43 INFO::Creating boxplot for categorical data, Sex vs ARG.POLYAMINE.SYN
2022-04-26 09:06:43 INFO::Creating boxplot for categorical data, Sex vs PWY0.1261
2022-04-26 09:06:43 INFO::Creating boxplot for categorical data, Sex vs POLYAMSYN.PWY
2022-04-26 09:06:43 INFO::Creating boxplot for categorical data, Sex vs PWY.5022
2022-04-26 09:06:43 INFO::Creating boxplot for categorical data, Sex vs GLUCUROCAT.PWY
2022-04-26 09:06:44 INFO::Creating boxplot for categorical data, Sex vs GALACT.GLUCUROCAT.PWY
2022-04-26 09:06:44 INFO::Creating boxplot for categorical data, Sex vs PWY.6628
2022-04-26 09:06:44 INFO::Creating boxplot for categorical data, Sex vs PWY.6630
2022-04-26 09:06:44 INFO::Creating boxplot for categorical data, Sex vs PWY.6478
2022-04-26 09:06:44 INFO::Creating boxplot for categorical data, Sex vs PWY.7332
2022-04-26 09:06:44 INFO::Creating boxplot for categorical data, Sex vs GALACTUROCAT.PWY
2022-04-26 09:06:44 INFO::Creating boxplot for categorical data, Sex vs P461.PWY
2022-04-26 09:06:44 INFO::Creating boxplot for categorical data, Sex vs PWY.922
2022-04-26 09:06:44 INFO::Creating boxplot for categorical data, Sex vs PWY.7456
2022-04-26 09:06:44 INFO::Creating boxplot for categorical data, Sex vs GOLPDLCAT.PWY
2022-04-26 09:06:45 INFO::Creating boxplot for categorical data, Sex vs PWY.7013
2022-04-26 09:06:45 INFO::Creating boxplot for categorical data, Sex vs PWY.5505
2022-04-26 09:06:45 INFO::Creating boxplot for categorical data, Sex vs PWY.5910
2022-04-26 09:06:45 INFO::Creating boxplot for categorical data, Sex vs PWY.7242
2022-04-26 09:06:45 INFO::Plotting data for metadata number 5, Sequencing_Run
2022-04-26 09:06:45 INFO::Creating boxplot for categorical data, Sequencing_Run vs PWY.6901
2022-04-26 09:06:45 INFO::Creating boxplot for categorical data, Sequencing_Run vs PWY.7332
2022-04-26 09:06:46 INFO::Creating boxplot for categorical data, Sequencing_Run vs PWY.6478
2022-04-26 09:06:46 INFO::Creating boxplot for categorical data, Sequencing_Run vs HISDEG.PWY
