2022-10-31 15:48:56 INFO::Writing function arguments to log file
2022-10-31 15:48:56 DEBUG::Function arguments
2022-10-31 15:48:56 DEBUG::Output folder: Regional-Mouse-Biogeography-Analysis/2021-8-Pathway-Batch-Correction/GOMIXER/GBM-Maaslin2-TYPE/GBM-LumRef-CLR-SI-ComBat-SeqRunSexSiteType-1-MsID
2022-10-31 15:48:56 DEBUG::Min Abundance: 0.000000
2022-10-31 15:48:56 DEBUG::Min Prevalence: 0.100000
2022-10-31 15:48:56 DEBUG::Normalization: CLR
2022-10-31 15:48:56 DEBUG::Transform: NONE
2022-10-31 15:48:56 DEBUG::Analysis method: LM
2022-10-31 15:48:56 DEBUG::Max significance: 0.250000
2022-10-31 15:48:56 DEBUG::Random effects: MouseID
2022-10-31 15:48:56 DEBUG::Fixed effects: Sequencing_Run,Sex,Site,Type
2022-10-31 15:48:56 DEBUG::Correction method: BH
2022-10-31 15:48:56 DEBUG::Standardize: TRUE
2022-10-31 15:48:56 DEBUG::Cores: 1
2022-10-31 15:48:56 INFO::Verifying options selected are valid
2022-10-31 15:48:56 INFO::Determining format of input files
2022-10-31 15:48:56 INFO::Input format is data samples as columns and metadata samples as rows
2022-10-31 15:48:56 DEBUG::Transformed data so samples are rows
2022-10-31 15:48:56 DEBUG::The following samples were found to have features but no metadata. They will be removed. LYZdtt305,LYZdtt304,Itg.18.DTT492.S87,Lyz2.04B.FP244.S41,Vil1.07B.DTT81,Vil1.07B.DTT80,LYZFP329,LYZFP328,LYZFP327,Lyz2.05B.FP255.S52,Itg.02.FP407.S7,LYZdtt317,LYZdtt316,LYZdtt315,LYZFP317,LYZFP316,LYZFP315,Vil1.02B.FP20,Vil1.02B.FP21,Lyz2.03B.DTT231.S71,Itg.10.DTT457.S51,Lyz2.06B.FP267.S64,Itg.02.FP408.S8,Itg.20.DTT505.S100,Itg.08.DTT444.S37,LYZFP305,LYZFP304,Vil1.07B.FP79,Itg.20.FP505.S8,LYZFP303,Lyz2.05B.DTT255.S96,Itg.24.DTT527.S22,LYZdtt303,Itg.16.FP481.S84,Itg.02.DTT408.S100,Vil1.04B.DTT45,Vil1.04B.DTT44,Vil1.04B.DTT43,Lyz2.03B.DTT232.S72,Itg.04.DTT421.S13,Itg.26.FP541.S45,Lyz2.05B.FP256.S53,Itg.12.FP467.S69,Itg.18.DTT491.S86,Lyz2.01B.DTT207.S47,Itg.10.DTT455.S49,Itg.08.DTT443.S36,Itg.18.FP491.S94,Itg.10.DTT456.S50,LYZFP353,LYZFP352,LYZFP351,Vil1.05B.FP56,Vil1.05B.FP57,Vil1.05B.FP55,Itg.12.FP468.S70,Itg.02.FP409.S9,Lyz2.08B.DTT291.S133,Lyz2.07B.FP279.S77,Lyz2.04B.DTT245.S86,LYZFP341,LYZFP340,LYZFP339,Vil1.09B.FP107,Vil1.09B.FP106,Vil1.09B.FP108,Lyz2.08B.FP292.S90,Itg.26.FP539.S43,Itg.06.DTT431.S24,Vil1.08B.DTT91,SLCdtt021,Vil1.08B.DTT92,SLCdtt020,Vil1.08B.DTT93,Itg.12.DTT469.S63,Lyz2.03B.FP232.S80,Lyz2.05B.FP257.S54,SLCdtt147,SLCdtt146,Lyz2.03B.DTT233.S73,SLCdtt145,Lyz2.04B.FP243.S92,Itg.04.FP421.S21,Vil1.04B.FP44,Vil1.04B.FP45,Lyz2.01B.DTT208.S48,Vil1.04B.FP43,Itg.16.FP480.S83,Itg.26.FP540.S44,Vil1.01B.DTT09,Vil1.01B.DTT08,Itg.04.DTT420.S12,Lyz2.01B.FP208.S56,SLCdtt165,SLCdtt164,SLCdtt163,Itg.18.FP492.S95,Itg.24.FP528.S31,Lyz2.02B.FP219.S67,Itg.26.DTT540.S36,Lyz2.08B.FP291.S89,Vil1.013B.DTT152,Vil1.013B.DTT153,Vil1.013B.DTT151,Itg.12.FP469.S71,SLCdtt051,SLCdtt050,Lyz2.06B.FP269.S67,Lyz2.06B.DTT268.S109,Itg.10.FP457.S59,Itg.10.FP456.S58,Lyz2.08B.DTT293.S135,Lyz2.02B.DTT219.S59,Vil1.13B.FP154,Vil1.13B.FP155,Vil1.13B.FP156,Itg.18.DTT493.S88,Lyz2.08B.FP293.S91,Lyz2.01B.DTT209.S49,Vil1.05B.DTT55,Vil1.05B.DTT56,Vil1.05B.DTT57,SLCdtt109,Lyz2.03B.FP233.S81,Itg.20.DTT504.S99,SLCdtt111,SLCdtt110,Vil1.02B.FP19,Itg.20.DTT503.S98,SLCdtt001,Lyz2.01B.FP209.S57,SLCdtt129,SLCdtt128,Vil1.01B.FP08,Vil1.01B.FP07,SLCdtt003,Vil1.01B.FP09,SLCdtt002,Itg.24.FP527.S30,Lyz2.06B.FP268.S65,Itg.26.DTT541.S37,SLCdtt019,SLCFP147,Lyz2.04B.DTT243.S84,Itg.10.FP455.S57,Itg.16.DTT481.S76,Vil1.010B.DTT116,Vil1.010B.DTT115,Vil1.010B.DTT117,Itg.22.DTT516.S11,SLCFP146,SLCFP145,SLCFP021,SLCFP020,Itg.18.FP493.S96,Vil1.02B.DTT21,Vil1.02B.DTT20,SLCFP049,Vil1.02B.DTT19,Lyz2.07B.DTT279.S121,SLCFP051,SLCFP050,Vil1.06B.FP67,Vil1.06B.FP69,Vil1.06B.FP68,Vil1.09B.DTT103,SLCFP165,SLCFP164,SLCFP163,Vil1.09B.DTT105,Vil1.09B.DTT104,Vil1.03B.FP32,Itg.06.DTT433.S26,Vil1.03B.FP33,Itg.12.DTT468.S62,Vil1.03B.FP31,SLCFP109,Lyz2.08B.DTT292.S134,SLCdtt067,SLCFP111,SLCFP110,Itg.06.FP433.S34,Itg.02.DTT409.S1,Lyz2.04B.DTT244.S85,Lyz2.07B.DTT280.S122,SLCdtt069,SLCdtt068,Lyz2.07B.DTT281.S123,SLCdtt075,SLCdtt074,Itg.04.FP420.S20,Vil1.14B.FP167,Vil1.14B.FP166,Itg.22.DTT515.S10,Vil1.14B.FP168,Vil1.06B.DTT67,Vil1.06B.DTT69,Lyz2.01B.FP207.S55,Vil1.06B.DTT68,Itg.04.DTT419.S11,Itg.16.DTT479.S73,SLCFP129,SLCFP128,SLCFP127,Itg.24.FP529.S32,Lyz2.06B.DTT267.S108,Itg.16.DTT480.S75,Lyz2.07B.FP281.S79,Itg.08.FP443.S44,Itg.12.DTT467.S61,Itg.06.DTT432.S25,Itg.22.FP515.S18,SLCdtt092,Vil1.014B.DTT163,SLCFP003,SLCFP002,SLCFP001,Vil1.014B.DTT165,Vil1.014B.DTT164,SLCdtt093,Lyz2.03B.FP231.S79,Lyz2.02B.DTT221.S61,Itg.26.DTT539.S35,Vil1.10B.FP118,Itg.06.FP432.S33,Vil1.10B.FP119,Itg.02.DTT407.S99,Itg.08.DTT445.S38,Itg.22.FP516.S19,Vil1.10B.FP120,Lyz2.07B.FP280.S78,Itg.08.FP444.S45,Lyz2.05B.DTT257.S98,Vil1.03B.DTT32,Vil1.03B.DTT33,SLCFP019a,Itg.24.DTT529.S24,Itg.16.FP479.S81,Lyz2.02B.FP221.S69,SLCFP075,SLCFP074,Itg.04.FP419.S19,SLCFP073,LYZdtt353,LYZdtt352,LYZdtt351,Itg.20.FP503.S6,Vil1.07B.FP81,Vil1.07B.FP80,Itg.22.FP517.S20,SLCFP069,SLCFP068,SLCFP067,Lyz2.02B.DTT220.S60,Lyz2.04B.FP245.S42,LYZdtt365,LYZdtt364,LYZdtt363,Lyz2.02B.FP220.S68,Itg.20.FP504.S7,LYZdtt329,LYZdtt328,LYZdtt327,Itg.22.DTT517.S12,SLCFP093,SLCFP092,SLCFP091,Vil1.07B.DTT79,Vil1.08B.FP96,Itg.06.FP431.S32,Vil1.08B.FP95,LYZdtt339,Lyz2.06B.DTT269.S111,Itg.24.DTT528.S23,Itg.08.FP445.S46,Vil1.08B.FP94,Lyz2.05B.DTT256.S97,LYZdtt341,LYZdtt340
2022-10-31 15:48:56 DEBUG::A total of 269 samples were found in both the data and metadata
2022-10-31 15:48:56 DEBUG::Reordering data/metadata to use same sample ordering
2022-10-31 15:48:56 WARNING::Feature name not found in metadata so not applied to formula as random effect: MouseID
2022-10-31 15:48:56 INFO::Formula for fixed effects: expr ~  Sequencing_Run + Sex + Site + Type
2022-10-31 15:48:56 INFO::Running selected normalization method: CLR
2022-10-31 15:48:56 INFO::Filter data based on min abundance and min prevalence
2022-10-31 15:48:56 INFO::Total samples in data: 269
2022-10-31 15:48:56 INFO::Min samples required with min abundance for a feature not to be filtered: 26.900000
2022-10-31 15:48:56 INFO::Total filtered features: 10
2022-10-31 15:48:56 INFO::Filtered feature names: MGB039, MGB056, MGB051, MGB010, MGB050, MGB028, MGB023, MGB025, MGB020, MGB021
2022-10-31 15:48:56 INFO::Applying z-score to standardize continuous metadata
2022-10-31 15:48:56 INFO::Running selected transform method: NONE
2022-10-31 15:48:56 INFO::Running selected analysis method: LM
2022-10-31 15:48:56 INFO::Fitting model to feature number 1, MGB015
2022-10-31 15:48:56 INFO::Fitting model to feature number 2, MGB037
2022-10-31 15:48:56 INFO::Fitting model to feature number 3, MGB038
2022-10-31 15:48:56 INFO::Fitting model to feature number 4, MGB033
2022-10-31 15:48:56 INFO::Fitting model to feature number 5, MGB055
2022-10-31 15:48:56 INFO::Fitting model to feature number 6, MGB034
2022-10-31 15:48:56 INFO::Fitting model to feature number 7, MGB035
2022-10-31 15:48:56 INFO::Fitting model to feature number 8, MGB036
2022-10-31 15:48:56 INFO::Fitting model to feature number 9, MGB052
2022-10-31 15:48:56 INFO::Fitting model to feature number 10, MGB031
2022-10-31 15:48:56 INFO::Fitting model to feature number 11, MGB053
2022-10-31 15:48:56 INFO::Fitting model to feature number 12, MGB032
2022-10-31 15:48:56 INFO::Fitting model to feature number 13, MGB054
2022-10-31 15:48:56 INFO::Fitting model to feature number 14, MGB019
2022-10-31 15:48:56 INFO::Fitting model to feature number 15, MGB048
2022-10-31 15:48:56 INFO::Fitting model to feature number 16, MGB005
2022-10-31 15:48:56 INFO::Fitting model to feature number 17, MGB027
2022-10-31 15:48:56 INFO::Fitting model to feature number 18, MGB049
2022-10-31 15:48:56 INFO::Fitting model to feature number 19, MGB006
2022-10-31 15:48:56 INFO::Fitting model to feature number 20, MGB007
2022-10-31 15:48:56 INFO::Fitting model to feature number 21, MGB029
2022-10-31 15:48:56 INFO::Fitting model to feature number 22, MGB022
2022-10-31 15:48:56 INFO::Fitting model to feature number 23, MGB045
2022-10-31 15:48:56 INFO::Fitting model to feature number 24, MGB024
2022-10-31 15:48:56 INFO::Fitting model to feature number 25, MGB047
2022-10-31 15:48:56 INFO::Fitting model to feature number 26, MGB040
2022-10-31 15:48:56 INFO::Fitting model to feature number 27, MGB041
2022-10-31 15:48:56 INFO::Fitting model to feature number 28, MGB043
2022-10-31 15:48:56 INFO::Counting total values for each feature
2022-10-31 15:48:56 INFO::Writing residuals to file Regional-Mouse-Biogeography-Analysis/2021-8-Pathway-Batch-Correction/GOMIXER/GBM-Maaslin2-TYPE/GBM-LumRef-CLR-SI-ComBat-SeqRunSexSiteType-1-MsID/residuals.rds
2022-10-31 15:48:56 INFO::Writing all results to file (ordered by increasing q-values): Regional-Mouse-Biogeography-Analysis/2021-8-Pathway-Batch-Correction/GOMIXER/GBM-Maaslin2-TYPE/GBM-LumRef-CLR-SI-ComBat-SeqRunSexSiteType-1-MsID/all_results.tsv
2022-10-31 15:48:56 INFO::Writing the significant results (those which are less than or equal to the threshold of 0.250000 ) to file (ordered by increasing q-values): Regional-Mouse-Biogeography-Analysis/2021-8-Pathway-Batch-Correction/GOMIXER/GBM-Maaslin2-TYPE/GBM-LumRef-CLR-SI-ComBat-SeqRunSexSiteType-1-MsID/significant_results.tsv
