2024-10-18 12:34:06.331085 INFO::Writing function arguments to log file
2024-10-18 12:34:06.333023 DEBUG::Function arguments
2024-10-18 12:34:06.333743 DEBUG::Output folder: /home/julianne/Documents/biogeography/Shotgun/melonnpan/HUM_SD_Gavage/Mets-SexSite-1-MsID/
2024-10-18 12:34:06.334182 DEBUG::Min Abundance: 0.000000
2024-10-18 12:34:06.334623 DEBUG::Min Prevalence: 0.150000
2024-10-18 12:34:06.335023 DEBUG::Normalization: NONE
2024-10-18 12:34:06.335521 DEBUG::Transform: LOG
2024-10-18 12:34:06.336065 DEBUG::Analysis method: LM
2024-10-18 12:34:06.336574 DEBUG::Max significance: 0.250000
2024-10-18 12:34:06.337059 DEBUG::Random effects: MouseID
2024-10-18 12:34:06.337527 DEBUG::Fixed effects: Sex,Site
2024-10-18 12:34:06.337966 DEBUG::Correction method: BH
2024-10-18 12:34:06.33849 DEBUG::Standardize: TRUE
2024-10-18 12:34:06.339035 DEBUG::Cores: 1
2024-10-18 12:34:06.339542 INFO::Verifying options selected are valid
2024-10-18 12:34:06.341452 INFO::Determining format of input files
2024-10-18 12:34:06.343579 INFO::Input format is data samples as columns and metadata samples as rows
2024-10-18 12:34:06.349165 DEBUG::Transformed data so samples are rows
2024-10-18 12:34:06.35216 DEBUG::A total of 14 samples were found in both the data and metadata
2024-10-18 12:34:06.352858 DEBUG::Reordering data/metadata to use same sample ordering
2024-10-18 12:34:06.366211 INFO::Formula for random effects: expr ~ (1 | MouseID)
2024-10-18 12:34:06.36825 INFO::Formula for fixed effects: expr ~  Sex + Site
2024-10-18 12:34:06.370188 INFO::Factor detected for categorial metadata 'Sex'. Provide a reference argument or manually set factor ordering to change reference level.
2024-10-18 12:34:06.372432 INFO::Filter data based on min abundance and min prevalence
2024-10-18 12:34:06.3742 INFO::Total samples in data: 14
2024-10-18 12:34:06.375909 INFO::Min samples required with min abundance for a feature not to be filtered: 2.100000
2024-10-18 12:34:06.394714 INFO::Total filtered features: 0
2024-10-18 12:34:06.396726 INFO::Filtered feature names from abundance and prevalence filtering:
2024-10-18 12:34:06.424529 INFO::Total filtered features with variance filtering: 24
2024-10-18 12:34:06.426409 INFO::Filtered feature names from variance filtering: X13.HpOTrE, DG.16.0_16.1, PC.O.36.5.PC.O.16.0_20.5, TG.14.0_16.0_17.1, TG.52.0, TG.53.2, UDP.glucuronic.acid, noradrenaline, N.acetylmannosamine, lyxose, isomaltose, isoleucine, beta.sitosterol, X5.ketogluconate, X7.Diethylamino.4.methylcoumarin, Ala.Asp, Betaine.aldehyde, histidinol, Leu.Leu.Arg, maltotriose.1, N..4.Hydroxyphenyl.propanamide, N.Carboxyethyl.gamma.aminobutyric.acid, phthalic.acid, tryptophan.betaine
2024-10-18 12:34:06.428181 INFO::Running selected normalization method: NONE
2024-10-18 12:34:06.429868 INFO::Applying z-score to standardize continuous metadata
2024-10-18 12:34:06.436143 INFO::Running selected transform method: LOG
2024-10-18 12:34:06.458309 INFO::Running selected analysis method: LM
2024-10-18 12:34:06.461935 INFO::Fitting model to feature number 1, X13.KODE
2024-10-18 12:34:06.536619 INFO::Fitting model to feature number 2, X3.hydroxymyristic.acid
2024-10-18 12:34:06.618279 INFO::Fitting model to feature number 3, X4.HDoHE
2024-10-18 12:34:06.692198 INFO::Fitting model to feature number 4, CAR.14.1
2024-10-18 12:34:06.76935 INFO::Fitting model to feature number 5, CAR.16.0
2024-10-18 12:34:06.843152 INFO::Fitting model to feature number 6, CAR.18.0.Isomer.A
2024-10-18 12:34:06.912307 INFO::Fitting model to feature number 7, CAR.18.2.Isomer.B
2024-10-18 12:34:06.969042 INFO::Fitting model to feature number 8, Cer.16.0.2O_23.0
2024-10-18 12:34:07.033559 INFO::Fitting model to feature number 9, Cer.17.0.3O.24.0..2OH.
2024-10-18 12:34:07.092621 INFO::Fitting model to feature number 10, Cer.17.1.2O.24.1
2024-10-18 12:34:07.174999 INFO::Fitting model to feature number 11, Cer.18.0.2O.16.0
2024-10-18 12:34:07.225748 INFO::Fitting model to feature number 12, Cer.18.0.2O_20.0
2024-10-18 12:34:07.280508 INFO::Fitting model to feature number 13, Cer.18.1.2O.23.0..2OH.
2024-10-18 12:34:07.341396 INFO::Fitting model to feature number 14, Cer.18.1.2O_22.0..2OH.
2024-10-18 12:34:07.402791 INFO::Fitting model to feature number 15, Cer.18.1.3O.25.0
2024-10-18 12:34:07.471974 INFO::Fitting model to feature number 16, Cer.18.2.2O.22.0
2024-10-18 12:34:07.539228 INFO::Fitting model to feature number 17, Cer.18.2.2O.24.1
2024-10-18 12:34:07.597727 INFO::Fitting model to feature number 18, Cer.19.1.2O.24.1
2024-10-18 12:34:07.659147 INFO::Fitting model to feature number 19, Cer.20.0.2O.26.0
2024-10-18 12:34:07.718179 INFO::Fitting model to feature number 20, Cer.31.2.O3.Cer.18.1.O2.13.1.O
2024-10-18 12:34:07.769017 INFO::Fitting model to feature number 21, Cer.33.0.O3.Cer.17.0.O2.16.0.3OH.
2024-10-18 12:34:07.819826 INFO::Fitting model to feature number 22, Cer.33.0.O3.Cer.17.0.O2.16.0.O
2024-10-18 12:34:07.871518 INFO::Fitting model to feature number 23, Cer.33.1.O2.Cer.17.1.O2.16.0
2024-10-18 12:34:07.93272 INFO::Fitting model to feature number 24, Cer.34.0.O3.Cer.17.0.O2.17.0.3OH.
2024-10-18 12:34:07.994511 INFO::Fitting model to feature number 25, Cer.34.1.O2.Cer.18.1.O2.16.0
2024-10-18 12:34:08.046817 INFO::Fitting model to feature number 26, Cer.34.1.O3.Cer.18.1.O2.16.0.O
2024-10-18 12:34:08.095361 INFO::Fitting model to feature number 27, Cer.34.2.O3.Cer.17.0.O2.17.2.3OH.
2024-10-18 12:34:08.181097 INFO::Fitting model to feature number 28, Cer.35.0.O3.Cer.18.0.O2.17.0.3OH.
2024-10-18 12:34:08.228836 INFO::Fitting model to feature number 29, Cer.35.0.O3.Cer.18.0.O2.17.0.O
2024-10-18 12:34:08.278929 INFO::Fitting model to feature number 30, Cer.35.1.O3.Cer.18.0.O2.17.1.3OH.
2024-10-18 12:34:08.329523 INFO::Fitting model to feature number 31, Cer.35.1.O3.Cer.19.0.O2.16.1.O
2024-10-18 12:34:08.382465 INFO::Fitting model to feature number 32, Cer.36.0.O3.Cer.19.0.O2.17.0.3OH.
2024-10-18 12:34:08.451464 INFO::Fitting model to feature number 33, Cer.36.0.O3.Cer.19.0.O2.17.0.O
2024-10-18 12:34:08.503223 INFO::Fitting model to feature number 34, Cer.36.0.O4.Cer.18.0.O3.18.0.2OH.
2024-10-18 12:34:08.571494 INFO::Fitting model to feature number 35, Cer.36.1.O2.Cer.18.0.O2.18.1
2024-10-18 12:34:08.637594 INFO::Fitting model to feature number 36, Cer.36.1.O3.Cer.18.0.O2.18.1.O
2024-10-18 12:34:08.689949 INFO::Fitting model to feature number 37, Cer.36.1.O3.Cer.18.1.O2.18.0.O
2024-10-18 12:34:08.75248 INFO::Fitting model to feature number 38, Cer.36.2.O2.Cer.18.1.O2.18.1
2024-10-18 12:34:08.806561 INFO::Fitting model to feature number 39, Cer.36.3.O2.Cer.18.1.O2.18.2
2024-10-18 12:34:08.867279 INFO::Fitting model to feature number 40, Cer.38.0.O2.Cer.20.0.O2.18.0
2024-10-18 12:34:08.931803 INFO::Fitting model to feature number 41, Cer.38.0.O3.Cer.20.0.O2.18.0.O
2024-10-18 12:34:08.986383 INFO::Fitting model to feature number 42, Cer.38.0.O4.Cer.18.0.O3.20.0.2OH.
2024-10-18 12:34:09.035661 INFO::Fitting model to feature number 43, Cer.38.2.O2.Cer.18.1.O2.20.1
2024-10-18 12:34:09.117539 INFO::Fitting model to feature number 44, Cer.38.3.O3.Cer.18.1.O2.20.2.O
2024-10-18 12:34:09.163571 INFO::Fitting model to feature number 45, Cer.38.3.O4.Cer.24.2.O3.14.1.2OH.
2024-10-18 12:34:09.217813 INFO::Fitting model to feature number 46, Cer.38.5.O3.Cer.18.1.O2.20.4.O
2024-10-18 12:34:09.271429 INFO::Fitting model to feature number 47, Cer.39.1.O2.Cer.18.1.O2.21.0
2024-10-18 12:34:09.322723 INFO::Fitting model to feature number 48, Cer.40.0.O3.Cer.18.0.O2.22.0.O
2024-10-18 12:34:09.378689 INFO::Fitting model to feature number 49, Cer.40.2.O2.Cer.18.1.O2.22.1
2024-10-18 12:34:09.449837 INFO::Fitting model to feature number 50, Cer.41.0.O2.Cer.18.0.O2.23.0
2024-10-18 12:34:09.506361 INFO::Fitting model to feature number 51, Cer.41.0.O4.Cer.18.0.O3.23.0.2OH.
2024-10-18 12:34:09.56152 INFO::Fitting model to feature number 52, Cer.41.1.O2.Cer.17.1.O2.24.0
2024-10-18 12:34:09.624665 INFO::Fitting model to feature number 53, Cer.41.1.O3.Cer.21.0.O2.20.1.O
2024-10-18 12:34:09.68039 INFO::Fitting model to feature number 54, Cer.41.2.3O.Cer.22.2.O2.19.0.O
2024-10-18 12:34:09.733505 INFO::Fitting model to feature number 55, Cer.41.3.3O.Cer.22.1.O2.19.2.O
2024-10-18 12:34:09.788158 INFO::Fitting model to feature number 56, Cer.42.0.O3.Cer.18.0.O2.24.0.2OH.
2024-10-18 12:34:09.844313 INFO::Fitting model to feature number 57, Cer.42.0.O3.Cer.18.0.O2.24.0.O
2024-10-18 12:34:09.908941 INFO::Fitting model to feature number 58, Cer.42.0.O3.Cer.18.0.O3.24.0
2024-10-18 12:34:09.975337 INFO::Fitting model to feature number 59, Cer.42.0.O3.Cer.20.0.O2.22.0.O
2024-10-18 12:34:10.042725 INFO::Fitting model to feature number 60, Cer.42.1.O3.Cer.18.1.O2.24.0.2OH.
2024-10-18 12:34:10.141642 INFO::Fitting model to feature number 61, Cer.42.1.O3.Cer.20.1.O2.22.0.O
2024-10-18 12:34:10.193737 INFO::Fitting model to feature number 62, Cer.42.1.O4.Cer.18.0.O3.24.1.2OH.
2024-10-18 12:34:10.244849 INFO::Fitting model to feature number 63, Cer.42.2.O2.Cer.18.1.O2.24.1
2024-10-18 12:34:10.2954 INFO::Fitting model to feature number 64, Cer.42.2.O4.Cer.18.1.O3.24.1.2OH.
2024-10-18 12:34:10.34811 INFO::Fitting model to feature number 65, Cer.42.3.O2.Cer.22.0.O2.20.3
2024-10-18 12:34:10.400013 INFO::Fitting model to feature number 66, Cer.43.0.O2.Cer.17.0.O2.26.0
2024-10-18 12:34:10.452823 INFO::Fitting model to feature number 67, Cer.43.0.O4.Cer.18.0.O3.25.0.2OH.
2024-10-18 12:34:10.502875 INFO::Fitting model to feature number 68, Cer.43.1.O2.Cer.17.1.O2.26.0
2024-10-18 12:34:10.561319 INFO::Fitting model to feature number 69, Cer.43.3.O3.Cer.22.2.O2.21.1.O
2024-10-18 12:34:10.622416 INFO::Fitting model to feature number 70, Cer.44.0.O3.Cer.20.0.O2.24.0.O
2024-10-18 12:34:10.678842 INFO::Fitting model to feature number 71, Cer.44.1.O3.Cer.20.1.O2.24.0.2OH.
2024-10-18 12:34:10.739054 INFO::Fitting model to feature number 72, Cer.46.1.O2.Cer.20.1.O2.26.0
2024-10-18 12:34:10.794369 INFO::Fitting model to feature number 73, Cer.46.1.O3.Cer.20.1.O2.26.0.2OH.
2024-10-18 12:34:10.852575 INFO::Fitting model to feature number 74, Cer.46.4.O2.Cer.18.1.O2.28.3
2024-10-18 12:34:10.905557 INFO::Fitting model to feature number 75, Cer.50.1.O4.Cer.18.0.O2.17.0.3OH..FA.15.0.
2024-10-18 12:34:10.962224 INFO::Fitting model to feature number 76, Cer.50.1.O4.Cer.35.0.O3.FA.15.0.
2024-10-18 12:34:11.042434 INFO::Fitting model to feature number 77, Cer.52.2.O3.Cer.18.1.O2.34.1.O
2024-10-18 12:34:11.091777 INFO::Fitting model to feature number 78, Cer.d31.2
2024-10-18 12:34:11.143439 INFO::Fitting model to feature number 79, Cer.d32.1
2024-10-18 12:34:11.195251 INFO::Fitting model to feature number 80, Cer.d33.1
2024-10-18 12:34:11.257338 INFO::Fitting model to feature number 81, Cer.d34.0
2024-10-18 12:34:11.308256 INFO::Fitting model to feature number 82, Cer.d34.1
2024-10-18 12:34:11.378091 INFO::Fitting model to feature number 83, Cer.d34.2.Isomer.A
2024-10-18 12:34:11.446614 INFO::Fitting model to feature number 84, Cer.d34.2.Isomer.B
2024-10-18 12:34:11.496585 INFO::Fitting model to feature number 85, Cer.d35.1
2024-10-18 12:34:11.561065 INFO::Fitting model to feature number 86, Cer.d36.1
2024-10-18 12:34:11.627164 INFO::Fitting model to feature number 87, Cer.d36.2
2024-10-18 12:34:11.676753 INFO::Fitting model to feature number 88, Cer.d37.1
2024-10-18 12:34:11.727661 INFO::Fitting model to feature number 89, Cer.d38.1
2024-10-18 12:34:11.777156 INFO::Fitting model to feature number 90, Cer.d39.1
2024-10-18 12:34:11.83234 INFO::Fitting model to feature number 91, Cer.d40.0
2024-10-18 12:34:11.887093 INFO::Fitting model to feature number 92, Cer.d40.1
2024-10-18 12:34:11.945672 INFO::Fitting model to feature number 93, Cer.d40.2
2024-10-18 12:34:12.04397 INFO::Fitting model to feature number 94, Cer.d41.1
2024-10-18 12:34:12.102057 INFO::Fitting model to feature number 95, Cer.d41.2
2024-10-18 12:34:12.163 INFO::Fitting model to feature number 96, Cer.d42.0
2024-10-18 12:34:12.220222 INFO::Fitting model to feature number 97, Cer.d42.1
2024-10-18 12:34:12.278768 INFO::Fitting model to feature number 98, Cer.d42.2.Isomer.A
2024-10-18 12:34:12.343721 INFO::Fitting model to feature number 99, Cer.d42.2.Isomer.B
2024-10-18 12:34:12.410938 INFO::Fitting model to feature number 100, Cer.d42.3
2024-10-18 12:34:12.476583 INFO::Fitting model to feature number 101, Cer.d43.1
2024-10-18 12:34:12.55143 INFO::Fitting model to feature number 102, Cer.d43.2
2024-10-18 12:34:12.62526 INFO::Fitting model to feature number 103, Cer.d44.2
2024-10-18 12:34:12.699391 INFO::Fitting model to feature number 104, Cer.ADS.d34.0
2024-10-18 12:34:12.772481 INFO::Fitting model to feature number 105, Cer.ADS.d40.0
2024-10-18 12:34:12.828052 INFO::Fitting model to feature number 106, Cer.AS.d34.1
2024-10-18 12:34:12.896288 INFO::Fitting model to feature number 107, Cer.NDS.d36.0
2024-10-18 12:34:12.952788 INFO::Fitting model to feature number 108, Cer.NDS.d39.0
2024-10-18 12:34:13.008596 INFO::Fitting model to feature number 109, Cer.NDS.d40.0
2024-10-18 12:34:13.091297 INFO::Fitting model to feature number 110, Cer.NDS.d41.0
2024-10-18 12:34:13.146025 INFO::Fitting model to feature number 111, Cer.NP.t40.0
2024-10-18 12:34:13.205264 INFO::Fitting model to feature number 112, Cer.NP.t42.0
2024-10-18 12:34:13.261139 INFO::Fitting model to feature number 113, Cer.NP.t42.1
2024-10-18 12:34:13.31573 INFO::Fitting model to feature number 114, Cholesterol
2024-10-18 12:34:13.383443 INFO::Fitting model to feature number 115, cholesterol.3.sulfate....125
2024-10-18 12:34:13.441619 INFO::Fitting model to feature number 116, DG.34.0
2024-10-18 12:34:13.495396 INFO::Fitting model to feature number 117, DG.36.0
2024-10-18 12:34:13.552144 INFO::Fitting model to feature number 118, DG.36.2
2024-10-18 12:34:13.605944 INFO::Fitting model to feature number 119, DGDG.34.2.DGDG.16.0_18.2
2024-10-18 12:34:13.666886 INFO::Fitting model to feature number 120, DGDG.36.3.DGDG.18.1_18.2
2024-10-18 12:34:13.724611 INFO::Fitting model to feature number 121, DGDG.36.4.DGDG.18.2_18.2
2024-10-18 12:34:13.791448 INFO::Fitting model to feature number 122, FA.10.0..capric.acid.
2024-10-18 12:34:13.861736 INFO::Fitting model to feature number 123, FA.11.0..undecylic.acid.
2024-10-18 12:34:13.91976 INFO::Fitting model to feature number 124, FA.13.0..tridecylic.acid.
2024-10-18 12:34:13.970277 INFO::Fitting model to feature number 125, FA.15.0..pentadecylic.acid.
2024-10-18 12:34:14.058247 INFO::Fitting model to feature number 126, FA.15.1
2024-10-18 12:34:14.141093 INFO::Fitting model to feature number 127, FA.15.2
2024-10-18 12:34:14.23559 INFO::Fitting model to feature number 128, FA.17.0..margaric.acid.
2024-10-18 12:34:14.325531 INFO::Fitting model to feature number 129, FA.19.0
2024-10-18 12:34:14.464159 INFO::Fitting model to feature number 130, FA.20.0..arachidic.acid.
2024-10-18 12:34:14.601751 INFO::Fitting model to feature number 131, FA.20.1
2024-10-18 12:34:14.674962 INFO::Fitting model to feature number 132, FA.20.3..eicosatrienoic.acid.
2024-10-18 12:34:14.760888 INFO::Fitting model to feature number 133, FA.20.3..homo.gamma.linolenic.acid.
2024-10-18 12:34:14.822882 INFO::Fitting model to feature number 134, FA.20.4..arachidonic.acid.
2024-10-18 12:34:14.879561 INFO::Fitting model to feature number 135, FA.20.5..eicosapentaenoic.acid.
2024-10-18 12:34:14.933109 INFO::Fitting model to feature number 136, FA.21.0
2024-10-18 12:34:14.989764 INFO::Fitting model to feature number 137, FA.21.1
2024-10-18 12:34:15.044107 INFO::Fitting model to feature number 138, FA.22.0
2024-10-18 12:34:15.100546 INFO::Fitting model to feature number 139, FA.22.1..erucic.acid.
2024-10-18 12:34:15.156375 INFO::Fitting model to feature number 140, FA.22.2..docosadienoic.acid.
2024-10-18 12:34:15.221144 INFO::Fitting model to feature number 141, FA.22.4
2024-10-18 12:34:15.291806 INFO::Fitting model to feature number 142, FA.22.5
2024-10-18 12:34:15.386169 INFO::Fitting model to feature number 143, FA.22.6..docosahexaenoic.acid.
2024-10-18 12:34:15.441871 INFO::Fitting model to feature number 144, FA.23.0
2024-10-18 12:34:15.501879 INFO::Fitting model to feature number 145, FA.23.1
2024-10-18 12:34:15.552803 INFO::Fitting model to feature number 146, FA.24.0
2024-10-18 12:34:15.607222 INFO::Fitting model to feature number 147, FA.24.1
2024-10-18 12:34:15.663884 INFO::Fitting model to feature number 148, FA.24.2
2024-10-18 12:34:15.725596 INFO::Fitting model to feature number 149, FA.24.3
2024-10-18 12:34:15.784661 INFO::Fitting model to feature number 150, FA.24.6
2024-10-18 12:34:15.859469 INFO::Fitting model to feature number 151, FA.25.0
2024-10-18 12:34:15.920473 INFO::Fitting model to feature number 152, FA.25.1
2024-10-18 12:34:15.981166 INFO::Fitting model to feature number 153, FA.26.0
2024-10-18 12:34:16.038226 INFO::Fitting model to feature number 154, FA.26.1
2024-10-18 12:34:16.092934 INFO::Fitting model to feature number 155, FA.26.2
2024-10-18 12:34:16.148158 INFO::Fitting model to feature number 156, FA.27.0
2024-10-18 12:34:16.206261 INFO::Fitting model to feature number 157, FA.27.1
2024-10-18 12:34:16.259959 INFO::Fitting model to feature number 158, FA.28.0
2024-10-18 12:34:16.332894 INFO::Fitting model to feature number 159, FA.28.1
2024-10-18 12:34:16.388251 INFO::Fitting model to feature number 160, FA.29.0
2024-10-18 12:34:16.440705 INFO::Fitting model to feature number 161, FA.29.1
2024-10-18 12:34:16.49403 INFO::Fitting model to feature number 162, FA.30.0
2024-10-18 12:34:16.546198 INFO::Fitting model to feature number 163, FA.30.1
2024-10-18 12:34:16.615421 INFO::Fitting model to feature number 164, FA.31.0
2024-10-18 12:34:16.664972 INFO::Fitting model to feature number 165, FA.31.1
2024-10-18 12:34:16.717707 INFO::Fitting model to feature number 166, FA.32.0
2024-10-18 12:34:16.773027 INFO::Fitting model to feature number 167, FA.32.1
2024-10-18 12:34:16.823706 INFO::Fitting model to feature number 168, FA.32.2
2024-10-18 12:34:16.877591 INFO::Fitting model to feature number 169, FA.33.0
2024-10-18 12:34:16.931224 INFO::Fitting model to feature number 170, FA.33.1
2024-10-18 12:34:16.983643 INFO::Fitting model to feature number 171, FA.34.0
2024-10-18 12:34:17.032397 INFO::Fitting model to feature number 172, FA.34.1
2024-10-18 12:34:17.081601 INFO::Fitting model to feature number 173, FA.34.2
2024-10-18 12:34:17.131941 INFO::Fitting model to feature number 174, FA.35.1
2024-10-18 12:34:17.197664 INFO::Fitting model to feature number 175, FA.36.1
2024-10-18 12:34:17.280164 INFO::Fitting model to feature number 176, FA.36.2
2024-10-18 12:34:17.328204 INFO::Fitting model to feature number 177, FA.37.1
2024-10-18 12:34:17.375839 INFO::Fitting model to feature number 178, FA.38.1
2024-10-18 12:34:17.42359 INFO::Fitting model to feature number 179, FA.39.1
2024-10-18 12:34:17.472495 INFO::Fitting model to feature number 180, FA.40.1
2024-10-18 12:34:17.52301 INFO::Fitting model to feature number 181, FA.41.1
2024-10-18 12:34:17.575032 INFO::Fitting model to feature number 182, FA.42.1
2024-10-18 12:34:17.624552 INFO::Fitting model to feature number 183, FAHFA.36.1.O.FAHFA.18.1.18.0.O
2024-10-18 12:34:17.67296 INFO::Fitting model to feature number 184, FAHFA.40.3
2024-10-18 12:34:17.725914 INFO::Fitting model to feature number 185, FAHFA.42.2
2024-10-18 12:34:17.77874 INFO::Fitting model to feature number 186, GalCer.18.1_24.1
2024-10-18 12:34:17.844853 INFO::Fitting model to feature number 187, Gal.Gal.Cer.d18.1.16.0.or.Lactosylceramide.d18.1.16.0
2024-10-18 12:34:17.894767 INFO::Fitting model to feature number 188, GlcCer.d34.1
2024-10-18 12:34:17.960347 INFO::Fitting model to feature number 189, GlcCer.d38.1
2024-10-18 12:34:18.010365 INFO::Fitting model to feature number 190, GlcCer.d40.1
2024-10-18 12:34:18.059827 INFO::Fitting model to feature number 191, GlcCer.d41.1
2024-10-18 12:34:18.158508 INFO::Fitting model to feature number 192, GlcCer.d42.1
2024-10-18 12:34:18.207433 INFO::Fitting model to feature number 193, GlcCer.d42.2
2024-10-18 12:34:18.257146 INFO::Fitting model to feature number 194, GlcCerd14.14E.20.02OH
2024-10-18 12:34:18.307729 INFO::Fitting model to feature number 195, HexCer.34.0.O4.HexCer.18.0.O3.16.0.2OH.
2024-10-18 12:34:18.370885 INFO::Fitting model to feature number 196, HexCer.34.1.O2.HexCer.18.1.O2.16.0
2024-10-18 12:34:18.446347 INFO::Fitting model to feature number 197, HexCer.34.1.O3.HexCer.18.1.O2.16.0.O
2024-10-18 12:34:18.522233 INFO::Fitting model to feature number 198, HexCer.36.2.O2.HexCer.18.1.O2.18.1
2024-10-18 12:34:18.600627 INFO::Fitting model to feature number 199, HexCer.38.0.O4.HexCer.18.0.O3.20.0.2OH.
2024-10-18 12:34:18.659142 INFO::Fitting model to feature number 200, HexCer.38.1.O3.HexCer.18.1.O2.20.0.O
2024-10-18 12:34:18.711407 INFO::Fitting model to feature number 201, HexCer.40.0.O4.HexCer.18.0.O3.22.0.2OH.
2024-10-18 12:34:18.765788 INFO::Fitting model to feature number 202, HexCer.40.1.O3.HexCer.18.1.O2.22.0.O
2024-10-18 12:34:18.819545 INFO::Fitting model to feature number 203, HexCer.41.0.O4.HexCer.18.0.O3.23.0.2OH.
2024-10-18 12:34:18.872208 INFO::Fitting model to feature number 204, HexCer.42.0.O4.HexCer.18.0.O3.24.0.2OH.
2024-10-18 12:34:18.93987 INFO::Fitting model to feature number 205, HexCer.42.1.O3
2024-10-18 12:34:18.992794 INFO::Fitting model to feature number 206, HexCer.42.1.O3.HexCer.18.1.O2.24.0.O
2024-10-18 12:34:19.046044 INFO::Fitting model to feature number 207, HexCer.42.1.O4.HexCer.18.0.O3.24.1.2OH.
2024-10-18 12:34:19.101113 INFO::Fitting model to feature number 208, HexCer.42.2.O4.HexCer.18.1.O3.24.1.2OH.
2024-10-18 12:34:19.189277 INFO::Fitting model to feature number 209, HexCer.43.0.O4.HexCer.19.0.O3.24.0.2OH.
2024-10-18 12:34:19.245518 INFO::Fitting model to feature number 210, HexCer.44.0.O4.HexCer.20.0.O3.24.0.2OH.
2024-10-18 12:34:19.30048 INFO::Fitting model to feature number 211, Hexosyl.LPE.16.0
2024-10-18 12:34:19.369763 INFO::Fitting model to feature number 212, lactosylceramide.d18.1.24.1.15Z
2024-10-18 12:34:19.437335 INFO::Fitting model to feature number 213, LNAPE.20.4_N.19.1
2024-10-18 12:34:19.486912 INFO::Fitting model to feature number 214, LPC.17.0
2024-10-18 12:34:19.538187 INFO::Fitting model to feature number 215, LPC.18.0....265
2024-10-18 12:34:19.598452 INFO::Fitting model to feature number 216, LPC.18.1
2024-10-18 12:34:19.652797 INFO::Fitting model to feature number 217, LPC.18.2
2024-10-18 12:34:19.709421 INFO::Fitting model to feature number 218, LPC.18.3
2024-10-18 12:34:19.765128 INFO::Fitting model to feature number 219, LPC.19.0
2024-10-18 12:34:19.815704 INFO::Fitting model to feature number 220, LPC.20.0
2024-10-18 12:34:19.868317 INFO::Fitting model to feature number 221, LPC.20.1
2024-10-18 12:34:19.922724 INFO::Fitting model to feature number 222, LPC.20.4
2024-10-18 12:34:19.986 INFO::Fitting model to feature number 223, LPC.24.0.SN1
2024-10-18 12:34:20.048426 INFO::Fitting model to feature number 224, LPC.O.16.0
2024-10-18 12:34:20.126619 INFO::Fitting model to feature number 225, LPC.O.16.1....276
2024-10-18 12:34:20.179904 INFO::Fitting model to feature number 226, LPC.O.18.0
2024-10-18 12:34:20.23164 INFO::Fitting model to feature number 227, LPC.O.18.1
2024-10-18 12:34:20.284832 INFO::Fitting model to feature number 228, LPC.O.20.0
2024-10-18 12:34:20.33665 INFO::Fitting model to feature number 229, LPC.O.22.0
2024-10-18 12:34:20.3897 INFO::Fitting model to feature number 230, LPC.P.18.0.or.LPC.O.18.1
2024-10-18 12:34:20.443727 INFO::Fitting model to feature number 231, LPE.15.0
2024-10-18 12:34:20.51147 INFO::Fitting model to feature number 232, LPE.16.0....284
2024-10-18 12:34:20.579784 INFO::Fitting model to feature number 233, LPE.18.0
2024-10-18 12:34:20.64956 INFO::Fitting model to feature number 234, LPE.18.2
2024-10-18 12:34:20.700211 INFO::Fitting model to feature number 235, LPE.20.4
2024-10-18 12:34:20.752763 INFO::Fitting model to feature number 236, LPE.22.6
2024-10-18 12:34:20.801517 INFO::Fitting model to feature number 237, LPE.O.18.1
2024-10-18 12:34:20.851256 INFO::Fitting model to feature number 238, LPE.O.18.2
2024-10-18 12:34:20.920489 INFO::Fitting model to feature number 239, LPE.O.20.0
2024-10-18 12:34:20.989866 INFO::Fitting model to feature number 240, LPE.N..FA.34.1.LPE.N..FA.18.1.16.0
2024-10-18 12:34:21.042804 INFO::Fitting model to feature number 241, LPE.N..FA.34.2.LPE.N..FA.18.2.16.0
2024-10-18 12:34:21.125177 INFO::Fitting model to feature number 242, LPE.N..FA.36.3.LPE.N..FA.18.2.18.1
2024-10-18 12:34:21.193899 INFO::Fitting model to feature number 243, LPE.N..FA.36.4.LPE.N..FA.18.2.18.2
2024-10-18 12:34:21.258018 INFO::Fitting model to feature number 244, LPG.16.0
2024-10-18 12:34:21.310578 INFO::Fitting model to feature number 245, LPG.18.1
2024-10-18 12:34:21.359121 INFO::Fitting model to feature number 246, LPS.18.0
2024-10-18 12:34:21.435859 INFO::Fitting model to feature number 247, MGDG.17.0_18.2
2024-10-18 12:34:21.508399 INFO::Fitting model to feature number 248, MGDG.O.16.4_18.0
2024-10-18 12:34:21.558298 INFO::Fitting model to feature number 249, NAGly.29.1.O2.NAGly.16.0.O.FA.13.0.
2024-10-18 12:34:21.619088 INFO::Fitting model to feature number 250, NAGly.30.1.O2.NAGly.16.0.O.FA.14.0.
2024-10-18 12:34:21.677934 INFO::Fitting model to feature number 251, NAGly.31.1.O2.NAGly.16.0.O.FA.15.0.
2024-10-18 12:34:21.741473 INFO::Fitting model to feature number 252, NAGly.32.1.O2.NAGly.17.0.O.FA.15.0.
2024-10-18 12:34:21.806172 INFO::Fitting model to feature number 253, NAGly.33.1.O2.NAGly.18.0.O.FA.15.0.
2024-10-18 12:34:21.85285 INFO::Fitting model to feature number 254, NAGlySer.30.1.O2.NAGlySer.15.0.O.FA.15.0.
2024-10-18 12:34:21.905282 INFO::Fitting model to feature number 255, NAGlySer.31.1.O2.NAGlySer.16.0.O.FA.15.0.
2024-10-18 12:34:21.963883 INFO::Fitting model to feature number 256, NAGlySer.32.1.O2.NAGlySer.17.0.O.FA.15.0.
2024-10-18 12:34:22.029508 INFO::Fitting model to feature number 257, NAGlySer.33.1.O2.NAGlySer.17.0.O.FA.16.0.
2024-10-18 12:34:22.122756 INFO::Fitting model to feature number 258, NAGlySer.34.1.O2.NAGlySer.17.0.O.FA.17.0.
2024-10-18 12:34:22.168328 INFO::Fitting model to feature number 259, NAPhe.16.0
2024-10-18 12:34:22.218693 INFO::Fitting model to feature number 260, NAPhe.18.0
2024-10-18 12:34:22.272695 INFO::Fitting model to feature number 261, NAPhe.18.1
2024-10-18 12:34:22.321344 INFO::Fitting model to feature number 262, NAPhe.18.2
2024-10-18 12:34:22.375639 INFO::Fitting model to feature number 263, palmitoyl.ethanolamide
2024-10-18 12:34:22.426455 INFO::Fitting model to feature number 264, PC.16.0_14.0
2024-10-18 12:34:22.50022 INFO::Fitting model to feature number 265, PC.16.0_18.2
2024-10-18 12:34:22.549978 INFO::Fitting model to feature number 266, PC.18.1_18.2
2024-10-18 12:34:22.60396 INFO::Fitting model to feature number 267, PC.29.0
2024-10-18 12:34:22.65314 INFO::Fitting model to feature number 268, PC.30.0
2024-10-18 12:34:22.702792 INFO::Fitting model to feature number 269, PC.31.0
2024-10-18 12:34:22.75404 INFO::Fitting model to feature number 270, PC.31.1
2024-10-18 12:34:22.803782 INFO::Fitting model to feature number 271, PC.32.0
2024-10-18 12:34:22.855005 INFO::Fitting model to feature number 272, PC.32.1
2024-10-18 12:34:22.908793 INFO::Fitting model to feature number 273, PC.32.2
2024-10-18 12:34:22.977141 INFO::Fitting model to feature number 274, PC.33.1
2024-10-18 12:34:23.067333 INFO::Fitting model to feature number 275, PC.33.2
2024-10-18 12:34:23.128128 INFO::Fitting model to feature number 276, PC.34.0
2024-10-18 12:34:23.193821 INFO::Fitting model to feature number 277, PC.34.2
2024-10-18 12:34:23.242278 INFO::Fitting model to feature number 278, PC.34.3
2024-10-18 12:34:23.293949 INFO::Fitting model to feature number 279, PC.34.3.Isomer.B
2024-10-18 12:34:23.345442 INFO::Fitting model to feature number 280, PC.35.2.Isomer.B
2024-10-18 12:34:23.395471 INFO::Fitting model to feature number 281, PC.35.3
2024-10-18 12:34:23.44555 INFO::Fitting model to feature number 282, PC.35.4
2024-10-18 12:34:23.510744 INFO::Fitting model to feature number 283, PC.36.1
2024-10-18 12:34:23.57766 INFO::Fitting model to feature number 284, PC.36.3.Isomer.A
2024-10-18 12:34:23.641689 INFO::Fitting model to feature number 285, PC.36.4.Isomer.A
2024-10-18 12:34:23.704476 INFO::Fitting model to feature number 286, PC.36.4.Isomer.B
2024-10-18 12:34:23.777046 INFO::Fitting model to feature number 287, PC.36.5.Isomer.A
2024-10-18 12:34:23.87622 INFO::Fitting model to feature number 288, PC.36.5.Isomer.B
2024-10-18 12:34:23.966697 INFO::Fitting model to feature number 289, PC.36.5.Isomer.D
2024-10-18 12:34:24.021106 INFO::Fitting model to feature number 290, PC.38.2
2024-10-18 12:34:24.114742 INFO::Fitting model to feature number 291, PC.38.4.Isomer.B
2024-10-18 12:34:24.182762 INFO::Fitting model to feature number 292, PC.38.5.Isomer.B
2024-10-18 12:34:24.249263 INFO::Fitting model to feature number 293, PC.38.6.Isomer.A
2024-10-18 12:34:24.315163 INFO::Fitting model to feature number 294, PC.38.8
2024-10-18 12:34:24.37881 INFO::Fitting model to feature number 295, PC.40.3
2024-10-18 12:34:24.441798 INFO::Fitting model to feature number 296, PC.40.4
2024-10-18 12:34:24.500831 INFO::Fitting model to feature number 297, PC.40.6.Isomer.A
2024-10-18 12:34:24.563405 INFO::Fitting model to feature number 298, PC.40.7.Isomer.B
2024-10-18 12:34:24.606623 INFO::Fitting model to feature number 299, PC.42.4
2024-10-18 12:34:24.668843 INFO::Fitting model to feature number 300, PC.42.5
2024-10-18 12:34:24.726038 INFO::Fitting model to feature number 301, PC.O.20.0_20.4
2024-10-18 12:34:24.788573 INFO::Fitting model to feature number 302, PC.O.30.0
2024-10-18 12:34:24.837749 INFO::Fitting model to feature number 303, PC.O.31.7
2024-10-18 12:34:24.88513 INFO::Fitting model to feature number 304, PC.O.32.0
2024-10-18 12:34:24.935484 INFO::Fitting model to feature number 305, PC.O.33.5
2024-10-18 12:34:24.985581 INFO::Fitting model to feature number 306, PC.O.34.0
2024-10-18 12:34:25.067952 INFO::Fitting model to feature number 307, PC.O.34.4
2024-10-18 12:34:25.12285 INFO::Fitting model to feature number 308, PC.O.36.4
2024-10-18 12:34:25.173968 INFO::Fitting model to feature number 309, PC.P.32.1.or.PC.O.32.2
2024-10-18 12:34:25.222905 INFO::Fitting model to feature number 310, PC.P.34.0.or.PC.O.34.1
2024-10-18 12:34:25.272125 INFO::Fitting model to feature number 311, PC.P.34.1.or.PC.O.34.2
2024-10-18 12:34:25.322255 INFO::Fitting model to feature number 312, PC.P.38.3.or.PC.O.38.4.Isomer.B
2024-10-18 12:34:25.375034 INFO::Fitting model to feature number 313, PC.P.38.4.or.PC.O.38.5.Isomer.B
2024-10-18 12:34:25.42743 INFO::Fitting model to feature number 314, PC.P.40.1.or.PC.O.40.2
2024-10-18 12:34:25.478364 INFO::Fitting model to feature number 315, PC.P.40.3.or.PC.O.40.4
2024-10-18 12:34:25.536618 INFO::Fitting model to feature number 316, PE.16.0_16..1
2024-10-18 12:34:25.596083 INFO::Fitting model to feature number 317, PE.16.1_18.1
2024-10-18 12:34:25.644637 INFO::Fitting model to feature number 318, PE.29.0.PE.14.0_15.0
2024-10-18 12:34:25.694685 INFO::Fitting model to feature number 319, PE.30.0.PE.15.0_15.0
2024-10-18 12:34:25.756171 INFO::Fitting model to feature number 320, PE.31.0.PE.15.0_16.0
2024-10-18 12:34:25.806782 INFO::Fitting model to feature number 321, PE.32.1.PE.16.0_16.1
2024-10-18 12:34:25.871503 INFO::Fitting model to feature number 322, PE.32.2
2024-10-18 12:34:25.92421 INFO::Fitting model to feature number 323, PE.33.1.PE.15.0_18.1
2024-10-18 12:34:25.998288 INFO::Fitting model to feature number 324, PE.33.2.PE.15.0_18.2
2024-10-18 12:34:26.042666 INFO::Fitting model to feature number 325, PE.34.0
2024-10-18 12:34:26.096445 INFO::Fitting model to feature number 326, PE.34.1
2024-10-18 12:34:26.160871 INFO::Fitting model to feature number 327, PE.34.1.1
2024-10-18 12:34:26.225249 INFO::Fitting model to feature number 328, PE.34.2
2024-10-18 12:34:26.285758 INFO::Fitting model to feature number 329, PE.36.1
2024-10-18 12:34:26.349522 INFO::Fitting model to feature number 330, PE.36.2
2024-10-18 12:34:26.406039 INFO::Fitting model to feature number 331, PE.36.3
2024-10-18 12:34:26.45501 INFO::Fitting model to feature number 332, PE.36.4
2024-10-18 12:34:26.504331 INFO::Fitting model to feature number 333, PE.O.16.1_22.6
2024-10-18 12:34:26.561458 INFO::Fitting model to feature number 334, PE.O.22.6_16.1
2024-10-18 12:34:26.624902 INFO::Fitting model to feature number 335, PE.O.36.1
2024-10-18 12:34:26.689137 INFO::Fitting model to feature number 336, PE.P.34.1.or.PE.O.34.2
2024-10-18 12:34:26.751831 INFO::Fitting model to feature number 337, PE.P.36.1.or.PE.O.36.2
2024-10-18 12:34:26.815979 INFO::Fitting model to feature number 338, PE.Cer.35.0.O3.PE.Cer.21.0.O2.14.0.O
2024-10-18 12:34:26.879543 INFO::Fitting model to feature number 339, PE.Cer.36.0.O3.PE.Cer.19.0.O2.17.0.O
2024-10-18 12:34:26.975625 INFO::Fitting model to feature number 340, PEtOH.18.1_18.1
2024-10-18 12:34:27.038789 INFO::Fitting model to feature number 341, PEtOH.18.1_20.4
2024-10-18 12:34:27.101987 INFO::Fitting model to feature number 342, PEtOH.38.4
2024-10-18 12:34:27.160387 INFO::Fitting model to feature number 343, PG.16.0_16.0
2024-10-18 12:34:27.222712 INFO::Fitting model to feature number 344, PG.30.0.PG.15.0_15.0
2024-10-18 12:34:27.284678 INFO::Fitting model to feature number 345, PG.33.0.PG.16.0_17.0
2024-10-18 12:34:27.347882 INFO::Fitting model to feature number 346, PG.34.1.PG.16.0_18.1
2024-10-18 12:34:27.409562 INFO::Fitting model to feature number 347, PG.34.2
2024-10-18 12:34:27.473001 INFO::Fitting model to feature number 348, PG.40.7
2024-10-18 12:34:27.534338 INFO::Fitting model to feature number 349, PG.40.8
2024-10-18 12:34:27.597303 INFO::Fitting model to feature number 350, PG.O.34.2.PG.O.18.2_16.0
2024-10-18 12:34:27.664223 INFO::Fitting model to feature number 351, PG.O.36.2.PG.O.18.1_18.1
2024-10-18 12:34:27.716562 INFO::Fitting model to feature number 352, PGE2
2024-10-18 12:34:27.766567 INFO::Fitting model to feature number 353, Phosphatidylethanolamine.alkenyl.16.0.20.4
2024-10-18 12:34:27.818622 INFO::Fitting model to feature number 354, PI.34.1.Isomer.A
2024-10-18 12:34:27.869769 INFO::Fitting model to feature number 355, PI.34.2.Isomer.A
2024-10-18 12:34:27.93598 INFO::Fitting model to feature number 356, PI.36.1.Isomer.A
2024-10-18 12:34:28.023582 INFO::Fitting model to feature number 357, PI.36.2
2024-10-18 12:34:28.075414 INFO::Fitting model to feature number 358, PI.36.3.Isomer.B
2024-10-18 12:34:28.124394 INFO::Fitting model to feature number 359, PI.38.3
2024-10-18 12:34:28.175546 INFO::Fitting model to feature number 360, PI.38.4
2024-10-18 12:34:28.241313 INFO::Fitting model to feature number 361, PI.Cer.33.0.O3
2024-10-18 12:34:28.290765 INFO::Fitting model to feature number 362, PI.Cer.34.0.O3
2024-10-18 12:34:28.342758 INFO::Fitting model to feature number 363, PI.Cer.35.0.O3
2024-10-18 12:34:28.38913 INFO::Fitting model to feature number 364, PI.Cer.36.0.O3
2024-10-18 12:34:28.441229 INFO::Fitting model to feature number 365, PS.16.0_22.4
2024-10-18 12:34:28.493804 INFO::Fitting model to feature number 366, PS.36.1
2024-10-18 12:34:28.546048 INFO::Fitting model to feature number 367, SHexCer.34.1.3O
2024-10-18 12:34:28.597986 INFO::Fitting model to feature number 368, SHexCer.d34.1
2024-10-18 12:34:28.665999 INFO::Fitting model to feature number 369, SL.32.0.O.SL.17.0.O.15.0
2024-10-18 12:34:28.730819 INFO::Fitting model to feature number 370, SL.33.0.O.SL.17.0.O.16.0
2024-10-18 12:34:28.791142 INFO::Fitting model to feature number 371, SL.34.1.O2.SL.17.0.O.17.1.O
2024-10-18 12:34:28.855834 INFO::Fitting model to feature number 372, SL.35.1.O2.SL.18.0.O.17.1.O
2024-10-18 12:34:29.275405 INFO::Fitting model to feature number 373, SM.18.0.2O.22.0
2024-10-18 12:34:29.317417 INFO::Fitting model to feature number 374, SM.24.1
2024-10-18 12:34:29.383963 INFO::Fitting model to feature number 375, SM.29.2.2O.8.0
2024-10-18 12:34:29.459238 INFO::Fitting model to feature number 376, SM.30.2.2O..FA.14.1.
2024-10-18 12:34:29.527324 INFO::Fitting model to feature number 377, SM.34.1.3O
2024-10-18 12:34:29.593209 INFO::Fitting model to feature number 378, SM.36.4.3O
2024-10-18 12:34:29.6451 INFO::Fitting model to feature number 379, SM.38.4.3O
2024-10-18 12:34:29.697462 INFO::Fitting model to feature number 380, SM.42.1.3O
2024-10-18 12:34:29.751921 INFO::Fitting model to feature number 381, SM.43.3.2O
2024-10-18 12:34:29.806577 INFO::Fitting model to feature number 382, SM.d32.0.Isomer.B
2024-10-18 12:34:29.86104 INFO::Fitting model to feature number 383, SM.d32.1
2024-10-18 12:34:29.923394 INFO::Fitting model to feature number 384, SM.d33.1
2024-10-18 12:34:29.976896 INFO::Fitting model to feature number 385, SM.d34.0
2024-10-18 12:34:30.037124 INFO::Fitting model to feature number 386, SM.d34.1
2024-10-18 12:34:30.091152 INFO::Fitting model to feature number 387, SM.d36.0.Isomer.B
2024-10-18 12:34:30.163005 INFO::Fitting model to feature number 388, SM.d36.4
2024-10-18 12:34:30.226207 INFO::Fitting model to feature number 389, SM.d38.0
2024-10-18 12:34:30.317704 INFO::Fitting model to feature number 390, SM.d40.0.Isomer.B
2024-10-18 12:34:30.368533 INFO::Fitting model to feature number 391, SM.d40.1
2024-10-18 12:34:30.42296 INFO::Fitting model to feature number 392, SM.d42.1
2024-10-18 12:34:30.478462 INFO::Fitting model to feature number 393, SM.d42.2.Isomer.B
2024-10-18 12:34:30.540035 INFO::Fitting model to feature number 394, SM.d43.2
2024-10-18 12:34:30.589558 INFO::Fitting model to feature number 395, SM.d44.3
2024-10-18 12:34:30.652484 INFO::Fitting model to feature number 396, SPB.18.1.O2
2024-10-18 12:34:30.719035 INFO::Fitting model to feature number 397, SPB.20.0.2O
2024-10-18 12:34:30.78304 INFO::Fitting model to feature number 398, TG.10.0_10.0_18.2
2024-10-18 12:34:30.802633 WARNING::Fitting problem for feature 398 a warning was issued
2024-10-18 12:34:30.851239 INFO::Fitting model to feature number 399, TG.12.0_14.0_15.0
2024-10-18 12:34:30.901535 INFO::Fitting model to feature number 400, TG.34.0
2024-10-18 12:34:30.951027 INFO::Fitting model to feature number 401, TG.39.0
2024-10-18 12:34:30.974611 WARNING::Fitting problem for feature 401 a warning was issued
2024-10-18 12:34:31.037398 INFO::Fitting model to feature number 402, TG.43.1
2024-10-18 12:34:31.090365 INFO::Fitting model to feature number 403, TG.44.0
2024-10-18 12:34:31.143931 INFO::Fitting model to feature number 404, TG.44.2
2024-10-18 12:34:31.202356 INFO::Fitting model to feature number 405, TG.45.0
2024-10-18 12:34:31.287469 INFO::Fitting model to feature number 406, TG.46.3.Isomer.A
2024-10-18 12:34:31.337637 INFO::Fitting model to feature number 407, TG.47.2
2024-10-18 12:34:31.391508 INFO::Fitting model to feature number 408, TG.49.1
2024-10-18 12:34:31.449179 INFO::Fitting model to feature number 409, TG.49.3
2024-10-18 12:34:31.508583 INFO::Fitting model to feature number 410, TG.50.4
2024-10-18 12:34:31.535446 WARNING::Fitting problem for feature 410 a warning was issued
2024-10-18 12:34:31.61325 INFO::Fitting model to feature number 411, TG.51.2.TG.17.0_16.1_18.1
2024-10-18 12:34:31.635234 WARNING::Fitting problem for feature 411 a warning was issued
2024-10-18 12:34:31.717646 INFO::Fitting model to feature number 412, TG.53.0
2024-10-18 12:34:31.798828 INFO::Fitting model to feature number 413, TG.53.1
2024-10-18 12:34:31.830924 WARNING::Fitting problem for feature 413 a warning was issued
2024-10-18 12:34:31.91283 INFO::Fitting model to feature number 414, TG.53.9.TG.17.3_18.3_18.3
2024-10-18 12:34:31.99163 INFO::Fitting model to feature number 415, TG.54.5.O2.TG.18.1_18.2_18.2.O2
2024-10-18 12:34:32.062805 INFO::Fitting model to feature number 416, TG.54.7.O2.TG.18.3_18.3_18.1.O2
2024-10-18 12:34:32.142568 INFO::Fitting model to feature number 417, TG.56.5.Isomer.A
2024-10-18 12:34:32.202796 INFO::Fitting model to feature number 418, TG.58.6
2024-10-18 12:34:32.263933 INFO::Fitting model to feature number 419, TG.58.7
2024-10-18 12:34:32.333 INFO::Fitting model to feature number 420, TG.59.2.TG.16.0_25.0_18.2
2024-10-18 12:34:32.395474 INFO::Fitting model to feature number 421, TG.60.0.TG.18.0_20.0_22.0
2024-10-18 12:34:32.474843 INFO::Fitting model to feature number 422, TG.61.3.TG.18.0_25.0_18.3
2024-10-18 12:34:32.535347 INFO::Fitting model to feature number 423, TG.67.6.TG.31.0_18.3_18.3
2024-10-18 12:34:32.604683 INFO::Fitting model to feature number 424, TG.69.6.TG.33.0_18.3_18.3
2024-10-18 12:34:32.682595 INFO::Fitting model to feature number 425, TG.8.0_10.0_18.2
2024-10-18 12:34:32.748747 INFO::Fitting model to feature number 426, TG.8.0_15.0_18.1
2024-10-18 12:34:32.812284 INFO::Fitting model to feature number 427, TG.8.0_18.2_18.2
2024-10-18 12:34:32.874918 INFO::Fitting model to feature number 428, zymostenol
2024-10-18 12:34:32.937379 INFO::Fitting model to feature number 429, xylulose
2024-10-18 12:34:33.006937 INFO::Fitting model to feature number 430, xylose
2024-10-18 12:34:33.070992 INFO::Fitting model to feature number 431, xanthosine
2024-10-18 12:34:33.150764 INFO::Fitting model to feature number 432, vanillic.acid
2024-10-18 12:34:33.222547 INFO::Fitting model to feature number 433, uridine
2024-10-18 12:34:33.294712 INFO::Fitting model to feature number 434, uric.acid
2024-10-18 12:34:33.374081 INFO::Fitting model to feature number 435, urea
2024-10-18 12:34:33.443516 INFO::Fitting model to feature number 436, tyrosol
2024-10-18 12:34:33.514964 INFO::Fitting model to feature number 437, tyrosine
2024-10-18 12:34:33.602292 INFO::Fitting model to feature number 438, tyramine
2024-10-18 12:34:33.662401 INFO::Fitting model to feature number 439, tryptophan
2024-10-18 12:34:33.712196 INFO::Fitting model to feature number 440, tocopherol.gamma.
2024-10-18 12:34:33.760326 INFO::Fitting model to feature number 441, tocopherol.alpha.
2024-10-18 12:34:33.809959 INFO::Fitting model to feature number 442, thymidine.5.phosphate
2024-10-18 12:34:33.876417 INFO::Fitting model to feature number 443, thymidine
2024-10-18 12:34:33.947331 INFO::Fitting model to feature number 444, taurine
2024-10-18 12:34:34.010122 INFO::Fitting model to feature number 445, succinic.acid
2024-10-18 12:34:34.083908 INFO::Fitting model to feature number 446, suberic.acid
2024-10-18 12:34:34.136563 INFO::Fitting model to feature number 447, sinapinic.acid
2024-10-18 12:34:34.190505 INFO::Fitting model to feature number 448, shikimic.acid
2024-10-18 12:34:34.258036 INFO::Fitting model to feature number 449, serotonin
2024-10-18 12:34:34.329003 INFO::Fitting model to feature number 450, ribose
2024-10-18 12:34:34.40058 INFO::Fitting model to feature number 451, ribonic.acid
2024-10-18 12:34:34.47112 INFO::Fitting model to feature number 452, ribitol
2024-10-18 12:34:34.539857 INFO::Fitting model to feature number 453, quinolinic.acid
2024-10-18 12:34:34.607954 INFO::Fitting model to feature number 454, quinic.acid
2024-10-18 12:34:34.695607 INFO::Fitting model to feature number 455, putrescine
2024-10-18 12:34:34.755509 INFO::Fitting model to feature number 456, pseudo.uridine
2024-10-18 12:34:34.801836 INFO::Fitting model to feature number 457, piperidone
2024-10-18 12:34:34.851682 INFO::Fitting model to feature number 458, pimelic.acid
2024-10-18 12:34:34.916455 INFO::Fitting model to feature number 459, phosphoinositol
2024-10-18 12:34:34.981208 INFO::Fitting model to feature number 460, phosphate
2024-10-18 12:34:35.054003 INFO::Fitting model to feature number 461, phenylalanine
2024-10-18 12:34:35.122063 INFO::Fitting model to feature number 462, phenylacetic.acid
2024-10-18 12:34:35.192991 INFO::Fitting model to feature number 463, pelargonic.acid
2024-10-18 12:34:35.255067 INFO::Fitting model to feature number 464, parabanic.acid
2024-10-18 12:34:35.32654 INFO::Fitting model to feature number 465, panose
2024-10-18 12:34:35.389446 INFO::Fitting model to feature number 466, palmitoleic.acid
2024-10-18 12:34:35.447762 INFO::Fitting model to feature number 467, nonadecanoic.acid
2024-10-18 12:34:35.520283 INFO::Fitting model to feature number 468, N.carbamylglutamate
2024-10-18 12:34:35.594854 INFO::Fitting model to feature number 469, N.alpha.acetyllysine
2024-10-18 12:34:35.649298 INFO::Fitting model to feature number 470, N.acetylputrescine
2024-10-18 12:34:35.705408 INFO::Fitting model to feature number 471, N.acetylneuraminic.acid
2024-10-18 12:34:35.77764 INFO::Fitting model to feature number 472, N.acetylglutamate
2024-10-18 12:34:35.829924 INFO::Fitting model to feature number 473, N.acetyl.D.mannosamine
2024-10-18 12:34:35.848978 WARNING::Fitting problem for feature 473 a warning was issued
2024-10-18 12:34:35.900405 INFO::Fitting model to feature number 474, N.acetylaspartic.acid
2024-10-18 12:34:35.954159 INFO::Fitting model to feature number 475, myristic.acid
2024-10-18 12:34:36.02287 INFO::Fitting model to feature number 476, montanic.acid
2024-10-18 12:34:36.075912 INFO::Fitting model to feature number 477, methyl.O.D.galactopyranoside
2024-10-18 12:34:36.152244 INFO::Fitting model to feature number 478, methoxytryptamine
2024-10-18 12:34:36.234218 INFO::Fitting model to feature number 479, methionine
2024-10-18 12:34:36.316968 INFO::Fitting model to feature number 480, methanolphosphate
2024-10-18 12:34:36.39871 INFO::Fitting model to feature number 481, maltotriose
2024-10-18 12:34:36.469609 INFO::Fitting model to feature number 482, malonamide
2024-10-18 12:34:36.537571 INFO::Fitting model to feature number 483, malic.acid
2024-10-18 12:34:36.607878 INFO::Fitting model to feature number 484, maleimide
2024-10-18 12:34:36.665723 INFO::Fitting model to feature number 485, maleic.acid
2024-10-18 12:34:36.718213 INFO::Fitting model to feature number 486, lyxitol
2024-10-18 12:34:36.780999 INFO::Fitting model to feature number 487, lithocholic.acid
2024-10-18 12:34:36.860171 INFO::Fitting model to feature number 488, linolenic.acid
2024-10-18 12:34:36.926309 INFO::Fitting model to feature number 489, lignoceric.acid
2024-10-18 12:34:36.981101 INFO::Fitting model to feature number 490, leucrose
2024-10-18 12:34:37.042482 INFO::Fitting model to feature number 491, lauric.acid
2024-10-18 12:34:37.102098 INFO::Fitting model to feature number 492, lactulose
2024-10-18 12:34:37.169363 INFO::Fitting model to feature number 493, lactose
2024-10-18 12:34:37.234591 INFO::Fitting model to feature number 494, lactic.acid
2024-10-18 12:34:37.298702 INFO::Fitting model to feature number 495, isothreonic.acid
2024-10-18 12:34:37.351591 INFO::Fitting model to feature number 496, isomyristic.acid
2024-10-18 12:34:37.405411 INFO::Fitting model to feature number 497, isocholic.acid
2024-10-18 12:34:37.464214 INFO::Fitting model to feature number 498, inositol.4.monophosphate
2024-10-18 12:34:37.515436 INFO::Fitting model to feature number 499, inosine
2024-10-18 12:34:37.56411 INFO::Fitting model to feature number 500, indole.3.lactate
2024-10-18 12:34:37.623043 INFO::Fitting model to feature number 501, hypotaurine
2024-10-18 12:34:37.692567 INFO::Fitting model to feature number 502, homoserine
2024-10-18 12:34:37.755555 INFO::Fitting model to feature number 503, heptanoic.acid
2024-10-18 12:34:37.817641 INFO::Fitting model to feature number 504, guanosine
2024-10-18 12:34:37.892203 INFO::Fitting model to feature number 505, guanidinosuccinate
2024-10-18 12:34:37.944665 INFO::Fitting model to feature number 506, glycyl.tyrosine
2024-10-18 12:34:37.996176 INFO::Fitting model to feature number 507, glycine
2024-10-18 12:34:38.018842 WARNING::Fitting problem for feature 507 a warning was issued
2024-10-18 12:34:38.070737 INFO::Fitting model to feature number 508, glycerol.alpha.phosphate
2024-10-18 12:34:38.121692 INFO::Fitting model to feature number 509, glycerol.3.galactoside
2024-10-18 12:34:38.179717 INFO::Fitting model to feature number 510, glycerol
2024-10-18 12:34:38.232174 INFO::Fitting model to feature number 511, glyceric.acid
2024-10-18 12:34:38.286373 INFO::Fitting model to feature number 512, glutaric.acid
2024-10-18 12:34:38.350282 INFO::Fitting model to feature number 513, glucose.6.phosphate
2024-10-18 12:34:38.419023 INFO::Fitting model to feature number 514, glucose.1.phosphate
2024-10-18 12:34:38.484401 INFO::Fitting model to feature number 515, glucose
2024-10-18 12:34:38.546468 INFO::Fitting model to feature number 516, glucoheptulose
2024-10-18 12:34:38.616449 INFO::Fitting model to feature number 517, galacturonic.acid
2024-10-18 12:34:38.678363 INFO::Fitting model to feature number 518, galactose
2024-10-18 12:34:38.743915 INFO::Fitting model to feature number 519, galactinol
2024-10-18 12:34:38.819244 INFO::Fitting model to feature number 520, fumaric.acid
2024-10-18 12:34:38.885651 INFO::Fitting model to feature number 521, fructose.6.phosphate
2024-10-18 12:34:38.972773 INFO::Fitting model to feature number 522, fructose
2024-10-18 12:34:39.03583 INFO::Fitting model to feature number 523, ferulic.acid
2024-10-18 12:34:39.107566 INFO::Fitting model to feature number 524, ethanolamine
2024-10-18 12:34:39.168918 INFO::Fitting model to feature number 525, enolpyruvate
2024-10-18 12:34:39.233381 INFO::Fitting model to feature number 526, dihydrocholesterol
2024-10-18 12:34:39.283309 INFO::Fitting model to feature number 527, dihydro.3.coumaric.acid
2024-10-18 12:34:39.346557 INFO::Fitting model to feature number 528, digalacturonic.acid
2024-10-18 12:34:39.405332 INFO::Fitting model to feature number 529, cysteine
2024-10-18 12:34:39.463042 INFO::Fitting model to feature number 530, coprostan.3.one
2024-10-18 12:34:39.51759 INFO::Fitting model to feature number 531, citric.acid
2024-10-18 12:34:39.568812 INFO::Fitting model to feature number 532, cholic.acid
2024-10-18 12:34:39.616842 INFO::Fitting model to feature number 533, cholesterol
2024-10-18 12:34:39.672725 INFO::Fitting model to feature number 534, chenodeoxycholic.acid
2024-10-18 12:34:39.72804 INFO::Fitting model to feature number 535, cerotinic.acid
2024-10-18 12:34:39.793699 INFO::Fitting model to feature number 536, cellobiose
2024-10-18 12:34:39.849635 INFO::Fitting model to feature number 537, capric.acid
2024-10-18 12:34:39.925658 INFO::Fitting model to feature number 538, campesterol
2024-10-18 12:34:39.980379 INFO::Fitting model to feature number 539, cadaverine
2024-10-18 12:34:40.041238 INFO::Fitting model to feature number 540, butyrolactam
2024-10-18 12:34:40.094213 INFO::Fitting model to feature number 541, butylamine
2024-10-18 12:34:40.148374 INFO::Fitting model to feature number 542, biphenyl
2024-10-18 12:34:40.204521 INFO::Fitting model to feature number 543, beta.glutamic.acid
2024-10-18 12:34:40.26739 INFO::Fitting model to feature number 544, beta.alanyl.lysine
2024-10-18 12:34:40.340293 INFO::Fitting model to feature number 545, beta.alanine
2024-10-18 12:34:40.397575 INFO::Fitting model to feature number 546, behenic.acid
2024-10-18 12:34:40.461818 INFO::Fitting model to feature number 547, azelaic.acid
2024-10-18 12:34:40.527148 INFO::Fitting model to feature number 548, asparagine
2024-10-18 12:34:40.586835 INFO::Fitting model to feature number 549, arachidic.acid
2024-10-18 12:34:40.658993 INFO::Fitting model to feature number 550, arabitol
2024-10-18 12:34:40.721386 INFO::Fitting model to feature number 551, anthranilic.acid
2024-10-18 12:34:40.781997 INFO::Fitting model to feature number 552, adipic.acid
2024-10-18 12:34:40.847096 INFO::Fitting model to feature number 553, adenosine
2024-10-18 12:34:40.906366 INFO::Fitting model to feature number 554, X6.deoxyglucose
2024-10-18 12:34:40.991248 INFO::Fitting model to feature number 555, X5.methoxytryptamine
2024-10-18 12:34:41.053455 INFO::Fitting model to feature number 556, X5.hydroxymethyl.2.furoic.acid
2024-10-18 12:34:41.111448 INFO::Fitting model to feature number 557, X5.aminovaleric.acid
2024-10-18 12:34:41.169229 INFO::Fitting model to feature number 558, X4.pyridoxic.acid
2024-10-18 12:34:41.220045 INFO::Fitting model to feature number 559, X4.hydroxyphenylacetic.acid
2024-10-18 12:34:41.280079 INFO::Fitting model to feature number 560, X4.hydroxybutyric.acid
2024-10-18 12:34:41.353363 INFO::Fitting model to feature number 561, X4..5.dihydroxy.7.glucosyloxyflavanone
2024-10-18 12:34:41.418481 INFO::Fitting model to feature number 562, X3.phenyllactic.acid
2024-10-18 12:34:41.483548 INFO::Fitting model to feature number 563, X3.hydroxyphenylacetic.acid
2024-10-18 12:34:41.545574 INFO::Fitting model to feature number 564, X3.hydroxypalmitic.acid
2024-10-18 12:34:41.568839 WARNING::Fitting problem for feature 564 a warning was issued
2024-10-18 12:34:41.635191 INFO::Fitting model to feature number 565, X3.hydroxy.3.methylglutaric.acid
2024-10-18 12:34:41.659537 WARNING::Fitting problem for feature 565 a warning was issued
2024-10-18 12:34:41.710939 INFO::Fitting model to feature number 566, X3.aminoisobutyric.acid
2024-10-18 12:34:41.767668 INFO::Fitting model to feature number 567, X3.6.anhydro.D.galactose
2024-10-18 12:34:41.817255 INFO::Fitting model to feature number 568, X3.4.dihydroxycinnamic.acid
2024-10-18 12:34:41.874319 INFO::Fitting model to feature number 569, X3..4.hydroxyphenyl.propionic.acid
2024-10-18 12:34:41.940052 INFO::Fitting model to feature number 570, X3..3.hydroxyphenyl.propionic.acid
2024-10-18 12:34:42.025025 INFO::Fitting model to feature number 571, X3..3.hydroxyphenyl..3.hydroxypropionic.acid
2024-10-18 12:34:42.099023 INFO::Fitting model to feature number 572, X2.ketoisocaproic.acid
2024-10-18 12:34:42.171077 INFO::Fitting model to feature number 573, X2.hydroxyisocaproic.acid
2024-10-18 12:34:42.270802 INFO::Fitting model to feature number 574, X2.hydroxyglutaric.acid
2024-10-18 12:34:42.346592 INFO::Fitting model to feature number 575, X2.deoxyuridine
2024-10-18 12:34:42.414867 INFO::Fitting model to feature number 576, X2.deoxytetronic.acid
2024-10-18 12:34:42.483281 INFO::Fitting model to feature number 577, X2..deoxyguanosine
2024-10-18 12:34:42.551876 INFO::Fitting model to feature number 578, X2.6.diaminopimelic.acid
2024-10-18 12:34:42.619749 INFO::Fitting model to feature number 579, X2.5.dihydroxypyrazine
2024-10-18 12:34:42.686564 INFO::Fitting model to feature number 580, X2.3.diaminopropionic.acid
2024-10-18 12:34:42.749964 INFO::Fitting model to feature number 581, X1.monopalmitin
2024-10-18 12:34:42.813155 INFO::Fitting model to feature number 582, X1.kestose
2024-10-18 12:34:42.876256 INFO::Fitting model to feature number 583, X1.3.diaminopropane
2024-10-18 12:34:42.938033 INFO::Fitting model to feature number 584, X1.2.4.benzenetriol
2024-10-18 12:34:42.997696 INFO::Fitting model to feature number 585, X.15.3..Anacardic.acid
2024-10-18 12:34:43.065701 INFO::Fitting model to feature number 586, X.9Z.12R..12.Hydroxyoctadec.9.enoic.acid
2024-10-18 12:34:43.124251 INFO::Fitting model to feature number 587, X.dehydro.ornithine
2024-10-18 12:34:43.221853 INFO::Fitting model to feature number 588, X.R..Butyrylcarnitine
2024-10-18 12:34:43.281375 INFO::Fitting model to feature number 589, X.S..1.Methylnicotinium
2024-10-18 12:34:43.330559 INFO::Fitting model to feature number 590, X.sulfanylsulfonyl.methane
2024-10-18 12:34:43.378651 INFO::Fitting model to feature number 591, X.Z..5.8.11.trihydroxyoctadec.9.enoic.acid
2024-10-18 12:34:43.442776 INFO::Fitting model to feature number 592, X1..1Z.Hexadecenyl..sn.glycero.3.phosphocholine
2024-10-18 12:34:43.504239 INFO::Fitting model to feature number 593, X1..1Z.Octadecenyl..sn.glycero.3.phosphocholine
2024-10-18 12:34:43.563227 INFO::Fitting model to feature number 594, X1..9Z.12Z.Octadecadienoyl.2.hydroxy.sn.glycero.3.phosphocholine
2024-10-18 12:34:43.621669 INFO::Fitting model to feature number 595, X1.2.Cyclohexanedione
2024-10-18 12:34:43.683038 INFO::Fitting model to feature number 596, X1.7.Dimethyluric.acid
2024-10-18 12:34:43.753452 INFO::Fitting model to feature number 597, X1.Hexadecyl.sn.glycero.3.phosphocholine
2024-10-18 12:34:43.807179 INFO::Fitting model to feature number 598, X1.Methylnicotinamide
2024-10-18 12:34:43.863282 INFO::Fitting model to feature number 599, X1.Methylpseudouridine
2024-10-18 12:34:43.917797 INFO::Fitting model to feature number 600, X1.Palmitoyl.2.hydroxy.sn.glycero.3.phospho..1..rac.glycerol.
2024-10-18 12:34:43.984625 INFO::Fitting model to feature number 601, X1.Palmitoyl.sn.glycero.3.phosphocholine
2024-10-18 12:34:44.051512 INFO::Fitting model to feature number 602, X1.Stearoyl.2.hydroxy.sn.glycero.3.phosphocholine
2024-10-18 12:34:44.103276 INFO::Fitting model to feature number 603, X1.Stearoyl.2.hydroxy.sn.glycero.3.phosphoethanolamine
2024-10-18 12:34:44.191947 INFO::Fitting model to feature number 604, X2..1.Methyl.1H.imidazol.5.yl.acetic.acid
2024-10-18 12:34:44.308652 INFO::Fitting model to feature number 605, X2..2.6.dimethylmorpholin.4.yl.ethanol
2024-10-18 12:34:44.383075 INFO::Fitting model to feature number 606, X2..n.ethyl.n.m.toluidino.ethanol
2024-10-18 12:34:44.459235 INFO::Fitting model to feature number 607, X2.6.dihydroxybenzoic.acid
2024-10-18 12:34:44.518358 INFO::Fitting model to feature number 608, X2.acetylpyrazine
2024-10-18 12:34:44.570101 INFO::Fitting model to feature number 609, X2.Amino.1.phenylethanol
2024-10-18 12:34:44.619868 INFO::Fitting model to feature number 610, X2.Amino.3.methoxybenzoic.acid
2024-10-18 12:34:44.676609 INFO::Fitting model to feature number 611, X2..Deoxycytidine
2024-10-18 12:34:44.750382 INFO::Fitting model to feature number 612, X2..Deoxycytidine.1
2024-10-18 12:34:44.826307 INFO::Fitting model to feature number 613, X2..Deoxyguanosine.5..monophosphate
2024-10-18 12:34:44.900767 INFO::Fitting model to feature number 614, X2..Deoxyinosine
2024-10-18 12:34:44.969318 INFO::Fitting model to feature number 615, X2.Hydroxy.4.methylpentanoic.acid
2024-10-18 12:34:45.032761 INFO::Fitting model to feature number 616, X2.Hydroxybenzaldehyde
2024-10-18 12:34:45.089409 INFO::Fitting model to feature number 617, X2.hydroxybutyric.acid
2024-10-18 12:34:45.146368 INFO::Fitting model to feature number 618, X2.hydroxypalmitic.acid
2024-10-18 12:34:45.203995 INFO::Fitting model to feature number 619, X2.Hydroxyphenethyl.alcohol
2024-10-18 12:34:45.277223 INFO::Fitting model to feature number 620, X2.Isopropylmalic.acid
2024-10-18 12:34:45.340221 INFO::Fitting model to feature number 621, X2.Methyl.N..4.Methylphenyl.alanine
2024-10-18 12:34:45.426613 INFO::Fitting model to feature number 622, X2.phenylmalonaldehyde
2024-10-18 12:34:45.473179 INFO::Fitting model to feature number 623, X2.Pyridone
2024-10-18 12:34:45.526136 INFO::Fitting model to feature number 624, X3..1.Methyl.1H.pyrazol.5.yl.propanoic.acid
2024-10-18 12:34:45.577825 INFO::Fitting model to feature number 625, X3..1.Pyrazolyl..alanine
2024-10-18 12:34:45.64012 INFO::Fitting model to feature number 626, X3..3.Hydroxyphenyl.propionic.acid
2024-10-18 12:34:45.707299 INFO::Fitting model to feature number 627, X3..5..2.Methylpropyl..3.6.dioxopiperazin.2.yl.propanoic.acid
2024-10-18 12:34:45.768764 INFO::Fitting model to feature number 628, X3.beta.allopregnanolone.sulfate
2024-10-18 12:34:45.828198 INFO::Fitting model to feature number 629, X3.cyanocoumarin
2024-10-18 12:34:45.882585 INFO::Fitting model to feature number 630, X3.Deoxyuridine
2024-10-18 12:34:45.938457 INFO::Fitting model to feature number 631, X3.hydroxybutyrylcarnitine
2024-10-18 12:34:45.999439 INFO::Fitting model to feature number 632, X3.Hydroxymorphinan
2024-10-18 12:34:46.058162 INFO::Fitting model to feature number 633, X3.Hydroxyproline
2024-10-18 12:34:46.117098 INFO::Fitting model to feature number 634, X3.Hydroxyvaleric.acid
2024-10-18 12:34:46.18977 INFO::Fitting model to feature number 635, X3.Methyl.gamma.butyrolactone
2024-10-18 12:34:46.260222 INFO::Fitting model to feature number 636, X3.Methylhistidine
2024-10-18 12:34:46.284727 WARNING::Fitting problem for feature 636 a warning was issued
2024-10-18 12:34:46.356789 INFO::Fitting model to feature number 637, X3.Methylxanthine
2024-10-18 12:34:46.441621 INFO::Fitting model to feature number 638, X3.oxocholic.acid
2024-10-18 12:34:46.493739 INFO::Fitting model to feature number 639, X4.Acetamidobutyric.acid
2024-10-18 12:34:46.555588 INFO::Fitting model to feature number 640, X4.Amino.2.methyl.5.pyrimidinemethanol
2024-10-18 12:34:46.622125 INFO::Fitting model to feature number 641, X4.Aminomethylcyclohexanecarboxylic.acid
2024-10-18 12:34:46.697493 INFO::Fitting model to feature number 642, X4.aminosalicylic.acid
2024-10-18 12:34:46.753964 INFO::Fitting model to feature number 643, X4.Hydroxymandelonitrile
2024-10-18 12:34:46.805352 INFO::Fitting model to feature number 644, X4.Methyl.5.thiazoleethanol
2024-10-18 12:34:46.857489 INFO::Fitting model to feature number 645, X4.Pentylaniline
2024-10-18 12:34:46.910269 INFO::Fitting model to feature number 646, X4.Trimethylammoniobutanoic.acid
2024-10-18 12:34:46.96982 INFO::Fitting model to feature number 647, X5.Acetylamino.6.amino.3.methyluracil
2024-10-18 12:34:47.025194 INFO::Fitting model to feature number 648, X5.Aminosalicylic.acid
2024-10-18 12:34:47.095022 INFO::Fitting model to feature number 649, X5.beta.androstan.3.alpha.ol.17.one.sulfate
2024-10-18 12:34:47.153643 INFO::Fitting model to feature number 650, X5.hydroxyindoleacetate
2024-10-18 12:34:47.229991 INFO::Fitting model to feature number 651, X5.Hydroxymethylcytidine
2024-10-18 12:34:47.303311 INFO::Fitting model to feature number 652, X5.Methylcytidine
2024-10-18 12:34:47.355295 INFO::Fitting model to feature number 653, X5..Methylthioadenosine
2024-10-18 12:34:47.414056 INFO::Fitting model to feature number 654, X6.7.Dihydroxycoumarin
2024-10-18 12:34:47.495723 INFO::Fitting model to feature number 655, X6.Aminoindazole
2024-10-18 12:34:47.559898 INFO::Fitting model to feature number 656, X7.Keto.3alpha.12.alpha.dihydroxycholanic.acid
2024-10-18 12:34:47.624496 INFO::Fitting model to feature number 657, X7.Methylguanine
2024-10-18 12:34:47.687762 INFO::Fitting model to feature number 658, X8.Oxo.2.deoxyadenosine
2024-10-18 12:34:47.743464 INFO::Fitting model to feature number 659, X9.10.dihydroxystearic.acid
2024-10-18 12:34:47.809894 INFO::Fitting model to feature number 660, Acetaminophen.sulfate
2024-10-18 12:34:47.863504 INFO::Fitting model to feature number 661, Acetylcarnitine
2024-10-18 12:34:47.93733 INFO::Fitting model to feature number 662, Adenine
2024-10-18 12:34:48.008753 INFO::Fitting model to feature number 663, adenosine.1
2024-10-18 12:34:48.062179 INFO::Fitting model to feature number 664, Agmatine
2024-10-18 12:34:48.117365 INFO::Fitting model to feature number 665, Ala.Ala
2024-10-18 12:34:48.171165 INFO::Fitting model to feature number 666, Ala.Ala.Lys
2024-10-18 12:34:48.225348 INFO::Fitting model to feature number 667, Ala.Arg
2024-10-18 12:34:48.292176 INFO::Fitting model to feature number 668, Ala.Gln
2024-10-18 12:34:48.353496 INFO::Fitting model to feature number 669, Ala.His
2024-10-18 12:34:48.408664 INFO::Fitting model to feature number 670, Ala.Ile.Arg
2024-10-18 12:34:48.483154 INFO::Fitting model to feature number 671, Ala.Lys
2024-10-18 12:34:48.538646 INFO::Fitting model to feature number 672, Ala.Phe
2024-10-18 12:34:48.594407 INFO::Fitting model to feature number 673, ala.pro
2024-10-18 12:34:48.673178 INFO::Fitting model to feature number 674, Ala.Thr
2024-10-18 12:34:48.749753 INFO::Fitting model to feature number 675, Ala.Trp
2024-10-18 12:34:48.829344 INFO::Fitting model to feature number 676, Ala.Val.Lys
2024-10-18 12:34:48.889879 INFO::Fitting model to feature number 677, alpha.Galactosamine.1.phosphate
2024-10-18 12:34:48.964036 INFO::Fitting model to feature number 678, aminocarnitine
2024-10-18 12:34:49.035892 INFO::Fitting model to feature number 679, Arabitol
2024-10-18 12:34:49.106927 INFO::Fitting model to feature number 680, Arg.Gly
2024-10-18 12:34:49.176754 INFO::Fitting model to feature number 681, Arginine
2024-10-18 12:34:49.244015 INFO::Fitting model to feature number 682, arg.pro
2024-10-18 12:34:49.308568 INFO::Fitting model to feature number 683, Arg.Thr
2024-10-18 12:34:49.368791 INFO::Fitting model to feature number 684, Arg.Trp
2024-10-18 12:34:49.427263 INFO::Fitting model to feature number 685, Asn.Arg
2024-10-18 12:34:49.478373 INFO::Fitting model to feature number 686, Asn.Asn
2024-10-18 12:34:49.53425 INFO::Fitting model to feature number 687, Asn.Glu
2024-10-18 12:34:49.619565 INFO::Fitting model to feature number 688, Asn.Tyr
2024-10-18 12:34:49.689534 INFO::Fitting model to feature number 689, Asp.Arg
2024-10-18 12:34:49.7559 INFO::Fitting model to feature number 690, Aspartic.acid
2024-10-18 12:34:49.819643 INFO::Fitting model to feature number 691, Asp.Leu.Lys
2024-10-18 12:34:49.871492 INFO::Fitting model to feature number 692, Asp.Lys
2024-10-18 12:34:49.927366 INFO::Fitting model to feature number 693, Asp.Phe
2024-10-18 12:34:49.978666 INFO::Fitting model to feature number 694, Asp.Tyr
2024-10-18 12:34:50.050446 INFO::Fitting model to feature number 695, Azithromycin
2024-10-18 12:34:50.120859 INFO::Fitting model to feature number 696, beta.homoleucine
2024-10-18 12:34:50.190023 INFO::Fitting model to feature number 697, Betaine
2024-10-18 12:34:50.263182 INFO::Fitting model to feature number 698, Biliverdin
2024-10-18 12:34:50.33549 INFO::Fitting model to feature number 699, Blood.Group.A.Tetrasaccharide
2024-10-18 12:34:50.40698 INFO::Fitting model to feature number 700, cadaverine.1
2024-10-18 12:34:50.481973 INFO::Fitting model to feature number 701, Caffeic.acid
2024-10-18 12:34:50.553454 INFO::Fitting model to feature number 702, cAMP
2024-10-18 12:34:50.623843 INFO::Fitting model to feature number 703, carnitine
2024-10-18 12:34:50.685714 INFO::Fitting model to feature number 704, carnosine
2024-10-18 12:34:50.765517 INFO::Fitting model to feature number 705, Catechol
2024-10-18 12:34:50.831178 INFO::Fitting model to feature number 706, chenodeoxycholic.acid.1
2024-10-18 12:34:50.891589 INFO::Fitting model to feature number 707, cholesterol.3.sulfate....1046
2024-10-18 12:34:50.957555 INFO::Fitting model to feature number 708, Cholic.acid
2024-10-18 12:34:51.024065 INFO::Fitting model to feature number 709, Choline
2024-10-18 12:34:51.092096 INFO::Fitting model to feature number 710, citrulline
2024-10-18 12:34:51.164125 INFO::Fitting model to feature number 711, Cortisone
2024-10-18 12:34:51.230194 INFO::Fitting model to feature number 712, Cortodoxone
2024-10-18 12:34:51.307502 INFO::Fitting model to feature number 713, Creatine
2024-10-18 12:34:51.369997 INFO::Fitting model to feature number 714, Cysteic.Acid
2024-10-18 12:34:51.440143 INFO::Fitting model to feature number 715, cysteine.S.sulfate
2024-10-18 12:34:51.507231 INFO::Fitting model to feature number 716, Cytidine
2024-10-18 12:34:51.574384 INFO::Fitting model to feature number 717, Daidzein
2024-10-18 12:34:51.635717 INFO::Fitting model to feature number 718, decanedioic.acid
2024-10-18 12:34:51.696808 INFO::Fitting model to feature number 719, dehydroepiandrosterone.sulfate
2024-10-18 12:34:51.75602 INFO::Fitting model to feature number 720, delta.Hydroxylysine
2024-10-18 12:34:51.812063 INFO::Fitting model to feature number 721, deoxycarnitine
2024-10-18 12:34:51.897449 INFO::Fitting model to feature number 722, Deoxycholate
2024-10-18 12:34:51.959958 INFO::Fitting model to feature number 723, deprenyl
2024-10-18 12:34:52.018542 INFO::Fitting model to feature number 724, D.erythro.N.stearoylsphingosine
2024-10-18 12:34:52.090326 INFO::Fitting model to feature number 725, Desloratadine
2024-10-18 12:34:52.151055 INFO::Fitting model to feature number 726, dibenzylamine
2024-10-18 12:34:52.208551 INFO::Fitting model to feature number 727, Dihydrosphingosine
2024-10-18 12:34:52.264724 INFO::Fitting model to feature number 728, DL.Octopamine
2024-10-18 12:34:52.322677 INFO::Fitting model to feature number 729, docosahexaenoic.acid
2024-10-18 12:34:52.382006 INFO::Fitting model to feature number 730, Docosatetraenoic.acid
2024-10-18 12:34:52.442277 INFO::Fitting model to feature number 731, D.Pyroglutamic.acid
2024-10-18 12:34:52.501101 INFO::Fitting model to feature number 732, Eicosenoic.acid
2024-10-18 12:34:52.565927 INFO::Fitting model to feature number 733, E.N.Deoxyfructosyllysine
2024-10-18 12:34:52.625293 INFO::Fitting model to feature number 734, ethanolamine.1
2024-10-18 12:34:52.696049 INFO::Fitting model to feature number 735, Ethyl..4.amino.1.piperidinyl.acetate
2024-10-18 12:34:52.758944 INFO::Fitting model to feature number 736, Ferulic.acid
2024-10-18 12:34:52.831738 INFO::Fitting model to feature number 737, Galacto.N.biose
2024-10-18 12:34:52.920776 INFO::Fitting model to feature number 738, gamma.aminobutyric.acid
2024-10-18 12:34:52.971421 INFO::Fitting model to feature number 739, gamma.Glutamylmethionine
2024-10-18 12:34:53.031131 INFO::Fitting model to feature number 740, gamma.linolenic.acid
2024-10-18 12:34:53.096152 INFO::Fitting model to feature number 741, Gln.Ala
2024-10-18 12:34:53.161832 INFO::Fitting model to feature number 742, Gln.Arg
2024-10-18 12:34:53.222553 INFO::Fitting model to feature number 743, Gln.Glu
2024-10-18 12:34:53.271429 INFO::Fitting model to feature number 744, Gln.Leu.Lys
2024-10-18 12:34:53.336678 INFO::Fitting model to feature number 745, Gln.Met
2024-10-18 12:34:53.403233 INFO::Fitting model to feature number 746, Gln.Phe
2024-10-18 12:34:53.458678 INFO::Fitting model to feature number 747, Gln.Pro
2024-10-18 12:34:53.512268 INFO::Fitting model to feature number 748, Gln.Tyr
2024-10-18 12:34:53.564267 INFO::Fitting model to feature number 749, Glu.Ala.Lys
2024-10-18 12:34:53.617713 INFO::Fitting model to feature number 750, Glucosamine.6.phosphate
2024-10-18 12:34:53.687884 INFO::Fitting model to feature number 751, Glu.Glu
2024-10-18 12:34:53.755206 INFO::Fitting model to feature number 752, Glu.Gly
2024-10-18 12:34:53.818125 INFO::Fitting model to feature number 753, Glu.His
2024-10-18 12:34:53.883048 INFO::Fitting model to feature number 754, Glu.Ile.Lys
2024-10-18 12:34:53.968684 INFO::Fitting model to feature number 755, glutamic.acid
2024-10-18 12:34:54.028604 INFO::Fitting model to feature number 756, Glutamine
2024-10-18 12:34:54.09304 INFO::Fitting model to feature number 757, Glu.Val.Phe
2024-10-18 12:34:54.170359 INFO::Fitting model to feature number 758, Gly.Asn
2024-10-18 12:34:54.238411 INFO::Fitting model to feature number 759, Gly.Asp
2024-10-18 12:34:54.299892 INFO::Fitting model to feature number 760, glycerophosphocholine
2024-10-18 12:34:54.360374 INFO::Fitting model to feature number 761, glycine.1
2024-10-18 12:34:54.42298 INFO::Fitting model to feature number 762, Glycitein
2024-10-18 12:34:54.485059 INFO::Fitting model to feature number 763, glycocholic.acid
2024-10-18 12:34:54.552891 INFO::Fitting model to feature number 764, Gly.Glu
2024-10-18 12:34:54.627946 INFO::Fitting model to feature number 765, Gly.His
2024-10-18 12:34:54.687756 INFO::Fitting model to feature number 766, Gly.Ile
2024-10-18 12:34:54.753833 INFO::Fitting model to feature number 767, Gly.Ile.Lys
2024-10-18 12:34:54.81931 INFO::Fitting model to feature number 768, Gly.Met
2024-10-18 12:34:54.892303 INFO::Fitting model to feature number 769, Gly.Phe
2024-10-18 12:34:54.967798 INFO::Fitting model to feature number 770, Gly.Pro
2024-10-18 12:34:55.045176 INFO::Fitting model to feature number 771, Gly.Val.Lys
2024-10-18 12:34:55.126227 INFO::Fitting model to feature number 772, guanidinosuccinate.1
2024-10-18 12:34:55.180046 INFO::Fitting model to feature number 773, Guanine
2024-10-18 12:34:55.319746 INFO::Fitting model to feature number 774, Guanosine
2024-10-18 12:34:55.435943 INFO::Fitting model to feature number 775, His.Ala
2024-10-18 12:34:55.508841 INFO::Fitting model to feature number 776, His.Gln
2024-10-18 12:34:55.577009 INFO::Fitting model to feature number 777, his.ile
2024-10-18 12:34:55.642872 INFO::Fitting model to feature number 778, His.Leu
2024-10-18 12:34:55.6983 INFO::Fitting model to feature number 779, His.Ser
2024-10-18 12:34:55.755533 INFO::Fitting model to feature number 780, Histamine
2024-10-18 12:34:55.810134 INFO::Fitting model to feature number 781, His.Thr
2024-10-18 12:34:55.867089 INFO::Fitting model to feature number 782, histidine
2024-10-18 12:34:55.916811 INFO::Fitting model to feature number 783, His.Tyr
2024-10-18 12:34:55.972158 INFO::Fitting model to feature number 784, His.Val
2024-10-18 12:34:56.028999 INFO::Fitting model to feature number 785, Homarine
2024-10-18 12:34:56.085498 INFO::Fitting model to feature number 786, Hypoxanthine
2024-10-18 12:34:56.151066 INFO::Fitting model to feature number 787, Ile.Ala
2024-10-18 12:34:56.2214 INFO::Fitting model to feature number 788, Ile.Arg
2024-10-18 12:34:56.307173 INFO::Fitting model to feature number 789, Ile.Gln
2024-10-18 12:34:56.37417 INFO::Fitting model to feature number 790, Ile.Glu
2024-10-18 12:34:56.434049 INFO::Fitting model to feature number 791, Ile.Phe
2024-10-18 12:34:56.498979 INFO::Fitting model to feature number 792, Ile.Pro
2024-10-18 12:34:56.557062 INFO::Fitting model to feature number 793, Ile.Ser
2024-10-18 12:34:56.613592 INFO::Fitting model to feature number 794, Ile.Thr
2024-10-18 12:34:56.670165 INFO::Fitting model to feature number 795, Ile.Trp
2024-10-18 12:34:56.734615 INFO::Fitting model to feature number 796, Ile.Val
2024-10-18 12:34:56.794406 INFO::Fitting model to feature number 797, Ile.Val.Arg
2024-10-18 12:34:56.863022 INFO::Fitting model to feature number 798, Indole.3.carboxaldehyde
2024-10-18 12:34:56.932069 INFO::Fitting model to feature number 799, Inosine
2024-10-18 12:34:56.989633 INFO::Fitting model to feature number 800, isethionate
2024-10-18 12:34:57.044413 INFO::Fitting model to feature number 801, Isoleucine
2024-10-18 12:34:57.103412 INFO::Fitting model to feature number 802, Isorhamnetin.3.O.rutinoside
2024-10-18 12:34:57.167272 INFO::Fitting model to feature number 803, Ketoisovaleric.acid
2024-10-18 12:34:57.227492 INFO::Fitting model to feature number 804, Kynurenic.acid
2024-10-18 12:34:57.290889 INFO::Fitting model to feature number 805, L.Arginine..methyl.ester
2024-10-18 12:34:57.37607 INFO::Fitting model to feature number 806, Lauroyl.L.carnitine
2024-10-18 12:34:57.438814 INFO::Fitting model to feature number 807, Leu.Asn
2024-10-18 12:34:57.499672 INFO::Fitting model to feature number 808, Leucine
2024-10-18 12:34:57.559446 INFO::Fitting model to feature number 809, leucyl.leucine
2024-10-18 12:34:57.625525 INFO::Fitting model to feature number 810, Leu.Gly.Leu
2024-10-18 12:34:57.704227 INFO::Fitting model to feature number 811, Leu.His
2024-10-18 12:34:57.77784 INFO::Fitting model to feature number 812, Leu.Leu
2024-10-18 12:34:57.849726 INFO::Fitting model to feature number 813, Leu.Met
2024-10-18 12:34:57.899271 INFO::Fitting model to feature number 814, Leu.Phe
2024-10-18 12:34:57.948463 INFO::Fitting model to feature number 815, Leu.Thr
2024-10-18 12:34:58.011771 INFO::Fitting model to feature number 816, Leu.Trp
2024-10-18 12:34:58.060631 INFO::Fitting model to feature number 817, Leu.Val.Lys
2024-10-18 12:34:58.124903 INFO::Fitting model to feature number 818, Linoleoyl.ethanolamide
2024-10-18 12:34:58.185555 INFO::Fitting model to feature number 819, LPA.16.0
2024-10-18 12:34:58.244639 INFO::Fitting model to feature number 820, LPC.12.0
2024-10-18 12:34:58.302025 INFO::Fitting model to feature number 821, LPC.15.0
2024-10-18 12:34:58.383196 INFO::Fitting model to feature number 822, LPC.16.0
2024-10-18 12:34:58.432709 INFO::Fitting model to feature number 823, LPC.18.0....1185
2024-10-18 12:34:58.484572 INFO::Fitting model to feature number 824, LPC.18.1.Isomer.B
2024-10-18 12:34:58.545608 INFO::Fitting model to feature number 825, LPC.O.16.1....1188
2024-10-18 12:34:58.619161 INFO::Fitting model to feature number 826, LPE.16.0....1189
2024-10-18 12:34:58.685825 INFO::Fitting model to feature number 827, LPE.O.16.1
2024-10-18 12:34:58.754297 INFO::Fitting model to feature number 828, LPI.18.0
2024-10-18 12:34:58.823212 INFO::Fitting model to feature number 829, L.Saccharopine
2024-10-18 12:34:58.882553 INFO::Fitting model to feature number 830, Lys.Asp
2024-10-18 12:34:58.936443 INFO::Fitting model to feature number 831, Lys.Gly
2024-10-18 12:34:58.986494 INFO::Fitting model to feature number 832, lysine
2024-10-18 12:34:59.040485 INFO::Fitting model to feature number 833, Lys.Phe
2024-10-18 12:34:59.090801 INFO::Fitting model to feature number 834, Lys.Pro
2024-10-18 12:34:59.14982 INFO::Fitting model to feature number 835, Lys.Ser
2024-10-18 12:34:59.213407 INFO::Fitting model to feature number 836, Lys.Val
2024-10-18 12:34:59.274972 INFO::Fitting model to feature number 837, Malonic.acid
2024-10-18 12:34:59.344697 INFO::Fitting model to feature number 838, Mandelic.acid
2024-10-18 12:34:59.438424 INFO::Fitting model to feature number 839, Mannitol
2024-10-18 12:34:59.499469 INFO::Fitting model to feature number 840, Melatonin
2024-10-18 12:34:59.562208 INFO::Fitting model to feature number 841, Met.Ala
2024-10-18 12:34:59.624485 INFO::Fitting model to feature number 842, Met.Arg
2024-10-18 12:34:59.681204 INFO::Fitting model to feature number 843, Met.Asp
2024-10-18 12:34:59.736301 INFO::Fitting model to feature number 844, Met.Glu
2024-10-18 12:34:59.796949 INFO::Fitting model to feature number 845, Methacholine
2024-10-18 12:34:59.859605 INFO::Fitting model to feature number 846, Methionine
2024-10-18 12:34:59.912019 INFO::Fitting model to feature number 847, methionine.sulfone
2024-10-18 12:34:59.966333 INFO::Fitting model to feature number 848, methionine.sulfoxide
2024-10-18 12:35:00.029147 INFO::Fitting model to feature number 849, Met.His
2024-10-18 12:35:00.082387 INFO::Fitting model to feature number 850, Methohexital
2024-10-18 12:35:00.14387 INFO::Fitting model to feature number 851, Methyl.beta.galactopyranoside
2024-10-18 12:35:00.21136 INFO::Fitting model to feature number 852, methylglyoxal.derived.hydroimidazolone
2024-10-18 12:35:00.289029 INFO::Fitting model to feature number 853, Met.Lys
2024-10-18 12:35:00.37731 INFO::Fitting model to feature number 854, Met.Met
2024-10-18 12:35:00.479302 INFO::Fitting model to feature number 855, Met.Thr
2024-10-18 12:35:00.588802 INFO::Fitting model to feature number 856, Met.Val
2024-10-18 12:35:00.661464 INFO::Fitting model to feature number 857, myo.inositol
2024-10-18 12:35:00.736577 INFO::Fitting model to feature number 858, Myristoyl.L.carnitine
2024-10-18 12:35:00.805252 INFO::Fitting model to feature number 859, N..2.6.dimethylphenyl..2.hydroxyacetamide
2024-10-18 12:35:00.883349 INFO::Fitting model to feature number 860, N..5.acetamidopentyl.acetamide
2024-10-18 12:35:00.973947 INFO::Fitting model to feature number 861, N.N..Diacetylcystine
2024-10-18 12:35:01.080822 INFO::Fitting model to feature number 862, N.N.epsiloN.dimethyl.lysine
2024-10-18 12:35:01.247209 INFO::Fitting model to feature number 863, N2.acetyl.histidine
2024-10-18 12:35:01.333606 INFO::Fitting model to feature number 864, N8.acetylspermidine
2024-10-18 12:35:01.411962 INFO::Fitting model to feature number 865, N.acetylarginine
2024-10-18 12:35:01.486887 INFO::Fitting model to feature number 866, N.Acetyl.D.proline
2024-10-18 12:35:01.563097 INFO::Fitting model to feature number 867, N.Acetylglucosamine
2024-10-18 12:35:01.644073 INFO::Fitting model to feature number 868, N..Acetylisonicotinohydrazide
2024-10-18 12:35:01.722816 INFO::Fitting model to feature number 869, N.Acetylputrescine
2024-10-18 12:35:01.795632 INFO::Fitting model to feature number 870, N.Acetylserine
2024-10-18 12:35:01.866923 INFO::Fitting model to feature number 871, N.alpha.methylhistamine
2024-10-18 12:35:01.933077 INFO::Fitting model to feature number 872, Neohesperidin
2024-10-18 12:35:02.020047 INFO::Fitting model to feature number 873, Nervonic.acid
2024-10-18 12:35:02.082294 INFO::Fitting model to feature number 874, N.Formylmethionine
2024-10-18 12:35:02.14048 INFO::Fitting model to feature number 875, N.fructosyl.isoleucine
2024-10-18 12:35:02.208729 INFO::Fitting model to feature number 876, Nicotinamide.riboside
2024-10-18 12:35:02.267975 INFO::Fitting model to feature number 877, Nicotinic.acid
2024-10-18 12:35:02.332067 INFO::Fitting model to feature number 878, N.Isobutyrylglycine
2024-10-18 12:35:02.40158 INFO::Fitting model to feature number 879, N.Methylanthranilic.acid
2024-10-18 12:35:02.473773 INFO::Fitting model to feature number 880, N.Methylglutamic.acid
2024-10-18 12:35:02.562196 INFO::Fitting model to feature number 881, N.Methylproline
2024-10-18 12:35:02.651785 INFO::Fitting model to feature number 882, N.Methylthreonine
2024-10-18 12:35:02.725336 INFO::Fitting model to feature number 883, N.Methyltyrosine
2024-10-18 12:35:02.794391 INFO::Fitting model to feature number 884, N.nitroimidazolidi.N.2.imine
2024-10-18 12:35:02.850931 INFO::Fitting model to feature number 885, N.nitrosopyrrolidine
2024-10-18 12:35:02.926088 INFO::Fitting model to feature number 886, N.omega.Acetylhistamine
2024-10-18 12:35:02.983526 INFO::Fitting model to feature number 887, Octadecanedioic.acid
2024-10-18 12:35:03.042096 INFO::Fitting model to feature number 888, Octopine
2024-10-18 12:35:03.131974 INFO::Fitting model to feature number 889, Oleoyl.L.carnitine
2024-10-18 12:35:03.213529 INFO::Fitting model to feature number 890, O.Phosphocholine
2024-10-18 12:35:03.300361 INFO::Fitting model to feature number 891, ornithine....1268
2024-10-18 12:35:03.374383 INFO::Fitting model to feature number 892, Palmitoylcarnitine
2024-10-18 12:35:03.445396 INFO::Fitting model to feature number 893, Pantothenic.acid
2024-10-18 12:35:03.523706 INFO::Fitting model to feature number 894, Pantothenic.acid.1
2024-10-18 12:35:03.588107 INFO::Fitting model to feature number 895, p.coumaric.acid
2024-10-18 12:35:03.660218 INFO::Fitting model to feature number 896, Phe.Ala
2024-10-18 12:35:03.732692 INFO::Fitting model to feature number 897, phe.arg
2024-10-18 12:35:03.800678 INFO::Fitting model to feature number 898, Phe.Asn
2024-10-18 12:35:03.852628 INFO::Fitting model to feature number 899, Phe.Glu
2024-10-18 12:35:03.918648 INFO::Fitting model to feature number 900, Phe.His
2024-10-18 12:35:03.971448 INFO::Fitting model to feature number 901, Phe.Lys
2024-10-18 12:35:04.01839 INFO::Fitting model to feature number 902, phenylacetylglycine
2024-10-18 12:35:04.071977 INFO::Fitting model to feature number 903, Phenylalanine
2024-10-18 12:35:04.120708 INFO::Fitting model to feature number 904, Phe.Thr
2024-10-18 12:35:04.192369 INFO::Fitting model to feature number 905, Phe.Tyr
2024-10-18 12:35:04.287169 INFO::Fitting model to feature number 906, Phe.Val
2024-10-18 12:35:04.341773 INFO::Fitting model to feature number 907, Pipecolic.acid
2024-10-18 12:35:04.407297 INFO::Fitting model to feature number 908, piperine
2024-10-18 12:35:04.473114 INFO::Fitting model to feature number 909, Pro.Asp
2024-10-18 12:35:04.527171 INFO::Fitting model to feature number 910, pro.gly
2024-10-18 12:35:04.599524 INFO::Fitting model to feature number 911, Pro.Ile
2024-10-18 12:35:04.671541 INFO::Fitting model to feature number 912, Proline
2024-10-18 12:35:04.744183 INFO::Fitting model to feature number 913, Pro.Phe
2024-10-18 12:35:04.805843 INFO::Fitting model to feature number 914, Pro.Pro
2024-10-18 12:35:04.865438 INFO::Fitting model to feature number 915, Pro.Ser
2024-10-18 12:35:04.919964 INFO::Fitting model to feature number 916, Pro.Thr
2024-10-18 12:35:04.97636 INFO::Fitting model to feature number 917, Pseudouridine
2024-10-18 12:35:05.038401 INFO::Fitting model to feature number 918, putrescine.1
2024-10-18 12:35:05.095837 INFO::Fitting model to feature number 919, Pyridoxamine
2024-10-18 12:35:05.17276 INFO::Fitting model to feature number 920, pyrrolidine
2024-10-18 12:35:05.237426 INFO::Fitting model to feature number 921, pyruvic.acid...1307
2024-10-18 12:35:05.290768 INFO::Fitting model to feature number 922, quinaldic.acid
2024-10-18 12:35:05.383159 INFO::Fitting model to feature number 923, riboflavin
2024-10-18 12:35:05.455154 INFO::Fitting model to feature number 924, Rosmarinic.acid
2024-10-18 12:35:05.522915 INFO::Fitting model to feature number 925, S.Adenosyl.L.methionine
2024-10-18 12:35:05.587426 INFO::Fitting model to feature number 926, salicylamide
2024-10-18 12:35:05.638341 INFO::Fitting model to feature number 927, SDMA
2024-10-18 12:35:05.689219 INFO::Fitting model to feature number 928, sedoheptulose
2024-10-18 12:35:05.746736 INFO::Fitting model to feature number 929, Ser.Asp
2024-10-18 12:35:05.801798 INFO::Fitting model to feature number 930, serine....1320
2024-10-18 12:35:05.857461 INFO::Fitting model to feature number 931, Ser.Lys
2024-10-18 12:35:05.93284 INFO::Fitting model to feature number 932, ser.pro
2024-10-18 12:35:06.003247 INFO::Fitting model to feature number 933, Ser.Thr
2024-10-18 12:35:06.064015 INFO::Fitting model to feature number 934, Ser.Val
2024-10-18 12:35:06.12081 INFO::Fitting model to feature number 935, SM.22.1.2O.12.0
2024-10-18 12:35:06.185714 INFO::Fitting model to feature number 936, SPERMIDINE
2024-10-18 12:35:06.254424 INFO::Fitting model to feature number 937, Stercobilin
2024-10-18 12:35:06.312397 INFO::Fitting model to feature number 938, sulfochenodeoxycholic.acid
2024-10-18 12:35:06.393508 INFO::Fitting model to feature number 939, sulfolithocholic.acid
2024-10-18 12:35:06.455762 INFO::Fitting model to feature number 940, Tagatose
2024-10-18 12:35:06.51137 INFO::Fitting model to feature number 941, Taurine
2024-10-18 12:35:06.581599 INFO::Fitting model to feature number 942, Taurocholic.acid
2024-10-18 12:35:06.640181 INFO::Fitting model to feature number 943, Tauromuricholic.acid
2024-10-18 12:35:06.695765 INFO::Fitting model to feature number 944, Thiamine
2024-10-18 12:35:06.753814 INFO::Fitting model to feature number 945, Thr.Ala
2024-10-18 12:35:06.809375 INFO::Fitting model to feature number 946, Thr.Asp
2024-10-18 12:35:06.87411 INFO::Fitting model to feature number 947, threonine
2024-10-18 12:35:06.939657 INFO::Fitting model to feature number 948, Thr.His
2024-10-18 12:35:07.005095 INFO::Fitting model to feature number 949, Thr.Ile.Lys
2024-10-18 12:35:07.072137 INFO::Fitting model to feature number 950, Thr.Lys
2024-10-18 12:35:07.148059 INFO::Fitting model to feature number 951, Thr.Ser
2024-10-18 12:35:07.250705 INFO::Fitting model to feature number 952, Thr.Thr
2024-10-18 12:35:07.341391 INFO::Fitting model to feature number 953, Thr.Val
2024-10-18 12:35:07.424151 INFO::Fitting model to feature number 954, Thymidine
2024-10-18 12:35:07.503052 INFO::Fitting model to feature number 955, Thymine
2024-10-18 12:35:07.60787 INFO::Fitting model to feature number 956, TMAO
2024-10-18 12:35:07.677974 INFO::Fitting model to feature number 957, Tomatidine
2024-10-18 12:35:07.751682 INFO::Fitting model to feature number 958, trans.Zeatin
2024-10-18 12:35:07.825453 INFO::Fitting model to feature number 959, Trihydroxycholestanoic.acid
2024-10-18 12:35:07.903722 INFO::Fitting model to feature number 960, TRIMETHYLAMINE
2024-10-18 12:35:07.988596 INFO::Fitting model to feature number 961, Trp.Ser
2024-10-18 12:35:08.061817 INFO::Fitting model to feature number 962, Trp.Val
2024-10-18 12:35:08.130042 INFO::Fitting model to feature number 963, Tryptamine
2024-10-18 12:35:08.188855 INFO::Fitting model to feature number 964, Tryptoline
2024-10-18 12:35:08.255916 INFO::Fitting model to feature number 965, Tryptophan
2024-10-18 12:35:08.323075 INFO::Fitting model to feature number 966, Tyr.Ala
2024-10-18 12:35:08.396045 INFO::Fitting model to feature number 967, tyr.arg
2024-10-18 12:35:08.454997 INFO::Fitting model to feature number 968, Tyr.Asn
2024-10-18 12:35:08.509061 INFO::Fitting model to feature number 969, Tyr.Lys
2024-10-18 12:35:08.569773 INFO::Fitting model to feature number 970, tyrosine.1
2024-10-18 12:35:08.651946 INFO::Fitting model to feature number 971, Tyr.Thr
2024-10-18 12:35:08.727799 INFO::Fitting model to feature number 972, Tyr.Tyr.Tyr
2024-10-18 12:35:08.812002 INFO::Fitting model to feature number 973, Tyr.Val
2024-10-18 12:35:08.869224 INFO::Fitting model to feature number 974, Uracil
2024-10-18 12:35:08.925817 INFO::Fitting model to feature number 975, urea.1
2024-10-18 12:35:08.986912 INFO::Fitting model to feature number 976, uric.acid.1
2024-10-18 12:35:09.058366 INFO::Fitting model to feature number 977, Uridine
2024-10-18 12:35:09.128606 INFO::Fitting model to feature number 978, uridine.5.monophosphate
2024-10-18 12:35:09.183868 INFO::Fitting model to feature number 979, urobilin
2024-10-18 12:35:09.232113 INFO::Fitting model to feature number 980, Urocanic.acid
2024-10-18 12:35:09.291201 INFO::Fitting model to feature number 981, Ursocholic.acid
2024-10-18 12:35:09.345074 INFO::Fitting model to feature number 982, Val.Arg
2024-10-18 12:35:09.398763 INFO::Fitting model to feature number 983, Val.Asp
2024-10-18 12:35:09.457348 INFO::Fitting model to feature number 984, valeryl.carnitine
2024-10-18 12:35:09.539625 INFO::Fitting model to feature number 985, Val.Gly
2024-10-18 12:35:09.646649 INFO::Fitting model to feature number 986, Val.His
2024-10-18 12:35:09.802892 INFO::Fitting model to feature number 987, Valine
2024-10-18 12:35:09.920409 INFO::Fitting model to feature number 988, Val.Met
2024-10-18 12:35:10.002437 INFO::Fitting model to feature number 989, Val.Phe.Lys
2024-10-18 12:35:10.113492 INFO::Fitting model to feature number 990, Val.Pro
2024-10-18 12:35:10.20965 INFO::Fitting model to feature number 991, Val.Ser
2024-10-18 12:35:10.294318 INFO::Fitting model to feature number 992, Val.Thr
2024-10-18 12:35:10.37767 INFO::Fitting model to feature number 993, Val.Tyr
2024-10-18 12:35:10.470291 INFO::Fitting model to feature number 994, Val.Val
2024-10-18 12:35:10.551343 INFO::Fitting model to feature number 995, Val.Val.Lys
2024-10-18 12:35:10.621115 INFO::Fitting model to feature number 996, xanthine
2024-10-18 12:35:10.694484 INFO::Fitting model to feature number 997, Xanthosine
2024-10-18 12:35:10.785566 INFO::Fitting model to feature number 998, Xanthurenic.acid
2024-10-18 12:35:11.101341 INFO::Counting total values for each feature
2024-10-18 12:35:11.215592 INFO::Writing filtered data to file /home/julianne/Documents/biogeography/Shotgun/melonnpan/HUM_SD_Gavage/Mets-SexSite-1-MsID//features/filtered_data.tsv
2024-10-18 12:35:11.253901 INFO::Writing filtered, normalized data to file /home/julianne/Documents/biogeography/Shotgun/melonnpan/HUM_SD_Gavage/Mets-SexSite-1-MsID//features/filtered_data_norm.tsv
2024-10-18 12:35:11.294006 INFO::Writing filtered, normalized, transformed data to file /home/julianne/Documents/biogeography/Shotgun/melonnpan/HUM_SD_Gavage/Mets-SexSite-1-MsID//features/filtered_data_norm_transformed.tsv
2024-10-18 12:35:11.341021 INFO::Writing residuals to file /home/julianne/Documents/biogeography/Shotgun/melonnpan/HUM_SD_Gavage/Mets-SexSite-1-MsID//fits/residuals.rds
2024-10-18 12:35:11.36097 INFO::Writing fitted values to file /home/julianne/Documents/biogeography/Shotgun/melonnpan/HUM_SD_Gavage/Mets-SexSite-1-MsID//fits/fitted.rds
2024-10-18 12:35:11.37246 INFO::Writing extracted random effects to file /home/julianne/Documents/biogeography/Shotgun/melonnpan/HUM_SD_Gavage/Mets-SexSite-1-MsID//fits/ranef.rds
2024-10-18 12:35:11.380088 INFO::Writing all results to file (ordered by increasing q-values): /home/julianne/Documents/biogeography/Shotgun/melonnpan/HUM_SD_Gavage/Mets-SexSite-1-MsID//all_results.tsv
2024-10-18 12:35:11.408664 INFO::Writing the significant results (those which are less than or equal to the threshold of 0.250000 ) to file (ordered by increasing q-values): /home/julianne/Documents/biogeography/Shotgun/melonnpan/HUM_SD_Gavage/Mets-SexSite-1-MsID//significant_results.tsv
