2021-08-30 10:34:17 INFO::Writing function arguments to log file
2021-08-30 10:34:17 DEBUG::Function arguments
2021-08-30 10:34:17 DEBUG::Output folder: LogCLR-MucCol-ComBat-Maaslin-SeqRunSexSite-1-Line-MsID
2021-08-30 10:34:17 DEBUG::Min Abundance: 0.000000
2021-08-30 10:34:17 DEBUG::Min Prevalence: 0.100000
2021-08-30 10:34:17 DEBUG::Normalization: CLR
2021-08-30 10:34:17 DEBUG::Transform: LOG
2021-08-30 10:34:17 DEBUG::Analysis method: LM
2021-08-30 10:34:17 DEBUG::Max significance: 0.250000
2021-08-30 10:34:17 DEBUG::Random effects: Line,MouseID_Line
2021-08-30 10:34:17 DEBUG::Fixed effects: Sequencing_Run,Sex,Site
2021-08-30 10:34:17 DEBUG::Correction method: BH
2021-08-30 10:34:17 DEBUG::Standardize: TRUE
2021-08-30 10:34:17 DEBUG::Cores: 1
2021-08-30 10:34:17 INFO::Verifying options selected are valid
2021-08-30 10:34:17 INFO::Determining format of input files
2021-08-30 10:34:17 INFO::Input format is data samples as columns and metadata samples as rows
2021-08-30 10:34:18 DEBUG::Transformed data so samples are rows
2021-08-30 10:34:18 DEBUG::A total of 138 samples were found in both the data and metadata
2021-08-30 10:34:18 DEBUG::Reordering data/metadata to use same sample ordering
2021-08-30 10:34:18 INFO::Formula for random effects: expr ~ (1 | Line) + (1 | MouseID_Line)
2021-08-30 10:34:18 INFO::Formula for fixed effects: expr ~  Sequencing_Run + Sex + Site
2021-08-30 10:34:18 INFO::Running selected normalization method: CLR
2021-08-30 10:34:18 INFO::Filter data based on min abundance and min prevalence
2021-08-30 10:34:18 INFO::Total samples in data: 138
2021-08-30 10:34:18 INFO::Min samples required with min abundance for a feature not to be filtered: 13.800000
2021-08-30 10:34:18 INFO::Total filtered features: 35
2021-08-30 10:34:18 INFO::Filtered feature names: CENTFERM.PWY, CODH.PWY, LEU.DEG2.PWY, P125.PWY, P163.PWY, PWY.4361, PWY.5005, PWY.5088, PWY.5177, PWY.5180, PWY.5182, PWY.5415, PWY.5507, PWY.5532, PWY.5676, PWY.5677, PWY.5741, PWY.5920, PWY.6165, PWY.6396, PWY.6470, PWY.6572, PWY.6590, PWY.6728, PWY.6749, PWY.7090, PWY.7094, PWY.7198, PWY.7210, PWY.7371, PWY.7374, PWY.7431, PWY.7456, PWY.7527, THREOCAT.PWY
2021-08-30 10:34:18 INFO::Applying z-score to standardize continuous metadata
2021-08-30 10:34:18 INFO::Running selected transform method: LOG
2021-08-30 10:34:18 INFO::Running selected analysis method: LM
2021-08-30 10:34:18 INFO::Fitting model to feature number 1, X1CMET2.PWY
2021-08-30 10:34:18 INFO::Fitting model to feature number 2, ALL.CHORISMATE.PWY
2021-08-30 10:34:18 WARNING::Fitting problem for feature 2 returning NA
2021-08-30 10:34:18 INFO::Fitting model to feature number 3, ANAEROFRUCAT.PWY
2021-08-30 10:34:18 INFO::Fitting model to feature number 4, ANAGLYCOLYSIS.PWY
2021-08-30 10:34:18 INFO::Fitting model to feature number 5, ARG.POLYAMINE.SYN
2021-08-30 10:34:18 INFO::Fitting model to feature number 6, ARGDEG.PWY
2021-08-30 10:34:18 WARNING::Fitting problem for feature 6 returning NA
2021-08-30 10:34:18 INFO::Fitting model to feature number 7, ARGORNPROST.PWY
2021-08-30 10:34:18 INFO::Fitting model to feature number 8, ARGSYN.PWY
2021-08-30 10:34:18 INFO::Fitting model to feature number 9, ARGSYNBSUB.PWY
2021-08-30 10:34:18 INFO::Fitting model to feature number 10, ARO.PWY
2021-08-30 10:34:18 INFO::Fitting model to feature number 11, ASPASN.PWY
2021-08-30 10:34:18 INFO::Fitting model to feature number 12, AST.PWY
2021-08-30 10:34:18 WARNING::Fitting problem for feature 12 returning NA
2021-08-30 10:34:18 INFO::Fitting model to feature number 13, BIOTIN.BIOSYNTHESIS.PWY
2021-08-30 10:34:18 INFO::Fitting model to feature number 14, BRANCHED.CHAIN.AA.SYN.PWY
2021-08-30 10:34:18 INFO::Fitting model to feature number 15, CALVIN.PWY
2021-08-30 10:34:18 INFO::Fitting model to feature number 16, COA.PWY
2021-08-30 10:34:18 INFO::Fitting model to feature number 17, COBALSYN.PWY
2021-08-30 10:34:18 INFO::Fitting model to feature number 18, COLANSYN.PWY
2021-08-30 10:34:19 INFO::Fitting model to feature number 19, COMPLETE.ARO.PWY
2021-08-30 10:34:19 INFO::Fitting model to feature number 20, DAPLYSINESYN.PWY
2021-08-30 10:34:19 INFO::Fitting model to feature number 21, DENOVOPURINE2.PWY
2021-08-30 10:34:19 INFO::Fitting model to feature number 22, DTDPRHAMSYN.PWY
2021-08-30 10:34:19 INFO::Fitting model to feature number 23, ECASYN.PWY
2021-08-30 10:34:19 WARNING::Fitting problem for feature 23 returning NA
2021-08-30 10:34:19 INFO::Fitting model to feature number 24, ENTBACSYN.PWY
2021-08-30 10:34:19 WARNING::Fitting problem for feature 24 returning NA
2021-08-30 10:34:19 INFO::Fitting model to feature number 25, FAO.PWY
2021-08-30 10:34:19 INFO::Fitting model to feature number 26, FASYN.ELONG.PWY
2021-08-30 10:34:19 INFO::Fitting model to feature number 27, FASYN.INITIAL.PWY
2021-08-30 10:34:19 WARNING::Fitting problem for feature 27 returning NA
2021-08-30 10:34:19 INFO::Fitting model to feature number 28, FERMENTATION.PWY
2021-08-30 10:34:19 INFO::Fitting model to feature number 29, FOLSYN.PWY
2021-08-30 10:34:19 INFO::Fitting model to feature number 30, FUC.RHAMCAT.PWY
2021-08-30 10:34:19 INFO::Fitting model to feature number 31, FUCCAT.PWY
2021-08-30 10:34:19 INFO::Fitting model to feature number 32, GALACT.GLUCUROCAT.PWY
2021-08-30 10:34:19 INFO::Fitting model to feature number 33, GALACTARDEG.PWY
2021-08-30 10:34:19 WARNING::Fitting problem for feature 33 returning NA
2021-08-30 10:34:19 INFO::Fitting model to feature number 34, GALACTUROCAT.PWY
2021-08-30 10:34:19 INFO::Fitting model to feature number 35, GLCMANNANAUT.PWY
2021-08-30 10:34:19 INFO::Fitting model to feature number 36, GLUCARDEG.PWY
2021-08-30 10:34:19 WARNING::Fitting problem for feature 36 returning NA
2021-08-30 10:34:19 INFO::Fitting model to feature number 37, GLUCARGALACTSUPER.PWY
2021-08-30 10:34:19 WARNING::Fitting problem for feature 37 returning NA
2021-08-30 10:34:19 INFO::Fitting model to feature number 38, GLUCONEO.PWY
2021-08-30 10:34:19 INFO::Fitting model to feature number 39, GLUCOSE1PMETAB.PWY
2021-08-30 10:34:19 WARNING::Fitting problem for feature 39 returning NA
2021-08-30 10:34:19 INFO::Fitting model to feature number 40, GLUCUROCAT.PWY
2021-08-30 10:34:19 INFO::Fitting model to feature number 41, GLUTORN.PWY
2021-08-30 10:34:20 INFO::Fitting model to feature number 42, GLYCOCAT.PWY
2021-08-30 10:34:20 INFO::Fitting model to feature number 43, GLYCOGENSYNTH.PWY
2021-08-30 10:34:20 INFO::Fitting model to feature number 44, GLYCOL.GLYOXDEG.PWY
2021-08-30 10:34:20 WARNING::Fitting problem for feature 44 returning NA
2021-08-30 10:34:20 INFO::Fitting model to feature number 45, GLYCOLYSIS
2021-08-30 10:34:20 INFO::Fitting model to feature number 46, GLYCOLYSIS.E.D
2021-08-30 10:34:20 INFO::Fitting model to feature number 47, GLYCOLYSIS.TCA.GLYOX.BYPASS
2021-08-30 10:34:20 INFO::Fitting model to feature number 48, GLYOXYLATE.BYPASS
2021-08-30 10:34:20 INFO::Fitting model to feature number 49, GOLPDLCAT.PWY
2021-08-30 10:34:20 INFO::Fitting model to feature number 50, HCAMHPDEG.PWY
2021-08-30 10:34:20 WARNING::Fitting problem for feature 50 returning NA
2021-08-30 10:34:20 INFO::Fitting model to feature number 51, HEME.BIOSYNTHESIS.II
2021-08-30 10:34:20 INFO::Fitting model to feature number 52, HEMESYN2.PWY
2021-08-30 10:34:20 INFO::Fitting model to feature number 53, HEXITOLDEGSUPER.PWY
2021-08-30 10:34:20 INFO::Fitting model to feature number 54, HISDEG.PWY
2021-08-30 10:34:20 INFO::Fitting model to feature number 55, HISTSYN.PWY
2021-08-30 10:34:20 INFO::Fitting model to feature number 56, HOMOSER.METSYN.PWY
2021-08-30 10:34:20 INFO::Fitting model to feature number 57, HSERMETANA.PWY
2021-08-30 10:34:20 INFO::Fitting model to feature number 58, ILEUSYN.PWY
2021-08-30 10:34:20 INFO::Fitting model to feature number 59, KDO.NAGLIPASYN.PWY
2021-08-30 10:34:20 WARNING::Fitting problem for feature 59 returning NA
2021-08-30 10:34:20 INFO::Fitting model to feature number 60, KETOGLUCONMET.PWY
2021-08-30 10:34:20 WARNING::Fitting problem for feature 60 returning NA
2021-08-30 10:34:20 INFO::Fitting model to feature number 61, LACTOSECAT.PWY
2021-08-30 10:34:20 INFO::Fitting model to feature number 62, MET.SAM.PWY
2021-08-30 10:34:20 INFO::Fitting model to feature number 63, METH.ACETATE.PWY
2021-08-30 10:34:21 INFO::Fitting model to feature number 64, METHGLYUT.PWY
2021-08-30 10:34:21 WARNING::Fitting problem for feature 64 returning NA
2021-08-30 10:34:21 INFO::Fitting model to feature number 65, NAD.BIOSYNTHESIS.II
2021-08-30 10:34:21 INFO::Fitting model to feature number 66, NAGLIPASYN.PWY
2021-08-30 10:34:21 INFO::Fitting model to feature number 67, NONMEVIPP.PWY
2021-08-30 10:34:21 INFO::Fitting model to feature number 68, NONOXIPENT.PWY
2021-08-30 10:34:21 INFO::Fitting model to feature number 69, OANTIGEN.PWY
2021-08-30 10:34:21 INFO::Fitting model to feature number 70, ORNARGDEG.PWY
2021-08-30 10:34:21 WARNING::Fitting problem for feature 70 returning NA
2021-08-30 10:34:21 INFO::Fitting model to feature number 71, ORNDEG.PWY
2021-08-30 10:34:21 WARNING::Fitting problem for feature 71 returning NA
2021-08-30 10:34:21 INFO::Fitting model to feature number 72, P105.PWY
2021-08-30 10:34:21 INFO::Fitting model to feature number 73, P108.PWY
2021-08-30 10:34:21 INFO::Fitting model to feature number 74, P122.PWY
2021-08-30 10:34:21 INFO::Fitting model to feature number 75, P124.PWY
2021-08-30 10:34:21 INFO::Fitting model to feature number 76, P161.PWY
2021-08-30 10:34:21 INFO::Fitting model to feature number 77, P162.PWY
2021-08-30 10:34:21 INFO::Fitting model to feature number 78, P164.PWY
2021-08-30 10:34:21 INFO::Fitting model to feature number 79, P23.PWY
2021-08-30 10:34:21 INFO::Fitting model to feature number 80, P341.PWY
2021-08-30 10:34:21 INFO::Fitting model to feature number 81, P4.PWY
2021-08-30 10:34:21 INFO::Fitting model to feature number 82, P42.PWY
2021-08-30 10:34:21 INFO::Fitting model to feature number 83, P441.PWY
2021-08-30 10:34:22 INFO::Fitting model to feature number 84, P461.PWY
2021-08-30 10:34:22 INFO::Fitting model to feature number 85, P562.PWY
2021-08-30 10:34:22 INFO::Fitting model to feature number 86, PANTO.PWY
2021-08-30 10:34:22 INFO::Fitting model to feature number 87, PANTOSYN.PWY
2021-08-30 10:34:22 INFO::Fitting model to feature number 88, PENTOSE.P.PWY
2021-08-30 10:34:22 INFO::Fitting model to feature number 89, PEPTIDOGLYCANSYN.PWY
2021-08-30 10:34:22 INFO::Fitting model to feature number 90, PHOSLIPSYN.PWY
2021-08-30 10:34:22 INFO::Fitting model to feature number 91, POLYAMINSYN3.PWY
2021-08-30 10:34:22 INFO::Fitting model to feature number 92, POLYAMSYN.PWY
2021-08-30 10:34:22 INFO::Fitting model to feature number 93, POLYISOPRENSYN.PWY
2021-08-30 10:34:22 INFO::Fitting model to feature number 94, PPGPPMET.PWY
2021-08-30 10:34:22 WARNING::Fitting problem for feature 94 returning NA
2021-08-30 10:34:22 INFO::Fitting model to feature number 95, PRPP.PWY
2021-08-30 10:34:22 INFO::Fitting model to feature number 96, PWY.1269
2021-08-30 10:34:22 INFO::Fitting model to feature number 97, PWY.1861
2021-08-30 10:34:22 INFO::Fitting model to feature number 98, PWY.2941
2021-08-30 10:34:22 INFO::Fitting model to feature number 99, PWY.2942
2021-08-30 10:34:22 INFO::Fitting model to feature number 100, PWY.3001
2021-08-30 10:34:22 INFO::Fitting model to feature number 101, PWY.3781
2021-08-30 10:34:22 INFO::Fitting model to feature number 102, PWY.4984
2021-08-30 10:34:22 INFO::Fitting model to feature number 103, PWY.5022
2021-08-30 10:34:23 INFO::Fitting model to feature number 104, PWY.5097
2021-08-30 10:34:23 INFO::Fitting model to feature number 105, PWY.5100
2021-08-30 10:34:23 INFO::Fitting model to feature number 106, PWY.5101
2021-08-30 10:34:23 INFO::Fitting model to feature number 107, PWY.5103
2021-08-30 10:34:23 INFO::Fitting model to feature number 108, PWY.5104
2021-08-30 10:34:23 INFO::Fitting model to feature number 109, PWY.5121
2021-08-30 10:34:23 INFO::Fitting model to feature number 110, PWY.5154
2021-08-30 10:34:23 INFO::Fitting model to feature number 111, PWY.5188
2021-08-30 10:34:23 INFO::Fitting model to feature number 112, PWY.5189
2021-08-30 10:34:23 INFO::Fitting model to feature number 113, PWY.5265
2021-08-30 10:34:23 INFO::Fitting model to feature number 114, PWY.5304
2021-08-30 10:34:23 INFO::Fitting model to feature number 115, PWY.5345
2021-08-30 10:34:23 INFO::Fitting model to feature number 116, PWY.5347
2021-08-30 10:34:23 INFO::Fitting model to feature number 117, PWY.5384
2021-08-30 10:34:23 INFO::Fitting model to feature number 118, PWY.5484
2021-08-30 10:34:23 INFO::Fitting model to feature number 119, PWY.5505
2021-08-30 10:34:23 INFO::Fitting model to feature number 120, PWY.5509
2021-08-30 10:34:23 INFO::Fitting model to feature number 121, PWY.5659
2021-08-30 10:34:24 INFO::Fitting model to feature number 122, PWY.5667
2021-08-30 10:34:24 INFO::Fitting model to feature number 123, PWY.5686
2021-08-30 10:34:24 INFO::Fitting model to feature number 124, PWY.5695
2021-08-30 10:34:24 INFO::Fitting model to feature number 125, PWY.5705
2021-08-30 10:34:24 INFO::Fitting model to feature number 126, PWY.5747
2021-08-30 10:34:24 WARNING::Fitting problem for feature 126 returning NA
2021-08-30 10:34:24 INFO::Fitting model to feature number 127, PWY.5837
2021-08-30 10:34:24 INFO::Fitting model to feature number 128, PWY.5838
2021-08-30 10:34:24 INFO::Fitting model to feature number 129, PWY.5840
2021-08-30 10:34:24 INFO::Fitting model to feature number 130, PWY.5845
2021-08-30 10:34:24 WARNING::Fitting problem for feature 130 returning NA
2021-08-30 10:34:24 INFO::Fitting model to feature number 131, PWY.5850
2021-08-30 10:34:24 WARNING::Fitting problem for feature 131 returning NA
2021-08-30 10:34:24 INFO::Fitting model to feature number 132, PWY.5855
2021-08-30 10:34:24 WARNING::Fitting problem for feature 132 returning NA
2021-08-30 10:34:24 INFO::Fitting model to feature number 133, PWY.5856
2021-08-30 10:34:24 WARNING::Fitting problem for feature 133 returning NA
2021-08-30 10:34:24 INFO::Fitting model to feature number 134, PWY.5857
2021-08-30 10:34:24 WARNING::Fitting problem for feature 134 returning NA
2021-08-30 10:34:24 INFO::Fitting model to feature number 135, PWY.5860
2021-08-30 10:34:24 WARNING::Fitting problem for feature 135 returning NA
2021-08-30 10:34:24 INFO::Fitting model to feature number 136, PWY.5861
2021-08-30 10:34:24 INFO::Fitting model to feature number 137, PWY.5862
2021-08-30 10:34:24 WARNING::Fitting problem for feature 137 returning NA
2021-08-30 10:34:24 INFO::Fitting model to feature number 138, PWY.5863
2021-08-30 10:34:24 INFO::Fitting model to feature number 139, PWY.5896
2021-08-30 10:34:24 WARNING::Fitting problem for feature 139 returning NA
2021-08-30 10:34:24 INFO::Fitting model to feature number 140, PWY.5897
2021-08-30 10:34:24 INFO::Fitting model to feature number 141, PWY.5898
2021-08-30 10:34:24 INFO::Fitting model to feature number 142, PWY.5899
2021-08-30 10:34:24 INFO::Fitting model to feature number 143, PWY.5910
2021-08-30 10:34:24 INFO::Fitting model to feature number 144, PWY.5913
2021-08-30 10:34:24 INFO::Fitting model to feature number 145, PWY.5918
2021-08-30 10:34:24 INFO::Fitting model to feature number 146, PWY.5971
2021-08-30 10:34:25 INFO::Fitting model to feature number 147, PWY.5973
2021-08-30 10:34:25 INFO::Fitting model to feature number 148, PWY.5989
2021-08-30 10:34:25 WARNING::Fitting problem for feature 148 returning NA
2021-08-30 10:34:25 INFO::Fitting model to feature number 149, PWY.6071
2021-08-30 10:34:25 WARNING::Fitting problem for feature 149 returning NA
2021-08-30 10:34:25 INFO::Fitting model to feature number 150, PWY.6121
2021-08-30 10:34:25 INFO::Fitting model to feature number 151, PWY.6122
2021-08-30 10:34:25 INFO::Fitting model to feature number 152, PWY.6123
2021-08-30 10:34:25 INFO::Fitting model to feature number 153, PWY.6125
2021-08-30 10:34:25 INFO::Fitting model to feature number 154, PWY.6126
2021-08-30 10:34:25 INFO::Fitting model to feature number 155, PWY.6147
2021-08-30 10:34:25 INFO::Fitting model to feature number 156, PWY.6151
2021-08-30 10:34:25 INFO::Fitting model to feature number 157, PWY.6163
2021-08-30 10:34:25 INFO::Fitting model to feature number 158, PWY.621
2021-08-30 10:34:25 INFO::Fitting model to feature number 159, PWY.6263
2021-08-30 10:34:25 INFO::Fitting model to feature number 160, PWY.6269
2021-08-30 10:34:25 INFO::Fitting model to feature number 161, PWY.6277
2021-08-30 10:34:25 INFO::Fitting model to feature number 162, PWY.6282
2021-08-30 10:34:25 WARNING::Fitting problem for feature 162 returning NA
2021-08-30 10:34:25 INFO::Fitting model to feature number 163, PWY.6317
2021-08-30 10:34:25 INFO::Fitting model to feature number 164, PWY.6353
2021-08-30 10:34:25 INFO::Fitting model to feature number 165, PWY.6385
2021-08-30 10:34:25 INFO::Fitting model to feature number 166, PWY.6386
2021-08-30 10:34:25 INFO::Fitting model to feature number 167, PWY.6387
2021-08-30 10:34:26 INFO::Fitting model to feature number 168, PWY.6467
2021-08-30 10:34:26 INFO::Fitting model to feature number 169, PWY.6471
2021-08-30 10:34:26 INFO::Fitting model to feature number 170, PWY.6478
2021-08-30 10:34:26 INFO::Fitting model to feature number 171, PWY.6507
2021-08-30 10:34:26 INFO::Fitting model to feature number 172, PWY.6519
2021-08-30 10:34:26 INFO::Fitting model to feature number 173, PWY.6545
2021-08-30 10:34:26 INFO::Fitting model to feature number 174, PWY.6588
2021-08-30 10:34:26 INFO::Fitting model to feature number 175, PWY.6608
2021-08-30 10:34:26 INFO::Fitting model to feature number 176, PWY.6609
2021-08-30 10:34:26 INFO::Fitting model to feature number 177, PWY.6612
2021-08-30 10:34:26 INFO::Fitting model to feature number 178, PWY.6628
2021-08-30 10:34:26 INFO::Fitting model to feature number 179, PWY.6629
2021-08-30 10:34:26 INFO::Fitting model to feature number 180, PWY.6630
2021-08-30 10:34:26 INFO::Fitting model to feature number 181, PWY.6690
2021-08-30 10:34:26 WARNING::Fitting problem for feature 181 returning NA
2021-08-30 10:34:26 INFO::Fitting model to feature number 182, PWY.6700
2021-08-30 10:34:26 INFO::Fitting model to feature number 183, PWY.6703
2021-08-30 10:34:26 INFO::Fitting model to feature number 184, PWY.6708
2021-08-30 10:34:26 WARNING::Fitting problem for feature 184 returning NA
2021-08-30 10:34:26 INFO::Fitting model to feature number 185, PWY.6737
2021-08-30 10:34:26 INFO::Fitting model to feature number 186, PWY.6891
2021-08-30 10:34:27 INFO::Fitting model to feature number 187, PWY.6892
2021-08-30 10:34:27 INFO::Fitting model to feature number 188, PWY.6895
2021-08-30 10:34:27 INFO::Fitting model to feature number 189, PWY.6897
2021-08-30 10:34:27 INFO::Fitting model to feature number 190, PWY.6901
2021-08-30 10:34:27 INFO::Fitting model to feature number 191, PWY.6969
2021-08-30 10:34:27 INFO::Fitting model to feature number 192, PWY.7003
2021-08-30 10:34:27 INFO::Fitting model to feature number 193, PWY.7013
2021-08-30 10:34:27 INFO::Fitting model to feature number 194, PWY.7111
2021-08-30 10:34:27 INFO::Fitting model to feature number 195, PWY.7184
2021-08-30 10:34:27 INFO::Fitting model to feature number 196, PWY.7187
2021-08-30 10:34:27 INFO::Fitting model to feature number 197, PWY.7196
2021-08-30 10:34:27 INFO::Fitting model to feature number 198, PWY.7197
2021-08-30 10:34:27 INFO::Fitting model to feature number 199, PWY.7199
2021-08-30 10:34:27 INFO::Fitting model to feature number 200, PWY.7200
2021-08-30 10:34:27 INFO::Fitting model to feature number 201, PWY.7208
2021-08-30 10:34:27 INFO::Fitting model to feature number 202, PWY.7211
2021-08-30 10:34:27 INFO::Fitting model to feature number 203, PWY.7219
2021-08-30 10:34:27 INFO::Fitting model to feature number 204, PWY.7220
2021-08-30 10:34:27 INFO::Fitting model to feature number 205, PWY.7221
2021-08-30 10:34:28 INFO::Fitting model to feature number 206, PWY.7222
2021-08-30 10:34:28 INFO::Fitting model to feature number 207, PWY.7228
2021-08-30 10:34:28 INFO::Fitting model to feature number 208, PWY.7229
2021-08-30 10:34:28 INFO::Fitting model to feature number 209, PWY.7234
2021-08-30 10:34:28 INFO::Fitting model to feature number 210, PWY.7237
2021-08-30 10:34:28 INFO::Fitting model to feature number 211, PWY.7242
2021-08-30 10:34:28 INFO::Fitting model to feature number 212, PWY.7254
2021-08-30 10:34:28 INFO::Fitting model to feature number 213, PWY.7315
2021-08-30 10:34:28 INFO::Fitting model to feature number 214, PWY.7323
2021-08-30 10:34:28 INFO::Fitting model to feature number 215, PWY.7328
2021-08-30 10:34:28 INFO::Fitting model to feature number 216, PWY.7332
2021-08-30 10:34:28 INFO::Fitting model to feature number 217, PWY.7377
2021-08-30 10:34:28 INFO::Fitting model to feature number 218, PWY.7392
2021-08-30 10:34:28 INFO::Fitting model to feature number 219, PWY.7400
2021-08-30 10:34:28 INFO::Fitting model to feature number 220, PWY.7446
2021-08-30 10:34:28 WARNING::Fitting problem for feature 220 returning NA
2021-08-30 10:34:28 INFO::Fitting model to feature number 221, PWY.7539
2021-08-30 10:34:28 INFO::Fitting model to feature number 222, PWY.7560
2021-08-30 10:34:28 INFO::Fitting model to feature number 223, PWY.7663
2021-08-30 10:34:28 INFO::Fitting model to feature number 224, PWY.7664
2021-08-30 10:34:28 WARNING::Fitting problem for feature 224 returning NA
2021-08-30 10:34:28 INFO::Fitting model to feature number 225, PWY.841
2021-08-30 10:34:29 INFO::Fitting model to feature number 226, PWY.922
2021-08-30 10:34:29 INFO::Fitting model to feature number 227, PWY0.1061
2021-08-30 10:34:29 INFO::Fitting model to feature number 228, PWY0.1241
2021-08-30 10:34:29 INFO::Fitting model to feature number 229, PWY0.1261
2021-08-30 10:34:29 INFO::Fitting model to feature number 230, PWY0.1277
2021-08-30 10:34:29 WARNING::Fitting problem for feature 230 returning NA
2021-08-30 10:34:29 INFO::Fitting model to feature number 231, PWY0.1296
2021-08-30 10:34:29 INFO::Fitting model to feature number 232, PWY0.1297
2021-08-30 10:34:29 INFO::Fitting model to feature number 233, PWY0.1298
2021-08-30 10:34:29 INFO::Fitting model to feature number 234, PWY0.1319
2021-08-30 10:34:29 INFO::Fitting model to feature number 235, PWY0.1338
2021-08-30 10:34:29 WARNING::Fitting problem for feature 235 returning NA
2021-08-30 10:34:29 INFO::Fitting model to feature number 236, PWY0.1415
2021-08-30 10:34:29 WARNING::Fitting problem for feature 236 returning NA
2021-08-30 10:34:29 INFO::Fitting model to feature number 237, PWY0.1479
2021-08-30 10:34:29 INFO::Fitting model to feature number 238, PWY0.1533
2021-08-30 10:34:29 WARNING::Fitting problem for feature 238 returning NA
2021-08-30 10:34:29 INFO::Fitting model to feature number 239, PWY0.1586
2021-08-30 10:34:29 INFO::Fitting model to feature number 240, PWY0.162
2021-08-30 10:34:29 INFO::Fitting model to feature number 241, PWY0.166
2021-08-30 10:34:29 INFO::Fitting model to feature number 242, PWY0.321
2021-08-30 10:34:29 WARNING::Fitting problem for feature 242 returning NA
2021-08-30 10:34:29 INFO::Fitting model to feature number 243, PWY0.41
2021-08-30 10:34:29 INFO::Fitting model to feature number 244, PWY0.42
2021-08-30 10:34:29 WARNING::Fitting problem for feature 244 returning NA
2021-08-30 10:34:29 INFO::Fitting model to feature number 245, PWY0.781
2021-08-30 10:34:29 INFO::Fitting model to feature number 246, PWY0.845
2021-08-30 10:34:29 INFO::Fitting model to feature number 247, PWY0.862
2021-08-30 10:34:29 WARNING::Fitting problem for feature 247 returning NA
2021-08-30 10:34:29 INFO::Fitting model to feature number 248, PWY490.3
2021-08-30 10:34:30 INFO::Fitting model to feature number 249, PWY4FS.7
2021-08-30 10:34:30 INFO::Fitting model to feature number 250, PWY4FS.8
2021-08-30 10:34:30 INFO::Fitting model to feature number 251, PWYG.321
2021-08-30 10:34:30 INFO::Fitting model to feature number 252, PYRIDNUCSAL.PWY
2021-08-30 10:34:30 INFO::Fitting model to feature number 253, PYRIDNUCSYN.PWY
2021-08-30 10:34:30 INFO::Fitting model to feature number 254, PYRIDOXSYN.PWY
2021-08-30 10:34:30 INFO::Fitting model to feature number 255, REDCITCYC
2021-08-30 10:34:30 INFO::Fitting model to feature number 256, RHAMCAT.PWY
2021-08-30 10:34:30 INFO::Fitting model to feature number 257, RIBOSYN2.PWY
2021-08-30 10:34:30 INFO::Fitting model to feature number 258, RUMP.PWY
2021-08-30 10:34:30 INFO::Fitting model to feature number 259, SALVADEHYPOX.PWY
2021-08-30 10:34:30 INFO::Fitting model to feature number 260, SER.GLYSYN.PWY
2021-08-30 10:34:30 INFO::Fitting model to feature number 261, SO4ASSIM.PWY
2021-08-30 10:34:30 INFO::Fitting model to feature number 262, SULFATE.CYS.PWY
2021-08-30 10:34:30 INFO::Fitting model to feature number 263, TCA
2021-08-30 10:34:30 INFO::Fitting model to feature number 264, TCA.GLYOX.BYPASS
2021-08-30 10:34:30 WARNING::Fitting problem for feature 264 returning NA
2021-08-30 10:34:30 INFO::Fitting model to feature number 265, TEICHOICACID.PWY
2021-08-30 10:34:30 INFO::Fitting model to feature number 266, THISYN.PWY
2021-08-30 10:34:30 INFO::Fitting model to feature number 267, THRESYN.PWY
2021-08-30 10:34:31 INFO::Fitting model to feature number 268, TRNA.CHARGING.PWY
2021-08-30 10:34:31 INFO::Fitting model to feature number 269, TRPSYN.PWY
2021-08-30 10:34:31 INFO::Fitting model to feature number 270, UBISYN.PWY
2021-08-30 10:34:31 WARNING::Fitting problem for feature 270 returning NA
2021-08-30 10:34:31 INFO::Fitting model to feature number 271, UDPNAGSYN.PWY
2021-08-30 10:34:31 INFO::Fitting model to feature number 272, VALSYN.PWY
2021-08-30 10:34:31 INFO::Counting total values for each feature
2021-08-30 10:34:31 INFO::Writing residuals to file LogCLR-MucCol-ComBat-Maaslin-SeqRunSexSite-1-Line-MsID/residuals.rds
2021-08-30 10:34:31 INFO::Writing all results to file (ordered by increasing q-values): LogCLR-MucCol-ComBat-Maaslin-SeqRunSexSite-1-Line-MsID/all_results.tsv
2021-08-30 10:34:31 INFO::Writing the significant results (those which are less than or equal to the threshold of 0.250000 ) to file (ordered by increasing q-values): LogCLR-MucCol-ComBat-Maaslin-SeqRunSexSite-1-Line-MsID/significant_results.tsv
2021-08-30 10:34:31 INFO::Writing heatmap of significant results to file: LogCLR-MucCol-ComBat-Maaslin-SeqRunSexSite-1-Line-MsID/heatmap.pdf
2021-08-30 10:34:31 INFO::Writing association plots (one for each significant association) to output folder: LogCLR-MucCol-ComBat-Maaslin-SeqRunSexSite-1-Line-MsID
2021-08-30 10:34:31 INFO::Plotting associations from most to least significant, grouped by metadata
2021-08-30 10:34:31 INFO::Plotting data for metadata number 1, Site
2021-08-30 10:34:31 INFO::Creating boxplot for categorical data, Site vs PWY.5509
2021-08-30 10:34:31 INFO::Creating boxplot for categorical data, Site vs PWY.5509
2021-08-30 10:34:31 INFO::Creating boxplot for categorical data, Site vs PWY.6269
2021-08-30 10:34:31 INFO::Creating boxplot for categorical data, Site vs GLUTORN.PWY
2021-08-30 10:34:31 INFO::Creating boxplot for categorical data, Site vs PWY.5104
2021-08-30 10:34:31 INFO::Creating boxplot for categorical data, Site vs PWY.7111
2021-08-30 10:34:32 INFO::Creating boxplot for categorical data, Site vs ARGSYNBSUB.PWY
2021-08-30 10:34:32 INFO::Creating boxplot for categorical data, Site vs COBALSYN.PWY
2021-08-30 10:34:32 INFO::Creating boxplot for categorical data, Site vs ILEUSYN.PWY
2021-08-30 10:34:32 INFO::Creating boxplot for categorical data, Site vs PWY.5101
2021-08-30 10:34:32 INFO::Creating boxplot for categorical data, Site vs VALSYN.PWY
2021-08-30 10:34:32 INFO::Creating boxplot for categorical data, Site vs PWY.6163
2021-08-30 10:34:32 INFO::Creating boxplot for categorical data, Site vs ARO.PWY
2021-08-30 10:34:32 INFO::Creating boxplot for categorical data, Site vs COMPLETE.ARO.PWY
2021-08-30 10:34:32 INFO::Creating boxplot for categorical data, Site vs BRANCHED.CHAIN.AA.SYN.PWY
2021-08-30 10:34:32 INFO::Creating boxplot for categorical data, Site vs PYRIDNUCSAL.PWY
2021-08-30 10:34:32 INFO::Creating boxplot for categorical data, Site vs ARGSYN.PWY
2021-08-30 10:34:33 INFO::Creating boxplot for categorical data, Site vs PWY.5103
2021-08-30 10:34:33 INFO::Creating boxplot for categorical data, Site vs PWY.7400
2021-08-30 10:34:33 INFO::Creating boxplot for categorical data, Site vs HISTSYN.PWY
2021-08-30 10:34:33 INFO::Creating boxplot for categorical data, Site vs PWY.5505
2021-08-30 10:34:33 INFO::Creating boxplot for categorical data, Site vs NONMEVIPP.PWY
2021-08-30 10:34:33 INFO::Creating boxplot for categorical data, Site vs PWY.7560
2021-08-30 10:34:33 INFO::Creating boxplot for categorical data, Site vs PWY.6897
2021-08-30 10:34:33 INFO::Creating boxplot for categorical data, Site vs ARGSYNBSUB.PWY
2021-08-30 10:34:33 INFO::Creating boxplot for categorical data, Site vs GLYCOCAT.PWY
2021-08-30 10:34:33 INFO::Creating boxplot for categorical data, Site vs ARGSYN.PWY
2021-08-30 10:34:33 INFO::Creating boxplot for categorical data, Site vs BRANCHED.CHAIN.AA.SYN.PWY
2021-08-30 10:34:34 INFO::Creating boxplot for categorical data, Site vs ILEUSYN.PWY
2021-08-30 10:34:34 INFO::Creating boxplot for categorical data, Site vs PWY.6737
2021-08-30 10:34:34 INFO::Creating boxplot for categorical data, Site vs PWY.7111
2021-08-30 10:34:34 INFO::Creating boxplot for categorical data, Site vs SER.GLYSYN.PWY
2021-08-30 10:34:34 INFO::Creating boxplot for categorical data, Site vs TRPSYN.PWY
2021-08-30 10:34:34 INFO::Creating boxplot for categorical data, Site vs VALSYN.PWY
2021-08-30 10:34:34 INFO::Creating boxplot for categorical data, Site vs PWY.7400
2021-08-30 10:34:34 INFO::Creating boxplot for categorical data, Site vs PWY.5101
2021-08-30 10:34:34 INFO::Creating boxplot for categorical data, Site vs PWY.5104
2021-08-30 10:34:34 INFO::Creating boxplot for categorical data, Site vs PWY.5189
2021-08-30 10:34:35 INFO::Creating boxplot for categorical data, Site vs GLUTORN.PWY
2021-08-30 10:34:35 INFO::Creating boxplot for categorical data, Site vs PWY.5188
2021-08-30 10:34:35 INFO::Creating boxplot for categorical data, Site vs DAPLYSINESYN.PWY
2021-08-30 10:34:35 INFO::Creating boxplot for categorical data, Site vs PWY.6163
2021-08-30 10:34:35 INFO::Creating boxplot for categorical data, Site vs COMPLETE.ARO.PWY
2021-08-30 10:34:35 INFO::Creating boxplot for categorical data, Site vs PWY.5103
2021-08-30 10:34:35 INFO::Creating boxplot for categorical data, Site vs ARO.PWY
2021-08-30 10:34:35 INFO::Creating boxplot for categorical data, Site vs PWY.5121
2021-08-30 10:34:35 INFO::Creating boxplot for categorical data, Site vs HISTSYN.PWY
2021-08-30 10:34:35 INFO::Creating boxplot for categorical data, Site vs NONMEVIPP.PWY
2021-08-30 10:34:35 INFO::Creating boxplot for categorical data, Site vs PWY.7560
2021-08-30 10:34:36 INFO::Creating boxplot for categorical data, Site vs SER.GLYSYN.PWY
2021-08-30 10:34:36 INFO::Creating boxplot for categorical data, Site vs PWY.3001
2021-08-30 10:34:36 INFO::Creating boxplot for categorical data, Site vs COBALSYN.PWY
2021-08-30 10:34:36 INFO::Creating boxplot for categorical data, Site vs DTDPRHAMSYN.PWY
2021-08-30 10:34:36 INFO::Creating boxplot for categorical data, Site vs PWY.3001
2021-08-30 10:34:36 INFO::Creating boxplot for categorical data, Site vs CALVIN.PWY
2021-08-30 10:34:36 INFO::Creating boxplot for categorical data, Site vs PWY.5121
2021-08-30 10:34:36 INFO::Creating boxplot for categorical data, Site vs PWY.6269
2021-08-30 10:34:36 INFO::Creating boxplot for categorical data, Site vs PWY.6897
2021-08-30 10:34:36 INFO::Creating boxplot for categorical data, Site vs OANTIGEN.PWY
2021-08-30 10:34:37 INFO::Creating boxplot for categorical data, Site vs X1CMET2.PWY
2021-08-30 10:34:37 INFO::Creating boxplot for categorical data, Site vs OANTIGEN.PWY
2021-08-30 10:34:37 INFO::Creating boxplot for categorical data, Site vs P4.PWY
2021-08-30 10:34:37 INFO::Creating boxplot for categorical data, Site vs PWY.6892
2021-08-30 10:34:37 INFO::Creating boxplot for categorical data, Site vs NONOXIPENT.PWY
2021-08-30 10:34:37 INFO::Creating boxplot for categorical data, Site vs TRPSYN.PWY
2021-08-30 10:34:37 INFO::Creating boxplot for categorical data, Site vs GLYCOCAT.PWY
2021-08-30 10:34:37 INFO::Creating boxplot for categorical data, Site vs CALVIN.PWY
2021-08-30 10:34:37 INFO::Creating boxplot for categorical data, Site vs GLUCUROCAT.PWY
2021-08-30 10:34:37 INFO::Creating boxplot for categorical data, Site vs GLYCOLYSIS
2021-08-30 10:34:38 INFO::Creating boxplot for categorical data, Site vs PWY.6737
2021-08-30 10:34:38 INFO::Creating boxplot for categorical data, Site vs PWY.5347
2021-08-30 10:34:38 INFO::Creating boxplot for categorical data, Site vs DAPLYSINESYN.PWY
2021-08-30 10:34:38 INFO::Creating boxplot for categorical data, Site vs TRNA.CHARGING.PWY
2021-08-30 10:34:38 INFO::Creating boxplot for categorical data, Site vs PYRIDNUCSAL.PWY
2021-08-30 10:34:38 INFO::Creating boxplot for categorical data, Site vs GLYCOGENSYNTH.PWY
2021-08-30 10:34:38 INFO::Creating boxplot for categorical data, Site vs RIBOSYN2.PWY
2021-08-30 10:34:38 INFO::Creating boxplot for categorical data, Site vs X1CMET2.PWY
2021-08-30 10:34:38 INFO::Creating boxplot for categorical data, Site vs PWY.5973
2021-08-30 10:34:38 INFO::Creating boxplot for categorical data, Site vs PWY.7663
2021-08-30 10:34:39 INFO::Creating boxplot for categorical data, Site vs PANTOSYN.PWY
2021-08-30 10:34:39 INFO::Creating boxplot for categorical data, Site vs NONOXIPENT.PWY
2021-08-30 10:34:39 INFO::Creating boxplot for categorical data, Site vs PWY.5505
2021-08-30 10:34:39 INFO::Creating boxplot for categorical data, Site vs PWY.6121
2021-08-30 10:34:39 INFO::Creating boxplot for categorical data, Site vs PWY.6122
2021-08-30 10:34:39 INFO::Creating boxplot for categorical data, Site vs PWY.6277
2021-08-30 10:34:39 INFO::Creating boxplot for categorical data, Site vs RIBOSYN2.PWY
2021-08-30 10:34:39 INFO::Creating boxplot for categorical data, Site vs PWY.5667
2021-08-30 10:34:39 INFO::Creating boxplot for categorical data, Site vs PWY0.1319
2021-08-30 10:34:40 INFO::Creating boxplot for categorical data, Site vs GLYCOGENSYNTH.PWY
2021-08-30 10:34:40 INFO::Creating boxplot for categorical data, Site vs ASPASN.PWY
2021-08-30 10:34:40 INFO::Creating boxplot for categorical data, Site vs PWY.7003
2021-08-30 10:34:40 INFO::Creating boxplot for categorical data, Site vs TRNA.CHARGING.PWY
2021-08-30 10:34:40 INFO::Creating boxplot for categorical data, Site vs PANTO.PWY
2021-08-30 10:34:40 INFO::Creating boxplot for categorical data, Site vs ANAEROFRUCAT.PWY
2021-08-30 10:34:40 INFO::Creating boxplot for categorical data, Site vs PWY.5686
2021-08-30 10:34:40 INFO::Creating boxplot for categorical data, Site vs PWY.6123
2021-08-30 10:34:40 INFO::Creating boxplot for categorical data, Site vs DTDPRHAMSYN.PWY
2021-08-30 10:34:40 INFO::Creating boxplot for categorical data, Site vs PWY.2942
2021-08-30 10:34:40 INFO::Creating boxplot for categorical data, Site vs PHOSLIPSYN.PWY
2021-08-30 10:34:40 INFO::Creating boxplot for categorical data, Site vs PWY.6892
2021-08-30 10:34:41 INFO::Creating boxplot for categorical data, Site vs PWY4FS.7
2021-08-30 10:34:41 INFO::Creating boxplot for categorical data, Site vs PWY4FS.8
2021-08-30 10:34:41 INFO::Creating boxplot for categorical data, Site vs PYRIDNUCSYN.PWY
2021-08-30 10:34:41 INFO::Creating boxplot for categorical data, Site vs PWY.5097
2021-08-30 10:34:41 INFO::Creating boxplot for categorical data, Site vs ASPASN.PWY
2021-08-30 10:34:41 INFO::Creating boxplot for categorical data, Site vs PWY.7219
2021-08-30 10:34:41 INFO::Creating boxplot for categorical data, Site vs THRESYN.PWY
2021-08-30 10:34:41 INFO::Creating boxplot for categorical data, Site vs PWY.6386
2021-08-30 10:34:41 INFO::Creating boxplot for categorical data, Site vs PWY.5188
2021-08-30 10:34:41 INFO::Creating boxplot for categorical data, Site vs PWY.6385
2021-08-30 10:34:41 INFO::Creating boxplot for categorical data, Site vs PWY.7539
2021-08-30 10:34:42 INFO::Creating boxplot for categorical data, Site vs PWY.5973
2021-08-30 10:34:42 INFO::Creating boxplot for categorical data, Site vs PWY.7003
2021-08-30 10:34:42 INFO::Creating boxplot for categorical data, Site vs PWY.5189
2021-08-30 10:34:42 INFO::Creating boxplot for categorical data, Site vs PWY.7208
2021-08-30 10:34:42 INFO::Creating boxplot for categorical data, Site vs GLYCOLYSIS
2021-08-30 10:34:42 INFO::Creating boxplot for categorical data, Site vs PEPTIDOGLYCANSYN.PWY
2021-08-30 10:34:42 INFO::Creating boxplot for categorical data, Site vs PWY.7663
2021-08-30 10:34:42 INFO::Creating boxplot for categorical data, Site vs PWY0.781
2021-08-30 10:34:42 INFO::Creating boxplot for categorical data, Site vs PWY.6387
2021-08-30 10:34:42 INFO::Creating boxplot for categorical data, Site vs ANAGLYCOLYSIS.PWY
2021-08-30 10:34:43 INFO::Creating boxplot for categorical data, Site vs GLUCONEO.PWY
2021-08-30 10:34:43 INFO::Creating boxplot for categorical data, Site vs PWY.5484
2021-08-30 10:34:43 INFO::Creating boxplot for categorical data, Site vs PWY.6147
2021-08-30 10:34:43 INFO::Creating boxplot for categorical data, Site vs PWY.5667
2021-08-30 10:34:43 INFO::Creating boxplot for categorical data, Site vs PWY0.1319
2021-08-30 10:34:43 INFO::Creating boxplot for categorical data, Site vs PWY.6703
2021-08-30 10:34:43 INFO::Creating boxplot for categorical data, Site vs PWY.6122
2021-08-30 10:34:43 INFO::Creating boxplot for categorical data, Site vs PWY.6277
2021-08-30 10:34:43 INFO::Creating boxplot for categorical data, Site vs PWY.5100
2021-08-30 10:34:43 INFO::Creating boxplot for categorical data, Site vs PWY.5686
2021-08-30 10:34:43 INFO::Creating boxplot for categorical data, Site vs PWY.7221
2021-08-30 10:34:44 INFO::Creating boxplot for categorical data, Site vs PWY.5097
2021-08-30 10:34:44 INFO::Creating boxplot for categorical data, Site vs PWY.6121
2021-08-30 10:34:44 INFO::Creating boxplot for categorical data, Site vs THRESYN.PWY
2021-08-30 10:34:44 INFO::Creating boxplot for categorical data, Site vs PYRIDNUCSYN.PWY
2021-08-30 10:34:44 INFO::Creating boxplot for categorical data, Site vs PWY.7229
2021-08-30 10:34:44 INFO::Creating boxplot for categorical data, Site vs COA.PWY
2021-08-30 10:34:44 INFO::Creating boxplot for categorical data, Site vs PWY.2942
2021-08-30 10:34:44 INFO::Creating boxplot for categorical data, Site vs UDPNAGSYN.PWY
2021-08-30 10:34:44 INFO::Creating boxplot for categorical data, Site vs PWY4FS.7
2021-08-30 10:34:44 INFO::Creating boxplot for categorical data, Site vs PWY4FS.8
2021-08-30 10:34:45 INFO::Creating boxplot for categorical data, Site vs P42.PWY
2021-08-30 10:34:45 INFO::Creating boxplot for categorical data, Site vs PHOSLIPSYN.PWY
2021-08-30 10:34:45 INFO::Creating boxplot for categorical data, Site vs PWY.1861
2021-08-30 10:34:45 INFO::Creating boxplot for categorical data, Site vs PWY.6126
2021-08-30 10:34:45 INFO::Creating boxplot for categorical data, Site vs PWY.6123
2021-08-30 10:34:45 INFO::Creating boxplot for categorical data, Site vs PWY.7219
2021-08-30 10:34:45 INFO::Creating boxplot for categorical data, Site vs THISYN.PWY
2021-08-30 10:34:45 INFO::Creating boxplot for categorical data, Site vs PWY.6386
2021-08-30 10:34:45 INFO::Creating boxplot for categorical data, Site vs ANAEROFRUCAT.PWY
2021-08-30 10:34:45 INFO::Creating boxplot for categorical data, Site vs ANAGLYCOLYSIS.PWY
2021-08-30 10:34:45 INFO::Creating boxplot for categorical data, Site vs GALACT.GLUCUROCAT.PWY
2021-08-30 10:34:46 INFO::Creating boxplot for categorical data, Site vs PWY.5659
2021-08-30 10:34:46 INFO::Creating boxplot for categorical data, Site vs PWY.5100
2021-08-30 10:34:46 INFO::Creating boxplot for categorical data, Site vs PWY.7242
2021-08-30 10:34:46 INFO::Creating boxplot for categorical data, Site vs PWY.6385
2021-08-30 10:34:46 INFO::Creating boxplot for categorical data, Site vs PWY.6588
2021-08-30 10:34:46 INFO::Creating boxplot for categorical data, Site vs PEPTIDOGLYCANSYN.PWY
2021-08-30 10:34:46 INFO::Creating boxplot for categorical data, Site vs PWY.6387
2021-08-30 10:34:46 INFO::Creating boxplot for categorical data, Site vs GALACTUROCAT.PWY
2021-08-30 10:34:46 INFO::Creating boxplot for categorical data, Site vs PWY.6609
2021-08-30 10:34:46 INFO::Creating boxplot for categorical data, Site vs PWY.6969
2021-08-30 10:34:47 INFO::Creating boxplot for categorical data, Site vs PWY.7208
2021-08-30 10:34:47 INFO::Creating boxplot for categorical data, Site vs PWY.621
2021-08-30 10:34:47 INFO::Creating boxplot for categorical data, Site vs FOLSYN.PWY
2021-08-30 10:34:47 INFO::Creating boxplot for categorical data, Site vs PWY.621
2021-08-30 10:34:47 INFO::Creating boxplot for categorical data, Site vs PWY.6507
2021-08-30 10:34:47 INFO::Creating boxplot for categorical data, Site vs PWY.6545
2021-08-30 10:34:47 INFO::Creating boxplot for categorical data, Site vs TCA
2021-08-30 10:34:47 INFO::Creating boxplot for categorical data, Site vs PWY.6317
2021-08-30 10:34:47 INFO::Creating boxplot for categorical data, Site vs P562.PWY
2021-08-30 10:34:47 INFO::Creating boxplot for categorical data, Site vs GLYCOLYSIS.E.D
2021-08-30 10:34:48 INFO::Creating boxplot for categorical data, Site vs PWY.5659
2021-08-30 10:34:48 INFO::Creating boxplot for categorical data, Site vs FOLSYN.PWY
2021-08-30 10:34:48 INFO::Creating boxplot for categorical data, Site vs PWY.6609
2021-08-30 10:34:48 INFO::Creating boxplot for categorical data, Site vs PWY.6545
2021-08-30 10:34:48 INFO::Creating boxplot for categorical data, Site vs PWY.6317
2021-08-30 10:34:48 INFO::Creating boxplot for categorical data, Site vs PWY.7221
2021-08-30 10:34:48 INFO::Creating boxplot for categorical data, Site vs SALVADEHYPOX.PWY
2021-08-30 10:34:48 INFO::Creating boxplot for categorical data, Site vs PWY0.1296
2021-08-30 10:34:48 INFO::Creating boxplot for categorical data, Site vs PANTOSYN.PWY
2021-08-30 10:34:48 INFO::Creating boxplot for categorical data, Site vs P441.PWY
2021-08-30 10:34:49 INFO::Creating boxplot for categorical data, Site vs P164.PWY
2021-08-30 10:34:49 INFO::Creating boxplot for categorical data, Site vs GLYCOLYSIS.E.D
2021-08-30 10:34:49 INFO::Creating boxplot for categorical data, Site vs PWY.7229
2021-08-30 10:34:49 INFO::Creating boxplot for categorical data, Site vs COA.PWY
2021-08-30 10:34:49 INFO::Creating boxplot for categorical data, Site vs PWY0.1586
2021-08-30 10:34:49 INFO::Creating boxplot for categorical data, Site vs PWY.7315
2021-08-30 10:34:49 INFO::Creating boxplot for categorical data, Site vs PANTO.PWY
2021-08-30 10:34:49 INFO::Creating boxplot for categorical data, Site vs PWY.5484
2021-08-30 10:34:49 INFO::Creating boxplot for categorical data, Site vs PWY.6700
2021-08-30 10:34:49 INFO::Creating boxplot for categorical data, Site vs COLANSYN.PWY
2021-08-30 10:34:50 INFO::Creating boxplot for categorical data, Site vs PWY.6703
2021-08-30 10:34:50 INFO::Creating boxplot for categorical data, Site vs PWY.6608
2021-08-30 10:34:50 INFO::Creating boxplot for categorical data, Site vs COLANSYN.PWY
2021-08-30 10:34:50 INFO::Creating boxplot for categorical data, Site vs FERMENTATION.PWY
2021-08-30 10:34:50 INFO::Creating boxplot for categorical data, Site vs PWY.6612
2021-08-30 10:34:50 INFO::Creating boxplot for categorical data, Site vs PWY.6612
2021-08-30 10:34:50 INFO::Creating boxplot for categorical data, Site vs P441.PWY
2021-08-30 10:34:50 INFO::Creating boxplot for categorical data, Site vs PWY.6353
2021-08-30 10:34:50 INFO::Creating boxplot for categorical data, Site vs PWY.1861
2021-08-30 10:34:51 INFO::Creating boxplot for categorical data, Site vs PWY.6126
2021-08-30 10:34:51 INFO::Creating boxplot for categorical data, Site vs PWY.1269
2021-08-30 10:34:51 INFO::Creating boxplot for categorical data, Site vs PWY.7539
2021-08-30 10:34:51 INFO::Creating boxplot for categorical data, Site vs FASYN.ELONG.PWY
2021-08-30 10:34:51 INFO::Creating boxplot for categorical data, Site vs DENOVOPURINE2.PWY
2021-08-30 10:34:51 INFO::Creating boxplot for categorical data, Site vs PWY.6147
2021-08-30 10:34:51 INFO::Creating boxplot for categorical data, Site vs PWY0.1586
2021-08-30 10:34:51 INFO::Creating boxplot for categorical data, Site vs PWY.841
2021-08-30 10:34:51 INFO::Creating boxplot for categorical data, Site vs PWY.7199
2021-08-30 10:34:51 INFO::Creating boxplot for categorical data, Site vs P562.PWY
2021-08-30 10:34:52 INFO::Creating boxplot for categorical data, Site vs RUMP.PWY
2021-08-30 10:34:52 INFO::Creating boxplot for categorical data, Site vs PWY.6700
2021-08-30 10:34:52 INFO::Creating boxplot for categorical data, Site vs PWY0.162
2021-08-30 10:34:52 INFO::Creating boxplot for categorical data, Site vs PWY.7199
2021-08-30 10:34:52 INFO::Creating boxplot for categorical data, Site vs PWY.5705
2021-08-30 10:34:52 INFO::Creating boxplot for categorical data, Site vs PWY.7196
2021-08-30 10:34:52 INFO::Creating boxplot for categorical data, Site vs UDPNAGSYN.PWY
2021-08-30 10:34:52 INFO::Creating boxplot for categorical data, Site vs GLUCONEO.PWY
2021-08-30 10:34:52 INFO::Creating boxplot for categorical data, Site vs THISYN.PWY
2021-08-30 10:34:52 INFO::Creating boxplot for categorical data, Site vs PWY.7220
2021-08-30 10:34:53 INFO::Creating boxplot for categorical data, Site vs PWY.7222
2021-08-30 10:34:53 INFO::Creating boxplot for categorical data, Site vs HEXITOLDEGSUPER.PWY
2021-08-30 10:34:53 INFO::Creating boxplot for categorical data, Site vs PWY.7328
2021-08-30 10:34:53 INFO::Creating boxplot for categorical data, Site vs PWY.7187
2021-08-30 10:34:53 INFO::Creating boxplot for categorical data, Site vs MET.SAM.PWY
2021-08-30 10:34:53 INFO::Creating boxplot for categorical data, Site vs PWY.7200
2021-08-30 10:34:53 INFO::Creating boxplot for categorical data, Site vs GLYOXYLATE.BYPASS
2021-08-30 10:34:53 INFO::Creating boxplot for categorical data, Site vs PWY.6471
2021-08-30 10:34:53 INFO::Creating boxplot for categorical data, Site vs SULFATE.CYS.PWY
2021-08-30 10:34:54 INFO::Creating boxplot for categorical data, Site vs PWY.6151
2021-08-30 10:34:54 INFO::Creating boxplot for categorical data, Site vs POLYISOPRENSYN.PWY
2021-08-30 10:34:54 INFO::Creating boxplot for categorical data, Site vs PWY.6151
2021-08-30 10:34:54 INFO::Creating boxplot for categorical data, Site vs PWY.7392
2021-08-30 10:34:54 INFO::Creating boxplot for categorical data, Site vs PWY.7392
2021-08-30 10:34:54 INFO::Creating boxplot for categorical data, Site vs PWY.5705
2021-08-30 10:34:54 INFO::Creating boxplot for categorical data, Site vs PWY.5863
2021-08-30 10:34:54 INFO::Creating boxplot for categorical data, Site vs PWY.5863
2021-08-30 10:34:54 INFO::Creating boxplot for categorical data, Site vs PWY0.166
2021-08-30 10:34:54 INFO::Creating boxplot for categorical data, Site vs PWY.6471
2021-08-30 10:34:55 INFO::Creating boxplot for categorical data, Site vs PWY.7323
2021-08-30 10:34:55 INFO::Creating boxplot for categorical data, Site vs GLUCUROCAT.PWY
2021-08-30 10:34:55 INFO::Creating boxplot for categorical data, Site vs PWY0.1298
2021-08-30 10:34:55 INFO::Creating boxplot for categorical data, Site vs PWY.7234
2021-08-30 10:34:55 INFO::Creating boxplot for categorical data, Site vs HEMESYN2.PWY
2021-08-30 10:34:55 INFO::Creating boxplot for categorical data, Site vs PWY0.1296
2021-08-30 10:34:55 INFO::Creating boxplot for categorical data, Site vs P23.PWY
2021-08-30 10:34:55 INFO::Creating boxplot for categorical data, Site vs PWY.7323
2021-08-30 10:34:55 INFO::Creating boxplot for categorical data, Site vs PWY.6588
2021-08-30 10:34:56 INFO::Creating boxplot for categorical data, Site vs RUMP.PWY
2021-08-30 10:34:56 INFO::Creating boxplot for categorical data, Site vs NAGLIPASYN.PWY
2021-08-30 10:34:56 INFO::Creating boxplot for categorical data, Site vs PWY0.1261
2021-08-30 10:34:56 INFO::Creating boxplot for categorical data, Site vs PWY0.845
2021-08-30 10:34:56 INFO::Creating boxplot for categorical data, Site vs PWY.6125
2021-08-30 10:34:56 INFO::Creating boxplot for categorical data, Site vs PWY.5695
2021-08-30 10:34:56 INFO::Creating boxplot for categorical data, Site vs SULFATE.CYS.PWY
2021-08-30 10:34:56 INFO::Creating boxplot for categorical data, Site vs PWY.7377
2021-08-30 10:34:56 INFO::Creating boxplot for categorical data, Site vs P108.PWY
2021-08-30 10:34:57 INFO::Creating boxplot for categorical data, Site vs FAO.PWY
2021-08-30 10:34:57 INFO::Creating boxplot for categorical data, Site vs PYRIDOXSYN.PWY
2021-08-30 10:34:57 INFO::Creating boxplot for categorical data, Site vs PWY0.1297
2021-08-30 10:34:57 INFO::Creating boxplot for categorical data, Site vs TCA
2021-08-30 10:34:57 INFO::Creating boxplot for categorical data, Site vs GLCMANNANAUT.PWY
2021-08-30 10:34:57 INFO::Creating boxplot for categorical data, Site vs PYRIDOXSYN.PWY
2021-08-30 10:34:57 INFO::Creating boxplot for categorical data, Site vs PWY.7228
2021-08-30 10:34:57 INFO::Creating boxplot for categorical data, Site vs BIOTIN.BIOSYNTHESIS.PWY
2021-08-30 10:34:57 INFO::Creating boxplot for categorical data, Site vs PENTOSE.P.PWY
2021-08-30 10:34:58 INFO::Creating boxplot for categorical data, Site vs ARGORNPROST.PWY
2021-08-30 10:34:58 INFO::Creating boxplot for categorical data, Site vs PWY.7254
2021-08-30 10:34:58 INFO::Creating boxplot for categorical data, Site vs PWY.2941
2021-08-30 10:34:58 INFO::Creating boxplot for categorical data, Site vs ARGORNPROST.PWY
2021-08-30 10:34:58 INFO::Creating boxplot for categorical data, Site vs PWY.5837
2021-08-30 10:34:58 INFO::Creating boxplot for categorical data, Site vs PWY.6519
2021-08-30 10:34:58 INFO::Creating boxplot for categorical data, Site vs PWY.7315
2021-08-30 10:34:58 INFO::Creating boxplot for categorical data, Site vs PWY0.41
2021-08-30 10:34:58 INFO::Creating boxplot for categorical data, Site vs PWY490.3
2021-08-30 10:34:59 INFO::Creating boxplot for categorical data, Site vs P124.PWY
2021-08-30 10:34:59 INFO::Creating boxplot for categorical data, Site vs PWY.6969
2021-08-30 10:34:59 INFO::Creating boxplot for categorical data, Site vs PWY.5913
2021-08-30 10:34:59 INFO::Creating boxplot for categorical data, Site vs PWY.7254
2021-08-30 10:34:59 INFO::Creating boxplot for categorical data, Site vs PWY.6891
2021-08-30 10:34:59 INFO::Creating boxplot for categorical data, Site vs PWY.7242
2021-08-30 10:34:59 INFO::Creating boxplot for categorical data, Site vs P23.PWY
2021-08-30 10:34:59 INFO::Creating boxplot for categorical data, Site vs PWY.7197
2021-08-30 10:35:00 INFO::Creating boxplot for categorical data, Site vs PWY.7328
2021-08-30 10:35:00 INFO::Creating boxplot for categorical data, Site vs FUC.RHAMCAT.PWY
2021-08-30 10:35:00 INFO::Creating boxplot for categorical data, Site vs PWY.6608
2021-08-30 10:35:00 INFO::Creating boxplot for categorical data, Site vs PWY0.1241
2021-08-30 10:35:00 INFO::Creating boxplot for categorical data, Site vs PWY.6507
2021-08-30 10:35:00 INFO::Creating boxplot for categorical data, Site vs PWY.7211
2021-08-30 10:35:00 INFO::Creating boxplot for categorical data, Site vs SALVADEHYPOX.PWY
2021-08-30 10:35:00 INFO::Creating boxplot for categorical data, Site vs P124.PWY
2021-08-30 10:35:00 INFO::Creating boxplot for categorical data, Site vs PWY.5910
2021-08-30 10:35:00 INFO::Creating boxplot for categorical data, Site vs PWY.5695
2021-08-30 10:35:00 INFO::Creating boxplot for categorical data, Site vs GALACT.GLUCUROCAT.PWY
2021-08-30 10:35:01 INFO::Creating boxplot for categorical data, Site vs PWY.5022
2021-08-30 10:35:01 INFO::Creating boxplot for categorical data, Site vs PWY.5837
2021-08-30 10:35:01 INFO::Creating boxplot for categorical data, Site vs ARG.POLYAMINE.SYN
2021-08-30 10:35:01 INFO::Creating boxplot for categorical data, Site vs PWY.7184
2021-08-30 10:35:01 INFO::Creating boxplot for categorical data, Site vs PENTOSE.P.PWY
2021-08-30 10:35:01 INFO::Creating boxplot for categorical data, Site vs PWYG.321
2021-08-30 10:35:01 INFO::Creating boxplot for categorical data, Site vs PWY0.41
2021-08-30 10:35:01 INFO::Creating boxplot for categorical data, Site vs PWY0.1298
2021-08-30 10:35:01 INFO::Creating boxplot for categorical data, Site vs FAO.PWY
2021-08-30 10:35:01 INFO::Creating boxplot for categorical data, Site vs HEMESYN2.PWY
2021-08-30 10:35:01 INFO::Creating boxplot for categorical data, Site vs PWY.6467
2021-08-30 10:35:01 INFO::Creating boxplot for categorical data, Site vs PWY.5347
2021-08-30 10:35:02 INFO::Creating boxplot for categorical data, Site vs GALACTUROCAT.PWY
2021-08-30 10:35:02 INFO::Creating boxplot for categorical data, Site vs PWY.6353
2021-08-30 10:35:02 INFO::Creating boxplot for categorical data, Site vs HEME.BIOSYNTHESIS.II
2021-08-30 10:35:02 INFO::Creating boxplot for categorical data, Site vs POLYAMINSYN3.PWY
2021-08-30 10:35:02 INFO::Creating boxplot for categorical data, Site vs REDCITCYC
2021-08-30 10:35:02 INFO::Plotting data for metadata number 2, Sequencing_Run
2021-08-30 10:35:02 INFO::Creating boxplot for categorical data, Sequencing_Run vs PWY0.1261
2021-08-30 10:35:03 INFO::Creating boxplot for categorical data, Sequencing_Run vs PWY.6353
2021-08-30 10:35:03 INFO::Creating boxplot for categorical data, Sequencing_Run vs GALACTUROCAT.PWY
2021-08-30 10:35:03 INFO::Creating boxplot for categorical data, Sequencing_Run vs PWY.7242
2021-08-30 10:35:03 INFO::Creating boxplot for categorical data, Sequencing_Run vs HSERMETANA.PWY
2021-08-30 10:35:03 INFO::Creating boxplot for categorical data, Sequencing_Run vs PWY.5265
2021-08-30 10:35:03 INFO::Creating boxplot for categorical data, Sequencing_Run vs PWY.7237
2021-08-30 10:35:03 INFO::Creating boxplot for categorical data, Sequencing_Run vs PWY.1861
2021-08-30 10:35:03 INFO::Creating boxplot for categorical data, Sequencing_Run vs PWY.3781
2021-08-30 10:35:03 INFO::Creating boxplot for categorical data, Sequencing_Run vs PWY.5840
2021-08-30 10:35:03 INFO::Creating boxplot for categorical data, Sequencing_Run vs HEXITOLDEGSUPER.PWY
2021-08-30 10:35:03 INFO::Creating boxplot for categorical data, Sequencing_Run vs PWY0.1479
2021-08-30 10:35:04 INFO::Creating boxplot for categorical data, Sequencing_Run vs GALACT.GLUCUROCAT.PWY
2021-08-30 10:35:04 INFO::Creating boxplot for categorical data, Sequencing_Run vs PWY.5840
2021-08-30 10:35:04 INFO::Creating boxplot for categorical data, Sequencing_Run vs PWY.6629
2021-08-30 10:35:04 INFO::Creating boxplot for categorical data, Sequencing_Run vs GLYCOLYSIS.E.D
2021-08-30 10:35:04 INFO::Creating boxplot for categorical data, Sequencing_Run vs SALVADEHYPOX.PWY
2021-08-30 10:35:04 INFO::Creating boxplot for categorical data, Sequencing_Run vs PWY.7377
2021-08-30 10:35:04 INFO::Creating boxplot for categorical data, Sequencing_Run vs GLUCUROCAT.PWY
2021-08-30 10:35:04 INFO::Creating boxplot for categorical data, Sequencing_Run vs PWY.6612
2021-08-30 10:35:04 INFO::Creating boxplot for categorical data, Sequencing_Run vs P461.PWY
2021-08-30 10:35:04 INFO::Creating boxplot for categorical data, Sequencing_Run vs P441.PWY
2021-08-30 10:35:04 INFO::Creating boxplot for categorical data, Sequencing_Run vs RUMP.PWY
2021-08-30 10:35:05 INFO::Creating boxplot for categorical data, Sequencing_Run vs TEICHOICACID.PWY
2021-08-30 10:35:05 INFO::Creating boxplot for categorical data, Sequencing_Run vs PYRIDOXSYN.PWY
2021-08-30 10:35:05 INFO::Creating boxplot for categorical data, Sequencing_Run vs P162.PWY
2021-08-30 10:35:05 INFO::Creating boxplot for categorical data, Sequencing_Run vs PWY.5863
2021-08-30 10:35:05 INFO::Creating boxplot for categorical data, Sequencing_Run vs PWY0.781
2021-08-30 10:35:05 INFO::Plotting data for metadata number 3, Sex
2021-08-30 10:35:05 INFO::Creating boxplot for categorical data, Sex vs PWY.1269
2021-08-30 10:35:05 INFO::Creating boxplot for categorical data, Sex vs P108.PWY
2021-08-30 10:35:06 INFO::Creating boxplot for categorical data, Sex vs PWY.7013
2021-08-30 10:35:06 INFO::Creating boxplot for categorical data, Sex vs PWY.5265
2021-08-30 10:35:06 INFO::Creating boxplot for categorical data, Sex vs THISYN.PWY
2021-08-30 10:35:06 INFO::Creating boxplot for categorical data, Sex vs PWY.5347
2021-08-30 10:35:06 INFO::Creating boxplot for categorical data, Sex vs PWY.7323
2021-08-30 10:35:06 INFO::Creating boxplot for categorical data, Sex vs PWY.7237
2021-08-30 10:35:06 INFO::Creating boxplot for categorical data, Sex vs PWY.6628
2021-08-30 10:35:06 INFO::Creating boxplot for categorical data, Sex vs PWY.6630
2021-08-30 10:35:06 INFO::Creating boxplot for categorical data, Sex vs PWY.7377
2021-08-30 10:35:06 INFO::Creating boxplot for categorical data, Sex vs PWY.6895
