2021-07-09 07:09:34 INFO::Writing function arguments to log file
2021-07-09 07:09:34 DEBUG::Function arguments
2021-07-09 07:09:34 DEBUG::Output folder: LogCLR-s20MucosalSI-PWY-Maaslin-SeqRunSexSite-1-Line-MsID
2021-07-09 07:09:34 DEBUG::Min Abundance: 0.000000
2021-07-09 07:09:34 DEBUG::Min Prevalence: 0.100000
2021-07-09 07:09:34 DEBUG::Normalization: CLR
2021-07-09 07:09:34 DEBUG::Transform: LOG
2021-07-09 07:09:34 DEBUG::Analysis method: LM
2021-07-09 07:09:34 DEBUG::Max significance: 0.250000
2021-07-09 07:09:34 DEBUG::Random effects: Line,MouseID_Line
2021-07-09 07:09:34 DEBUG::Fixed effects: Sequencing_Run,Sex,Site
2021-07-09 07:09:34 DEBUG::Correction method: BH
2021-07-09 07:09:34 DEBUG::Standardize: TRUE
2021-07-09 07:09:34 DEBUG::Cores: 1
2021-07-09 07:09:34 INFO::Verifying options selected are valid
2021-07-09 07:09:34 INFO::Determining format of input files
2021-07-09 07:09:34 INFO::Input format is data samples as columns and metadata samples as rows
2021-07-09 07:09:34 DEBUG::Transformed data so samples are rows
2021-07-09 07:09:34 DEBUG::A total of 131 samples were found in both the data and metadata
2021-07-09 07:09:34 DEBUG::Reordering data/metadata to use same sample ordering
2021-07-09 07:09:34 INFO::Formula for random effects: expr ~ (1 | Line) + (1 | MouseID_Line)
2021-07-09 07:09:34 INFO::Formula for fixed effects: expr ~  Sequencing_Run + Sex + Site
2021-07-09 07:09:34 INFO::Running selected normalization method: CLR
2021-07-09 07:09:34 INFO::Filter data based on min abundance and min prevalence
2021-07-09 07:09:34 INFO::Total samples in data: 131
2021-07-09 07:09:34 INFO::Min samples required with min abundance for a feature not to be filtered: 13.100000
2021-07-09 07:09:34 INFO::Total filtered features: 60
2021-07-09 07:09:34 INFO::Filtered feature names: X3.HYDROXYPHENYLACETATE.DEGRADATION.PWY, CATECHOL.ORTHO.CLEAVAGE.PWY, CENTFERM.PWY, DENITRIFICATION.PWY, LEU.DEG2.PWY, LPSSYN.PWY, METH.ACETATE.PWY, P125.PWY, P162.PWY, P163.PWY, P221.PWY, P281.PWY, P562.PWY, PROTOCATECHUATE.ORTHO.CLEAVAGE.PWY, PWY.1622, PWY.181, PWY.4361, PWY.5005, PWY.5028, PWY.5088, PWY.5177, PWY.5178, PWY.5181, PWY.5415, PWY.5417, PWY.5431, PWY.5507, PWY.5531, PWY.5532, PWY.5676, PWY.5677, PWY.5741, PWY.5920, PWY.6165, PWY.6182, PWY.6185, PWY.6383, PWY.6397, PWY.6478, PWY.6562, PWY.6572, PWY.6590, PWY.6728, PWY.6749, PWY.6876, PWY.6906, PWY.7090, PWY.7094, PWY.7159, PWY.7198, PWY.7210, PWY.7332, PWY.7374, PWY.7431, PWY.7446, PWY.7456, PWY.7527, PWY1G.0, THREOCAT.PWY, TYRFUMCAT.PWY
2021-07-09 07:09:34 INFO::Applying z-score to standardize continuous metadata
2021-07-09 07:09:34 INFO::Running selected transform method: LOG
2021-07-09 07:09:34 INFO::Running selected analysis method: LM
2021-07-09 07:09:34 INFO::Fitting model to feature number 1, X1CMET2.PWY
2021-07-09 07:09:35 INFO::Fitting model to feature number 2, ALL.CHORISMATE.PWY
2021-07-09 07:09:35 INFO::Fitting model to feature number 3, ANAEROFRUCAT.PWY
2021-07-09 07:09:35 INFO::Fitting model to feature number 4, ANAGLYCOLYSIS.PWY
2021-07-09 07:09:35 INFO::Fitting model to feature number 5, ARG.POLYAMINE.SYN
2021-07-09 07:09:35 INFO::Fitting model to feature number 6, ARGDEG.PWY
2021-07-09 07:09:35 WARNING::Fitting problem for feature 6 returning NA
2021-07-09 07:09:35 INFO::Fitting model to feature number 7, ARGORNPROST.PWY
2021-07-09 07:09:35 INFO::Fitting model to feature number 8, ARGSYN.PWY
2021-07-09 07:09:35 INFO::Fitting model to feature number 9, ARGSYNBSUB.PWY
2021-07-09 07:09:35 INFO::Fitting model to feature number 10, ARO.PWY
2021-07-09 07:09:35 INFO::Fitting model to feature number 11, ASPASN.PWY
2021-07-09 07:09:35 INFO::Fitting model to feature number 12, AST.PWY
2021-07-09 07:09:35 INFO::Fitting model to feature number 13, BIOTIN.BIOSYNTHESIS.PWY
2021-07-09 07:09:35 INFO::Fitting model to feature number 14, BRANCHED.CHAIN.AA.SYN.PWY
2021-07-09 07:09:35 INFO::Fitting model to feature number 15, CALVIN.PWY
2021-07-09 07:09:35 INFO::Fitting model to feature number 16, COA.PWY
2021-07-09 07:09:35 INFO::Fitting model to feature number 17, COBALSYN.PWY
2021-07-09 07:09:35 INFO::Fitting model to feature number 18, CODH.PWY
2021-07-09 07:09:36 INFO::Fitting model to feature number 19, COLANSYN.PWY
2021-07-09 07:09:36 INFO::Fitting model to feature number 20, COMPLETE.ARO.PWY
2021-07-09 07:09:36 INFO::Fitting model to feature number 21, DAPLYSINESYN.PWY
2021-07-09 07:09:36 INFO::Fitting model to feature number 22, DENOVOPURINE2.PWY
2021-07-09 07:09:36 INFO::Fitting model to feature number 23, DTDPRHAMSYN.PWY
2021-07-09 07:09:36 INFO::Fitting model to feature number 24, ECASYN.PWY
2021-07-09 07:09:36 WARNING::Fitting problem for feature 24 returning NA
2021-07-09 07:09:36 INFO::Fitting model to feature number 25, ENTBACSYN.PWY
2021-07-09 07:09:36 WARNING::Fitting problem for feature 25 returning NA
2021-07-09 07:09:36 INFO::Fitting model to feature number 26, FAO.PWY
2021-07-09 07:09:36 INFO::Fitting model to feature number 27, FASYN.ELONG.PWY
2021-07-09 07:09:36 INFO::Fitting model to feature number 28, FASYN.INITIAL.PWY
2021-07-09 07:09:36 INFO::Fitting model to feature number 29, FERMENTATION.PWY
2021-07-09 07:09:36 INFO::Fitting model to feature number 30, FOLSYN.PWY
2021-07-09 07:09:36 INFO::Fitting model to feature number 31, FUC.RHAMCAT.PWY
2021-07-09 07:09:36 INFO::Fitting model to feature number 32, FUCCAT.PWY
2021-07-09 07:09:36 INFO::Fitting model to feature number 33, GALACT.GLUCUROCAT.PWY
2021-07-09 07:09:36 INFO::Fitting model to feature number 34, GALACTARDEG.PWY
2021-07-09 07:09:36 WARNING::Fitting problem for feature 34 returning NA
2021-07-09 07:09:36 INFO::Fitting model to feature number 35, GALACTUROCAT.PWY
2021-07-09 07:09:37 INFO::Fitting model to feature number 36, GLCMANNANAUT.PWY
2021-07-09 07:09:37 INFO::Fitting model to feature number 37, GLUCARDEG.PWY
2021-07-09 07:09:37 WARNING::Fitting problem for feature 37 returning NA
2021-07-09 07:09:37 INFO::Fitting model to feature number 38, GLUCARGALACTSUPER.PWY
2021-07-09 07:09:37 WARNING::Fitting problem for feature 38 returning NA
2021-07-09 07:09:37 INFO::Fitting model to feature number 39, GLUCONEO.PWY
2021-07-09 07:09:37 INFO::Fitting model to feature number 40, GLUCOSE1PMETAB.PWY
2021-07-09 07:09:37 INFO::Fitting model to feature number 41, GLUCUROCAT.PWY
2021-07-09 07:09:37 INFO::Fitting model to feature number 42, GLUTORN.PWY
2021-07-09 07:09:37 INFO::Fitting model to feature number 43, GLYCOCAT.PWY
2021-07-09 07:09:37 INFO::Fitting model to feature number 44, GLYCOGENSYNTH.PWY
2021-07-09 07:09:37 INFO::Fitting model to feature number 45, GLYCOL.GLYOXDEG.PWY
2021-07-09 07:09:37 INFO::Fitting model to feature number 46, GLYCOLYSIS
2021-07-09 07:09:37 INFO::Fitting model to feature number 47, GLYCOLYSIS.E.D
2021-07-09 07:09:37 INFO::Fitting model to feature number 48, GLYCOLYSIS.TCA.GLYOX.BYPASS
2021-07-09 07:09:37 INFO::Fitting model to feature number 49, GLYOXYLATE.BYPASS
2021-07-09 07:09:37 INFO::Fitting model to feature number 50, GOLPDLCAT.PWY
2021-07-09 07:09:37 INFO::Fitting model to feature number 51, HCAMHPDEG.PWY
2021-07-09 07:09:37 WARNING::Fitting problem for feature 51 returning NA
2021-07-09 07:09:37 INFO::Fitting model to feature number 52, HEME.BIOSYNTHESIS.II
2021-07-09 07:09:37 INFO::Fitting model to feature number 53, HEMESYN2.PWY
2021-07-09 07:09:38 INFO::Fitting model to feature number 54, HEXITOLDEGSUPER.PWY
2021-07-09 07:09:38 INFO::Fitting model to feature number 55, HISDEG.PWY
2021-07-09 07:09:38 INFO::Fitting model to feature number 56, HISTSYN.PWY
2021-07-09 07:09:38 INFO::Fitting model to feature number 57, HOMOSER.METSYN.PWY
2021-07-09 07:09:38 INFO::Fitting model to feature number 58, HSERMETANA.PWY
2021-07-09 07:09:38 INFO::Fitting model to feature number 59, ILEUSYN.PWY
2021-07-09 07:09:38 INFO::Fitting model to feature number 60, KDO.NAGLIPASYN.PWY
2021-07-09 07:09:38 INFO::Fitting model to feature number 61, KETOGLUCONMET.PWY
2021-07-09 07:09:38 WARNING::Fitting problem for feature 61 returning NA
2021-07-09 07:09:38 INFO::Fitting model to feature number 62, LACTOSECAT.PWY
2021-07-09 07:09:38 INFO::Fitting model to feature number 63, MET.SAM.PWY
2021-07-09 07:09:38 INFO::Fitting model to feature number 64, METHGLYUT.PWY
2021-07-09 07:09:38 WARNING::Fitting problem for feature 64 returning NA
2021-07-09 07:09:38 INFO::Fitting model to feature number 65, NAD.BIOSYNTHESIS.II
2021-07-09 07:09:38 INFO::Fitting model to feature number 66, NAGLIPASYN.PWY
2021-07-09 07:09:38 INFO::Fitting model to feature number 67, NONMEVIPP.PWY
2021-07-09 07:09:38 INFO::Fitting model to feature number 68, NONOXIPENT.PWY
2021-07-09 07:09:38 INFO::Fitting model to feature number 69, OANTIGEN.PWY
2021-07-09 07:09:38 INFO::Fitting model to feature number 70, ORNARGDEG.PWY
2021-07-09 07:09:38 WARNING::Fitting problem for feature 70 returning NA
2021-07-09 07:09:38 INFO::Fitting model to feature number 71, ORNDEG.PWY
2021-07-09 07:09:39 INFO::Fitting model to feature number 72, P105.PWY
2021-07-09 07:09:39 INFO::Fitting model to feature number 73, P108.PWY
2021-07-09 07:09:39 INFO::Fitting model to feature number 74, P122.PWY
2021-07-09 07:09:39 INFO::Fitting model to feature number 75, P124.PWY
2021-07-09 07:09:39 INFO::Fitting model to feature number 76, P161.PWY
2021-07-09 07:09:39 INFO::Fitting model to feature number 77, P164.PWY
2021-07-09 07:09:39 INFO::Fitting model to feature number 78, P23.PWY
2021-07-09 07:09:39 INFO::Fitting model to feature number 79, P341.PWY
2021-07-09 07:09:39 INFO::Fitting model to feature number 80, P4.PWY
2021-07-09 07:09:39 INFO::Fitting model to feature number 81, P42.PWY
2021-07-09 07:09:39 INFO::Fitting model to feature number 82, P441.PWY
2021-07-09 07:09:39 INFO::Fitting model to feature number 83, P461.PWY
2021-07-09 07:09:39 INFO::Fitting model to feature number 84, PANTO.PWY
2021-07-09 07:09:39 INFO::Fitting model to feature number 85, PANTOSYN.PWY
2021-07-09 07:09:39 INFO::Fitting model to feature number 86, PENTOSE.P.PWY
2021-07-09 07:09:39 INFO::Fitting model to feature number 87, PEPTIDOGLYCANSYN.PWY
2021-07-09 07:09:40 INFO::Fitting model to feature number 88, PHOSLIPSYN.PWY
2021-07-09 07:09:40 INFO::Fitting model to feature number 89, POLYAMINSYN3.PWY
2021-07-09 07:09:40 INFO::Fitting model to feature number 90, POLYAMSYN.PWY
2021-07-09 07:09:40 INFO::Fitting model to feature number 91, POLYISOPRENSYN.PWY
2021-07-09 07:09:40 INFO::Fitting model to feature number 92, PPGPPMET.PWY
2021-07-09 07:09:40 WARNING::Fitting problem for feature 92 returning NA
2021-07-09 07:09:40 INFO::Fitting model to feature number 93, PRPP.PWY
2021-07-09 07:09:40 INFO::Fitting model to feature number 94, PWY.1269
2021-07-09 07:09:40 INFO::Fitting model to feature number 95, PWY.1861
2021-07-09 07:09:40 INFO::Fitting model to feature number 96, PWY.2941
2021-07-09 07:09:40 INFO::Fitting model to feature number 97, PWY.2942
2021-07-09 07:09:40 INFO::Fitting model to feature number 98, PWY.3001
2021-07-09 07:09:40 INFO::Fitting model to feature number 99, PWY.3781
2021-07-09 07:09:40 INFO::Fitting model to feature number 100, PWY.4984
2021-07-09 07:09:40 INFO::Fitting model to feature number 101, PWY.5022
2021-07-09 07:09:40 INFO::Fitting model to feature number 102, PWY.5097
2021-07-09 07:09:40 INFO::Fitting model to feature number 103, PWY.5100
2021-07-09 07:09:41 INFO::Fitting model to feature number 104, PWY.5101
2021-07-09 07:09:41 INFO::Fitting model to feature number 105, PWY.5103
2021-07-09 07:09:41 INFO::Fitting model to feature number 106, PWY.5104
2021-07-09 07:09:41 INFO::Fitting model to feature number 107, PWY.5121
2021-07-09 07:09:41 INFO::Fitting model to feature number 108, PWY.5154
2021-07-09 07:09:41 INFO::Fitting model to feature number 109, PWY.5180
2021-07-09 07:09:41 INFO::Fitting model to feature number 110, PWY.5182
2021-07-09 07:09:41 INFO::Fitting model to feature number 111, PWY.5188
2021-07-09 07:09:41 INFO::Fitting model to feature number 112, PWY.5189
2021-07-09 07:09:41 INFO::Fitting model to feature number 113, PWY.5265
2021-07-09 07:09:41 INFO::Fitting model to feature number 114, PWY.5304
2021-07-09 07:09:41 INFO::Fitting model to feature number 115, PWY.5345
2021-07-09 07:09:41 INFO::Fitting model to feature number 116, PWY.5347
2021-07-09 07:09:41 INFO::Fitting model to feature number 117, PWY.5384
2021-07-09 07:09:41 INFO::Fitting model to feature number 118, PWY.5484
2021-07-09 07:09:41 INFO::Fitting model to feature number 119, PWY.5505
2021-07-09 07:09:42 INFO::Fitting model to feature number 120, PWY.5509
2021-07-09 07:09:42 INFO::Fitting model to feature number 121, PWY.5659
2021-07-09 07:09:42 INFO::Fitting model to feature number 122, PWY.5667
2021-07-09 07:09:42 INFO::Fitting model to feature number 123, PWY.5686
2021-07-09 07:09:42 INFO::Fitting model to feature number 124, PWY.5695
2021-07-09 07:09:42 INFO::Fitting model to feature number 125, PWY.5705
2021-07-09 07:09:42 INFO::Fitting model to feature number 126, PWY.5747
2021-07-09 07:09:42 INFO::Fitting model to feature number 127, PWY.5837
2021-07-09 07:09:42 INFO::Fitting model to feature number 128, PWY.5838
2021-07-09 07:09:42 INFO::Fitting model to feature number 129, PWY.5840
2021-07-09 07:09:42 INFO::Fitting model to feature number 130, PWY.5845
2021-07-09 07:09:42 INFO::Fitting model to feature number 131, PWY.5850
2021-07-09 07:09:42 INFO::Fitting model to feature number 132, PWY.5855
2021-07-09 07:09:42 INFO::Fitting model to feature number 133, PWY.5856
2021-07-09 07:09:42 INFO::Fitting model to feature number 134, PWY.5857
2021-07-09 07:09:42 INFO::Fitting model to feature number 135, PWY.5860
2021-07-09 07:09:43 INFO::Fitting model to feature number 136, PWY.5861
2021-07-09 07:09:43 INFO::Fitting model to feature number 137, PWY.5862
2021-07-09 07:09:43 WARNING::Fitting problem for feature 137 returning NA
2021-07-09 07:09:43 INFO::Fitting model to feature number 138, PWY.5863
2021-07-09 07:09:43 INFO::Fitting model to feature number 139, PWY.5896
2021-07-09 07:09:43 INFO::Fitting model to feature number 140, PWY.5897
2021-07-09 07:09:43 INFO::Fitting model to feature number 141, PWY.5898
2021-07-09 07:09:43 INFO::Fitting model to feature number 142, PWY.5899
2021-07-09 07:09:43 INFO::Fitting model to feature number 143, PWY.5910
2021-07-09 07:09:43 INFO::Fitting model to feature number 144, PWY.5913
2021-07-09 07:09:43 INFO::Fitting model to feature number 145, PWY.5918
2021-07-09 07:09:43 INFO::Fitting model to feature number 146, PWY.5971
2021-07-09 07:09:43 INFO::Fitting model to feature number 147, PWY.5973
2021-07-09 07:09:43 INFO::Fitting model to feature number 148, PWY.5989
2021-07-09 07:09:43 INFO::Fitting model to feature number 149, PWY.6071
2021-07-09 07:09:43 WARNING::Fitting problem for feature 149 returning NA
2021-07-09 07:09:43 INFO::Fitting model to feature number 150, PWY.6121
2021-07-09 07:09:43 INFO::Fitting model to feature number 151, PWY.6122
2021-07-09 07:09:43 INFO::Fitting model to feature number 152, PWY.6123
2021-07-09 07:09:44 INFO::Fitting model to feature number 153, PWY.6125
2021-07-09 07:09:44 INFO::Fitting model to feature number 154, PWY.6126
2021-07-09 07:09:44 INFO::Fitting model to feature number 155, PWY.6147
2021-07-09 07:09:44 INFO::Fitting model to feature number 156, PWY.6151
2021-07-09 07:09:44 INFO::Fitting model to feature number 157, PWY.6163
2021-07-09 07:09:44 INFO::Fitting model to feature number 158, PWY.621
2021-07-09 07:09:44 INFO::Fitting model to feature number 159, PWY.6263
2021-07-09 07:09:44 INFO::Fitting model to feature number 160, PWY.6269
2021-07-09 07:09:44 INFO::Fitting model to feature number 161, PWY.6277
2021-07-09 07:09:44 INFO::Fitting model to feature number 162, PWY.6282
2021-07-09 07:09:44 INFO::Fitting model to feature number 163, PWY.6317
2021-07-09 07:09:44 INFO::Fitting model to feature number 164, PWY.6353
2021-07-09 07:09:44 INFO::Fitting model to feature number 165, PWY.6385
2021-07-09 07:09:44 INFO::Fitting model to feature number 166, PWY.6386
2021-07-09 07:09:44 INFO::Fitting model to feature number 167, PWY.6387
2021-07-09 07:09:45 INFO::Fitting model to feature number 168, PWY.6396
2021-07-09 07:09:45 INFO::Fitting model to feature number 169, PWY.6467
2021-07-09 07:09:45 INFO::Fitting model to feature number 170, PWY.6470
2021-07-09 07:09:45 INFO::Fitting model to feature number 171, PWY.6471
2021-07-09 07:09:45 INFO::Fitting model to feature number 172, PWY.6507
2021-07-09 07:09:45 INFO::Fitting model to feature number 173, PWY.6519
2021-07-09 07:09:45 INFO::Fitting model to feature number 174, PWY.6545
2021-07-09 07:09:45 INFO::Fitting model to feature number 175, PWY.6588
2021-07-09 07:09:45 INFO::Fitting model to feature number 176, PWY.6608
2021-07-09 07:09:45 INFO::Fitting model to feature number 177, PWY.6609
2021-07-09 07:09:45 INFO::Fitting model to feature number 178, PWY.6612
2021-07-09 07:09:45 INFO::Fitting model to feature number 179, PWY.6628
2021-07-09 07:09:45 INFO::Fitting model to feature number 180, PWY.6629
2021-07-09 07:09:45 INFO::Fitting model to feature number 181, PWY.6630
2021-07-09 07:09:45 INFO::Fitting model to feature number 182, PWY.6690
2021-07-09 07:09:45 WARNING::Fitting problem for feature 182 returning NA
2021-07-09 07:09:45 INFO::Fitting model to feature number 183, PWY.6700
2021-07-09 07:09:46 INFO::Fitting model to feature number 184, PWY.6703
2021-07-09 07:09:46 INFO::Fitting model to feature number 185, PWY.6708
2021-07-09 07:09:46 INFO::Fitting model to feature number 186, PWY.6737
2021-07-09 07:09:46 INFO::Fitting model to feature number 187, PWY.6891
2021-07-09 07:09:46 INFO::Fitting model to feature number 188, PWY.6892
2021-07-09 07:09:46 INFO::Fitting model to feature number 189, PWY.6895
2021-07-09 07:09:46 INFO::Fitting model to feature number 190, PWY.6897
2021-07-09 07:09:46 INFO::Fitting model to feature number 191, PWY.6901
2021-07-09 07:09:46 INFO::Fitting model to feature number 192, PWY.6969
2021-07-09 07:09:46 INFO::Fitting model to feature number 193, PWY.7003
2021-07-09 07:09:46 INFO::Fitting model to feature number 194, PWY.7013
2021-07-09 07:09:46 INFO::Fitting model to feature number 195, PWY.7111
2021-07-09 07:09:46 INFO::Fitting model to feature number 196, PWY.7184
2021-07-09 07:09:46 INFO::Fitting model to feature number 197, PWY.7187
2021-07-09 07:09:46 INFO::Fitting model to feature number 198, PWY.7196
2021-07-09 07:09:46 INFO::Fitting model to feature number 199, PWY.7197
2021-07-09 07:09:46 INFO::Fitting model to feature number 200, PWY.7199
2021-07-09 07:09:46 INFO::Fitting model to feature number 201, PWY.7200
2021-07-09 07:09:47 INFO::Fitting model to feature number 202, PWY.7208
2021-07-09 07:09:47 INFO::Fitting model to feature number 203, PWY.7211
2021-07-09 07:09:47 INFO::Fitting model to feature number 204, PWY.7219
2021-07-09 07:09:47 INFO::Fitting model to feature number 205, PWY.7220
2021-07-09 07:09:47 INFO::Fitting model to feature number 206, PWY.7221
2021-07-09 07:09:47 INFO::Fitting model to feature number 207, PWY.7222
2021-07-09 07:09:47 INFO::Fitting model to feature number 208, PWY.7228
2021-07-09 07:09:47 INFO::Fitting model to feature number 209, PWY.7229
2021-07-09 07:09:47 INFO::Fitting model to feature number 210, PWY.7234
2021-07-09 07:09:47 INFO::Fitting model to feature number 211, PWY.7237
2021-07-09 07:09:47 INFO::Fitting model to feature number 212, PWY.7242
2021-07-09 07:09:47 INFO::Fitting model to feature number 213, PWY.7254
2021-07-09 07:09:47 INFO::Fitting model to feature number 214, PWY.7315
2021-07-09 07:09:47 INFO::Fitting model to feature number 215, PWY.7323
2021-07-09 07:09:47 INFO::Fitting model to feature number 216, PWY.7328
2021-07-09 07:09:47 INFO::Fitting model to feature number 217, PWY.7371
2021-07-09 07:09:47 INFO::Fitting model to feature number 218, PWY.7377
2021-07-09 07:09:47 INFO::Fitting model to feature number 219, PWY.7392
2021-07-09 07:09:47 INFO::Fitting model to feature number 220, PWY.7400
2021-07-09 07:09:48 INFO::Fitting model to feature number 221, PWY.7539
2021-07-09 07:09:48 INFO::Fitting model to feature number 222, PWY.7560
2021-07-09 07:09:48 INFO::Fitting model to feature number 223, PWY.7663
2021-07-09 07:09:48 INFO::Fitting model to feature number 224, PWY.7664
2021-07-09 07:09:48 INFO::Fitting model to feature number 225, PWY.841
2021-07-09 07:09:48 INFO::Fitting model to feature number 226, PWY.922
2021-07-09 07:09:48 INFO::Fitting model to feature number 227, PWY0.1061
2021-07-09 07:09:48 INFO::Fitting model to feature number 228, PWY0.1241
2021-07-09 07:09:48 INFO::Fitting model to feature number 229, PWY0.1261
2021-07-09 07:09:48 INFO::Fitting model to feature number 230, PWY0.1277
2021-07-09 07:09:48 WARNING::Fitting problem for feature 230 returning NA
2021-07-09 07:09:48 INFO::Fitting model to feature number 231, PWY0.1296
2021-07-09 07:09:48 INFO::Fitting model to feature number 232, PWY0.1297
2021-07-09 07:09:48 INFO::Fitting model to feature number 233, PWY0.1298
2021-07-09 07:09:48 INFO::Fitting model to feature number 234, PWY0.1319
2021-07-09 07:09:48 INFO::Fitting model to feature number 235, PWY0.1338
2021-07-09 07:09:48 WARNING::Fitting problem for feature 235 returning NA
2021-07-09 07:09:48 INFO::Fitting model to feature number 236, PWY0.1415
2021-07-09 07:09:48 INFO::Fitting model to feature number 237, PWY0.1479
2021-07-09 07:09:48 INFO::Fitting model to feature number 238, PWY0.1533
2021-07-09 07:09:48 WARNING::Fitting problem for feature 238 returning NA
2021-07-09 07:09:48 INFO::Fitting model to feature number 239, PWY0.1586
2021-07-09 07:09:49 INFO::Fitting model to feature number 240, PWY0.162
2021-07-09 07:09:49 INFO::Fitting model to feature number 241, PWY0.166
2021-07-09 07:09:49 INFO::Fitting model to feature number 242, PWY0.321
2021-07-09 07:09:49 INFO::Fitting model to feature number 243, PWY0.41
2021-07-09 07:09:49 INFO::Fitting model to feature number 244, PWY0.42
2021-07-09 07:09:49 INFO::Fitting model to feature number 245, PWY0.781
2021-07-09 07:09:49 INFO::Fitting model to feature number 246, PWY0.845
2021-07-09 07:09:49 INFO::Fitting model to feature number 247, PWY0.862
2021-07-09 07:09:49 INFO::Fitting model to feature number 248, PWY490.3
2021-07-09 07:09:49 INFO::Fitting model to feature number 249, PWY4FS.7
2021-07-09 07:09:49 INFO::Fitting model to feature number 250, PWY4FS.8
2021-07-09 07:09:49 INFO::Fitting model to feature number 251, PWYG.321
2021-07-09 07:09:49 INFO::Fitting model to feature number 252, PYRIDNUCSAL.PWY
2021-07-09 07:09:49 INFO::Fitting model to feature number 253, PYRIDNUCSYN.PWY
2021-07-09 07:09:49 INFO::Fitting model to feature number 254, PYRIDOXSYN.PWY
2021-07-09 07:09:49 INFO::Fitting model to feature number 255, REDCITCYC
2021-07-09 07:09:49 INFO::Fitting model to feature number 256, RHAMCAT.PWY
2021-07-09 07:09:49 INFO::Fitting model to feature number 257, RIBOSYN2.PWY
2021-07-09 07:09:50 INFO::Fitting model to feature number 258, RUMP.PWY
2021-07-09 07:09:50 INFO::Fitting model to feature number 259, SALVADEHYPOX.PWY
2021-07-09 07:09:50 INFO::Fitting model to feature number 260, SER.GLYSYN.PWY
2021-07-09 07:09:50 INFO::Fitting model to feature number 261, SO4ASSIM.PWY
2021-07-09 07:09:50 INFO::Fitting model to feature number 262, SULFATE.CYS.PWY
2021-07-09 07:09:50 INFO::Fitting model to feature number 263, TCA
2021-07-09 07:09:50 INFO::Fitting model to feature number 264, TCA.GLYOX.BYPASS
2021-07-09 07:09:50 INFO::Fitting model to feature number 265, TEICHOICACID.PWY
2021-07-09 07:09:50 INFO::Fitting model to feature number 266, THISYN.PWY
2021-07-09 07:09:50 INFO::Fitting model to feature number 267, THRESYN.PWY
2021-07-09 07:09:50 INFO::Fitting model to feature number 268, TRNA.CHARGING.PWY
2021-07-09 07:09:50 INFO::Fitting model to feature number 269, TRPSYN.PWY
2021-07-09 07:09:50 INFO::Fitting model to feature number 270, UBISYN.PWY
2021-07-09 07:09:50 INFO::Fitting model to feature number 271, UDPNAGSYN.PWY
2021-07-09 07:09:50 INFO::Fitting model to feature number 272, VALSYN.PWY
2021-07-09 07:09:50 INFO::Counting total values for each feature
2021-07-09 07:09:50 INFO::Writing residuals to file LogCLR-s20MucosalSI-PWY-Maaslin-SeqRunSexSite-1-Line-MsID/residuals.rds
2021-07-09 07:09:50 INFO::Writing all results to file (ordered by increasing q-values): LogCLR-s20MucosalSI-PWY-Maaslin-SeqRunSexSite-1-Line-MsID/all_results.tsv
2021-07-09 07:09:51 INFO::Writing the significant results (those which are less than or equal to the threshold of 0.250000 ) to file (ordered by increasing q-values): LogCLR-s20MucosalSI-PWY-Maaslin-SeqRunSexSite-1-Line-MsID/significant_results.tsv
2021-07-09 07:09:51 INFO::Writing heatmap of significant results to file: LogCLR-s20MucosalSI-PWY-Maaslin-SeqRunSexSite-1-Line-MsID/heatmap.pdf
2021-07-09 07:09:51 INFO::Writing association plots (one for each significant association) to output folder: LogCLR-s20MucosalSI-PWY-Maaslin-SeqRunSexSite-1-Line-MsID
2021-07-09 07:09:51 INFO::Plotting associations from most to least significant, grouped by metadata
2021-07-09 07:09:51 INFO::Plotting data for metadata number 1, Site
2021-07-09 07:09:51 INFO::Creating boxplot for categorical data, Site vs PWY.5659
2021-07-09 07:09:51 INFO::Creating boxplot for categorical data, Site vs ARO.PWY
2021-07-09 07:09:51 INFO::Creating boxplot for categorical data, Site vs COMPLETE.ARO.PWY
2021-07-09 07:09:51 INFO::Creating boxplot for categorical data, Site vs NONMEVIPP.PWY
2021-07-09 07:09:51 INFO::Creating boxplot for categorical data, Site vs PWY.6163
2021-07-09 07:09:51 INFO::Creating boxplot for categorical data, Site vs PWY.7560
2021-07-09 07:09:51 INFO::Creating boxplot for categorical data, Site vs PWY.5121
2021-07-09 07:09:51 INFO::Creating boxplot for categorical data, Site vs PRPP.PWY
2021-07-09 07:09:51 INFO::Creating boxplot for categorical data, Site vs PWY.7211
2021-07-09 07:09:51 INFO::Creating boxplot for categorical data, Site vs PWY.6628
2021-07-09 07:09:52 INFO::Creating boxplot for categorical data, Site vs PWY.6630
2021-07-09 07:09:52 INFO::Creating boxplot for categorical data, Site vs NONOXIPENT.PWY
2021-07-09 07:09:52 INFO::Creating boxplot for categorical data, Site vs PWY.5104
2021-07-09 07:09:52 INFO::Creating boxplot for categorical data, Site vs ASPASN.PWY
2021-07-09 07:09:52 INFO::Creating boxplot for categorical data, Site vs DAPLYSINESYN.PWY
2021-07-09 07:09:52 INFO::Creating boxplot for categorical data, Site vs PWY.7199
2021-07-09 07:09:52 INFO::Creating boxplot for categorical data, Site vs PWY.4984
2021-07-09 07:09:52 INFO::Creating boxplot for categorical data, Site vs PWY.5913
2021-07-09 07:09:52 INFO::Creating boxplot for categorical data, Site vs TRNA.CHARGING.PWY
2021-07-09 07:09:52 INFO::Creating boxplot for categorical data, Site vs X1CMET2.PWY
2021-07-09 07:09:52 INFO::Creating boxplot for categorical data, Site vs BRANCHED.CHAIN.AA.SYN.PWY
2021-07-09 07:09:53 INFO::Creating boxplot for categorical data, Site vs P42.PWY
2021-07-09 07:09:53 INFO::Creating boxplot for categorical data, Site vs PWY.3001
2021-07-09 07:09:53 INFO::Creating boxplot for categorical data, Site vs PWY.5265
2021-07-09 07:09:53 INFO::Creating boxplot for categorical data, Site vs PWY.5304
2021-07-09 07:09:53 INFO::Creating boxplot for categorical data, Site vs PWY.5840
2021-07-09 07:09:53 INFO::Creating boxplot for categorical data, Site vs PWY.6700
2021-07-09 07:09:53 INFO::Creating boxplot for categorical data, Site vs PWY.7013
2021-07-09 07:09:53 INFO::Creating boxplot for categorical data, Site vs PWY.7392
2021-07-09 07:09:53 INFO::Creating boxplot for categorical data, Site vs PWY0.1479
2021-07-09 07:09:53 INFO::Creating boxplot for categorical data, Site vs PYRIDNUCSAL.PWY
2021-07-09 07:09:54 INFO::Creating boxplot for categorical data, Site vs PWY.5973
2021-07-09 07:09:54 INFO::Creating boxplot for categorical data, Site vs PWY.6737
2021-07-09 07:09:54 INFO::Creating boxplot for categorical data, Site vs GLYCOCAT.PWY
2021-07-09 07:09:54 INFO::Creating boxplot for categorical data, Site vs CALVIN.PWY
2021-07-09 07:09:54 INFO::Creating boxplot for categorical data, Site vs GLUTORN.PWY
2021-07-09 07:09:54 INFO::Creating boxplot for categorical data, Site vs ARG.POLYAMINE.SYN
2021-07-09 07:09:54 INFO::Creating boxplot for categorical data, Site vs ARGSYNBSUB.PWY
2021-07-09 07:09:54 INFO::Creating boxplot for categorical data, Site vs COLANSYN.PWY
2021-07-09 07:09:54 INFO::Creating boxplot for categorical data, Site vs ILEUSYN.PWY
2021-07-09 07:09:54 INFO::Creating boxplot for categorical data, Site vs PWY.5101
2021-07-09 07:09:54 INFO::Creating boxplot for categorical data, Site vs PWY.5103
2021-07-09 07:09:55 INFO::Creating boxplot for categorical data, Site vs PWY.5747
2021-07-09 07:09:55 INFO::Creating boxplot for categorical data, Site vs PWY.6892
2021-07-09 07:09:55 INFO::Creating boxplot for categorical data, Site vs PWY.7323
2021-07-09 07:09:55 INFO::Creating boxplot for categorical data, Site vs PWY.7663
2021-07-09 07:09:55 INFO::Creating boxplot for categorical data, Site vs PWY0.1261
2021-07-09 07:09:55 INFO::Creating boxplot for categorical data, Site vs PYRIDNUCSYN.PWY
2021-07-09 07:09:55 INFO::Creating boxplot for categorical data, Site vs SER.GLYSYN.PWY
2021-07-09 07:09:55 INFO::Creating boxplot for categorical data, Site vs TCA
2021-07-09 07:09:55 INFO::Creating boxplot for categorical data, Site vs VALSYN.PWY
2021-07-09 07:09:55 INFO::Creating boxplot for categorical data, Site vs ARGSYN.PWY
2021-07-09 07:09:56 INFO::Creating boxplot for categorical data, Site vs PWY.6969
2021-07-09 07:09:56 INFO::Creating boxplot for categorical data, Site vs PWY.7400
2021-07-09 07:09:56 INFO::Creating boxplot for categorical data, Site vs PWY0.1061
2021-07-09 07:09:56 INFO::Creating boxplot for categorical data, Site vs PWY0.1296
2021-07-09 07:09:56 INFO::Creating boxplot for categorical data, Site vs HOMOSER.METSYN.PWY
2021-07-09 07:09:56 INFO::Creating boxplot for categorical data, Site vs PWY.1861
2021-07-09 07:09:56 INFO::Plotting data for metadata number 2, Sequencing_Run
2021-07-09 07:09:56 INFO::Creating boxplot for categorical data, Sequencing_Run vs COMPLETE.ARO.PWY
2021-07-09 07:09:57 INFO::Creating boxplot for categorical data, Sequencing_Run vs ARO.PWY
2021-07-09 07:09:57 INFO::Creating boxplot for categorical data, Sequencing_Run vs DAPLYSINESYN.PWY
2021-07-09 07:09:57 INFO::Creating boxplot for categorical data, Sequencing_Run vs FOLSYN.PWY
2021-07-09 07:09:57 INFO::Creating boxplot for categorical data, Sequencing_Run vs HEME.BIOSYNTHESIS.II
2021-07-09 07:09:57 INFO::Creating boxplot for categorical data, Sequencing_Run vs PWY.5121
2021-07-09 07:09:57 INFO::Creating boxplot for categorical data, Sequencing_Run vs PWY.5265
2021-07-09 07:09:57 INFO::Creating boxplot for categorical data, Sequencing_Run vs DAPLYSINESYN.PWY
2021-07-09 07:09:57 INFO::Creating boxplot for categorical data, Sequencing_Run vs NONMEVIPP.PWY
2021-07-09 07:09:57 INFO::Creating boxplot for categorical data, Sequencing_Run vs P4.PWY
2021-07-09 07:09:57 INFO::Creating boxplot for categorical data, Sequencing_Run vs PWY.5022
2021-07-09 07:09:58 INFO::Creating boxplot for categorical data, Sequencing_Run vs PWY.7560
2021-07-09 07:09:58 INFO::Creating boxplot for categorical data, Sequencing_Run vs ARGSYNBSUB.PWY
2021-07-09 07:09:58 INFO::Creating boxplot for categorical data, Sequencing_Run vs PWY.6163
2021-07-09 07:09:58 INFO::Creating boxplot for categorical data, Sequencing_Run vs ARGSYN.PWY
2021-07-09 07:09:58 INFO::Creating boxplot for categorical data, Sequencing_Run vs NONOXIPENT.PWY
2021-07-09 07:09:58 INFO::Creating boxplot for categorical data, Sequencing_Run vs PWY.7400
2021-07-09 07:09:58 INFO::Creating boxplot for categorical data, Sequencing_Run vs FOLSYN.PWY
2021-07-09 07:09:58 INFO::Creating boxplot for categorical data, Sequencing_Run vs PWY0.781
2021-07-09 07:09:58 INFO::Creating boxplot for categorical data, Sequencing_Run vs PWY.5121
2021-07-09 07:09:58 INFO::Creating boxplot for categorical data, Sequencing_Run vs PWY.5265
2021-07-09 07:09:59 INFO::Creating boxplot for categorical data, Sequencing_Run vs PWY.5659
2021-07-09 07:09:59 INFO::Creating boxplot for categorical data, Sequencing_Run vs PWY.5913
2021-07-09 07:09:59 INFO::Creating boxplot for categorical data, Sequencing_Run vs PWY.5347
2021-07-09 07:09:59 INFO::Creating boxplot for categorical data, Sequencing_Run vs PYRIDNUCSYN.PWY
2021-07-09 07:09:59 INFO::Creating boxplot for categorical data, Sequencing_Run vs NONOXIPENT.PWY
2021-07-09 07:09:59 INFO::Creating boxplot for categorical data, Sequencing_Run vs ASPASN.PWY
2021-07-09 07:09:59 INFO::Creating boxplot for categorical data, Sequencing_Run vs CALVIN.PWY
2021-07-09 07:09:59 INFO::Creating boxplot for categorical data, Sequencing_Run vs RIBOSYN2.PWY
2021-07-09 07:09:59 INFO::Creating boxplot for categorical data, Sequencing_Run vs GLYCOLYSIS.E.D
2021-07-09 07:09:59 INFO::Creating boxplot for categorical data, Sequencing_Run vs PWY.5103
2021-07-09 07:10:00 INFO::Creating boxplot for categorical data, Sequencing_Run vs PWY.6612
2021-07-09 07:10:00 INFO::Creating boxplot for categorical data, Sequencing_Run vs RUMP.PWY
2021-07-09 07:10:00 INFO::Creating boxplot for categorical data, Sequencing_Run vs NONMEVIPP.PWY
2021-07-09 07:10:00 INFO::Creating boxplot for categorical data, Sequencing_Run vs PWY.5103
2021-07-09 07:10:00 INFO::Creating boxplot for categorical data, Sequencing_Run vs PWY.6147
2021-07-09 07:10:00 INFO::Creating boxplot for categorical data, Sequencing_Run vs PWY.6612
2021-07-09 07:10:00 INFO::Creating boxplot for categorical data, Sequencing_Run vs PWY.6897
2021-07-09 07:10:00 INFO::Creating boxplot for categorical data, Sequencing_Run vs PWY.7111
2021-07-09 07:10:00 INFO::Creating boxplot for categorical data, Sequencing_Run vs PWY.7539
2021-07-09 07:10:01 INFO::Creating boxplot for categorical data, Sequencing_Run vs PWY.7560
2021-07-09 07:10:01 INFO::Creating boxplot for categorical data, Sequencing_Run vs PANTO.PWY
2021-07-09 07:10:01 INFO::Creating boxplot for categorical data, Sequencing_Run vs PANTOSYN.PWY
2021-07-09 07:10:01 INFO::Creating boxplot for categorical data, Sequencing_Run vs GLYCOLYSIS.E.D
2021-07-09 07:10:01 INFO::Creating boxplot for categorical data, Sequencing_Run vs PYRIDNUCSYN.PWY
2021-07-09 07:10:01 INFO::Creating boxplot for categorical data, Sequencing_Run vs X1CMET2.PWY
2021-07-09 07:10:01 INFO::Creating boxplot for categorical data, Sequencing_Run vs ARGSYN.PWY
2021-07-09 07:10:01 INFO::Creating boxplot for categorical data, Sequencing_Run vs ARGSYNBSUB.PWY
2021-07-09 07:10:01 INFO::Creating boxplot for categorical data, Sequencing_Run vs BRANCHED.CHAIN.AA.SYN.PWY
2021-07-09 07:10:01 INFO::Creating boxplot for categorical data, Sequencing_Run vs HEMESYN2.PWY
2021-07-09 07:10:02 INFO::Creating boxplot for categorical data, Sequencing_Run vs HISTSYN.PWY
2021-07-09 07:10:02 INFO::Creating boxplot for categorical data, Sequencing_Run vs KDO.NAGLIPASYN.PWY
2021-07-09 07:10:02 INFO::Creating boxplot for categorical data, Sequencing_Run vs MET.SAM.PWY
2021-07-09 07:10:02 INFO::Creating boxplot for categorical data, Sequencing_Run vs P441.PWY
2021-07-09 07:10:02 INFO::Creating boxplot for categorical data, Sequencing_Run vs P441.PWY
2021-07-09 07:10:02 INFO::Creating boxplot for categorical data, Sequencing_Run vs PWY.3001
2021-07-09 07:10:02 INFO::Creating boxplot for categorical data, Sequencing_Run vs PWY.5101
2021-07-09 07:10:02 INFO::Creating boxplot for categorical data, Sequencing_Run vs PWY.5104
2021-07-09 07:10:02 INFO::Creating boxplot for categorical data, Sequencing_Run vs PWY.6147
2021-07-09 07:10:03 INFO::Creating boxplot for categorical data, Sequencing_Run vs PWY.6897
2021-07-09 07:10:03 INFO::Creating boxplot for categorical data, Sequencing_Run vs PWY.7400
2021-07-09 07:10:03 INFO::Creating boxplot for categorical data, Sequencing_Run vs PWY.7539
2021-07-09 07:10:03 INFO::Creating boxplot for categorical data, Sequencing_Run vs RUMP.PWY
2021-07-09 07:10:03 INFO::Creating boxplot for categorical data, Sequencing_Run vs TRNA.CHARGING.PWY
2021-07-09 07:10:03 INFO::Creating boxplot for categorical data, Sequencing_Run vs PWY.7328
2021-07-09 07:10:03 INFO::Creating boxplot for categorical data, Sequencing_Run vs ANAEROFRUCAT.PWY
2021-07-09 07:10:03 INFO::Creating boxplot for categorical data, Sequencing_Run vs GLUTORN.PWY
2021-07-09 07:10:03 INFO::Creating boxplot for categorical data, Sequencing_Run vs HISTSYN.PWY
2021-07-09 07:10:03 INFO::Creating boxplot for categorical data, Sequencing_Run vs ILEUSYN.PWY
2021-07-09 07:10:04 INFO::Creating boxplot for categorical data, Sequencing_Run vs P4.PWY
2021-07-09 07:10:04 INFO::Creating boxplot for categorical data, Sequencing_Run vs PHOSLIPSYN.PWY
2021-07-09 07:10:04 INFO::Creating boxplot for categorical data, Sequencing_Run vs PWY.2942
2021-07-09 07:10:04 INFO::Creating boxplot for categorical data, Sequencing_Run vs PWY.5667
2021-07-09 07:10:04 INFO::Creating boxplot for categorical data, Sequencing_Run vs PWY.5695
2021-07-09 07:10:04 INFO::Creating boxplot for categorical data, Sequencing_Run vs PWY.6737
2021-07-09 07:10:04 INFO::Creating boxplot for categorical data, Sequencing_Run vs PWY0.1319
2021-07-09 07:10:04 INFO::Creating boxplot for categorical data, Sequencing_Run vs TRPSYN.PWY
2021-07-09 07:10:04 INFO::Creating boxplot for categorical data, Sequencing_Run vs VALSYN.PWY
2021-07-09 07:10:05 INFO::Creating boxplot for categorical data, Sequencing_Run vs GLYCOLYSIS
2021-07-09 07:10:05 INFO::Creating boxplot for categorical data, Sequencing_Run vs PENTOSE.P.PWY
2021-07-09 07:10:05 INFO::Creating boxplot for categorical data, Sequencing_Run vs PWY4FS.7
2021-07-09 07:10:05 INFO::Creating boxplot for categorical data, Sequencing_Run vs PWY4FS.8
2021-07-09 07:10:05 INFO::Creating boxplot for categorical data, Sequencing_Run vs TRNA.CHARGING.PWY
2021-07-09 07:10:06 INFO::Plotting data for metadata number 3, Sex
2021-07-09 07:10:06 INFO::Creating boxplot for categorical data, Sex vs PWY.7013
2021-07-09 07:10:06 INFO::Creating boxplot for categorical data, Sex vs PWY.5188
2021-07-09 07:10:06 INFO::Creating boxplot for categorical data, Sex vs PWY.5509
2021-07-09 07:10:06 INFO::Creating boxplot for categorical data, Sex vs PWY.6269
2021-07-09 07:10:06 INFO::Creating boxplot for categorical data, Sex vs PWY.5384
2021-07-09 07:10:06 INFO::Creating boxplot for categorical data, Sex vs PWY.5189
2021-07-09 07:10:06 INFO::Creating boxplot for categorical data, Sex vs COBALSYN.PWY
2021-07-09 07:10:06 INFO::Creating boxplot for categorical data, Sex vs P164.PWY
2021-07-09 07:10:06 INFO::Creating boxplot for categorical data, Sex vs PWY.5913
2021-07-09 07:10:06 INFO::Creating boxplot for categorical data, Sex vs PWY.5659
