2024-06-09 16:19:34.158944 INFO::Writing function arguments to log file
2024-06-09 16:19:34.163618 DEBUG::Function arguments
2024-06-09 16:19:34.165126 DEBUG::Output folder: Maaslin2_L2/CS_SPF/Site_L2/L2-DCvsAll-CLR-Lum-ComBat-SeqRunSexSite-1-MsID
2024-06-09 16:19:34.168068 DEBUG::Min Abundance: 0.000000
2024-06-09 16:19:34.16904 DEBUG::Min Prevalence: 0.150000
2024-06-09 16:19:34.169698 DEBUG::Normalization: CLR
2024-06-09 16:19:34.170742 DEBUG::Transform: NONE
2024-06-09 16:19:34.172224 DEBUG::Analysis method: LM
2024-06-09 16:19:34.173613 DEBUG::Max significance: 0.250000
2024-06-09 16:19:34.175088 DEBUG::Random effects: MouseID
2024-06-09 16:19:34.176183 DEBUG::Fixed effects: Sequencing_Run,Sex,Site
2024-06-09 16:19:34.177171 DEBUG::Correction method: BH
2024-06-09 16:19:34.177841 DEBUG::Standardize: TRUE
2024-06-09 16:19:34.178273 DEBUG::Cores: 1
2024-06-09 16:19:34.178663 INFO::Verifying options selected are valid
2024-06-09 16:19:34.181 INFO::Determining format of input files
2024-06-09 16:19:34.18383 INFO::Input format is data samples as columns and metadata samples as rows
2024-06-09 16:19:34.185968 DEBUG::Transformed data so samples are rows
2024-06-09 16:19:34.187036 DEBUG::A total of 60 samples were found in both the data and metadata
2024-06-09 16:19:34.187755 DEBUG::Reordering data/metadata to use same sample ordering
2024-06-09 16:19:34.188606 INFO::Formula for random effects: expr ~ (1 | MouseID)
2024-06-09 16:19:34.190009 INFO::Formula for fixed effects: expr ~  Sequencing_Run + Sex + Site
2024-06-09 16:19:34.191821 INFO::Factor detected for categorial metadata 'Sequencing_Run'. Provide a reference argument or manually set factor ordering to change reference level.
2024-06-09 16:19:34.193614 INFO::Factor detected for categorial metadata 'Sex'. Provide a reference argument or manually set factor ordering to change reference level.
2024-06-09 16:19:34.195055 INFO::Factor detected for categorial metadata 'Site'. Provide a reference argument or manually set factor ordering to change reference level.
2024-06-09 16:19:34.19598 INFO::Filter data based on min abundance and min prevalence
2024-06-09 16:19:34.196965 INFO::Total samples in data: 60
2024-06-09 16:19:34.198284 INFO::Min samples required with min abundance for a feature not to be filtered: 9.000000
2024-06-09 16:19:34.200572 INFO::Total filtered features: 0
2024-06-09 16:19:34.201633 INFO::Filtered feature names from abundance and prevalence filtering:
2024-06-09 16:19:34.202748 INFO::Total filtered features with variance filtering: 0
2024-06-09 16:19:34.204016 INFO::Filtered feature names from variance filtering:
2024-06-09 16:19:34.206066 INFO::Running selected normalization method: CLR
2024-06-09 16:19:34.208837 INFO::Applying z-score to standardize continuous metadata
2024-06-09 16:19:34.212737 INFO::Running selected transform method: NONE
2024-06-09 16:19:34.213706 INFO::Running selected analysis method: LM
2024-06-09 16:19:34.215553 INFO::Fitting model to feature number 1, k__Bacteria.p__Bacteroidota
2024-06-09 16:19:34.312077 INFO::Fitting model to feature number 2, k__Bacteria.p__Firmicutes
2024-06-09 16:19:34.373119 INFO::Fitting model to feature number 3, k__Bacteria.p__Actinobacteriota
2024-06-09 16:19:34.428985 INFO::Fitting model to feature number 4, k__Bacteria.p__Verrucomicrobiota
2024-06-09 16:19:34.494538 INFO::Fitting model to feature number 5, k__Bacteria.p__Proteobacteria
2024-06-09 16:19:34.55319 INFO::Fitting model to feature number 6, k__Bacteria.p__Desulfobacterota
2024-06-09 16:19:34.603333 INFO::Fitting model to feature number 7, k__Bacteria.p__Cyanobacteria
2024-06-09 16:19:34.663147 INFO::Fitting model to feature number 8, k__Bacteria.p__Deferribacterota
2024-06-09 16:19:34.755126 INFO::Counting total values for each feature
2024-06-09 16:19:34.760265 INFO::Writing filtered data to file Maaslin2_L2/CS_SPF/Site_L2/L2-DCvsAll-CLR-Lum-ComBat-SeqRunSexSite-1-MsID/features/filtered_data.tsv
2024-06-09 16:19:34.762812 INFO::Writing filtered, normalized data to file Maaslin2_L2/CS_SPF/Site_L2/L2-DCvsAll-CLR-Lum-ComBat-SeqRunSexSite-1-MsID/features/filtered_data_norm.tsv
2024-06-09 16:19:34.767033 INFO::Writing filtered, normalized, transformed data to file Maaslin2_L2/CS_SPF/Site_L2/L2-DCvsAll-CLR-Lum-ComBat-SeqRunSexSite-1-MsID/features/filtered_data_norm_transformed.tsv
2024-06-09 16:19:34.770675 INFO::Writing residuals to file Maaslin2_L2/CS_SPF/Site_L2/L2-DCvsAll-CLR-Lum-ComBat-SeqRunSexSite-1-MsID/fits/residuals.rds
2024-06-09 16:19:34.773181 INFO::Writing fitted values to file Maaslin2_L2/CS_SPF/Site_L2/L2-DCvsAll-CLR-Lum-ComBat-SeqRunSexSite-1-MsID/fits/fitted.rds
2024-06-09 16:19:34.776135 INFO::Writing extracted random effects to file Maaslin2_L2/CS_SPF/Site_L2/L2-DCvsAll-CLR-Lum-ComBat-SeqRunSexSite-1-MsID/fits/ranef.rds
2024-06-09 16:19:34.782859 INFO::Writing all results to file (ordered by increasing q-values): Maaslin2_L2/CS_SPF/Site_L2/L2-DCvsAll-CLR-Lum-ComBat-SeqRunSexSite-1-MsID/all_results.tsv
2024-06-09 16:19:34.786202 INFO::Writing the significant results (those which are less than or equal to the threshold of 0.250000 ) to file (ordered by increasing q-values): Maaslin2_L2/CS_SPF/Site_L2/L2-DCvsAll-CLR-Lum-ComBat-SeqRunSexSite-1-MsID/significant_results.tsv
