2024-10-18 12:20:30.229481 INFO::Writing function arguments to log file
2024-10-18 12:20:30.23129 DEBUG::Function arguments
2024-10-18 12:20:30.231853 DEBUG::Output folder: /home/julianne/Documents/biogeography/Regional-Mouse-Biogeography-Analysis/melonnpan/Mets-SeqRunLineSexSite_General_1-MouseID/
2024-10-18 12:20:30.232411 DEBUG::Min Abundance: 0.000000
2024-10-18 12:20:30.23301 DEBUG::Min Prevalence: 0.150000
2024-10-18 12:20:30.233704 DEBUG::Normalization: NONE
2024-10-18 12:20:30.234323 DEBUG::Transform: LOG
2024-10-18 12:20:30.234906 DEBUG::Analysis method: LM
2024-10-18 12:20:30.235452 DEBUG::Max significance: 0.250000
2024-10-18 12:20:30.235899 DEBUG::Random effects: MouseID_Line
2024-10-18 12:20:30.236608 DEBUG::Fixed effects: Sequencing_Run,Line,Sex,Site_General
2024-10-18 12:20:30.237105 DEBUG::Correction method: BH
2024-10-18 12:20:30.237636 DEBUG::Standardize: TRUE
2024-10-18 12:20:30.238152 DEBUG::Cores: 1
2024-10-18 12:20:30.238689 INFO::Verifying options selected are valid
2024-10-18 12:20:30.240638 INFO::Determining format of input files
2024-10-18 12:20:30.243457 INFO::Input format is data samples as columns and metadata samples as rows
2024-10-18 12:20:30.361438 DEBUG::Transformed data so samples are rows
2024-10-18 12:20:30.36401 DEBUG::A total of 278 samples were found in both the data and metadata
2024-10-18 12:20:30.364933 DEBUG::Reordering data/metadata to use same sample ordering
2024-10-18 12:20:30.375612 INFO::Formula for random effects: expr ~ (1 | MouseID_Line)
2024-10-18 12:20:30.377107 INFO::Formula for fixed effects: expr ~  Sequencing_Run + Line + Sex + Site_General
2024-10-18 12:20:30.379361 INFO::Factor detected for categorial metadata 'Sex'. Provide a reference argument or manually set factor ordering to change reference level.
2024-10-18 12:20:30.381222 INFO::Factor detected for categorial metadata 'Site_General'. Provide a reference argument or manually set factor ordering to change reference level.
2024-10-18 12:20:30.38307 INFO::Filter data based on min abundance and min prevalence
2024-10-18 12:20:30.384362 INFO::Total samples in data: 278
2024-10-18 12:20:30.386201 INFO::Min samples required with min abundance for a feature not to be filtered: 41.700000
2024-10-18 12:20:30.408931 INFO::Total filtered features: 0
2024-10-18 12:20:30.41103 INFO::Filtered feature names from abundance and prevalence filtering:
2024-10-18 12:20:30.452613 INFO::Total filtered features with variance filtering: 5
2024-10-18 12:20:30.454543 INFO::Filtered feature names from variance filtering: X13.HpOTrE, lyxose, isoleucine, X7.Diethylamino.4.methylcoumarin, histidinol
2024-10-18 12:20:30.45598 INFO::Running selected normalization method: NONE
2024-10-18 12:20:30.457133 INFO::Applying z-score to standardize continuous metadata
2024-10-18 12:20:30.464884 INFO::Running selected transform method: LOG
2024-10-18 12:20:30.520608 INFO::Running selected analysis method: LM
2024-10-18 12:20:30.523835 INFO::Fitting model to feature number 1, X13.KODE
2024-10-18 12:20:30.615856 INFO::Fitting model to feature number 2, X3.hydroxymyristic.acid
2024-10-18 12:20:30.700309 INFO::Fitting model to feature number 3, X4.HDoHE
2024-10-18 12:20:30.767812 INFO::Fitting model to feature number 4, CAR.14.1
2024-10-18 12:20:30.834035 INFO::Fitting model to feature number 5, CAR.16.0
2024-10-18 12:20:30.897816 INFO::Fitting model to feature number 6, CAR.18.0.Isomer.A
2024-10-18 12:20:30.965081 INFO::Fitting model to feature number 7, CAR.18.2.Isomer.B
2024-10-18 12:20:31.037407 INFO::Fitting model to feature number 8, Cer.16.0.2O_23.0
2024-10-18 12:20:31.108726 INFO::Fitting model to feature number 9, Cer.17.0.3O.24.0..2OH.
2024-10-18 12:20:31.190871 INFO::Fitting model to feature number 10, Cer.17.1.2O.24.1
2024-10-18 12:20:31.257406 INFO::Fitting model to feature number 11, Cer.18.0.2O.16.0
2024-10-18 12:20:31.322176 INFO::Fitting model to feature number 12, Cer.18.0.2O_20.0
2024-10-18 12:20:31.389383 INFO::Fitting model to feature number 13, Cer.18.1.2O.23.0..2OH.
2024-10-18 12:20:31.499712 INFO::Fitting model to feature number 14, Cer.18.1.2O_22.0..2OH.
2024-10-18 12:20:31.566042 INFO::Fitting model to feature number 15, Cer.18.1.3O.25.0
2024-10-18 12:20:31.632436 INFO::Fitting model to feature number 16, Cer.18.2.2O.22.0
2024-10-18 12:20:31.700352 INFO::Fitting model to feature number 17, Cer.18.2.2O.24.1
2024-10-18 12:20:31.778859 INFO::Fitting model to feature number 18, Cer.19.1.2O.24.1
2024-10-18 12:20:31.843948 INFO::Fitting model to feature number 19, Cer.20.0.2O.26.0
2024-10-18 12:20:31.911192 INFO::Fitting model to feature number 20, Cer.31.2.O3.Cer.18.1.O2.13.1.O
2024-10-18 12:20:31.977083 INFO::Fitting model to feature number 21, Cer.33.0.O3.Cer.17.0.O2.16.0.3OH.
2024-10-18 12:20:32.058132 INFO::Fitting model to feature number 22, Cer.33.0.O3.Cer.17.0.O2.16.0.O
2024-10-18 12:20:32.124467 INFO::Fitting model to feature number 23, Cer.33.1.O2.Cer.17.1.O2.16.0
2024-10-18 12:20:32.192418 INFO::Fitting model to feature number 24, Cer.34.0.O3.Cer.17.0.O2.17.0.3OH.
2024-10-18 12:20:32.272442 INFO::Fitting model to feature number 25, Cer.34.1.O2.Cer.18.1.O2.16.0
2024-10-18 12:20:32.349856 INFO::Fitting model to feature number 26, Cer.34.1.O3.Cer.18.1.O2.16.0.O
2024-10-18 12:20:32.412767 INFO::Fitting model to feature number 27, Cer.34.2.O3.Cer.17.0.O2.17.2.3OH.
2024-10-18 12:20:32.475778 INFO::Fitting model to feature number 28, Cer.35.0.O3.Cer.18.0.O2.17.0.3OH.
2024-10-18 12:20:32.582575 INFO::Fitting model to feature number 29, Cer.35.0.O3.Cer.18.0.O2.17.0.O
2024-10-18 12:20:32.64243 INFO::Fitting model to feature number 30, Cer.35.1.O3.Cer.18.0.O2.17.1.3OH.
2024-10-18 12:20:32.701882 INFO::Fitting model to feature number 31, Cer.35.1.O3.Cer.19.0.O2.16.1.O
2024-10-18 12:20:32.777134 INFO::Fitting model to feature number 32, Cer.36.0.O3.Cer.19.0.O2.17.0.3OH.
2024-10-18 12:20:32.834029 INFO::Fitting model to feature number 33, Cer.36.0.O3.Cer.19.0.O2.17.0.O
2024-10-18 12:20:32.908074 INFO::Fitting model to feature number 34, Cer.36.0.O4.Cer.18.0.O3.18.0.2OH.
2024-10-18 12:20:32.988855 INFO::Fitting model to feature number 35, Cer.36.1.O2.Cer.18.0.O2.18.1
2024-10-18 12:20:33.068005 INFO::Fitting model to feature number 36, Cer.36.1.O3.Cer.18.0.O2.18.1.O
2024-10-18 12:20:33.160055 INFO::Fitting model to feature number 37, Cer.36.1.O3.Cer.18.1.O2.18.0.O
2024-10-18 12:20:33.233193 INFO::Fitting model to feature number 38, Cer.36.2.O2.Cer.18.1.O2.18.1
2024-10-18 12:20:33.310693 INFO::Fitting model to feature number 39, Cer.36.3.O2.Cer.18.1.O2.18.2
2024-10-18 12:20:33.385817 INFO::Fitting model to feature number 40, Cer.38.0.O2.Cer.20.0.O2.18.0
2024-10-18 12:20:33.454682 INFO::Fitting model to feature number 41, Cer.38.0.O3.Cer.20.0.O2.18.0.O
2024-10-18 12:20:33.524547 INFO::Fitting model to feature number 42, Cer.38.0.O4.Cer.18.0.O3.20.0.2OH.
2024-10-18 12:20:33.637436 INFO::Fitting model to feature number 43, Cer.38.2.O2.Cer.18.1.O2.20.1
2024-10-18 12:20:33.708662 INFO::Fitting model to feature number 44, Cer.38.3.O3.Cer.18.1.O2.20.2.O
2024-10-18 12:20:33.798347 INFO::Fitting model to feature number 45, Cer.38.3.O4.Cer.24.2.O3.14.1.2OH.
2024-10-18 12:20:33.867513 INFO::Fitting model to feature number 46, Cer.38.5.O3.Cer.18.1.O2.20.4.O
2024-10-18 12:20:33.936548 INFO::Fitting model to feature number 47, Cer.39.1.O2.Cer.18.1.O2.21.0
2024-10-18 12:20:34.003998 INFO::Fitting model to feature number 48, Cer.40.0.O3.Cer.18.0.O2.22.0.O
2024-10-18 12:20:34.0937 INFO::Fitting model to feature number 49, Cer.40.2.O2.Cer.18.1.O2.22.1
2024-10-18 12:20:34.180219 INFO::Fitting model to feature number 50, Cer.41.0.O2.Cer.18.0.O2.23.0
2024-10-18 12:20:34.258413 INFO::Fitting model to feature number 51, Cer.41.0.O4.Cer.18.0.O3.23.0.2OH.
2024-10-18 12:20:34.327152 INFO::Fitting model to feature number 52, Cer.41.1.O2.Cer.17.1.O2.24.0
2024-10-18 12:20:34.393198 INFO::Fitting model to feature number 53, Cer.41.1.O3.Cer.21.0.O2.20.1.O
2024-10-18 12:20:34.463303 INFO::Fitting model to feature number 54, Cer.41.2.3O.Cer.22.2.O2.19.0.O
2024-10-18 12:20:34.529483 INFO::Fitting model to feature number 55, Cer.41.3.3O.Cer.22.1.O2.19.2.O
2024-10-18 12:20:34.610964 INFO::Fitting model to feature number 56, Cer.42.0.O3.Cer.18.0.O2.24.0.2OH.
2024-10-18 12:20:34.695185 INFO::Fitting model to feature number 57, Cer.42.0.O3.Cer.18.0.O2.24.0.O
2024-10-18 12:20:34.795312 INFO::Fitting model to feature number 58, Cer.42.0.O3.Cer.18.0.O3.24.0
2024-10-18 12:20:34.857722 INFO::Fitting model to feature number 59, Cer.42.0.O3.Cer.20.0.O2.22.0.O
2024-10-18 12:20:34.936049 INFO::Fitting model to feature number 60, Cer.42.1.O3.Cer.18.1.O2.24.0.2OH.
2024-10-18 12:20:35.006051 INFO::Fitting model to feature number 61, Cer.42.1.O3.Cer.20.1.O2.22.0.O
2024-10-18 12:20:35.062617 INFO::Fitting model to feature number 62, Cer.42.1.O4.Cer.18.0.O3.24.1.2OH.
2024-10-18 12:20:35.118419 INFO::Fitting model to feature number 63, Cer.42.2.O2.Cer.18.1.O2.24.1
2024-10-18 12:20:35.195018 INFO::Fitting model to feature number 64, Cer.42.2.O4.Cer.18.1.O3.24.1.2OH.
2024-10-18 12:20:35.257127 INFO::Fitting model to feature number 65, Cer.42.3.O2.Cer.22.0.O2.20.3
2024-10-18 12:20:35.314807 INFO::Fitting model to feature number 66, Cer.43.0.O2.Cer.17.0.O2.26.0
2024-10-18 12:20:35.370977 INFO::Fitting model to feature number 67, Cer.43.0.O4.Cer.18.0.O3.25.0.2OH.
2024-10-18 12:20:35.431366 INFO::Fitting model to feature number 68, Cer.43.1.O2.Cer.17.1.O2.26.0
2024-10-18 12:20:35.48988 INFO::Fitting model to feature number 69, Cer.43.3.O3.Cer.22.2.O2.21.1.O
2024-10-18 12:20:35.557371 INFO::Fitting model to feature number 70, Cer.44.0.O3.Cer.20.0.O2.24.0.O
2024-10-18 12:20:35.633471 INFO::Fitting model to feature number 71, Cer.44.1.O3.Cer.20.1.O2.24.0.2OH.
2024-10-18 12:20:35.741776 INFO::Fitting model to feature number 72, Cer.46.1.O2.Cer.20.1.O2.26.0
2024-10-18 12:20:35.829175 INFO::Fitting model to feature number 73, Cer.46.1.O3.Cer.20.1.O2.26.0.2OH.
2024-10-18 12:20:35.93121 INFO::Fitting model to feature number 74, Cer.46.4.O2.Cer.18.1.O2.28.3
2024-10-18 12:20:36.010649 INFO::Fitting model to feature number 75, Cer.50.1.O4.Cer.18.0.O2.17.0.3OH..FA.15.0.
2024-10-18 12:20:36.095914 INFO::Fitting model to feature number 76, Cer.50.1.O4.Cer.35.0.O3.FA.15.0.
2024-10-18 12:20:36.184828 INFO::Fitting model to feature number 77, Cer.52.2.O3.Cer.18.1.O2.34.1.O
2024-10-18 12:20:36.257706 INFO::Fitting model to feature number 78, Cer.d31.2
2024-10-18 12:20:36.315012 INFO::Fitting model to feature number 79, Cer.d32.1
2024-10-18 12:20:36.379118 INFO::Fitting model to feature number 80, Cer.d33.1
2024-10-18 12:20:36.441978 INFO::Fitting model to feature number 81, Cer.d34.0
2024-10-18 12:20:36.502111 INFO::Fitting model to feature number 82, Cer.d34.1
2024-10-18 12:20:36.560919 INFO::Fitting model to feature number 83, Cer.d34.2.Isomer.A
2024-10-18 12:20:36.620039 INFO::Fitting model to feature number 84, Cer.d34.2.Isomer.B
2024-10-18 12:20:36.677748 INFO::Fitting model to feature number 85, Cer.d35.1
2024-10-18 12:20:36.73447 INFO::Fitting model to feature number 86, Cer.d36.1
2024-10-18 12:20:36.826308 INFO::Fitting model to feature number 87, Cer.d36.2
2024-10-18 12:20:36.881925 INFO::Fitting model to feature number 88, Cer.d37.1
2024-10-18 12:20:36.935567 INFO::Fitting model to feature number 89, Cer.d38.1
2024-10-18 12:20:36.995133 INFO::Fitting model to feature number 90, Cer.d39.1
2024-10-18 12:20:37.052349 INFO::Fitting model to feature number 91, Cer.d40.0
2024-10-18 12:20:37.120321 INFO::Fitting model to feature number 92, Cer.d40.1
2024-10-18 12:20:37.199798 INFO::Fitting model to feature number 93, Cer.d40.2
2024-10-18 12:20:37.27441 INFO::Fitting model to feature number 94, Cer.d41.1
2024-10-18 12:20:37.357123 INFO::Fitting model to feature number 95, Cer.d41.2
2024-10-18 12:20:37.412029 INFO::Fitting model to feature number 96, Cer.d42.0
2024-10-18 12:20:37.478883 INFO::Fitting model to feature number 97, Cer.d42.1
2024-10-18 12:20:37.535679 INFO::Fitting model to feature number 98, Cer.d42.2.Isomer.A
2024-10-18 12:20:37.592404 INFO::Fitting model to feature number 99, Cer.d42.2.Isomer.B
2024-10-18 12:20:37.647186 INFO::Fitting model to feature number 100, Cer.d42.3
2024-10-18 12:20:37.835141 INFO::Fitting model to feature number 101, Cer.d43.1
2024-10-18 12:20:37.892698 INFO::Fitting model to feature number 102, Cer.d43.2
2024-10-18 12:20:37.962571 INFO::Fitting model to feature number 103, Cer.d44.2
2024-10-18 12:20:38.012438 INFO::Fitting model to feature number 104, Cer.ADS.d34.0
2024-10-18 12:20:38.080144 INFO::Fitting model to feature number 105, Cer.ADS.d40.0
2024-10-18 12:20:38.138686 INFO::Fitting model to feature number 106, Cer.AS.d34.1
2024-10-18 12:20:38.197718 INFO::Fitting model to feature number 107, Cer.NDS.d36.0
2024-10-18 12:20:38.255096 INFO::Fitting model to feature number 108, Cer.NDS.d39.0
2024-10-18 12:20:38.320914 INFO::Fitting model to feature number 109, Cer.NDS.d40.0
2024-10-18 12:20:38.401197 INFO::Fitting model to feature number 110, Cer.NDS.d41.0
2024-10-18 12:20:38.457307 INFO::Fitting model to feature number 111, Cer.NP.t40.0
2024-10-18 12:20:38.518502 INFO::Fitting model to feature number 112, Cer.NP.t42.0
2024-10-18 12:20:38.576067 INFO::Fitting model to feature number 113, Cer.NP.t42.1
2024-10-18 12:20:38.634486 INFO::Fitting model to feature number 114, Cholesterol
2024-10-18 12:20:38.691209 INFO::Fitting model to feature number 115, cholesterol.3.sulfate....125
2024-10-18 12:20:38.785253 INFO::Fitting model to feature number 116, DG.16.0_16.1
2024-10-18 12:20:38.838869 INFO::Fitting model to feature number 117, DG.34.0
2024-10-18 12:20:38.912133 INFO::Fitting model to feature number 118, DG.36.0
2024-10-18 12:20:38.979581 INFO::Fitting model to feature number 119, DG.36.2
2024-10-18 12:20:39.05406 INFO::Fitting model to feature number 120, DGDG.34.2.DGDG.16.0_18.2
2024-10-18 12:20:39.132154 INFO::Fitting model to feature number 121, DGDG.36.3.DGDG.18.1_18.2
2024-10-18 12:20:39.194631 INFO::Fitting model to feature number 122, DGDG.36.4.DGDG.18.2_18.2
2024-10-18 12:20:39.255544 INFO::Fitting model to feature number 123, FA.10.0..capric.acid.
2024-10-18 12:20:39.322141 INFO::Fitting model to feature number 124, FA.11.0..undecylic.acid.
2024-10-18 12:20:39.383561 INFO::Fitting model to feature number 125, FA.13.0..tridecylic.acid.
2024-10-18 12:20:39.440369 INFO::Fitting model to feature number 126, FA.15.0..pentadecylic.acid.
2024-10-18 12:20:39.505578 INFO::Fitting model to feature number 127, FA.15.1
2024-10-18 12:20:39.563327 INFO::Fitting model to feature number 128, FA.15.2
2024-10-18 12:20:39.61726 INFO::Fitting model to feature number 129, FA.17.0..margaric.acid.
2024-10-18 12:20:39.693496 INFO::Fitting model to feature number 130, FA.19.0
2024-10-18 12:20:39.783936 INFO::Fitting model to feature number 131, FA.20.0..arachidic.acid.
2024-10-18 12:20:39.857174 INFO::Fitting model to feature number 132, FA.20.1
2024-10-18 12:20:39.933435 INFO::Fitting model to feature number 133, FA.20.3..eicosatrienoic.acid.
2024-10-18 12:20:40.007174 INFO::Fitting model to feature number 134, FA.20.3..homo.gamma.linolenic.acid.
2024-10-18 12:20:40.080922 INFO::Fitting model to feature number 135, FA.20.4..arachidonic.acid.
2024-10-18 12:20:40.133299 INFO::Fitting model to feature number 136, FA.20.5..eicosapentaenoic.acid.
2024-10-18 12:20:40.21191 INFO::Fitting model to feature number 137, FA.21.0
2024-10-18 12:20:40.268787 INFO::Fitting model to feature number 138, FA.21.1
2024-10-18 12:20:40.332726 INFO::Fitting model to feature number 139, FA.22.0
2024-10-18 12:20:40.39723 INFO::Fitting model to feature number 140, FA.22.1..erucic.acid.
2024-10-18 12:20:40.454627 INFO::Fitting model to feature number 141, FA.22.2..docosadienoic.acid.
2024-10-18 12:20:40.518722 INFO::Fitting model to feature number 142, FA.22.4
2024-10-18 12:20:40.580439 INFO::Fitting model to feature number 143, FA.22.5
2024-10-18 12:20:40.642334 INFO::Fitting model to feature number 144, FA.22.6..docosahexaenoic.acid.
2024-10-18 12:20:40.738817 INFO::Fitting model to feature number 145, FA.23.0
2024-10-18 12:20:40.800411 INFO::Fitting model to feature number 146, FA.23.1
2024-10-18 12:20:40.853516 INFO::Fitting model to feature number 147, FA.24.0
2024-10-18 12:20:40.913666 INFO::Fitting model to feature number 148, FA.24.1
2024-10-18 12:20:40.976841 INFO::Fitting model to feature number 149, FA.24.2
2024-10-18 12:20:41.05073 INFO::Fitting model to feature number 150, FA.24.3
2024-10-18 12:20:41.124814 INFO::Fitting model to feature number 151, FA.24.6
2024-10-18 12:20:41.203104 INFO::Fitting model to feature number 152, FA.25.0
2024-10-18 12:20:41.260933 INFO::Fitting model to feature number 153, FA.25.1
2024-10-18 12:20:41.335602 INFO::Fitting model to feature number 154, FA.26.0
2024-10-18 12:20:41.39803 INFO::Fitting model to feature number 155, FA.26.1
2024-10-18 12:20:41.471763 INFO::Fitting model to feature number 156, FA.26.2
2024-10-18 12:20:41.548486 INFO::Fitting model to feature number 157, FA.27.0
2024-10-18 12:20:41.619746 INFO::Fitting model to feature number 158, FA.27.1
2024-10-18 12:20:41.701641 INFO::Fitting model to feature number 159, FA.28.0
2024-10-18 12:20:41.796588 INFO::Fitting model to feature number 160, FA.28.1
2024-10-18 12:20:41.854928 INFO::Fitting model to feature number 161, FA.29.0
2024-10-18 12:20:41.941759 INFO::Fitting model to feature number 162, FA.29.1
2024-10-18 12:20:42.034232 INFO::Fitting model to feature number 163, FA.30.0
2024-10-18 12:20:42.11007 INFO::Fitting model to feature number 164, FA.30.1
2024-10-18 12:20:42.176873 INFO::Fitting model to feature number 165, FA.31.0
2024-10-18 12:20:42.242291 INFO::Fitting model to feature number 166, FA.31.1
2024-10-18 12:20:42.318221 INFO::Fitting model to feature number 167, FA.32.0
2024-10-18 12:20:42.383361 INFO::Fitting model to feature number 168, FA.32.1
2024-10-18 12:20:42.453684 INFO::Fitting model to feature number 169, FA.32.2
2024-10-18 12:20:42.540567 INFO::Fitting model to feature number 170, FA.33.0
2024-10-18 12:20:42.607785 INFO::Fitting model to feature number 171, FA.33.1
2024-10-18 12:20:42.676001 INFO::Fitting model to feature number 172, FA.34.0
2024-10-18 12:20:42.741472 INFO::Fitting model to feature number 173, FA.34.1
2024-10-18 12:20:42.833105 INFO::Fitting model to feature number 174, FA.34.2
2024-10-18 12:20:42.890863 INFO::Fitting model to feature number 175, FA.35.1
2024-10-18 12:20:42.970841 INFO::Fitting model to feature number 176, FA.36.1
2024-10-18 12:20:43.051845 INFO::Fitting model to feature number 177, FA.36.2
2024-10-18 12:20:43.123392 INFO::Fitting model to feature number 178, FA.37.1
2024-10-18 12:20:43.186519 INFO::Fitting model to feature number 179, FA.38.1
2024-10-18 12:20:43.260722 INFO::Fitting model to feature number 180, FA.39.1
2024-10-18 12:20:43.335095 INFO::Fitting model to feature number 181, FA.40.1
2024-10-18 12:20:43.388189 INFO::Fitting model to feature number 182, FA.41.1
2024-10-18 12:20:43.449702 INFO::Fitting model to feature number 183, FA.42.1
2024-10-18 12:20:43.507385 INFO::Fitting model to feature number 184, FAHFA.36.1.O.FAHFA.18.1.18.0.O
2024-10-18 12:20:43.574934 INFO::Fitting model to feature number 185, FAHFA.40.3
2024-10-18 12:20:43.653824 INFO::Fitting model to feature number 186, FAHFA.42.2
2024-10-18 12:20:43.727538 INFO::Fitting model to feature number 187, GalCer.18.1_24.1
2024-10-18 12:20:43.788184 INFO::Fitting model to feature number 188, Gal.Gal.Cer.d18.1.16.0.or.Lactosylceramide.d18.1.16.0
2024-10-18 12:20:43.894009 INFO::Fitting model to feature number 189, GlcCer.d34.1
2024-10-18 12:20:43.949312 INFO::Fitting model to feature number 190, GlcCer.d38.1
2024-10-18 12:20:44.01124 INFO::Fitting model to feature number 191, GlcCer.d40.1
2024-10-18 12:20:44.085231 INFO::Fitting model to feature number 192, GlcCer.d41.1
2024-10-18 12:20:44.155268 INFO::Fitting model to feature number 193, GlcCer.d42.1
2024-10-18 12:20:44.227906 INFO::Fitting model to feature number 194, GlcCer.d42.2
2024-10-18 12:20:44.283711 INFO::Fitting model to feature number 195, GlcCerd14.14E.20.02OH
2024-10-18 12:20:44.36549 INFO::Fitting model to feature number 196, HexCer.34.0.O4.HexCer.18.0.O3.16.0.2OH.
2024-10-18 12:20:44.432047 INFO::Fitting model to feature number 197, HexCer.34.1.O2.HexCer.18.1.O2.16.0
2024-10-18 12:20:44.489427 INFO::Fitting model to feature number 198, HexCer.34.1.O3.HexCer.18.1.O2.16.0.O
2024-10-18 12:20:44.543468 INFO::Fitting model to feature number 199, HexCer.36.2.O2.HexCer.18.1.O2.18.1
2024-10-18 12:20:44.619991 INFO::Fitting model to feature number 200, HexCer.38.0.O4.HexCer.18.0.O3.20.0.2OH.
2024-10-18 12:20:44.69687 INFO::Fitting model to feature number 201, HexCer.38.1.O3.HexCer.18.1.O2.20.0.O
2024-10-18 12:20:44.75829 INFO::Fitting model to feature number 202, HexCer.40.0.O4.HexCer.18.0.O3.22.0.2OH.
2024-10-18 12:20:44.817513 INFO::Fitting model to feature number 203, HexCer.40.1.O3.HexCer.18.1.O2.22.0.O
2024-10-18 12:20:44.920149 INFO::Fitting model to feature number 204, HexCer.41.0.O4.HexCer.18.0.O3.23.0.2OH.
2024-10-18 12:20:44.973308 INFO::Fitting model to feature number 205, HexCer.42.0.O4.HexCer.18.0.O3.24.0.2OH.
2024-10-18 12:20:45.028164 INFO::Fitting model to feature number 206, HexCer.42.1.O3
2024-10-18 12:20:45.107006 INFO::Fitting model to feature number 207, HexCer.42.1.O3.HexCer.18.1.O2.24.0.O
2024-10-18 12:20:45.184561 INFO::Fitting model to feature number 208, HexCer.42.1.O4.HexCer.18.0.O3.24.1.2OH.
2024-10-18 12:20:45.272739 INFO::Fitting model to feature number 209, HexCer.42.2.O4.HexCer.18.1.O3.24.1.2OH.
2024-10-18 12:20:45.34797 INFO::Fitting model to feature number 210, HexCer.43.0.O4.HexCer.19.0.O3.24.0.2OH.
2024-10-18 12:20:45.419919 INFO::Fitting model to feature number 211, HexCer.44.0.O4.HexCer.20.0.O3.24.0.2OH.
2024-10-18 12:20:45.486579 INFO::Fitting model to feature number 212, Hexosyl.LPE.16.0
2024-10-18 12:20:45.555902 INFO::Fitting model to feature number 213, lactosylceramide.d18.1.24.1.15Z
2024-10-18 12:20:45.641688 INFO::Fitting model to feature number 214, LNAPE.20.4_N.19.1
2024-10-18 12:20:45.707686 INFO::Fitting model to feature number 215, LPC.17.0
2024-10-18 12:20:45.790139 INFO::Fitting model to feature number 216, LPC.18.0....265
2024-10-18 12:20:45.869367 INFO::Fitting model to feature number 217, LPC.18.2
2024-10-18 12:20:45.983986 INFO::Fitting model to feature number 218, LPC.18.3
2024-10-18 12:20:46.043125 INFO::Fitting model to feature number 219, LPC.19.0
2024-10-18 12:20:46.096142 INFO::Fitting model to feature number 220, LPC.20.0
2024-10-18 12:20:46.154414 INFO::Fitting model to feature number 221, LPC.20.1
2024-10-18 12:20:46.215638 INFO::Fitting model to feature number 222, LPC.20.4
2024-10-18 12:20:46.282046 INFO::Fitting model to feature number 223, LPC.24.0.SN1
2024-10-18 12:20:46.344889 INFO::Fitting model to feature number 224, LPC.O.16.0
2024-10-18 12:20:46.42714 INFO::Fitting model to feature number 225, LPC.O.16.1....276
2024-10-18 12:20:46.513048 INFO::Fitting model to feature number 226, LPC.O.18.0
2024-10-18 12:20:46.58801 INFO::Fitting model to feature number 227, LPC.O.18.1
2024-10-18 12:20:46.659678 INFO::Fitting model to feature number 228, LPC.O.20.0
2024-10-18 12:20:46.744662 INFO::Fitting model to feature number 229, LPC.O.22.0
2024-10-18 12:20:46.817883 INFO::Fitting model to feature number 230, LPC.P.18.0.or.LPC.O.18.1
2024-10-18 12:20:46.900187 INFO::Fitting model to feature number 231, LPE.15.0
2024-10-18 12:20:46.983283 INFO::Fitting model to feature number 232, LPE.16.0....284
2024-10-18 12:20:47.093545 INFO::Fitting model to feature number 233, LPE.18.0
2024-10-18 12:20:47.165091 INFO::Fitting model to feature number 234, LPE.18.2
2024-10-18 12:20:47.229794 INFO::Fitting model to feature number 235, LPE.20.4
2024-10-18 12:20:47.296796 INFO::Fitting model to feature number 236, LPE.22.6
2024-10-18 12:20:47.35935 INFO::Fitting model to feature number 237, LPE.O.18.1
2024-10-18 12:20:47.425494 INFO::Fitting model to feature number 238, LPE.O.18.2
2024-10-18 12:20:47.5051 INFO::Fitting model to feature number 239, LPE.O.20.0
2024-10-18 12:20:47.565957 INFO::Fitting model to feature number 240, LPE.N..FA.34.1.LPE.N..FA.18.1.16.0
2024-10-18 12:20:47.625601 INFO::Fitting model to feature number 241, LPE.N..FA.34.2.LPE.N..FA.18.2.16.0
2024-10-18 12:20:47.680246 INFO::Fitting model to feature number 242, LPE.N..FA.36.3.LPE.N..FA.18.2.18.1
2024-10-18 12:20:47.740521 INFO::Fitting model to feature number 243, LPE.N..FA.36.4.LPE.N..FA.18.2.18.2
2024-10-18 12:20:47.819971 INFO::Fitting model to feature number 244, LPG.16.0
2024-10-18 12:20:47.88379 INFO::Fitting model to feature number 245, LPG.18.1
2024-10-18 12:20:47.972756 INFO::Fitting model to feature number 246, LPS.18.0
2024-10-18 12:20:48.115411 INFO::Fitting model to feature number 247, MGDG.17.0_18.2
2024-10-18 12:20:48.190632 INFO::Fitting model to feature number 248, MGDG.O.16.4_18.0
2024-10-18 12:20:48.253995 INFO::Fitting model to feature number 249, NAGly.29.1.O2.NAGly.16.0.O.FA.13.0.
2024-10-18 12:20:48.316933 INFO::Fitting model to feature number 250, NAGly.30.1.O2.NAGly.16.0.O.FA.14.0.
2024-10-18 12:20:48.381397 INFO::Fitting model to feature number 251, NAGly.31.1.O2.NAGly.16.0.O.FA.15.0.
2024-10-18 12:20:48.444367 INFO::Fitting model to feature number 252, NAGly.32.1.O2.NAGly.17.0.O.FA.15.0.
2024-10-18 12:20:48.510791 INFO::Fitting model to feature number 253, NAGly.33.1.O2.NAGly.18.0.O.FA.15.0.
2024-10-18 12:20:48.575048 INFO::Fitting model to feature number 254, NAGlySer.30.1.O2.NAGlySer.15.0.O.FA.15.0.
2024-10-18 12:20:48.641772 INFO::Fitting model to feature number 255, NAGlySer.31.1.O2.NAGlySer.16.0.O.FA.15.0.
2024-10-18 12:20:48.709877 INFO::Fitting model to feature number 256, NAGlySer.32.1.O2.NAGlySer.17.0.O.FA.15.0.
2024-10-18 12:20:48.770835 INFO::Fitting model to feature number 257, NAGlySer.33.1.O2.NAGlySer.17.0.O.FA.16.0.
2024-10-18 12:20:48.827351 INFO::Fitting model to feature number 258, NAGlySer.34.1.O2.NAGlySer.17.0.O.FA.17.0.
2024-10-18 12:20:48.889108 INFO::Fitting model to feature number 259, NAPhe.16.0
2024-10-18 12:20:48.944722 INFO::Fitting model to feature number 260, NAPhe.18.0
2024-10-18 12:20:49.007904 INFO::Fitting model to feature number 261, NAPhe.18.1
2024-10-18 12:20:49.098372 INFO::Fitting model to feature number 262, NAPhe.18.2
2024-10-18 12:20:49.157213 INFO::Fitting model to feature number 263, palmitoyl.ethanolamide
2024-10-18 12:20:49.217249 INFO::Fitting model to feature number 264, PC.16.0_14.0
2024-10-18 12:20:49.275843 INFO::Fitting model to feature number 265, PC.16.0_18.2
2024-10-18 12:20:49.333714 INFO::Fitting model to feature number 266, PC.18.1_18.2
2024-10-18 12:20:49.402627 INFO::Fitting model to feature number 267, PC.29.0
2024-10-18 12:20:49.471399 INFO::Fitting model to feature number 268, PC.30.0
2024-10-18 12:20:49.548285 INFO::Fitting model to feature number 269, PC.31.0
2024-10-18 12:20:49.610269 INFO::Fitting model to feature number 270, PC.31.1
2024-10-18 12:20:49.667407 INFO::Fitting model to feature number 271, PC.32.0
2024-10-18 12:20:49.726378 INFO::Fitting model to feature number 272, PC.32.1
2024-10-18 12:20:49.785087 INFO::Fitting model to feature number 273, PC.32.2
2024-10-18 12:20:49.844331 INFO::Fitting model to feature number 274, PC.33.1
2024-10-18 12:20:49.901251 INFO::Fitting model to feature number 275, PC.33.2
2024-10-18 12:20:49.995745 INFO::Fitting model to feature number 276, PC.34.0
2024-10-18 12:20:50.066782 INFO::Fitting model to feature number 277, PC.34.2
2024-10-18 12:20:50.123647 INFO::Fitting model to feature number 278, PC.34.3
2024-10-18 12:20:50.194842 INFO::Fitting model to feature number 279, PC.34.3.Isomer.B
2024-10-18 12:20:50.270405 INFO::Fitting model to feature number 280, PC.35.2.Isomer.B
2024-10-18 12:20:50.326861 INFO::Fitting model to feature number 281, PC.35.3
2024-10-18 12:20:50.383349 INFO::Fitting model to feature number 282, PC.35.4
2024-10-18 12:20:50.443357 INFO::Fitting model to feature number 283, PC.36.1
2024-10-18 12:20:50.497887 INFO::Fitting model to feature number 284, PC.36.3.Isomer.A
2024-10-18 12:20:50.577337 INFO::Fitting model to feature number 285, PC.36.4.Isomer.A
2024-10-18 12:20:50.640403 INFO::Fitting model to feature number 286, PC.36.4.Isomer.B
2024-10-18 12:20:50.696466 INFO::Fitting model to feature number 287, PC.36.5.Isomer.A
2024-10-18 12:20:50.757455 INFO::Fitting model to feature number 288, PC.36.5.Isomer.B
2024-10-18 12:20:50.830492 INFO::Fitting model to feature number 289, PC.36.5.Isomer.D
2024-10-18 12:20:50.910898 INFO::Fitting model to feature number 290, PC.38.2
2024-10-18 12:20:51.020347 INFO::Fitting model to feature number 291, PC.38.4.Isomer.B
2024-10-18 12:20:51.074333 INFO::Fitting model to feature number 292, PC.38.5.Isomer.A
2024-10-18 12:20:51.126435 INFO::Fitting model to feature number 293, PC.38.5.Isomer.B
2024-10-18 12:20:51.200583 INFO::Fitting model to feature number 294, PC.38.6.Isomer.A
2024-10-18 12:20:51.259015 INFO::Fitting model to feature number 295, PC.38.8
2024-10-18 12:20:51.31303 INFO::Fitting model to feature number 296, PC.40.3
2024-10-18 12:20:51.391049 INFO::Fitting model to feature number 297, PC.40.4
2024-10-18 12:20:51.460062 INFO::Fitting model to feature number 298, PC.40.6.Isomer.A
2024-10-18 12:20:51.51468 INFO::Fitting model to feature number 299, PC.40.7.Isomer.B
2024-10-18 12:20:51.573588 INFO::Fitting model to feature number 300, PC.42.4
2024-10-18 12:20:51.624523 INFO::Fitting model to feature number 301, PC.42.5
2024-10-18 12:20:51.692174 INFO::Fitting model to feature number 302, PC.O.20.0_20.4
2024-10-18 12:20:51.772476 INFO::Fitting model to feature number 303, PC.O.30.0
2024-10-18 12:20:51.846101 INFO::Fitting model to feature number 304, PC.O.31.7
2024-10-18 12:20:51.952732 INFO::Fitting model to feature number 305, PC.O.32.0
2024-10-18 12:20:52.005805 INFO::Fitting model to feature number 306, PC.O.33.5
2024-10-18 12:20:52.058661 INFO::Fitting model to feature number 307, PC.O.34.0
2024-10-18 12:20:52.124899 INFO::Fitting model to feature number 308, PC.O.34.4
2024-10-18 12:20:52.181184 INFO::Fitting model to feature number 309, PC.O.36.4
2024-10-18 12:20:52.236845 INFO::Fitting model to feature number 310, PC.P.32.1.or.PC.O.32.2
2024-10-18 12:20:52.293891 INFO::Fitting model to feature number 311, PC.P.34.0.or.PC.O.34.1
2024-10-18 12:20:52.348122 INFO::Fitting model to feature number 312, PC.P.34.1.or.PC.O.34.2
2024-10-18 12:20:52.423231 INFO::Fitting model to feature number 313, PC.P.38.3.or.PC.O.38.4.Isomer.B
2024-10-18 12:20:52.501535 INFO::Fitting model to feature number 314, PC.P.38.4.or.PC.O.38.5.Isomer.B
2024-10-18 12:20:52.586374 INFO::Fitting model to feature number 315, PC.P.40.1.or.PC.O.40.2
2024-10-18 12:20:52.671884 INFO::Fitting model to feature number 316, PC.P.40.3.or.PC.O.40.4
2024-10-18 12:20:52.744686 INFO::Fitting model to feature number 317, PE.16.0_16..1
2024-10-18 12:20:52.799333 INFO::Fitting model to feature number 318, PE.16.1_18.1
2024-10-18 12:20:52.878222 INFO::Fitting model to feature number 319, PE.29.0.PE.14.0_15.0
2024-10-18 12:20:52.993931 INFO::Fitting model to feature number 320, PE.30.0.PE.15.0_15.0
2024-10-18 12:20:53.056859 INFO::Fitting model to feature number 321, PE.31.0.PE.15.0_16.0
2024-10-18 12:20:53.118399 INFO::Fitting model to feature number 322, PE.32.1.PE.16.0_16.1
2024-10-18 12:20:53.17929 INFO::Fitting model to feature number 323, PE.32.2
2024-10-18 12:20:53.242913 INFO::Fitting model to feature number 324, PE.33.1.PE.15.0_18.1
2024-10-18 12:20:53.332362 INFO::Fitting model to feature number 325, PE.33.2.PE.15.0_18.2
2024-10-18 12:20:53.439277 INFO::Fitting model to feature number 326, PE.34.0
2024-10-18 12:20:53.540012 INFO::Fitting model to feature number 327, PE.34.1
2024-10-18 12:20:53.626776 INFO::Fitting model to feature number 328, PE.34.1.1
2024-10-18 12:20:53.720271 INFO::Fitting model to feature number 329, PE.34.2
2024-10-18 12:20:53.809868 INFO::Fitting model to feature number 330, PE.36.1
2024-10-18 12:20:53.889363 INFO::Fitting model to feature number 331, PE.36.2
2024-10-18 12:20:53.97965 INFO::Fitting model to feature number 332, PE.36.3
2024-10-18 12:20:54.03896 INFO::Fitting model to feature number 333, PE.36.4
2024-10-18 12:20:54.100898 INFO::Fitting model to feature number 334, PE.O.22.6_16.1
2024-10-18 12:20:54.187217 INFO::Fitting model to feature number 335, PE.O.36.1
2024-10-18 12:20:54.243359 INFO::Fitting model to feature number 336, PE.P.34.1.or.PE.O.34.2
2024-10-18 12:20:54.299012 INFO::Fitting model to feature number 337, PE.P.36.1.or.PE.O.36.2
2024-10-18 12:20:54.384402 INFO::Fitting model to feature number 338, PE.Cer.35.0.O3.PE.Cer.21.0.O2.14.0.O
2024-10-18 12:20:54.44689 INFO::Fitting model to feature number 339, PE.Cer.36.0.O3.PE.Cer.19.0.O2.17.0.O
2024-10-18 12:20:54.509819 INFO::Fitting model to feature number 340, PEtOH.18.1_18.1
2024-10-18 12:20:54.591949 INFO::Fitting model to feature number 341, PEtOH.18.1_20.4
2024-10-18 12:20:54.668651 INFO::Fitting model to feature number 342, PEtOH.38.4
2024-10-18 12:20:54.750324 INFO::Fitting model to feature number 343, PG.16.0_16.0
2024-10-18 12:20:54.80835 INFO::Fitting model to feature number 344, PG.30.0.PG.15.0_15.0
2024-10-18 12:20:54.8695 INFO::Fitting model to feature number 345, PG.33.0.PG.16.0_17.0
2024-10-18 12:20:54.94515 INFO::Fitting model to feature number 346, PG.34.1.PG.16.0_18.1
2024-10-18 12:20:55.001552 INFO::Fitting model to feature number 347, PG.34.2
2024-10-18 12:20:55.066314 INFO::Fitting model to feature number 348, PG.40.7
2024-10-18 12:20:55.156149 INFO::Fitting model to feature number 349, PG.40.8
2024-10-18 12:20:55.211233 INFO::Fitting model to feature number 350, PG.O.34.2.PG.O.18.2_16.0
2024-10-18 12:20:55.263806 INFO::Fitting model to feature number 351, PG.O.36.2.PG.O.18.1_18.1
2024-10-18 12:20:55.322922 INFO::Fitting model to feature number 352, PGE2
2024-10-18 12:20:55.388942 INFO::Fitting model to feature number 353, Phosphatidylethanolamine.alkenyl.16.0.20.4
2024-10-18 12:20:55.445822 INFO::Fitting model to feature number 354, PI.34.1.Isomer.A
2024-10-18 12:20:55.504535 INFO::Fitting model to feature number 355, PI.34.2.Isomer.A
2024-10-18 12:20:55.576426 INFO::Fitting model to feature number 356, PI.36.1.Isomer.A
2024-10-18 12:20:55.651999 INFO::Fitting model to feature number 357, PI.36.2
2024-10-18 12:20:55.71695 INFO::Fitting model to feature number 358, PI.36.3.Isomer.B
2024-10-18 12:20:55.776976 INFO::Fitting model to feature number 359, PI.38.3
2024-10-18 12:20:55.837197 INFO::Fitting model to feature number 360, PI.38.4
2024-10-18 12:20:55.915051 INFO::Fitting model to feature number 361, PI.Cer.33.0.O3
2024-10-18 12:20:55.990342 INFO::Fitting model to feature number 362, PI.Cer.34.0.O3
2024-10-18 12:20:56.065986 INFO::Fitting model to feature number 363, PI.Cer.35.0.O3
2024-10-18 12:20:56.158572 INFO::Fitting model to feature number 364, PI.Cer.36.0.O3
2024-10-18 12:20:56.214564 INFO::Fitting model to feature number 365, PS.16.0_22.4
2024-10-18 12:20:56.290157 INFO::Fitting model to feature number 366, PS.36.1
2024-10-18 12:20:56.373559 INFO::Fitting model to feature number 367, SHexCer.34.1.3O
2024-10-18 12:20:56.436434 INFO::Fitting model to feature number 368, SHexCer.d34.1
2024-10-18 12:20:56.499451 INFO::Fitting model to feature number 369, SL.32.0.O.SL.17.0.O.15.0
2024-10-18 12:20:56.570437 INFO::Fitting model to feature number 370, SL.33.0.O.SL.17.0.O.16.0
2024-10-18 12:20:56.638223 INFO::Fitting model to feature number 371, SL.34.1.O2.SL.17.0.O.17.1.O
2024-10-18 12:20:56.702114 INFO::Fitting model to feature number 372, SL.35.1.O2.SL.18.0.O.17.1.O
2024-10-18 12:20:56.764429 INFO::Fitting model to feature number 373, SM.18.0.2O.22.0
2024-10-18 12:20:56.824209 INFO::Fitting model to feature number 374, SM.24.1
2024-10-18 12:20:56.897006 INFO::Fitting model to feature number 375, SM.29.2.2O.8.0
2024-10-18 12:20:56.959522 INFO::Fitting model to feature number 376, SM.30.2.2O..FA.14.1.
2024-10-18 12:20:57.039974 INFO::Fitting model to feature number 377, SM.34.1.3O
2024-10-18 12:20:57.136478 INFO::Fitting model to feature number 378, SM.36.4.3O
2024-10-18 12:20:57.19966 INFO::Fitting model to feature number 379, SM.38.4.3O
2024-10-18 12:20:57.277693 INFO::Fitting model to feature number 380, SM.42.1.3O
2024-10-18 12:20:57.356924 INFO::Fitting model to feature number 381, SM.43.3.2O
2024-10-18 12:20:57.419226 INFO::Fitting model to feature number 382, SM.d32.0.Isomer.B
2024-10-18 12:20:57.480835 INFO::Fitting model to feature number 383, SM.d32.1
2024-10-18 12:20:57.554916 INFO::Fitting model to feature number 384, SM.d33.1
2024-10-18 12:20:57.614522 INFO::Fitting model to feature number 385, SM.d34.0
2024-10-18 12:20:57.676788 INFO::Fitting model to feature number 386, SM.d34.1
2024-10-18 12:20:57.73945 INFO::Fitting model to feature number 387, SM.d36.0.Isomer.B
2024-10-18 12:20:57.803757 INFO::Fitting model to feature number 388, SM.d36.4
2024-10-18 12:20:57.860133 INFO::Fitting model to feature number 389, SM.d38.0
2024-10-18 12:20:57.921902 INFO::Fitting model to feature number 390, SM.d40.0.Isomer.B
2024-10-18 12:20:57.984752 INFO::Fitting model to feature number 391, SM.d40.1
2024-10-18 12:20:58.062921 INFO::Fitting model to feature number 392, SM.d42.1
2024-10-18 12:20:58.180801 INFO::Fitting model to feature number 393, SM.d42.2.Isomer.B
2024-10-18 12:20:58.2414 INFO::Fitting model to feature number 394, SM.d43.2
2024-10-18 12:20:58.30424 INFO::Fitting model to feature number 395, SM.d44.3
2024-10-18 12:20:58.385101 INFO::Fitting model to feature number 396, SPB.18.1.O2
2024-10-18 12:20:58.469737 INFO::Fitting model to feature number 397, SPB.20.0.2O
2024-10-18 12:20:58.531764 INFO::Fitting model to feature number 398, TG.10.0_10.0_18.2
2024-10-18 12:20:58.554287 WARNING::Fitting problem for feature 398 a warning was issued
2024-10-18 12:20:58.613747 INFO::Fitting model to feature number 399, TG.12.0_14.0_15.0
2024-10-18 12:20:58.674641 INFO::Fitting model to feature number 400, TG.34.0
2024-10-18 12:20:58.765891 INFO::Fitting model to feature number 401, TG.39.0
2024-10-18 12:20:58.819467 WARNING::Fitting problem for feature 401 a warning was issued
2024-10-18 12:20:58.942078 INFO::Fitting model to feature number 402, TG.43.1
2024-10-18 12:20:59.024064 INFO::Fitting model to feature number 403, TG.44.0
2024-10-18 12:20:59.098722 INFO::Fitting model to feature number 404, TG.44.2
2024-10-18 12:20:59.171219 INFO::Fitting model to feature number 405, TG.46.3.Isomer.A
2024-10-18 12:20:59.284445 INFO::Fitting model to feature number 406, TG.47.2
2024-10-18 12:20:59.372323 INFO::Fitting model to feature number 407, TG.49.1
2024-10-18 12:20:59.450449 INFO::Fitting model to feature number 408, TG.49.3
2024-10-18 12:20:59.531506 INFO::Fitting model to feature number 409, TG.50.4
2024-10-18 12:20:59.558278 WARNING::Fitting problem for feature 409 a warning was issued
2024-10-18 12:20:59.642125 INFO::Fitting model to feature number 410, TG.51.2.TG.17.0_16.1_18.1
2024-10-18 12:20:59.67057 WARNING::Fitting problem for feature 410 a warning was issued
2024-10-18 12:20:59.741021 INFO::Fitting model to feature number 411, TG.52.0
2024-10-18 12:20:59.764883 WARNING::Fitting problem for feature 411 a warning was issued
2024-10-18 12:20:59.821387 INFO::Fitting model to feature number 412, TG.53.0
2024-10-18 12:20:59.887222 INFO::Fitting model to feature number 413, TG.53.9.TG.17.3_18.3_18.3
2024-10-18 12:20:59.952834 INFO::Fitting model to feature number 414, TG.54.5.O2.TG.18.1_18.2_18.2.O2
2024-10-18 12:21:00.028927 INFO::Fitting model to feature number 415, TG.56.5.Isomer.A
2024-10-18 12:21:00.087511 INFO::Fitting model to feature number 416, TG.58.6
2024-10-18 12:21:00.160339 INFO::Fitting model to feature number 417, TG.58.7
2024-10-18 12:21:00.234749 INFO::Fitting model to feature number 418, TG.59.2.TG.16.0_25.0_18.2
2024-10-18 12:21:00.308454 INFO::Fitting model to feature number 419, TG.60.0.TG.18.0_20.0_22.0
2024-10-18 12:21:00.398832 INFO::Fitting model to feature number 420, TG.61.3.TG.18.0_25.0_18.3
2024-10-18 12:21:00.477972 INFO::Fitting model to feature number 421, TG.67.6.TG.31.0_18.3_18.3
2024-10-18 12:21:00.537036 INFO::Fitting model to feature number 422, TG.69.6.TG.33.0_18.3_18.3
2024-10-18 12:21:00.597189 INFO::Fitting model to feature number 423, TG.8.0_10.0_18.2
2024-10-18 12:21:00.654397 INFO::Fitting model to feature number 424, TG.8.0_15.0_18.1
2024-10-18 12:21:00.713565 INFO::Fitting model to feature number 425, TG.8.0_18.2_18.2
2024-10-18 12:21:00.769276 INFO::Fitting model to feature number 426, zymostenol
2024-10-18 12:21:00.83048 INFO::Fitting model to feature number 427, xylulose
2024-10-18 12:21:00.893925 INFO::Fitting model to feature number 428, xylose
2024-10-18 12:21:00.955855 INFO::Fitting model to feature number 429, xanthosine
2024-10-18 12:21:01.018452 INFO::Fitting model to feature number 430, vanillic.acid
2024-10-18 12:21:01.07979 INFO::Fitting model to feature number 431, uridine
2024-10-18 12:21:01.145657 INFO::Fitting model to feature number 432, uric.acid
2024-10-18 12:21:01.208736 INFO::Fitting model to feature number 433, urea
2024-10-18 12:21:01.268621 INFO::Fitting model to feature number 434, tyrosol
2024-10-18 12:21:01.361543 INFO::Fitting model to feature number 435, tyrosine
2024-10-18 12:21:01.416237 INFO::Fitting model to feature number 436, tyramine
2024-10-18 12:21:01.485704 INFO::Fitting model to feature number 437, tryptophan
2024-10-18 12:21:01.541067 INFO::Fitting model to feature number 438, tocopherol.gamma.
2024-10-18 12:21:01.598279 INFO::Fitting model to feature number 439, tocopherol.alpha.
2024-10-18 12:21:01.655102 INFO::Fitting model to feature number 440, thymidine.5.phosphate
2024-10-18 12:21:01.731113 INFO::Fitting model to feature number 441, thymidine
2024-10-18 12:21:01.787419 INFO::Fitting model to feature number 442, taurine
2024-10-18 12:21:01.848122 INFO::Fitting model to feature number 443, succinic.acid
2024-10-18 12:21:01.905824 INFO::Fitting model to feature number 444, suberic.acid
2024-10-18 12:21:01.975003 INFO::Fitting model to feature number 445, sinapinic.acid
2024-10-18 12:21:02.046461 INFO::Fitting model to feature number 446, shikimic.acid
2024-10-18 12:21:02.10356 INFO::Fitting model to feature number 447, serotonin
2024-10-18 12:21:02.165224 INFO::Fitting model to feature number 448, ribose
2024-10-18 12:21:02.259179 INFO::Fitting model to feature number 449, ribonic.acid
2024-10-18 12:21:02.316053 INFO::Fitting model to feature number 450, ribitol
2024-10-18 12:21:02.394846 INFO::Fitting model to feature number 451, quinolinic.acid
2024-10-18 12:21:02.46748 INFO::Fitting model to feature number 452, quinic.acid
2024-10-18 12:21:02.536514 INFO::Fitting model to feature number 453, putrescine
2024-10-18 12:21:02.593493 INFO::Fitting model to feature number 454, pseudo.uridine
2024-10-18 12:21:02.651015 INFO::Fitting model to feature number 455, piperidone
2024-10-18 12:21:02.721241 INFO::Fitting model to feature number 456, pimelic.acid
2024-10-18 12:21:02.792097 INFO::Fitting model to feature number 457, phosphoinositol
2024-10-18 12:21:02.862051 INFO::Fitting model to feature number 458, phosphate
2024-10-18 12:21:02.937095 INFO::Fitting model to feature number 459, phenylalanine
2024-10-18 12:21:03.00426 INFO::Fitting model to feature number 460, phenylacetic.acid
2024-10-18 12:21:03.060202 INFO::Fitting model to feature number 461, pelargonic.acid
2024-10-18 12:21:03.116452 INFO::Fitting model to feature number 462, parabanic.acid
2024-10-18 12:21:03.167986 INFO::Fitting model to feature number 463, panose
2024-10-18 12:21:03.27496 INFO::Fitting model to feature number 464, palmitoleic.acid
2024-10-18 12:21:03.353901 INFO::Fitting model to feature number 465, noradrenaline
2024-10-18 12:21:03.373171 WARNING::Fitting problem for feature 465 a warning was issued
2024-10-18 12:21:03.441406 INFO::Fitting model to feature number 466, nonadecanoic.acid
2024-10-18 12:21:03.501348 INFO::Fitting model to feature number 467, N.carbamylglutamate
2024-10-18 12:21:03.561907 INFO::Fitting model to feature number 468, N.alpha.acetyllysine
2024-10-18 12:21:03.632803 INFO::Fitting model to feature number 469, N.acetylputrescine
2024-10-18 12:21:03.689512 INFO::Fitting model to feature number 470, N.acetylneuraminic.acid
2024-10-18 12:21:03.752158 INFO::Fitting model to feature number 471, N.acetylglutamate
2024-10-18 12:21:03.828042 INFO::Fitting model to feature number 472, N.acetyl.D.mannosamine
2024-10-18 12:21:03.857882 WARNING::Fitting problem for feature 472 a warning was issued
2024-10-18 12:21:03.942929 INFO::Fitting model to feature number 473, N.acetylaspartic.acid
2024-10-18 12:21:04.025227 INFO::Fitting model to feature number 474, myristic.acid
2024-10-18 12:21:04.100068 INFO::Fitting model to feature number 475, montanic.acid
2024-10-18 12:21:04.15606 INFO::Fitting model to feature number 476, methyl.O.D.galactopyranoside
2024-10-18 12:21:04.211819 INFO::Fitting model to feature number 477, methoxytryptamine
2024-10-18 12:21:04.301016 INFO::Fitting model to feature number 478, methionine
2024-10-18 12:21:04.366519 INFO::Fitting model to feature number 479, methanolphosphate
2024-10-18 12:21:04.420885 INFO::Fitting model to feature number 480, maltotriose
2024-10-18 12:21:04.477907 INFO::Fitting model to feature number 481, malonamide
2024-10-18 12:21:04.532829 INFO::Fitting model to feature number 482, malic.acid
2024-10-18 12:21:04.588949 INFO::Fitting model to feature number 483, maleimide
2024-10-18 12:21:04.650644 INFO::Fitting model to feature number 484, maleic.acid
2024-10-18 12:21:04.718033 INFO::Fitting model to feature number 485, lyxitol
2024-10-18 12:21:04.77693 INFO::Fitting model to feature number 486, lithocholic.acid
2024-10-18 12:21:04.83688 INFO::Fitting model to feature number 487, linolenic.acid
2024-10-18 12:21:04.896525 INFO::Fitting model to feature number 488, lignoceric.acid
2024-10-18 12:21:04.95328 INFO::Fitting model to feature number 489, leucrose
2024-10-18 12:21:05.009728 INFO::Fitting model to feature number 490, lauric.acid
2024-10-18 12:21:05.06715 INFO::Fitting model to feature number 491, lactulose
2024-10-18 12:21:05.157662 INFO::Fitting model to feature number 492, lactose
2024-10-18 12:21:05.211985 INFO::Fitting model to feature number 493, lactic.acid
2024-10-18 12:21:05.268435 INFO::Fitting model to feature number 494, isothreonic.acid
2024-10-18 12:21:05.336872 INFO::Fitting model to feature number 495, isomyristic.acid
2024-10-18 12:21:05.392807 INFO::Fitting model to feature number 496, isoferulic.acid
2024-10-18 12:21:05.449509 INFO::Fitting model to feature number 497, isocholic.acid
2024-10-18 12:21:05.506188 INFO::Fitting model to feature number 498, inositol.4.monophosphate
2024-10-18 12:21:05.576298 INFO::Fitting model to feature number 499, inosine
2024-10-18 12:21:05.633649 INFO::Fitting model to feature number 500, indole.3.lactate
2024-10-18 12:21:05.689332 INFO::Fitting model to feature number 501, hypotaurine
2024-10-18 12:21:05.760198 INFO::Fitting model to feature number 502, homoserine
2024-10-18 12:21:05.822282 INFO::Fitting model to feature number 503, heptanoic.acid
2024-10-18 12:21:05.877702 INFO::Fitting model to feature number 504, guanosine
2024-10-18 12:21:05.931507 INFO::Fitting model to feature number 505, guanidinosuccinate
2024-10-18 12:21:05.987975 INFO::Fitting model to feature number 506, glycyl.tyrosine
2024-10-18 12:21:06.089174 INFO::Fitting model to feature number 507, glycine
2024-10-18 12:21:06.116353 WARNING::Fitting problem for feature 507 a warning was issued
2024-10-18 12:21:06.195396 INFO::Fitting model to feature number 508, glycerol.alpha.phosphate
2024-10-18 12:21:06.278283 INFO::Fitting model to feature number 509, glycerol.3.galactoside
2024-10-18 12:21:06.360808 INFO::Fitting model to feature number 510, glycerol
2024-10-18 12:21:06.428873 INFO::Fitting model to feature number 511, glyceric.acid
2024-10-18 12:21:06.500484 INFO::Fitting model to feature number 512, glutaric.acid
2024-10-18 12:21:06.578755 INFO::Fitting model to feature number 513, glucose.6.phosphate
2024-10-18 12:21:06.642759 INFO::Fitting model to feature number 514, glucose.1.phosphate
2024-10-18 12:21:06.707966 INFO::Fitting model to feature number 515, glucose
2024-10-18 12:21:06.772807 INFO::Fitting model to feature number 516, glucoheptulose
2024-10-18 12:21:06.837425 INFO::Fitting model to feature number 517, galacturonic.acid
2024-10-18 12:21:06.898808 INFO::Fitting model to feature number 518, galactose
2024-10-18 12:21:06.960546 INFO::Fitting model to feature number 519, galactinol
2024-10-18 12:21:07.013527 INFO::Fitting model to feature number 520, fumaric.acid
2024-10-18 12:21:07.113484 INFO::Fitting model to feature number 521, fructose.6.phosphate
2024-10-18 12:21:07.166323 INFO::Fitting model to feature number 522, fructose
2024-10-18 12:21:07.235534 INFO::Fitting model to feature number 523, ferulic.acid
2024-10-18 12:21:07.308425 INFO::Fitting model to feature number 524, ethanolamine
2024-10-18 12:21:07.38689 INFO::Fitting model to feature number 525, enolpyruvate
2024-10-18 12:21:07.462827 INFO::Fitting model to feature number 526, dihydrocholesterol
2024-10-18 12:21:07.52761 INFO::Fitting model to feature number 527, dihydro.3.coumaric.acid
2024-10-18 12:21:07.598002 INFO::Fitting model to feature number 528, digalacturonic.acid
2024-10-18 12:21:07.694168 INFO::Fitting model to feature number 529, cysteine
2024-10-18 12:21:07.799961 INFO::Fitting model to feature number 530, coprostan.3.one
2024-10-18 12:21:07.885272 INFO::Fitting model to feature number 531, citric.acid
2024-10-18 12:21:07.949911 INFO::Fitting model to feature number 532, cholic.acid
2024-10-18 12:21:08.021447 INFO::Fitting model to feature number 533, cholesterol
2024-10-18 12:21:08.087704 INFO::Fitting model to feature number 534, chenodeoxycholic.acid
2024-10-18 12:21:08.186275 INFO::Fitting model to feature number 535, cerotinic.acid
2024-10-18 12:21:08.246967 INFO::Fitting model to feature number 536, cellobiose
2024-10-18 12:21:08.305085 INFO::Fitting model to feature number 537, capric.acid
2024-10-18 12:21:08.361143 INFO::Fitting model to feature number 538, campesterol
2024-10-18 12:21:08.4328 INFO::Fitting model to feature number 539, cadaverine
2024-10-18 12:21:08.488126 INFO::Fitting model to feature number 540, butyrolactam
2024-10-18 12:21:08.542319 INFO::Fitting model to feature number 541, butylamine
2024-10-18 12:21:08.602361 INFO::Fitting model to feature number 542, biphenyl
2024-10-18 12:21:08.659742 INFO::Fitting model to feature number 543, beta.sitosterol
2024-10-18 12:21:08.683841 WARNING::Fitting problem for feature 543 a warning was issued
2024-10-18 12:21:08.758765 INFO::Fitting model to feature number 544, beta.glutamic.acid
2024-10-18 12:21:08.818165 INFO::Fitting model to feature number 545, beta.alanyl.lysine
2024-10-18 12:21:08.887239 INFO::Fitting model to feature number 546, beta.alanine
2024-10-18 12:21:08.954164 INFO::Fitting model to feature number 547, behenic.acid
2024-10-18 12:21:09.014719 INFO::Fitting model to feature number 548, azelaic.acid
2024-10-18 12:21:09.070848 INFO::Fitting model to feature number 549, asparagine
2024-10-18 12:21:09.167597 INFO::Fitting model to feature number 550, arachidic.acid
2024-10-18 12:21:09.229531 INFO::Fitting model to feature number 551, arabitol
2024-10-18 12:21:09.292279 INFO::Fitting model to feature number 552, anthranilic.acid
2024-10-18 12:21:09.355754 INFO::Fitting model to feature number 553, adipic.acid
2024-10-18 12:21:09.414436 INFO::Fitting model to feature number 554, adenosine
2024-10-18 12:21:09.476086 INFO::Fitting model to feature number 555, X6.deoxyglucose
2024-10-18 12:21:09.534801 INFO::Fitting model to feature number 556, X5.methoxytryptamine
2024-10-18 12:21:09.599275 INFO::Fitting model to feature number 557, X5.ketogluconate
2024-10-18 12:21:09.621992 WARNING::Fitting problem for feature 557 a warning was issued
2024-10-18 12:21:09.697727 INFO::Fitting model to feature number 558, X5.hydroxymethyl.2.furoic.acid
2024-10-18 12:21:09.764821 INFO::Fitting model to feature number 559, X5.aminovaleric.acid
2024-10-18 12:21:09.82625 INFO::Fitting model to feature number 560, X4.pyridoxic.acid
2024-10-18 12:21:09.890707 INFO::Fitting model to feature number 561, X4.hydroxyphenylacetic.acid
2024-10-18 12:21:09.970062 INFO::Fitting model to feature number 562, X4.hydroxybutyric.acid
2024-10-18 12:21:10.039732 INFO::Fitting model to feature number 563, X4..5.dihydroxy.7.glucosyloxyflavanone
2024-10-18 12:21:10.153407 INFO::Fitting model to feature number 564, X3.phenyllactic.acid
2024-10-18 12:21:10.22649 INFO::Fitting model to feature number 565, X3.hydroxyphenylacetic.acid
2024-10-18 12:21:10.286139 INFO::Fitting model to feature number 566, X3.hydroxypalmitic.acid
2024-10-18 12:21:10.357633 INFO::Fitting model to feature number 567, X3.hydroxy.3.methylglutaric.acid
2024-10-18 12:21:10.384808 WARNING::Fitting problem for feature 567 a warning was issued
2024-10-18 12:21:10.467622 INFO::Fitting model to feature number 568, X3.aminoisobutyric.acid
2024-10-18 12:21:10.549987 INFO::Fitting model to feature number 569, X3.6.anhydro.D.galactose
2024-10-18 12:21:10.606593 INFO::Fitting model to feature number 570, X3.4.dihydroxycinnamic.acid
2024-10-18 12:21:10.675419 INFO::Fitting model to feature number 571, X3..4.hydroxyphenyl.propionic.acid
2024-10-18 12:21:10.733833 INFO::Fitting model to feature number 572, X3..3.hydroxyphenyl.propionic.acid
2024-10-18 12:21:10.804996 INFO::Fitting model to feature number 573, X3..3.hydroxyphenyl..3.hydroxypropionic.acid
2024-10-18 12:21:10.887508 INFO::Fitting model to feature number 574, X2.ketoisocaproic.acid
2024-10-18 12:21:10.960164 INFO::Fitting model to feature number 575, X2.hydroxyisocaproic.acid
2024-10-18 12:21:11.026726 INFO::Fitting model to feature number 576, X2.hydroxyglutaric.acid
2024-10-18 12:21:11.092129 INFO::Fitting model to feature number 577, X2.deoxyuridine
2024-10-18 12:21:11.202225 INFO::Fitting model to feature number 578, X2.deoxytetronic.acid
2024-10-18 12:21:11.278221 INFO::Fitting model to feature number 579, X2..deoxyguanosine
2024-10-18 12:21:11.344079 INFO::Fitting model to feature number 580, X2.6.diaminopimelic.acid
2024-10-18 12:21:11.410178 INFO::Fitting model to feature number 581, X2.5.dihydroxypyrazine
2024-10-18 12:21:11.488895 INFO::Fitting model to feature number 582, X2.3.diaminopropionic.acid
2024-10-18 12:21:11.551188 INFO::Fitting model to feature number 583, X1.monopalmitin
2024-10-18 12:21:11.617281 INFO::Fitting model to feature number 584, X1.kestose
2024-10-18 12:21:11.68311 INFO::Fitting model to feature number 585, X1.3.diaminopropane
2024-10-18 12:21:11.754501 INFO::Fitting model to feature number 586, X1.2.4.benzenetriol
2024-10-18 12:21:11.823161 INFO::Fitting model to feature number 587, X.15.3..Anacardic.acid
2024-10-18 12:21:11.887434 INFO::Fitting model to feature number 588, X.9Z.12R..12.Hydroxyoctadec.9.enoic.acid
2024-10-18 12:21:11.952628 INFO::Fitting model to feature number 589, X.dehydro.ornithine
2024-10-18 12:21:12.008469 INFO::Fitting model to feature number 590, X.R..Butyrylcarnitine
2024-10-18 12:21:12.078787 INFO::Fitting model to feature number 591, X.S..1.Methylnicotinium
2024-10-18 12:21:12.142377 INFO::Fitting model to feature number 592, X.sulfanylsulfonyl.methane
2024-10-18 12:21:12.230765 INFO::Fitting model to feature number 593, X.Z..5.8.11.trihydroxyoctadec.9.enoic.acid
2024-10-18 12:21:12.283797 INFO::Fitting model to feature number 594, X1..1Z.Hexadecenyl..sn.glycero.3.phosphocholine
2024-10-18 12:21:12.354227 INFO::Fitting model to feature number 595, X1..1Z.Octadecenyl..sn.glycero.3.phosphocholine
2024-10-18 12:21:12.593919 INFO::Fitting model to feature number 596, X1..9Z.12Z.Octadecadienoyl.2.hydroxy.sn.glycero.3.phosphocholine
2024-10-18 12:21:12.713159 INFO::Fitting model to feature number 597, X1.2.Cyclohexanedione
2024-10-18 12:21:12.810778 INFO::Fitting model to feature number 598, X1.7.Dimethyluric.acid
2024-10-18 12:21:12.900497 INFO::Fitting model to feature number 599, X1.Hexadecyl.sn.glycero.3.phosphocholine
2024-10-18 12:21:12.96694 INFO::Fitting model to feature number 600, X1.Methylnicotinamide
2024-10-18 12:21:13.047562 INFO::Fitting model to feature number 601, X1.Methylpseudouridine
2024-10-18 12:21:13.127114 INFO::Fitting model to feature number 602, X1.Palmitoyl.2.hydroxy.sn.glycero.3.phospho..1..rac.glycerol.
2024-10-18 12:21:13.201526 INFO::Fitting model to feature number 603, X1.Palmitoyl.sn.glycero.3.phosphocholine
2024-10-18 12:21:13.262055 INFO::Fitting model to feature number 604, X1.Stearoyl.2.hydroxy.sn.glycero.3.phosphocholine
2024-10-18 12:21:13.327335 INFO::Fitting model to feature number 605, X1.Stearoyl.2.hydroxy.sn.glycero.3.phosphoethanolamine
2024-10-18 12:21:13.398098 INFO::Fitting model to feature number 606, X2..1.Methyl.1H.imidazol.5.yl.acetic.acid
2024-10-18 12:21:13.521649 INFO::Fitting model to feature number 607, X2..2.6.dimethylmorpholin.4.yl.ethanol
2024-10-18 12:21:13.602637 INFO::Fitting model to feature number 608, X2..n.ethyl.n.m.toluidino.ethanol
2024-10-18 12:21:13.690177 INFO::Fitting model to feature number 609, X2.6.dihydroxybenzoic.acid
2024-10-18 12:21:13.75787 INFO::Fitting model to feature number 610, X2.acetylpyrazine
2024-10-18 12:21:13.81822 INFO::Fitting model to feature number 611, X2.Amino.1.phenylethanol
2024-10-18 12:21:13.881843 INFO::Fitting model to feature number 612, X2.Amino.3.methoxybenzoic.acid
2024-10-18 12:21:13.954468 INFO::Fitting model to feature number 613, X2..Deoxycytidine
2024-10-18 12:21:14.035019 INFO::Fitting model to feature number 614, X2..Deoxycytidine.1
2024-10-18 12:21:14.106176 INFO::Fitting model to feature number 615, X2..Deoxyguanosine.5..monophosphate
2024-10-18 12:21:14.187587 INFO::Fitting model to feature number 616, X2..Deoxyinosine
2024-10-18 12:21:14.252585 INFO::Fitting model to feature number 617, X2.Hydroxy.4.methylpentanoic.acid
2024-10-18 12:21:14.325032 INFO::Fitting model to feature number 618, X2.Hydroxybenzaldehyde
2024-10-18 12:21:14.398932 INFO::Fitting model to feature number 619, X2.hydroxybutyric.acid
2024-10-18 12:21:14.461652 INFO::Fitting model to feature number 620, X2.hydroxypalmitic.acid
2024-10-18 12:21:14.521451 INFO::Fitting model to feature number 621, X2.Hydroxyphenethyl.alcohol
2024-10-18 12:21:14.620019 INFO::Fitting model to feature number 622, X2.Isopropylmalic.acid
2024-10-18 12:21:14.688219 INFO::Fitting model to feature number 623, X2.Methyl.N..4.Methylphenyl.alanine
2024-10-18 12:21:14.753512 INFO::Fitting model to feature number 624, X2.phenylmalonaldehyde
2024-10-18 12:21:14.839983 INFO::Fitting model to feature number 625, X2.Pyridone
2024-10-18 12:21:14.906007 INFO::Fitting model to feature number 626, X3..1.Methyl.1H.pyrazol.5.yl.propanoic.acid
2024-10-18 12:21:14.973492 INFO::Fitting model to feature number 627, X3..1.Pyrazolyl..alanine
2024-10-18 12:21:15.031325 INFO::Fitting model to feature number 628, X3..3.Hydroxyphenyl.propionic.acid
2024-10-18 12:21:15.095473 INFO::Fitting model to feature number 629, X3..5..2.Methylpropyl..3.6.dioxopiperazin.2.yl.propanoic.acid
2024-10-18 12:21:15.164259 INFO::Fitting model to feature number 630, X3.beta.allopregnanolone.sulfate
2024-10-18 12:21:15.241581 INFO::Fitting model to feature number 631, X3.cyanocoumarin
2024-10-18 12:21:15.32472 INFO::Fitting model to feature number 632, X3.Deoxyuridine
2024-10-18 12:21:15.407974 INFO::Fitting model to feature number 633, X3.hydroxybutyrylcarnitine
2024-10-18 12:21:15.464749 INFO::Fitting model to feature number 634, X3.Hydroxymorphinan
2024-10-18 12:21:15.543988 INFO::Fitting model to feature number 635, X3.Hydroxyvaleric.acid
2024-10-18 12:21:15.656918 INFO::Fitting model to feature number 636, X3.Methyl.gamma.butyrolactone
2024-10-18 12:21:15.72561 INFO::Fitting model to feature number 637, X3.Methylhistidine
2024-10-18 12:21:15.750065 WARNING::Fitting problem for feature 637 a warning was issued
2024-10-18 12:21:15.826119 INFO::Fitting model to feature number 638, X3.Methylxanthine
2024-10-18 12:21:15.892906 INFO::Fitting model to feature number 639, X3.oxocholic.acid
2024-10-18 12:21:15.960241 INFO::Fitting model to feature number 640, X4.Acetamidobutyric.acid
2024-10-18 12:21:16.048513 INFO::Fitting model to feature number 641, X4.Amino.2.methyl.5.pyrimidinemethanol
2024-10-18 12:21:16.13661 INFO::Fitting model to feature number 642, X4.Aminomethylcyclohexanecarboxylic.acid
2024-10-18 12:21:16.214683 INFO::Fitting model to feature number 643, X4.aminosalicylic.acid
2024-10-18 12:21:16.295037 INFO::Fitting model to feature number 644, X4.Hydroxymandelonitrile
2024-10-18 12:21:16.374568 INFO::Fitting model to feature number 645, X4.Methyl.5.thiazoleethanol
2024-10-18 12:21:16.447097 INFO::Fitting model to feature number 646, X4.Pentylaniline
2024-10-18 12:21:16.523231 INFO::Fitting model to feature number 647, X4.Trimethylammoniobutanoic.acid
2024-10-18 12:21:16.605663 INFO::Fitting model to feature number 648, X5.Acetylamino.6.amino.3.methyluracil
2024-10-18 12:21:16.6812 INFO::Fitting model to feature number 649, X5.Aminosalicylic.acid
2024-10-18 12:21:16.806824 INFO::Fitting model to feature number 650, X5.beta.androstan.3.alpha.ol.17.one.sulfate
2024-10-18 12:21:16.866459 INFO::Fitting model to feature number 651, X5.hydroxyindoleacetate
2024-10-18 12:21:16.928187 INFO::Fitting model to feature number 652, X5.Hydroxymethylcytidine
2024-10-18 12:21:17.012733 INFO::Fitting model to feature number 653, X5.Methylcytidine
2024-10-18 12:21:17.0982 INFO::Fitting model to feature number 654, X5..Methylthioadenosine
2024-10-18 12:21:17.184359 INFO::Fitting model to feature number 655, X6.7.Dihydroxycoumarin
2024-10-18 12:21:17.259613 INFO::Fitting model to feature number 656, X6.Aminoindazole
2024-10-18 12:21:17.336341 INFO::Fitting model to feature number 657, X6H.2.Benzopyran.6.one..5.chloro.3..3.4.dihydroxy.3.5.dimethyl.1.hepten.1.yl..7.8.dihydro.7.8.dihydroxy.7.methyl.
2024-10-18 12:21:17.356582 WARNING::Fitting problem for feature 657 a warning was issued
2024-10-18 12:21:17.428483 INFO::Fitting model to feature number 658, X7.Keto.3alpha.12.alpha.dihydroxycholanic.acid
2024-10-18 12:21:17.505488 INFO::Fitting model to feature number 659, X7.Methylguanine
2024-10-18 12:21:17.588528 INFO::Fitting model to feature number 660, X8.Oxo.2.deoxyadenosine
2024-10-18 12:21:17.663464 INFO::Fitting model to feature number 661, X9.10.dihydroxystearic.acid
2024-10-18 12:21:17.745129 INFO::Fitting model to feature number 662, Acetaminophen.sulfate
2024-10-18 12:21:17.813903 INFO::Fitting model to feature number 663, Acetylcarnitine
2024-10-18 12:21:17.942758 INFO::Fitting model to feature number 664, Adenine
2024-10-18 12:21:18.010812 INFO::Fitting model to feature number 665, adenosine.1
2024-10-18 12:21:18.073567 INFO::Fitting model to feature number 666, Agmatine
2024-10-18 12:21:18.140817 INFO::Fitting model to feature number 667, Ala.Ala
2024-10-18 12:21:18.211534 INFO::Fitting model to feature number 668, Ala.Ala.Lys
2024-10-18 12:21:18.287 INFO::Fitting model to feature number 669, Ala.Arg
2024-10-18 12:21:18.366599 INFO::Fitting model to feature number 670, Ala.Gln
2024-10-18 12:21:18.451839 INFO::Fitting model to feature number 671, Ala.His
2024-10-18 12:21:18.517399 INFO::Fitting model to feature number 672, Ala.Ile.Arg
2024-10-18 12:21:18.586557 INFO::Fitting model to feature number 673, Ala.Lys
2024-10-18 12:21:18.660146 INFO::Fitting model to feature number 674, Ala.Phe
2024-10-18 12:21:18.7399 INFO::Fitting model to feature number 675, ala.pro
2024-10-18 12:21:18.825464 INFO::Fitting model to feature number 676, Ala.Thr
2024-10-18 12:21:18.893341 INFO::Fitting model to feature number 677, Ala.Trp
2024-10-18 12:21:18.975097 INFO::Fitting model to feature number 678, Ala.Val.Lys
2024-10-18 12:21:19.088537 INFO::Fitting model to feature number 679, alpha.Galactosamine.1.phosphate
2024-10-18 12:21:19.149909 INFO::Fitting model to feature number 680, aminocarnitine
2024-10-18 12:21:19.23172 INFO::Fitting model to feature number 681, Arabitol
2024-10-18 12:21:19.294253 INFO::Fitting model to feature number 682, Arg.Gly
2024-10-18 12:21:19.361782 INFO::Fitting model to feature number 683, Arginine
2024-10-18 12:21:19.443552 INFO::Fitting model to feature number 684, arg.pro
2024-10-18 12:21:19.527099 INFO::Fitting model to feature number 685, Arg.Thr
2024-10-18 12:21:19.606298 INFO::Fitting model to feature number 686, Arg.Trp
2024-10-18 12:21:19.681471 INFO::Fitting model to feature number 687, Asn.Arg
2024-10-18 12:21:19.746442 INFO::Fitting model to feature number 688, Asn.Asn
2024-10-18 12:21:19.80879 INFO::Fitting model to feature number 689, Asn.Glu
2024-10-18 12:21:19.883842 INFO::Fitting model to feature number 690, Asn.Tyr
2024-10-18 12:21:19.956162 INFO::Fitting model to feature number 691, Asp.Arg
2024-10-18 12:21:20.029033 INFO::Fitting model to feature number 692, Aspartic.acid
2024-10-18 12:21:20.125974 INFO::Fitting model to feature number 693, Asp.Leu.Lys
2024-10-18 12:21:20.185736 INFO::Fitting model to feature number 694, Asp.Lys
2024-10-18 12:21:20.257231 INFO::Fitting model to feature number 695, Asp.Phe
2024-10-18 12:21:20.33042 INFO::Fitting model to feature number 696, Asp.Tyr
2024-10-18 12:21:20.38944 INFO::Fitting model to feature number 697, Azithromycin
2024-10-18 12:21:20.448512 INFO::Fitting model to feature number 698, beta.homoleucine
2024-10-18 12:21:20.521971 INFO::Fitting model to feature number 699, Betaine
2024-10-18 12:21:20.58434 INFO::Fitting model to feature number 700, Betaine.aldehyde
2024-10-18 12:21:20.64905 INFO::Fitting model to feature number 701, Biliverdin
2024-10-18 12:21:20.717508 INFO::Fitting model to feature number 702, Blood.Group.A.Tetrasaccharide
2024-10-18 12:21:20.782397 INFO::Fitting model to feature number 703, cadaverine.1
2024-10-18 12:21:20.85926 INFO::Fitting model to feature number 704, Caffeic.acid
2024-10-18 12:21:20.923557 INFO::Fitting model to feature number 705, cAMP
2024-10-18 12:21:20.998102 INFO::Fitting model to feature number 706, carnitine
2024-10-18 12:21:21.056998 INFO::Fitting model to feature number 707, carnosine
2024-10-18 12:21:21.189347 INFO::Fitting model to feature number 708, Catechol
2024-10-18 12:21:21.251492 INFO::Fitting model to feature number 709, chenodeoxycholic.acid.1
2024-10-18 12:21:21.311299 INFO::Fitting model to feature number 710, cholesterol.3.sulfate....1046
2024-10-18 12:21:21.383654 INFO::Fitting model to feature number 711, Cholic.acid
2024-10-18 12:21:21.455014 INFO::Fitting model to feature number 712, Choline
2024-10-18 12:21:21.515138 INFO::Fitting model to feature number 713, citrulline
2024-10-18 12:21:21.575924 INFO::Fitting model to feature number 714, Cortisone
2024-10-18 12:21:21.640003 INFO::Fitting model to feature number 715, Cortodoxone
2024-10-18 12:21:21.715359 INFO::Fitting model to feature number 716, Creatine
2024-10-18 12:21:21.790154 INFO::Fitting model to feature number 717, Cysteic.Acid
2024-10-18 12:21:21.865106 INFO::Fitting model to feature number 718, cysteine.S.sulfate
2024-10-18 12:21:21.927397 INFO::Fitting model to feature number 719, Cytidine
2024-10-18 12:21:21.989432 INFO::Fitting model to feature number 720, Daidzein
2024-10-18 12:21:22.050964 INFO::Fitting model to feature number 721, decanedioic.acid
2024-10-18 12:21:22.151285 INFO::Fitting model to feature number 722, dehydroepiandrosterone.sulfate
2024-10-18 12:21:22.214094 INFO::Fitting model to feature number 723, delta.Hydroxylysine
2024-10-18 12:21:22.278038 INFO::Fitting model to feature number 724, deoxycarnitine
2024-10-18 12:21:22.352248 INFO::Fitting model to feature number 725, Deoxycholate
2024-10-18 12:21:22.425679 INFO::Fitting model to feature number 726, deprenyl
2024-10-18 12:21:22.490063 INFO::Fitting model to feature number 727, D.erythro.N.stearoylsphingosine
2024-10-18 12:21:22.557155 INFO::Fitting model to feature number 728, Desloratadine
2024-10-18 12:21:22.631379 INFO::Fitting model to feature number 729, dibenzylamine
2024-10-18 12:21:22.69663 INFO::Fitting model to feature number 730, Dihydrosphingosine
2024-10-18 12:21:22.774568 INFO::Fitting model to feature number 731, DL.Octopamine
2024-10-18 12:21:22.839064 INFO::Fitting model to feature number 732, docosahexaenoic.acid
2024-10-18 12:21:22.902644 INFO::Fitting model to feature number 733, Docosatetraenoic.acid
2024-10-18 12:21:22.968258 INFO::Fitting model to feature number 734, D.Pyroglutamic.acid
2024-10-18 12:21:23.044034 INFO::Fitting model to feature number 735, Eicosenoic.acid
2024-10-18 12:21:23.117603 INFO::Fitting model to feature number 736, E.N.Deoxyfructosyllysine
2024-10-18 12:21:23.215557 INFO::Fitting model to feature number 737, ethanolamine.1
2024-10-18 12:21:23.276532 INFO::Fitting model to feature number 738, Ethyl..4.amino.1.piperidinyl.acetate
2024-10-18 12:21:23.34025 INFO::Fitting model to feature number 739, Ferulic.acid
2024-10-18 12:21:23.419391 INFO::Fitting model to feature number 740, Galacto.N.biose
2024-10-18 12:21:23.495673 INFO::Fitting model to feature number 741, gamma.aminobutyric.acid
2024-10-18 12:21:23.56933 INFO::Fitting model to feature number 742, gamma.Glutamylmethionine
2024-10-18 12:21:23.631188 INFO::Fitting model to feature number 743, gamma.linolenic.acid
2024-10-18 12:21:23.696419 INFO::Fitting model to feature number 744, Gln.Ala
2024-10-18 12:21:23.750547 INFO::Fitting model to feature number 745, Gln.Arg
2024-10-18 12:21:23.80724 INFO::Fitting model to feature number 746, Gln.Glu
2024-10-18 12:21:23.893976 INFO::Fitting model to feature number 747, Gln.Leu.Lys
2024-10-18 12:21:23.982741 INFO::Fitting model to feature number 748, Gln.Met
2024-10-18 12:21:24.06219 INFO::Fitting model to feature number 749, Gln.Phe
2024-10-18 12:21:24.135156 INFO::Fitting model to feature number 750, Gln.Pro
2024-10-18 12:21:24.273355 INFO::Fitting model to feature number 751, Gln.Tyr
2024-10-18 12:21:24.362511 INFO::Fitting model to feature number 752, Glu.Ala.Lys
2024-10-18 12:21:24.441801 INFO::Fitting model to feature number 753, Glucosamine.6.phosphate
2024-10-18 12:21:24.503839 INFO::Fitting model to feature number 754, Glu.Glu
2024-10-18 12:21:24.572041 INFO::Fitting model to feature number 755, Glu.Gly
2024-10-18 12:21:24.645508 INFO::Fitting model to feature number 756, Glu.His
2024-10-18 12:21:24.717453 INFO::Fitting model to feature number 757, Glu.Ile.Lys
2024-10-18 12:21:24.782332 INFO::Fitting model to feature number 758, glutamic.acid
2024-10-18 12:21:24.839469 INFO::Fitting model to feature number 759, Glutamine
2024-10-18 12:21:24.895851 INFO::Fitting model to feature number 760, Glu.Val.Phe
2024-10-18 12:21:24.95269 INFO::Fitting model to feature number 761, Gly.Asn
2024-10-18 12:21:25.00906 INFO::Fitting model to feature number 762, Gly.Asp
2024-10-18 12:21:25.068089 INFO::Fitting model to feature number 763, glycerophosphocholine
2024-10-18 12:21:25.125728 INFO::Fitting model to feature number 764, glycine.1
2024-10-18 12:21:25.188962 INFO::Fitting model to feature number 765, Glycitein
2024-10-18 12:21:25.285032 INFO::Fitting model to feature number 766, glycocholic.acid
2024-10-18 12:21:25.351156 INFO::Fitting model to feature number 767, Gly.Glu
2024-10-18 12:21:25.417569 INFO::Fitting model to feature number 768, Gly.His
2024-10-18 12:21:25.482313 INFO::Fitting model to feature number 769, Gly.Ile
2024-10-18 12:21:25.54434 INFO::Fitting model to feature number 770, Gly.Ile.Lys
2024-10-18 12:21:25.609122 INFO::Fitting model to feature number 771, Gly.Met
2024-10-18 12:21:25.672964 INFO::Fitting model to feature number 772, Gly.Phe
2024-10-18 12:21:25.727429 INFO::Fitting model to feature number 773, Gly.Pro
2024-10-18 12:21:25.784217 INFO::Fitting model to feature number 774, Gly.Val.Lys
2024-10-18 12:21:25.840371 INFO::Fitting model to feature number 775, guanidinosuccinate.1
2024-10-18 12:21:25.913396 INFO::Fitting model to feature number 776, Guanine
2024-10-18 12:21:25.978603 INFO::Fitting model to feature number 777, Guanosine
2024-10-18 12:21:26.043068 INFO::Fitting model to feature number 778, His.Ala
2024-10-18 12:21:26.10638 INFO::Fitting model to feature number 779, His.Gln
2024-10-18 12:21:26.200574 INFO::Fitting model to feature number 780, his.ile
2024-10-18 12:21:26.318417 INFO::Fitting model to feature number 781, His.Leu
2024-10-18 12:21:26.385581 INFO::Fitting model to feature number 782, His.Ser
2024-10-18 12:21:26.444387 INFO::Fitting model to feature number 783, Histamine
2024-10-18 12:21:26.511196 INFO::Fitting model to feature number 784, His.Thr
2024-10-18 12:21:26.566223 INFO::Fitting model to feature number 785, histidine
2024-10-18 12:21:26.631861 INFO::Fitting model to feature number 786, His.Tyr
2024-10-18 12:21:26.704509 INFO::Fitting model to feature number 787, His.Val
2024-10-18 12:21:26.769374 INFO::Fitting model to feature number 788, Homarine
2024-10-18 12:21:26.832656 INFO::Fitting model to feature number 789, Hypoxanthine
2024-10-18 12:21:26.902311 INFO::Fitting model to feature number 790, Ile.Ala
2024-10-18 12:21:26.960536 INFO::Fitting model to feature number 791, Ile.Arg
2024-10-18 12:21:27.01633 INFO::Fitting model to feature number 792, Ile.Gln
2024-10-18 12:21:27.088559 INFO::Fitting model to feature number 793, Ile.Glu
2024-10-18 12:21:27.205838 INFO::Fitting model to feature number 794, Ile.Phe
2024-10-18 12:21:27.356094 INFO::Fitting model to feature number 795, Ile.Pro
2024-10-18 12:21:27.436798 INFO::Fitting model to feature number 796, Ile.Ser
2024-10-18 12:21:27.530956 INFO::Fitting model to feature number 797, Ile.Thr
2024-10-18 12:21:27.635427 INFO::Fitting model to feature number 798, Ile.Trp
2024-10-18 12:21:27.718781 INFO::Fitting model to feature number 799, Ile.Val
2024-10-18 12:21:27.7879 INFO::Fitting model to feature number 800, Ile.Val.Arg
2024-10-18 12:21:27.848905 INFO::Fitting model to feature number 801, Indole.3.carboxaldehyde
2024-10-18 12:21:27.911735 INFO::Fitting model to feature number 802, Inosine
2024-10-18 12:21:27.977906 INFO::Fitting model to feature number 803, isethionate
2024-10-18 12:21:28.048333 INFO::Fitting model to feature number 804, Isoleucine
2024-10-18 12:21:28.108645 INFO::Fitting model to feature number 805, Isorhamnetin.3.O.rutinoside
2024-10-18 12:21:28.174761 INFO::Fitting model to feature number 806, Ketoisovaleric.acid
2024-10-18 12:21:28.235486 INFO::Fitting model to feature number 807, Kynurenic.acid
2024-10-18 12:21:28.304776 INFO::Fitting model to feature number 808, L.Arginine..methyl.ester
2024-10-18 12:21:28.431989 INFO::Fitting model to feature number 809, Lauroyl.L.carnitine
2024-10-18 12:21:28.496448 INFO::Fitting model to feature number 810, Leu.Asn
2024-10-18 12:21:28.570487 INFO::Fitting model to feature number 811, Leucine
2024-10-18 12:21:28.630978 INFO::Fitting model to feature number 812, leucyl.leucine
2024-10-18 12:21:28.706579 INFO::Fitting model to feature number 813, Leu.Gly.Leu
2024-10-18 12:21:28.770077 INFO::Fitting model to feature number 814, Leu.His
2024-10-18 12:21:28.842358 INFO::Fitting model to feature number 815, Leu.Leu
2024-10-18 12:21:28.910235 INFO::Fitting model to feature number 816, Leu.Met
2024-10-18 12:21:28.973001 INFO::Fitting model to feature number 817, Leu.Phe
2024-10-18 12:21:29.045642 INFO::Fitting model to feature number 818, Leu.Thr
2024-10-18 12:21:29.119459 INFO::Fitting model to feature number 819, Leu.Trp
2024-10-18 12:21:29.191454 INFO::Fitting model to feature number 820, Leu.Val.Lys
2024-10-18 12:21:29.269845 INFO::Fitting model to feature number 821, Linoleoyl.ethanolamide
2024-10-18 12:21:29.336649 INFO::Fitting model to feature number 822, LPA.16.0
2024-10-18 12:21:29.404605 INFO::Fitting model to feature number 823, LPC.12.0
2024-10-18 12:21:29.532989 INFO::Fitting model to feature number 824, LPC.15.0
2024-10-18 12:21:29.60824 INFO::Fitting model to feature number 825, LPC.16.0
2024-10-18 12:21:29.682833 INFO::Fitting model to feature number 826, LPC.18.0....1185
2024-10-18 12:21:29.755093 INFO::Fitting model to feature number 827, LPC.18.1.Isomer.B
2024-10-18 12:21:29.843115 INFO::Fitting model to feature number 828, LPC.O.16.1....1188
2024-10-18 12:21:29.90906 INFO::Fitting model to feature number 829, LPE.16.0....1189
2024-10-18 12:21:29.97391 INFO::Fitting model to feature number 830, LPE.O.16.1
2024-10-18 12:21:30.058762 INFO::Fitting model to feature number 831, LPI.18.0
2024-10-18 12:21:30.139587 INFO::Fitting model to feature number 832, L.Saccharopine
2024-10-18 12:21:30.220641 INFO::Fitting model to feature number 833, Lys.Asp
2024-10-18 12:21:30.281647 INFO::Fitting model to feature number 834, Lys.Gly
2024-10-18 12:21:30.345829 INFO::Fitting model to feature number 835, lysine
2024-10-18 12:21:30.424138 INFO::Fitting model to feature number 836, Lys.Phe
2024-10-18 12:21:30.502131 INFO::Fitting model to feature number 837, Lys.Pro
2024-10-18 12:21:30.61559 INFO::Fitting model to feature number 838, Lys.Ser
2024-10-18 12:21:30.678411 INFO::Fitting model to feature number 839, Lys.Val
2024-10-18 12:21:30.742846 INFO::Fitting model to feature number 840, Malonic.acid
2024-10-18 12:21:30.818988 INFO::Fitting model to feature number 841, Mandelic.acid
2024-10-18 12:21:30.886747 INFO::Fitting model to feature number 842, Mannitol
2024-10-18 12:21:30.954732 INFO::Fitting model to feature number 843, Melatonin
2024-10-18 12:21:31.02919 INFO::Fitting model to feature number 844, Met.Ala
2024-10-18 12:21:31.091322 INFO::Fitting model to feature number 845, Met.Arg
2024-10-18 12:21:31.152106 INFO::Fitting model to feature number 846, Met.Asp
2024-10-18 12:21:31.213251 INFO::Fitting model to feature number 847, Met.Glu
2024-10-18 12:21:31.279096 INFO::Fitting model to feature number 848, Methacholine
2024-10-18 12:21:31.356498 INFO::Fitting model to feature number 849, Methionine
2024-10-18 12:21:31.428276 INFO::Fitting model to feature number 850, methionine.sulfone
2024-10-18 12:21:31.487831 INFO::Fitting model to feature number 851, methionine.sulfoxide
2024-10-18 12:21:31.556477 INFO::Fitting model to feature number 852, Met.His
2024-10-18 12:21:31.668755 INFO::Fitting model to feature number 853, Methohexital
2024-10-18 12:21:31.749271 INFO::Fitting model to feature number 854, Methyl.beta.galactopyranoside
2024-10-18 12:21:31.810168 INFO::Fitting model to feature number 855, methylglyoxal.derived.hydroimidazolone
2024-10-18 12:21:31.875434 INFO::Fitting model to feature number 856, Met.Lys
2024-10-18 12:21:31.949311 INFO::Fitting model to feature number 857, Met.Met
2024-10-18 12:21:32.022867 INFO::Fitting model to feature number 858, Met.Thr
2024-10-18 12:21:32.08449 INFO::Fitting model to feature number 859, Met.Val
2024-10-18 12:21:32.147664 INFO::Fitting model to feature number 860, myo.inositol
2024-10-18 12:21:32.248331 INFO::Fitting model to feature number 861, Myristoyl.L.carnitine
2024-10-18 12:21:32.347098 INFO::Fitting model to feature number 862, N..2.6.dimethylphenyl..2.hydroxyacetamide
2024-10-18 12:21:32.430796 INFO::Fitting model to feature number 863, N..5.acetamidopentyl.acetamide
2024-10-18 12:21:32.506601 INFO::Fitting model to feature number 864, N.N..Diacetylcystine
2024-10-18 12:21:32.585012 INFO::Fitting model to feature number 865, N.N.epsiloN.dimethyl.lysine
2024-10-18 12:21:32.652117 INFO::Fitting model to feature number 866, N2.acetyl.histidine
2024-10-18 12:21:32.754556 INFO::Fitting model to feature number 867, N8.acetylspermidine
2024-10-18 12:21:32.819873 INFO::Fitting model to feature number 868, N.acetylarginine
2024-10-18 12:21:32.88044 INFO::Fitting model to feature number 869, N.Acetyl.D.proline
2024-10-18 12:21:32.94945 INFO::Fitting model to feature number 870, N.Acetylglucosamine
2024-10-18 12:21:33.009892 INFO::Fitting model to feature number 871, N..Acetylisonicotinohydrazide
2024-10-18 12:21:33.081457 INFO::Fitting model to feature number 872, N.Acetylputrescine
2024-10-18 12:21:33.14114 INFO::Fitting model to feature number 873, N.Acetylserine
2024-10-18 12:21:33.211189 INFO::Fitting model to feature number 874, N.alpha.methylhistamine
2024-10-18 12:21:33.285164 INFO::Fitting model to feature number 875, N.Carboxyethyl.gamma.aminobutyric.acid
2024-10-18 12:21:33.306338 WARNING::Fitting problem for feature 875 a warning was issued
2024-10-18 12:21:33.371851 INFO::Fitting model to feature number 876, Neohesperidin
2024-10-18 12:21:33.43891 INFO::Fitting model to feature number 877, Nervonic.acid
2024-10-18 12:21:33.51311 INFO::Fitting model to feature number 878, N.Formylmethionine
2024-10-18 12:21:33.578342 INFO::Fitting model to feature number 879, N.fructosyl.isoleucine
2024-10-18 12:21:33.647218 INFO::Fitting model to feature number 880, Nicotinamide.riboside
2024-10-18 12:21:33.71139 INFO::Fitting model to feature number 881, Nicotinic.acid
2024-10-18 12:21:33.81745 INFO::Fitting model to feature number 882, N.Isobutyrylglycine
2024-10-18 12:21:33.880957 INFO::Fitting model to feature number 883, N.Methylanthranilic.acid
2024-10-18 12:21:33.941793 INFO::Fitting model to feature number 884, N.Methylglutamic.acid
2024-10-18 12:21:34.005423 INFO::Fitting model to feature number 885, N.Methylproline
2024-10-18 12:21:34.072672 INFO::Fitting model to feature number 886, N.Methylthreonine
2024-10-18 12:21:34.145722 INFO::Fitting model to feature number 887, N.Methyltyrosine
2024-10-18 12:21:34.218163 INFO::Fitting model to feature number 888, N.nitroimidazolidi.N.2.imine
2024-10-18 12:21:34.293373 INFO::Fitting model to feature number 889, N.nitrosopyrrolidine
2024-10-18 12:21:34.368551 INFO::Fitting model to feature number 890, N.omega.Acetylhistamine
2024-10-18 12:21:34.445592 INFO::Fitting model to feature number 891, Octadecanedioic.acid
2024-10-18 12:21:34.523489 INFO::Fitting model to feature number 892, Octopine
2024-10-18 12:21:34.605389 INFO::Fitting model to feature number 893, Oleoyl.L.carnitine
2024-10-18 12:21:34.68859 INFO::Fitting model to feature number 894, O.Phosphocholine
2024-10-18 12:21:34.75485 INFO::Fitting model to feature number 895, ornithine....1268
2024-10-18 12:21:34.868138 INFO::Fitting model to feature number 896, Palmitoylcarnitine
2024-10-18 12:21:34.928011 INFO::Fitting model to feature number 897, Pantothenic.acid
2024-10-18 12:21:35.001711 INFO::Fitting model to feature number 898, Pantothenic.acid.1
2024-10-18 12:21:35.074378 INFO::Fitting model to feature number 899, p.coumaric.acid
2024-10-18 12:21:35.135942 INFO::Fitting model to feature number 900, Phe.Ala
2024-10-18 12:21:35.19703 INFO::Fitting model to feature number 901, phe.arg
2024-10-18 12:21:35.262985 INFO::Fitting model to feature number 902, Phe.Asn
2024-10-18 12:21:35.340607 INFO::Fitting model to feature number 903, Phe.Glu
2024-10-18 12:21:35.41409 INFO::Fitting model to feature number 904, Phe.His
2024-10-18 12:21:35.480955 INFO::Fitting model to feature number 905, Phe.Lys
2024-10-18 12:21:35.550915 INFO::Fitting model to feature number 906, phenylacetylglycine
2024-10-18 12:21:35.630844 INFO::Fitting model to feature number 907, Phenylalanine
2024-10-18 12:21:35.701572 INFO::Fitting model to feature number 908, Phe.Thr
2024-10-18 12:21:35.778834 INFO::Fitting model to feature number 909, Phe.Tyr
2024-10-18 12:21:35.859003 INFO::Fitting model to feature number 910, Phe.Val
2024-10-18 12:21:35.984683 INFO::Fitting model to feature number 911, Pipecolic.acid
2024-10-18 12:21:36.059137 INFO::Fitting model to feature number 912, piperine
2024-10-18 12:21:36.137523 INFO::Fitting model to feature number 913, Pro.Asp
2024-10-18 12:21:36.207146 INFO::Fitting model to feature number 914, pro.gly
2024-10-18 12:21:36.277914 INFO::Fitting model to feature number 915, Pro.Ile
2024-10-18 12:21:36.354334 INFO::Fitting model to feature number 916, Proline
2024-10-18 12:21:36.436293 INFO::Fitting model to feature number 917, Pro.Phe
2024-10-18 12:21:36.526603 INFO::Fitting model to feature number 918, Pro.Pro
2024-10-18 12:21:36.616317 INFO::Fitting model to feature number 919, Pro.Ser
2024-10-18 12:21:36.70302 INFO::Fitting model to feature number 920, Pro.Thr
2024-10-18 12:21:36.782927 INFO::Fitting model to feature number 921, Pseudouridine
2024-10-18 12:21:36.86222 INFO::Fitting model to feature number 922, putrescine.1
2024-10-18 12:21:36.941022 INFO::Fitting model to feature number 923, Pyridoxamine
2024-10-18 12:21:37.014932 INFO::Fitting model to feature number 924, pyrrolidine
2024-10-18 12:21:37.14788 INFO::Fitting model to feature number 925, pyruvic.acid...1307
2024-10-18 12:21:37.226767 INFO::Fitting model to feature number 926, quinaldic.acid
2024-10-18 12:21:37.304332 INFO::Fitting model to feature number 927, riboflavin
2024-10-18 12:21:37.379436 INFO::Fitting model to feature number 928, Rosmarinic.acid
2024-10-18 12:21:37.448563 INFO::Fitting model to feature number 929, S.Adenosyl.L.methionine
2024-10-18 12:21:37.523027 INFO::Fitting model to feature number 930, salicylamide
2024-10-18 12:21:37.60687 INFO::Fitting model to feature number 931, SDMA
2024-10-18 12:21:37.695215 INFO::Fitting model to feature number 932, sedoheptulose
2024-10-18 12:21:37.7774 INFO::Fitting model to feature number 933, Ser.Asp
2024-10-18 12:21:37.841913 INFO::Fitting model to feature number 934, serine....1320
2024-10-18 12:21:37.915609 INFO::Fitting model to feature number 935, Ser.Lys
2024-10-18 12:21:37.98161 INFO::Fitting model to feature number 936, ser.pro
2024-10-18 12:21:38.046384 INFO::Fitting model to feature number 937, Ser.Thr
2024-10-18 12:21:38.119856 INFO::Fitting model to feature number 938, Ser.Val
2024-10-18 12:21:38.198096 INFO::Fitting model to feature number 939, SM.22.1.2O.12.0
2024-10-18 12:21:38.33652 INFO::Fitting model to feature number 940, SPERMIDINE
2024-10-18 12:21:38.415875 INFO::Fitting model to feature number 941, Stercobilin
2024-10-18 12:21:38.493671 INFO::Fitting model to feature number 942, sulfochenodeoxycholic.acid
2024-10-18 12:21:38.570623 INFO::Fitting model to feature number 943, sulfolithocholic.acid
2024-10-18 12:21:38.657551 INFO::Fitting model to feature number 944, Tagatose
2024-10-18 12:21:38.733794 INFO::Fitting model to feature number 945, Taurine
2024-10-18 12:21:38.814775 INFO::Fitting model to feature number 946, Taurocholic.acid
2024-10-18 12:21:38.898322 INFO::Fitting model to feature number 947, Tauromuricholic.acid
2024-10-18 12:21:38.978114 INFO::Fitting model to feature number 948, Thiamine
2024-10-18 12:21:39.061921 INFO::Fitting model to feature number 949, Thr.Ala
2024-10-18 12:21:39.140773 INFO::Fitting model to feature number 950, Thr.Asp
2024-10-18 12:21:39.230031 INFO::Fitting model to feature number 951, threonine
2024-10-18 12:21:39.306293 INFO::Fitting model to feature number 952, Thr.His
2024-10-18 12:21:39.386496 INFO::Fitting model to feature number 953, Thr.Ile.Lys
2024-10-18 12:21:39.516303 INFO::Fitting model to feature number 954, Thr.Lys
2024-10-18 12:21:39.601851 INFO::Fitting model to feature number 955, Thr.Ser
2024-10-18 12:21:39.670084 INFO::Fitting model to feature number 956, Thr.Thr
2024-10-18 12:21:39.736584 INFO::Fitting model to feature number 957, Thr.Val
2024-10-18 12:21:39.802603 INFO::Fitting model to feature number 958, Thymidine
2024-10-18 12:21:39.865571 INFO::Fitting model to feature number 959, Thymine
2024-10-18 12:21:39.940547 INFO::Fitting model to feature number 960, TMAO
2024-10-18 12:21:40.005002 INFO::Fitting model to feature number 961, Tomatidine
2024-10-18 12:21:40.078216 INFO::Fitting model to feature number 962, trans.Zeatin
2024-10-18 12:21:40.152251 INFO::Fitting model to feature number 963, Trihydroxycholestanoic.acid
2024-10-18 12:21:40.226151 INFO::Fitting model to feature number 964, TRIMETHYLAMINE
2024-10-18 12:21:40.294969 INFO::Fitting model to feature number 965, Trp.Ser
2024-10-18 12:21:40.358592 INFO::Fitting model to feature number 966, Trp.Val
2024-10-18 12:21:40.41921 INFO::Fitting model to feature number 967, Tryptamine
2024-10-18 12:21:40.517419 INFO::Fitting model to feature number 968, Tryptoline
2024-10-18 12:21:40.579837 INFO::Fitting model to feature number 969, Tryptophan
2024-10-18 12:21:40.644077 INFO::Fitting model to feature number 970, tryptophan.betaine
2024-10-18 12:21:40.716148 INFO::Fitting model to feature number 971, Tyr.Ala
2024-10-18 12:21:40.788769 INFO::Fitting model to feature number 972, tyr.arg
2024-10-18 12:21:40.863353 INFO::Fitting model to feature number 973, Tyr.Asn
2024-10-18 12:21:40.925375 INFO::Fitting model to feature number 974, Tyr.Lys
2024-10-18 12:21:40.990947 INFO::Fitting model to feature number 975, tyrosine.1
2024-10-18 12:21:41.052384 INFO::Fitting model to feature number 976, Tyr.Thr
2024-10-18 12:21:41.104957 INFO::Fitting model to feature number 977, Tyr.Tyr.Tyr
2024-10-18 12:21:41.160652 INFO::Fitting model to feature number 978, Tyr.Val
2024-10-18 12:21:41.220408 INFO::Fitting model to feature number 979, Uracil
2024-10-18 12:21:41.283772 INFO::Fitting model to feature number 980, urea.1
2024-10-18 12:21:41.351877 INFO::Fitting model to feature number 981, uric.acid.1
2024-10-18 12:21:41.415716 INFO::Fitting model to feature number 982, Uridine
2024-10-18 12:21:41.511984 INFO::Fitting model to feature number 983, uridine.5.monophosphate
2024-10-18 12:21:41.567725 INFO::Fitting model to feature number 984, urobilin
2024-10-18 12:21:41.628622 INFO::Fitting model to feature number 985, Urocanic.acid
2024-10-18 12:21:41.698241 INFO::Fitting model to feature number 986, Ursocholic.acid
2024-10-18 12:21:41.773544 INFO::Fitting model to feature number 987, Val.Arg
2024-10-18 12:21:41.84518 INFO::Fitting model to feature number 988, Val.Asp
2024-10-18 12:21:41.917839 INFO::Fitting model to feature number 989, valeryl.carnitine
2024-10-18 12:21:41.977887 INFO::Fitting model to feature number 990, Val.Gly
2024-10-18 12:21:42.040282 INFO::Fitting model to feature number 991, Val.His
2024-10-18 12:21:42.098054 INFO::Fitting model to feature number 992, Valine
2024-10-18 12:21:42.16101 INFO::Fitting model to feature number 993, Val.Met
2024-10-18 12:21:42.220654 INFO::Fitting model to feature number 994, Val.Phe.Lys
2024-10-18 12:21:42.292562 INFO::Fitting model to feature number 995, Val.Pro
2024-10-18 12:21:42.356106 INFO::Fitting model to feature number 996, Val.Ser
2024-10-18 12:21:42.462789 INFO::Fitting model to feature number 997, Val.Thr
2024-10-18 12:21:42.517682 INFO::Fitting model to feature number 998, Val.Tyr
2024-10-18 12:21:42.572384 INFO::Fitting model to feature number 999, Val.Val
2024-10-18 12:21:42.637191 INFO::Fitting model to feature number 1000, Val.Val.Lys
2024-10-18 12:21:42.704372 INFO::Fitting model to feature number 1001, xanthine
2024-10-18 12:21:42.780293 INFO::Fitting model to feature number 1002, Xanthosine
2024-10-18 12:21:42.860896 INFO::Fitting model to feature number 1003, Xanthurenic.acid
2024-10-18 12:21:43.315458 INFO::Counting total values for each feature
2024-10-18 12:21:43.644151 INFO::Writing filtered data to file /home/julianne/Documents/biogeography/Regional-Mouse-Biogeography-Analysis/melonnpan/Mets-SeqRunLineSexSite_General_1-MouseID//features/filtered_data.tsv
2024-10-18 12:21:43.973381 INFO::Writing filtered, normalized data to file /home/julianne/Documents/biogeography/Regional-Mouse-Biogeography-Analysis/melonnpan/Mets-SeqRunLineSexSite_General_1-MouseID//features/filtered_data_norm.tsv
2024-10-18 12:21:44.288157 INFO::Writing filtered, normalized, transformed data to file /home/julianne/Documents/biogeography/Regional-Mouse-Biogeography-Analysis/melonnpan/Mets-SeqRunLineSexSite_General_1-MouseID//features/filtered_data_norm_transformed.tsv
2024-10-18 12:21:44.615742 WARNING::Deleting existing residuals file: /home/julianne/Documents/biogeography/Regional-Mouse-Biogeography-Analysis/melonnpan/Mets-SeqRunLineSexSite_General_1-MouseID//fits/residuals.rds
2024-10-18 12:21:44.617299 INFO::Writing residuals to file /home/julianne/Documents/biogeography/Regional-Mouse-Biogeography-Analysis/melonnpan/Mets-SeqRunLineSexSite_General_1-MouseID//fits/residuals.rds
2024-10-18 12:21:44.862451 WARNING::Deleting existing fitted file: /home/julianne/Documents/biogeography/Regional-Mouse-Biogeography-Analysis/melonnpan/Mets-SeqRunLineSexSite_General_1-MouseID//fits/fitted.rds
2024-10-18 12:21:44.864043 INFO::Writing fitted values to file /home/julianne/Documents/biogeography/Regional-Mouse-Biogeography-Analysis/melonnpan/Mets-SeqRunLineSexSite_General_1-MouseID//fits/fitted.rds
2024-10-18 12:21:44.989687 WARNING::Deleting existing ranef file: /home/julianne/Documents/biogeography/Regional-Mouse-Biogeography-Analysis/melonnpan/Mets-SeqRunLineSexSite_General_1-MouseID//fits/ranef.rds
2024-10-18 12:21:44.992393 INFO::Writing extracted random effects to file /home/julianne/Documents/biogeography/Regional-Mouse-Biogeography-Analysis/melonnpan/Mets-SeqRunLineSexSite_General_1-MouseID//fits/ranef.rds
2024-10-18 12:21:45.014716 INFO::Writing all results to file (ordered by increasing q-values): /home/julianne/Documents/biogeography/Regional-Mouse-Biogeography-Analysis/melonnpan/Mets-SeqRunLineSexSite_General_1-MouseID//all_results.tsv
2024-10-18 12:21:45.084913 INFO::Writing the significant results (those which are less than or equal to the threshold of 0.250000 ) to file (ordered by increasing q-values): /home/julianne/Documents/biogeography/Regional-Mouse-Biogeography-Analysis/melonnpan/Mets-SeqRunLineSexSite_General_1-MouseID//significant_results.tsv
