2022-10-31 15:01:51 INFO::Writing function arguments to log file
2022-10-31 15:01:51 DEBUG::Function arguments
2022-10-31 15:01:51 DEBUG::Output folder: CS-Facility-Analysis/OMIXER-RPM Results/CS_GBM/GBM_ColonRef-CLR-Muc-ComBat-SeqRunSexSite_General-1-MsID
2022-10-31 15:01:51 DEBUG::Min Abundance: 0.000000
2022-10-31 15:01:51 DEBUG::Min Prevalence: 0.100000
2022-10-31 15:01:51 DEBUG::Normalization: CLR
2022-10-31 15:01:51 DEBUG::Transform: NONE
2022-10-31 15:01:51 DEBUG::Analysis method: LM
2022-10-31 15:01:51 DEBUG::Max significance: 0.250000
2022-10-31 15:01:51 DEBUG::Random effects: MouseID
2022-10-31 15:01:51 DEBUG::Fixed effects: Sequencing_Run,Sex,Site_General
2022-10-31 15:01:51 DEBUG::Correction method: BH
2022-10-31 15:01:51 DEBUG::Standardize: TRUE
2022-10-31 15:01:51 DEBUG::Cores: 1
2022-10-31 15:01:51 INFO::Verifying options selected are valid
2022-10-31 15:01:51 INFO::Determining format of input files
2022-10-31 15:01:51 INFO::Input format is data samples as columns and metadata samples as rows
2022-10-31 15:01:51 DEBUG::Transformed data so samples are rows
2022-10-31 15:01:51 DEBUG::A total of 48 samples were found in both the data and metadata
2022-10-31 15:01:51 DEBUG::Reordering data/metadata to use same sample ordering
2022-10-31 15:01:51 INFO::Formula for random effects: expr ~ (1 | MouseID)
2022-10-31 15:01:51 INFO::Formula for fixed effects: expr ~  Sequencing_Run + Sex + Site_General
2022-10-31 15:01:51 INFO::Running selected normalization method: CLR
2022-10-31 15:01:51 INFO::Filter data based on min abundance and min prevalence
2022-10-31 15:01:51 INFO::Total samples in data: 48
2022-10-31 15:01:51 INFO::Min samples required with min abundance for a feature not to be filtered: 4.800000
2022-10-31 15:01:51 INFO::Total filtered features: 9
2022-10-31 15:01:51 INFO::Filtered feature names: MGB038, MGB039, MGB056, MGB010, MGB050, MGB023, MGB025, MGB020, MGB021
2022-10-31 15:01:51 INFO::Applying z-score to standardize continuous metadata
2022-10-31 15:01:51 INFO::Running selected transform method: NONE
2022-10-31 15:01:51 INFO::Running selected analysis method: LM
2022-10-31 15:01:51 INFO::Fitting model to feature number 1, MGB015
2022-10-31 15:01:51 INFO::Fitting model to feature number 2, MGB037
2022-10-31 15:01:51 INFO::Fitting model to feature number 3, MGB033
2022-10-31 15:01:51 INFO::Fitting model to feature number 4, MGB055
2022-10-31 15:01:51 INFO::Fitting model to feature number 5, MGB034
2022-10-31 15:01:51 INFO::Fitting model to feature number 6, MGB035
2022-10-31 15:01:51 INFO::Fitting model to feature number 7, MGB036
2022-10-31 15:01:51 INFO::Fitting model to feature number 8, MGB052
2022-10-31 15:01:51 INFO::Fitting model to feature number 9, MGB031
2022-10-31 15:01:51 INFO::Fitting model to feature number 10, MGB053
2022-10-31 15:01:51 INFO::Fitting model to feature number 11, MGB032
2022-10-31 15:01:51 INFO::Fitting model to feature number 12, MGB054
2022-10-31 15:01:51 INFO::Fitting model to feature number 13, MGB019
2022-10-31 15:01:51 INFO::Fitting model to feature number 14, MGB005
2022-10-31 15:01:51 INFO::Fitting model to feature number 15, MGB027
2022-10-31 15:01:51 INFO::Fitting model to feature number 16, MGB049
2022-10-31 15:01:51 INFO::Fitting model to feature number 17, MGB006
2022-10-31 15:01:52 INFO::Fitting model to feature number 18, MGB007
2022-10-31 15:01:52 INFO::Fitting model to feature number 19, MGB029
2022-10-31 15:01:52 INFO::Fitting model to feature number 20, MGB022
2022-10-31 15:01:52 INFO::Fitting model to feature number 21, MGB024
2022-10-31 15:01:52 INFO::Fitting model to feature number 22, MGB047
2022-10-31 15:01:52 INFO::Fitting model to feature number 23, MGB040
2022-10-31 15:01:52 INFO::Fitting model to feature number 24, MGB041
2022-10-31 15:01:52 INFO::Fitting model to feature number 25, MGB043
2022-10-31 15:01:52 INFO::Counting total values for each feature
2022-10-31 15:01:52 INFO::Writing residuals to file CS-Facility-Analysis/OMIXER-RPM Results/CS_GBM/GBM_ColonRef-CLR-Muc-ComBat-SeqRunSexSite_General-1-MsID/residuals.rds
2022-10-31 15:01:52 INFO::Writing all results to file (ordered by increasing q-values): CS-Facility-Analysis/OMIXER-RPM Results/CS_GBM/GBM_ColonRef-CLR-Muc-ComBat-SeqRunSexSite_General-1-MsID/all_results.tsv
2022-10-31 15:01:52 INFO::Writing the significant results (those which are less than or equal to the threshold of 0.250000 ) to file (ordered by increasing q-values): CS-Facility-Analysis/OMIXER-RPM Results/CS_GBM/GBM_ColonRef-CLR-Muc-ComBat-SeqRunSexSite_General-1-MsID/significant_results.tsv
