2024-10-18 12:38:56.28097 INFO::Writing function arguments to log file
2024-10-18 12:38:56.282257 DEBUG::Function arguments
2024-10-18 12:38:56.282592 DEBUG::Output folder: /home/julianne/Documents/biogeography/Shotgun/melonnpan/SPF_Gavage/Mets-Site-1-MsID/
2024-10-18 12:38:56.282845 DEBUG::Min Abundance: 0.000000
2024-10-18 12:38:56.28308 DEBUG::Min Prevalence: 0.150000
2024-10-18 12:38:56.283296 DEBUG::Normalization: NONE
2024-10-18 12:38:56.283502 DEBUG::Transform: LOG
2024-10-18 12:38:56.283711 DEBUG::Analysis method: LM
2024-10-18 12:38:56.283923 DEBUG::Max significance: 0.250000
2024-10-18 12:38:56.284144 DEBUG::Random effects: MouseID
2024-10-18 12:38:56.284415 DEBUG::Fixed effects: Site
2024-10-18 12:38:56.284875 DEBUG::Correction method: BH
2024-10-18 12:38:56.285278 DEBUG::Standardize: TRUE
2024-10-18 12:38:56.285751 DEBUG::Cores: 1
2024-10-18 12:38:56.286147 INFO::Verifying options selected are valid
2024-10-18 12:38:56.28718 INFO::Determining format of input files
2024-10-18 12:38:56.28827 INFO::Input format is data samples as columns and metadata samples as rows
2024-10-18 12:38:56.291791 DEBUG::Transformed data so samples are rows
2024-10-18 12:38:56.293929 DEBUG::A total of 11 samples were found in both the data and metadata
2024-10-18 12:38:56.294378 DEBUG::Reordering data/metadata to use same sample ordering
2024-10-18 12:38:56.30203 INFO::Formula for random effects: expr ~ (1 | MouseID)
2024-10-18 12:38:56.30315 INFO::Formula for fixed effects: expr ~  Site
2024-10-18 12:38:56.304183 INFO::Filter data based on min abundance and min prevalence
2024-10-18 12:38:56.304964 INFO::Total samples in data: 11
2024-10-18 12:38:56.305724 INFO::Min samples required with min abundance for a feature not to be filtered: 1.650000
2024-10-18 12:38:56.316547 INFO::Total filtered features: 0
2024-10-18 12:38:56.318238 INFO::Filtered feature names from abundance and prevalence filtering:
2024-10-18 12:38:56.336571 INFO::Total filtered features with variance filtering: 14
2024-10-18 12:38:56.337775 INFO::Filtered feature names from variance filtering: PC.O.36.5.PC.O.16.0_20.5, TG.14.0_16.0_17.1, TG.52.0, TG.53.2, noradrenaline, lyxose, isomaltose, isoleucine, beta.sitosterol, X5.ketogluconate, X6H.2.Benzopyran.6.one..5.chloro.3..3.4.dihydroxy.3.5.dimethyl.1.hepten.1.yl..7.8.dihydro.7.8.dihydroxy.7.methyl., X7.Diethylamino.4.methylcoumarin, histidinol, tryptophan.betaine
2024-10-18 12:38:56.338538 INFO::Running selected normalization method: NONE
2024-10-18 12:38:56.339248 INFO::Applying z-score to standardize continuous metadata
2024-10-18 12:38:56.343931 INFO::Running selected transform method: LOG
2024-10-18 12:38:56.361867 INFO::Running selected analysis method: LM
2024-10-18 12:38:56.364191 INFO::Fitting model to feature number 1, X13.KODE
2024-10-18 12:38:56.433873 INFO::Fitting model to feature number 2, X3.hydroxymyristic.acid
2024-10-18 12:38:56.480909 INFO::Fitting model to feature number 3, X4.HDoHE
2024-10-18 12:38:56.525839 INFO::Fitting model to feature number 4, CAR.14.1
2024-10-18 12:38:56.572175 INFO::Fitting model to feature number 5, CAR.16.0
2024-10-18 12:38:56.625521 INFO::Fitting model to feature number 6, CAR.18.0.Isomer.A
2024-10-18 12:38:56.668775 INFO::Fitting model to feature number 7, CAR.18.2.Isomer.B
2024-10-18 12:38:56.715415 INFO::Fitting model to feature number 8, Cer.16.0.2O_23.0
2024-10-18 12:38:56.761448 INFO::Fitting model to feature number 9, Cer.17.0.3O.24.0..2OH.
2024-10-18 12:38:56.807291 INFO::Fitting model to feature number 10, Cer.17.1.2O.24.1
2024-10-18 12:38:56.858042 INFO::Fitting model to feature number 11, Cer.18.0.2O.16.0
2024-10-18 12:38:56.910689 INFO::Fitting model to feature number 12, Cer.18.0.2O_20.0
2024-10-18 12:38:56.965113 INFO::Fitting model to feature number 13, Cer.18.1.2O.23.0..2OH.
2024-10-18 12:38:57.015069 INFO::Fitting model to feature number 14, Cer.18.1.2O_22.0..2OH.
2024-10-18 12:38:57.064509 INFO::Fitting model to feature number 15, Cer.18.1.3O.25.0
2024-10-18 12:38:57.140509 INFO::Fitting model to feature number 16, Cer.18.2.2O.22.0
2024-10-18 12:38:57.196056 INFO::Fitting model to feature number 17, Cer.18.2.2O.24.1
2024-10-18 12:38:57.24073 INFO::Fitting model to feature number 18, Cer.19.1.2O.24.1
2024-10-18 12:38:57.287025 INFO::Fitting model to feature number 19, Cer.20.0.2O.26.0
2024-10-18 12:38:57.325898 INFO::Fitting model to feature number 20, Cer.31.2.O3.Cer.18.1.O2.13.1.O
2024-10-18 12:38:57.369759 INFO::Fitting model to feature number 21, Cer.33.0.O3.Cer.17.0.O2.16.0.3OH.
2024-10-18 12:38:57.414945 INFO::Fitting model to feature number 22, Cer.33.0.O3.Cer.17.0.O2.16.0.O
2024-10-18 12:38:57.45811 INFO::Fitting model to feature number 23, Cer.33.1.O2.Cer.17.1.O2.16.0
2024-10-18 12:38:57.503124 INFO::Fitting model to feature number 24, Cer.34.0.O3.Cer.17.0.O2.17.0.3OH.
2024-10-18 12:38:57.549581 INFO::Fitting model to feature number 25, Cer.34.1.O2.Cer.18.1.O2.16.0
2024-10-18 12:38:57.604259 INFO::Fitting model to feature number 26, Cer.34.1.O3.Cer.18.1.O2.16.0.O
2024-10-18 12:38:57.664255 INFO::Fitting model to feature number 27, Cer.34.2.O3.Cer.17.0.O2.17.2.3OH.
2024-10-18 12:38:57.709261 INFO::Fitting model to feature number 28, Cer.35.0.O3.Cer.18.0.O2.17.0.3OH.
2024-10-18 12:38:57.762801 INFO::Fitting model to feature number 29, Cer.35.0.O3.Cer.18.0.O2.17.0.O
2024-10-18 12:38:57.810524 INFO::Fitting model to feature number 30, Cer.35.1.O3.Cer.18.0.O2.17.1.3OH.
2024-10-18 12:38:57.867312 INFO::Fitting model to feature number 31, Cer.35.1.O3.Cer.19.0.O2.16.1.O
2024-10-18 12:38:57.908083 INFO::Fitting model to feature number 32, Cer.36.0.O3.Cer.19.0.O2.17.0.3OH.
2024-10-18 12:38:57.969248 INFO::Fitting model to feature number 33, Cer.36.0.O3.Cer.19.0.O2.17.0.O
2024-10-18 12:38:58.005857 INFO::Fitting model to feature number 34, Cer.36.0.O4.Cer.18.0.O3.18.0.2OH.
2024-10-18 12:38:58.045688 INFO::Fitting model to feature number 35, Cer.36.1.O2.Cer.18.0.O2.18.1
2024-10-18 12:38:58.092691 INFO::Fitting model to feature number 36, Cer.36.1.O3.Cer.18.0.O2.18.1.O
2024-10-18 12:38:58.149083 INFO::Fitting model to feature number 37, Cer.36.1.O3.Cer.18.1.O2.18.0.O
2024-10-18 12:38:58.210273 INFO::Fitting model to feature number 38, Cer.36.2.O2.Cer.18.1.O2.18.1
2024-10-18 12:38:58.270744 INFO::Fitting model to feature number 39, Cer.36.3.O2.Cer.18.1.O2.18.2
2024-10-18 12:38:58.331319 INFO::Fitting model to feature number 40, Cer.38.0.O2.Cer.20.0.O2.18.0
2024-10-18 12:38:58.384636 INFO::Fitting model to feature number 41, Cer.38.0.O3.Cer.20.0.O2.18.0.O
2024-10-18 12:38:58.432688 INFO::Fitting model to feature number 42, Cer.38.0.O4.Cer.18.0.O3.20.0.2OH.
2024-10-18 12:38:58.475873 INFO::Fitting model to feature number 43, Cer.38.2.O2.Cer.18.1.O2.20.1
2024-10-18 12:38:58.519554 INFO::Fitting model to feature number 44, Cer.38.3.O3.Cer.18.1.O2.20.2.O
2024-10-18 12:38:58.559889 INFO::Fitting model to feature number 45, Cer.38.3.O4.Cer.24.2.O3.14.1.2OH.
2024-10-18 12:38:58.599077 INFO::Fitting model to feature number 46, Cer.38.5.O3.Cer.18.1.O2.20.4.O
2024-10-18 12:38:58.653887 INFO::Fitting model to feature number 47, Cer.39.1.O2.Cer.18.1.O2.21.0
2024-10-18 12:38:58.696258 INFO::Fitting model to feature number 48, Cer.40.0.O3.Cer.18.0.O2.22.0.O
2024-10-18 12:38:58.737085 INFO::Fitting model to feature number 49, Cer.40.2.O2.Cer.18.1.O2.22.1
2024-10-18 12:38:58.799851 INFO::Fitting model to feature number 50, Cer.41.0.O2.Cer.18.0.O2.23.0
2024-10-18 12:38:58.840639 INFO::Fitting model to feature number 51, Cer.41.0.O4.Cer.18.0.O3.23.0.2OH.
2024-10-18 12:38:58.879429 INFO::Fitting model to feature number 52, Cer.41.1.O2.Cer.17.1.O2.24.0
2024-10-18 12:38:58.919344 INFO::Fitting model to feature number 53, Cer.41.1.O3.Cer.21.0.O2.20.1.O
2024-10-18 12:38:58.958267 INFO::Fitting model to feature number 54, Cer.41.2.3O.Cer.22.2.O2.19.0.O
2024-10-18 12:38:58.997406 INFO::Fitting model to feature number 55, Cer.41.3.3O.Cer.22.1.O2.19.2.O
2024-10-18 12:38:59.038978 INFO::Fitting model to feature number 56, Cer.42.0.O3.Cer.18.0.O2.24.0.2OH.
2024-10-18 12:38:59.080208 INFO::Fitting model to feature number 57, Cer.42.0.O3.Cer.18.0.O2.24.0.O
2024-10-18 12:38:59.121991 INFO::Fitting model to feature number 58, Cer.42.0.O3.Cer.18.0.O3.24.0
2024-10-18 12:38:59.163511 INFO::Fitting model to feature number 59, Cer.42.0.O3.Cer.20.0.O2.22.0.O
2024-10-18 12:38:59.208476 INFO::Fitting model to feature number 60, Cer.42.1.O3.Cer.18.1.O2.24.0.2OH.
2024-10-18 12:38:59.248555 INFO::Fitting model to feature number 61, Cer.42.1.O3.Cer.20.1.O2.22.0.O
2024-10-18 12:38:59.300002 INFO::Fitting model to feature number 62, Cer.42.1.O4.Cer.18.0.O3.24.1.2OH.
2024-10-18 12:38:59.356127 INFO::Fitting model to feature number 63, Cer.42.2.O2.Cer.18.1.O2.24.1
2024-10-18 12:38:59.409605 INFO::Fitting model to feature number 64, Cer.42.2.O4.Cer.18.1.O3.24.1.2OH.
2024-10-18 12:38:59.454779 INFO::Fitting model to feature number 65, Cer.42.3.O2.Cer.22.0.O2.20.3
2024-10-18 12:38:59.508708 INFO::Fitting model to feature number 66, Cer.43.0.O2.Cer.17.0.O2.26.0
2024-10-18 12:38:59.561119 INFO::Fitting model to feature number 67, Cer.43.0.O4.Cer.18.0.O3.25.0.2OH.
2024-10-18 12:38:59.652675 WARNING::Fitting problem for feature 67 a warning was issued
2024-10-18 12:38:59.692985 INFO::Fitting model to feature number 68, Cer.43.1.O2.Cer.17.1.O2.26.0
2024-10-18 12:38:59.734293 INFO::Fitting model to feature number 69, Cer.43.3.O3.Cer.22.2.O2.21.1.O
2024-10-18 12:38:59.789542 INFO::Fitting model to feature number 70, Cer.44.0.O3.Cer.20.0.O2.24.0.O
2024-10-18 12:38:59.843638 INFO::Fitting model to feature number 71, Cer.44.1.O3.Cer.20.1.O2.24.0.2OH.
2024-10-18 12:38:59.897964 INFO::Fitting model to feature number 72, Cer.46.1.O2.Cer.20.1.O2.26.0
2024-10-18 12:38:59.954755 INFO::Fitting model to feature number 73, Cer.46.1.O3.Cer.20.1.O2.26.0.2OH.
2024-10-18 12:39:00.012102 INFO::Fitting model to feature number 74, Cer.46.4.O2.Cer.18.1.O2.28.3
2024-10-18 12:39:00.061485 INFO::Fitting model to feature number 75, Cer.50.1.O4.Cer.18.0.O2.17.0.3OH..FA.15.0.
2024-10-18 12:39:00.112628 INFO::Fitting model to feature number 76, Cer.50.1.O4.Cer.35.0.O3.FA.15.0.
2024-10-18 12:39:00.158992 INFO::Fitting model to feature number 77, Cer.52.2.O3.Cer.18.1.O2.34.1.O
2024-10-18 12:39:00.208026 INFO::Fitting model to feature number 78, Cer.d31.2
2024-10-18 12:39:00.256199 INFO::Fitting model to feature number 79, Cer.d32.1
2024-10-18 12:39:00.308934 INFO::Fitting model to feature number 80, Cer.d33.1
2024-10-18 12:39:00.368327 INFO::Fitting model to feature number 81, Cer.d34.0
2024-10-18 12:39:00.425761 INFO::Fitting model to feature number 82, Cer.d34.1
2024-10-18 12:39:00.483048 INFO::Fitting model to feature number 83, Cer.d34.2.Isomer.A
2024-10-18 12:39:00.557354 INFO::Fitting model to feature number 84, Cer.d34.2.Isomer.B
2024-10-18 12:39:00.613248 INFO::Fitting model to feature number 85, Cer.d35.1
2024-10-18 12:39:00.66971 INFO::Fitting model to feature number 86, Cer.d36.1
2024-10-18 12:39:00.722383 INFO::Fitting model to feature number 87, Cer.d36.2
2024-10-18 12:39:00.771753 INFO::Fitting model to feature number 88, Cer.d37.1
2024-10-18 12:39:00.817079 INFO::Fitting model to feature number 89, Cer.d38.1
2024-10-18 12:39:00.869303 INFO::Fitting model to feature number 90, Cer.d39.1
2024-10-18 12:39:00.925896 INFO::Fitting model to feature number 91, Cer.d40.0
2024-10-18 12:39:00.975755 INFO::Fitting model to feature number 92, Cer.d40.1
2024-10-18 12:39:01.022541 INFO::Fitting model to feature number 93, Cer.d40.2
2024-10-18 12:39:01.072685 INFO::Fitting model to feature number 94, Cer.d41.1
2024-10-18 12:39:01.121688 INFO::Fitting model to feature number 95, Cer.d41.2
2024-10-18 12:39:01.168678 INFO::Fitting model to feature number 96, Cer.d42.0
2024-10-18 12:39:01.214575 INFO::Fitting model to feature number 97, Cer.d42.1
2024-10-18 12:39:01.258087 INFO::Fitting model to feature number 98, Cer.d42.2.Isomer.A
2024-10-18 12:39:01.307634 INFO::Fitting model to feature number 99, Cer.d42.2.Isomer.B
2024-10-18 12:39:01.353608 INFO::Fitting model to feature number 100, Cer.d42.3
2024-10-18 12:39:01.400896 INFO::Fitting model to feature number 101, Cer.d43.1
2024-10-18 12:39:01.474578 INFO::Fitting model to feature number 102, Cer.d43.2
2024-10-18 12:39:01.521955 INFO::Fitting model to feature number 103, Cer.d44.2
2024-10-18 12:39:01.574356 INFO::Fitting model to feature number 104, Cer.ADS.d34.0
2024-10-18 12:39:01.642413 INFO::Fitting model to feature number 105, Cer.ADS.d40.0
2024-10-18 12:39:01.709161 INFO::Fitting model to feature number 106, Cer.AS.d34.1
2024-10-18 12:39:01.771994 INFO::Fitting model to feature number 107, Cer.NDS.d36.0
2024-10-18 12:39:01.823833 INFO::Fitting model to feature number 108, Cer.NDS.d39.0
2024-10-18 12:39:01.883086 INFO::Fitting model to feature number 109, Cer.NDS.d40.0
2024-10-18 12:39:01.935008 INFO::Fitting model to feature number 110, Cer.NDS.d41.0
2024-10-18 12:39:01.981278 INFO::Fitting model to feature number 111, Cer.NP.t40.0
2024-10-18 12:39:02.029612 INFO::Fitting model to feature number 112, Cer.NP.t42.0
2024-10-18 12:39:02.078431 INFO::Fitting model to feature number 113, Cer.NP.t42.1
2024-10-18 12:39:02.125007 INFO::Fitting model to feature number 114, Cholesterol
2024-10-18 12:39:02.177301 INFO::Fitting model to feature number 115, cholesterol.3.sulfate....125
2024-10-18 12:39:02.235632 INFO::Fitting model to feature number 116, DG.34.0
2024-10-18 12:39:02.285437 INFO::Fitting model to feature number 117, DG.36.0
2024-10-18 12:39:02.345116 INFO::Fitting model to feature number 118, DG.36.2
2024-10-18 12:39:02.417016 INFO::Fitting model to feature number 119, DGDG.34.2.DGDG.16.0_18.2
2024-10-18 12:39:02.458547 INFO::Fitting model to feature number 120, DGDG.36.3.DGDG.18.1_18.2
2024-10-18 12:39:02.508949 INFO::Fitting model to feature number 121, DGDG.36.4.DGDG.18.2_18.2
2024-10-18 12:39:02.55521 INFO::Fitting model to feature number 122, FA.10.0..capric.acid.
2024-10-18 12:39:02.601196 INFO::Fitting model to feature number 123, FA.11.0..undecylic.acid.
2024-10-18 12:39:02.652909 INFO::Fitting model to feature number 124, FA.13.0..tridecylic.acid.
2024-10-18 12:39:02.710115 INFO::Fitting model to feature number 125, FA.15.0..pentadecylic.acid.
2024-10-18 12:39:02.758885 INFO::Fitting model to feature number 126, FA.15.1
2024-10-18 12:39:02.806436 INFO::Fitting model to feature number 127, FA.15.2
2024-10-18 12:39:02.866311 INFO::Fitting model to feature number 128, FA.17.0..margaric.acid.
2024-10-18 12:39:02.923135 INFO::Fitting model to feature number 129, FA.19.0
2024-10-18 12:39:02.980904 INFO::Fitting model to feature number 130, FA.20.0..arachidic.acid.
2024-10-18 12:39:03.038837 INFO::Fitting model to feature number 131, FA.20.1
2024-10-18 12:39:03.094058 INFO::Fitting model to feature number 132, FA.20.3..eicosatrienoic.acid.
2024-10-18 12:39:03.141149 INFO::Fitting model to feature number 133, FA.20.3..homo.gamma.linolenic.acid.
2024-10-18 12:39:03.195752 INFO::Fitting model to feature number 134, FA.20.4..arachidonic.acid.
2024-10-18 12:39:03.243895 INFO::Fitting model to feature number 135, FA.20.5..eicosapentaenoic.acid.
2024-10-18 12:39:03.317161 INFO::Fitting model to feature number 136, FA.21.0
2024-10-18 12:39:03.369393 INFO::Fitting model to feature number 137, FA.21.1
2024-10-18 12:39:03.426942 INFO::Fitting model to feature number 138, FA.22.0
2024-10-18 12:39:03.483354 INFO::Fitting model to feature number 139, FA.22.1..erucic.acid.
2024-10-18 12:39:03.541566 INFO::Fitting model to feature number 140, FA.22.2..docosadienoic.acid.
2024-10-18 12:39:03.603347 INFO::Fitting model to feature number 141, FA.22.4
2024-10-18 12:39:03.661342 INFO::Fitting model to feature number 142, FA.22.5
2024-10-18 12:39:03.716142 INFO::Fitting model to feature number 143, FA.22.6..docosahexaenoic.acid.
2024-10-18 12:39:03.764211 INFO::Fitting model to feature number 144, FA.23.0
2024-10-18 12:39:03.813926 INFO::Fitting model to feature number 145, FA.23.1
2024-10-18 12:39:03.880332 INFO::Fitting model to feature number 146, FA.24.0
2024-10-18 12:39:03.945511 INFO::Fitting model to feature number 147, FA.24.1
2024-10-18 12:39:03.995416 INFO::Fitting model to feature number 148, FA.24.2
2024-10-18 12:39:04.046261 INFO::Fitting model to feature number 149, FA.24.3
2024-10-18 12:39:04.102469 INFO::Fitting model to feature number 150, FA.24.6
2024-10-18 12:39:04.157723 INFO::Fitting model to feature number 151, FA.25.0
2024-10-18 12:39:04.21599 INFO::Fitting model to feature number 152, FA.25.1
2024-10-18 12:39:04.258299 INFO::Fitting model to feature number 153, FA.26.0
2024-10-18 12:39:04.333786 INFO::Fitting model to feature number 154, FA.26.1
2024-10-18 12:39:04.372324 INFO::Fitting model to feature number 155, FA.26.2
2024-10-18 12:39:04.41415 INFO::Fitting model to feature number 156, FA.27.0
2024-10-18 12:39:04.455932 INFO::Fitting model to feature number 157, FA.27.1
2024-10-18 12:39:04.495613 INFO::Fitting model to feature number 158, FA.28.0
2024-10-18 12:39:04.537249 INFO::Fitting model to feature number 159, FA.28.1
2024-10-18 12:39:04.57803 INFO::Fitting model to feature number 160, FA.29.0
2024-10-18 12:39:04.619588 INFO::Fitting model to feature number 161, FA.29.1
2024-10-18 12:39:04.664504 INFO::Fitting model to feature number 162, FA.30.0
2024-10-18 12:39:04.712023 INFO::Fitting model to feature number 163, FA.30.1
2024-10-18 12:39:04.753275 INFO::Fitting model to feature number 164, FA.31.0
2024-10-18 12:39:04.796579 INFO::Fitting model to feature number 165, FA.31.1
2024-10-18 12:39:04.837795 INFO::Fitting model to feature number 166, FA.32.0
2024-10-18 12:39:04.88002 INFO::Fitting model to feature number 167, FA.32.1
2024-10-18 12:39:04.923331 INFO::Fitting model to feature number 168, FA.32.2
2024-10-18 12:39:04.967531 INFO::Fitting model to feature number 169, FA.33.0
2024-10-18 12:39:05.009451 INFO::Fitting model to feature number 170, FA.33.1
2024-10-18 12:39:05.074229 INFO::Fitting model to feature number 171, FA.34.0
2024-10-18 12:39:05.114967 INFO::Fitting model to feature number 172, FA.34.1
2024-10-18 12:39:05.154215 INFO::Fitting model to feature number 173, FA.34.2
2024-10-18 12:39:05.19498 INFO::Fitting model to feature number 174, FA.35.1
2024-10-18 12:39:05.242784 INFO::Fitting model to feature number 175, FA.36.1
2024-10-18 12:39:05.288733 INFO::Fitting model to feature number 176, FA.36.2
2024-10-18 12:39:05.329803 INFO::Fitting model to feature number 177, FA.37.1
2024-10-18 12:39:05.372998 INFO::Fitting model to feature number 178, FA.38.1
2024-10-18 12:39:05.414933 INFO::Fitting model to feature number 179, FA.39.1
2024-10-18 12:39:05.45484 INFO::Fitting model to feature number 180, FA.40.1
2024-10-18 12:39:05.494947 INFO::Fitting model to feature number 181, FA.41.1
2024-10-18 12:39:05.552316 INFO::Fitting model to feature number 182, FA.42.1
2024-10-18 12:39:05.62401 INFO::Fitting model to feature number 183, FAHFA.36.1.O.FAHFA.18.1.18.0.O
2024-10-18 12:39:05.684891 INFO::Fitting model to feature number 184, FAHFA.40.3
2024-10-18 12:39:05.741693 INFO::Fitting model to feature number 185, FAHFA.42.2
2024-10-18 12:39:05.788081 INFO::Fitting model to feature number 186, GalCer.18.1_24.1
2024-10-18 12:39:05.836203 INFO::Fitting model to feature number 187, Gal.Gal.Cer.d18.1.16.0.or.Lactosylceramide.d18.1.16.0
2024-10-18 12:39:05.903327 INFO::Fitting model to feature number 188, GlcCer.d34.1
2024-10-18 12:39:05.943714 INFO::Fitting model to feature number 189, GlcCer.d38.1
2024-10-18 12:39:05.984099 INFO::Fitting model to feature number 190, GlcCer.d40.1
2024-10-18 12:39:06.031507 INFO::Fitting model to feature number 191, GlcCer.d41.1
2024-10-18 12:39:06.071573 INFO::Fitting model to feature number 192, GlcCer.d42.1
2024-10-18 12:39:06.114831 INFO::Fitting model to feature number 193, GlcCer.d42.2
2024-10-18 12:39:06.156212 INFO::Fitting model to feature number 194, GlcCerd14.14E.20.02OH
2024-10-18 12:39:06.19627 INFO::Fitting model to feature number 195, HexCer.34.0.O4.HexCer.18.0.O3.16.0.2OH.
2024-10-18 12:39:06.239119 INFO::Fitting model to feature number 196, HexCer.34.1.O2.HexCer.18.1.O2.16.0
2024-10-18 12:39:06.280105 INFO::Fitting model to feature number 197, HexCer.34.1.O3.HexCer.18.1.O2.16.0.O
2024-10-18 12:39:06.320741 INFO::Fitting model to feature number 198, HexCer.36.2.O2.HexCer.18.1.O2.18.1
2024-10-18 12:39:06.361696 INFO::Fitting model to feature number 199, HexCer.38.0.O4.HexCer.18.0.O3.20.0.2OH.
2024-10-18 12:39:06.403531 INFO::Fitting model to feature number 200, HexCer.38.1.O3.HexCer.18.1.O2.20.0.O
2024-10-18 12:39:06.4457 INFO::Fitting model to feature number 201, HexCer.40.0.O4.HexCer.18.0.O3.22.0.2OH.
2024-10-18 12:39:06.48634 INFO::Fitting model to feature number 202, HexCer.40.1.O3.HexCer.18.1.O2.22.0.O
2024-10-18 12:39:06.526863 INFO::Fitting model to feature number 203, HexCer.41.0.O4.HexCer.18.0.O3.23.0.2OH.
2024-10-18 12:39:06.567683 INFO::Fitting model to feature number 204, HexCer.42.0.O4.HexCer.18.0.O3.24.0.2OH.
2024-10-18 12:39:06.628143 INFO::Fitting model to feature number 205, HexCer.42.1.O3
2024-10-18 12:39:06.669542 INFO::Fitting model to feature number 206, HexCer.42.1.O3.HexCer.18.1.O2.24.0.O
2024-10-18 12:39:06.711317 INFO::Fitting model to feature number 207, HexCer.42.1.O4.HexCer.18.0.O3.24.1.2OH.
2024-10-18 12:39:06.752554 INFO::Fitting model to feature number 208, HexCer.42.2.O4.HexCer.18.1.O3.24.1.2OH.
2024-10-18 12:39:06.793157 INFO::Fitting model to feature number 209, HexCer.43.0.O4.HexCer.19.0.O3.24.0.2OH.
2024-10-18 12:39:06.838654 INFO::Fitting model to feature number 210, HexCer.44.0.O4.HexCer.20.0.O3.24.0.2OH.
2024-10-18 12:39:06.893348 INFO::Fitting model to feature number 211, Hexosyl.LPE.16.0
2024-10-18 12:39:06.939945 INFO::Fitting model to feature number 212, lactosylceramide.d18.1.24.1.15Z
2024-10-18 12:39:06.981406 INFO::Fitting model to feature number 213, LNAPE.20.4_N.19.1
2024-10-18 12:39:07.021663 INFO::Fitting model to feature number 214, LPC.17.0
2024-10-18 12:39:07.067711 INFO::Fitting model to feature number 215, LPC.18.0....265
2024-10-18 12:39:07.123627 INFO::Fitting model to feature number 216, LPC.18.2
2024-10-18 12:39:07.176874 INFO::Fitting model to feature number 217, LPC.18.3
2024-10-18 12:39:07.232613 INFO::Fitting model to feature number 218, LPC.19.0
2024-10-18 12:39:07.277871 INFO::Fitting model to feature number 219, LPC.20.0
2024-10-18 12:39:07.317944 INFO::Fitting model to feature number 220, LPC.20.1
2024-10-18 12:39:07.367837 INFO::Fitting model to feature number 221, LPC.20.4
2024-10-18 12:39:07.413605 INFO::Fitting model to feature number 222, LPC.24.0.SN1
2024-10-18 12:39:07.478361 INFO::Fitting model to feature number 223, LPC.O.16.0
2024-10-18 12:39:07.516271 INFO::Fitting model to feature number 224, LPC.O.16.1....276
2024-10-18 12:39:07.564645 INFO::Fitting model to feature number 225, LPC.O.18.0
2024-10-18 12:39:07.618843 INFO::Fitting model to feature number 226, LPC.O.18.1
2024-10-18 12:39:07.672581 INFO::Fitting model to feature number 227, LPC.O.20.0
2024-10-18 12:39:07.728535 INFO::Fitting model to feature number 228, LPC.O.22.0
2024-10-18 12:39:07.781837 INFO::Fitting model to feature number 229, LPC.P.18.0.or.LPC.O.18.1
2024-10-18 12:39:07.822309 INFO::Fitting model to feature number 230, LPE.15.0
2024-10-18 12:39:07.875124 INFO::Fitting model to feature number 231, LPE.16.0....284
2024-10-18 12:39:07.929227 INFO::Fitting model to feature number 232, LPE.18.0
2024-10-18 12:39:07.97861 INFO::Fitting model to feature number 233, LPE.18.2
2024-10-18 12:39:08.020165 INFO::Fitting model to feature number 234, LPE.20.4
2024-10-18 12:39:08.064848 INFO::Fitting model to feature number 235, LPE.22.6
2024-10-18 12:39:08.105136 INFO::Fitting model to feature number 236, LPE.O.18.1
2024-10-18 12:39:08.157024 INFO::Fitting model to feature number 237, LPE.O.18.2
2024-10-18 12:39:08.212302 INFO::Fitting model to feature number 238, LPE.O.20.0
2024-10-18 12:39:08.257577 INFO::Fitting model to feature number 239, LPE.N..FA.34.1.LPE.N..FA.18.1.16.0
2024-10-18 12:39:08.321129 INFO::Fitting model to feature number 240, LPE.N..FA.34.2.LPE.N..FA.18.2.16.0
2024-10-18 12:39:08.359919 INFO::Fitting model to feature number 241, LPE.N..FA.36.3.LPE.N..FA.18.2.18.1
2024-10-18 12:39:08.404417 INFO::Fitting model to feature number 242, LPE.N..FA.36.4.LPE.N..FA.18.2.18.2
2024-10-18 12:39:08.447193 INFO::Fitting model to feature number 243, LPG.16.0
2024-10-18 12:39:08.490754 INFO::Fitting model to feature number 244, LPG.18.1
2024-10-18 12:39:08.533087 INFO::Fitting model to feature number 245, LPS.18.0
2024-10-18 12:39:08.5773 INFO::Fitting model to feature number 246, MGDG.17.0_18.2
2024-10-18 12:39:08.620823 INFO::Fitting model to feature number 247, MGDG.O.16.4_18.0
2024-10-18 12:39:08.665504 INFO::Fitting model to feature number 248, NAGly.29.1.O2.NAGly.16.0.O.FA.13.0.
2024-10-18 12:39:08.710332 INFO::Fitting model to feature number 249, NAGly.30.1.O2.NAGly.16.0.O.FA.14.0.
2024-10-18 12:39:08.754956 INFO::Fitting model to feature number 250, NAGly.31.1.O2.NAGly.16.0.O.FA.15.0.
2024-10-18 12:39:08.795668 INFO::Fitting model to feature number 251, NAGly.32.1.O2.NAGly.17.0.O.FA.15.0.
2024-10-18 12:39:08.838003 INFO::Fitting model to feature number 252, NAGly.33.1.O2.NAGly.18.0.O.FA.15.0.
2024-10-18 12:39:08.892825 INFO::Fitting model to feature number 253, NAGlySer.30.1.O2.NAGlySer.15.0.O.FA.15.0.
2024-10-18 12:39:08.950185 INFO::Fitting model to feature number 254, NAGlySer.31.1.O2.NAGlySer.16.0.O.FA.15.0.
2024-10-18 12:39:08.992547 INFO::Fitting model to feature number 255, NAGlySer.32.1.O2.NAGlySer.17.0.O.FA.15.0.
2024-10-18 12:39:09.033501 INFO::Fitting model to feature number 256, NAGlySer.33.1.O2.NAGlySer.17.0.O.FA.16.0.
2024-10-18 12:39:09.095554 INFO::Fitting model to feature number 257, NAGlySer.34.1.O2.NAGlySer.17.0.O.FA.17.0.
2024-10-18 12:39:09.133689 INFO::Fitting model to feature number 258, NAPhe.16.0
2024-10-18 12:39:09.178241 INFO::Fitting model to feature number 259, NAPhe.18.0
2024-10-18 12:39:09.222046 INFO::Fitting model to feature number 260, NAPhe.18.1
2024-10-18 12:39:09.264962 INFO::Fitting model to feature number 261, NAPhe.18.2
2024-10-18 12:39:09.304877 INFO::Fitting model to feature number 262, palmitoyl.ethanolamide
2024-10-18 12:39:09.348685 INFO::Fitting model to feature number 263, PC.16.0_14.0
2024-10-18 12:39:09.397727 INFO::Fitting model to feature number 264, PC.16.0_18.2
2024-10-18 12:39:09.443849 INFO::Fitting model to feature number 265, PC.18.1_18.2
2024-10-18 12:39:09.487877 INFO::Fitting model to feature number 266, PC.29.0
2024-10-18 12:39:09.546656 INFO::Fitting model to feature number 267, PC.30.0
2024-10-18 12:39:09.59898 INFO::Fitting model to feature number 268, PC.31.0
2024-10-18 12:39:09.645881 INFO::Fitting model to feature number 269, PC.31.1
2024-10-18 12:39:09.692692 INFO::Fitting model to feature number 270, PC.32.0
2024-10-18 12:39:09.738911 INFO::Fitting model to feature number 271, PC.32.1
2024-10-18 12:39:09.782924 INFO::Fitting model to feature number 272, PC.32.2
2024-10-18 12:39:09.823663 INFO::Fitting model to feature number 273, PC.33.1
2024-10-18 12:39:09.866623 INFO::Fitting model to feature number 274, PC.33.2
2024-10-18 12:39:09.941196 INFO::Fitting model to feature number 275, PC.34.0
2024-10-18 12:39:09.991527 INFO::Fitting model to feature number 276, PC.34.2
2024-10-18 12:39:10.046512 INFO::Fitting model to feature number 277, PC.34.3
2024-10-18 12:39:10.097852 INFO::Fitting model to feature number 278, PC.34.3.Isomer.B
2024-10-18 12:39:10.137858 INFO::Fitting model to feature number 279, PC.35.2.Isomer.B
2024-10-18 12:39:10.183053 INFO::Fitting model to feature number 280, PC.35.3
2024-10-18 12:39:10.227337 INFO::Fitting model to feature number 281, PC.35.4
2024-10-18 12:39:10.269593 INFO::Fitting model to feature number 282, PC.36.1
2024-10-18 12:39:10.32384 INFO::Fitting model to feature number 283, PC.36.3.Isomer.A
2024-10-18 12:39:10.365386 INFO::Fitting model to feature number 284, PC.36.4.Isomer.A
2024-10-18 12:39:10.407153 INFO::Fitting model to feature number 285, PC.36.4.Isomer.B
2024-10-18 12:39:10.448402 INFO::Fitting model to feature number 286, PC.36.5.Isomer.A
2024-10-18 12:39:10.503511 INFO::Fitting model to feature number 287, PC.36.5.Isomer.B
2024-10-18 12:39:10.550974 INFO::Fitting model to feature number 288, PC.36.5.Isomer.D
2024-10-18 12:39:10.592233 INFO::Fitting model to feature number 289, PC.38.2
2024-10-18 12:39:10.632896 INFO::Fitting model to feature number 290, PC.38.4.Isomer.B
2024-10-18 12:39:10.67483 INFO::Fitting model to feature number 291, PC.38.4.Isomer.C
2024-10-18 12:39:10.777912 INFO::Fitting model to feature number 292, PC.38.5.Isomer.A
2024-10-18 12:39:10.842253 INFO::Fitting model to feature number 293, PC.38.5.Isomer.B
2024-10-18 12:39:10.903865 INFO::Fitting model to feature number 294, PC.38.6.Isomer.A
2024-10-18 12:39:10.985644 INFO::Fitting model to feature number 295, PC.38.8
2024-10-18 12:39:11.044174 INFO::Fitting model to feature number 296, PC.40.3
2024-10-18 12:39:11.10232 INFO::Fitting model to feature number 297, PC.40.4
2024-10-18 12:39:11.159338 INFO::Fitting model to feature number 298, PC.40.6.Isomer.A
2024-10-18 12:39:11.214108 INFO::Fitting model to feature number 299, PC.40.7.Isomer.B
2024-10-18 12:39:11.266212 INFO::Fitting model to feature number 300, PC.42.4
2024-10-18 12:39:11.308487 INFO::Fitting model to feature number 301, PC.42.5
2024-10-18 12:39:11.348748 INFO::Fitting model to feature number 302, PC.O.20.0_20.4
2024-10-18 12:39:11.390224 INFO::Fitting model to feature number 303, PC.O.30.0
2024-10-18 12:39:11.432632 INFO::Fitting model to feature number 304, PC.O.31.7
2024-10-18 12:39:11.476044 INFO::Fitting model to feature number 305, PC.O.32.0
2024-10-18 12:39:11.518826 INFO::Fitting model to feature number 306, PC.O.34.0
2024-10-18 12:39:11.55829 INFO::Fitting model to feature number 307, PC.O.34.4
2024-10-18 12:39:11.600024 INFO::Fitting model to feature number 308, PC.O.36.4
2024-10-18 12:39:11.659656 INFO::Fitting model to feature number 309, PC.P.32.1.or.PC.O.32.2
2024-10-18 12:39:11.696565 INFO::Fitting model to feature number 310, PC.P.34.0.or.PC.O.34.1
2024-10-18 12:39:11.738854 INFO::Fitting model to feature number 311, PC.P.34.1.or.PC.O.34.2
2024-10-18 12:39:11.779025 INFO::Fitting model to feature number 312, PC.P.36.4.or.PC.O.36.5
2024-10-18 12:39:11.81825 INFO::Fitting model to feature number 313, PC.P.38.3.or.PC.O.38.4.Isomer.B
2024-10-18 12:39:11.860784 INFO::Fitting model to feature number 314, PC.P.38.4.or.PC.O.38.5.Isomer.B
2024-10-18 12:39:11.903226 INFO::Fitting model to feature number 315, PC.P.40.1.or.PC.O.40.2
2024-10-18 12:39:11.947765 INFO::Fitting model to feature number 316, PC.P.40.3.or.PC.O.40.4
2024-10-18 12:39:12.001511 INFO::Fitting model to feature number 317, PE.16.0_16..1
2024-10-18 12:39:12.04287 INFO::Fitting model to feature number 318, PE.16.1_18.1
2024-10-18 12:39:12.095833 INFO::Fitting model to feature number 319, PE.29.0.PE.14.0_15.0
2024-10-18 12:39:12.147505 INFO::Fitting model to feature number 320, PE.30.0.PE.15.0_15.0
2024-10-18 12:39:12.196261 INFO::Fitting model to feature number 321, PE.31.0.PE.15.0_16.0
2024-10-18 12:39:12.237397 INFO::Fitting model to feature number 322, PE.32.1.PE.16.0_16.1
2024-10-18 12:39:12.277527 INFO::Fitting model to feature number 323, PE.32.2
2024-10-18 12:39:12.321876 INFO::Fitting model to feature number 324, PE.33.1.PE.15.0_18.1
2024-10-18 12:39:12.364131 INFO::Fitting model to feature number 325, PE.33.2.PE.15.0_18.2
2024-10-18 12:39:12.429322 INFO::Fitting model to feature number 326, PE.34.0
2024-10-18 12:39:12.465133 INFO::Fitting model to feature number 327, PE.34.1
2024-10-18 12:39:12.508273 INFO::Fitting model to feature number 328, PE.34.1.1
2024-10-18 12:39:12.556091 INFO::Fitting model to feature number 329, PE.34.2
2024-10-18 12:39:12.60973 INFO::Fitting model to feature number 330, PE.36.1
2024-10-18 12:39:12.648426 WARNING::Fitting problem for feature 330 a warning was issued
2024-10-18 12:39:12.70293 INFO::Fitting model to feature number 331, PE.36.2
2024-10-18 12:39:12.758413 INFO::Fitting model to feature number 332, PE.36.3
2024-10-18 12:39:12.798481 INFO::Fitting model to feature number 333, PE.36.4
2024-10-18 12:39:12.839458 INFO::Fitting model to feature number 334, PE.O.16.1_18.1
2024-10-18 12:39:12.879076 INFO::Fitting model to feature number 335, PE.O.16.1_22.6
2024-10-18 12:39:12.922841 INFO::Fitting model to feature number 336, PE.O.22.6_16.1
2024-10-18 12:39:12.965079 INFO::Fitting model to feature number 337, PE.O.36.1
2024-10-18 12:39:13.016247 INFO::Fitting model to feature number 338, PE.P.34.1.or.PE.O.34.2
2024-10-18 12:39:13.065564 INFO::Fitting model to feature number 339, PE.P.36.1.or.PE.O.36.2
2024-10-18 12:39:13.105261 INFO::Fitting model to feature number 340, PE.Cer.35.0.O3.PE.Cer.21.0.O2.14.0.O
2024-10-18 12:39:13.144952 INFO::Fitting model to feature number 341, PE.Cer.36.0.O3.PE.Cer.19.0.O2.17.0.O
2024-10-18 12:39:13.189263 INFO::Fitting model to feature number 342, PEtOH.18.1_18.1
2024-10-18 12:39:13.259965 INFO::Fitting model to feature number 343, PEtOH.18.1_20.4
2024-10-18 12:39:13.298884 INFO::Fitting model to feature number 344, PEtOH.38.4
2024-10-18 12:39:13.340332 INFO::Fitting model to feature number 345, PG.16.0_16.0
2024-10-18 12:39:13.379339 INFO::Fitting model to feature number 346, PG.30.0.PG.15.0_15.0
2024-10-18 12:39:13.417791 INFO::Fitting model to feature number 347, PG.33.0.PG.16.0_17.0
2024-10-18 12:39:13.470559 INFO::Fitting model to feature number 348, PG.34.1.PG.16.0_18.1
2024-10-18 12:39:13.513104 INFO::Fitting model to feature number 349, PG.34.2
2024-10-18 12:39:13.566 INFO::Fitting model to feature number 350, PG.40.7
2024-10-18 12:39:13.618915 INFO::Fitting model to feature number 351, PG.40.8
2024-10-18 12:39:13.657986 INFO::Fitting model to feature number 352, PG.O.34.2.PG.O.18.2_16.0
2024-10-18 12:39:13.697563 INFO::Fitting model to feature number 353, PG.O.36.2.PG.O.18.1_18.1
2024-10-18 12:39:13.738345 INFO::Fitting model to feature number 354, PGE2
2024-10-18 12:39:13.783046 INFO::Fitting model to feature number 355, Phosphatidylethanolamine.alkenyl.16.0.20.4
2024-10-18 12:39:13.822491 INFO::Fitting model to feature number 356, PI.34.1.Isomer.A
2024-10-18 12:39:13.864082 INFO::Fitting model to feature number 357, PI.34.2.Isomer.A
2024-10-18 12:39:13.908656 INFO::Fitting model to feature number 358, PI.36.1.Isomer.A
2024-10-18 12:39:13.956082 INFO::Fitting model to feature number 359, PI.36.2
2024-10-18 12:39:14.014112 INFO::Fitting model to feature number 360, PI.36.3.Isomer.B
2024-10-18 12:39:14.065061 INFO::Fitting model to feature number 361, PI.38.3
2024-10-18 12:39:14.104416 INFO::Fitting model to feature number 362, PI.38.4
2024-10-18 12:39:14.14334 INFO::Fitting model to feature number 363, PI.Cer.33.0.O3
2024-10-18 12:39:14.191219 INFO::Fitting model to feature number 364, PI.Cer.34.0.O3
2024-10-18 12:39:14.245819 INFO::Fitting model to feature number 365, PI.Cer.35.0.O3
2024-10-18 12:39:14.299439 INFO::Fitting model to feature number 366, PI.Cer.36.0.O3
2024-10-18 12:39:14.345517 INFO::Fitting model to feature number 367, PS.16.0_22.4
2024-10-18 12:39:14.398509 INFO::Fitting model to feature number 368, PS.36.1
2024-10-18 12:39:14.444646 INFO::Fitting model to feature number 369, SHexCer.34.1.3O
2024-10-18 12:39:14.487201 INFO::Fitting model to feature number 370, SHexCer.d34.1
2024-10-18 12:39:14.52791 INFO::Fitting model to feature number 371, SL.32.0.O.SL.17.0.O.15.0
2024-10-18 12:39:14.578188 INFO::Fitting model to feature number 372, SL.33.0.O.SL.17.0.O.16.0
2024-10-18 12:39:14.631811 INFO::Fitting model to feature number 373, SL.34.1.O2.SL.17.0.O.17.1.O
2024-10-18 12:39:14.680842 INFO::Fitting model to feature number 374, SL.35.1.O2.SL.18.0.O.17.1.O
2024-10-18 12:39:14.724663 INFO::Fitting model to feature number 375, SM.18.0.2O.22.0
2024-10-18 12:39:14.766419 INFO::Fitting model to feature number 376, SM.24.1
2024-10-18 12:39:14.827361 INFO::Fitting model to feature number 377, SM.29.2.2O.8.0
2024-10-18 12:39:14.866915 INFO::Fitting model to feature number 378, SM.30.2.2O..FA.14.1.
2024-10-18 12:39:14.920325 INFO::Fitting model to feature number 379, SM.34.1.3O
2024-10-18 12:39:14.962965 INFO::Fitting model to feature number 380, SM.36.4.3O
2024-10-18 12:39:15.002291 INFO::Fitting model to feature number 381, SM.38.4.3O
2024-10-18 12:39:15.043243 INFO::Fitting model to feature number 382, SM.42.1.3O
2024-10-18 12:39:15.093969 INFO::Fitting model to feature number 383, SM.43.3.2O
2024-10-18 12:39:15.146096 INFO::Fitting model to feature number 384, SM.d32.0.Isomer.B
2024-10-18 12:39:15.199528 INFO::Fitting model to feature number 385, SM.d32.1
2024-10-18 12:39:15.254314 INFO::Fitting model to feature number 386, SM.d33.1
2024-10-18 12:39:15.310026 INFO::Fitting model to feature number 387, SM.d34.0
2024-10-18 12:39:15.352573 INFO::Fitting model to feature number 388, SM.d34.1
2024-10-18 12:39:15.396791 INFO::Fitting model to feature number 389, SM.d36.0.Isomer.B
2024-10-18 12:39:15.439119 INFO::Fitting model to feature number 390, SM.d36.4
2024-10-18 12:39:15.482562 INFO::Fitting model to feature number 391, SM.d38.0
2024-10-18 12:39:15.522525 INFO::Fitting model to feature number 392, SM.d40.0.Isomer.B
2024-10-18 12:39:15.575467 INFO::Fitting model to feature number 393, SM.d40.1
2024-10-18 12:39:15.644672 INFO::Fitting model to feature number 394, SM.d42.1
2024-10-18 12:39:15.683453 INFO::Fitting model to feature number 395, SM.d42.2.Isomer.B
2024-10-18 12:39:15.72395 INFO::Fitting model to feature number 396, SM.d43.2
2024-10-18 12:39:15.770693 INFO::Fitting model to feature number 397, SM.d44.3
2024-10-18 12:39:15.824215 INFO::Fitting model to feature number 398, SPB.18.1.O2
2024-10-18 12:39:15.864156 INFO::Fitting model to feature number 399, SPB.20.0.2O
2024-10-18 12:39:15.908229 INFO::Fitting model to feature number 400, TG.10.0_10.0_18.2
2024-10-18 12:39:15.923893 WARNING::Fitting problem for feature 400 a warning was issued
2024-10-18 12:39:15.965376 INFO::Fitting model to feature number 401, TG.12.0_14.0_15.0
2024-10-18 12:39:16.005643 INFO::Fitting model to feature number 402, TG.34.0
2024-10-18 12:39:16.054589 INFO::Fitting model to feature number 403, TG.43.1
2024-10-18 12:39:16.094318 INFO::Fitting model to feature number 404, TG.44.0
2024-10-18 12:39:16.144909 INFO::Fitting model to feature number 405, TG.44.2
2024-10-18 12:39:16.1984 INFO::Fitting model to feature number 406, TG.45.0
2024-10-18 12:39:16.253682 INFO::Fitting model to feature number 407, TG.46.3.Isomer.A
2024-10-18 12:39:16.305757 INFO::Fitting model to feature number 408, TG.47.2
2024-10-18 12:39:16.35962 INFO::Fitting model to feature number 409, TG.49.1
2024-10-18 12:39:16.411507 INFO::Fitting model to feature number 410, TG.49.3
2024-10-18 12:39:16.490044 INFO::Fitting model to feature number 411, TG.51.2.TG.17.0_16.1_18.1
2024-10-18 12:39:16.507974 WARNING::Fitting problem for feature 411 a warning was issued
2024-10-18 12:39:16.556422 INFO::Fitting model to feature number 412, TG.53.0
2024-10-18 12:39:16.618502 INFO::Fitting model to feature number 413, TG.53.1
2024-10-18 12:39:16.640476 WARNING::Fitting problem for feature 413 a warning was issued
2024-10-18 12:39:16.701261 INFO::Fitting model to feature number 414, TG.53.9.TG.17.3_18.3_18.3
2024-10-18 12:39:16.754728 INFO::Fitting model to feature number 415, TG.54.5.O2.TG.18.1_18.2_18.2.O2
2024-10-18 12:39:16.804685 INFO::Fitting model to feature number 416, TG.56.5.Isomer.A
2024-10-18 12:39:16.850136 INFO::Fitting model to feature number 417, TG.58.6
2024-10-18 12:39:16.892319 INFO::Fitting model to feature number 418, TG.58.7
2024-10-18 12:39:16.934338 INFO::Fitting model to feature number 419, TG.59.2.TG.16.0_25.0_18.2
2024-10-18 12:39:16.977154 INFO::Fitting model to feature number 420, TG.60.0.TG.18.0_20.0_22.0
2024-10-18 12:39:17.018712 INFO::Fitting model to feature number 421, TG.61.3.TG.18.0_25.0_18.3
2024-10-18 12:39:17.06192 INFO::Fitting model to feature number 422, TG.67.6.TG.31.0_18.3_18.3
2024-10-18 12:39:17.104587 INFO::Fitting model to feature number 423, TG.69.6.TG.33.0_18.3_18.3
2024-10-18 12:39:17.149168 INFO::Fitting model to feature number 424, TG.8.0_10.0_18.2
2024-10-18 12:39:17.188825 INFO::Fitting model to feature number 425, TG.8.0_15.0_18.1
2024-10-18 12:39:17.230638 INFO::Fitting model to feature number 426, TG.8.0_18.2_18.2
2024-10-18 12:39:17.269983 INFO::Fitting model to feature number 427, zymostenol
2024-10-18 12:39:17.345185 INFO::Fitting model to feature number 428, xylulose
2024-10-18 12:39:17.38297 INFO::Fitting model to feature number 429, xylose
2024-10-18 12:39:17.426312 INFO::Fitting model to feature number 430, xanthosine
2024-10-18 12:39:17.468055 INFO::Fitting model to feature number 431, vanillic.acid
2024-10-18 12:39:17.506986 INFO::Fitting model to feature number 432, uridine
2024-10-18 12:39:17.547808 INFO::Fitting model to feature number 433, uric.acid
2024-10-18 12:39:17.588489 INFO::Fitting model to feature number 434, urea
2024-10-18 12:39:17.633109 INFO::Fitting model to feature number 435, tyrosol
2024-10-18 12:39:17.677428 INFO::Fitting model to feature number 436, tyrosine
2024-10-18 12:39:17.73111 INFO::Fitting model to feature number 437, tyramine
2024-10-18 12:39:17.784809 INFO::Fitting model to feature number 438, tryptophan
2024-10-18 12:39:17.840894 INFO::Fitting model to feature number 439, tocopherol.gamma.
2024-10-18 12:39:17.883995 INFO::Fitting model to feature number 440, tocopherol.alpha.
2024-10-18 12:39:17.930068 INFO::Fitting model to feature number 441, thymidine.5.phosphate
2024-10-18 12:39:17.982851 INFO::Fitting model to feature number 442, thymidine
2024-10-18 12:39:18.028598 INFO::Fitting model to feature number 443, taurine
2024-10-18 12:39:18.069473 INFO::Fitting model to feature number 444, succinic.acid
2024-10-18 12:39:18.133795 INFO::Fitting model to feature number 445, suberic.acid
2024-10-18 12:39:18.175397 INFO::Fitting model to feature number 446, sinapinic.acid
2024-10-18 12:39:18.218022 INFO::Fitting model to feature number 447, shikimic.acid
2024-10-18 12:39:18.258876 INFO::Fitting model to feature number 448, serotonin
2024-10-18 12:39:18.299279 INFO::Fitting model to feature number 449, ribose
2024-10-18 12:39:18.344632 INFO::Fitting model to feature number 450, ribonic.acid
2024-10-18 12:39:18.397449 INFO::Fitting model to feature number 451, ribitol
2024-10-18 12:39:18.446552 INFO::Fitting model to feature number 452, quinolinic.acid
2024-10-18 12:39:18.496975 INFO::Fitting model to feature number 453, quinic.acid
2024-10-18 12:39:18.541079 INFO::Fitting model to feature number 454, putrescine
2024-10-18 12:39:18.590024 INFO::Fitting model to feature number 455, pseudo.uridine
2024-10-18 12:39:18.643948 INFO::Fitting model to feature number 456, piperidone
2024-10-18 12:39:18.695103 INFO::Fitting model to feature number 457, pimelic.acid
2024-10-18 12:39:18.734362 INFO::Fitting model to feature number 458, phosphoinositol
2024-10-18 12:39:18.777515 INFO::Fitting model to feature number 459, phosphate
2024-10-18 12:39:18.819875 INFO::Fitting model to feature number 460, phenylalanine
2024-10-18 12:39:18.859828 INFO::Fitting model to feature number 461, phenylacetic.acid
2024-10-18 12:39:18.93812 INFO::Fitting model to feature number 462, pelargonic.acid
2024-10-18 12:39:18.98002 INFO::Fitting model to feature number 463, parabanic.acid
2024-10-18 12:39:19.020399 INFO::Fitting model to feature number 464, panose
2024-10-18 12:39:19.059982 INFO::Fitting model to feature number 465, palmitoleic.acid
2024-10-18 12:39:19.100224 INFO::Fitting model to feature number 466, nonadecanoic.acid
2024-10-18 12:39:19.143999 INFO::Fitting model to feature number 467, N.carbamylglutamate
2024-10-18 12:39:19.183999 INFO::Fitting model to feature number 468, N.alpha.acetyllysine
2024-10-18 12:39:19.224683 INFO::Fitting model to feature number 469, N.acetylputrescine
2024-10-18 12:39:19.264981 INFO::Fitting model to feature number 470, N.acetylneuraminic.acid
2024-10-18 12:39:19.317742 INFO::Fitting model to feature number 471, N.acetylglutamate
2024-10-18 12:39:19.368889 INFO::Fitting model to feature number 472, N.acetyl.D.mannosamine
2024-10-18 12:39:19.409601 INFO::Fitting model to feature number 473, N.acetylaspartic.acid
2024-10-18 12:39:19.452897 INFO::Fitting model to feature number 474, myristic.acid
2024-10-18 12:39:19.504323 INFO::Fitting model to feature number 475, montanic.acid
2024-10-18 12:39:19.558666 INFO::Fitting model to feature number 476, methyl.O.D.galactopyranoside
2024-10-18 12:39:19.611278 INFO::Fitting model to feature number 477, methoxytryptamine
2024-10-18 12:39:19.663836 INFO::Fitting model to feature number 478, methionine
2024-10-18 12:39:19.709613 INFO::Fitting model to feature number 479, methanolphosphate
2024-10-18 12:39:19.773458 INFO::Fitting model to feature number 480, maltotriose
2024-10-18 12:39:19.815126 INFO::Fitting model to feature number 481, malonamide
2024-10-18 12:39:19.857335 INFO::Fitting model to feature number 482, malic.acid
2024-10-18 12:39:19.897972 INFO::Fitting model to feature number 483, maleimide
2024-10-18 12:39:19.944076 INFO::Fitting model to feature number 484, maleic.acid
2024-10-18 12:39:19.996403 INFO::Fitting model to feature number 485, lyxitol
2024-10-18 12:39:20.047177 INFO::Fitting model to feature number 486, lithocholic.acid
2024-10-18 12:39:20.09165 INFO::Fitting model to feature number 487, linolenic.acid
2024-10-18 12:39:20.138376 INFO::Fitting model to feature number 488, lignoceric.acid
2024-10-18 12:39:20.180968 INFO::Fitting model to feature number 489, leucrose
2024-10-18 12:39:20.22162 INFO::Fitting model to feature number 490, lauric.acid
2024-10-18 12:39:20.263968 INFO::Fitting model to feature number 491, lactulose
2024-10-18 12:39:20.305153 INFO::Fitting model to feature number 492, lactose
2024-10-18 12:39:20.347671 INFO::Fitting model to feature number 493, lactic.acid
2024-10-18 12:39:20.389273 INFO::Fitting model to feature number 494, isothreonic.acid
2024-10-18 12:39:20.428242 INFO::Fitting model to feature number 495, isomyristic.acid
2024-10-18 12:39:20.46931 INFO::Fitting model to feature number 496, isoferulic.acid
2024-10-18 12:39:20.537565 INFO::Fitting model to feature number 497, isocholic.acid
2024-10-18 12:39:20.577691 INFO::Fitting model to feature number 498, inositol.4.monophosphate
2024-10-18 12:39:20.621508 INFO::Fitting model to feature number 499, inosine
2024-10-18 12:39:20.668961 INFO::Fitting model to feature number 500, indole.3.lactate
2024-10-18 12:39:20.717977 INFO::Fitting model to feature number 501, hypotaurine
2024-10-18 12:39:20.76524 INFO::Fitting model to feature number 502, homoserine
2024-10-18 12:39:20.8288 INFO::Fitting model to feature number 503, heptanoic.acid
2024-10-18 12:39:20.891688 INFO::Fitting model to feature number 504, guanosine
2024-10-18 12:39:20.954587 INFO::Fitting model to feature number 505, guanidinosuccinate
2024-10-18 12:39:21.018205 INFO::Fitting model to feature number 506, glycyl.tyrosine
2024-10-18 12:39:21.072511 INFO::Fitting model to feature number 507, glycine
2024-10-18 12:39:21.096247 WARNING::Fitting problem for feature 507 a warning was issued
2024-10-18 12:39:21.159851 INFO::Fitting model to feature number 508, glycerol.alpha.phosphate
2024-10-18 12:39:21.215277 INFO::Fitting model to feature number 509, glycerol.3.galactoside
2024-10-18 12:39:21.263869 INFO::Fitting model to feature number 510, glycerol
2024-10-18 12:39:21.314045 INFO::Fitting model to feature number 511, glyceric.acid
2024-10-18 12:39:21.365842 INFO::Fitting model to feature number 512, glutaric.acid
2024-10-18 12:39:21.422176 INFO::Fitting model to feature number 513, glucose.6.phosphate
2024-10-18 12:39:21.499501 INFO::Fitting model to feature number 514, glucose.1.phosphate
2024-10-18 12:39:21.550962 INFO::Fitting model to feature number 515, glucose
2024-10-18 12:39:21.600646 INFO::Fitting model to feature number 516, glucoheptulose
2024-10-18 12:39:21.650505 INFO::Fitting model to feature number 517, galacturonic.acid
2024-10-18 12:39:21.700615 INFO::Fitting model to feature number 518, galactose
2024-10-18 12:39:21.750927 INFO::Fitting model to feature number 519, galactinol
2024-10-18 12:39:21.801031 INFO::Fitting model to feature number 520, fumaric.acid
2024-10-18 12:39:21.867905 INFO::Fitting model to feature number 521, fructose.6.phosphate
2024-10-18 12:39:21.919897 INFO::Fitting model to feature number 522, fructose
2024-10-18 12:39:21.974909 INFO::Fitting model to feature number 523, ferulic.acid
2024-10-18 12:39:22.029524 INFO::Fitting model to feature number 524, ethanolamine
2024-10-18 12:39:22.076483 INFO::Fitting model to feature number 525, enolpyruvate
2024-10-18 12:39:22.12942 INFO::Fitting model to feature number 526, dihydrocholesterol
2024-10-18 12:39:22.181104 INFO::Fitting model to feature number 527, dihydro.3.coumaric.acid
2024-10-18 12:39:22.230592 INFO::Fitting model to feature number 528, digalacturonic.acid
2024-10-18 12:39:22.29882 INFO::Fitting model to feature number 529, cysteine
2024-10-18 12:39:22.363504 INFO::Fitting model to feature number 530, coprostan.3.one
2024-10-18 12:39:22.436854 INFO::Fitting model to feature number 531, citric.acid
2024-10-18 12:39:22.494276 INFO::Fitting model to feature number 532, cholic.acid
2024-10-18 12:39:22.544359 INFO::Fitting model to feature number 533, cholesterol
2024-10-18 12:39:22.594147 INFO::Fitting model to feature number 534, chenodeoxycholic.acid
2024-10-18 12:39:22.655638 INFO::Fitting model to feature number 535, cerotinic.acid
2024-10-18 12:39:22.704912 INFO::Fitting model to feature number 536, cellobiose
2024-10-18 12:39:22.755462 INFO::Fitting model to feature number 537, capric.acid
2024-10-18 12:39:22.808427 INFO::Fitting model to feature number 538, campesterol
2024-10-18 12:39:22.860446 INFO::Fitting model to feature number 539, cadaverine
2024-10-18 12:39:22.912601 INFO::Fitting model to feature number 540, butyrolactam
2024-10-18 12:39:22.979883 INFO::Fitting model to feature number 541, butylamine
2024-10-18 12:39:23.026042 INFO::Fitting model to feature number 542, biphenyl
2024-10-18 12:39:23.079186 INFO::Fitting model to feature number 543, beta.glutamic.acid
2024-10-18 12:39:23.130204 INFO::Fitting model to feature number 544, beta.alanyl.lysine
2024-10-18 12:39:23.195997 INFO::Fitting model to feature number 545, beta.alanine
2024-10-18 12:39:23.257482 INFO::Fitting model to feature number 546, behenic.acid
2024-10-18 12:39:23.320067 INFO::Fitting model to feature number 547, azelaic.acid
2024-10-18 12:39:23.405661 INFO::Fitting model to feature number 548, asparagine
2024-10-18 12:39:23.452753 INFO::Fitting model to feature number 549, arachidic.acid
2024-10-18 12:39:23.501272 INFO::Fitting model to feature number 550, arabitol
2024-10-18 12:39:23.561697 INFO::Fitting model to feature number 551, anthranilic.acid
2024-10-18 12:39:23.626243 INFO::Fitting model to feature number 552, adipic.acid
2024-10-18 12:39:23.691526 INFO::Fitting model to feature number 553, adenosine
2024-10-18 12:39:23.753601 INFO::Fitting model to feature number 554, X6.deoxyglucose
2024-10-18 12:39:23.800297 INFO::Fitting model to feature number 555, X5.methoxytryptamine
2024-10-18 12:39:23.855069 INFO::Fitting model to feature number 556, X5.hydroxymethyl.2.furoic.acid
2024-10-18 12:39:23.921411 INFO::Fitting model to feature number 557, X5.aminovaleric.acid
2024-10-18 12:39:23.986471 INFO::Fitting model to feature number 558, X4.pyridoxic.acid
2024-10-18 12:39:24.034882 INFO::Fitting model to feature number 559, X4.hydroxyphenylacetic.acid
2024-10-18 12:39:24.085638 INFO::Fitting model to feature number 560, X4.hydroxybutyric.acid
2024-10-18 12:39:24.138924 INFO::Fitting model to feature number 561, X4..5.dihydroxy.7.glucosyloxyflavanone
2024-10-18 12:39:24.187928 INFO::Fitting model to feature number 562, X3.phenyllactic.acid
2024-10-18 12:39:24.234054 INFO::Fitting model to feature number 563, X3.hydroxyphenylacetic.acid
2024-10-18 12:39:24.2808 INFO::Fitting model to feature number 564, X3.hydroxypalmitic.acid
2024-10-18 12:39:24.344685 INFO::Fitting model to feature number 565, X3.hydroxy.3.methylglutaric.acid
2024-10-18 12:39:24.390012 WARNING::Fitting problem for feature 565 a warning was issued
2024-10-18 12:39:24.439838 INFO::Fitting model to feature number 566, X3.aminoisobutyric.acid
2024-10-18 12:39:24.490021 INFO::Fitting model to feature number 567, X3.6.anhydro.D.galactose
2024-10-18 12:39:24.542383 INFO::Fitting model to feature number 568, X3.4.dihydroxycinnamic.acid
2024-10-18 12:39:24.594809 INFO::Fitting model to feature number 569, X3..4.hydroxyphenyl.propionic.acid
2024-10-18 12:39:24.643518 INFO::Fitting model to feature number 570, X3..3.hydroxyphenyl.propionic.acid
2024-10-18 12:39:24.694566 INFO::Fitting model to feature number 571, X3..3.hydroxyphenyl..3.hydroxypropionic.acid
2024-10-18 12:39:24.762174 INFO::Fitting model to feature number 572, X2.ketoisocaproic.acid
2024-10-18 12:39:24.812224 INFO::Fitting model to feature number 573, X2.hydroxyisocaproic.acid
2024-10-18 12:39:24.862728 INFO::Fitting model to feature number 574, X2.hydroxyglutaric.acid
2024-10-18 12:39:24.916111 INFO::Fitting model to feature number 575, X2.deoxyuridine
2024-10-18 12:39:24.967294 INFO::Fitting model to feature number 576, X2.deoxytetronic.acid
2024-10-18 12:39:25.020749 INFO::Fitting model to feature number 577, X2..deoxyguanosine
2024-10-18 12:39:25.07668 INFO::Fitting model to feature number 578, X2.6.diaminopimelic.acid
2024-10-18 12:39:25.129649 INFO::Fitting model to feature number 579, X2.5.dihydroxypyrazine
2024-10-18 12:39:25.185808 INFO::Fitting model to feature number 580, X2.3.diaminopropionic.acid
2024-10-18 12:39:25.237112 INFO::Fitting model to feature number 581, X1.monopalmitin
2024-10-18 12:39:25.308584 INFO::Fitting model to feature number 582, X1.kestose
2024-10-18 12:39:25.363185 INFO::Fitting model to feature number 583, X1.3.diaminopropane
2024-10-18 12:39:25.429152 INFO::Fitting model to feature number 584, X1.2.4.benzenetriol
2024-10-18 12:39:25.493544 INFO::Fitting model to feature number 585, X.15.3..Anacardic.acid
2024-10-18 12:39:25.54295 INFO::Fitting model to feature number 586, X.9Z.12R..12.Hydroxyoctadec.9.enoic.acid
2024-10-18 12:39:25.59633 INFO::Fitting model to feature number 587, X.dehydro.ornithine
2024-10-18 12:39:25.647152 INFO::Fitting model to feature number 588, X.R..Butyrylcarnitine
2024-10-18 12:39:25.706118 INFO::Fitting model to feature number 589, X.S..1.Methylnicotinium
2024-10-18 12:39:25.776912 INFO::Fitting model to feature number 590, X.sulfanylsulfonyl.methane
2024-10-18 12:39:25.832072 INFO::Fitting model to feature number 591, X.Z..5.8.11.trihydroxyoctadec.9.enoic.acid
2024-10-18 12:39:25.889365 INFO::Fitting model to feature number 592, X1..1Z.Hexadecenyl..sn.glycero.3.phosphocholine
2024-10-18 12:39:25.952396 INFO::Fitting model to feature number 593, X1..1Z.Octadecenyl..sn.glycero.3.phosphocholine
2024-10-18 12:39:26.014217 INFO::Fitting model to feature number 594, X1..9Z.12Z.Octadecadienoyl.2.hydroxy.sn.glycero.3.phosphocholine
2024-10-18 12:39:26.075962 INFO::Fitting model to feature number 595, X1.2.Cyclohexanedione
2024-10-18 12:39:26.136662 INFO::Fitting model to feature number 596, X1.7.Dimethyluric.acid
2024-10-18 12:39:26.18491 INFO::Fitting model to feature number 597, X1.Hexadecyl.sn.glycero.3.phosphocholine
2024-10-18 12:39:26.244252 INFO::Fitting model to feature number 598, X1.Methylnicotinamide
2024-10-18 12:39:26.291867 INFO::Fitting model to feature number 599, X1.Methylpseudouridine
2024-10-18 12:39:26.375209 INFO::Fitting model to feature number 600, X1.Palmitoyl.2.hydroxy.sn.glycero.3.phospho..1..rac.glycerol.
2024-10-18 12:39:26.4223 INFO::Fitting model to feature number 601, X1.Palmitoyl.sn.glycero.3.phosphocholine
2024-10-18 12:39:26.490824 INFO::Fitting model to feature number 602, X1.Stearoyl.2.hydroxy.sn.glycero.3.phosphocholine
2024-10-18 12:39:26.562497 INFO::Fitting model to feature number 603, X1.Stearoyl.2.hydroxy.sn.glycero.3.phosphoethanolamine
2024-10-18 12:39:26.637292 INFO::Fitting model to feature number 604, X2..1.Methyl.1H.imidazol.5.yl.acetic.acid
2024-10-18 12:39:26.711338 INFO::Fitting model to feature number 605, X2..2.6.dimethylmorpholin.4.yl.ethanol
2024-10-18 12:39:26.77706 INFO::Fitting model to feature number 606, X2..n.ethyl.n.m.toluidino.ethanol
2024-10-18 12:39:26.838604 INFO::Fitting model to feature number 607, X2.6.dihydroxybenzoic.acid
2024-10-18 12:39:26.892863 INFO::Fitting model to feature number 608, X2.acetylpyrazine
2024-10-18 12:39:26.947776 INFO::Fitting model to feature number 609, X2.Amino.1.phenylethanol
2024-10-18 12:39:27.003879 INFO::Fitting model to feature number 610, X2.Amino.3.methoxybenzoic.acid
2024-10-18 12:39:27.06194 INFO::Fitting model to feature number 611, X2..Deoxycytidine
2024-10-18 12:39:27.116051 INFO::Fitting model to feature number 612, X2..Deoxycytidine.1
2024-10-18 12:39:27.173288 INFO::Fitting model to feature number 613, X2..Deoxyguanosine.5..monophosphate
2024-10-18 12:39:27.230335 INFO::Fitting model to feature number 614, X2..Deoxyinosine
2024-10-18 12:39:27.281403 INFO::Fitting model to feature number 615, X2.Hydroxy.4.methylpentanoic.acid
2024-10-18 12:39:27.345724 INFO::Fitting model to feature number 616, X2.Hydroxybenzaldehyde
2024-10-18 12:39:27.425673 INFO::Fitting model to feature number 617, X2.hydroxybutyric.acid
2024-10-18 12:39:27.4927 INFO::Fitting model to feature number 618, X2.hydroxypalmitic.acid
2024-10-18 12:39:27.542716 INFO::Fitting model to feature number 619, X2.Hydroxyphenethyl.alcohol
2024-10-18 12:39:27.59485 INFO::Fitting model to feature number 620, X2.Isopropylmalic.acid
2024-10-18 12:39:27.645872 INFO::Fitting model to feature number 621, X2.Methyl.N..4.Methylphenyl.alanine
2024-10-18 12:39:27.702677 INFO::Fitting model to feature number 622, X2.phenylmalonaldehyde
2024-10-18 12:39:27.755668 INFO::Fitting model to feature number 623, X2.Pyridone
2024-10-18 12:39:27.807868 INFO::Fitting model to feature number 624, X3..1.Methyl.1H.pyrazol.5.yl.propanoic.acid
2024-10-18 12:39:27.864972 INFO::Fitting model to feature number 625, X3..1.Pyrazolyl..alanine
2024-10-18 12:39:27.923011 INFO::Fitting model to feature number 626, X3..3.Hydroxyphenyl.propionic.acid
2024-10-18 12:39:27.988606 INFO::Fitting model to feature number 627, X3..5..2.Methylpropyl..3.6.dioxopiperazin.2.yl.propanoic.acid
2024-10-18 12:39:28.043371 INFO::Fitting model to feature number 628, X3.beta.allopregnanolone.sulfate
2024-10-18 12:39:28.100677 INFO::Fitting model to feature number 629, X3.cyanocoumarin
2024-10-18 12:39:28.155854 INFO::Fitting model to feature number 630, X3.Deoxyuridine
2024-10-18 12:39:28.216327 INFO::Fitting model to feature number 631, X3.hydroxybutyrylcarnitine
2024-10-18 12:39:28.28516 INFO::Fitting model to feature number 632, X3.Hydroxymorphinan
2024-10-18 12:39:28.353158 INFO::Fitting model to feature number 633, X3.Hydroxyproline
2024-10-18 12:39:28.444063 INFO::Fitting model to feature number 634, X3.Hydroxyvaleric.acid
2024-10-18 12:39:28.491617 INFO::Fitting model to feature number 635, X3.Methyl.gamma.butyrolactone
2024-10-18 12:39:28.537596 INFO::Fitting model to feature number 636, X3.Methylhistidine
2024-10-18 12:39:28.561271 WARNING::Fitting problem for feature 636 a warning was issued
2024-10-18 12:39:28.612345 INFO::Fitting model to feature number 637, X3.Methylxanthine
2024-10-18 12:39:28.670535 INFO::Fitting model to feature number 638, X3.oxocholic.acid
2024-10-18 12:39:28.720549 INFO::Fitting model to feature number 639, X4.Acetamidobutyric.acid
2024-10-18 12:39:28.77681 INFO::Fitting model to feature number 640, X4.Amino.2.methyl.5.pyrimidinemethanol
2024-10-18 12:39:28.828244 INFO::Fitting model to feature number 641, X4.Aminomethylcyclohexanecarboxylic.acid
2024-10-18 12:39:28.882507 INFO::Fitting model to feature number 642, X4.aminosalicylic.acid
2024-10-18 12:39:28.948455 INFO::Fitting model to feature number 643, X4.Hydroxymandelonitrile
2024-10-18 12:39:29.009403 INFO::Fitting model to feature number 644, X4.Methyl.5.thiazoleethanol
2024-10-18 12:39:29.071429 INFO::Fitting model to feature number 645, X4.Pentylaniline
2024-10-18 12:39:29.12959 INFO::Fitting model to feature number 646, X4.Trimethylammoniobutanoic.acid
2024-10-18 12:39:29.18456 INFO::Fitting model to feature number 647, X5.Acetylamino.6.amino.3.methyluracil
2024-10-18 12:39:29.234899 INFO::Fitting model to feature number 648, X5.Aminosalicylic.acid
2024-10-18 12:39:29.292068 INFO::Fitting model to feature number 649, X5.beta.androstan.3.alpha.ol.17.one.sulfate
2024-10-18 12:39:29.33949 INFO::Fitting model to feature number 650, X5.hydroxyindoleacetate
2024-10-18 12:39:29.409294 INFO::Fitting model to feature number 651, X5.Hydroxymethylcytidine
2024-10-18 12:39:29.471596 INFO::Fitting model to feature number 652, X5.Methylcytidine
2024-10-18 12:39:29.529501 INFO::Fitting model to feature number 653, X5..Methylthioadenosine
2024-10-18 12:39:29.5763 INFO::Fitting model to feature number 654, X6.7.Dihydroxycoumarin
2024-10-18 12:39:29.626921 INFO::Fitting model to feature number 655, X6.Aminoindazole
2024-10-18 12:39:29.674739 INFO::Fitting model to feature number 656, X7.Keto.3alpha.12.alpha.dihydroxycholanic.acid
2024-10-18 12:39:29.737497 INFO::Fitting model to feature number 657, X7.Methylguanine
2024-10-18 12:39:29.800154 INFO::Fitting model to feature number 658, X8.Oxo.2.deoxyadenosine
2024-10-18 12:39:29.863461 INFO::Fitting model to feature number 659, X9.10.dihydroxystearic.acid
2024-10-18 12:39:29.925923 INFO::Fitting model to feature number 660, Acetaminophen.sulfate
2024-10-18 12:39:29.976039 INFO::Fitting model to feature number 661, Acetylcarnitine
2024-10-18 12:39:30.021942 INFO::Fitting model to feature number 662, Adenine
2024-10-18 12:39:30.071668 INFO::Fitting model to feature number 663, adenosine.1
2024-10-18 12:39:30.122916 INFO::Fitting model to feature number 664, Agmatine
2024-10-18 12:39:30.1724 INFO::Fitting model to feature number 665, Ala.Ala
2024-10-18 12:39:30.226528 INFO::Fitting model to feature number 666, Ala.Ala.Lys
2024-10-18 12:39:30.289951 INFO::Fitting model to feature number 667, Ala.Arg
2024-10-18 12:39:30.384068 INFO::Fitting model to feature number 668, Ala.Gln
2024-10-18 12:39:30.442478 INFO::Fitting model to feature number 669, Ala.His
2024-10-18 12:39:30.506086 INFO::Fitting model to feature number 670, Ala.Ile.Arg
2024-10-18 12:39:30.568995 INFO::Fitting model to feature number 671, Ala.Lys
2024-10-18 12:39:30.625273 INFO::Fitting model to feature number 672, Ala.Phe
2024-10-18 12:39:30.685332 INFO::Fitting model to feature number 673, ala.pro
2024-10-18 12:39:30.741347 INFO::Fitting model to feature number 674, Ala.Thr
2024-10-18 12:39:30.786711 INFO::Fitting model to feature number 675, Ala.Trp
2024-10-18 12:39:30.837944 INFO::Fitting model to feature number 676, Ala.Val.Lys
2024-10-18 12:39:30.886465 INFO::Fitting model to feature number 677, alpha.Galactosamine.1.phosphate
2024-10-18 12:39:30.936345 INFO::Fitting model to feature number 678, aminocarnitine
2024-10-18 12:39:30.992703 INFO::Fitting model to feature number 679, Arabitol
2024-10-18 12:39:31.051558 INFO::Fitting model to feature number 680, Arg.Gly
2024-10-18 12:39:31.104581 INFO::Fitting model to feature number 681, Arginine
2024-10-18 12:39:31.150784 INFO::Fitting model to feature number 682, arg.pro
2024-10-18 12:39:31.210695 INFO::Fitting model to feature number 683, Arg.Thr
2024-10-18 12:39:31.270903 INFO::Fitting model to feature number 684, Arg.Trp
2024-10-18 12:39:31.338381 INFO::Fitting model to feature number 685, Asn.Arg
2024-10-18 12:39:31.393404 INFO::Fitting model to feature number 686, Asn.Asn
2024-10-18 12:39:31.441548 INFO::Fitting model to feature number 687, Asn.Glu
2024-10-18 12:39:31.502945 INFO::Fitting model to feature number 688, Asn.Tyr
2024-10-18 12:39:31.562361 INFO::Fitting model to feature number 689, Asp.Arg
2024-10-18 12:39:31.625741 INFO::Fitting model to feature number 690, Aspartic.acid
2024-10-18 12:39:31.688989 INFO::Fitting model to feature number 691, Asp.Leu.Lys
2024-10-18 12:39:31.73954 INFO::Fitting model to feature number 692, Asp.Lys
2024-10-18 12:39:31.785955 INFO::Fitting model to feature number 693, Asp.Phe
2024-10-18 12:39:31.83525 INFO::Fitting model to feature number 694, Asp.Tyr
2024-10-18 12:39:31.894494 INFO::Fitting model to feature number 695, Azithromycin
2024-10-18 12:39:31.945445 INFO::Fitting model to feature number 696, beta.homoleucine
2024-10-18 12:39:31.996627 INFO::Fitting model to feature number 697, Betaine
2024-10-18 12:39:32.045916 INFO::Fitting model to feature number 698, Biliverdin
2024-10-18 12:39:32.099226 INFO::Fitting model to feature number 699, Blood.Group.A.Tetrasaccharide
2024-10-18 12:39:32.163342 INFO::Fitting model to feature number 700, cadaverine.1
2024-10-18 12:39:32.214582 INFO::Fitting model to feature number 701, Caffeic.acid
2024-10-18 12:39:32.263017 INFO::Fitting model to feature number 702, cAMP
2024-10-18 12:39:32.337742 INFO::Fitting model to feature number 703, carnitine
2024-10-18 12:39:32.381216 INFO::Fitting model to feature number 704, carnosine
2024-10-18 12:39:32.437516 INFO::Fitting model to feature number 705, Catechol
2024-10-18 12:39:32.481914 INFO::Fitting model to feature number 706, chenodeoxycholic.acid.1
2024-10-18 12:39:32.53349 INFO::Fitting model to feature number 707, cholesterol.3.sulfate....1046
2024-10-18 12:39:32.595163 INFO::Fitting model to feature number 708, Cholic.acid
2024-10-18 12:39:32.642762 INFO::Fitting model to feature number 709, Choline
2024-10-18 12:39:32.690767 INFO::Fitting model to feature number 710, citrulline
2024-10-18 12:39:32.738761 INFO::Fitting model to feature number 711, Cortisone
2024-10-18 12:39:32.789481 INFO::Fitting model to feature number 712, Cortodoxone
2024-10-18 12:39:32.839485 INFO::Fitting model to feature number 713, Creatine
2024-10-18 12:39:32.890481 INFO::Fitting model to feature number 714, Cysteic.Acid
2024-10-18 12:39:32.940847 INFO::Fitting model to feature number 715, cysteine.S.sulfate
2024-10-18 12:39:33.00315 INFO::Fitting model to feature number 716, Cytidine
2024-10-18 12:39:33.055399 INFO::Fitting model to feature number 717, Daidzein
2024-10-18 12:39:33.099054 INFO::Fitting model to feature number 718, decanedioic.acid
2024-10-18 12:39:33.151627 INFO::Fitting model to feature number 719, dehydroepiandrosterone.sulfate
2024-10-18 12:39:33.233999 INFO::Fitting model to feature number 720, delta.Hydroxylysine
2024-10-18 12:39:33.292582 INFO::Fitting model to feature number 721, deoxycarnitine
2024-10-18 12:39:33.352476 INFO::Fitting model to feature number 722, Deoxycholate
2024-10-18 12:39:33.40886 INFO::Fitting model to feature number 723, deprenyl
2024-10-18 12:39:33.471032 INFO::Fitting model to feature number 724, D.erythro.N.stearoylsphingosine
2024-10-18 12:39:33.530554 INFO::Fitting model to feature number 725, Desloratadine
2024-10-18 12:39:33.579918 INFO::Fitting model to feature number 726, dibenzylamine
2024-10-18 12:39:33.634328 INFO::Fitting model to feature number 727, Dihydrosphingosine
2024-10-18 12:39:33.692144 INFO::Fitting model to feature number 728, DL.Octopamine
2024-10-18 12:39:33.764272 INFO::Fitting model to feature number 729, docosahexaenoic.acid
2024-10-18 12:39:33.835451 INFO::Fitting model to feature number 730, Docosatetraenoic.acid
2024-10-18 12:39:33.890411 INFO::Fitting model to feature number 731, D.Pyroglutamic.acid
2024-10-18 12:39:33.947705 INFO::Fitting model to feature number 732, Eicosenoic.acid
2024-10-18 12:39:34.003922 INFO::Fitting model to feature number 733, E.N.Deoxyfructosyllysine
2024-10-18 12:39:34.065354 INFO::Fitting model to feature number 734, ethanolamine.1
2024-10-18 12:39:34.121776 INFO::Fitting model to feature number 735, Ethyl..4.amino.1.piperidinyl.acetate
2024-10-18 12:39:34.193484 INFO::Fitting model to feature number 736, Ferulic.acid
2024-10-18 12:39:34.343465 INFO::Fitting model to feature number 737, Galacto.N.biose
2024-10-18 12:39:34.41484 INFO::Fitting model to feature number 738, gamma.aminobutyric.acid
2024-10-18 12:39:34.467643 INFO::Fitting model to feature number 739, gamma.Glutamylmethionine
2024-10-18 12:39:34.523542 INFO::Fitting model to feature number 740, gamma.linolenic.acid
2024-10-18 12:39:34.58664 INFO::Fitting model to feature number 741, Gln.Ala
2024-10-18 12:39:34.659284 INFO::Fitting model to feature number 742, Gln.Arg
2024-10-18 12:39:34.734635 INFO::Fitting model to feature number 743, Gln.Glu
2024-10-18 12:39:34.804141 INFO::Fitting model to feature number 744, Gln.Leu.Lys
2024-10-18 12:39:34.888706 INFO::Fitting model to feature number 745, Gln.Met
2024-10-18 12:39:34.973855 INFO::Fitting model to feature number 746, Gln.Phe
2024-10-18 12:39:35.055062 INFO::Fitting model to feature number 747, Gln.Pro
2024-10-18 12:39:35.136341 INFO::Fitting model to feature number 748, Gln.Tyr
2024-10-18 12:39:35.222118 INFO::Fitting model to feature number 749, Glu.Ala.Lys
2024-10-18 12:39:35.325188 INFO::Fitting model to feature number 750, Glucosamine.6.phosphate
2024-10-18 12:39:35.398654 INFO::Fitting model to feature number 751, Glu.Glu
2024-10-18 12:39:35.461022 INFO::Fitting model to feature number 752, Glu.Gly
2024-10-18 12:39:35.523889 INFO::Fitting model to feature number 753, Glu.His
2024-10-18 12:39:35.615191 INFO::Fitting model to feature number 754, Glu.Ile.Lys
2024-10-18 12:39:35.703438 INFO::Fitting model to feature number 755, glutamic.acid
2024-10-18 12:39:35.8014 INFO::Fitting model to feature number 756, Glutamine
2024-10-18 12:39:35.874897 INFO::Fitting model to feature number 757, Glu.Val.Phe
2024-10-18 12:39:35.92348 INFO::Fitting model to feature number 758, Gly.Asn
2024-10-18 12:39:35.985995 INFO::Fitting model to feature number 759, Gly.Asp
2024-10-18 12:39:36.075586 INFO::Fitting model to feature number 760, glycerophosphocholine
2024-10-18 12:39:36.156807 INFO::Fitting model to feature number 761, glycine.1
2024-10-18 12:39:36.229413 INFO::Fitting model to feature number 762, Glycitein
2024-10-18 12:39:36.305101 INFO::Fitting model to feature number 763, glycocholic.acid
2024-10-18 12:39:36.381015 INFO::Fitting model to feature number 764, Gly.Glu
2024-10-18 12:39:36.451931 INFO::Fitting model to feature number 765, Gly.His
2024-10-18 12:39:36.517784 INFO::Fitting model to feature number 766, Gly.Ile
2024-10-18 12:39:36.570033 INFO::Fitting model to feature number 767, Gly.Ile.Lys
2024-10-18 12:39:36.620369 INFO::Fitting model to feature number 768, Gly.Met
2024-10-18 12:39:36.673018 INFO::Fitting model to feature number 769, Gly.Phe
2024-10-18 12:39:36.75162 INFO::Fitting model to feature number 770, Gly.Pro
2024-10-18 12:39:36.836882 INFO::Fitting model to feature number 771, Gly.Val.Lys
2024-10-18 12:39:36.897552 INFO::Fitting model to feature number 772, guanidinosuccinate.1
2024-10-18 12:39:36.957477 INFO::Fitting model to feature number 773, Guanine
2024-10-18 12:39:37.007082 INFO::Fitting model to feature number 774, Guanosine
2024-10-18 12:39:37.063725 INFO::Fitting model to feature number 775, His.Ala
2024-10-18 12:39:37.11543 INFO::Fitting model to feature number 776, His.Gln
2024-10-18 12:39:37.178545 INFO::Fitting model to feature number 777, his.ile
2024-10-18 12:39:37.24366 INFO::Fitting model to feature number 778, His.Leu
2024-10-18 12:39:37.313942 INFO::Fitting model to feature number 779, His.Ser
2024-10-18 12:39:37.386377 INFO::Fitting model to feature number 780, Histamine
2024-10-18 12:39:37.478147 INFO::Fitting model to feature number 781, His.Thr
2024-10-18 12:39:37.571818 INFO::Fitting model to feature number 782, histidine
2024-10-18 12:39:37.659733 INFO::Fitting model to feature number 783, His.Tyr
2024-10-18 12:39:37.732327 INFO::Fitting model to feature number 784, His.Val
2024-10-18 12:39:37.811809 INFO::Fitting model to feature number 785, Homarine
2024-10-18 12:39:37.878392 INFO::Fitting model to feature number 786, Hypoxanthine
2024-10-18 12:39:37.944042 INFO::Fitting model to feature number 787, Ile.Ala
2024-10-18 12:39:38.011589 INFO::Fitting model to feature number 788, Ile.Arg
2024-10-18 12:39:38.121134 INFO::Fitting model to feature number 789, Ile.Gln
2024-10-18 12:39:38.16879 INFO::Fitting model to feature number 790, Ile.Glu
2024-10-18 12:39:38.220213 INFO::Fitting model to feature number 791, Ile.Phe
2024-10-18 12:39:38.267606 INFO::Fitting model to feature number 792, Ile.Pro
2024-10-18 12:39:38.319926 INFO::Fitting model to feature number 793, Ile.Ser
2024-10-18 12:39:38.370992 INFO::Fitting model to feature number 794, Ile.Thr
2024-10-18 12:39:38.425766 INFO::Fitting model to feature number 795, Ile.Trp
2024-10-18 12:39:38.478596 INFO::Fitting model to feature number 796, Ile.Val
2024-10-18 12:39:38.533928 INFO::Fitting model to feature number 797, Ile.Val.Arg
2024-10-18 12:39:38.585384 INFO::Fitting model to feature number 798, Indole.3.carboxaldehyde
2024-10-18 12:39:38.64595 INFO::Fitting model to feature number 799, Inosine
2024-10-18 12:39:38.697067 INFO::Fitting model to feature number 800, isethionate
2024-10-18 12:39:38.762091 INFO::Fitting model to feature number 801, Isoleucine
2024-10-18 12:39:38.828254 INFO::Fitting model to feature number 802, Isorhamnetin.3.O.rutinoside
2024-10-18 12:39:38.893323 INFO::Fitting model to feature number 803, Ketoisovaleric.acid
2024-10-18 12:39:38.952549 INFO::Fitting model to feature number 804, Kynurenic.acid
2024-10-18 12:39:39.008105 INFO::Fitting model to feature number 805, L.Arginine..methyl.ester
2024-10-18 12:39:39.087108 INFO::Fitting model to feature number 806, Lauroyl.L.carnitine
2024-10-18 12:39:39.149505 INFO::Fitting model to feature number 807, Leu.Asn
2024-10-18 12:39:39.205599 INFO::Fitting model to feature number 808, Leucine
2024-10-18 12:39:39.252247 INFO::Fitting model to feature number 809, leucyl.leucine
2024-10-18 12:39:39.323715 INFO::Fitting model to feature number 810, Leu.Gly.Leu
2024-10-18 12:39:39.398642 INFO::Fitting model to feature number 811, Leu.His
2024-10-18 12:39:39.476622 INFO::Fitting model to feature number 812, Leu.Leu
2024-10-18 12:39:39.559702 INFO::Fitting model to feature number 813, Leu.Met
2024-10-18 12:39:39.627626 INFO::Fitting model to feature number 814, Leu.Phe
2024-10-18 12:39:39.72269 INFO::Fitting model to feature number 815, Leu.Thr
2024-10-18 12:39:39.838195 INFO::Fitting model to feature number 816, Leu.Trp
2024-10-18 12:39:39.91303 INFO::Fitting model to feature number 817, Leu.Val.Lys
2024-10-18 12:39:39.986102 INFO::Fitting model to feature number 818, Linoleoyl.ethanolamide
2024-10-18 12:39:40.061162 INFO::Fitting model to feature number 819, LPA.16.0
2024-10-18 12:39:40.136801 INFO::Fitting model to feature number 820, LPC.12.0
2024-10-18 12:39:40.222488 INFO::Fitting model to feature number 821, LPC.15.0
2024-10-18 12:39:40.30385 INFO::Fitting model to feature number 822, LPC.16.0
2024-10-18 12:39:40.386966 INFO::Fitting model to feature number 823, LPC.18.0....1185
2024-10-18 12:39:40.450681 INFO::Fitting model to feature number 824, LPC.18.1.Isomer.B
2024-10-18 12:39:40.523045 INFO::Fitting model to feature number 825, LPC.O.16.1....1188
2024-10-18 12:39:40.595681 INFO::Fitting model to feature number 826, LPE.16.0....1189
2024-10-18 12:39:40.668602 INFO::Fitting model to feature number 827, LPE.O.16.1
2024-10-18 12:39:40.756116 INFO::Fitting model to feature number 828, LPI.18.0
2024-10-18 12:39:40.825381 INFO::Fitting model to feature number 829, L.Saccharopine
2024-10-18 12:39:40.901909 INFO::Fitting model to feature number 830, Lys.Asp
2024-10-18 12:39:40.96961 INFO::Fitting model to feature number 831, Lys.Gly
2024-10-18 12:39:41.03406 INFO::Fitting model to feature number 832, lysine
2024-10-18 12:39:41.085688 INFO::Fitting model to feature number 833, Lys.Phe
2024-10-18 12:39:41.147023 INFO::Fitting model to feature number 834, Lys.Pro
2024-10-18 12:39:41.22337 INFO::Fitting model to feature number 835, Lys.Ser
2024-10-18 12:39:41.286635 INFO::Fitting model to feature number 836, Lys.Val
2024-10-18 12:39:41.364603 INFO::Fitting model to feature number 837, Malonic.acid
2024-10-18 12:39:41.452811 INFO::Fitting model to feature number 838, Mandelic.acid
2024-10-18 12:39:41.53502 INFO::Fitting model to feature number 839, Mannitol
2024-10-18 12:39:41.653501 INFO::Fitting model to feature number 840, Melatonin
2024-10-18 12:39:41.747317 INFO::Fitting model to feature number 841, Met.Ala
2024-10-18 12:39:41.819235 INFO::Fitting model to feature number 842, Met.Arg
2024-10-18 12:39:41.903217 INFO::Fitting model to feature number 843, Met.Asp
2024-10-18 12:39:41.990029 INFO::Fitting model to feature number 844, Met.Glu
2024-10-18 12:39:42.067117 INFO::Fitting model to feature number 845, Methacholine
2024-10-18 12:39:42.145942 INFO::Fitting model to feature number 846, Methionine
2024-10-18 12:39:42.218175 INFO::Fitting model to feature number 847, methionine.sulfone
2024-10-18 12:39:42.279063 INFO::Fitting model to feature number 848, methionine.sulfoxide
2024-10-18 12:39:42.344196 INFO::Fitting model to feature number 849, Met.His
2024-10-18 12:39:42.415462 INFO::Fitting model to feature number 850, Methohexital
2024-10-18 12:39:42.485389 INFO::Fitting model to feature number 851, Methyl.beta.galactopyranoside
2024-10-18 12:39:42.547926 INFO::Fitting model to feature number 852, methylglyoxal.derived.hydroimidazolone
2024-10-18 12:39:42.599332 INFO::Fitting model to feature number 853, Met.Lys
2024-10-18 12:39:42.648549 INFO::Fitting model to feature number 854, Met.Met
2024-10-18 12:39:42.700569 INFO::Fitting model to feature number 855, Met.Thr
2024-10-18 12:39:42.748565 INFO::Fitting model to feature number 856, Met.Val
2024-10-18 12:39:42.813686 INFO::Fitting model to feature number 857, myo.inositol
2024-10-18 12:39:42.892986 INFO::Fitting model to feature number 858, Myristoyl.L.carnitine
2024-10-18 12:39:42.954454 INFO::Fitting model to feature number 859, N..2.6.dimethylphenyl..2.hydroxyacetamide
2024-10-18 12:39:43.016222 INFO::Fitting model to feature number 860, N..5.acetamidopentyl.acetamide
2024-10-18 12:39:43.074995 INFO::Fitting model to feature number 861, N.N..Diacetylcystine
2024-10-18 12:39:43.126235 INFO::Fitting model to feature number 862, N.N.epsiloN.dimethyl.lysine
2024-10-18 12:39:43.175475 INFO::Fitting model to feature number 863, N2.acetyl.histidine
2024-10-18 12:39:43.228433 INFO::Fitting model to feature number 864, N8.acetylspermidine
2024-10-18 12:39:43.277112 INFO::Fitting model to feature number 865, N.acetylarginine
2024-10-18 12:39:43.327895 INFO::Fitting model to feature number 866, N.Acetyl.D.proline
2024-10-18 12:39:43.376041 INFO::Fitting model to feature number 867, N.Acetylglucosamine
2024-10-18 12:39:43.422918 INFO::Fitting model to feature number 868, N..Acetylisonicotinohydrazide
2024-10-18 12:39:43.478122 INFO::Fitting model to feature number 869, N.Acetylputrescine
2024-10-18 12:39:43.535904 INFO::Fitting model to feature number 870, N.Acetylserine
2024-10-18 12:39:43.594772 INFO::Fitting model to feature number 871, N.alpha.methylhistamine
2024-10-18 12:39:43.64017 INFO::Fitting model to feature number 872, Neohesperidin
2024-10-18 12:39:43.683359 INFO::Fitting model to feature number 873, Nervonic.acid
2024-10-18 12:39:43.739568 INFO::Fitting model to feature number 874, N.Formylmethionine
2024-10-18 12:39:43.82478 INFO::Fitting model to feature number 875, N.fructosyl.isoleucine
2024-10-18 12:39:43.869918 INFO::Fitting model to feature number 876, Nicotinamide.riboside
2024-10-18 12:39:43.913445 INFO::Fitting model to feature number 877, Nicotinic.acid
2024-10-18 12:39:43.958423 INFO::Fitting model to feature number 878, N.Isobutyrylglycine
2024-10-18 12:39:44.008825 INFO::Fitting model to feature number 879, N.Methylanthranilic.acid
2024-10-18 12:39:44.058553 INFO::Fitting model to feature number 880, N.Methylglutamic.acid
2024-10-18 12:39:44.109933 INFO::Fitting model to feature number 881, N.Methylproline
2024-10-18 12:39:44.157608 INFO::Fitting model to feature number 882, N.Methylthreonine
2024-10-18 12:39:44.206493 INFO::Fitting model to feature number 883, N.Methyltyrosine
2024-10-18 12:39:44.254402 INFO::Fitting model to feature number 884, N.nitroimidazolidi.N.2.imine
2024-10-18 12:39:44.316372 INFO::Fitting model to feature number 885, N.nitrosopyrrolidine
2024-10-18 12:39:44.363219 INFO::Fitting model to feature number 886, N.omega.Acetylhistamine
2024-10-18 12:39:44.414665 INFO::Fitting model to feature number 887, Octadecanedioic.acid
2024-10-18 12:39:44.468232 INFO::Fitting model to feature number 888, Octopine
2024-10-18 12:39:44.517536 INFO::Fitting model to feature number 889, Oleoyl.L.carnitine
2024-10-18 12:39:44.571485 INFO::Fitting model to feature number 890, O.Phosphocholine
2024-10-18 12:39:44.622249 INFO::Fitting model to feature number 891, ornithine....1268
2024-10-18 12:39:44.691546 INFO::Fitting model to feature number 892, Palmitoylcarnitine
2024-10-18 12:39:44.738167 INFO::Fitting model to feature number 893, Pantothenic.acid
2024-10-18 12:39:44.786305 INFO::Fitting model to feature number 894, Pantothenic.acid.1
2024-10-18 12:39:44.844746 INFO::Fitting model to feature number 895, p.coumaric.acid
2024-10-18 12:39:44.891307 INFO::Fitting model to feature number 896, Phe.Ala
2024-10-18 12:39:44.942885 INFO::Fitting model to feature number 897, phe.arg
2024-10-18 12:39:44.993034 INFO::Fitting model to feature number 898, Phe.Asn
2024-10-18 12:39:45.057583 INFO::Fitting model to feature number 899, Phe.Glu
2024-10-18 12:39:45.120446 INFO::Fitting model to feature number 900, Phe.His
2024-10-18 12:39:45.186873 INFO::Fitting model to feature number 901, Phe.Lys
2024-10-18 12:39:45.238069 INFO::Fitting model to feature number 902, phenylacetylglycine
2024-10-18 12:39:45.290978 INFO::Fitting model to feature number 903, Phenylalanine
2024-10-18 12:39:45.339577 INFO::Fitting model to feature number 904, Phe.Thr
2024-10-18 12:39:45.390938 INFO::Fitting model to feature number 905, Phe.Tyr
2024-10-18 12:39:45.454022 INFO::Fitting model to feature number 906, Phe.Val
2024-10-18 12:39:45.516003 INFO::Fitting model to feature number 907, Pipecolic.acid
2024-10-18 12:39:45.574497 INFO::Fitting model to feature number 908, piperine
2024-10-18 12:39:45.643764 INFO::Fitting model to feature number 909, Pro.Asp
2024-10-18 12:39:45.700351 INFO::Fitting model to feature number 910, pro.gly
2024-10-18 12:39:45.753246 INFO::Fitting model to feature number 911, Pro.Ile
2024-10-18 12:39:45.806763 INFO::Fitting model to feature number 912, Proline
2024-10-18 12:39:45.866588 INFO::Fitting model to feature number 913, Pro.Phe
2024-10-18 12:39:45.929199 INFO::Fitting model to feature number 914, Pro.Pro
2024-10-18 12:39:45.992807 INFO::Fitting model to feature number 915, Pro.Ser
2024-10-18 12:39:46.05348 INFO::Fitting model to feature number 916, Pro.Thr
2024-10-18 12:39:46.098884 INFO::Fitting model to feature number 917, Pseudouridine
2024-10-18 12:39:46.144687 INFO::Fitting model to feature number 918, putrescine.1
2024-10-18 12:39:46.191425 INFO::Fitting model to feature number 919, Pyridoxamine
2024-10-18 12:39:46.239892 INFO::Fitting model to feature number 920, pyrrolidine
2024-10-18 12:39:46.286271 INFO::Fitting model to feature number 921, pyruvic.acid...1307
2024-10-18 12:39:46.346062 INFO::Fitting model to feature number 922, quinaldic.acid
2024-10-18 12:39:46.392381 INFO::Fitting model to feature number 923, riboflavin
2024-10-18 12:39:46.451566 INFO::Fitting model to feature number 924, Rosmarinic.acid
2024-10-18 12:39:46.509577 INFO::Fitting model to feature number 925, S.Adenosyl.L.methionine
2024-10-18 12:39:46.565592 INFO::Fitting model to feature number 926, salicylamide
2024-10-18 12:39:46.639511 INFO::Fitting model to feature number 927, SDMA
2024-10-18 12:39:46.682402 INFO::Fitting model to feature number 928, sedoheptulose
2024-10-18 12:39:46.726597 INFO::Fitting model to feature number 929, Ser.Asp
2024-10-18 12:39:46.772051 INFO::Fitting model to feature number 930, serine....1320
2024-10-18 12:39:46.818691 INFO::Fitting model to feature number 931, Ser.Lys
2024-10-18 12:39:46.869073 INFO::Fitting model to feature number 932, ser.pro
2024-10-18 12:39:46.920537 INFO::Fitting model to feature number 933, Ser.Thr
2024-10-18 12:39:46.964936 INFO::Fitting model to feature number 934, Ser.Val
2024-10-18 12:39:47.015645 INFO::Fitting model to feature number 935, SM.22.1.2O.12.0
2024-10-18 12:39:47.067661 INFO::Fitting model to feature number 936, SPERMIDINE
2024-10-18 12:39:47.118106 INFO::Fitting model to feature number 937, Stercobilin
2024-10-18 12:39:47.178261 INFO::Fitting model to feature number 938, sulfochenodeoxycholic.acid
2024-10-18 12:39:47.236033 INFO::Fitting model to feature number 939, sulfolithocholic.acid
2024-10-18 12:39:47.294622 INFO::Fitting model to feature number 940, Tagatose
2024-10-18 12:39:47.350835 INFO::Fitting model to feature number 941, Taurine
2024-10-18 12:39:47.393855 INFO::Fitting model to feature number 942, Taurocholic.acid
2024-10-18 12:39:47.439571 INFO::Fitting model to feature number 943, Tauromuricholic.acid
2024-10-18 12:39:47.520844 INFO::Fitting model to feature number 944, Thiamine
2024-10-18 12:39:47.568531 INFO::Fitting model to feature number 945, Thr.Ala
2024-10-18 12:39:47.614786 INFO::Fitting model to feature number 946, Thr.Asp
2024-10-18 12:39:47.660232 INFO::Fitting model to feature number 947, threonine
2024-10-18 12:39:47.709536 INFO::Fitting model to feature number 948, Thr.His
2024-10-18 12:39:47.756624 INFO::Fitting model to feature number 949, Thr.Ile.Lys
2024-10-18 12:39:47.819464 INFO::Fitting model to feature number 950, Thr.Lys
2024-10-18 12:39:47.870616 INFO::Fitting model to feature number 951, Thr.Ser
2024-10-18 12:39:47.928618 INFO::Fitting model to feature number 952, Thr.Thr
2024-10-18 12:39:47.992578 INFO::Fitting model to feature number 953, Thr.Val
2024-10-18 12:39:48.042444 INFO::Fitting model to feature number 954, Thymidine
2024-10-18 12:39:48.091295 INFO::Fitting model to feature number 955, Thymine
2024-10-18 12:39:48.147304 INFO::Fitting model to feature number 956, TMAO
2024-10-18 12:39:48.204255 INFO::Fitting model to feature number 957, Tomatidine
2024-10-18 12:39:48.254945 INFO::Fitting model to feature number 958, trans.Zeatin
2024-10-18 12:39:48.30942 INFO::Fitting model to feature number 959, Trihydroxycholestanoic.acid
2024-10-18 12:39:48.364583 INFO::Fitting model to feature number 960, TRIMETHYLAMINE
2024-10-18 12:39:48.442806 INFO::Fitting model to feature number 961, Trp.Ser
2024-10-18 12:39:48.488961 INFO::Fitting model to feature number 962, Trp.Val
2024-10-18 12:39:48.536671 INFO::Fitting model to feature number 963, Tryptamine
2024-10-18 12:39:48.587076 INFO::Fitting model to feature number 964, Tryptoline
2024-10-18 12:39:48.639154 INFO::Fitting model to feature number 965, Tryptophan
2024-10-18 12:39:48.69789 INFO::Fitting model to feature number 966, Tyr.Ala
2024-10-18 12:39:48.752387 INFO::Fitting model to feature number 967, tyr.arg
2024-10-18 12:39:48.802683 INFO::Fitting model to feature number 968, Tyr.Asn
2024-10-18 12:39:48.859326 INFO::Fitting model to feature number 969, Tyr.Lys
2024-10-18 12:39:48.913312 INFO::Fitting model to feature number 970, tyrosine.1
2024-10-18 12:39:48.965287 INFO::Fitting model to feature number 971, Tyr.Thr
2024-10-18 12:39:49.02224 INFO::Fitting model to feature number 972, Tyr.Tyr.Tyr
2024-10-18 12:39:49.086229 INFO::Fitting model to feature number 973, Tyr.Val
2024-10-18 12:39:49.146579 INFO::Fitting model to feature number 974, Uracil
2024-10-18 12:39:49.205393 INFO::Fitting model to feature number 975, urea.1
2024-10-18 12:39:49.259476 INFO::Fitting model to feature number 976, uric.acid.1
2024-10-18 12:39:49.318469 INFO::Fitting model to feature number 977, Uridine
2024-10-18 12:39:49.398945 INFO::Fitting model to feature number 978, uridine.5.monophosphate
2024-10-18 12:39:49.454063 INFO::Fitting model to feature number 979, urobilin
2024-10-18 12:39:49.512665 INFO::Fitting model to feature number 980, Urocanic.acid
2024-10-18 12:39:49.570943 INFO::Fitting model to feature number 981, Ursocholic.acid
2024-10-18 12:39:49.627746 INFO::Fitting model to feature number 982, Val.Arg
2024-10-18 12:39:49.681179 INFO::Fitting model to feature number 983, Val.Asp
2024-10-18 12:39:49.736352 INFO::Fitting model to feature number 984, valeryl.carnitine
2024-10-18 12:39:49.794078 INFO::Fitting model to feature number 985, Val.Gly
2024-10-18 12:39:49.841095 INFO::Fitting model to feature number 986, Val.His
2024-10-18 12:39:49.887748 INFO::Fitting model to feature number 987, Valine
2024-10-18 12:39:49.932457 INFO::Fitting model to feature number 988, Val.Met
2024-10-18 12:39:49.978204 INFO::Fitting model to feature number 989, Val.Phe.Lys
2024-10-18 12:39:50.03056 INFO::Fitting model to feature number 990, Val.Pro
2024-10-18 12:39:50.079041 INFO::Fitting model to feature number 991, Val.Ser
2024-10-18 12:39:50.139916 INFO::Fitting model to feature number 992, Val.Thr
2024-10-18 12:39:50.201963 INFO::Fitting model to feature number 993, Val.Tyr
2024-10-18 12:39:50.263112 INFO::Fitting model to feature number 994, Val.Val
2024-10-18 12:39:50.336065 INFO::Fitting model to feature number 995, Val.Val.Lys
2024-10-18 12:39:50.378762 INFO::Fitting model to feature number 996, xanthine
2024-10-18 12:39:50.427218 INFO::Fitting model to feature number 997, Xanthurenic.acid
2024-10-18 12:39:50.597862 INFO::Counting total values for each feature
2024-10-18 12:39:50.639915 INFO::Writing filtered data to file /home/julianne/Documents/biogeography/Shotgun/melonnpan/SPF_Gavage/Mets-Site-1-MsID//features/filtered_data.tsv
2024-10-18 12:39:50.662092 INFO::Writing filtered, normalized data to file /home/julianne/Documents/biogeography/Shotgun/melonnpan/SPF_Gavage/Mets-Site-1-MsID//features/filtered_data_norm.tsv
2024-10-18 12:39:50.678849 INFO::Writing filtered, normalized, transformed data to file /home/julianne/Documents/biogeography/Shotgun/melonnpan/SPF_Gavage/Mets-Site-1-MsID//features/filtered_data_norm_transformed.tsv
2024-10-18 12:39:50.702161 INFO::Writing residuals to file /home/julianne/Documents/biogeography/Shotgun/melonnpan/SPF_Gavage/Mets-Site-1-MsID//fits/residuals.rds
2024-10-18 12:39:50.713804 INFO::Writing fitted values to file /home/julianne/Documents/biogeography/Shotgun/melonnpan/SPF_Gavage/Mets-Site-1-MsID//fits/fitted.rds
2024-10-18 12:39:50.721858 INFO::Writing extracted random effects to file /home/julianne/Documents/biogeography/Shotgun/melonnpan/SPF_Gavage/Mets-Site-1-MsID//fits/ranef.rds
2024-10-18 12:39:50.727822 INFO::Writing all results to file (ordered by increasing q-values): /home/julianne/Documents/biogeography/Shotgun/melonnpan/SPF_Gavage/Mets-Site-1-MsID//all_results.tsv
2024-10-18 12:39:50.738051 INFO::Writing the significant results (those which are less than or equal to the threshold of 0.250000 ) to file (ordered by increasing q-values): /home/julianne/Documents/biogeography/Shotgun/melonnpan/SPF_Gavage/Mets-Site-1-MsID//significant_results.tsv
