2024-10-18 12:19:20.336057 INFO::Writing function arguments to log file
2024-10-18 12:19:20.336914 DEBUG::Function arguments
2024-10-18 12:19:20.337172 DEBUG::Output folder: /home/julianne/Documents/biogeography/Donors-Analysis/melonnpan/Mets-SeqRunSexSite_General-1-MsID-DonorID
2024-10-18 12:19:20.33739 DEBUG::Min Abundance: 0.000000
2024-10-18 12:19:20.337594 DEBUG::Min Prevalence: 0.150000
2024-10-18 12:19:20.337797 DEBUG::Normalization: NONE
2024-10-18 12:19:20.337996 DEBUG::Transform: LOG
2024-10-18 12:19:20.338187 DEBUG::Analysis method: LM
2024-10-18 12:19:20.338375 DEBUG::Max significance: 0.250000
2024-10-18 12:19:20.338592 DEBUG::Random effects: MouseID,DonorID
2024-10-18 12:19:20.338789 DEBUG::Fixed effects: Sequencing_Run,Sex,Site_General
2024-10-18 12:19:20.338984 DEBUG::Correction method: BH
2024-10-18 12:19:20.339252 DEBUG::Standardize: TRUE
2024-10-18 12:19:20.339608 DEBUG::Cores: 1
2024-10-18 12:19:20.339956 INFO::Verifying options selected are valid
2024-10-18 12:19:20.341147 INFO::Determining format of input files
2024-10-18 12:19:20.342412 INFO::Input format is data samples as columns and metadata samples as rows
2024-10-18 12:19:20.352018 DEBUG::Transformed data so samples are rows
2024-10-18 12:19:20.354594 DEBUG::A total of 262 samples were found in both the data and metadata
2024-10-18 12:19:20.355148 DEBUG::Reordering data/metadata to use same sample ordering
2024-10-18 12:19:20.464376 WARNING::Feature name not found in metadata so not applied to formula as random effect: DonorID
2024-10-18 12:19:20.466375 INFO::Formula for random effects: expr ~ (1 | MouseID)
2024-10-18 12:19:20.46806 INFO::Formula for fixed effects: expr ~  Sequencing_Run + Sex + Site_General
2024-10-18 12:19:20.470145 INFO::Factor detected for categorial metadata 'Sex'. Provide a reference argument or manually set factor ordering to change reference level.
2024-10-18 12:19:20.471771 INFO::Filter data based on min abundance and min prevalence
2024-10-18 12:19:20.473113 INFO::Total samples in data: 262
2024-10-18 12:19:20.474539 INFO::Min samples required with min abundance for a feature not to be filtered: 39.300000
2024-10-18 12:19:20.487446 INFO::Total filtered features: 0
2024-10-18 12:19:20.488528 INFO::Filtered feature names from abundance and prevalence filtering:
2024-10-18 12:19:20.516445 INFO::Total filtered features with variance filtering: 9
2024-10-18 12:19:20.518168 INFO::Filtered feature names from variance filtering: X13.HpOTrE, PC.O.36.5.PC.O.16.0_20.5, TG.50.6, UDP.glucuronic.acid, N.acetylmannosamine, lyxose, isoleucine, histidinol, phthalic.acid
2024-10-18 12:19:20.519222 INFO::Running selected normalization method: NONE
2024-10-18 12:19:20.520139 INFO::Applying z-score to standardize continuous metadata
2024-10-18 12:19:20.525738 INFO::Running selected transform method: LOG
2024-10-18 12:19:20.564734 INFO::Running selected analysis method: LM
2024-10-18 12:19:20.56905 INFO::Fitting model to feature number 1, X13.KODE
2024-10-18 12:19:20.732872 INFO::Fitting model to feature number 2, X3.hydroxymyristic.acid
2024-10-18 12:19:20.804193 INFO::Fitting model to feature number 3, X4.HDoHE
2024-10-18 12:19:20.869353 INFO::Fitting model to feature number 4, CAR.14.1
2024-10-18 12:19:20.936255 INFO::Fitting model to feature number 5, CAR.16.0
2024-10-18 12:19:20.986893 INFO::Fitting model to feature number 6, CAR.18.0.Isomer.A
2024-10-18 12:19:21.04285 INFO::Fitting model to feature number 7, CAR.18.2.Isomer.B
2024-10-18 12:19:21.100255 INFO::Fitting model to feature number 8, Cer.16.0.2O_23.0
2024-10-18 12:19:21.167324 INFO::Fitting model to feature number 9, Cer.17.0.3O.24.0..2OH.
2024-10-18 12:19:21.220409 INFO::Fitting model to feature number 10, Cer.17.1.2O.24.1
2024-10-18 12:19:21.636987 INFO::Fitting model to feature number 11, Cer.18.0.2O.16.0
2024-10-18 12:19:21.680075 INFO::Fitting model to feature number 12, Cer.18.0.2O_20.0
2024-10-18 12:19:21.732122 INFO::Fitting model to feature number 13, Cer.18.1.2O.23.0..2OH.
2024-10-18 12:19:21.78097 INFO::Fitting model to feature number 14, Cer.18.1.2O_22.0..2OH.
2024-10-18 12:19:21.832982 INFO::Fitting model to feature number 15, Cer.18.1.3O.25.0
2024-10-18 12:19:21.885707 INFO::Fitting model to feature number 16, Cer.18.2.2O.22.0
2024-10-18 12:19:21.934427 INFO::Fitting model to feature number 17, Cer.18.2.2O.24.1
2024-10-18 12:19:21.983794 INFO::Fitting model to feature number 18, Cer.19.1.2O.24.1
2024-10-18 12:19:22.036257 INFO::Fitting model to feature number 19, Cer.20.0.2O.26.0
2024-10-18 12:19:22.082519 INFO::Fitting model to feature number 20, Cer.31.2.O3.Cer.18.1.O2.13.1.O
2024-10-18 12:19:22.137204 INFO::Fitting model to feature number 21, Cer.33.0.O3.Cer.17.0.O2.16.0.3OH.
2024-10-18 12:19:22.206217 INFO::Fitting model to feature number 22, Cer.33.0.O3.Cer.17.0.O2.16.0.O
2024-10-18 12:19:22.288326 INFO::Fitting model to feature number 23, Cer.33.1.O2.Cer.17.1.O2.16.0
2024-10-18 12:19:22.363431 INFO::Fitting model to feature number 24, Cer.34.0.O3.Cer.17.0.O2.17.0.3OH.
2024-10-18 12:19:22.44504 INFO::Fitting model to feature number 25, Cer.34.1.O2.Cer.18.1.O2.16.0
2024-10-18 12:19:22.540877 INFO::Fitting model to feature number 26, Cer.34.1.O3.Cer.18.1.O2.16.0.O
2024-10-18 12:19:22.63011 INFO::Fitting model to feature number 27, Cer.34.2.O3.Cer.17.0.O2.17.2.3OH.
2024-10-18 12:19:22.685119 INFO::Fitting model to feature number 28, Cer.35.0.O3.Cer.18.0.O2.17.0.3OH.
2024-10-18 12:19:22.748724 INFO::Fitting model to feature number 29, Cer.35.0.O3.Cer.18.0.O2.17.0.O
2024-10-18 12:19:22.798146 INFO::Fitting model to feature number 30, Cer.35.1.O3.Cer.18.0.O2.17.1.3OH.
2024-10-18 12:19:22.855784 INFO::Fitting model to feature number 31, Cer.35.1.O3.Cer.19.0.O2.16.1.O
2024-10-18 12:19:22.920439 INFO::Fitting model to feature number 32, Cer.36.0.O3.Cer.19.0.O2.17.0.3OH.
2024-10-18 12:19:22.979542 INFO::Fitting model to feature number 33, Cer.36.0.O3.Cer.19.0.O2.17.0.O
2024-10-18 12:19:23.042194 INFO::Fitting model to feature number 34, Cer.36.0.O4.Cer.18.0.O3.18.0.2OH.
2024-10-18 12:19:23.089292 INFO::Fitting model to feature number 35, Cer.36.1.O2.Cer.18.0.O2.18.1
2024-10-18 12:19:23.152447 INFO::Fitting model to feature number 36, Cer.36.1.O3.Cer.18.0.O2.18.1.O
2024-10-18 12:19:23.213351 INFO::Fitting model to feature number 37, Cer.36.1.O3.Cer.18.1.O2.18.0.O
2024-10-18 12:19:23.262517 INFO::Fitting model to feature number 38, Cer.36.2.O2.Cer.18.1.O2.18.1
2024-10-18 12:19:23.310672 INFO::Fitting model to feature number 39, Cer.36.3.O2.Cer.18.1.O2.18.2
2024-10-18 12:19:23.373828 INFO::Fitting model to feature number 40, Cer.38.0.O2.Cer.20.0.O2.18.0
2024-10-18 12:19:23.449628 INFO::Fitting model to feature number 41, Cer.38.0.O3.Cer.20.0.O2.18.0.O
2024-10-18 12:19:23.525136 INFO::Fitting model to feature number 42, Cer.38.0.O4.Cer.18.0.O3.20.0.2OH.
2024-10-18 12:19:23.627556 INFO::Fitting model to feature number 43, Cer.38.2.O2.Cer.18.1.O2.20.1
2024-10-18 12:19:23.694283 INFO::Fitting model to feature number 44, Cer.38.3.O3.Cer.18.1.O2.20.2.O
2024-10-18 12:19:23.75026 INFO::Fitting model to feature number 45, Cer.38.3.O4.Cer.24.2.O3.14.1.2OH.
2024-10-18 12:19:23.815764 INFO::Fitting model to feature number 46, Cer.38.5.O3.Cer.18.1.O2.20.4.O
2024-10-18 12:19:23.869351 INFO::Fitting model to feature number 47, Cer.39.1.O2.Cer.18.1.O2.21.0
2024-10-18 12:19:23.913373 INFO::Fitting model to feature number 48, Cer.40.0.O3.Cer.18.0.O2.22.0.O
2024-10-18 12:19:23.963957 INFO::Fitting model to feature number 49, Cer.40.2.O2.Cer.18.1.O2.22.1
2024-10-18 12:19:24.017618 INFO::Fitting model to feature number 50, Cer.41.0.O2.Cer.18.0.O2.23.0
2024-10-18 12:19:24.072976 INFO::Fitting model to feature number 51, Cer.41.0.O4.Cer.18.0.O3.23.0.2OH.
2024-10-18 12:19:24.118791 INFO::Fitting model to feature number 52, Cer.41.1.O2.Cer.17.1.O2.24.0
2024-10-18 12:19:24.167239 INFO::Fitting model to feature number 53, Cer.41.1.O3.Cer.21.0.O2.20.1.O
2024-10-18 12:19:24.213444 INFO::Fitting model to feature number 54, Cer.41.2.3O.Cer.22.2.O2.19.0.O
2024-10-18 12:19:24.290374 INFO::Fitting model to feature number 55, Cer.41.3.3O.Cer.22.1.O2.19.2.O
2024-10-18 12:19:24.364754 INFO::Fitting model to feature number 56, Cer.42.0.O3.Cer.18.0.O2.24.0.2OH.
2024-10-18 12:19:24.434062 INFO::Fitting model to feature number 57, Cer.42.0.O3.Cer.18.0.O2.24.0.O
2024-10-18 12:19:24.506043 INFO::Fitting model to feature number 58, Cer.42.0.O3.Cer.18.0.O3.24.0
2024-10-18 12:19:24.603634 INFO::Fitting model to feature number 59, Cer.42.0.O3.Cer.20.0.O2.22.0.O
2024-10-18 12:19:24.669766 INFO::Fitting model to feature number 60, Cer.42.1.O3.Cer.18.1.O2.24.0.2OH.
2024-10-18 12:19:24.752004 INFO::Fitting model to feature number 61, Cer.42.1.O3.Cer.20.1.O2.22.0.O
2024-10-18 12:19:24.820157 INFO::Fitting model to feature number 62, Cer.42.1.O4.Cer.18.0.O3.24.1.2OH.
2024-10-18 12:19:24.867259 INFO::Fitting model to feature number 63, Cer.42.2.O2.Cer.18.1.O2.24.1
2024-10-18 12:19:24.923213 INFO::Fitting model to feature number 64, Cer.42.2.O4.Cer.18.1.O3.24.1.2OH.
2024-10-18 12:19:24.97283 INFO::Fitting model to feature number 65, Cer.42.3.O2.Cer.22.0.O2.20.3
2024-10-18 12:19:25.024298 INFO::Fitting model to feature number 66, Cer.43.0.O2.Cer.17.0.O2.26.0
2024-10-18 12:19:25.07168 INFO::Fitting model to feature number 67, Cer.43.0.O4.Cer.18.0.O3.25.0.2OH.
2024-10-18 12:19:25.121365 INFO::Fitting model to feature number 68, Cer.43.1.O2.Cer.17.1.O2.26.0
2024-10-18 12:19:25.166596 INFO::Fitting model to feature number 69, Cer.43.3.O3.Cer.22.2.O2.21.1.O
2024-10-18 12:19:25.218967 INFO::Fitting model to feature number 70, Cer.44.0.O3.Cer.20.0.O2.24.0.O
2024-10-18 12:19:25.27472 INFO::Fitting model to feature number 71, Cer.44.1.O3.Cer.20.1.O2.24.0.2OH.
2024-10-18 12:19:25.327705 INFO::Fitting model to feature number 72, Cer.46.1.O2.Cer.20.1.O2.26.0
2024-10-18 12:19:25.390709 INFO::Fitting model to feature number 73, Cer.46.1.O3.Cer.20.1.O2.26.0.2OH.
2024-10-18 12:19:25.481922 INFO::Fitting model to feature number 74, Cer.46.4.O2.Cer.18.1.O2.28.3
2024-10-18 12:19:25.586096 INFO::Fitting model to feature number 75, Cer.50.1.O4.Cer.18.0.O2.17.0.3OH..FA.15.0.
2024-10-18 12:19:25.715505 INFO::Fitting model to feature number 76, Cer.50.1.O4.Cer.35.0.O3.FA.15.0.
2024-10-18 12:19:25.798133 INFO::Fitting model to feature number 77, Cer.52.2.O3.Cer.18.1.O2.34.1.O
2024-10-18 12:19:25.868745 INFO::Fitting model to feature number 78, Cer.d31.2
2024-10-18 12:19:25.940146 INFO::Fitting model to feature number 79, Cer.d32.1
2024-10-18 12:19:25.985945 INFO::Fitting model to feature number 80, Cer.d33.1
2024-10-18 12:19:26.034712 INFO::Fitting model to feature number 81, Cer.d34.0
2024-10-18 12:19:26.093664 INFO::Fitting model to feature number 82, Cer.d34.1
2024-10-18 12:19:26.151958 INFO::Fitting model to feature number 83, Cer.d34.2.Isomer.A
2024-10-18 12:19:26.210944 INFO::Fitting model to feature number 84, Cer.d34.2.Isomer.B
2024-10-18 12:19:26.258051 INFO::Fitting model to feature number 85, Cer.d35.1
2024-10-18 12:19:26.307019 INFO::Fitting model to feature number 86, Cer.d36.1
2024-10-18 12:19:26.368105 INFO::Fitting model to feature number 87, Cer.d36.2
2024-10-18 12:19:26.426302 INFO::Fitting model to feature number 88, Cer.d37.1
2024-10-18 12:19:26.474094 INFO::Fitting model to feature number 89, Cer.d38.1
2024-10-18 12:19:26.546099 INFO::Fitting model to feature number 90, Cer.d39.1
2024-10-18 12:19:26.591291 INFO::Fitting model to feature number 91, Cer.d40.0
2024-10-18 12:19:26.638363 INFO::Fitting model to feature number 92, Cer.d40.1
2024-10-18 12:19:26.683645 INFO::Fitting model to feature number 93, Cer.d40.2
2024-10-18 12:19:26.735057 INFO::Fitting model to feature number 94, Cer.d41.1
2024-10-18 12:19:26.792669 INFO::Fitting model to feature number 95, Cer.d41.2
2024-10-18 12:19:26.850691 INFO::Fitting model to feature number 96, Cer.d42.0
2024-10-18 12:19:26.90856 INFO::Fitting model to feature number 97, Cer.d42.1
2024-10-18 12:19:26.966072 INFO::Fitting model to feature number 98, Cer.d42.2.Isomer.A
2024-10-18 12:19:27.015872 INFO::Fitting model to feature number 99, Cer.d42.2.Isomer.B
2024-10-18 12:19:27.062435 INFO::Fitting model to feature number 100, Cer.d42.3
2024-10-18 12:19:27.110968 INFO::Fitting model to feature number 101, Cer.d43.1
2024-10-18 12:19:27.169097 INFO::Fitting model to feature number 102, Cer.d43.2
2024-10-18 12:19:27.216666 INFO::Fitting model to feature number 103, Cer.d44.2
2024-10-18 12:19:27.275784 INFO::Fitting model to feature number 104, Cer.ADS.d34.0
2024-10-18 12:19:27.332259 INFO::Fitting model to feature number 105, Cer.ADS.d40.0
2024-10-18 12:19:27.401242 INFO::Fitting model to feature number 106, Cer.AS.d34.1
2024-10-18 12:19:27.45862 INFO::Fitting model to feature number 107, Cer.NDS.d36.0
2024-10-18 12:19:27.503857 INFO::Fitting model to feature number 108, Cer.NDS.d39.0
2024-10-18 12:19:27.550971 INFO::Fitting model to feature number 109, Cer.NDS.d40.0
2024-10-18 12:19:27.609314 INFO::Fitting model to feature number 110, Cer.NDS.d41.0
2024-10-18 12:19:27.653676 INFO::Fitting model to feature number 111, Cer.NP.t40.0
2024-10-18 12:19:27.703308 INFO::Fitting model to feature number 112, Cer.NP.t42.0
2024-10-18 12:19:27.750432 INFO::Fitting model to feature number 113, Cer.NP.t42.1
2024-10-18 12:19:27.803126 INFO::Fitting model to feature number 114, Cholesterol
2024-10-18 12:19:27.861612 INFO::Fitting model to feature number 115, cholesterol.3.sulfate....125
2024-10-18 12:19:27.911009 INFO::Fitting model to feature number 116, DG.16.0_16.1
2024-10-18 12:19:27.928582 WARNING::Fitting problem for feature 116 a warning was issued
2024-10-18 12:19:27.975633 INFO::Fitting model to feature number 117, DG.34.0
2024-10-18 12:19:28.024683 INFO::Fitting model to feature number 118, DG.36.0
2024-10-18 12:19:28.083567 INFO::Fitting model to feature number 119, DG.36.2
2024-10-18 12:19:28.142672 INFO::Fitting model to feature number 120, DGDG.34.2.DGDG.16.0_18.2
2024-10-18 12:19:28.220633 INFO::Fitting model to feature number 121, DGDG.36.3.DGDG.18.1_18.2
2024-10-18 12:19:28.2818 INFO::Fitting model to feature number 122, DGDG.36.4.DGDG.18.2_18.2
2024-10-18 12:19:28.329153 INFO::Fitting model to feature number 123, FA.10.0..capric.acid.
2024-10-18 12:19:28.374949 INFO::Fitting model to feature number 124, FA.11.0..undecylic.acid.
2024-10-18 12:19:28.426125 INFO::Fitting model to feature number 125, FA.13.0..tridecylic.acid.
2024-10-18 12:19:28.482592 INFO::Fitting model to feature number 126, FA.15.0..pentadecylic.acid.
2024-10-18 12:19:28.547862 INFO::Fitting model to feature number 127, FA.15.1
2024-10-18 12:19:28.596069 INFO::Fitting model to feature number 128, FA.15.2
2024-10-18 12:19:28.647733 INFO::Fitting model to feature number 129, FA.17.0..margaric.acid.
2024-10-18 12:19:28.694129 INFO::Fitting model to feature number 130, FA.19.0
2024-10-18 12:19:28.740684 INFO::Fitting model to feature number 131, FA.20.0..arachidic.acid.
2024-10-18 12:19:28.785787 INFO::Fitting model to feature number 132, FA.20.1
2024-10-18 12:19:28.838173 INFO::Fitting model to feature number 133, FA.20.3..eicosatrienoic.acid.
2024-10-18 12:19:28.886526 INFO::Fitting model to feature number 134, FA.20.3..homo.gamma.linolenic.acid.
2024-10-18 12:19:28.946388 INFO::Fitting model to feature number 135, FA.20.4..arachidonic.acid.
2024-10-18 12:19:28.996199 INFO::Fitting model to feature number 136, FA.20.5..eicosapentaenoic.acid.
2024-10-18 12:19:29.062841 INFO::Fitting model to feature number 137, FA.21.0
2024-10-18 12:19:29.107623 INFO::Fitting model to feature number 138, FA.21.1
2024-10-18 12:19:29.166632 INFO::Fitting model to feature number 139, FA.22.0
2024-10-18 12:19:29.22435 INFO::Fitting model to feature number 140, FA.22.1..erucic.acid.
2024-10-18 12:19:29.270398 INFO::Fitting model to feature number 141, FA.22.2..docosadienoic.acid.
2024-10-18 12:19:29.318984 INFO::Fitting model to feature number 142, FA.22.4
2024-10-18 12:19:29.369968 INFO::Fitting model to feature number 143, FA.22.5
2024-10-18 12:19:29.428695 INFO::Fitting model to feature number 144, FA.22.6..docosahexaenoic.acid.
2024-10-18 12:19:29.487056 INFO::Fitting model to feature number 145, FA.23.0
2024-10-18 12:19:29.546785 INFO::Fitting model to feature number 146, FA.23.1
2024-10-18 12:19:29.608275 INFO::Fitting model to feature number 147, FA.24.0
2024-10-18 12:19:29.653676 INFO::Fitting model to feature number 148, FA.24.1
2024-10-18 12:19:29.709679 INFO::Fitting model to feature number 149, FA.24.2
2024-10-18 12:19:29.762525 INFO::Fitting model to feature number 150, FA.24.3
2024-10-18 12:19:29.823732 INFO::Fitting model to feature number 151, FA.24.6
2024-10-18 12:19:29.872297 INFO::Fitting model to feature number 152, FA.25.0
2024-10-18 12:19:29.964514 INFO::Fitting model to feature number 153, FA.25.1
2024-10-18 12:19:30.036756 INFO::Fitting model to feature number 154, FA.26.0
2024-10-18 12:19:30.101031 INFO::Fitting model to feature number 155, FA.26.1
2024-10-18 12:19:30.149453 INFO::Fitting model to feature number 156, FA.26.2
2024-10-18 12:19:30.21193 INFO::Fitting model to feature number 157, FA.27.0
2024-10-18 12:19:30.259651 INFO::Fitting model to feature number 158, FA.27.1
2024-10-18 12:19:30.307719 INFO::Fitting model to feature number 159, FA.28.0
2024-10-18 12:19:30.360592 INFO::Fitting model to feature number 160, FA.28.1
2024-10-18 12:19:30.414854 INFO::Fitting model to feature number 161, FA.29.0
2024-10-18 12:19:30.477423 INFO::Fitting model to feature number 162, FA.29.1
2024-10-18 12:19:30.524554 INFO::Fitting model to feature number 163, FA.30.0
2024-10-18 12:19:30.573225 INFO::Fitting model to feature number 164, FA.30.1
2024-10-18 12:19:30.625003 INFO::Fitting model to feature number 165, FA.31.0
2024-10-18 12:19:30.692652 INFO::Fitting model to feature number 166, FA.31.1
2024-10-18 12:19:30.765693 INFO::Fitting model to feature number 167, FA.32.0
2024-10-18 12:19:30.836922 INFO::Fitting model to feature number 168, FA.32.1
2024-10-18 12:19:30.93597 INFO::Fitting model to feature number 169, FA.32.2
2024-10-18 12:19:31.00171 INFO::Fitting model to feature number 170, FA.33.0
2024-10-18 12:19:31.069478 INFO::Fitting model to feature number 171, FA.33.1
2024-10-18 12:19:31.134928 INFO::Fitting model to feature number 172, FA.34.0
2024-10-18 12:19:31.199008 INFO::Fitting model to feature number 173, FA.34.1
2024-10-18 12:19:31.247518 INFO::Fitting model to feature number 174, FA.34.2
2024-10-18 12:19:31.306593 INFO::Fitting model to feature number 175, FA.35.1
2024-10-18 12:19:31.367296 INFO::Fitting model to feature number 176, FA.36.1
2024-10-18 12:19:31.428176 INFO::Fitting model to feature number 177, FA.36.2
2024-10-18 12:19:31.487034 INFO::Fitting model to feature number 178, FA.37.1
2024-10-18 12:19:31.548138 INFO::Fitting model to feature number 179, FA.38.1
2024-10-18 12:19:31.607459 INFO::Fitting model to feature number 180, FA.39.1
2024-10-18 12:19:31.657603 INFO::Fitting model to feature number 181, FA.40.1
2024-10-18 12:19:31.704469 INFO::Fitting model to feature number 182, FA.41.1
2024-10-18 12:19:31.761653 INFO::Fitting model to feature number 183, FA.42.1
2024-10-18 12:19:31.809933 INFO::Fitting model to feature number 184, FAHFA.36.1.O.FAHFA.18.1.18.0.O
2024-10-18 12:19:31.895421 INFO::Fitting model to feature number 185, FAHFA.40.3
2024-10-18 12:19:31.940065 INFO::Fitting model to feature number 186, FAHFA.42.2
2024-10-18 12:19:31.991411 INFO::Fitting model to feature number 187, GalCer.18.1_24.1
2024-10-18 12:19:32.037825 INFO::Fitting model to feature number 188, Gal.Gal.Cer.d18.1.16.0.or.Lactosylceramide.d18.1.16.0
2024-10-18 12:19:32.084091 INFO::Fitting model to feature number 189, GlcCer.d34.1
2024-10-18 12:19:32.142352 INFO::Fitting model to feature number 190, GlcCer.d38.1
2024-10-18 12:19:32.192714 INFO::Fitting model to feature number 191, GlcCer.d40.1
2024-10-18 12:19:32.250485 INFO::Fitting model to feature number 192, GlcCer.d41.1
2024-10-18 12:19:32.309997 INFO::Fitting model to feature number 193, GlcCer.d42.1
2024-10-18 12:19:32.370799 INFO::Fitting model to feature number 194, GlcCer.d42.2
2024-10-18 12:19:32.419674 INFO::Fitting model to feature number 195, GlcCerd14.14E.20.02OH
2024-10-18 12:19:32.466054 INFO::Fitting model to feature number 196, HexCer.34.0.O4.HexCer.18.0.O3.16.0.2OH.
2024-10-18 12:19:32.514685 INFO::Fitting model to feature number 197, HexCer.34.1.O2.HexCer.18.1.O2.16.0
2024-10-18 12:19:32.573348 INFO::Fitting model to feature number 198, HexCer.34.1.O3.HexCer.18.1.O2.16.0.O
2024-10-18 12:19:32.625955 INFO::Fitting model to feature number 199, HexCer.36.2.O2.HexCer.18.1.O2.18.1
2024-10-18 12:19:32.676388 INFO::Fitting model to feature number 200, HexCer.38.0.O4.HexCer.18.0.O3.20.0.2OH.
2024-10-18 12:19:32.744762 INFO::Fitting model to feature number 201, HexCer.38.1.O3.HexCer.18.1.O2.20.0.O
2024-10-18 12:19:32.79484 INFO::Fitting model to feature number 202, HexCer.40.0.O4.HexCer.18.0.O3.22.0.2OH.
2024-10-18 12:19:32.845972 INFO::Fitting model to feature number 203, HexCer.40.1.O3.HexCer.18.1.O2.22.0.O
2024-10-18 12:19:32.891861 INFO::Fitting model to feature number 204, HexCer.41.0.O4.HexCer.18.0.O3.23.0.2OH.
2024-10-18 12:19:32.94362 INFO::Fitting model to feature number 205, HexCer.42.0.O4.HexCer.18.0.O3.24.0.2OH.
2024-10-18 12:19:32.99161 INFO::Fitting model to feature number 206, HexCer.42.1.O3
2024-10-18 12:19:33.05591 INFO::Fitting model to feature number 207, HexCer.42.1.O3.HexCer.18.1.O2.24.0.O
2024-10-18 12:19:33.115777 INFO::Fitting model to feature number 208, HexCer.42.1.O4.HexCer.18.0.O3.24.1.2OH.
2024-10-18 12:19:33.175513 INFO::Fitting model to feature number 209, HexCer.42.2.O4.HexCer.18.1.O3.24.1.2OH.
2024-10-18 12:19:33.234218 INFO::Fitting model to feature number 210, HexCer.43.0.O4.HexCer.19.0.O3.24.0.2OH.
2024-10-18 12:19:33.284209 INFO::Fitting model to feature number 211, HexCer.44.0.O4.HexCer.20.0.O3.24.0.2OH.
2024-10-18 12:19:33.337795 INFO::Fitting model to feature number 212, Hexosyl.LPE.16.0
2024-10-18 12:19:33.387564 INFO::Fitting model to feature number 213, lactosylceramide.d18.1.24.1.15Z
2024-10-18 12:19:33.439681 INFO::Fitting model to feature number 214, LNAPE.20.4_N.19.1
2024-10-18 12:19:33.494189 INFO::Fitting model to feature number 215, LPC.17.0
2024-10-18 12:19:33.596588 INFO::Fitting model to feature number 216, LPC.18.0....265
2024-10-18 12:19:33.655219 INFO::Fitting model to feature number 217, LPC.18.1
2024-10-18 12:19:33.708938 INFO::Fitting model to feature number 218, LPC.18.2
2024-10-18 12:19:33.758621 INFO::Fitting model to feature number 219, LPC.18.3
2024-10-18 12:19:33.804026 INFO::Fitting model to feature number 220, LPC.19.0
2024-10-18 12:19:33.850214 INFO::Fitting model to feature number 221, LPC.20.0
2024-10-18 12:19:33.897445 INFO::Fitting model to feature number 222, LPC.20.1
2024-10-18 12:19:33.945694 INFO::Fitting model to feature number 223, LPC.20.4
2024-10-18 12:19:33.99129 INFO::Fitting model to feature number 224, LPC.24.0.SN1
2024-10-18 12:19:34.047116 INFO::Fitting model to feature number 225, LPC.O.16.0
2024-10-18 12:19:34.107734 INFO::Fitting model to feature number 226, LPC.O.16.1....276
2024-10-18 12:19:34.170597 INFO::Fitting model to feature number 227, LPC.O.18.0
2024-10-18 12:19:34.22658 INFO::Fitting model to feature number 228, LPC.O.18.1
2024-10-18 12:19:34.276792 INFO::Fitting model to feature number 229, LPC.O.20.0
2024-10-18 12:19:34.330137 INFO::Fitting model to feature number 230, LPC.O.22.0
2024-10-18 12:19:34.385889 INFO::Fitting model to feature number 231, LPC.P.18.0.or.LPC.O.18.1
2024-10-18 12:19:34.458926 INFO::Fitting model to feature number 232, LPE.15.0
2024-10-18 12:19:34.512966 INFO::Fitting model to feature number 233, LPE.16.0....284
2024-10-18 12:19:34.556745 INFO::Fitting model to feature number 234, LPE.18.0
2024-10-18 12:19:34.606604 INFO::Fitting model to feature number 235, LPE.18.2
2024-10-18 12:19:34.653703 INFO::Fitting model to feature number 236, LPE.20.4
2024-10-18 12:19:34.712944 INFO::Fitting model to feature number 237, LPE.22.6
2024-10-18 12:19:34.764591 INFO::Fitting model to feature number 238, LPE.O.18.1
2024-10-18 12:19:34.814917 INFO::Fitting model to feature number 239, LPE.O.18.2
2024-10-18 12:19:34.86424 INFO::Fitting model to feature number 240, LPE.O.20.0
2024-10-18 12:19:34.927464 INFO::Fitting model to feature number 241, LPE.N..FA.34.1.LPE.N..FA.18.1.16.0
2024-10-18 12:19:34.991053 INFO::Fitting model to feature number 242, LPE.N..FA.34.2.LPE.N..FA.18.2.16.0
2024-10-18 12:19:35.041359 INFO::Fitting model to feature number 243, LPE.N..FA.36.3.LPE.N..FA.18.2.18.1
2024-10-18 12:19:35.100878 INFO::Fitting model to feature number 244, LPE.N..FA.36.4.LPE.N..FA.18.2.18.2
2024-10-18 12:19:35.14898 INFO::Fitting model to feature number 245, LPG.16.0
2024-10-18 12:19:35.201401 INFO::Fitting model to feature number 246, LPG.18.1
2024-10-18 12:19:35.2582 INFO::Fitting model to feature number 247, LPS.18.0
2024-10-18 12:19:35.342174 INFO::Fitting model to feature number 248, MGDG.17.0_18.2
2024-10-18 12:19:35.389615 INFO::Fitting model to feature number 249, MGDG.O.16.4_18.0
2024-10-18 12:19:35.443623 INFO::Fitting model to feature number 250, NAGly.29.1.O2.NAGly.16.0.O.FA.13.0.
2024-10-18 12:19:35.494592 INFO::Fitting model to feature number 251, NAGly.30.1.O2.NAGly.16.0.O.FA.14.0.
2024-10-18 12:19:35.553952 INFO::Fitting model to feature number 252, NAGly.31.1.O2.NAGly.16.0.O.FA.15.0.
2024-10-18 12:19:35.601411 INFO::Fitting model to feature number 253, NAGly.32.1.O2.NAGly.17.0.O.FA.15.0.
2024-10-18 12:19:35.650229 INFO::Fitting model to feature number 254, NAGly.33.1.O2.NAGly.18.0.O.FA.15.0.
2024-10-18 12:19:35.699423 INFO::Fitting model to feature number 255, NAGlySer.30.1.O2.NAGlySer.15.0.O.FA.15.0.
2024-10-18 12:19:35.747017 INFO::Fitting model to feature number 256, NAGlySer.31.1.O2.NAGlySer.16.0.O.FA.15.0.
2024-10-18 12:19:35.803616 INFO::Fitting model to feature number 257, NAGlySer.32.1.O2.NAGlySer.17.0.O.FA.15.0.
2024-10-18 12:19:35.855584 INFO::Fitting model to feature number 258, NAGlySer.33.1.O2.NAGlySer.17.0.O.FA.16.0.
2024-10-18 12:19:35.901592 INFO::Fitting model to feature number 259, NAGlySer.34.1.O2.NAGlySer.17.0.O.FA.17.0.
2024-10-18 12:19:35.949534 INFO::Fitting model to feature number 260, NAPhe.16.0
2024-10-18 12:19:36.001479 INFO::Fitting model to feature number 261, NAPhe.18.0
2024-10-18 12:19:36.068715 INFO::Fitting model to feature number 262, NAPhe.18.1
2024-10-18 12:19:36.138484 INFO::Fitting model to feature number 263, NAPhe.18.2
2024-10-18 12:19:36.217055 INFO::Fitting model to feature number 264, palmitoyl.ethanolamide
2024-10-18 12:19:36.28408 INFO::Fitting model to feature number 265, PC.16.0_14.0
2024-10-18 12:19:36.341315 INFO::Fitting model to feature number 266, PC.16.0_18.2
2024-10-18 12:19:36.397667 INFO::Fitting model to feature number 267, PC.18.1_18.2
2024-10-18 12:19:36.455574 INFO::Fitting model to feature number 268, PC.29.0
2024-10-18 12:19:36.531273 INFO::Fitting model to feature number 269, PC.30.0
2024-10-18 12:19:36.584768 INFO::Fitting model to feature number 270, PC.31.0
2024-10-18 12:19:36.64013 INFO::Fitting model to feature number 271, PC.31.1
2024-10-18 12:19:36.697295 INFO::Fitting model to feature number 272, PC.32.0
2024-10-18 12:19:36.755219 INFO::Fitting model to feature number 273, PC.32.1
2024-10-18 12:19:36.814908 INFO::Fitting model to feature number 274, PC.32.2
2024-10-18 12:19:36.872901 INFO::Fitting model to feature number 275, PC.33.1
2024-10-18 12:19:36.933238 INFO::Fitting model to feature number 276, PC.33.2
2024-10-18 12:19:36.989971 INFO::Fitting model to feature number 277, PC.34.0
2024-10-18 12:19:37.04459 INFO::Fitting model to feature number 278, PC.34.2
2024-10-18 12:19:37.098826 INFO::Fitting model to feature number 279, PC.34.3
2024-10-18 12:19:37.20491 INFO::Fitting model to feature number 280, PC.34.3.Isomer.B
2024-10-18 12:19:37.297463 INFO::Fitting model to feature number 281, PC.35.2.Isomer.B
2024-10-18 12:19:37.364887 INFO::Fitting model to feature number 282, PC.35.3
2024-10-18 12:19:37.422678 INFO::Fitting model to feature number 283, PC.35.4
2024-10-18 12:19:37.481555 INFO::Fitting model to feature number 284, PC.36.1
2024-10-18 12:19:37.541383 INFO::Fitting model to feature number 285, PC.36.3.Isomer.A
2024-10-18 12:19:37.602817 INFO::Fitting model to feature number 286, PC.36.4.Isomer.A
2024-10-18 12:19:37.662257 INFO::Fitting model to feature number 287, PC.36.4.Isomer.B
2024-10-18 12:19:37.730705 INFO::Fitting model to feature number 288, PC.36.5.Isomer.A
2024-10-18 12:19:37.786294 INFO::Fitting model to feature number 289, PC.36.5.Isomer.B
2024-10-18 12:19:37.861359 INFO::Fitting model to feature number 290, PC.36.5.Isomer.D
2024-10-18 12:19:37.932051 INFO::Fitting model to feature number 291, PC.38.2
2024-10-18 12:19:37.987988 INFO::Fitting model to feature number 292, PC.38.4.Isomer.B
2024-10-18 12:19:38.045677 INFO::Fitting model to feature number 293, PC.38.5.Isomer.A
2024-10-18 12:19:38.101888 INFO::Fitting model to feature number 294, PC.38.5.Isomer.B
2024-10-18 12:19:38.184319 INFO::Fitting model to feature number 295, PC.38.6.Isomer.A
2024-10-18 12:19:38.252205 INFO::Fitting model to feature number 296, PC.38.8
2024-10-18 12:19:38.319086 INFO::Fitting model to feature number 297, PC.40.3
2024-10-18 12:19:38.386966 INFO::Fitting model to feature number 298, PC.40.4
2024-10-18 12:19:38.457694 INFO::Fitting model to feature number 299, PC.40.6.Isomer.A
2024-10-18 12:19:38.512121 INFO::Fitting model to feature number 300, PC.40.7.Isomer.B
2024-10-18 12:19:38.566031 INFO::Fitting model to feature number 301, PC.42.4
2024-10-18 12:19:38.619864 INFO::Fitting model to feature number 302, PC.42.5
2024-10-18 12:19:38.676925 INFO::Fitting model to feature number 303, PC.O.20.0_20.4
2024-10-18 12:19:38.730564 INFO::Fitting model to feature number 304, PC.O.30.0
2024-10-18 12:19:38.797468 INFO::Fitting model to feature number 305, PC.O.31.7
2024-10-18 12:19:38.868115 INFO::Fitting model to feature number 306, PC.O.32.0
2024-10-18 12:19:38.940966 INFO::Fitting model to feature number 307, PC.O.33.5
2024-10-18 12:19:38.996311 INFO::Fitting model to feature number 308, PC.O.34.0
2024-10-18 12:19:39.062603 INFO::Fitting model to feature number 309, PC.O.34.4
2024-10-18 12:19:39.115926 INFO::Fitting model to feature number 310, PC.O.36.4
2024-10-18 12:19:39.202859 INFO::Fitting model to feature number 311, PC.P.32.1.or.PC.O.32.2
2024-10-18 12:19:39.267269 INFO::Fitting model to feature number 312, PC.P.34.0.or.PC.O.34.1
2024-10-18 12:19:39.321177 INFO::Fitting model to feature number 313, PC.P.34.1.or.PC.O.34.2
2024-10-18 12:19:39.390686 INFO::Fitting model to feature number 314, PC.P.38.3.or.PC.O.38.4.Isomer.B
2024-10-18 12:19:39.447917 INFO::Fitting model to feature number 315, PC.P.38.4.or.PC.O.38.5.Isomer.B
2024-10-18 12:19:39.502225 INFO::Fitting model to feature number 316, PC.P.40.1.or.PC.O.40.2
2024-10-18 12:19:39.561777 INFO::Fitting model to feature number 317, PC.P.40.3.or.PC.O.40.4
2024-10-18 12:19:39.619592 INFO::Fitting model to feature number 318, PE.16.0_16..1
2024-10-18 12:19:39.675615 INFO::Fitting model to feature number 319, PE.16.1_18.1
2024-10-18 12:19:39.746289 INFO::Fitting model to feature number 320, PE.29.0.PE.14.0_15.0
2024-10-18 12:19:39.802035 INFO::Fitting model to feature number 321, PE.30.0.PE.15.0_15.0
2024-10-18 12:19:39.87061 INFO::Fitting model to feature number 322, PE.31.0.PE.15.0_16.0
2024-10-18 12:19:39.932933 INFO::Fitting model to feature number 323, PE.32.1.PE.16.0_16.1
2024-10-18 12:19:39.986349 INFO::Fitting model to feature number 324, PE.32.2
2024-10-18 12:19:40.042171 INFO::Fitting model to feature number 325, PE.33.1.PE.15.0_18.1
2024-10-18 12:19:40.108039 INFO::Fitting model to feature number 326, PE.33.2.PE.15.0_18.2
2024-10-18 12:19:40.196999 INFO::Fitting model to feature number 327, PE.34.0
2024-10-18 12:19:40.263447 INFO::Fitting model to feature number 328, PE.34.1
2024-10-18 12:19:40.330643 INFO::Fitting model to feature number 329, PE.34.1.1
2024-10-18 12:19:40.39622 INFO::Fitting model to feature number 330, PE.34.2
2024-10-18 12:19:40.449858 INFO::Fitting model to feature number 331, PE.36.1
2024-10-18 12:19:40.504753 INFO::Fitting model to feature number 332, PE.36.2
2024-10-18 12:19:40.562147 INFO::Fitting model to feature number 333, PE.36.3
2024-10-18 12:19:40.629847 INFO::Fitting model to feature number 334, PE.36.4
2024-10-18 12:19:40.697685 INFO::Fitting model to feature number 335, PE.O.16.1_22.6
2024-10-18 12:19:40.751637 INFO::Fitting model to feature number 336, PE.O.22.6_16.1
2024-10-18 12:19:40.803728 INFO::Fitting model to feature number 337, PE.O.36.1
2024-10-18 12:19:40.859085 INFO::Fitting model to feature number 338, PE.P.34.1.or.PE.O.34.2
2024-10-18 12:19:40.917303 INFO::Fitting model to feature number 339, PE.P.36.1.or.PE.O.36.2
2024-10-18 12:19:40.976411 INFO::Fitting model to feature number 340, PE.Cer.35.0.O3.PE.Cer.21.0.O2.14.0.O
2024-10-18 12:19:41.03306 INFO::Fitting model to feature number 341, PE.Cer.36.0.O3.PE.Cer.19.0.O2.17.0.O
2024-10-18 12:19:41.089174 INFO::Fitting model to feature number 342, PEtOH.18.1_18.1
2024-10-18 12:19:41.176693 INFO::Fitting model to feature number 343, PEtOH.18.1_20.4
2024-10-18 12:19:41.23069 INFO::Fitting model to feature number 344, PEtOH.38.4
2024-10-18 12:19:41.284521 INFO::Fitting model to feature number 345, PG.16.0_16.0
2024-10-18 12:19:41.349772 INFO::Fitting model to feature number 346, PG.30.0.PG.15.0_15.0
2024-10-18 12:19:41.421323 INFO::Fitting model to feature number 347, PG.33.0.PG.16.0_17.0
2024-10-18 12:19:41.486597 INFO::Fitting model to feature number 348, PG.34.1.PG.16.0_18.1
2024-10-18 12:19:41.541563 INFO::Fitting model to feature number 349, PG.34.2
2024-10-18 12:19:41.60457 INFO::Fitting model to feature number 350, PG.40.7
2024-10-18 12:19:41.669295 INFO::Fitting model to feature number 351, PG.40.8
2024-10-18 12:19:41.738835 INFO::Fitting model to feature number 352, PG.O.34.2.PG.O.18.2_16.0
2024-10-18 12:19:41.804941 INFO::Fitting model to feature number 353, PG.O.36.2.PG.O.18.1_18.1
2024-10-18 12:19:41.867468 INFO::Fitting model to feature number 354, PGE2
2024-10-18 12:19:41.92136 INFO::Fitting model to feature number 355, Phosphatidylethanolamine.alkenyl.16.0.20.4
2024-10-18 12:19:41.975745 INFO::Fitting model to feature number 356, PI.34.1.Isomer.A
2024-10-18 12:19:42.042629 INFO::Fitting model to feature number 357, PI.34.2.Isomer.A
2024-10-18 12:19:42.150781 INFO::Fitting model to feature number 358, PI.36.1.Isomer.A
2024-10-18 12:19:42.2403 INFO::Fitting model to feature number 359, PI.36.2
2024-10-18 12:19:42.320427 INFO::Fitting model to feature number 360, PI.36.3.Isomer.B
2024-10-18 12:19:42.410198 INFO::Fitting model to feature number 361, PI.38.3
2024-10-18 12:19:42.488525 INFO::Fitting model to feature number 362, PI.38.4
2024-10-18 12:19:42.580157 INFO::Fitting model to feature number 363, PI.Cer.33.0.O3
2024-10-18 12:19:42.654171 INFO::Fitting model to feature number 364, PI.Cer.34.0.O3
2024-10-18 12:19:42.720925 INFO::Fitting model to feature number 365, PI.Cer.35.0.O3
2024-10-18 12:19:42.787353 INFO::Fitting model to feature number 366, PI.Cer.36.0.O3
2024-10-18 12:19:42.857518 INFO::Fitting model to feature number 367, PS.16.0_22.4
2024-10-18 12:19:42.939081 INFO::Fitting model to feature number 368, PS.36.1
2024-10-18 12:19:43.019873 INFO::Fitting model to feature number 369, SHexCer.34.1.3O
2024-10-18 12:19:43.090116 INFO::Fitting model to feature number 370, SHexCer.d34.1
2024-10-18 12:19:43.159871 INFO::Fitting model to feature number 371, SL.32.0.O.SL.17.0.O.15.0
2024-10-18 12:19:43.239675 INFO::Fitting model to feature number 372, SL.33.0.O.SL.17.0.O.16.0
2024-10-18 12:19:43.319367 INFO::Fitting model to feature number 373, SL.34.1.O2.SL.17.0.O.17.1.O
2024-10-18 12:19:43.436222 INFO::Fitting model to feature number 374, SL.35.1.O2.SL.18.0.O.17.1.O
2024-10-18 12:19:43.516763 INFO::Fitting model to feature number 375, SM.18.0.2O.22.0
2024-10-18 12:19:43.594505 INFO::Fitting model to feature number 376, SM.24.1
2024-10-18 12:19:43.685642 INFO::Fitting model to feature number 377, SM.29.2.2O.8.0
2024-10-18 12:19:43.76703 INFO::Fitting model to feature number 378, SM.30.2.2O..FA.14.1.
2024-10-18 12:19:43.833749 INFO::Fitting model to feature number 379, SM.34.1.3O
2024-10-18 12:19:43.911244 INFO::Fitting model to feature number 380, SM.36.4.3O
2024-10-18 12:19:43.977858 INFO::Fitting model to feature number 381, SM.38.4.3O
2024-10-18 12:19:44.042766 INFO::Fitting model to feature number 382, SM.42.1.3O
2024-10-18 12:19:44.126737 INFO::Fitting model to feature number 383, SM.43.3.2O
2024-10-18 12:19:44.214477 INFO::Fitting model to feature number 384, SM.d32.0.Isomer.B
2024-10-18 12:19:44.282046 INFO::Fitting model to feature number 385, SM.d32.1
2024-10-18 12:19:44.35818 INFO::Fitting model to feature number 386, SM.d33.1
2024-10-18 12:19:44.436231 INFO::Fitting model to feature number 387, SM.d34.0
2024-10-18 12:19:44.502536 INFO::Fitting model to feature number 388, SM.d34.1
2024-10-18 12:19:44.569596 INFO::Fitting model to feature number 389, SM.d36.0.Isomer.B
2024-10-18 12:19:44.673373 INFO::Fitting model to feature number 390, SM.d36.4
2024-10-18 12:19:44.747997 INFO::Fitting model to feature number 391, SM.d38.0
2024-10-18 12:19:44.837367 INFO::Fitting model to feature number 392, SM.d40.0.Isomer.B
2024-10-18 12:19:44.937372 INFO::Fitting model to feature number 393, SM.d40.1
2024-10-18 12:19:45.043226 INFO::Fitting model to feature number 394, SM.d42.1
2024-10-18 12:19:45.14861 INFO::Fitting model to feature number 395, SM.d42.2.Isomer.B
2024-10-18 12:19:45.247191 INFO::Fitting model to feature number 396, SM.d43.2
2024-10-18 12:19:45.336403 INFO::Fitting model to feature number 397, SM.d44.3
2024-10-18 12:19:45.422771 INFO::Fitting model to feature number 398, SPB.18.1.O2
2024-10-18 12:19:45.510168 INFO::Fitting model to feature number 399, SPB.20.0.2O
2024-10-18 12:19:45.58817 INFO::Fitting model to feature number 400, TG.10.0_10.0_18.2
2024-10-18 12:19:45.611133 WARNING::Fitting problem for feature 400 a warning was issued
2024-10-18 12:19:45.694469 INFO::Fitting model to feature number 401, TG.12.0_14.0_15.0
2024-10-18 12:19:45.774569 INFO::Fitting model to feature number 402, TG.14.0_16.0_17.1
2024-10-18 12:19:45.840386 INFO::Fitting model to feature number 403, TG.34.0
2024-10-18 12:19:45.908518 INFO::Fitting model to feature number 404, TG.39.0
2024-10-18 12:19:46.023386 INFO::Fitting model to feature number 405, TG.43.1
2024-10-18 12:19:46.09699 INFO::Fitting model to feature number 406, TG.44.0
2024-10-18 12:19:46.170951 INFO::Fitting model to feature number 407, TG.44.2
2024-10-18 12:19:46.230215 INFO::Fitting model to feature number 408, TG.45.0
2024-10-18 12:19:46.302225 INFO::Fitting model to feature number 409, TG.46.3.Isomer.A
2024-10-18 12:19:46.364966 INFO::Fitting model to feature number 410, TG.47.2
2024-10-18 12:19:46.426657 INFO::Fitting model to feature number 411, TG.49.1
2024-10-18 12:19:46.490483 INFO::Fitting model to feature number 412, TG.49.3
2024-10-18 12:19:46.556076 INFO::Fitting model to feature number 413, TG.50.4
2024-10-18 12:19:46.580071 WARNING::Fitting problem for feature 413 a warning was issued
2024-10-18 12:19:46.65022 INFO::Fitting model to feature number 414, TG.50.5
2024-10-18 12:19:46.674308 WARNING::Fitting problem for feature 414 a warning was issued
2024-10-18 12:19:46.747093 INFO::Fitting model to feature number 415, TG.51.2.TG.17.0_16.1_18.1
2024-10-18 12:19:46.770272 WARNING::Fitting problem for feature 415 a warning was issued
2024-10-18 12:19:46.840269 INFO::Fitting model to feature number 416, TG.52.0
2024-10-18 12:19:46.864547 WARNING::Fitting problem for feature 416 a warning was issued
2024-10-18 12:19:46.945361 INFO::Fitting model to feature number 417, TG.53.0
2024-10-18 12:19:47.01952 INFO::Fitting model to feature number 418, TG.53.9.TG.17.3_18.3_18.3
2024-10-18 12:19:47.116695 INFO::Fitting model to feature number 419, TG.54.5.O2.TG.18.1_18.2_18.2.O2
2024-10-18 12:19:47.186237 INFO::Fitting model to feature number 420, TG.54.7.O2.TG.18.3_18.3_18.1.O2
2024-10-18 12:19:47.268928 INFO::Fitting model to feature number 421, TG.56.5.Isomer.A
2024-10-18 12:19:47.342966 INFO::Fitting model to feature number 422, TG.58.6
2024-10-18 12:19:47.404886 INFO::Fitting model to feature number 423, TG.58.7
2024-10-18 12:19:47.467988 INFO::Fitting model to feature number 424, TG.59.2.TG.16.0_25.0_18.2
2024-10-18 12:19:47.539681 INFO::Fitting model to feature number 425, TG.60.0.TG.18.0_20.0_22.0
2024-10-18 12:19:47.604137 INFO::Fitting model to feature number 426, TG.61.3.TG.18.0_25.0_18.3
2024-10-18 12:19:47.673907 INFO::Fitting model to feature number 427, TG.67.6.TG.31.0_18.3_18.3
2024-10-18 12:19:47.739345 INFO::Fitting model to feature number 428, TG.69.6.TG.33.0_18.3_18.3
2024-10-18 12:19:47.81881 INFO::Fitting model to feature number 429, TG.8.0_10.0_18.2
2024-10-18 12:19:47.888332 INFO::Fitting model to feature number 430, TG.8.0_15.0_18.1
2024-10-18 12:19:47.953853 INFO::Fitting model to feature number 431, TG.8.0_18.2_18.2
2024-10-18 12:19:48.018634 INFO::Fitting model to feature number 432, zymostenol
2024-10-18 12:19:48.084611 INFO::Fitting model to feature number 433, xylulose
2024-10-18 12:19:48.161533 INFO::Fitting model to feature number 434, xylose
2024-10-18 12:19:48.263321 INFO::Fitting model to feature number 435, xanthosine
2024-10-18 12:19:48.335455 INFO::Fitting model to feature number 436, vanillic.acid
2024-10-18 12:19:48.395844 INFO::Fitting model to feature number 437, uridine
2024-10-18 12:19:48.457552 INFO::Fitting model to feature number 438, uric.acid
2024-10-18 12:19:48.531846 INFO::Fitting model to feature number 439, urea
2024-10-18 12:19:48.606023 INFO::Fitting model to feature number 440, tyrosol
2024-10-18 12:19:48.667017 INFO::Fitting model to feature number 441, tyrosine
2024-10-18 12:19:48.730401 INFO::Fitting model to feature number 442, tyramine
2024-10-18 12:19:48.793903 INFO::Fitting model to feature number 443, tryptophan
2024-10-18 12:19:48.891325 INFO::Fitting model to feature number 444, tocopherol.gamma.
2024-10-18 12:19:48.962245 INFO::Fitting model to feature number 445, tocopherol.alpha.
2024-10-18 12:19:49.02652 INFO::Fitting model to feature number 446, thymidine.5.phosphate
2024-10-18 12:19:49.09306 INFO::Fitting model to feature number 447, thymidine
2024-10-18 12:19:49.154043 INFO::Fitting model to feature number 448, taurine
2024-10-18 12:19:49.224423 INFO::Fitting model to feature number 449, succinic.acid
2024-10-18 12:19:49.283382 INFO::Fitting model to feature number 450, suberic.acid
2024-10-18 12:19:49.369478 INFO::Fitting model to feature number 451, sinapinic.acid
2024-10-18 12:19:49.43533 INFO::Fitting model to feature number 452, shikimic.acid
2024-10-18 12:19:49.500437 INFO::Fitting model to feature number 453, serotonin
2024-10-18 12:19:49.561126 INFO::Fitting model to feature number 454, ribose
2024-10-18 12:19:49.622301 INFO::Fitting model to feature number 455, ribonic.acid
2024-10-18 12:19:49.699255 INFO::Fitting model to feature number 456, ribitol
2024-10-18 12:19:49.777804 INFO::Fitting model to feature number 457, quinolinic.acid
2024-10-18 12:19:49.848794 INFO::Fitting model to feature number 458, quinic.acid
2024-10-18 12:19:49.929872 INFO::Fitting model to feature number 459, putrescine
2024-10-18 12:19:49.992006 INFO::Fitting model to feature number 460, pseudo.uridine
2024-10-18 12:19:50.052574 INFO::Fitting model to feature number 461, piperidone
2024-10-18 12:19:50.11794 INFO::Fitting model to feature number 462, pimelic.acid
2024-10-18 12:19:50.179596 INFO::Fitting model to feature number 463, phosphoinositol
2024-10-18 12:19:50.238938 INFO::Fitting model to feature number 464, phosphate
2024-10-18 12:19:50.30066 INFO::Fitting model to feature number 465, phenylalanine
2024-10-18 12:19:50.361631 INFO::Fitting model to feature number 466, phenylacetic.acid
2024-10-18 12:19:50.460292 INFO::Fitting model to feature number 467, pelargonic.acid
2024-10-18 12:19:50.537614 INFO::Fitting model to feature number 468, parabanic.acid
2024-10-18 12:19:50.624904 INFO::Fitting model to feature number 469, panose
2024-10-18 12:19:50.68579 INFO::Fitting model to feature number 470, palmitoleic.acid
2024-10-18 12:19:50.74897 INFO::Fitting model to feature number 471, noradrenaline
2024-10-18 12:19:50.78081 WARNING::Fitting problem for feature 471 a warning was issued
2024-10-18 12:19:50.8722 INFO::Fitting model to feature number 472, nonadecanoic.acid
2024-10-18 12:19:50.952935 INFO::Fitting model to feature number 473, N.carbamylglutamate
2024-10-18 12:19:51.018452 INFO::Fitting model to feature number 474, N.alpha.acetyllysine
2024-10-18 12:19:51.078113 INFO::Fitting model to feature number 475, N.acetylputrescine
2024-10-18 12:19:51.154464 INFO::Fitting model to feature number 476, N.acetylneuraminic.acid
2024-10-18 12:19:51.229828 INFO::Fitting model to feature number 477, N.acetylglutamate
2024-10-18 12:19:51.302218 INFO::Fitting model to feature number 478, N.acetyl.D.mannosamine
2024-10-18 12:19:51.324905 WARNING::Fitting problem for feature 478 a warning was issued
2024-10-18 12:19:51.390174 INFO::Fitting model to feature number 479, N.acetylaspartic.acid
2024-10-18 12:19:51.445965 INFO::Fitting model to feature number 480, myristic.acid
2024-10-18 12:19:51.502725 INFO::Fitting model to feature number 481, montanic.acid
2024-10-18 12:19:51.853643 INFO::Fitting model to feature number 482, methyl.O.D.galactopyranoside
2024-10-18 12:19:51.903893 INFO::Fitting model to feature number 483, methoxytryptamine
2024-10-18 12:19:51.956314 INFO::Fitting model to feature number 484, methionine
2024-10-18 12:19:52.016934 INFO::Fitting model to feature number 485, methanolphosphate
2024-10-18 12:19:52.079198 INFO::Fitting model to feature number 486, maltotriose
2024-10-18 12:19:52.1333 INFO::Fitting model to feature number 487, malonamide
2024-10-18 12:19:52.186118 INFO::Fitting model to feature number 488, malic.acid
2024-10-18 12:19:52.238677 INFO::Fitting model to feature number 489, maleimide
2024-10-18 12:19:52.303253 INFO::Fitting model to feature number 490, maleic.acid
2024-10-18 12:19:52.360001 INFO::Fitting model to feature number 491, lyxitol
2024-10-18 12:19:52.424922 INFO::Fitting model to feature number 492, lithocholic.acid
2024-10-18 12:19:52.489422 INFO::Fitting model to feature number 493, linolenic.acid
2024-10-18 12:19:52.55596 INFO::Fitting model to feature number 494, lignoceric.acid
2024-10-18 12:19:52.610699 INFO::Fitting model to feature number 495, leucrose
2024-10-18 12:19:52.675969 INFO::Fitting model to feature number 496, lauric.acid
2024-10-18 12:19:52.750214 INFO::Fitting model to feature number 497, lactulose
2024-10-18 12:19:52.80572 INFO::Fitting model to feature number 498, lactose
2024-10-18 12:19:52.857906 INFO::Fitting model to feature number 499, lactic.acid
2024-10-18 12:19:52.91304 INFO::Fitting model to feature number 500, isothreonic.acid
2024-10-18 12:19:52.966292 INFO::Fitting model to feature number 501, isomyristic.acid
2024-10-18 12:19:53.022718 INFO::Fitting model to feature number 502, isocholic.acid
2024-10-18 12:19:53.078339 INFO::Fitting model to feature number 503, inositol.4.monophosphate
2024-10-18 12:19:53.134367 INFO::Fitting model to feature number 504, inosine
2024-10-18 12:19:53.197953 INFO::Fitting model to feature number 505, indole.3.lactate
2024-10-18 12:19:53.255477 INFO::Fitting model to feature number 506, hypotaurine
2024-10-18 12:19:53.330766 INFO::Fitting model to feature number 507, homoserine
2024-10-18 12:19:53.415951 INFO::Fitting model to feature number 508, heptanoic.acid
2024-10-18 12:19:53.507956 INFO::Fitting model to feature number 509, guanosine
2024-10-18 12:19:53.583466 INFO::Fitting model to feature number 510, guanidinosuccinate
2024-10-18 12:19:53.643152 INFO::Fitting model to feature number 511, glycyl.tyrosine
2024-10-18 12:19:53.724125 INFO::Fitting model to feature number 512, glycine
2024-10-18 12:19:53.807522 INFO::Fitting model to feature number 513, glycerol.alpha.phosphate
2024-10-18 12:19:53.876913 INFO::Fitting model to feature number 514, glycerol.3.galactoside
2024-10-18 12:19:53.93155 INFO::Fitting model to feature number 515, glycerol
2024-10-18 12:19:53.987977 INFO::Fitting model to feature number 516, glyceric.acid
2024-10-18 12:19:54.041176 INFO::Fitting model to feature number 517, glutaric.acid
2024-10-18 12:19:54.095794 INFO::Fitting model to feature number 518, glucose.6.phosphate
2024-10-18 12:19:54.160775 INFO::Fitting model to feature number 519, glucose.1.phosphate
2024-10-18 12:19:54.224817 INFO::Fitting model to feature number 520, glucose
2024-10-18 12:19:54.288623 INFO::Fitting model to feature number 521, glucoheptulose
2024-10-18 12:19:54.341591 INFO::Fitting model to feature number 522, galacturonic.acid
2024-10-18 12:19:54.405513 INFO::Fitting model to feature number 523, galactose
2024-10-18 12:19:54.467818 INFO::Fitting model to feature number 524, galactinol
2024-10-18 12:19:54.521344 INFO::Fitting model to feature number 525, fumaric.acid
2024-10-18 12:19:54.574712 INFO::Fitting model to feature number 526, fructose.6.phosphate
2024-10-18 12:19:54.637914 INFO::Fitting model to feature number 527, fructose
2024-10-18 12:19:54.690059 INFO::Fitting model to feature number 528, ferulic.acid
2024-10-18 12:19:54.775285 INFO::Fitting model to feature number 529, ethanolamine
2024-10-18 12:19:54.827114 INFO::Fitting model to feature number 530, enolpyruvate
2024-10-18 12:19:54.878704 INFO::Fitting model to feature number 531, dihydrocholesterol
2024-10-18 12:19:54.941498 INFO::Fitting model to feature number 532, dihydro.3.coumaric.acid
2024-10-18 12:19:54.992738 INFO::Fitting model to feature number 533, digalacturonic.acid
2024-10-18 12:19:55.045006 INFO::Fitting model to feature number 534, cysteine
2024-10-18 12:19:55.099711 INFO::Fitting model to feature number 535, coprostan.3.one
2024-10-18 12:19:55.154855 INFO::Fitting model to feature number 536, citric.acid
2024-10-18 12:19:55.207453 INFO::Fitting model to feature number 537, cholic.acid
2024-10-18 12:19:55.261846 INFO::Fitting model to feature number 538, cholesterol
2024-10-18 12:19:55.326013 INFO::Fitting model to feature number 539, chenodeoxycholic.acid
2024-10-18 12:19:55.379547 INFO::Fitting model to feature number 540, cerotinic.acid
2024-10-18 12:19:55.433089 INFO::Fitting model to feature number 541, cellobiose
2024-10-18 12:19:55.486997 INFO::Fitting model to feature number 542, capric.acid
2024-10-18 12:19:55.54587 INFO::Fitting model to feature number 543, campesterol
2024-10-18 12:19:55.608832 INFO::Fitting model to feature number 544, cadaverine
2024-10-18 12:19:55.692315 INFO::Fitting model to feature number 545, butyrolactam
2024-10-18 12:19:55.754702 INFO::Fitting model to feature number 546, butylamine
2024-10-18 12:19:55.804984 INFO::Fitting model to feature number 547, biphenyl
2024-10-18 12:19:55.855482 INFO::Fitting model to feature number 548, beta.sitosterol
2024-10-18 12:19:55.876483 WARNING::Fitting problem for feature 548 a warning was issued
2024-10-18 12:19:55.945324 INFO::Fitting model to feature number 549, beta.glutamic.acid
2024-10-18 12:19:56.009892 INFO::Fitting model to feature number 550, beta.alanyl.lysine
2024-10-18 12:19:56.07415 INFO::Fitting model to feature number 551, beta.alanine
2024-10-18 12:19:56.129236 INFO::Fitting model to feature number 552, behenic.acid
2024-10-18 12:19:56.184814 INFO::Fitting model to feature number 553, azelaic.acid
2024-10-18 12:19:56.238389 INFO::Fitting model to feature number 554, asparagine
2024-10-18 12:19:56.292425 INFO::Fitting model to feature number 555, arachidic.acid
2024-10-18 12:19:56.359617 INFO::Fitting model to feature number 556, arabitol
2024-10-18 12:19:56.419874 INFO::Fitting model to feature number 557, anthranilic.acid
2024-10-18 12:19:56.472888 INFO::Fitting model to feature number 558, adipic.acid
2024-10-18 12:19:56.525584 INFO::Fitting model to feature number 559, adenosine
2024-10-18 12:19:56.61341 INFO::Fitting model to feature number 560, X6.deoxyglucose
2024-10-18 12:19:56.674759 INFO::Fitting model to feature number 561, X5.methoxytryptamine
2024-10-18 12:19:56.728011 INFO::Fitting model to feature number 562, X5.ketogluconate
2024-10-18 12:19:56.750117 WARNING::Fitting problem for feature 562 a warning was issued
2024-10-18 12:19:56.810612 INFO::Fitting model to feature number 563, X5.hydroxymethyl.2.furoic.acid
2024-10-18 12:19:56.86702 INFO::Fitting model to feature number 564, X5.aminovaleric.acid
2024-10-18 12:19:56.932675 INFO::Fitting model to feature number 565, X4.pyridoxic.acid
2024-10-18 12:19:56.989214 INFO::Fitting model to feature number 566, X4.hydroxyphenylacetic.acid
2024-10-18 12:19:57.045624 INFO::Fitting model to feature number 567, X4.hydroxybutyric.acid
2024-10-18 12:19:57.101081 INFO::Fitting model to feature number 568, X4..5.dihydroxy.7.glucosyloxyflavanone
2024-10-18 12:19:57.155654 INFO::Fitting model to feature number 569, X3.phenyllactic.acid
2024-10-18 12:19:57.210911 INFO::Fitting model to feature number 570, X3.hydroxyphenylacetic.acid
2024-10-18 12:19:57.26639 INFO::Fitting model to feature number 571, X3.hydroxypalmitic.acid
2024-10-18 12:19:57.286814 WARNING::Fitting problem for feature 571 a warning was issued
2024-10-18 12:19:57.343041 INFO::Fitting model to feature number 572, X3.hydroxy.3.methylglutaric.acid
2024-10-18 12:19:57.417089 INFO::Fitting model to feature number 573, X3.aminoisobutyric.acid
2024-10-18 12:19:57.480827 INFO::Fitting model to feature number 574, X3.6.anhydro.D.galactose
2024-10-18 12:19:57.557791 INFO::Fitting model to feature number 575, X3.4.dihydroxycinnamic.acid
2024-10-18 12:19:57.626822 INFO::Fitting model to feature number 576, X3..4.hydroxyphenyl.propionic.acid
2024-10-18 12:19:57.692784 INFO::Fitting model to feature number 577, X3..3.hydroxyphenyl.propionic.acid
2024-10-18 12:19:57.75812 INFO::Fitting model to feature number 578, X3..3.hydroxyphenyl..3.hydroxypropionic.acid
2024-10-18 12:19:57.810912 INFO::Fitting model to feature number 579, X2.ketoisocaproic.acid
2024-10-18 12:19:57.863846 INFO::Fitting model to feature number 580, X2.hydroxyisocaproic.acid
2024-10-18 12:19:57.929943 INFO::Fitting model to feature number 581, X2.hydroxyglutaric.acid
2024-10-18 12:19:57.985719 INFO::Fitting model to feature number 582, X2.deoxyuridine
2024-10-18 12:19:58.049155 INFO::Fitting model to feature number 583, X2.deoxytetronic.acid
2024-10-18 12:19:58.106668 INFO::Fitting model to feature number 584, X2..deoxyguanosine
2024-10-18 12:19:58.162525 INFO::Fitting model to feature number 585, X2.6.diaminopimelic.acid
2024-10-18 12:19:58.219045 INFO::Fitting model to feature number 586, X2.5.dihydroxypyrazine
2024-10-18 12:19:58.275234 INFO::Fitting model to feature number 587, X2.3.diaminopropionic.acid
2024-10-18 12:19:58.340452 INFO::Fitting model to feature number 588, X1.monopalmitin
2024-10-18 12:19:58.404953 INFO::Fitting model to feature number 589, X1.kestose
2024-10-18 12:19:58.47067 INFO::Fitting model to feature number 590, X1.3.diaminopropane
2024-10-18 12:19:58.548223 INFO::Fitting model to feature number 591, X1.2.4.benzenetriol
2024-10-18 12:19:58.610603 INFO::Fitting model to feature number 592, X.15.3..Anacardic.acid
2024-10-18 12:19:58.672644 INFO::Fitting model to feature number 593, X.9Z.12R..12.Hydroxyoctadec.9.enoic.acid
2024-10-18 12:19:58.729622 INFO::Fitting model to feature number 594, X.dehydro.ornithine
2024-10-18 12:19:58.782388 INFO::Fitting model to feature number 595, X.R..Butyrylcarnitine
2024-10-18 12:19:58.834801 INFO::Fitting model to feature number 596, X.S..1.Methylnicotinium
2024-10-18 12:19:58.890449 INFO::Fitting model to feature number 597, X.sulfanylsulfonyl.methane
2024-10-18 12:19:58.943023 INFO::Fitting model to feature number 598, X.Z..5.8.11.trihydroxyoctadec.9.enoic.acid
2024-10-18 12:19:59.006854 INFO::Fitting model to feature number 599, X1..1Z.Hexadecenyl..sn.glycero.3.phosphocholine
2024-10-18 12:19:59.059982 INFO::Fitting model to feature number 600, X1..1Z.Octadecenyl..sn.glycero.3.phosphocholine
2024-10-18 12:19:59.11276 INFO::Fitting model to feature number 601, X1..9Z.12Z.Octadecadienoyl.2.hydroxy.sn.glycero.3.phosphocholine
2024-10-18 12:19:59.168023 INFO::Fitting model to feature number 602, X1.2.Cyclohexanedione
2024-10-18 12:19:59.232597 INFO::Fitting model to feature number 603, X1.7.Dimethyluric.acid
2024-10-18 12:19:59.299888 INFO::Fitting model to feature number 604, X1.Hexadecyl.sn.glycero.3.phosphocholine
2024-10-18 12:19:59.353871 INFO::Fitting model to feature number 605, X1.Methylnicotinamide
2024-10-18 12:19:59.41262 INFO::Fitting model to feature number 606, X1.Methylpseudouridine
2024-10-18 12:19:59.495205 INFO::Fitting model to feature number 607, X1.Palmitoyl.2.hydroxy.sn.glycero.3.phospho..1..rac.glycerol.
2024-10-18 12:19:59.547637 INFO::Fitting model to feature number 608, X1.Palmitoyl.sn.glycero.3.phosphocholine
2024-10-18 12:19:59.611365 INFO::Fitting model to feature number 609, X1.Stearoyl.2.hydroxy.sn.glycero.3.phosphocholine
2024-10-18 12:19:59.677431 INFO::Fitting model to feature number 610, X1.Stearoyl.2.hydroxy.sn.glycero.3.phosphoethanolamine
2024-10-18 12:19:59.730657 INFO::Fitting model to feature number 611, X2..1.Methyl.1H.imidazol.5.yl.acetic.acid
2024-10-18 12:19:59.783832 INFO::Fitting model to feature number 612, X2..2.6.dimethylmorpholin.4.yl.ethanol
2024-10-18 12:19:59.851244 INFO::Fitting model to feature number 613, X2..n.ethyl.n.m.toluidino.ethanol
2024-10-18 12:19:59.915401 INFO::Fitting model to feature number 614, X2.6.dihydroxybenzoic.acid
2024-10-18 12:19:59.978833 INFO::Fitting model to feature number 615, X2.acetylpyrazine
2024-10-18 12:20:00.034627 INFO::Fitting model to feature number 616, X2.Amino.1.phenylethanol
2024-10-18 12:20:00.087707 INFO::Fitting model to feature number 617, X2.Amino.3.methoxybenzoic.acid
2024-10-18 12:20:00.152779 INFO::Fitting model to feature number 618, X2..Deoxycytidine
2024-10-18 12:20:00.214994 INFO::Fitting model to feature number 619, X2..Deoxycytidine.1
2024-10-18 12:20:00.269341 INFO::Fitting model to feature number 620, X2..Deoxyguanosine.5..monophosphate
2024-10-18 12:20:00.323032 INFO::Fitting model to feature number 621, X2..Deoxyinosine
2024-10-18 12:20:00.398097 INFO::Fitting model to feature number 622, X2.Hydroxy.4.methylpentanoic.acid
2024-10-18 12:20:00.451038 INFO::Fitting model to feature number 623, X2.Hydroxybenzaldehyde
2024-10-18 12:20:00.508131 INFO::Fitting model to feature number 624, X2.hydroxybutyric.acid
2024-10-18 12:20:00.57074 INFO::Fitting model to feature number 625, X2.hydroxypalmitic.acid
2024-10-18 12:20:00.654203 INFO::Fitting model to feature number 626, X2.Hydroxyphenethyl.alcohol
2024-10-18 12:20:00.740979 INFO::Fitting model to feature number 627, X2.Isopropylmalic.acid
2024-10-18 12:20:00.854813 INFO::Fitting model to feature number 628, X2.Methyl.N..4.Methylphenyl.alanine
2024-10-18 12:20:00.918368 INFO::Fitting model to feature number 629, X2.phenylmalonaldehyde
2024-10-18 12:20:00.981444 INFO::Fitting model to feature number 630, X2.Pyridone
2024-10-18 12:20:01.044322 INFO::Fitting model to feature number 631, X3..1.Methyl.1H.pyrazol.5.yl.propanoic.acid
2024-10-18 12:20:01.103652 INFO::Fitting model to feature number 632, X3..1.Pyrazolyl..alanine
2024-10-18 12:20:01.165617 INFO::Fitting model to feature number 633, X3..3.Hydroxyphenyl.propionic.acid
2024-10-18 12:20:01.223611 INFO::Fitting model to feature number 634, X3..5..2.Methylpropyl..3.6.dioxopiperazin.2.yl.propanoic.acid
2024-10-18 12:20:01.281785 INFO::Fitting model to feature number 635, X3.beta.allopregnanolone.sulfate
2024-10-18 12:20:01.338858 INFO::Fitting model to feature number 636, X3.cyanocoumarin
2024-10-18 12:20:01.406662 INFO::Fitting model to feature number 637, X3.Deoxyuridine
2024-10-18 12:20:01.485775 INFO::Fitting model to feature number 638, X3.hydroxybutyrylcarnitine
2024-10-18 12:20:01.54029 INFO::Fitting model to feature number 639, X3.Hydroxymorphinan
2024-10-18 12:20:01.596995 INFO::Fitting model to feature number 640, X3.Hydroxyvaleric.acid
2024-10-18 12:20:01.664637 INFO::Fitting model to feature number 641, X3.Methyl.gamma.butyrolactone
2024-10-18 12:20:01.720407 INFO::Fitting model to feature number 642, X3.Methylhistidine
2024-10-18 12:20:01.74035 WARNING::Fitting problem for feature 642 a warning was issued
2024-10-18 12:20:01.815572 INFO::Fitting model to feature number 643, X3.Methylxanthine
2024-10-18 12:20:01.871098 INFO::Fitting model to feature number 644, X3.oxocholic.acid
2024-10-18 12:20:01.929322 INFO::Fitting model to feature number 645, X4.Acetamidobutyric.acid
2024-10-18 12:20:01.986497 INFO::Fitting model to feature number 646, X4.Amino.2.methyl.5.pyrimidinemethanol
2024-10-18 12:20:02.054179 INFO::Fitting model to feature number 647, X4.Aminomethylcyclohexanecarboxylic.acid
2024-10-18 12:20:02.119411 INFO::Fitting model to feature number 648, X4.aminosalicylic.acid
2024-10-18 12:20:02.185873 INFO::Fitting model to feature number 649, X4.Hydroxymandelonitrile
2024-10-18 12:20:02.24131 INFO::Fitting model to feature number 650, X4.Methyl.5.thiazoleethanol
2024-10-18 12:20:02.308426 INFO::Fitting model to feature number 651, X4.Pentylaniline
2024-10-18 12:20:02.371044 INFO::Fitting model to feature number 652, X4.Trimethylammoniobutanoic.acid
2024-10-18 12:20:02.424442 INFO::Fitting model to feature number 653, X5.Acetylamino.6.amino.3.methyluracil
2024-10-18 12:20:02.499176 INFO::Fitting model to feature number 654, X5.Aminosalicylic.acid
2024-10-18 12:20:02.563075 INFO::Fitting model to feature number 655, X5.beta.androstan.3.alpha.ol.17.one.sulfate
2024-10-18 12:20:02.618071 INFO::Fitting model to feature number 656, X5.hydroxyindoleacetate
2024-10-18 12:20:02.680961 INFO::Fitting model to feature number 657, X5.Hydroxymethylcytidine
2024-10-18 12:20:02.736233 INFO::Fitting model to feature number 658, X5.Methylcytidine
2024-10-18 12:20:02.800003 INFO::Fitting model to feature number 659, X5..Methylthioadenosine
2024-10-18 12:20:02.856106 INFO::Fitting model to feature number 660, X6.7.Dihydroxycoumarin
2024-10-18 12:20:02.909954 INFO::Fitting model to feature number 661, X6.Aminoindazole
2024-10-18 12:20:02.973659 INFO::Fitting model to feature number 662, X7.Keto.3alpha.12.alpha.dihydroxycholanic.acid
2024-10-18 12:20:03.037263 INFO::Fitting model to feature number 663, X7.Methylguanine
2024-10-18 12:20:03.091028 INFO::Fitting model to feature number 664, X8.Oxo.2.deoxyadenosine
2024-10-18 12:20:03.147469 INFO::Fitting model to feature number 665, X9.10.dihydroxystearic.acid
2024-10-18 12:20:03.213259 INFO::Fitting model to feature number 666, Acetaminophen.sulfate
2024-10-18 12:20:03.26924 INFO::Fitting model to feature number 667, Acetylcarnitine
2024-10-18 12:20:03.320258 INFO::Fitting model to feature number 668, Adenine
2024-10-18 12:20:03.403076 INFO::Fitting model to feature number 669, adenosine.1
2024-10-18 12:20:03.468329 INFO::Fitting model to feature number 670, Agmatine
2024-10-18 12:20:03.524244 INFO::Fitting model to feature number 671, Ala.Ala
2024-10-18 12:20:03.579076 INFO::Fitting model to feature number 672, Ala.Ala.Lys
2024-10-18 12:20:03.6337 INFO::Fitting model to feature number 673, Ala.Arg
2024-10-18 12:20:03.693414 INFO::Fitting model to feature number 674, Ala.Gln
2024-10-18 12:20:03.759454 INFO::Fitting model to feature number 675, Ala.His
2024-10-18 12:20:03.816682 INFO::Fitting model to feature number 676, Ala.Ile.Arg
2024-10-18 12:20:03.873381 INFO::Fitting model to feature number 677, Ala.Lys
2024-10-18 12:20:03.938314 INFO::Fitting model to feature number 678, Ala.Phe
2024-10-18 12:20:03.99089 INFO::Fitting model to feature number 679, ala.pro
2024-10-18 12:20:04.046907 INFO::Fitting model to feature number 680, Ala.Thr
2024-10-18 12:20:04.112243 INFO::Fitting model to feature number 681, Ala.Trp
2024-10-18 12:20:04.167011 INFO::Fitting model to feature number 682, Ala.Val.Lys
2024-10-18 12:20:04.221735 INFO::Fitting model to feature number 683, alpha.Galactosamine.1.phosphate
2024-10-18 12:20:04.287524 INFO::Fitting model to feature number 684, aminocarnitine
2024-10-18 12:20:04.36823 INFO::Fitting model to feature number 685, Arabitol
2024-10-18 12:20:04.436147 INFO::Fitting model to feature number 686, Arg.Gly
2024-10-18 12:20:04.505536 INFO::Fitting model to feature number 687, Arginine
2024-10-18 12:20:04.595337 INFO::Fitting model to feature number 688, arg.pro
2024-10-18 12:20:04.681944 INFO::Fitting model to feature number 689, Arg.Thr
2024-10-18 12:20:04.765057 INFO::Fitting model to feature number 690, Arg.Trp
2024-10-18 12:20:04.822191 INFO::Fitting model to feature number 691, Asn.Arg
2024-10-18 12:20:04.884865 INFO::Fitting model to feature number 692, Asn.Asn
2024-10-18 12:20:04.946193 INFO::Fitting model to feature number 693, Asn.Glu
2024-10-18 12:20:05.00969 INFO::Fitting model to feature number 694, Asn.Tyr
2024-10-18 12:20:05.084856 INFO::Fitting model to feature number 695, Asp.Arg
2024-10-18 12:20:05.149721 INFO::Fitting model to feature number 696, Aspartic.acid
2024-10-18 12:20:05.211148 INFO::Fitting model to feature number 697, Asp.Leu.Lys
2024-10-18 12:20:05.283773 INFO::Fitting model to feature number 698, Asp.Lys
2024-10-18 12:20:05.355165 INFO::Fitting model to feature number 699, Asp.Phe
2024-10-18 12:20:05.43074 INFO::Fitting model to feature number 700, Asp.Tyr
2024-10-18 12:20:05.529873 INFO::Fitting model to feature number 701, Azithromycin
2024-10-18 12:20:05.60924 INFO::Fitting model to feature number 702, beta.homoleucine
2024-10-18 12:20:05.683006 INFO::Fitting model to feature number 703, Betaine
2024-10-18 12:20:05.746897 INFO::Fitting model to feature number 704, Betaine.aldehyde
2024-10-18 12:20:05.769217 WARNING::Fitting problem for feature 704 a warning was issued
2024-10-18 12:20:05.833595 INFO::Fitting model to feature number 705, Biliverdin
2024-10-18 12:20:05.899487 INFO::Fitting model to feature number 706, Blood.Group.A.Tetrasaccharide
2024-10-18 12:20:05.987836 INFO::Fitting model to feature number 707, cadaverine.1
2024-10-18 12:20:06.073028 INFO::Fitting model to feature number 708, Caffeic.acid
2024-10-18 12:20:06.153142 INFO::Fitting model to feature number 709, cAMP
2024-10-18 12:20:06.218742 INFO::Fitting model to feature number 710, carnitine
2024-10-18 12:20:06.285854 INFO::Fitting model to feature number 711, carnosine
2024-10-18 12:20:06.356564 INFO::Fitting model to feature number 712, Catechol
2024-10-18 12:20:06.416594 INFO::Fitting model to feature number 713, chenodeoxycholic.acid.1
2024-10-18 12:20:06.487302 INFO::Fitting model to feature number 714, cholesterol.3.sulfate....1046
2024-10-18 12:20:06.546419 INFO::Fitting model to feature number 715, Cholic.acid
2024-10-18 12:20:06.641459 INFO::Fitting model to feature number 716, Choline
2024-10-18 12:20:06.699936 INFO::Fitting model to feature number 717, citrulline
2024-10-18 12:20:06.773882 INFO::Fitting model to feature number 718, Cortisone
2024-10-18 12:20:06.845854 INFO::Fitting model to feature number 719, Cortodoxone
2024-10-18 12:20:06.906967 INFO::Fitting model to feature number 720, Creatine
2024-10-18 12:20:06.969502 INFO::Fitting model to feature number 721, Cysteic.Acid
2024-10-18 12:20:07.034086 INFO::Fitting model to feature number 722, cysteine.S.sulfate
2024-10-18 12:20:07.098173 INFO::Fitting model to feature number 723, Cytidine
2024-10-18 12:20:07.159339 INFO::Fitting model to feature number 724, Daidzein
2024-10-18 12:20:07.219914 INFO::Fitting model to feature number 725, decanedioic.acid
2024-10-18 12:20:07.295307 INFO::Fitting model to feature number 726, dehydroepiandrosterone.sulfate
2024-10-18 12:20:07.372524 INFO::Fitting model to feature number 727, delta.Hydroxylysine
2024-10-18 12:20:07.452307 INFO::Fitting model to feature number 728, deoxycarnitine
2024-10-18 12:20:07.532095 INFO::Fitting model to feature number 729, Deoxycholate
2024-10-18 12:20:07.622633 INFO::Fitting model to feature number 730, deprenyl
2024-10-18 12:20:07.701105 INFO::Fitting model to feature number 731, D.erythro.N.stearoylsphingosine
2024-10-18 12:20:07.81548 INFO::Fitting model to feature number 732, Desloratadine
2024-10-18 12:20:07.906337 INFO::Fitting model to feature number 733, dibenzylamine
2024-10-18 12:20:07.988959 INFO::Fitting model to feature number 734, Dihydrosphingosine
2024-10-18 12:20:08.069277 INFO::Fitting model to feature number 735, DL.Octopamine
2024-10-18 12:20:08.149334 INFO::Fitting model to feature number 736, docosahexaenoic.acid
2024-10-18 12:20:08.225668 INFO::Fitting model to feature number 737, Docosatetraenoic.acid
2024-10-18 12:20:08.304338 INFO::Fitting model to feature number 738, D.Pyroglutamic.acid
2024-10-18 12:20:08.3762 INFO::Fitting model to feature number 739, Eicosenoic.acid
2024-10-18 12:20:08.462835 INFO::Fitting model to feature number 740, E.N.Deoxyfructosyllysine
2024-10-18 12:20:08.541436 INFO::Fitting model to feature number 741, ethanolamine.1
2024-10-18 12:20:08.614439 INFO::Fitting model to feature number 742, Ethyl..4.amino.1.piperidinyl.acetate
2024-10-18 12:20:08.68975 INFO::Fitting model to feature number 743, Ferulic.acid
2024-10-18 12:20:08.76366 INFO::Fitting model to feature number 744, Galacto.N.biose
2024-10-18 12:20:08.829124 INFO::Fitting model to feature number 745, gamma.aminobutyric.acid
2024-10-18 12:20:08.892851 INFO::Fitting model to feature number 746, gamma.Glutamylmethionine
2024-10-18 12:20:08.973527 INFO::Fitting model to feature number 747, gamma.linolenic.acid
2024-10-18 12:20:09.108466 INFO::Fitting model to feature number 748, Gln.Ala
2024-10-18 12:20:09.219187 INFO::Fitting model to feature number 749, Gln.Arg
2024-10-18 12:20:09.301544 INFO::Fitting model to feature number 750, Gln.Glu
2024-10-18 12:20:09.37087 INFO::Fitting model to feature number 751, Gln.Leu.Lys
2024-10-18 12:20:09.439999 INFO::Fitting model to feature number 752, Gln.Met
2024-10-18 12:20:09.507139 INFO::Fitting model to feature number 753, Gln.Phe
2024-10-18 12:20:09.57154 INFO::Fitting model to feature number 754, Gln.Pro
2024-10-18 12:20:09.634314 INFO::Fitting model to feature number 755, Gln.Tyr
2024-10-18 12:20:09.699218 INFO::Fitting model to feature number 756, Glu.Ala.Lys
2024-10-18 12:20:09.778039 INFO::Fitting model to feature number 757, Glucosamine.6.phosphate
2024-10-18 12:20:09.839776 INFO::Fitting model to feature number 758, Glu.Glu
2024-10-18 12:20:09.89794 INFO::Fitting model to feature number 759, Glu.Gly
2024-10-18 12:20:09.956968 INFO::Fitting model to feature number 760, Glu.His
2024-10-18 12:20:10.015403 INFO::Fitting model to feature number 761, Glu.Ile.Lys
2024-10-18 12:20:10.077679 INFO::Fitting model to feature number 762, glutamic.acid
2024-10-18 12:20:10.160361 INFO::Fitting model to feature number 763, Glutamine
2024-10-18 12:20:10.228854 INFO::Fitting model to feature number 764, Glu.Val.Phe
2024-10-18 12:20:10.294888 INFO::Fitting model to feature number 765, Gly.Asn
2024-10-18 12:20:10.361439 INFO::Fitting model to feature number 766, Gly.Asp
2024-10-18 12:20:10.438354 INFO::Fitting model to feature number 767, glycerophosphocholine
2024-10-18 12:20:10.503305 INFO::Fitting model to feature number 768, glycine.1
2024-10-18 12:20:10.565207 INFO::Fitting model to feature number 769, Glycitein
2024-10-18 12:20:10.628049 INFO::Fitting model to feature number 770, glycocholic.acid
2024-10-18 12:20:10.696076 INFO::Fitting model to feature number 771, Gly.Glu
2024-10-18 12:20:10.763613 INFO::Fitting model to feature number 772, Gly.His
2024-10-18 12:20:10.821494 INFO::Fitting model to feature number 773, Gly.Ile
2024-10-18 12:20:10.879198 INFO::Fitting model to feature number 774, Gly.Ile.Lys
2024-10-18 12:20:10.93628 INFO::Fitting model to feature number 775, Gly.Met
2024-10-18 12:20:10.993978 INFO::Fitting model to feature number 776, Gly.Phe
2024-10-18 12:20:11.04801 INFO::Fitting model to feature number 777, Gly.Pro
2024-10-18 12:20:11.118784 INFO::Fitting model to feature number 778, Gly.Val.Lys
2024-10-18 12:20:11.19718 INFO::Fitting model to feature number 779, guanidinosuccinate.1
2024-10-18 12:20:11.25388 INFO::Fitting model to feature number 780, Guanine
2024-10-18 12:20:11.315999 INFO::Fitting model to feature number 781, Guanosine
2024-10-18 12:20:11.373753 INFO::Fitting model to feature number 782, His.Ala
2024-10-18 12:20:11.434031 INFO::Fitting model to feature number 783, His.Gln
2024-10-18 12:20:11.501378 INFO::Fitting model to feature number 784, his.ile
2024-10-18 12:20:11.573466 INFO::Fitting model to feature number 785, His.Leu
2024-10-18 12:20:11.642235 INFO::Fitting model to feature number 786, His.Ser
2024-10-18 12:20:11.714479 INFO::Fitting model to feature number 787, Histamine
2024-10-18 12:20:11.788567 INFO::Fitting model to feature number 788, His.Thr
2024-10-18 12:20:11.864988 INFO::Fitting model to feature number 789, histidine
2024-10-18 12:20:11.936966 INFO::Fitting model to feature number 790, His.Tyr
2024-10-18 12:20:12.007246 INFO::Fitting model to feature number 791, His.Val
2024-10-18 12:20:12.064435 INFO::Fitting model to feature number 792, Homarine
2024-10-18 12:20:12.134018 INFO::Fitting model to feature number 793, Hypoxanthine
2024-10-18 12:20:12.202709 INFO::Fitting model to feature number 794, Ile.Ala
2024-10-18 12:20:12.288449 INFO::Fitting model to feature number 795, Ile.Arg
2024-10-18 12:20:12.344602 INFO::Fitting model to feature number 796, Ile.Gln
2024-10-18 12:20:12.427163 INFO::Fitting model to feature number 797, Ile.Glu
2024-10-18 12:20:12.489469 INFO::Fitting model to feature number 798, Ile.Phe
2024-10-18 12:20:12.570375 INFO::Fitting model to feature number 799, Ile.Pro
2024-10-18 12:20:12.659204 INFO::Fitting model to feature number 800, Ile.Ser
2024-10-18 12:20:12.745365 INFO::Fitting model to feature number 801, Ile.Thr
2024-10-18 12:20:12.832675 INFO::Fitting model to feature number 802, Ile.Trp
2024-10-18 12:20:12.917365 INFO::Fitting model to feature number 803, Ile.Val
2024-10-18 12:20:12.993635 INFO::Fitting model to feature number 804, Ile.Val.Arg
2024-10-18 12:20:13.075819 INFO::Fitting model to feature number 805, Indole.3.carboxaldehyde
2024-10-18 12:20:13.158338 INFO::Fitting model to feature number 806, Inosine
2024-10-18 12:20:13.226181 INFO::Fitting model to feature number 807, isethionate
2024-10-18 12:20:13.292526 INFO::Fitting model to feature number 808, Isoleucine
2024-10-18 12:20:13.35688 INFO::Fitting model to feature number 809, Isorhamnetin.3.O.rutinoside
2024-10-18 12:20:13.47 INFO::Fitting model to feature number 810, Ketoisovaleric.acid
2024-10-18 12:20:13.544219 INFO::Fitting model to feature number 811, Kynurenic.acid
2024-10-18 12:20:13.604424 INFO::Fitting model to feature number 812, L.Arginine..methyl.ester
2024-10-18 12:20:13.663409 INFO::Fitting model to feature number 813, Lauroyl.L.carnitine
2024-10-18 12:20:13.723947 INFO::Fitting model to feature number 814, Leu.Asn
2024-10-18 12:20:13.79877 INFO::Fitting model to feature number 815, Leucine
2024-10-18 12:20:13.86108 INFO::Fitting model to feature number 816, leucyl.leucine
2024-10-18 12:20:13.937015 INFO::Fitting model to feature number 817, Leu.Gly.Leu
2024-10-18 12:20:14.003151 INFO::Fitting model to feature number 818, Leu.His
2024-10-18 12:20:14.077253 INFO::Fitting model to feature number 819, Leu.Leu
2024-10-18 12:20:14.13967 INFO::Fitting model to feature number 820, Leu.Leu.Arg
2024-10-18 12:20:14.162269 WARNING::Fitting problem for feature 820 a warning was issued
2024-10-18 12:20:14.237328 INFO::Fitting model to feature number 821, Leu.Met
2024-10-18 12:20:14.314102 INFO::Fitting model to feature number 822, Leu.Phe
2024-10-18 12:20:14.381419 INFO::Fitting model to feature number 823, Leu.Thr
2024-10-18 12:20:14.449616 INFO::Fitting model to feature number 824, Leu.Trp
2024-10-18 12:20:14.528191 INFO::Fitting model to feature number 825, Leu.Val.Lys
2024-10-18 12:20:14.623882 INFO::Fitting model to feature number 826, Linoleoyl.ethanolamide
2024-10-18 12:20:14.710356 INFO::Fitting model to feature number 827, LPA.16.0
2024-10-18 12:20:14.789508 INFO::Fitting model to feature number 828, LPC.12.0
2024-10-18 12:20:14.881169 INFO::Fitting model to feature number 829, LPC.15.0
2024-10-18 12:20:14.951735 INFO::Fitting model to feature number 830, LPC.16.0
2024-10-18 12:20:15.017999 INFO::Fitting model to feature number 831, LPC.18.0....1185
2024-10-18 12:20:15.088825 INFO::Fitting model to feature number 832, LPC.18.1.Isomer.B
2024-10-18 12:20:15.156049 INFO::Fitting model to feature number 833, LPC.O.16.1....1188
2024-10-18 12:20:15.229258 INFO::Fitting model to feature number 834, LPE.16.0....1189
2024-10-18 12:20:15.318517 INFO::Fitting model to feature number 835, LPE.O.16.1
2024-10-18 12:20:15.389879 INFO::Fitting model to feature number 836, LPI.18.0
2024-10-18 12:20:15.448028 INFO::Fitting model to feature number 837, L.Saccharopine
2024-10-18 12:20:15.5258 INFO::Fitting model to feature number 838, Lys.Asp
2024-10-18 12:20:15.616992 INFO::Fitting model to feature number 839, Lys.Gly
2024-10-18 12:20:15.707743 INFO::Fitting model to feature number 840, lysine
2024-10-18 12:20:15.768166 INFO::Fitting model to feature number 841, Lys.Phe
2024-10-18 12:20:15.859073 INFO::Fitting model to feature number 842, Lys.Pro
2024-10-18 12:20:15.933269 INFO::Fitting model to feature number 843, Lys.Ser
2024-10-18 12:20:16.014045 INFO::Fitting model to feature number 844, Lys.Val
2024-10-18 12:20:16.105687 INFO::Fitting model to feature number 845, Malonic.acid
2024-10-18 12:20:16.167192 INFO::Fitting model to feature number 846, maltotriose.1
2024-10-18 12:20:16.1876 WARNING::Fitting problem for feature 846 a warning was issued
2024-10-18 12:20:16.2677 INFO::Fitting model to feature number 847, Mandelic.acid
2024-10-18 12:20:16.358485 INFO::Fitting model to feature number 848, Mannitol
2024-10-18 12:20:16.450969 INFO::Fitting model to feature number 849, Melatonin
2024-10-18 12:20:16.528882 INFO::Fitting model to feature number 850, Met.Ala
2024-10-18 12:20:16.585433 INFO::Fitting model to feature number 851, Met.Arg
2024-10-18 12:20:16.656227 INFO::Fitting model to feature number 852, Met.Asp
2024-10-18 12:20:16.718868 INFO::Fitting model to feature number 853, Met.Glu
2024-10-18 12:20:16.788348 INFO::Fitting model to feature number 854, Methacholine
2024-10-18 12:20:16.865295 INFO::Fitting model to feature number 855, Methionine
2024-10-18 12:20:16.926444 INFO::Fitting model to feature number 856, methionine.sulfone
2024-10-18 12:20:17.026746 INFO::Fitting model to feature number 857, methionine.sulfoxide
2024-10-18 12:20:17.098339 INFO::Fitting model to feature number 858, Met.His
2024-10-18 12:20:17.16785 INFO::Fitting model to feature number 859, Methohexital
2024-10-18 12:20:17.221321 INFO::Fitting model to feature number 860, Methyl.beta.galactopyranoside
2024-10-18 12:20:17.283114 INFO::Fitting model to feature number 861, methylglyoxal.derived.hydroimidazolone
2024-10-18 12:20:17.363176 INFO::Fitting model to feature number 862, Met.Lys
2024-10-18 12:20:17.449908 INFO::Fitting model to feature number 863, Met.Met
2024-10-18 12:20:17.523835 INFO::Fitting model to feature number 864, Met.Thr
2024-10-18 12:20:17.582564 INFO::Fitting model to feature number 865, Met.Val
2024-10-18 12:20:17.662739 INFO::Fitting model to feature number 866, myo.inositol
2024-10-18 12:20:17.745572 INFO::Fitting model to feature number 867, Myristoyl.L.carnitine
2024-10-18 12:20:17.811427 INFO::Fitting model to feature number 868, N..2.6.dimethylphenyl..2.hydroxyacetamide
2024-10-18 12:20:17.871952 INFO::Fitting model to feature number 869, N..5.acetamidopentyl.acetamide
2024-10-18 12:20:17.930906 INFO::Fitting model to feature number 870, N.N..Diacetylcystine
2024-10-18 12:20:17.988828 INFO::Fitting model to feature number 871, N.N.epsiloN.dimethyl.lysine
2024-10-18 12:20:18.044845 INFO::Fitting model to feature number 872, N2.acetyl.histidine
2024-10-18 12:20:18.135031 INFO::Fitting model to feature number 873, N8.acetylspermidine
2024-10-18 12:20:18.198118 INFO::Fitting model to feature number 874, N.acetylarginine
2024-10-18 12:20:18.260647 INFO::Fitting model to feature number 875, N.Acetyl.D.proline
2024-10-18 12:20:18.324309 INFO::Fitting model to feature number 876, N.Acetylglucosamine
2024-10-18 12:20:18.388023 INFO::Fitting model to feature number 877, N..Acetylisonicotinohydrazide
2024-10-18 12:20:18.459331 INFO::Fitting model to feature number 878, N.Acetylputrescine
2024-10-18 12:20:18.514476 INFO::Fitting model to feature number 879, N.Acetylserine
2024-10-18 12:20:18.573395 INFO::Fitting model to feature number 880, N.alpha.methylhistamine
2024-10-18 12:20:18.640319 INFO::Fitting model to feature number 881, Neohesperidin
2024-10-18 12:20:18.714793 INFO::Fitting model to feature number 882, Nervonic.acid
2024-10-18 12:20:18.771437 INFO::Fitting model to feature number 883, N.Formylmethionine
2024-10-18 12:20:18.834973 INFO::Fitting model to feature number 884, N.fructosyl.isoleucine
2024-10-18 12:20:18.898461 INFO::Fitting model to feature number 885, Nicotinamide.riboside
2024-10-18 12:20:18.958037 INFO::Fitting model to feature number 886, Nicotinic.acid
2024-10-18 12:20:19.013113 INFO::Fitting model to feature number 887, N.Isobutyrylglycine
2024-10-18 12:20:19.067072 INFO::Fitting model to feature number 888, N.Methylanthranilic.acid
2024-10-18 12:20:19.154881 INFO::Fitting model to feature number 889, N.Methylglutamic.acid
2024-10-18 12:20:19.213521 INFO::Fitting model to feature number 890, N.Methylproline
2024-10-18 12:20:19.276217 INFO::Fitting model to feature number 891, N.Methylthreonine
2024-10-18 12:20:19.33902 INFO::Fitting model to feature number 892, N.Methyltyrosine
2024-10-18 12:20:19.400497 INFO::Fitting model to feature number 893, N.nitroimidazolidi.N.2.imine
2024-10-18 12:20:19.457662 INFO::Fitting model to feature number 894, N.nitrosopyrrolidine
2024-10-18 12:20:19.511699 INFO::Fitting model to feature number 895, N.omega.Acetylhistamine
2024-10-18 12:20:19.564707 INFO::Fitting model to feature number 896, Octadecanedioic.acid
2024-10-18 12:20:19.616538 INFO::Fitting model to feature number 897, Octopine
2024-10-18 12:20:19.668814 INFO::Fitting model to feature number 898, Oleoyl.L.carnitine
2024-10-18 12:20:19.735717 INFO::Fitting model to feature number 899, O.Phosphocholine
2024-10-18 12:20:19.791802 INFO::Fitting model to feature number 900, ornithine....1268
2024-10-18 12:20:19.853339 INFO::Fitting model to feature number 901, Palmitoylcarnitine
2024-10-18 12:20:19.918662 INFO::Fitting model to feature number 902, Pantothenic.acid
2024-10-18 12:20:19.983227 INFO::Fitting model to feature number 903, Pantothenic.acid.1
2024-10-18 12:20:20.063688 INFO::Fitting model to feature number 904, p.coumaric.acid
2024-10-18 12:20:20.126602 INFO::Fitting model to feature number 905, Phe.Ala
2024-10-18 12:20:20.185265 INFO::Fitting model to feature number 906, phe.arg
2024-10-18 12:20:20.245649 INFO::Fitting model to feature number 907, Phe.Asn
2024-10-18 12:20:20.309159 INFO::Fitting model to feature number 908, Phe.Glu
2024-10-18 12:20:20.373325 INFO::Fitting model to feature number 909, Phe.His
2024-10-18 12:20:20.427062 INFO::Fitting model to feature number 910, Phe.Lys
2024-10-18 12:20:20.484997 INFO::Fitting model to feature number 911, phenylacetylglycine
2024-10-18 12:20:20.546301 INFO::Fitting model to feature number 912, Phenylalanine
2024-10-18 12:20:20.61855 INFO::Fitting model to feature number 913, Phe.Thr
2024-10-18 12:20:20.679602 INFO::Fitting model to feature number 914, Phe.Tyr
2024-10-18 12:20:20.737417 INFO::Fitting model to feature number 915, Phe.Val
2024-10-18 12:20:20.79524 INFO::Fitting model to feature number 916, Pipecolic.acid
2024-10-18 12:20:20.854358 INFO::Fitting model to feature number 917, piperine
2024-10-18 12:20:20.919288 INFO::Fitting model to feature number 918, Pro.Asp
2024-10-18 12:20:20.987371 INFO::Fitting model to feature number 919, pro.gly
2024-10-18 12:20:21.084211 INFO::Fitting model to feature number 920, Pro.Ile
2024-10-18 12:20:21.148371 INFO::Fitting model to feature number 921, Proline
2024-10-18 12:20:21.221348 INFO::Fitting model to feature number 922, Pro.Phe
2024-10-18 12:20:21.284193 INFO::Fitting model to feature number 923, Pro.Pro
2024-10-18 12:20:21.357147 INFO::Fitting model to feature number 924, Pro.Ser
2024-10-18 12:20:21.426811 INFO::Fitting model to feature number 925, Pro.Thr
2024-10-18 12:20:21.501459 INFO::Fitting model to feature number 926, Pseudouridine
2024-10-18 12:20:21.56608 INFO::Fitting model to feature number 927, putrescine.1
2024-10-18 12:20:21.645831 INFO::Fitting model to feature number 928, Pyridoxamine
2024-10-18 12:20:21.720967 INFO::Fitting model to feature number 929, pyrrolidine
2024-10-18 12:20:21.787271 INFO::Fitting model to feature number 930, pyruvic.acid...1307
2024-10-18 12:20:21.86531 INFO::Fitting model to feature number 931, quinaldic.acid
2024-10-18 12:20:21.936512 INFO::Fitting model to feature number 932, riboflavin
2024-10-18 12:20:21.997481 INFO::Fitting model to feature number 933, Rosmarinic.acid
2024-10-18 12:20:22.055208 INFO::Fitting model to feature number 934, S.Adenosyl.L.methionine
2024-10-18 12:20:22.109231 INFO::Fitting model to feature number 935, salicylamide
2024-10-18 12:20:22.195945 INFO::Fitting model to feature number 936, SDMA
2024-10-18 12:20:22.267731 INFO::Fitting model to feature number 937, sedoheptulose
2024-10-18 12:20:22.337019 INFO::Fitting model to feature number 938, Ser.Asp
2024-10-18 12:20:22.399129 INFO::Fitting model to feature number 939, serine....1320
2024-10-18 12:20:22.472849 INFO::Fitting model to feature number 940, Ser.Lys
2024-10-18 12:20:22.545253 INFO::Fitting model to feature number 941, ser.pro
2024-10-18 12:20:22.614095 INFO::Fitting model to feature number 942, Ser.Thr
2024-10-18 12:20:22.699445 INFO::Fitting model to feature number 943, Ser.Val
2024-10-18 12:20:22.776783 INFO::Fitting model to feature number 944, SM.22.1.2O.12.0
2024-10-18 12:20:22.847309 INFO::Fitting model to feature number 945, SPERMIDINE
2024-10-18 12:20:22.911664 INFO::Fitting model to feature number 946, Stercobilin
2024-10-18 12:20:22.986556 INFO::Fitting model to feature number 947, sulfochenodeoxycholic.acid
2024-10-18 12:20:23.061762 INFO::Fitting model to feature number 948, sulfolithocholic.acid
2024-10-18 12:20:23.124725 INFO::Fitting model to feature number 949, Tagatose
2024-10-18 12:20:23.189678 INFO::Fitting model to feature number 950, Taurine
2024-10-18 12:20:23.252971 INFO::Fitting model to feature number 951, Taurocholic.acid
2024-10-18 12:20:23.335762 INFO::Fitting model to feature number 952, Tauromuricholic.acid
2024-10-18 12:20:23.38658 INFO::Fitting model to feature number 953, Thiamine
2024-10-18 12:20:23.447835 INFO::Fitting model to feature number 954, Thr.Ala
2024-10-18 12:20:23.510205 INFO::Fitting model to feature number 955, Thr.Asp
2024-10-18 12:20:23.57223 INFO::Fitting model to feature number 956, threonine
2024-10-18 12:20:23.635844 INFO::Fitting model to feature number 957, Thr.His
2024-10-18 12:20:23.696239 INFO::Fitting model to feature number 958, Thr.Ile.Lys
2024-10-18 12:20:23.751701 INFO::Fitting model to feature number 959, Thr.Lys
2024-10-18 12:20:23.809349 INFO::Fitting model to feature number 960, Thr.Ser
2024-10-18 12:20:23.879714 INFO::Fitting model to feature number 961, Thr.Thr
2024-10-18 12:20:23.943439 INFO::Fitting model to feature number 962, Thr.Val
2024-10-18 12:20:24.003744 INFO::Fitting model to feature number 963, Thymidine
2024-10-18 12:20:24.066647 INFO::Fitting model to feature number 964, Thymine
2024-10-18 12:20:24.130291 INFO::Fitting model to feature number 965, TMAO
2024-10-18 12:20:24.196425 INFO::Fitting model to feature number 966, Tomatidine
2024-10-18 12:20:24.307394 INFO::Fitting model to feature number 967, trans.Zeatin
2024-10-18 12:20:24.383096 INFO::Fitting model to feature number 968, Trihydroxycholestanoic.acid
2024-10-18 12:20:24.463907 INFO::Fitting model to feature number 969, TRIMETHYLAMINE
2024-10-18 12:20:24.544881 INFO::Fitting model to feature number 970, Trp.Ser
2024-10-18 12:20:24.618463 INFO::Fitting model to feature number 971, Trp.Val
2024-10-18 12:20:24.67864 INFO::Fitting model to feature number 972, Tryptamine
2024-10-18 12:20:24.754457 INFO::Fitting model to feature number 973, Tryptoline
2024-10-18 12:20:24.831454 INFO::Fitting model to feature number 974, Tryptophan
2024-10-18 12:20:24.904187 INFO::Fitting model to feature number 975, tryptophan.betaine
2024-10-18 12:20:24.931266 WARNING::Fitting problem for feature 975 a warning was issued
2024-10-18 12:20:25.014303 INFO::Fitting model to feature number 976, Tyr.Ala
2024-10-18 12:20:25.092799 INFO::Fitting model to feature number 977, tyr.arg
2024-10-18 12:20:25.179179 INFO::Fitting model to feature number 978, Tyr.Asn
2024-10-18 12:20:25.273448 INFO::Fitting model to feature number 979, Tyr.Lys
2024-10-18 12:20:25.35908 INFO::Fitting model to feature number 980, tyrosine.1
2024-10-18 12:20:25.431954 INFO::Fitting model to feature number 981, Tyr.Thr
2024-10-18 12:20:25.514443 INFO::Fitting model to feature number 982, Tyr.Tyr.Tyr
2024-10-18 12:20:25.605615 INFO::Fitting model to feature number 983, Tyr.Val
2024-10-18 12:20:25.668382 INFO::Fitting model to feature number 984, Uracil
2024-10-18 12:20:25.730041 INFO::Fitting model to feature number 985, urea.1
2024-10-18 12:20:25.799647 INFO::Fitting model to feature number 986, uric.acid.1
2024-10-18 12:20:25.869928 INFO::Fitting model to feature number 987, Uridine
2024-10-18 12:20:25.958851 INFO::Fitting model to feature number 988, uridine.5.monophosphate
2024-10-18 12:20:26.054191 INFO::Fitting model to feature number 989, urobilin
2024-10-18 12:20:26.136194 INFO::Fitting model to feature number 990, Urocanic.acid
2024-10-18 12:20:26.208286 INFO::Fitting model to feature number 991, Ursocholic.acid
2024-10-18 12:20:26.279118 INFO::Fitting model to feature number 992, Val.Arg
2024-10-18 12:20:26.335364 INFO::Fitting model to feature number 993, Val.Asp
2024-10-18 12:20:26.406291 INFO::Fitting model to feature number 994, valeryl.carnitine
2024-10-18 12:20:26.478211 INFO::Fitting model to feature number 995, Val.Gly
2024-10-18 12:20:26.547267 INFO::Fitting model to feature number 996, Val.His
2024-10-18 12:20:26.605147 INFO::Fitting model to feature number 997, Valine
2024-10-18 12:20:26.685535 INFO::Fitting model to feature number 998, Val.Met
2024-10-18 12:20:26.74315 INFO::Fitting model to feature number 999, Val.Phe.Lys
2024-10-18 12:20:26.80135 INFO::Fitting model to feature number 1000, Val.Pro
2024-10-18 12:20:26.859937 INFO::Fitting model to feature number 1001, Val.Ser
2024-10-18 12:20:26.925547 INFO::Fitting model to feature number 1002, Val.Thr
2024-10-18 12:20:26.983641 INFO::Fitting model to feature number 1003, Val.Tyr
2024-10-18 12:20:27.051114 INFO::Fitting model to feature number 1004, Val.Val
2024-10-18 12:20:27.109851 INFO::Fitting model to feature number 1005, Val.Val.Lys
2024-10-18 12:20:27.176736 INFO::Fitting model to feature number 1006, xanthine
2024-10-18 12:20:27.237112 INFO::Fitting model to feature number 1007, Xanthosine
2024-10-18 12:20:27.309233 INFO::Fitting model to feature number 1008, Xanthurenic.acid
2024-10-18 12:20:27.745736 INFO::Counting total values for each feature
2024-10-18 12:20:28.057793 INFO::Writing filtered data to file /home/julianne/Documents/biogeography/Donors-Analysis/melonnpan/Mets-SeqRunSexSite_General-1-MsID-DonorID/features/filtered_data.tsv
2024-10-18 12:20:28.401281 INFO::Writing filtered, normalized data to file /home/julianne/Documents/biogeography/Donors-Analysis/melonnpan/Mets-SeqRunSexSite_General-1-MsID-DonorID/features/filtered_data_norm.tsv
2024-10-18 12:20:28.694422 INFO::Writing filtered, normalized, transformed data to file /home/julianne/Documents/biogeography/Donors-Analysis/melonnpan/Mets-SeqRunSexSite_General-1-MsID-DonorID/features/filtered_data_norm_transformed.tsv
2024-10-18 12:20:29.007255 WARNING::Deleting existing residuals file: /home/julianne/Documents/biogeography/Donors-Analysis/melonnpan/Mets-SeqRunSexSite_General-1-MsID-DonorID/fits/residuals.rds
2024-10-18 12:20:29.018528 INFO::Writing residuals to file /home/julianne/Documents/biogeography/Donors-Analysis/melonnpan/Mets-SeqRunSexSite_General-1-MsID-DonorID/fits/residuals.rds
2024-10-18 12:20:29.257992 WARNING::Deleting existing fitted file: /home/julianne/Documents/biogeography/Donors-Analysis/melonnpan/Mets-SeqRunSexSite_General-1-MsID-DonorID/fits/fitted.rds
2024-10-18 12:20:29.26068 INFO::Writing fitted values to file /home/julianne/Documents/biogeography/Donors-Analysis/melonnpan/Mets-SeqRunSexSite_General-1-MsID-DonorID/fits/fitted.rds
2024-10-18 12:20:29.391693 WARNING::Deleting existing ranef file: /home/julianne/Documents/biogeography/Donors-Analysis/melonnpan/Mets-SeqRunSexSite_General-1-MsID-DonorID/fits/ranef.rds
2024-10-18 12:20:29.393713 INFO::Writing extracted random effects to file /home/julianne/Documents/biogeography/Donors-Analysis/melonnpan/Mets-SeqRunSexSite_General-1-MsID-DonorID/fits/ranef.rds
2024-10-18 12:20:29.413204 INFO::Writing all results to file (ordered by increasing q-values): /home/julianne/Documents/biogeography/Donors-Analysis/melonnpan/Mets-SeqRunSexSite_General-1-MsID-DonorID/all_results.tsv
2024-10-18 12:20:29.475487 INFO::Writing the significant results (those which are less than or equal to the threshold of 0.250000 ) to file (ordered by increasing q-values): /home/julianne/Documents/biogeography/Donors-Analysis/melonnpan/Mets-SeqRunSexSite_General-1-MsID-DonorID/significant_results.tsv
