2024-10-18 12:22:49.422945 INFO::Writing function arguments to log file
2024-10-18 12:22:49.424992 DEBUG::Function arguments
2024-10-18 12:22:49.425724 DEBUG::Output folder: /home/julianne/Documents/biogeography/Humanized-Biogeography-Analysis/melonnpan/SPF_Gavage/Mets-SeqRunSexSite_General-1-MsID/
2024-10-18 12:22:49.42647 DEBUG::Min Abundance: 0.000000
2024-10-18 12:22:49.427412 DEBUG::Min Prevalence: 0.150000
2024-10-18 12:22:49.428178 DEBUG::Normalization: NONE
2024-10-18 12:22:49.428904 DEBUG::Transform: LOG
2024-10-18 12:22:49.42955 DEBUG::Analysis method: LM
2024-10-18 12:22:49.430196 DEBUG::Max significance: 0.250000
2024-10-18 12:22:49.430911 DEBUG::Random effects: MouseID
2024-10-18 12:22:49.431581 DEBUG::Fixed effects: Sequencing_Run,Sex,Site_General
2024-10-18 12:22:49.432204 DEBUG::Correction method: BH
2024-10-18 12:22:49.432825 DEBUG::Standardize: TRUE
2024-10-18 12:22:49.433447 DEBUG::Cores: 1
2024-10-18 12:22:49.433964 INFO::Verifying options selected are valid
2024-10-18 12:22:49.43583 INFO::Determining format of input files
2024-10-18 12:22:49.43764 INFO::Input format is data samples as columns and metadata samples as rows
2024-10-18 12:22:49.44581 DEBUG::Transformed data so samples are rows
2024-10-18 12:22:49.448869 DEBUG::A total of 51 samples were found in both the data and metadata
2024-10-18 12:22:49.44958 DEBUG::Reordering data/metadata to use same sample ordering
2024-10-18 12:22:49.46534 INFO::Formula for random effects: expr ~ (1 | MouseID)
2024-10-18 12:22:49.467462 INFO::Formula for fixed effects: expr ~  Sequencing_Run + Sex + Site_General
2024-10-18 12:22:49.469425 INFO::Factor detected for categorial metadata 'Sequencing_Run'. Provide a reference argument or manually set factor ordering to change reference level.
2024-10-18 12:22:49.471205 INFO::Factor detected for categorial metadata 'Sex'. Provide a reference argument or manually set factor ordering to change reference level.
2024-10-18 12:22:49.47271 INFO::Factor detected for categorial metadata 'Site_General'. Provide a reference argument or manually set factor ordering to change reference level.
2024-10-18 12:22:49.474301 INFO::Filter data based on min abundance and min prevalence
2024-10-18 12:22:49.47612 INFO::Total samples in data: 51
2024-10-18 12:22:49.477825 INFO::Min samples required with min abundance for a feature not to be filtered: 7.650000
2024-10-18 12:22:49.498416 INFO::Total filtered features: 0
2024-10-18 12:22:49.50046 INFO::Filtered feature names from abundance and prevalence filtering:
2024-10-18 12:22:49.529326 INFO::Total filtered features with variance filtering: 9
2024-10-18 12:22:49.531371 INFO::Filtered feature names from variance filtering: X13.HpOTrE, DG.16.0_16.1, PC.O.36.5.PC.O.16.0_20.5, TG.14.0_16.0_17.1, N.acetylmannosamine, isoleucine, beta.sitosterol, histidinol, tryptophan.betaine
2024-10-18 12:22:49.533127 INFO::Running selected normalization method: NONE
2024-10-18 12:22:49.534952 INFO::Applying z-score to standardize continuous metadata
2024-10-18 12:22:49.541012 INFO::Running selected transform method: LOG
2024-10-18 12:22:49.567332 INFO::Running selected analysis method: LM
2024-10-18 12:22:49.570143 INFO::Fitting model to feature number 1, X13.KODE
2024-10-18 12:22:49.62725 INFO::Fitting model to feature number 2, X3.hydroxymyristic.acid
2024-10-18 12:22:49.687971 INFO::Fitting model to feature number 3, X4.HDoHE
2024-10-18 12:22:49.789614 INFO::Fitting model to feature number 4, CAR.14.1
2024-10-18 12:22:49.852749 INFO::Fitting model to feature number 5, CAR.16.0
2024-10-18 12:22:49.913361 INFO::Fitting model to feature number 6, CAR.18.0.Isomer.A
2024-10-18 12:22:49.966304 INFO::Fitting model to feature number 7, CAR.18.2.Isomer.B
2024-10-18 12:22:50.017644 INFO::Fitting model to feature number 8, Cer.16.0.2O_23.0
2024-10-18 12:22:50.066556 INFO::Fitting model to feature number 9, Cer.17.0.3O.24.0..2OH.
2024-10-18 12:22:50.119955 INFO::Fitting model to feature number 10, Cer.17.1.2O.24.1
2024-10-18 12:22:50.169744 INFO::Fitting model to feature number 11, Cer.18.0.2O.16.0
2024-10-18 12:22:50.22618 INFO::Fitting model to feature number 12, Cer.18.0.2O_20.0
2024-10-18 12:22:50.285234 INFO::Fitting model to feature number 13, Cer.18.1.2O.23.0..2OH.
2024-10-18 12:22:50.334873 INFO::Fitting model to feature number 14, Cer.18.1.2O_22.0..2OH.
2024-10-18 12:22:50.397645 INFO::Fitting model to feature number 15, Cer.18.1.3O.25.0
2024-10-18 12:22:50.470913 INFO::Fitting model to feature number 16, Cer.18.2.2O.22.0
2024-10-18 12:22:50.546364 INFO::Fitting model to feature number 17, Cer.18.2.2O.24.1
2024-10-18 12:22:50.617758 INFO::Fitting model to feature number 18, Cer.19.1.2O.24.1
2024-10-18 12:22:50.676804 INFO::Fitting model to feature number 19, Cer.20.0.2O.26.0
2024-10-18 12:22:50.752792 INFO::Fitting model to feature number 20, Cer.31.2.O3.Cer.18.1.O2.13.1.O
2024-10-18 12:22:50.800755 INFO::Fitting model to feature number 21, Cer.33.0.O3.Cer.17.0.O2.16.0.3OH.
2024-10-18 12:22:50.85492 INFO::Fitting model to feature number 22, Cer.33.0.O3.Cer.17.0.O2.16.0.O
2024-10-18 12:22:50.902304 INFO::Fitting model to feature number 23, Cer.33.1.O2.Cer.17.1.O2.16.0
2024-10-18 12:22:50.978143 INFO::Fitting model to feature number 24, Cer.34.0.O3.Cer.17.0.O2.17.0.3OH.
2024-10-18 12:22:51.029641 INFO::Fitting model to feature number 25, Cer.34.1.O2.Cer.18.1.O2.16.0
2024-10-18 12:22:51.082377 INFO::Fitting model to feature number 26, Cer.34.1.O3.Cer.18.1.O2.16.0.O
2024-10-18 12:22:51.145713 INFO::Fitting model to feature number 27, Cer.34.2.O3.Cer.17.0.O2.17.2.3OH.
2024-10-18 12:22:51.19714 INFO::Fitting model to feature number 28, Cer.35.0.O3.Cer.18.0.O2.17.0.3OH.
2024-10-18 12:22:51.248163 INFO::Fitting model to feature number 29, Cer.35.0.O3.Cer.18.0.O2.17.0.O
2024-10-18 12:22:51.299832 INFO::Fitting model to feature number 30, Cer.35.1.O3.Cer.18.0.O2.17.1.3OH.
2024-10-18 12:22:51.355557 INFO::Fitting model to feature number 31, Cer.35.1.O3.Cer.19.0.O2.16.1.O
2024-10-18 12:22:51.405897 INFO::Fitting model to feature number 32, Cer.36.0.O3.Cer.19.0.O2.17.0.3OH.
2024-10-18 12:22:51.469205 INFO::Fitting model to feature number 33, Cer.36.0.O3.Cer.19.0.O2.17.0.O
2024-10-18 12:22:51.518046 INFO::Fitting model to feature number 34, Cer.36.0.O4.Cer.18.0.O3.18.0.2OH.
2024-10-18 12:22:51.572478 INFO::Fitting model to feature number 35, Cer.36.1.O2.Cer.18.0.O2.18.1
2024-10-18 12:22:51.644432 INFO::Fitting model to feature number 36, Cer.36.1.O3.Cer.18.0.O2.18.1.O
2024-10-18 12:22:51.704475 INFO::Fitting model to feature number 37, Cer.36.1.O3.Cer.18.1.O2.18.0.O
2024-10-18 12:22:51.749073 INFO::Fitting model to feature number 38, Cer.36.2.O2.Cer.18.1.O2.18.1
2024-10-18 12:22:51.800224 INFO::Fitting model to feature number 39, Cer.36.3.O2.Cer.18.1.O2.18.2
2024-10-18 12:22:51.861699 INFO::Fitting model to feature number 40, Cer.38.0.O2.Cer.20.0.O2.18.0
2024-10-18 12:22:51.909398 INFO::Fitting model to feature number 41, Cer.38.0.O3.Cer.20.0.O2.18.0.O
2024-10-18 12:22:51.962163 INFO::Fitting model to feature number 42, Cer.38.0.O4.Cer.18.0.O3.20.0.2OH.
2024-10-18 12:22:52.023656 INFO::Fitting model to feature number 43, Cer.38.2.O2.Cer.18.1.O2.20.1
2024-10-18 12:22:52.072929 INFO::Fitting model to feature number 44, Cer.38.3.O3.Cer.18.1.O2.20.2.O
2024-10-18 12:22:52.125613 INFO::Fitting model to feature number 45, Cer.38.3.O4.Cer.24.2.O3.14.1.2OH.
2024-10-18 12:22:52.180251 INFO::Fitting model to feature number 46, Cer.38.5.O3.Cer.18.1.O2.20.4.O
2024-10-18 12:22:52.232869 INFO::Fitting model to feature number 47, Cer.39.1.O2.Cer.18.1.O2.21.0
2024-10-18 12:22:52.287908 INFO::Fitting model to feature number 48, Cer.40.0.O3.Cer.18.0.O2.22.0.O
2024-10-18 12:22:52.343458 INFO::Fitting model to feature number 49, Cer.40.2.O2.Cer.18.1.O2.22.1
2024-10-18 12:22:52.399149 INFO::Fitting model to feature number 50, Cer.41.0.O2.Cer.18.0.O2.23.0
2024-10-18 12:22:52.451857 INFO::Fitting model to feature number 51, Cer.41.0.O4.Cer.18.0.O3.23.0.2OH.
2024-10-18 12:22:52.504009 INFO::Fitting model to feature number 52, Cer.41.1.O2.Cer.17.1.O2.24.0
2024-10-18 12:22:52.592941 INFO::Fitting model to feature number 53, Cer.41.1.O3.Cer.21.0.O2.20.1.O
2024-10-18 12:22:52.643649 INFO::Fitting model to feature number 54, Cer.41.2.3O.Cer.22.2.O2.19.0.O
2024-10-18 12:22:52.69662 INFO::Fitting model to feature number 55, Cer.41.3.3O.Cer.22.1.O2.19.2.O
2024-10-18 12:22:52.746344 INFO::Fitting model to feature number 56, Cer.42.0.O3.Cer.18.0.O2.24.0.2OH.
2024-10-18 12:22:52.808651 INFO::Fitting model to feature number 57, Cer.42.0.O3.Cer.18.0.O2.24.0.O
2024-10-18 12:22:52.85613 INFO::Fitting model to feature number 58, Cer.42.0.O3.Cer.18.0.O3.24.0
2024-10-18 12:22:52.908201 INFO::Fitting model to feature number 59, Cer.42.0.O3.Cer.20.0.O2.22.0.O
2024-10-18 12:22:52.959435 INFO::Fitting model to feature number 60, Cer.42.1.O3.Cer.18.1.O2.24.0.2OH.
2024-10-18 12:22:53.02369 INFO::Fitting model to feature number 61, Cer.42.1.O3.Cer.20.1.O2.22.0.O
2024-10-18 12:22:53.082063 INFO::Fitting model to feature number 62, Cer.42.1.O4.Cer.18.0.O3.24.1.2OH.
2024-10-18 12:22:53.134054 INFO::Fitting model to feature number 63, Cer.42.2.O2.Cer.18.1.O2.24.1
2024-10-18 12:22:53.194221 INFO::Fitting model to feature number 64, Cer.42.2.O4.Cer.18.1.O3.24.1.2OH.
2024-10-18 12:22:53.252245 INFO::Fitting model to feature number 65, Cer.42.3.O2.Cer.22.0.O2.20.3
2024-10-18 12:22:53.30402 INFO::Fitting model to feature number 66, Cer.43.0.O2.Cer.17.0.O2.26.0
2024-10-18 12:22:53.355951 INFO::Fitting model to feature number 67, Cer.43.0.O4.Cer.18.0.O3.25.0.2OH.
2024-10-18 12:22:53.407798 INFO::Fitting model to feature number 68, Cer.43.1.O2.Cer.17.1.O2.26.0
2024-10-18 12:22:53.495766 INFO::Fitting model to feature number 69, Cer.43.3.O3.Cer.22.2.O2.21.1.O
2024-10-18 12:22:53.544195 INFO::Fitting model to feature number 70, Cer.44.0.O3.Cer.20.0.O2.24.0.O
2024-10-18 12:22:53.606312 INFO::Fitting model to feature number 71, Cer.44.1.O3.Cer.20.1.O2.24.0.2OH.
2024-10-18 12:22:53.65302 INFO::Fitting model to feature number 72, Cer.46.1.O2.Cer.20.1.O2.26.0
2024-10-18 12:22:53.704329 INFO::Fitting model to feature number 73, Cer.46.1.O3.Cer.20.1.O2.26.0.2OH.
2024-10-18 12:22:53.753572 INFO::Fitting model to feature number 74, Cer.46.4.O2.Cer.18.1.O2.28.3
2024-10-18 12:22:53.806089 INFO::Fitting model to feature number 75, Cer.50.1.O4.Cer.18.0.O2.17.0.3OH..FA.15.0.
2024-10-18 12:22:53.857398 INFO::Fitting model to feature number 76, Cer.50.1.O4.Cer.35.0.O3.FA.15.0.
2024-10-18 12:22:53.921549 INFO::Fitting model to feature number 77, Cer.52.2.O3.Cer.18.1.O2.34.1.O
2024-10-18 12:22:53.979541 INFO::Fitting model to feature number 78, Cer.d31.2
2024-10-18 12:22:54.033457 INFO::Fitting model to feature number 79, Cer.d32.1
2024-10-18 12:22:54.097781 INFO::Fitting model to feature number 80, Cer.d33.1
2024-10-18 12:22:54.149243 INFO::Fitting model to feature number 81, Cer.d34.0
2024-10-18 12:22:54.210708 INFO::Fitting model to feature number 82, Cer.d34.1
2024-10-18 12:22:54.261337 INFO::Fitting model to feature number 83, Cer.d34.2.Isomer.A
2024-10-18 12:22:54.323348 INFO::Fitting model to feature number 84, Cer.d34.2.Isomer.B
2024-10-18 12:22:54.397601 INFO::Fitting model to feature number 85, Cer.d35.1
2024-10-18 12:22:54.454961 INFO::Fitting model to feature number 86, Cer.d36.1
2024-10-18 12:22:54.514204 INFO::Fitting model to feature number 87, Cer.d36.2
2024-10-18 12:22:54.5766 INFO::Fitting model to feature number 88, Cer.d37.1
2024-10-18 12:22:54.627047 INFO::Fitting model to feature number 89, Cer.d38.1
2024-10-18 12:22:54.67924 INFO::Fitting model to feature number 90, Cer.d39.1
2024-10-18 12:22:54.728933 INFO::Fitting model to feature number 91, Cer.d40.0
2024-10-18 12:22:54.779708 INFO::Fitting model to feature number 92, Cer.d40.1
2024-10-18 12:22:54.829924 INFO::Fitting model to feature number 93, Cer.d40.2
2024-10-18 12:22:54.8831 INFO::Fitting model to feature number 94, Cer.d41.1
2024-10-18 12:22:54.943618 INFO::Fitting model to feature number 95, Cer.d41.2
2024-10-18 12:22:55.010874 INFO::Fitting model to feature number 96, Cer.d42.0
2024-10-18 12:22:55.076402 INFO::Fitting model to feature number 97, Cer.d42.1
2024-10-18 12:22:55.13703 INFO::Fitting model to feature number 98, Cer.d42.2.Isomer.A
2024-10-18 12:22:55.202259 INFO::Fitting model to feature number 99, Cer.d42.2.Isomer.B
2024-10-18 12:22:55.264701 INFO::Fitting model to feature number 100, Cer.d42.3
2024-10-18 12:22:55.321627 INFO::Fitting model to feature number 101, Cer.d43.1
2024-10-18 12:22:55.394962 INFO::Fitting model to feature number 102, Cer.d43.2
2024-10-18 12:22:55.443674 INFO::Fitting model to feature number 103, Cer.d44.2
2024-10-18 12:22:55.496686 INFO::Fitting model to feature number 104, Cer.ADS.d34.0
2024-10-18 12:22:55.547716 INFO::Fitting model to feature number 105, Cer.ADS.d40.0
2024-10-18 12:22:55.60303 INFO::Fitting model to feature number 106, Cer.AS.d34.1
2024-10-18 12:22:55.655051 INFO::Fitting model to feature number 107, Cer.NDS.d36.0
2024-10-18 12:22:55.709905 INFO::Fitting model to feature number 108, Cer.NDS.d39.0
2024-10-18 12:22:55.758035 INFO::Fitting model to feature number 109, Cer.NDS.d40.0
2024-10-18 12:22:55.809273 INFO::Fitting model to feature number 110, Cer.NDS.d41.0
2024-10-18 12:22:55.873887 INFO::Fitting model to feature number 111, Cer.NP.t40.0
2024-10-18 12:22:55.938841 INFO::Fitting model to feature number 112, Cer.NP.t42.0
2024-10-18 12:22:56.006338 INFO::Fitting model to feature number 113, Cer.NP.t42.1
2024-10-18 12:22:56.07035 INFO::Fitting model to feature number 114, Cholesterol
2024-10-18 12:22:56.131833 INFO::Fitting model to feature number 115, cholesterol.3.sulfate....125
2024-10-18 12:22:56.192422 INFO::Fitting model to feature number 116, DG.34.0
2024-10-18 12:22:56.240397 INFO::Fitting model to feature number 117, DG.36.0
2024-10-18 12:22:56.314169 INFO::Fitting model to feature number 118, DG.36.2
2024-10-18 12:22:56.362013 INFO::Fitting model to feature number 119, DGDG.34.2.DGDG.16.0_18.2
2024-10-18 12:22:56.411779 INFO::Fitting model to feature number 120, DGDG.36.3.DGDG.18.1_18.2
2024-10-18 12:22:56.472196 INFO::Fitting model to feature number 121, DGDG.36.4.DGDG.18.2_18.2
2024-10-18 12:22:56.522956 INFO::Fitting model to feature number 122, FA.10.0..capric.acid.
2024-10-18 12:22:56.576491 INFO::Fitting model to feature number 123, FA.11.0..undecylic.acid.
2024-10-18 12:22:56.624503 INFO::Fitting model to feature number 124, FA.13.0..tridecylic.acid.
2024-10-18 12:22:56.679889 INFO::Fitting model to feature number 125, FA.15.0..pentadecylic.acid.
2024-10-18 12:22:56.730498 INFO::Fitting model to feature number 126, FA.15.1
2024-10-18 12:22:56.782448 INFO::Fitting model to feature number 127, FA.15.2
2024-10-18 12:22:56.845374 INFO::Fitting model to feature number 128, FA.17.0..margaric.acid.
2024-10-18 12:22:56.908697 INFO::Fitting model to feature number 129, FA.19.0
2024-10-18 12:22:56.972149 INFO::Fitting model to feature number 130, FA.20.0..arachidic.acid.
2024-10-18 12:22:57.023681 INFO::Fitting model to feature number 131, FA.20.1
2024-10-18 12:22:57.071951 INFO::Fitting model to feature number 132, FA.20.3..eicosatrienoic.acid.
2024-10-18 12:22:57.123313 INFO::Fitting model to feature number 133, FA.20.3..homo.gamma.linolenic.acid.
2024-10-18 12:22:57.198392 INFO::Fitting model to feature number 134, FA.20.4..arachidonic.acid.
2024-10-18 12:22:57.247043 INFO::Fitting model to feature number 135, FA.20.5..eicosapentaenoic.acid.
2024-10-18 12:22:57.308097 INFO::Fitting model to feature number 136, FA.21.0
2024-10-18 12:22:57.366593 INFO::Fitting model to feature number 137, FA.21.1
2024-10-18 12:22:57.430187 INFO::Fitting model to feature number 138, FA.22.0
2024-10-18 12:22:57.478808 INFO::Fitting model to feature number 139, FA.22.1..erucic.acid.
2024-10-18 12:22:57.528646 INFO::Fitting model to feature number 140, FA.22.2..docosadienoic.acid.
2024-10-18 12:22:57.590913 INFO::Fitting model to feature number 141, FA.22.4
2024-10-18 12:22:57.639899 INFO::Fitting model to feature number 142, FA.22.5
2024-10-18 12:22:57.692076 INFO::Fitting model to feature number 143, FA.22.6..docosahexaenoic.acid.
2024-10-18 12:22:57.739816 INFO::Fitting model to feature number 144, FA.23.0
2024-10-18 12:22:57.792358 INFO::Fitting model to feature number 145, FA.23.1
2024-10-18 12:22:57.854604 INFO::Fitting model to feature number 146, FA.24.0
2024-10-18 12:22:57.906832 INFO::Fitting model to feature number 147, FA.24.1
2024-10-18 12:22:57.959694 INFO::Fitting model to feature number 148, FA.24.2
2024-10-18 12:22:58.00904 INFO::Fitting model to feature number 149, FA.24.3
2024-10-18 12:22:58.076939 INFO::Fitting model to feature number 150, FA.24.6
2024-10-18 12:22:58.159816 INFO::Fitting model to feature number 151, FA.25.0
2024-10-18 12:22:58.216269 INFO::Fitting model to feature number 152, FA.25.1
2024-10-18 12:22:58.268851 INFO::Fitting model to feature number 153, FA.26.0
2024-10-18 12:22:58.32001 INFO::Fitting model to feature number 154, FA.26.1
2024-10-18 12:22:58.379676 INFO::Fitting model to feature number 155, FA.26.2
2024-10-18 12:22:58.440294 INFO::Fitting model to feature number 156, FA.27.0
2024-10-18 12:22:58.50086 INFO::Fitting model to feature number 157, FA.27.1
2024-10-18 12:22:58.563023 INFO::Fitting model to feature number 158, FA.28.0
2024-10-18 12:22:58.614958 INFO::Fitting model to feature number 159, FA.28.1
2024-10-18 12:22:58.668832 INFO::Fitting model to feature number 160, FA.29.0
2024-10-18 12:22:58.72093 INFO::Fitting model to feature number 161, FA.29.1
2024-10-18 12:22:58.77388 INFO::Fitting model to feature number 162, FA.30.0
2024-10-18 12:22:58.83669 INFO::Fitting model to feature number 163, FA.30.1
2024-10-18 12:22:58.896121 INFO::Fitting model to feature number 164, FA.31.0
2024-10-18 12:22:58.943786 INFO::Fitting model to feature number 165, FA.31.1
2024-10-18 12:22:58.99644 INFO::Fitting model to feature number 166, FA.32.0
2024-10-18 12:22:59.072111 INFO::Fitting model to feature number 167, FA.32.1
2024-10-18 12:22:59.119637 INFO::Fitting model to feature number 168, FA.32.2
2024-10-18 12:22:59.177246 INFO::Fitting model to feature number 169, FA.33.0
2024-10-18 12:22:59.22567 INFO::Fitting model to feature number 170, FA.33.1
2024-10-18 12:22:59.293592 INFO::Fitting model to feature number 171, FA.34.0
2024-10-18 12:22:59.350668 INFO::Fitting model to feature number 172, FA.34.1
2024-10-18 12:22:59.401439 INFO::Fitting model to feature number 173, FA.34.2
2024-10-18 12:22:59.452021 INFO::Fitting model to feature number 174, FA.35.1
2024-10-18 12:22:59.504228 INFO::Fitting model to feature number 175, FA.36.1
2024-10-18 12:22:59.569866 INFO::Fitting model to feature number 176, FA.36.2
2024-10-18 12:22:59.633136 INFO::Fitting model to feature number 177, FA.37.1
2024-10-18 12:22:59.698406 INFO::Fitting model to feature number 178, FA.38.1
2024-10-18 12:22:59.748826 INFO::Fitting model to feature number 179, FA.39.1
2024-10-18 12:22:59.812927 INFO::Fitting model to feature number 180, FA.40.1
2024-10-18 12:22:59.867396 INFO::Fitting model to feature number 181, FA.41.1
2024-10-18 12:22:59.919266 INFO::Fitting model to feature number 182, FA.42.1
2024-10-18 12:22:59.992402 INFO::Fitting model to feature number 183, FAHFA.36.1.O.FAHFA.18.1.18.0.O
2024-10-18 12:23:00.038861 INFO::Fitting model to feature number 184, FAHFA.40.3
2024-10-18 12:23:00.093 INFO::Fitting model to feature number 185, FAHFA.42.2
2024-10-18 12:23:00.140296 INFO::Fitting model to feature number 186, GalCer.18.1_24.1
2024-10-18 12:23:00.195322 INFO::Fitting model to feature number 187, Gal.Gal.Cer.d18.1.16.0.or.Lactosylceramide.d18.1.16.0
2024-10-18 12:23:00.256081 INFO::Fitting model to feature number 188, GlcCer.d34.1
2024-10-18 12:23:00.308007 INFO::Fitting model to feature number 189, GlcCer.d38.1
2024-10-18 12:23:00.362395 INFO::Fitting model to feature number 190, GlcCer.d40.1
2024-10-18 12:23:00.411446 INFO::Fitting model to feature number 191, GlcCer.d41.1
2024-10-18 12:23:00.462371 INFO::Fitting model to feature number 192, GlcCer.d42.1
2024-10-18 12:23:00.512784 INFO::Fitting model to feature number 193, GlcCer.d42.2
2024-10-18 12:23:00.57746 INFO::Fitting model to feature number 194, GlcCerd14.14E.20.02OH
2024-10-18 12:23:00.634213 INFO::Fitting model to feature number 195, HexCer.34.0.O4.HexCer.18.0.O3.16.0.2OH.
2024-10-18 12:23:00.702458 INFO::Fitting model to feature number 196, HexCer.34.1.O2.HexCer.18.1.O2.16.0
2024-10-18 12:23:00.757844 INFO::Fitting model to feature number 197, HexCer.34.1.O3.HexCer.18.1.O2.16.0.O
2024-10-18 12:23:00.808553 INFO::Fitting model to feature number 198, HexCer.36.2.O2.HexCer.18.1.O2.18.1
2024-10-18 12:23:00.883187 INFO::Fitting model to feature number 199, HexCer.38.0.O4.HexCer.18.0.O3.20.0.2OH.
2024-10-18 12:23:00.9472 INFO::Fitting model to feature number 200, HexCer.38.1.O3.HexCer.18.1.O2.20.0.O
2024-10-18 12:23:01.007917 INFO::Fitting model to feature number 201, HexCer.40.0.O4.HexCer.18.0.O3.22.0.2OH.
2024-10-18 12:23:01.071828 INFO::Fitting model to feature number 202, HexCer.40.1.O3.HexCer.18.1.O2.22.0.O
2024-10-18 12:23:01.134094 INFO::Fitting model to feature number 203, HexCer.41.0.O4.HexCer.18.0.O3.23.0.2OH.
2024-10-18 12:23:01.183497 INFO::Fitting model to feature number 204, HexCer.42.0.O4.HexCer.18.0.O3.24.0.2OH.
2024-10-18 12:23:01.23115 INFO::Fitting model to feature number 205, HexCer.42.1.O3
2024-10-18 12:23:01.279358 INFO::Fitting model to feature number 206, HexCer.42.1.O3.HexCer.18.1.O2.24.0.O
2024-10-18 12:23:01.337181 INFO::Fitting model to feature number 207, HexCer.42.1.O4.HexCer.18.0.O3.24.1.2OH.
2024-10-18 12:23:01.387086 INFO::Fitting model to feature number 208, HexCer.42.2.O4.HexCer.18.1.O3.24.1.2OH.
2024-10-18 12:23:01.448151 INFO::Fitting model to feature number 209, HexCer.43.0.O4.HexCer.19.0.O3.24.0.2OH.
2024-10-18 12:23:01.498858 INFO::Fitting model to feature number 210, HexCer.44.0.O4.HexCer.20.0.O3.24.0.2OH.
2024-10-18 12:23:01.552305 INFO::Fitting model to feature number 211, Hexosyl.LPE.16.0
2024-10-18 12:23:01.60852 INFO::Fitting model to feature number 212, lactosylceramide.d18.1.24.1.15Z
2024-10-18 12:23:01.675937 INFO::Fitting model to feature number 213, LNAPE.20.4_N.19.1
2024-10-18 12:23:01.738332 INFO::Fitting model to feature number 214, LPC.17.0
2024-10-18 12:23:01.79098 INFO::Fitting model to feature number 215, LPC.18.0....265
2024-10-18 12:23:01.867073 INFO::Fitting model to feature number 216, LPC.18.2
2024-10-18 12:23:01.919209 INFO::Fitting model to feature number 217, LPC.18.3
2024-10-18 12:23:01.98532 INFO::Fitting model to feature number 218, LPC.19.0
2024-10-18 12:23:02.044676 INFO::Fitting model to feature number 219, LPC.20.0
2024-10-18 12:23:02.100203 INFO::Fitting model to feature number 220, LPC.20.1
2024-10-18 12:23:02.164255 INFO::Fitting model to feature number 221, LPC.20.4
2024-10-18 12:23:02.225463 INFO::Fitting model to feature number 222, LPC.24.0.SN1
2024-10-18 12:23:02.28731 INFO::Fitting model to feature number 223, LPC.O.16.0
2024-10-18 12:23:02.349557 INFO::Fitting model to feature number 224, LPC.O.16.1....276
2024-10-18 12:23:02.396247 INFO::Fitting model to feature number 225, LPC.O.18.0
2024-10-18 12:23:02.448841 INFO::Fitting model to feature number 226, LPC.O.18.1
2024-10-18 12:23:02.498133 INFO::Fitting model to feature number 227, LPC.O.20.0
2024-10-18 12:23:02.551989 INFO::Fitting model to feature number 228, LPC.O.22.0
2024-10-18 12:23:02.615713 INFO::Fitting model to feature number 229, LPC.P.18.0.or.LPC.O.18.1
2024-10-18 12:23:02.66769 INFO::Fitting model to feature number 230, LPE.15.0
2024-10-18 12:23:02.73198 INFO::Fitting model to feature number 231, LPE.16.0....284
2024-10-18 12:23:02.815135 INFO::Fitting model to feature number 232, LPE.18.0
2024-10-18 12:23:02.873082 INFO::Fitting model to feature number 233, LPE.18.2
2024-10-18 12:23:02.925504 INFO::Fitting model to feature number 234, LPE.20.4
2024-10-18 12:23:02.979339 INFO::Fitting model to feature number 235, LPE.22.6
2024-10-18 12:23:03.024251 INFO::Fitting model to feature number 236, LPE.O.18.1
2024-10-18 12:23:03.084257 INFO::Fitting model to feature number 237, LPE.O.18.2
2024-10-18 12:23:03.13229 INFO::Fitting model to feature number 238, LPE.O.20.0
2024-10-18 12:23:03.194808 INFO::Fitting model to feature number 239, LPE.N..FA.34.1.LPE.N..FA.18.1.16.0
2024-10-18 12:23:03.247476 INFO::Fitting model to feature number 240, LPE.N..FA.34.2.LPE.N..FA.18.2.16.0
2024-10-18 12:23:03.295726 INFO::Fitting model to feature number 241, LPE.N..FA.36.3.LPE.N..FA.18.2.18.1
2024-10-18 12:23:03.345432 INFO::Fitting model to feature number 242, LPE.N..FA.36.4.LPE.N..FA.18.2.18.2
2024-10-18 12:23:03.40249 INFO::Fitting model to feature number 243, LPG.16.0
2024-10-18 12:23:03.457683 INFO::Fitting model to feature number 244, LPG.18.1
2024-10-18 12:23:03.512108 INFO::Fitting model to feature number 245, LPS.18.0
2024-10-18 12:23:03.56277 INFO::Fitting model to feature number 246, MGDG.17.0_18.2
2024-10-18 12:23:03.610982 INFO::Fitting model to feature number 247, MGDG.O.16.4_18.0
2024-10-18 12:23:03.689398 INFO::Fitting model to feature number 248, NAGly.29.1.O2.NAGly.16.0.O.FA.13.0.
2024-10-18 12:23:03.741164 INFO::Fitting model to feature number 249, NAGly.30.1.O2.NAGly.16.0.O.FA.14.0.
2024-10-18 12:23:03.791998 INFO::Fitting model to feature number 250, NAGly.31.1.O2.NAGly.16.0.O.FA.15.0.
2024-10-18 12:23:03.859354 INFO::Fitting model to feature number 251, NAGly.32.1.O2.NAGly.17.0.O.FA.15.0.
2024-10-18 12:23:03.910064 INFO::Fitting model to feature number 252, NAGly.33.1.O2.NAGly.18.0.O.FA.15.0.
2024-10-18 12:23:03.973218 INFO::Fitting model to feature number 253, NAGlySer.30.1.O2.NAGlySer.15.0.O.FA.15.0.
2024-10-18 12:23:04.022787 INFO::Fitting model to feature number 254, NAGlySer.31.1.O2.NAGlySer.16.0.O.FA.15.0.
2024-10-18 12:23:04.072872 INFO::Fitting model to feature number 255, NAGlySer.32.1.O2.NAGlySer.17.0.O.FA.15.0.
2024-10-18 12:23:04.134719 INFO::Fitting model to feature number 256, NAGlySer.33.1.O2.NAGlySer.17.0.O.FA.16.0.
2024-10-18 12:23:04.197175 INFO::Fitting model to feature number 257, NAGlySer.34.1.O2.NAGlySer.17.0.O.FA.17.0.
2024-10-18 12:23:04.248117 INFO::Fitting model to feature number 258, NAPhe.16.0
2024-10-18 12:23:04.2979 INFO::Fitting model to feature number 259, NAPhe.18.0
2024-10-18 12:23:04.347567 INFO::Fitting model to feature number 260, NAPhe.18.1
2024-10-18 12:23:04.414016 INFO::Fitting model to feature number 261, NAPhe.18.2
2024-10-18 12:23:04.461817 INFO::Fitting model to feature number 262, palmitoyl.ethanolamide
2024-10-18 12:23:04.518943 INFO::Fitting model to feature number 263, PC.16.0_14.0
2024-10-18 12:23:04.61002 INFO::Fitting model to feature number 264, PC.16.0_18.2
2024-10-18 12:23:04.658813 INFO::Fitting model to feature number 265, PC.18.1_18.2
2024-10-18 12:23:04.720495 INFO::Fitting model to feature number 266, PC.29.0
2024-10-18 12:23:04.784179 INFO::Fitting model to feature number 267, PC.30.0
2024-10-18 12:23:04.832126 INFO::Fitting model to feature number 268, PC.31.0
2024-10-18 12:23:04.883479 INFO::Fitting model to feature number 269, PC.31.1
2024-10-18 12:23:04.94707 INFO::Fitting model to feature number 270, PC.32.0
2024-10-18 12:23:05.010497 INFO::Fitting model to feature number 271, PC.32.1
2024-10-18 12:23:05.073508 INFO::Fitting model to feature number 272, PC.32.2
2024-10-18 12:23:05.121639 INFO::Fitting model to feature number 273, PC.33.1
2024-10-18 12:23:05.190625 INFO::Fitting model to feature number 274, PC.33.2
2024-10-18 12:23:05.252672 INFO::Fitting model to feature number 275, PC.34.0
2024-10-18 12:23:05.305055 INFO::Fitting model to feature number 276, PC.34.2
2024-10-18 12:23:05.361305 INFO::Fitting model to feature number 277, PC.34.3
2024-10-18 12:23:05.42884 INFO::Fitting model to feature number 278, PC.34.3.Isomer.B
2024-10-18 12:23:05.493948 INFO::Fitting model to feature number 279, PC.35.2.Isomer.B
2024-10-18 12:23:05.555725 INFO::Fitting model to feature number 280, PC.35.3
2024-10-18 12:23:05.629454 INFO::Fitting model to feature number 281, PC.35.4
2024-10-18 12:23:05.677833 INFO::Fitting model to feature number 282, PC.36.1
2024-10-18 12:23:05.736836 INFO::Fitting model to feature number 283, PC.36.3.Isomer.A
2024-10-18 12:23:05.796887 INFO::Fitting model to feature number 284, PC.36.4.Isomer.A
2024-10-18 12:23:05.856326 INFO::Fitting model to feature number 285, PC.36.4.Isomer.B
2024-10-18 12:23:05.917808 INFO::Fitting model to feature number 286, PC.36.5.Isomer.A
2024-10-18 12:23:05.978498 INFO::Fitting model to feature number 287, PC.36.5.Isomer.B
2024-10-18 12:23:06.040606 INFO::Fitting model to feature number 288, PC.36.5.Isomer.D
2024-10-18 12:23:06.091187 INFO::Fitting model to feature number 289, PC.38.2
2024-10-18 12:23:06.145667 INFO::Fitting model to feature number 290, PC.38.4.Isomer.B
2024-10-18 12:23:06.198216 INFO::Fitting model to feature number 291, PC.38.5.Isomer.A
2024-10-18 12:23:06.247331 INFO::Fitting model to feature number 292, PC.38.5.Isomer.B
2024-10-18 12:23:06.299149 INFO::Fitting model to feature number 293, PC.38.6.Isomer.A
2024-10-18 12:23:06.369768 INFO::Fitting model to feature number 294, PC.38.8
2024-10-18 12:23:06.434236 INFO::Fitting model to feature number 295, PC.40.3
2024-10-18 12:23:06.486818 INFO::Fitting model to feature number 296, PC.40.4
2024-10-18 12:23:06.568593 INFO::Fitting model to feature number 297, PC.40.6.Isomer.A
2024-10-18 12:23:06.615333 INFO::Fitting model to feature number 298, PC.40.7.Isomer.B
2024-10-18 12:23:06.673288 INFO::Fitting model to feature number 299, PC.42.4
2024-10-18 12:23:06.726503 INFO::Fitting model to feature number 300, PC.42.5
2024-10-18 12:23:06.778559 INFO::Fitting model to feature number 301, PC.O.20.0_20.4
2024-10-18 12:23:06.836926 INFO::Fitting model to feature number 302, PC.O.30.0
2024-10-18 12:23:06.894807 INFO::Fitting model to feature number 303, PC.O.31.7
2024-10-18 12:23:06.955152 INFO::Fitting model to feature number 304, PC.O.32.0
2024-10-18 12:23:07.023239 INFO::Fitting model to feature number 305, PC.O.33.5
2024-10-18 12:23:07.077269 INFO::Fitting model to feature number 306, PC.O.34.0
2024-10-18 12:23:07.145675 INFO::Fitting model to feature number 307, PC.O.34.4
2024-10-18 12:23:07.213701 INFO::Fitting model to feature number 308, PC.O.36.4
2024-10-18 12:23:07.264541 INFO::Fitting model to feature number 309, PC.P.32.1.or.PC.O.32.2
2024-10-18 12:23:07.330549 INFO::Fitting model to feature number 310, PC.P.34.0.or.PC.O.34.1
2024-10-18 12:23:07.387126 INFO::Fitting model to feature number 311, PC.P.34.1.or.PC.O.34.2
2024-10-18 12:23:07.451306 INFO::Fitting model to feature number 312, PC.P.38.3.or.PC.O.38.4.Isomer.B
2024-10-18 12:23:07.542843 INFO::Fitting model to feature number 313, PC.P.38.4.or.PC.O.38.5.Isomer.B
2024-10-18 12:23:07.591208 INFO::Fitting model to feature number 314, PC.P.40.1.or.PC.O.40.2
2024-10-18 12:23:07.640869 INFO::Fitting model to feature number 315, PC.P.40.3.or.PC.O.40.4
2024-10-18 12:23:07.705223 INFO::Fitting model to feature number 316, PE.16.0_16..1
2024-10-18 12:23:07.752012 INFO::Fitting model to feature number 317, PE.16.1_18.1
2024-10-18 12:23:07.818654 INFO::Fitting model to feature number 318, PE.29.0.PE.14.0_15.0
2024-10-18 12:23:07.870016 INFO::Fitting model to feature number 319, PE.30.0.PE.15.0_15.0
2024-10-18 12:23:07.92081 INFO::Fitting model to feature number 320, PE.31.0.PE.15.0_16.0
2024-10-18 12:23:07.982395 INFO::Fitting model to feature number 321, PE.32.1.PE.16.0_16.1
2024-10-18 12:23:08.041447 INFO::Fitting model to feature number 322, PE.32.2
2024-10-18 12:23:08.095948 INFO::Fitting model to feature number 323, PE.33.1.PE.15.0_18.1
2024-10-18 12:23:08.14943 INFO::Fitting model to feature number 324, PE.33.2.PE.15.0_18.2
2024-10-18 12:23:08.216174 INFO::Fitting model to feature number 325, PE.34.0
2024-10-18 12:23:08.28103 INFO::Fitting model to feature number 326, PE.34.1
2024-10-18 12:23:08.344895 INFO::Fitting model to feature number 327, PE.34.1.1
2024-10-18 12:23:08.412168 INFO::Fitting model to feature number 328, PE.34.2
2024-10-18 12:23:08.504471 INFO::Fitting model to feature number 329, PE.36.1
2024-10-18 12:23:08.548802 INFO::Fitting model to feature number 330, PE.36.2
2024-10-18 12:23:08.598413 INFO::Fitting model to feature number 331, PE.36.3
2024-10-18 12:23:08.64672 INFO::Fitting model to feature number 332, PE.36.4
2024-10-18 12:23:08.702723 INFO::Fitting model to feature number 333, PE.O.16.1_22.6
2024-10-18 12:23:08.764025 INFO::Fitting model to feature number 334, PE.O.22.6_16.1
2024-10-18 12:23:08.829221 INFO::Fitting model to feature number 335, PE.O.36.1
2024-10-18 12:23:08.892817 INFO::Fitting model to feature number 336, PE.P.34.1.or.PE.O.34.2
2024-10-18 12:23:08.960374 INFO::Fitting model to feature number 337, PE.P.36.1.or.PE.O.36.2
2024-10-18 12:23:09.017567 INFO::Fitting model to feature number 338, PE.Cer.35.0.O3.PE.Cer.21.0.O2.14.0.O
2024-10-18 12:23:09.077143 INFO::Fitting model to feature number 339, PE.Cer.36.0.O3.PE.Cer.19.0.O2.17.0.O
2024-10-18 12:23:09.145058 INFO::Fitting model to feature number 340, PEtOH.18.1_18.1
2024-10-18 12:23:09.216628 INFO::Fitting model to feature number 341, PEtOH.18.1_20.4
2024-10-18 12:23:09.272459 INFO::Fitting model to feature number 342, PEtOH.38.4
2024-10-18 12:23:09.328691 INFO::Fitting model to feature number 343, PG.16.0_16.0
2024-10-18 12:23:09.396614 INFO::Fitting model to feature number 344, PG.30.0.PG.15.0_15.0
2024-10-18 12:23:09.47005 INFO::Fitting model to feature number 345, PG.33.0.PG.16.0_17.0
2024-10-18 12:23:09.605518 INFO::Fitting model to feature number 346, PG.34.1.PG.16.0_18.1
2024-10-18 12:23:09.676914 INFO::Fitting model to feature number 347, PG.34.2
2024-10-18 12:23:09.747945 INFO::Fitting model to feature number 348, PG.40.7
2024-10-18 12:23:09.810272 INFO::Fitting model to feature number 349, PG.40.8
2024-10-18 12:23:09.8673 INFO::Fitting model to feature number 350, PG.O.34.2.PG.O.18.2_16.0
2024-10-18 12:23:09.927382 INFO::Fitting model to feature number 351, PG.O.36.2.PG.O.18.1_18.1
2024-10-18 12:23:09.988841 INFO::Fitting model to feature number 352, PGE2
2024-10-18 12:23:10.047261 INFO::Fitting model to feature number 353, Phosphatidylethanolamine.alkenyl.16.0.20.4
2024-10-18 12:23:10.10729 INFO::Fitting model to feature number 354, PI.34.1.Isomer.A
2024-10-18 12:23:10.166509 INFO::Fitting model to feature number 355, PI.34.2.Isomer.A
2024-10-18 12:23:10.221155 INFO::Fitting model to feature number 356, PI.36.1.Isomer.A
2024-10-18 12:23:10.277703 INFO::Fitting model to feature number 357, PI.36.2
2024-10-18 12:23:10.333971 INFO::Fitting model to feature number 358, PI.36.3.Isomer.B
2024-10-18 12:23:10.389446 INFO::Fitting model to feature number 359, PI.38.3
2024-10-18 12:23:10.444244 INFO::Fitting model to feature number 360, PI.38.4
2024-10-18 12:23:10.49986 INFO::Fitting model to feature number 361, PI.Cer.33.0.O3
2024-10-18 12:23:10.608348 INFO::Fitting model to feature number 362, PI.Cer.34.0.O3
2024-10-18 12:23:10.663936 INFO::Fitting model to feature number 363, PI.Cer.35.0.O3
2024-10-18 12:23:10.716936 INFO::Fitting model to feature number 364, PI.Cer.36.0.O3
2024-10-18 12:23:10.770113 INFO::Fitting model to feature number 365, PS.16.0_22.4
2024-10-18 12:23:10.824061 INFO::Fitting model to feature number 366, PS.36.1
2024-10-18 12:23:10.878306 INFO::Fitting model to feature number 367, SHexCer.34.1.3O
2024-10-18 12:23:10.95033 INFO::Fitting model to feature number 368, SHexCer.d34.1
2024-10-18 12:23:11.004051 INFO::Fitting model to feature number 369, SL.32.0.O.SL.17.0.O.15.0
2024-10-18 12:23:11.053533 INFO::Fitting model to feature number 370, SL.33.0.O.SL.17.0.O.16.0
2024-10-18 12:23:11.108126 INFO::Fitting model to feature number 371, SL.34.1.O2.SL.17.0.O.17.1.O
2024-10-18 12:23:11.160748 INFO::Fitting model to feature number 372, SL.35.1.O2.SL.18.0.O.17.1.O
2024-10-18 12:23:11.214792 INFO::Fitting model to feature number 373, SM.18.0.2O.22.0
2024-10-18 12:23:11.270089 INFO::Fitting model to feature number 374, SM.24.1
2024-10-18 12:23:11.32496 INFO::Fitting model to feature number 375, SM.29.2.2O.8.0
2024-10-18 12:23:11.380951 INFO::Fitting model to feature number 376, SM.30.2.2O..FA.14.1.
2024-10-18 12:23:11.434218 INFO::Fitting model to feature number 377, SM.34.1.3O
2024-10-18 12:23:11.520247 INFO::Fitting model to feature number 378, SM.36.4.3O
2024-10-18 12:23:11.570254 INFO::Fitting model to feature number 379, SM.38.4.3O
2024-10-18 12:23:11.623669 INFO::Fitting model to feature number 380, SM.42.1.3O
2024-10-18 12:23:11.673709 INFO::Fitting model to feature number 381, SM.43.3.2O
2024-10-18 12:23:11.72516 INFO::Fitting model to feature number 382, SM.d32.0.Isomer.B
2024-10-18 12:23:11.779492 INFO::Fitting model to feature number 383, SM.d32.1
2024-10-18 12:23:11.833503 INFO::Fitting model to feature number 384, SM.d33.1
2024-10-18 12:23:11.901221 INFO::Fitting model to feature number 385, SM.d34.0
2024-10-18 12:23:11.967493 INFO::Fitting model to feature number 386, SM.d34.1
2024-10-18 12:23:12.033171 INFO::Fitting model to feature number 387, SM.d36.0.Isomer.B
2024-10-18 12:23:12.08665 INFO::Fitting model to feature number 388, SM.d36.4
2024-10-18 12:23:12.132868 INFO::Fitting model to feature number 389, SM.d38.0
2024-10-18 12:23:12.200088 INFO::Fitting model to feature number 390, SM.d40.0.Isomer.B
2024-10-18 12:23:12.265059 INFO::Fitting model to feature number 391, SM.d40.1
2024-10-18 12:23:12.328715 INFO::Fitting model to feature number 392, SM.d42.1
2024-10-18 12:23:12.37873 INFO::Fitting model to feature number 393, SM.d42.2.Isomer.B
2024-10-18 12:23:12.463986 INFO::Fitting model to feature number 394, SM.d43.2
2024-10-18 12:23:12.513484 INFO::Fitting model to feature number 395, SM.d44.3
2024-10-18 12:23:12.562644 INFO::Fitting model to feature number 396, SPB.18.1.O2
2024-10-18 12:23:12.615696 INFO::Fitting model to feature number 397, SPB.20.0.2O
2024-10-18 12:23:12.67957 INFO::Fitting model to feature number 398, TG.10.0_10.0_18.2
2024-10-18 12:23:12.70747 WARNING::Fitting problem for feature 398 a warning was issued
2024-10-18 12:23:12.782022 INFO::Fitting model to feature number 399, TG.12.0_14.0_15.0
2024-10-18 12:23:12.83678 INFO::Fitting model to feature number 400, TG.34.0
2024-10-18 12:23:12.916336 INFO::Fitting model to feature number 401, TG.39.0
2024-10-18 12:23:12.945855 WARNING::Fitting problem for feature 401 a warning was issued
2024-10-18 12:23:13.022374 INFO::Fitting model to feature number 402, TG.43.1
2024-10-18 12:23:13.084684 INFO::Fitting model to feature number 403, TG.44.0
2024-10-18 12:23:13.153906 INFO::Fitting model to feature number 404, TG.44.2
2024-10-18 12:23:13.242971 INFO::Fitting model to feature number 405, TG.45.0
2024-10-18 12:23:13.330173 INFO::Fitting model to feature number 406, TG.46.3.Isomer.A
2024-10-18 12:23:13.392027 INFO::Fitting model to feature number 407, TG.47.2
2024-10-18 12:23:13.455582 INFO::Fitting model to feature number 408, TG.49.1
2024-10-18 12:23:13.527555 INFO::Fitting model to feature number 409, TG.49.3
2024-10-18 12:23:13.64067 INFO::Fitting model to feature number 410, TG.50.4
2024-10-18 12:23:13.661772 WARNING::Fitting problem for feature 410 a warning was issued
2024-10-18 12:23:13.723826 INFO::Fitting model to feature number 411, TG.52.0
2024-10-18 12:23:13.789574 INFO::Fitting model to feature number 412, TG.53.0
2024-10-18 12:23:13.851779 INFO::Fitting model to feature number 413, TG.53.9.TG.17.3_18.3_18.3
2024-10-18 12:23:13.918669 INFO::Fitting model to feature number 414, TG.54.5.O2.TG.18.1_18.2_18.2.O2
2024-10-18 12:23:13.993407 INFO::Fitting model to feature number 415, TG.56.5.Isomer.A
2024-10-18 12:23:14.072711 INFO::Fitting model to feature number 416, TG.58.6
2024-10-18 12:23:14.13367 INFO::Fitting model to feature number 417, TG.58.7
2024-10-18 12:23:14.192383 INFO::Fitting model to feature number 418, TG.59.2.TG.16.0_25.0_18.2
2024-10-18 12:23:14.252338 INFO::Fitting model to feature number 419, TG.60.0.TG.18.0_20.0_22.0
2024-10-18 12:23:14.325836 INFO::Fitting model to feature number 420, TG.61.3.TG.18.0_25.0_18.3
2024-10-18 12:23:14.383824 INFO::Fitting model to feature number 421, TG.67.6.TG.31.0_18.3_18.3
2024-10-18 12:23:14.442351 INFO::Fitting model to feature number 422, TG.69.6.TG.33.0_18.3_18.3
2024-10-18 12:23:14.512455 INFO::Fitting model to feature number 423, TG.8.0_10.0_18.2
2024-10-18 12:23:14.578346 INFO::Fitting model to feature number 424, TG.8.0_15.0_18.1
2024-10-18 12:23:14.641285 INFO::Fitting model to feature number 425, TG.8.0_18.2_18.2
2024-10-18 12:23:14.730554 INFO::Fitting model to feature number 426, zymostenol
2024-10-18 12:23:14.799361 INFO::Fitting model to feature number 427, xylulose
2024-10-18 12:23:14.861296 INFO::Fitting model to feature number 428, xylose
2024-10-18 12:23:14.922345 INFO::Fitting model to feature number 429, xanthosine
2024-10-18 12:23:14.976244 INFO::Fitting model to feature number 430, vanillic.acid
2024-10-18 12:23:15.049871 INFO::Fitting model to feature number 431, uridine
2024-10-18 12:23:15.107456 INFO::Fitting model to feature number 432, uric.acid
2024-10-18 12:23:15.163225 INFO::Fitting model to feature number 433, urea
2024-10-18 12:23:15.226163 INFO::Fitting model to feature number 434, tyrosol
2024-10-18 12:23:15.293522 INFO::Fitting model to feature number 435, tyrosine
2024-10-18 12:23:15.354154 INFO::Fitting model to feature number 436, tyramine
2024-10-18 12:23:15.411061 INFO::Fitting model to feature number 437, tryptophan
2024-10-18 12:23:15.4756 INFO::Fitting model to feature number 438, tocopherol.gamma.
2024-10-18 12:23:15.545707 INFO::Fitting model to feature number 439, tocopherol.alpha.
2024-10-18 12:23:15.617809 INFO::Fitting model to feature number 440, thymidine.5.phosphate
2024-10-18 12:23:15.675063 INFO::Fitting model to feature number 441, thymidine
2024-10-18 12:23:15.757885 INFO::Fitting model to feature number 442, taurine
2024-10-18 12:23:15.822724 INFO::Fitting model to feature number 443, succinic.acid
2024-10-18 12:23:15.876991 INFO::Fitting model to feature number 444, suberic.acid
2024-10-18 12:23:15.933591 INFO::Fitting model to feature number 445, sinapinic.acid
2024-10-18 12:23:15.98933 INFO::Fitting model to feature number 446, shikimic.acid
2024-10-18 12:23:16.042654 INFO::Fitting model to feature number 447, serotonin
2024-10-18 12:23:16.112325 INFO::Fitting model to feature number 448, ribose
2024-10-18 12:23:16.174701 INFO::Fitting model to feature number 449, ribonic.acid
2024-10-18 12:23:16.241372 INFO::Fitting model to feature number 450, ribitol
2024-10-18 12:23:16.301524 INFO::Fitting model to feature number 451, quinolinic.acid
2024-10-18 12:23:16.373501 INFO::Fitting model to feature number 452, quinic.acid
2024-10-18 12:23:16.440173 INFO::Fitting model to feature number 453, putrescine
2024-10-18 12:23:16.499318 INFO::Fitting model to feature number 454, pseudo.uridine
2024-10-18 12:23:16.567775 INFO::Fitting model to feature number 455, piperidone
2024-10-18 12:23:16.636293 INFO::Fitting model to feature number 456, pimelic.acid
2024-10-18 12:23:16.704223 INFO::Fitting model to feature number 457, phosphoinositol
2024-10-18 12:23:16.798754 INFO::Fitting model to feature number 458, phosphate
2024-10-18 12:23:16.858268 INFO::Fitting model to feature number 459, phenylalanine
2024-10-18 12:23:16.909895 INFO::Fitting model to feature number 460, phenylacetic.acid
2024-10-18 12:23:16.981217 INFO::Fitting model to feature number 461, pelargonic.acid
2024-10-18 12:23:17.06374 INFO::Fitting model to feature number 462, parabanic.acid
2024-10-18 12:23:17.164121 INFO::Fitting model to feature number 463, panose
2024-10-18 12:23:17.246084 INFO::Fitting model to feature number 464, palmitoleic.acid
2024-10-18 12:23:17.316654 INFO::Fitting model to feature number 465, noradrenaline
2024-10-18 12:23:17.339272 WARNING::Fitting problem for feature 465 a warning was issued
2024-10-18 12:23:17.402612 INFO::Fitting model to feature number 466, nonadecanoic.acid
2024-10-18 12:23:17.467613 INFO::Fitting model to feature number 467, N.carbamylglutamate
2024-10-18 12:23:17.530153 INFO::Fitting model to feature number 468, N.alpha.acetyllysine
2024-10-18 12:23:17.593936 INFO::Fitting model to feature number 469, N.acetylputrescine
2024-10-18 12:23:17.671084 INFO::Fitting model to feature number 470, N.acetylneuraminic.acid
2024-10-18 12:23:17.744801 INFO::Fitting model to feature number 471, N.acetylglutamate
2024-10-18 12:23:17.816209 INFO::Fitting model to feature number 472, N.acetyl.D.mannosamine
2024-10-18 12:23:17.841197 WARNING::Fitting problem for feature 472 a warning was issued
2024-10-18 12:23:17.916044 INFO::Fitting model to feature number 473, N.acetylaspartic.acid
2024-10-18 12:23:18.020206 INFO::Fitting model to feature number 474, myristic.acid
2024-10-18 12:23:18.08807 INFO::Fitting model to feature number 475, montanic.acid
2024-10-18 12:23:18.155583 INFO::Fitting model to feature number 476, methyl.O.D.galactopyranoside
2024-10-18 12:23:18.222113 INFO::Fitting model to feature number 477, methoxytryptamine
2024-10-18 12:23:18.290124 INFO::Fitting model to feature number 478, methionine
2024-10-18 12:23:18.346291 INFO::Fitting model to feature number 479, methanolphosphate
2024-10-18 12:23:18.415216 INFO::Fitting model to feature number 480, maltotriose
2024-10-18 12:23:18.484001 INFO::Fitting model to feature number 481, malonamide
2024-10-18 12:23:18.551399 INFO::Fitting model to feature number 482, malic.acid
2024-10-18 12:23:18.604767 INFO::Fitting model to feature number 483, maleimide
2024-10-18 12:23:18.66 INFO::Fitting model to feature number 484, maleic.acid
2024-10-18 12:23:18.726166 INFO::Fitting model to feature number 485, lyxitol
2024-10-18 12:23:18.785953 INFO::Fitting model to feature number 486, lithocholic.acid
2024-10-18 12:23:18.851673 INFO::Fitting model to feature number 487, linolenic.acid
2024-10-18 12:23:18.93121 INFO::Fitting model to feature number 488, lignoceric.acid
2024-10-18 12:23:19.000834 INFO::Fitting model to feature number 489, leucrose
2024-10-18 12:23:19.076751 INFO::Fitting model to feature number 490, lauric.acid
2024-10-18 12:23:19.122903 INFO::Fitting model to feature number 491, lactulose
2024-10-18 12:23:19.186328 INFO::Fitting model to feature number 492, lactose
2024-10-18 12:23:19.252604 INFO::Fitting model to feature number 493, lactic.acid
2024-10-18 12:23:19.308416 INFO::Fitting model to feature number 494, isothreonic.acid
2024-10-18 12:23:19.368419 INFO::Fitting model to feature number 495, isomyristic.acid
2024-10-18 12:23:19.434119 INFO::Fitting model to feature number 496, isoferulic.acid
2024-10-18 12:23:19.49764 INFO::Fitting model to feature number 497, isocholic.acid
2024-10-18 12:23:19.561918 INFO::Fitting model to feature number 498, inositol.4.monophosphate
2024-10-18 12:23:19.636479 INFO::Fitting model to feature number 499, inosine
2024-10-18 12:23:19.690757 INFO::Fitting model to feature number 500, indole.3.lactate
2024-10-18 12:23:19.744909 INFO::Fitting model to feature number 501, hypotaurine
2024-10-18 12:23:19.809947 INFO::Fitting model to feature number 502, homoserine
2024-10-18 12:23:19.863449 INFO::Fitting model to feature number 503, heptanoic.acid
2024-10-18 12:23:19.921958 INFO::Fitting model to feature number 504, guanosine
2024-10-18 12:23:20.000684 INFO::Fitting model to feature number 505, guanidinosuccinate
2024-10-18 12:23:20.103759 INFO::Fitting model to feature number 506, glycyl.tyrosine
2024-10-18 12:23:20.183404 INFO::Fitting model to feature number 507, glycine
2024-10-18 12:23:20.213205 WARNING::Fitting problem for feature 507 a warning was issued
2024-10-18 12:23:20.289071 INFO::Fitting model to feature number 508, glycerol.alpha.phosphate
2024-10-18 12:23:20.363976 INFO::Fitting model to feature number 509, glycerol.3.galactoside
2024-10-18 12:23:20.427767 INFO::Fitting model to feature number 510, glycerol
2024-10-18 12:23:20.504709 INFO::Fitting model to feature number 511, glyceric.acid
2024-10-18 12:23:20.578477 INFO::Fitting model to feature number 512, glutaric.acid
2024-10-18 12:23:20.642278 INFO::Fitting model to feature number 513, glucose.6.phosphate
2024-10-18 12:23:20.724353 INFO::Fitting model to feature number 514, glucose.1.phosphate
2024-10-18 12:23:20.788243 INFO::Fitting model to feature number 515, glucose
2024-10-18 12:23:20.846999 INFO::Fitting model to feature number 516, glucoheptulose
2024-10-18 12:23:20.900748 INFO::Fitting model to feature number 517, galacturonic.acid
2024-10-18 12:23:20.955177 INFO::Fitting model to feature number 518, galactose
2024-10-18 12:23:21.008726 INFO::Fitting model to feature number 519, galactinol
2024-10-18 12:23:21.074915 INFO::Fitting model to feature number 520, fumaric.acid
2024-10-18 12:23:21.127361 INFO::Fitting model to feature number 521, fructose.6.phosphate
2024-10-18 12:23:21.208229 INFO::Fitting model to feature number 522, fructose
2024-10-18 12:23:21.271639 INFO::Fitting model to feature number 523, ferulic.acid
2024-10-18 12:23:21.325794 INFO::Fitting model to feature number 524, ethanolamine
2024-10-18 12:23:21.390063 INFO::Fitting model to feature number 525, enolpyruvate
2024-10-18 12:23:21.461921 INFO::Fitting model to feature number 526, dihydrocholesterol
2024-10-18 12:23:21.529229 INFO::Fitting model to feature number 527, dihydro.3.coumaric.acid
2024-10-18 12:23:21.604393 INFO::Fitting model to feature number 528, digalacturonic.acid
2024-10-18 12:23:21.669609 INFO::Fitting model to feature number 529, cysteine
2024-10-18 12:23:21.741291 INFO::Fitting model to feature number 530, coprostan.3.one
2024-10-18 12:23:21.803812 INFO::Fitting model to feature number 531, citric.acid
2024-10-18 12:23:21.86686 INFO::Fitting model to feature number 532, cholic.acid
2024-10-18 12:23:21.923268 INFO::Fitting model to feature number 533, cholesterol
2024-10-18 12:23:21.972914 INFO::Fitting model to feature number 534, chenodeoxycholic.acid
2024-10-18 12:23:22.027261 INFO::Fitting model to feature number 535, cerotinic.acid
2024-10-18 12:23:22.08471 INFO::Fitting model to feature number 536, cellobiose
2024-10-18 12:23:22.159838 INFO::Fitting model to feature number 537, capric.acid
2024-10-18 12:23:22.226979 INFO::Fitting model to feature number 538, campesterol
2024-10-18 12:23:22.313735 INFO::Fitting model to feature number 539, cadaverine
2024-10-18 12:23:22.377549 INFO::Fitting model to feature number 540, butyrolactam
2024-10-18 12:23:22.437419 INFO::Fitting model to feature number 541, butylamine
2024-10-18 12:23:22.490407 INFO::Fitting model to feature number 542, biphenyl
2024-10-18 12:23:22.53948 INFO::Fitting model to feature number 543, beta.glutamic.acid
2024-10-18 12:23:22.59028 INFO::Fitting model to feature number 544, beta.alanyl.lysine
2024-10-18 12:23:22.642662 INFO::Fitting model to feature number 545, beta.alanine
2024-10-18 12:23:22.707741 INFO::Fitting model to feature number 546, behenic.acid
2024-10-18 12:23:22.759934 INFO::Fitting model to feature number 547, azelaic.acid
2024-10-18 12:23:22.814775 INFO::Fitting model to feature number 548, asparagine
2024-10-18 12:23:22.880083 INFO::Fitting model to feature number 549, arachidic.acid
2024-10-18 12:23:22.947689 INFO::Fitting model to feature number 550, arabitol
2024-10-18 12:23:23.024307 INFO::Fitting model to feature number 551, anthranilic.acid
2024-10-18 12:23:23.094305 INFO::Fitting model to feature number 552, adipic.acid
2024-10-18 12:23:23.165207 INFO::Fitting model to feature number 553, adenosine
2024-10-18 12:23:23.224952 INFO::Fitting model to feature number 554, X6.deoxyglucose
2024-10-18 12:23:23.317795 INFO::Fitting model to feature number 555, X5.methoxytryptamine
2024-10-18 12:23:23.373071 INFO::Fitting model to feature number 556, X5.hydroxymethyl.2.furoic.acid
2024-10-18 12:23:23.4306 INFO::Fitting model to feature number 557, X5.aminovaleric.acid
2024-10-18 12:23:23.49936 INFO::Fitting model to feature number 558, X4.pyridoxic.acid
2024-10-18 12:23:23.559318 INFO::Fitting model to feature number 559, X4.hydroxyphenylacetic.acid
2024-10-18 12:23:23.623093 INFO::Fitting model to feature number 560, X4.hydroxybutyric.acid
2024-10-18 12:23:23.695706 INFO::Fitting model to feature number 561, X4..5.dihydroxy.7.glucosyloxyflavanone
2024-10-18 12:23:23.76185 INFO::Fitting model to feature number 562, X3.phenyllactic.acid
2024-10-18 12:23:23.8239 INFO::Fitting model to feature number 563, X3.hydroxyphenylacetic.acid
2024-10-18 12:23:23.892466 INFO::Fitting model to feature number 564, X3.hydroxypalmitic.acid
2024-10-18 12:23:23.913174 WARNING::Fitting problem for feature 564 a warning was issued
2024-10-18 12:23:23.976581 INFO::Fitting model to feature number 565, X3.hydroxy.3.methylglutaric.acid
2024-10-18 12:23:24.000578 WARNING::Fitting problem for feature 565 a warning was issued
2024-10-18 12:23:24.065854 INFO::Fitting model to feature number 566, X3.aminoisobutyric.acid
2024-10-18 12:23:24.126962 INFO::Fitting model to feature number 567, X3.6.anhydro.D.galactose
2024-10-18 12:23:24.178347 INFO::Fitting model to feature number 568, X3.4.dihydroxycinnamic.acid
2024-10-18 12:23:24.24144 INFO::Fitting model to feature number 569, X3..4.hydroxyphenyl.propionic.acid
2024-10-18 12:23:24.332687 INFO::Fitting model to feature number 570, X3..3.hydroxyphenyl.propionic.acid
2024-10-18 12:23:24.405571 INFO::Fitting model to feature number 571, X3..3.hydroxyphenyl..3.hydroxypropionic.acid
2024-10-18 12:23:24.478858 INFO::Fitting model to feature number 572, X2.ketoisocaproic.acid
2024-10-18 12:23:24.549242 INFO::Fitting model to feature number 573, X2.hydroxyisocaproic.acid
2024-10-18 12:23:24.620634 INFO::Fitting model to feature number 574, X2.hydroxyglutaric.acid
2024-10-18 12:23:24.680916 INFO::Fitting model to feature number 575, X2.deoxyuridine
2024-10-18 12:23:24.743493 INFO::Fitting model to feature number 576, X2.deoxytetronic.acid
2024-10-18 12:23:24.797668 INFO::Fitting model to feature number 577, X2..deoxyguanosine
2024-10-18 12:23:24.847534 INFO::Fitting model to feature number 578, X2.6.diaminopimelic.acid
2024-10-18 12:23:24.902567 INFO::Fitting model to feature number 579, X2.5.dihydroxypyrazine
2024-10-18 12:23:24.958826 INFO::Fitting model to feature number 580, X2.3.diaminopropionic.acid
2024-10-18 12:23:25.013492 INFO::Fitting model to feature number 581, X1.monopalmitin
2024-10-18 12:23:25.06958 INFO::Fitting model to feature number 582, X1.kestose
2024-10-18 12:23:25.139209 INFO::Fitting model to feature number 583, X1.3.diaminopropane
2024-10-18 12:23:25.206762 INFO::Fitting model to feature number 584, X1.2.4.benzenetriol
2024-10-18 12:23:25.260832 INFO::Fitting model to feature number 585, X.15.3..Anacardic.acid
2024-10-18 12:23:25.320092 INFO::Fitting model to feature number 586, X.9Z.12R..12.Hydroxyoctadec.9.enoic.acid
2024-10-18 12:23:25.400867 INFO::Fitting model to feature number 587, X.dehydro.ornithine
2024-10-18 12:23:25.449553 INFO::Fitting model to feature number 588, X.R..Butyrylcarnitine
2024-10-18 12:23:25.502874 INFO::Fitting model to feature number 589, X.S..1.Methylnicotinium
2024-10-18 12:23:25.569179 INFO::Fitting model to feature number 590, X.sulfanylsulfonyl.methane
2024-10-18 12:23:25.628043 INFO::Fitting model to feature number 591, X.Z..5.8.11.trihydroxyoctadec.9.enoic.acid
2024-10-18 12:23:25.696193 INFO::Fitting model to feature number 592, X1..1Z.Hexadecenyl..sn.glycero.3.phosphocholine
2024-10-18 12:23:25.74939 INFO::Fitting model to feature number 593, X1..1Z.Octadecenyl..sn.glycero.3.phosphocholine
2024-10-18 12:23:25.80241 INFO::Fitting model to feature number 594, X1..9Z.12Z.Octadecadienoyl.2.hydroxy.sn.glycero.3.phosphocholine
2024-10-18 12:23:25.85863 INFO::Fitting model to feature number 595, X1.2.Cyclohexanedione
2024-10-18 12:23:25.930495 INFO::Fitting model to feature number 596, X1.7.Dimethyluric.acid
2024-10-18 12:23:26.002645 INFO::Fitting model to feature number 597, X1.Hexadecyl.sn.glycero.3.phosphocholine
2024-10-18 12:23:26.059237 INFO::Fitting model to feature number 598, X1.Methylnicotinamide
2024-10-18 12:23:26.117418 INFO::Fitting model to feature number 599, X1.Methylpseudouridine
2024-10-18 12:23:26.170819 INFO::Fitting model to feature number 600, X1.Palmitoyl.2.hydroxy.sn.glycero.3.phospho..1..rac.glycerol.
2024-10-18 12:23:26.241076 INFO::Fitting model to feature number 601, X1.Palmitoyl.sn.glycero.3.phosphocholine
2024-10-18 12:23:26.295175 INFO::Fitting model to feature number 602, X1.Stearoyl.2.hydroxy.sn.glycero.3.phosphocholine
2024-10-18 12:23:26.376364 INFO::Fitting model to feature number 603, X1.Stearoyl.2.hydroxy.sn.glycero.3.phosphoethanolamine
2024-10-18 12:23:26.428488 INFO::Fitting model to feature number 604, X2..1.Methyl.1H.imidazol.5.yl.acetic.acid
2024-10-18 12:23:26.482241 INFO::Fitting model to feature number 605, X2..2.6.dimethylmorpholin.4.yl.ethanol
2024-10-18 12:23:26.537785 INFO::Fitting model to feature number 606, X2..n.ethyl.n.m.toluidino.ethanol
2024-10-18 12:23:26.594525 INFO::Fitting model to feature number 607, X2.6.dihydroxybenzoic.acid
2024-10-18 12:23:26.653862 INFO::Fitting model to feature number 608, X2.acetylpyrazine
2024-10-18 12:23:26.710966 INFO::Fitting model to feature number 609, X2.Amino.1.phenylethanol
2024-10-18 12:23:26.768662 INFO::Fitting model to feature number 610, X2.Amino.3.methoxybenzoic.acid
2024-10-18 12:23:26.825658 INFO::Fitting model to feature number 611, X2..Deoxycytidine
2024-10-18 12:23:26.883364 INFO::Fitting model to feature number 612, X2..Deoxycytidine.1
2024-10-18 12:23:26.952271 INFO::Fitting model to feature number 613, X2..Deoxyguanosine.5..monophosphate
2024-10-18 12:23:27.016972 INFO::Fitting model to feature number 614, X2..Deoxyinosine
2024-10-18 12:23:27.07885 INFO::Fitting model to feature number 615, X2.Hydroxy.4.methylpentanoic.acid
2024-10-18 12:23:27.150965 INFO::Fitting model to feature number 616, X2.Hydroxybenzaldehyde
2024-10-18 12:23:27.221975 INFO::Fitting model to feature number 617, X2.hydroxybutyric.acid
2024-10-18 12:23:27.279743 INFO::Fitting model to feature number 618, X2.hydroxypalmitic.acid
2024-10-18 12:23:27.366307 INFO::Fitting model to feature number 619, X2.Hydroxyphenethyl.alcohol
2024-10-18 12:23:27.416241 INFO::Fitting model to feature number 620, X2.Isopropylmalic.acid
2024-10-18 12:23:27.483159 INFO::Fitting model to feature number 621, X2.Methyl.N..4.Methylphenyl.alanine
2024-10-18 12:23:27.539739 INFO::Fitting model to feature number 622, X2.phenylmalonaldehyde
2024-10-18 12:23:27.610578 INFO::Fitting model to feature number 623, X2.Pyridone
2024-10-18 12:23:27.665854 INFO::Fitting model to feature number 624, X3..1.Methyl.1H.pyrazol.5.yl.propanoic.acid
2024-10-18 12:23:27.725334 INFO::Fitting model to feature number 625, X3..1.Pyrazolyl..alanine
2024-10-18 12:23:27.794122 INFO::Fitting model to feature number 626, X3..3.Hydroxyphenyl.propionic.acid
2024-10-18 12:23:27.846228 INFO::Fitting model to feature number 627, X3..5..2.Methylpropyl..3.6.dioxopiperazin.2.yl.propanoic.acid
2024-10-18 12:23:27.909521 INFO::Fitting model to feature number 628, X3.beta.allopregnanolone.sulfate
2024-10-18 12:23:27.960622 INFO::Fitting model to feature number 629, X3.cyanocoumarin
2024-10-18 12:23:28.023871 INFO::Fitting model to feature number 630, X3.Deoxyuridine
2024-10-18 12:23:28.0748 INFO::Fitting model to feature number 631, X3.hydroxybutyrylcarnitine
2024-10-18 12:23:28.126463 INFO::Fitting model to feature number 632, X3.Hydroxymorphinan
2024-10-18 12:23:28.186637 INFO::Fitting model to feature number 633, X3.Hydroxyvaleric.acid
2024-10-18 12:23:28.242363 INFO::Fitting model to feature number 634, X3.Methyl.gamma.butyrolactone
2024-10-18 12:23:28.331352 INFO::Fitting model to feature number 635, X3.Methylhistidine
2024-10-18 12:23:28.35447 WARNING::Fitting problem for feature 635 a warning was issued
2024-10-18 12:23:28.41384 INFO::Fitting model to feature number 636, X3.Methylxanthine
2024-10-18 12:23:28.471199 INFO::Fitting model to feature number 637, X3.oxocholic.acid
2024-10-18 12:23:28.544534 INFO::Fitting model to feature number 638, X4.Acetamidobutyric.acid
2024-10-18 12:23:28.636023 INFO::Fitting model to feature number 639, X4.Amino.2.methyl.5.pyrimidinemethanol
2024-10-18 12:23:28.731591 INFO::Fitting model to feature number 640, X4.Aminomethylcyclohexanecarboxylic.acid
2024-10-18 12:23:28.83182 INFO::Fitting model to feature number 641, X4.aminosalicylic.acid
2024-10-18 12:23:28.908633 INFO::Fitting model to feature number 642, X4.Hydroxymandelonitrile
2024-10-18 12:23:28.962837 INFO::Fitting model to feature number 643, X4.Methyl.5.thiazoleethanol
2024-10-18 12:23:29.020057 INFO::Fitting model to feature number 644, X4.Pentylaniline
2024-10-18 12:23:29.076122 INFO::Fitting model to feature number 645, X4.Trimethylammoniobutanoic.acid
2024-10-18 12:23:29.13597 INFO::Fitting model to feature number 646, X5.Acetylamino.6.amino.3.methyluracil
2024-10-18 12:23:29.210859 INFO::Fitting model to feature number 647, X5.Aminosalicylic.acid
2024-10-18 12:23:29.287755 INFO::Fitting model to feature number 648, X5.beta.androstan.3.alpha.ol.17.one.sulfate
2024-10-18 12:23:29.36462 INFO::Fitting model to feature number 649, X5.hydroxyindoleacetate
2024-10-18 12:23:29.42461 INFO::Fitting model to feature number 650, X5.Hydroxymethylcytidine
2024-10-18 12:23:29.532789 INFO::Fitting model to feature number 651, X5.Methylcytidine
2024-10-18 12:23:29.607235 INFO::Fitting model to feature number 652, X5..Methylthioadenosine
2024-10-18 12:23:29.677631 INFO::Fitting model to feature number 653, X6.7.Dihydroxycoumarin
2024-10-18 12:23:29.748603 INFO::Fitting model to feature number 654, X6.Aminoindazole
2024-10-18 12:23:29.806891 INFO::Fitting model to feature number 655, X6H.2.Benzopyran.6.one..5.chloro.3..3.4.dihydroxy.3.5.dimethyl.1.hepten.1.yl..7.8.dihydro.7.8.dihydroxy.7.methyl.
2024-10-18 12:23:29.827487 WARNING::Fitting problem for feature 655 a warning was issued
2024-10-18 12:23:29.886461 INFO::Fitting model to feature number 656, X7.Keto.3alpha.12.alpha.dihydroxycholanic.acid
2024-10-18 12:23:29.95406 INFO::Fitting model to feature number 657, X7.Methylguanine
2024-10-18 12:23:30.024273 INFO::Fitting model to feature number 658, X8.Oxo.2.deoxyadenosine
2024-10-18 12:23:30.097621 INFO::Fitting model to feature number 659, X9.10.dihydroxystearic.acid
2024-10-18 12:23:30.161348 INFO::Fitting model to feature number 660, Acetaminophen.sulfate
2024-10-18 12:23:30.234081 INFO::Fitting model to feature number 661, Acetylcarnitine
2024-10-18 12:23:30.307494 INFO::Fitting model to feature number 662, Adenine
2024-10-18 12:23:30.380254 INFO::Fitting model to feature number 663, adenosine.1
2024-10-18 12:23:30.44986 INFO::Fitting model to feature number 664, Agmatine
2024-10-18 12:23:30.518343 INFO::Fitting model to feature number 665, Ala.Ala
2024-10-18 12:23:30.585018 INFO::Fitting model to feature number 666, Ala.Ala.Lys
2024-10-18 12:23:30.723061 INFO::Fitting model to feature number 667, Ala.Arg
2024-10-18 12:23:30.779409 INFO::Fitting model to feature number 668, Ala.Gln
2024-10-18 12:23:30.836635 INFO::Fitting model to feature number 669, Ala.His
2024-10-18 12:23:30.890164 INFO::Fitting model to feature number 670, Ala.Ile.Arg
2024-10-18 12:23:30.948024 INFO::Fitting model to feature number 671, Ala.Lys
2024-10-18 12:23:31.00743 INFO::Fitting model to feature number 672, Ala.Phe
2024-10-18 12:23:31.072119 INFO::Fitting model to feature number 673, ala.pro
2024-10-18 12:23:31.132373 INFO::Fitting model to feature number 674, Ala.Thr
2024-10-18 12:23:31.205347 INFO::Fitting model to feature number 675, Ala.Trp
2024-10-18 12:23:31.272667 INFO::Fitting model to feature number 676, Ala.Val.Lys
2024-10-18 12:23:31.334406 INFO::Fitting model to feature number 677, alpha.Galactosamine.1.phosphate
2024-10-18 12:23:31.393891 INFO::Fitting model to feature number 678, aminocarnitine
2024-10-18 12:23:31.453223 INFO::Fitting model to feature number 679, Arabitol
2024-10-18 12:23:31.508009 INFO::Fitting model to feature number 680, Arg.Gly
2024-10-18 12:23:31.569664 INFO::Fitting model to feature number 681, Arginine
2024-10-18 12:23:31.649259 INFO::Fitting model to feature number 682, arg.pro
2024-10-18 12:23:31.751418 INFO::Fitting model to feature number 683, Arg.Thr
2024-10-18 12:23:31.808236 INFO::Fitting model to feature number 684, Arg.Trp
2024-10-18 12:23:31.867442 INFO::Fitting model to feature number 685, Asn.Arg
2024-10-18 12:23:31.938059 INFO::Fitting model to feature number 686, Asn.Asn
2024-10-18 12:23:32.000011 INFO::Fitting model to feature number 687, Asn.Glu
2024-10-18 12:23:32.058442 INFO::Fitting model to feature number 688, Asn.Tyr
2024-10-18 12:23:32.113469 INFO::Fitting model to feature number 689, Asp.Arg
2024-10-18 12:23:32.165099 INFO::Fitting model to feature number 690, Aspartic.acid
2024-10-18 12:23:32.220272 INFO::Fitting model to feature number 691, Asp.Leu.Lys
2024-10-18 12:23:32.273173 INFO::Fitting model to feature number 692, Asp.Lys
2024-10-18 12:23:32.328453 INFO::Fitting model to feature number 693, Asp.Phe
2024-10-18 12:23:32.397196 INFO::Fitting model to feature number 694, Asp.Tyr
2024-10-18 12:23:32.453328 INFO::Fitting model to feature number 695, Azithromycin
2024-10-18 12:23:32.509659 INFO::Fitting model to feature number 696, beta.homoleucine
2024-10-18 12:23:32.564398 INFO::Fitting model to feature number 697, Betaine
2024-10-18 12:23:32.617086 INFO::Fitting model to feature number 698, Betaine.aldehyde
2024-10-18 12:23:32.714911 INFO::Fitting model to feature number 699, Biliverdin
2024-10-18 12:23:32.769968 INFO::Fitting model to feature number 700, Blood.Group.A.Tetrasaccharide
2024-10-18 12:23:32.819447 INFO::Fitting model to feature number 701, cadaverine.1
2024-10-18 12:23:32.869465 INFO::Fitting model to feature number 702, Caffeic.acid
2024-10-18 12:23:32.921475 INFO::Fitting model to feature number 703, cAMP
2024-10-18 12:23:32.972917 INFO::Fitting model to feature number 704, carnitine
2024-10-18 12:23:33.038553 INFO::Fitting model to feature number 705, carnosine
2024-10-18 12:23:33.102976 INFO::Fitting model to feature number 706, Catechol
2024-10-18 12:23:33.155858 INFO::Fitting model to feature number 707, chenodeoxycholic.acid.1
2024-10-18 12:23:33.212912 INFO::Fitting model to feature number 708, cholesterol.3.sulfate....1046
2024-10-18 12:23:33.271398 INFO::Fitting model to feature number 709, Cholic.acid
2024-10-18 12:23:33.35482 INFO::Fitting model to feature number 710, Choline
2024-10-18 12:23:33.408715 INFO::Fitting model to feature number 711, citrulline
2024-10-18 12:23:33.476776 INFO::Fitting model to feature number 712, Cortisone
2024-10-18 12:23:33.544963 INFO::Fitting model to feature number 713, Cortodoxone
2024-10-18 12:23:33.600063 INFO::Fitting model to feature number 714, Creatine
2024-10-18 12:23:33.66353 INFO::Fitting model to feature number 715, Cysteic.Acid
2024-10-18 12:23:33.755405 INFO::Fitting model to feature number 716, cysteine.S.sulfate
2024-10-18 12:23:33.804881 INFO::Fitting model to feature number 717, Cytidine
2024-10-18 12:23:33.85552 INFO::Fitting model to feature number 718, Daidzein
2024-10-18 12:23:33.905638 INFO::Fitting model to feature number 719, decanedioic.acid
2024-10-18 12:23:33.955672 INFO::Fitting model to feature number 720, dehydroepiandrosterone.sulfate
2024-10-18 12:23:34.009059 INFO::Fitting model to feature number 721, delta.Hydroxylysine
2024-10-18 12:23:34.079402 INFO::Fitting model to feature number 722, deoxycarnitine
2024-10-18 12:23:34.135499 INFO::Fitting model to feature number 723, Deoxycholate
2024-10-18 12:23:34.191594 INFO::Fitting model to feature number 724, deprenyl
2024-10-18 12:23:34.247045 INFO::Fitting model to feature number 725, D.erythro.N.stearoylsphingosine
2024-10-18 12:23:34.309161 INFO::Fitting model to feature number 726, Desloratadine
2024-10-18 12:23:34.365198 INFO::Fitting model to feature number 727, dibenzylamine
2024-10-18 12:23:34.41672 INFO::Fitting model to feature number 728, Dihydrosphingosine
2024-10-18 12:23:34.469432 INFO::Fitting model to feature number 729, DL.Octopamine
2024-10-18 12:23:34.534972 INFO::Fitting model to feature number 730, docosahexaenoic.acid
2024-10-18 12:23:34.605149 INFO::Fitting model to feature number 731, Docosatetraenoic.acid
2024-10-18 12:23:34.704935 INFO::Fitting model to feature number 732, D.Pyroglutamic.acid
2024-10-18 12:23:34.769169 INFO::Fitting model to feature number 733, Eicosenoic.acid
2024-10-18 12:23:34.815556 INFO::Fitting model to feature number 734, E.N.Deoxyfructosyllysine
2024-10-18 12:23:34.885066 INFO::Fitting model to feature number 735, ethanolamine.1
2024-10-18 12:23:34.952826 INFO::Fitting model to feature number 736, Ethyl..4.amino.1.piperidinyl.acetate
2024-10-18 12:23:35.008608 INFO::Fitting model to feature number 737, Ferulic.acid
2024-10-18 12:23:35.059078 INFO::Fitting model to feature number 738, Galacto.N.biose
2024-10-18 12:23:35.125498 INFO::Fitting model to feature number 739, gamma.aminobutyric.acid
2024-10-18 12:23:35.181191 INFO::Fitting model to feature number 740, gamma.Glutamylmethionine
2024-10-18 12:23:35.234828 INFO::Fitting model to feature number 741, gamma.linolenic.acid
2024-10-18 12:23:35.287287 INFO::Fitting model to feature number 742, Gln.Ala
2024-10-18 12:23:35.344062 INFO::Fitting model to feature number 743, Gln.Arg
2024-10-18 12:23:35.403954 INFO::Fitting model to feature number 744, Gln.Glu
2024-10-18 12:23:35.470513 INFO::Fitting model to feature number 745, Gln.Leu.Lys
2024-10-18 12:23:35.543265 INFO::Fitting model to feature number 746, Gln.Met
2024-10-18 12:23:35.618444 INFO::Fitting model to feature number 747, Gln.Phe
2024-10-18 12:23:35.73953 INFO::Fitting model to feature number 748, Gln.Pro
2024-10-18 12:23:35.815815 INFO::Fitting model to feature number 749, Gln.Tyr
2024-10-18 12:23:35.894658 INFO::Fitting model to feature number 750, Glu.Ala.Lys
2024-10-18 12:23:35.972921 INFO::Fitting model to feature number 751, Glucosamine.6.phosphate
2024-10-18 12:23:36.048961 INFO::Fitting model to feature number 752, Glu.Glu
2024-10-18 12:23:36.136054 INFO::Fitting model to feature number 753, Glu.Gly
2024-10-18 12:23:36.214431 INFO::Fitting model to feature number 754, Glu.His
2024-10-18 12:23:36.302721 INFO::Fitting model to feature number 755, Glu.Ile.Lys
2024-10-18 12:23:36.367717 INFO::Fitting model to feature number 756, glutamic.acid
2024-10-18 12:23:36.432534 INFO::Fitting model to feature number 757, Glutamine
2024-10-18 12:23:36.496335 INFO::Fitting model to feature number 758, Glu.Val.Phe
2024-10-18 12:23:36.576625 INFO::Fitting model to feature number 759, Gly.Asn
2024-10-18 12:23:36.654198 INFO::Fitting model to feature number 760, Gly.Asp
2024-10-18 12:23:36.7263 INFO::Fitting model to feature number 761, glycerophosphocholine
2024-10-18 12:23:36.794732 INFO::Fitting model to feature number 762, glycine.1
2024-10-18 12:23:36.869308 INFO::Fitting model to feature number 763, Glycitein
2024-10-18 12:23:37.00111 INFO::Fitting model to feature number 764, glycocholic.acid
2024-10-18 12:23:37.067157 INFO::Fitting model to feature number 765, Gly.Glu
2024-10-18 12:23:37.131417 INFO::Fitting model to feature number 766, Gly.His
2024-10-18 12:23:37.191426 INFO::Fitting model to feature number 767, Gly.Ile
2024-10-18 12:23:37.255175 INFO::Fitting model to feature number 768, Gly.Ile.Lys
2024-10-18 12:23:37.322025 INFO::Fitting model to feature number 769, Gly.Met
2024-10-18 12:23:37.384361 INFO::Fitting model to feature number 770, Gly.Phe
2024-10-18 12:23:37.444387 INFO::Fitting model to feature number 771, Gly.Pro
2024-10-18 12:23:37.511767 INFO::Fitting model to feature number 772, Gly.Val.Lys
2024-10-18 12:23:37.586513 INFO::Fitting model to feature number 773, guanidinosuccinate.1
2024-10-18 12:23:37.656694 INFO::Fitting model to feature number 774, Guanine
2024-10-18 12:23:37.718994 INFO::Fitting model to feature number 775, Guanosine
2024-10-18 12:23:37.782928 INFO::Fitting model to feature number 776, His.Ala
2024-10-18 12:23:37.844618 INFO::Fitting model to feature number 777, His.Gln
2024-10-18 12:23:37.906335 INFO::Fitting model to feature number 778, his.ile
2024-10-18 12:23:37.973039 INFO::Fitting model to feature number 779, His.Leu
2024-10-18 12:23:38.058897 INFO::Fitting model to feature number 780, His.Ser
2024-10-18 12:23:38.187775 INFO::Fitting model to feature number 781, Histamine
2024-10-18 12:23:38.264052 INFO::Fitting model to feature number 782, His.Thr
2024-10-18 12:23:38.339019 INFO::Fitting model to feature number 783, histidine
2024-10-18 12:23:38.416353 INFO::Fitting model to feature number 784, His.Tyr
2024-10-18 12:23:38.482058 INFO::Fitting model to feature number 785, His.Val
2024-10-18 12:23:38.545558 INFO::Fitting model to feature number 786, Homarine
2024-10-18 12:23:38.597273 INFO::Fitting model to feature number 787, Hypoxanthine
2024-10-18 12:23:38.655617 INFO::Fitting model to feature number 788, Ile.Ala
2024-10-18 12:23:38.73078 INFO::Fitting model to feature number 789, Ile.Arg
2024-10-18 12:23:38.788281 INFO::Fitting model to feature number 790, Ile.Gln
2024-10-18 12:23:38.844332 INFO::Fitting model to feature number 791, Ile.Glu
2024-10-18 12:23:38.899328 INFO::Fitting model to feature number 792, Ile.Phe
2024-10-18 12:23:38.956629 INFO::Fitting model to feature number 793, Ile.Pro
2024-10-18 12:23:39.015033 INFO::Fitting model to feature number 794, Ile.Ser
2024-10-18 12:23:39.087526 INFO::Fitting model to feature number 795, Ile.Thr
2024-10-18 12:23:39.15661 INFO::Fitting model to feature number 796, Ile.Trp
2024-10-18 12:23:39.242178 INFO::Fitting model to feature number 797, Ile.Val
2024-10-18 12:23:39.30231 INFO::Fitting model to feature number 798, Ile.Val.Arg
2024-10-18 12:23:39.358769 INFO::Fitting model to feature number 799, Indole.3.carboxaldehyde
2024-10-18 12:23:39.41269 INFO::Fitting model to feature number 800, Inosine
2024-10-18 12:23:39.468848 INFO::Fitting model to feature number 801, isethionate
2024-10-18 12:23:39.527184 INFO::Fitting model to feature number 802, Isoleucine
2024-10-18 12:23:39.602029 INFO::Fitting model to feature number 803, Isorhamnetin.3.O.rutinoside
2024-10-18 12:23:39.681149 INFO::Fitting model to feature number 804, Ketoisovaleric.acid
2024-10-18 12:23:39.752651 INFO::Fitting model to feature number 805, Kynurenic.acid
2024-10-18 12:23:39.82256 INFO::Fitting model to feature number 806, L.Arginine..methyl.ester
2024-10-18 12:23:39.88148 INFO::Fitting model to feature number 807, Lauroyl.L.carnitine
2024-10-18 12:23:39.942153 INFO::Fitting model to feature number 808, Leu.Asn
2024-10-18 12:23:40.00377 INFO::Fitting model to feature number 809, Leucine
2024-10-18 12:23:40.077904 INFO::Fitting model to feature number 810, leucyl.leucine
2024-10-18 12:23:40.148746 INFO::Fitting model to feature number 811, Leu.Gly.Leu
2024-10-18 12:23:40.218786 INFO::Fitting model to feature number 812, Leu.His
2024-10-18 12:23:40.318709 INFO::Fitting model to feature number 813, Leu.Leu
2024-10-18 12:23:40.385149 INFO::Fitting model to feature number 814, Leu.Met
2024-10-18 12:23:40.460509 INFO::Fitting model to feature number 815, Leu.Phe
2024-10-18 12:23:40.532346 INFO::Fitting model to feature number 816, Leu.Thr
2024-10-18 12:23:40.592984 INFO::Fitting model to feature number 817, Leu.Trp
2024-10-18 12:23:40.662686 INFO::Fitting model to feature number 818, Leu.Val.Lys
2024-10-18 12:23:40.735871 INFO::Fitting model to feature number 819, Linoleoyl.ethanolamide
2024-10-18 12:23:40.806402 INFO::Fitting model to feature number 820, LPA.16.0
2024-10-18 12:23:40.86391 INFO::Fitting model to feature number 821, LPC.12.0
2024-10-18 12:23:40.935049 INFO::Fitting model to feature number 822, LPC.15.0
2024-10-18 12:23:40.992888 INFO::Fitting model to feature number 823, LPC.16.0
2024-10-18 12:23:41.048188 INFO::Fitting model to feature number 824, LPC.18.0....1185
2024-10-18 12:23:41.106361 INFO::Fitting model to feature number 825, LPC.18.1.Isomer.B
2024-10-18 12:23:41.170593 INFO::Fitting model to feature number 826, LPC.O.16.1....1188
2024-10-18 12:23:41.229221 INFO::Fitting model to feature number 827, LPE.16.0....1189
2024-10-18 12:23:41.29774 INFO::Fitting model to feature number 828, LPE.O.16.1
2024-10-18 12:23:41.400534 INFO::Fitting model to feature number 829, LPI.18.0
2024-10-18 12:23:41.46836 INFO::Fitting model to feature number 830, L.Saccharopine
2024-10-18 12:23:41.523592 INFO::Fitting model to feature number 831, Lys.Asp
2024-10-18 12:23:41.579303 INFO::Fitting model to feature number 832, Lys.Gly
2024-10-18 12:23:41.635274 INFO::Fitting model to feature number 833, lysine
2024-10-18 12:23:41.693749 INFO::Fitting model to feature number 834, Lys.Phe
2024-10-18 12:23:41.748414 INFO::Fitting model to feature number 835, Lys.Pro
2024-10-18 12:23:41.818696 INFO::Fitting model to feature number 836, Lys.Ser
2024-10-18 12:23:41.887755 INFO::Fitting model to feature number 837, Lys.Val
2024-10-18 12:23:41.958021 INFO::Fitting model to feature number 838, Malonic.acid
2024-10-18 12:23:42.014139 INFO::Fitting model to feature number 839, maltotriose.1
2024-10-18 12:23:42.081168 INFO::Fitting model to feature number 840, Mandelic.acid
2024-10-18 12:23:42.139896 INFO::Fitting model to feature number 841, Mannitol
2024-10-18 12:23:42.208211 INFO::Fitting model to feature number 842, Melatonin
2024-10-18 12:23:42.269406 INFO::Fitting model to feature number 843, Met.Ala
2024-10-18 12:23:42.370478 INFO::Fitting model to feature number 844, Met.Arg
2024-10-18 12:23:42.495825 INFO::Fitting model to feature number 845, Met.Asp
2024-10-18 12:23:42.554401 INFO::Fitting model to feature number 846, Met.Glu
2024-10-18 12:23:42.612868 INFO::Fitting model to feature number 847, Methacholine
2024-10-18 12:23:42.672459 INFO::Fitting model to feature number 848, Methionine
2024-10-18 12:23:42.742965 INFO::Fitting model to feature number 849, methionine.sulfone
2024-10-18 12:23:42.8018 INFO::Fitting model to feature number 850, methionine.sulfoxide
2024-10-18 12:23:42.87245 INFO::Fitting model to feature number 851, Met.His
2024-10-18 12:23:42.947141 INFO::Fitting model to feature number 852, Methohexital
2024-10-18 12:23:43.01789 INFO::Fitting model to feature number 853, Methyl.beta.galactopyranoside
2024-10-18 12:23:43.081377 INFO::Fitting model to feature number 854, methylglyoxal.derived.hydroimidazolone
2024-10-18 12:23:43.139426 INFO::Fitting model to feature number 855, Met.Lys
2024-10-18 12:23:43.195321 INFO::Fitting model to feature number 856, Met.Met
2024-10-18 12:23:43.258271 INFO::Fitting model to feature number 857, Met.Thr
2024-10-18 12:23:43.331651 INFO::Fitting model to feature number 858, Met.Val
2024-10-18 12:23:43.414297 INFO::Fitting model to feature number 859, myo.inositol
2024-10-18 12:23:43.493097 INFO::Fitting model to feature number 860, Myristoyl.L.carnitine
2024-10-18 12:23:43.561944 INFO::Fitting model to feature number 861, N..2.6.dimethylphenyl..2.hydroxyacetamide
2024-10-18 12:23:43.672734 INFO::Fitting model to feature number 862, N..5.acetamidopentyl.acetamide
2024-10-18 12:23:43.745043 INFO::Fitting model to feature number 863, N.N..Diacetylcystine
2024-10-18 12:23:43.81963 INFO::Fitting model to feature number 864, N.N.epsiloN.dimethyl.lysine
2024-10-18 12:23:43.900782 INFO::Fitting model to feature number 865, N2.acetyl.histidine
2024-10-18 12:23:43.982312 INFO::Fitting model to feature number 866, N8.acetylspermidine
2024-10-18 12:23:44.048605 INFO::Fitting model to feature number 867, N.acetylarginine
2024-10-18 12:23:44.114543 INFO::Fitting model to feature number 868, N.Acetyl.D.proline
2024-10-18 12:23:44.177557 INFO::Fitting model to feature number 869, N.Acetylglucosamine
2024-10-18 12:23:44.24198 INFO::Fitting model to feature number 870, N..Acetylisonicotinohydrazide
2024-10-18 12:23:44.294767 INFO::Fitting model to feature number 871, N.Acetylputrescine
2024-10-18 12:23:44.350163 INFO::Fitting model to feature number 872, N.Acetylserine
2024-10-18 12:23:44.406239 INFO::Fitting model to feature number 873, N.alpha.methylhistamine
2024-10-18 12:23:44.469018 INFO::Fitting model to feature number 874, Neohesperidin
2024-10-18 12:23:44.526208 INFO::Fitting model to feature number 875, Nervonic.acid
2024-10-18 12:23:44.5824 INFO::Fitting model to feature number 876, N.Formylmethionine
2024-10-18 12:23:44.654212 INFO::Fitting model to feature number 877, N.fructosyl.isoleucine
2024-10-18 12:23:44.772576 INFO::Fitting model to feature number 878, Nicotinamide.riboside
2024-10-18 12:23:44.845173 INFO::Fitting model to feature number 879, Nicotinic.acid
2024-10-18 12:23:44.904913 INFO::Fitting model to feature number 880, N.Isobutyrylglycine
2024-10-18 12:23:44.978172 INFO::Fitting model to feature number 881, N.Methylanthranilic.acid
2024-10-18 12:23:45.048302 INFO::Fitting model to feature number 882, N.Methylglutamic.acid
2024-10-18 12:23:45.13024 INFO::Fitting model to feature number 883, N.Methylproline
2024-10-18 12:23:45.198952 INFO::Fitting model to feature number 884, N.Methylthreonine
2024-10-18 12:23:45.266887 INFO::Fitting model to feature number 885, N.Methyltyrosine
2024-10-18 12:23:45.341015 INFO::Fitting model to feature number 886, N.nitroimidazolidi.N.2.imine
2024-10-18 12:23:45.399665 INFO::Fitting model to feature number 887, N.nitrosopyrrolidine
2024-10-18 12:23:45.456779 INFO::Fitting model to feature number 888, N.omega.Acetylhistamine
2024-10-18 12:23:45.506269 INFO::Fitting model to feature number 889, Octadecanedioic.acid
2024-10-18 12:23:45.558048 INFO::Fitting model to feature number 890, Octopine
2024-10-18 12:23:45.621088 INFO::Fitting model to feature number 891, Oleoyl.L.carnitine
2024-10-18 12:23:45.687644 INFO::Fitting model to feature number 892, O.Phosphocholine
2024-10-18 12:23:45.746945 INFO::Fitting model to feature number 893, ornithine....1268
2024-10-18 12:23:45.847461 INFO::Fitting model to feature number 894, Palmitoylcarnitine
2024-10-18 12:23:45.915886 INFO::Fitting model to feature number 895, Pantothenic.acid
2024-10-18 12:23:45.986166 INFO::Fitting model to feature number 896, Pantothenic.acid.1
2024-10-18 12:23:46.064508 INFO::Fitting model to feature number 897, p.coumaric.acid
2024-10-18 12:23:46.144315 INFO::Fitting model to feature number 898, Phe.Ala
2024-10-18 12:23:46.21233 INFO::Fitting model to feature number 899, phe.arg
2024-10-18 12:23:46.282246 INFO::Fitting model to feature number 900, Phe.Asn
2024-10-18 12:23:46.360723 INFO::Fitting model to feature number 901, Phe.Glu
2024-10-18 12:23:46.440292 INFO::Fitting model to feature number 902, Phe.His
2024-10-18 12:23:46.51181 INFO::Fitting model to feature number 903, Phe.Lys
2024-10-18 12:23:46.581834 INFO::Fitting model to feature number 904, phenylacetylglycine
2024-10-18 12:23:46.652763 INFO::Fitting model to feature number 905, Phenylalanine
2024-10-18 12:23:46.732823 INFO::Fitting model to feature number 906, Phe.Thr
2024-10-18 12:23:46.805883 INFO::Fitting model to feature number 907, Phe.Tyr
2024-10-18 12:23:46.88203 INFO::Fitting model to feature number 908, Phe.Val
2024-10-18 12:23:46.947447 INFO::Fitting model to feature number 909, Pipecolic.acid
2024-10-18 12:23:47.025554 INFO::Fitting model to feature number 910, piperine
2024-10-18 12:23:47.082552 INFO::Fitting model to feature number 911, Pro.Asp
2024-10-18 12:23:47.148184 INFO::Fitting model to feature number 912, pro.gly
2024-10-18 12:23:47.214557 INFO::Fitting model to feature number 913, Pro.Ile
2024-10-18 12:23:47.281008 INFO::Fitting model to feature number 914, Proline
2024-10-18 12:23:47.359872 INFO::Fitting model to feature number 915, Pro.Phe
2024-10-18 12:23:47.435978 INFO::Fitting model to feature number 916, Pro.Pro
2024-10-18 12:23:47.502218 INFO::Fitting model to feature number 917, Pro.Ser
2024-10-18 12:23:47.580421 INFO::Fitting model to feature number 918, Pro.Thr
2024-10-18 12:23:47.648974 INFO::Fitting model to feature number 919, Pseudouridine
2024-10-18 12:23:47.725952 INFO::Fitting model to feature number 920, putrescine.1
2024-10-18 12:23:47.797658 INFO::Fitting model to feature number 921, Pyridoxamine
2024-10-18 12:23:47.873165 INFO::Fitting model to feature number 922, pyrrolidine
2024-10-18 12:23:47.950902 INFO::Fitting model to feature number 923, pyruvic.acid...1307
2024-10-18 12:23:48.017762 INFO::Fitting model to feature number 924, quinaldic.acid
2024-10-18 12:23:48.06892 INFO::Fitting model to feature number 925, riboflavin
2024-10-18 12:23:48.153465 INFO::Fitting model to feature number 926, Rosmarinic.acid
2024-10-18 12:23:48.204123 INFO::Fitting model to feature number 927, S.Adenosyl.L.methionine
2024-10-18 12:23:48.251307 INFO::Fitting model to feature number 928, salicylamide
2024-10-18 12:23:48.30427 INFO::Fitting model to feature number 929, SDMA
2024-10-18 12:23:48.358527 INFO::Fitting model to feature number 930, sedoheptulose
2024-10-18 12:23:48.413839 INFO::Fitting model to feature number 931, Ser.Asp
2024-10-18 12:23:48.472708 INFO::Fitting model to feature number 932, serine....1320
2024-10-18 12:23:48.541507 INFO::Fitting model to feature number 933, Ser.Lys
2024-10-18 12:23:48.607225 INFO::Fitting model to feature number 934, ser.pro
2024-10-18 12:23:48.683568 INFO::Fitting model to feature number 935, Ser.Thr
2024-10-18 12:23:48.749536 INFO::Fitting model to feature number 936, Ser.Val
2024-10-18 12:23:48.812091 INFO::Fitting model to feature number 937, SM.22.1.2O.12.0
2024-10-18 12:23:48.870157 INFO::Fitting model to feature number 938, SPERMIDINE
2024-10-18 12:23:48.931406 INFO::Fitting model to feature number 939, Stercobilin
2024-10-18 12:23:49.001265 INFO::Fitting model to feature number 940, sulfochenodeoxycholic.acid
2024-10-18 12:23:49.061377 INFO::Fitting model to feature number 941, sulfolithocholic.acid
2024-10-18 12:23:49.132756 INFO::Fitting model to feature number 942, Tagatose
2024-10-18 12:23:49.2342 INFO::Fitting model to feature number 943, Taurine
2024-10-18 12:23:49.300097 INFO::Fitting model to feature number 944, Taurocholic.acid
2024-10-18 12:23:49.369863 INFO::Fitting model to feature number 945, Tauromuricholic.acid
2024-10-18 12:23:49.448226 INFO::Fitting model to feature number 946, Thiamine
2024-10-18 12:23:49.514227 INFO::Fitting model to feature number 947, Thr.Ala
2024-10-18 12:23:49.592466 INFO::Fitting model to feature number 948, Thr.Asp
2024-10-18 12:23:49.669804 INFO::Fitting model to feature number 949, threonine
2024-10-18 12:23:49.750573 INFO::Fitting model to feature number 950, Thr.His
2024-10-18 12:23:49.827689 INFO::Fitting model to feature number 951, Thr.Ile.Lys
2024-10-18 12:23:49.905497 INFO::Fitting model to feature number 952, Thr.Lys
2024-10-18 12:23:49.976251 INFO::Fitting model to feature number 953, Thr.Ser
2024-10-18 12:23:50.03461 INFO::Fitting model to feature number 954, Thr.Thr
2024-10-18 12:23:50.094352 INFO::Fitting model to feature number 955, Thr.Val
2024-10-18 12:23:50.148046 INFO::Fitting model to feature number 956, Thymidine
2024-10-18 12:23:50.209906 INFO::Fitting model to feature number 957, Thymine
2024-10-18 12:23:50.263409 INFO::Fitting model to feature number 958, TMAO
2024-10-18 12:23:50.354885 INFO::Fitting model to feature number 959, Tomatidine
2024-10-18 12:23:50.420133 INFO::Fitting model to feature number 960, trans.Zeatin
2024-10-18 12:23:50.480459 INFO::Fitting model to feature number 961, Trihydroxycholestanoic.acid
2024-10-18 12:23:50.534182 INFO::Fitting model to feature number 962, TRIMETHYLAMINE
2024-10-18 12:23:50.588072 INFO::Fitting model to feature number 963, Trp.Ser
2024-10-18 12:23:50.657975 INFO::Fitting model to feature number 964, Trp.Val
2024-10-18 12:23:50.729195 INFO::Fitting model to feature number 965, Tryptamine
2024-10-18 12:23:50.801466 INFO::Fitting model to feature number 966, Tryptoline
2024-10-18 12:23:50.884069 INFO::Fitting model to feature number 967, Tryptophan
2024-10-18 12:23:50.96683 INFO::Fitting model to feature number 968, Tyr.Ala
2024-10-18 12:23:51.047943 INFO::Fitting model to feature number 969, tyr.arg
2024-10-18 12:23:51.129287 INFO::Fitting model to feature number 970, Tyr.Asn
2024-10-18 12:23:51.205148 INFO::Fitting model to feature number 971, Tyr.Lys
2024-10-18 12:23:51.283154 INFO::Fitting model to feature number 972, tyrosine.1
2024-10-18 12:23:51.363862 INFO::Fitting model to feature number 973, Tyr.Thr
2024-10-18 12:23:51.441713 INFO::Fitting model to feature number 974, Tyr.Tyr.Tyr
2024-10-18 12:23:51.550822 INFO::Fitting model to feature number 975, Tyr.Val
2024-10-18 12:23:51.602828 INFO::Fitting model to feature number 976, Uracil
2024-10-18 12:23:51.660201 INFO::Fitting model to feature number 977, urea.1
2024-10-18 12:23:51.71038 INFO::Fitting model to feature number 978, uric.acid.1
2024-10-18 12:23:51.760493 INFO::Fitting model to feature number 979, Uridine
2024-10-18 12:23:51.816371 INFO::Fitting model to feature number 980, uridine.5.monophosphate
2024-10-18 12:23:51.875453 INFO::Fitting model to feature number 981, urobilin
2024-10-18 12:23:51.934885 INFO::Fitting model to feature number 982, Urocanic.acid
2024-10-18 12:23:52.004757 INFO::Fitting model to feature number 983, Ursocholic.acid
2024-10-18 12:23:52.068352 INFO::Fitting model to feature number 984, Val.Arg
2024-10-18 12:23:52.140817 INFO::Fitting model to feature number 985, Val.Asp
2024-10-18 12:23:52.227944 INFO::Fitting model to feature number 986, valeryl.carnitine
2024-10-18 12:23:52.297772 INFO::Fitting model to feature number 987, Val.Gly
2024-10-18 12:23:52.364573 INFO::Fitting model to feature number 988, Val.His
2024-10-18 12:23:52.426384 INFO::Fitting model to feature number 989, Valine
2024-10-18 12:23:52.500745 INFO::Fitting model to feature number 990, Val.Met
2024-10-18 12:23:52.593322 INFO::Fitting model to feature number 991, Val.Phe.Lys
2024-10-18 12:23:52.662387 INFO::Fitting model to feature number 992, Val.Pro
2024-10-18 12:23:52.719927 INFO::Fitting model to feature number 993, Val.Ser
2024-10-18 12:23:52.774057 INFO::Fitting model to feature number 994, Val.Thr
2024-10-18 12:23:52.837455 INFO::Fitting model to feature number 995, Val.Tyr
2024-10-18 12:23:52.883085 INFO::Fitting model to feature number 996, Val.Val
2024-10-18 12:23:52.932582 INFO::Fitting model to feature number 997, Val.Val.Lys
2024-10-18 12:23:52.993385 INFO::Fitting model to feature number 998, xanthine
2024-10-18 12:23:53.043196 INFO::Fitting model to feature number 999, Xanthosine
2024-10-18 12:23:53.091174 INFO::Fitting model to feature number 1000, Xanthurenic.acid
2024-10-18 12:23:53.357795 INFO::Counting total values for each feature
2024-10-18 12:23:53.50241 INFO::Writing filtered data to file /home/julianne/Documents/biogeography/Humanized-Biogeography-Analysis/melonnpan/SPF_Gavage/Mets-SeqRunSexSite_General-1-MsID//features/filtered_data.tsv
2024-10-18 12:23:53.573566 INFO::Writing filtered, normalized data to file /home/julianne/Documents/biogeography/Humanized-Biogeography-Analysis/melonnpan/SPF_Gavage/Mets-SeqRunSexSite_General-1-MsID//features/filtered_data_norm.tsv
2024-10-18 12:23:53.645775 INFO::Writing filtered, normalized, transformed data to file /home/julianne/Documents/biogeography/Humanized-Biogeography-Analysis/melonnpan/SPF_Gavage/Mets-SeqRunSexSite_General-1-MsID//features/filtered_data_norm_transformed.tsv
2024-10-18 12:23:53.716882 WARNING::Deleting existing residuals file: /home/julianne/Documents/biogeography/Humanized-Biogeography-Analysis/melonnpan/SPF_Gavage/Mets-SeqRunSexSite_General-1-MsID//fits/residuals.rds
2024-10-18 12:23:53.718799 INFO::Writing residuals to file /home/julianne/Documents/biogeography/Humanized-Biogeography-Analysis/melonnpan/SPF_Gavage/Mets-SeqRunSexSite_General-1-MsID//fits/residuals.rds
2024-10-18 12:23:53.765267 WARNING::Deleting existing fitted file: /home/julianne/Documents/biogeography/Humanized-Biogeography-Analysis/melonnpan/SPF_Gavage/Mets-SeqRunSexSite_General-1-MsID//fits/fitted.rds
2024-10-18 12:23:53.771963 INFO::Writing fitted values to file /home/julianne/Documents/biogeography/Humanized-Biogeography-Analysis/melonnpan/SPF_Gavage/Mets-SeqRunSexSite_General-1-MsID//fits/fitted.rds
2024-10-18 12:23:53.797467 WARNING::Deleting existing ranef file: /home/julianne/Documents/biogeography/Humanized-Biogeography-Analysis/melonnpan/SPF_Gavage/Mets-SeqRunSexSite_General-1-MsID//fits/ranef.rds
2024-10-18 12:23:53.799851 INFO::Writing extracted random effects to file /home/julianne/Documents/biogeography/Humanized-Biogeography-Analysis/melonnpan/SPF_Gavage/Mets-SeqRunSexSite_General-1-MsID//fits/ranef.rds
2024-10-18 12:23:53.806059 INFO::Writing all results to file (ordered by increasing q-values): /home/julianne/Documents/biogeography/Humanized-Biogeography-Analysis/melonnpan/SPF_Gavage/Mets-SeqRunSexSite_General-1-MsID//all_results.tsv
2024-10-18 12:23:53.836405 INFO::Writing the significant results (those which are less than or equal to the threshold of 0.250000 ) to file (ordered by increasing q-values): /home/julianne/Documents/biogeography/Humanized-Biogeography-Analysis/melonnpan/SPF_Gavage/Mets-SeqRunSexSite_General-1-MsID//significant_results.tsv
