2024-04-28 14:46:48 INFO::Writing function arguments to log file
2024-04-28 14:46:48 DEBUG::Function arguments
2024-04-28 14:46:48 DEBUG::Output folder: Donors-Analysis/differential_GBM_type/GBM-LumRef-CLR-Colon-ComBat-SeqRunSexSiteType-1-MsID
2024-04-28 14:46:48 DEBUG::Min Abundance: 0.000000
2024-04-28 14:46:48 DEBUG::Min Prevalence: 0.100000
2024-04-28 14:46:48 DEBUG::Normalization: CLR
2024-04-28 14:46:48 DEBUG::Transform: NONE
2024-04-28 14:46:48 DEBUG::Analysis method: LM
2024-04-28 14:46:48 DEBUG::Max significance: 0.250000
2024-04-28 14:46:48 DEBUG::Random effects: MouseID
2024-04-28 14:46:48 DEBUG::Fixed effects: Sequencing_Run,Sex,Site,Type
2024-04-28 14:46:48 DEBUG::Correction method: BH
2024-04-28 14:46:48 DEBUG::Standardize: TRUE
2024-04-28 14:46:48 DEBUG::Cores: 1
2024-04-28 14:46:48 INFO::Verifying options selected are valid
2024-04-28 14:46:48 INFO::Determining format of input files
2024-04-28 14:46:48 INFO::Input format is data samples as columns and metadata samples as rows
2024-04-28 14:46:48 DEBUG::Transformed data so samples are rows
2024-04-28 14:46:48 DEBUG::A total of 261 samples were found in both the data and metadata
2024-04-28 14:46:48 DEBUG::Reordering data/metadata to use same sample ordering
2024-04-28 14:46:48 INFO::Formula for random effects: expr ~ (1 | MouseID)
2024-04-28 14:46:48 INFO::Formula for fixed effects: expr ~  Sequencing_Run + Sex + Site + Type
2024-04-28 14:46:48 INFO::Filter data based on min abundance and min prevalence
2024-04-28 14:46:48 INFO::Total samples in data: 261
2024-04-28 14:46:48 INFO::Min samples required with min abundance for a feature not to be filtered: 26.100000
2024-04-28 14:46:48 INFO::Total filtered features: 3
2024-04-28 14:46:48 INFO::Filtered feature names from abundance and prevalence filtering: MGB016, MGB004, MGB025
2024-04-28 14:46:48 INFO::Total filtered features with variance filtering: 0
2024-04-28 14:46:48 INFO::Filtered feature names from variance filtering:
2024-04-28 14:46:48 INFO::Running selected normalization method: CLR
2024-04-28 14:46:48 INFO::Applying z-score to standardize continuous metadata
2024-04-28 14:46:48 INFO::Running selected transform method: NONE
2024-04-28 14:46:48 INFO::Running selected analysis method: LM
2024-04-28 14:46:48 INFO::Fitting model to feature number 1, MGB015
2024-04-28 14:46:48 INFO::Fitting model to feature number 2, MGB037
2024-04-28 14:46:48 INFO::Fitting model to feature number 3, MGB038
2024-04-28 14:46:48 INFO::Fitting model to feature number 4, MGB039
2024-04-28 14:46:48 INFO::Fitting model to feature number 5, MGB033
2024-04-28 14:46:48 INFO::Fitting model to feature number 6, MGB055
2024-04-28 14:46:48 INFO::Fitting model to feature number 7, MGB034
2024-04-28 14:46:48 INFO::Fitting model to feature number 8, MGB056
2024-04-28 14:46:48 INFO::Fitting model to feature number 9, MGB035
2024-04-28 14:46:49 INFO::Fitting model to feature number 10, MGB036
2024-04-28 14:46:49 INFO::Fitting model to feature number 11, MGB051
2024-04-28 14:46:49 INFO::Fitting model to feature number 12, MGB052
2024-04-28 14:46:49 INFO::Fitting model to feature number 13, MGB031
2024-04-28 14:46:49 INFO::Fitting model to feature number 14, MGB053
2024-04-28 14:46:49 INFO::Fitting model to feature number 15, MGB010
2024-04-28 14:46:49 INFO::Fitting model to feature number 16, MGB032
2024-04-28 14:46:49 INFO::Fitting model to feature number 17, MGB054
2024-04-28 14:46:49 INFO::Fitting model to feature number 18, MGB050
2024-04-28 14:46:49 INFO::Fitting model to feature number 19, MGB019
2024-04-28 14:46:49 INFO::Fitting model to feature number 20, MGB048
2024-04-28 14:46:49 INFO::Fitting model to feature number 21, MGB026
2024-04-28 14:46:49 INFO::Fitting model to feature number 22, MGB005
2024-04-28 14:46:49 INFO::Fitting model to feature number 23, MGB027
2024-04-28 14:46:49 INFO::Fitting model to feature number 24, MGB049
2024-04-28 14:46:49 INFO::Fitting model to feature number 25, MGB006
2024-04-28 14:46:49 INFO::Fitting model to feature number 26, MGB028
2024-04-28 14:46:50 INFO::Fitting model to feature number 27, MGB007
2024-04-28 14:46:50 INFO::Fitting model to feature number 28, MGB029
2024-04-28 14:46:50 INFO::Fitting model to feature number 29, MGB022
2024-04-28 14:46:50 INFO::Fitting model to feature number 30, MGB044
2024-04-28 14:46:50 INFO::Fitting model to feature number 31, MGB023
2024-04-28 14:46:50 INFO::Fitting model to feature number 32, MGB045
2024-04-28 14:46:50 INFO::Fitting model to feature number 33, MGB024
2024-04-28 14:46:50 INFO::Fitting model to feature number 34, MGB047
2024-04-28 14:46:50 INFO::Fitting model to feature number 35, MGB040
2024-04-28 14:46:50 INFO::Fitting model to feature number 36, MGB041
2024-04-28 14:46:50 INFO::Fitting model to feature number 37, MGB020
2024-04-28 14:46:50 INFO::Fitting model to feature number 38, MGB021
2024-04-28 14:46:50 INFO::Fitting model to feature number 39, MGB043
2024-04-28 14:46:50 INFO::Fitting model to feature number 40, MGB009
2024-04-28 14:46:50 INFO::Counting total values for each feature
2024-04-28 14:46:50 INFO::Writing residuals to file Donors-Analysis/differential_GBM_type/GBM-LumRef-CLR-Colon-ComBat-SeqRunSexSiteType-1-MsID/residuals.rds
2024-04-28 14:46:50 INFO::Writing fitted values to file Donors-Analysis/differential_GBM_type/GBM-LumRef-CLR-Colon-ComBat-SeqRunSexSiteType-1-MsID/fitted.rds
2024-04-28 14:46:50 INFO::Writing extracted random effects to file Donors-Analysis/differential_GBM_type/GBM-LumRef-CLR-Colon-ComBat-SeqRunSexSiteType-1-MsID/ranef.rds
2024-04-28 14:46:50 INFO::Writing all results to file (ordered by increasing q-values): Donors-Analysis/differential_GBM_type/GBM-LumRef-CLR-Colon-ComBat-SeqRunSexSiteType-1-MsID/all_results.tsv
2024-04-28 14:46:50 INFO::Writing the significant results (those which are less than or equal to the threshold of 0.250000 ) to file (ordered by increasing q-values): Donors-Analysis/differential_GBM_type/GBM-LumRef-CLR-Colon-ComBat-SeqRunSexSiteType-1-MsID/significant_results.tsv
