2022-06-29 09:01:28 INFO::Writing function arguments to log file
2022-06-29 09:01:28 DEBUG::Function arguments
2022-06-29 09:01:28 DEBUG::Output folder: GMM_CecRef-CLR-MucCol-ComBat-SeqRunLineSexSite-1-MsID
2022-06-29 09:01:28 DEBUG::Min Abundance: 0.000000
2022-06-29 09:01:28 DEBUG::Min Prevalence: 0.100000
2022-06-29 09:01:28 DEBUG::Normalization: CLR
2022-06-29 09:01:28 DEBUG::Transform: NONE
2022-06-29 09:01:28 DEBUG::Analysis method: LM
2022-06-29 09:01:28 DEBUG::Max significance: 0.250000
2022-06-29 09:01:28 DEBUG::Random effects: MouseID_Line
2022-06-29 09:01:28 DEBUG::Fixed effects: Sequencing_Run,Line,Sex,Site
2022-06-29 09:01:28 DEBUG::Correction method: BH
2022-06-29 09:01:28 DEBUG::Standardize: TRUE
2022-06-29 09:01:28 DEBUG::Cores: 1
2022-06-29 09:01:28 INFO::Verifying options selected are valid
2022-06-29 09:01:28 INFO::Determining format of input files
2022-06-29 09:01:28 INFO::Input format is data samples as columns and metadata samples as rows
2022-06-29 09:01:28 DEBUG::Transformed data so samples are rows
2022-06-29 09:01:28 DEBUG::A total of 138 samples were found in both the data and metadata
2022-06-29 09:01:28 DEBUG::Reordering data/metadata to use same sample ordering
2022-06-29 09:01:28 INFO::Formula for random effects: expr ~ (1 | MouseID_Line)
2022-06-29 09:01:28 INFO::Formula for fixed effects: expr ~  Sequencing_Run + Line + Sex + Site
2022-06-29 09:01:28 INFO::Running selected normalization method: CLR
2022-06-29 09:01:28 INFO::Filter data based on min abundance and min prevalence
2022-06-29 09:01:28 INFO::Total samples in data: 138
2022-06-29 09:01:28 INFO::Min samples required with min abundance for a feature not to be filtered: 13.800000
2022-06-29 09:01:28 INFO::Total filtered features: 13
2022-06-29 09:01:28 INFO::Filtered feature names: MF0062, MF0027, MF0102, MF0030, MF0039, MF0037, MF0083, MF0080, MF0043, MF0093, MF0056, MF0057, MF0098
2022-06-29 09:01:28 INFO::Applying z-score to standardize continuous metadata
2022-06-29 09:01:28 INFO::Running selected transform method: NONE
2022-06-29 09:01:28 INFO::Running selected analysis method: LM
2022-06-29 09:01:28 INFO::Fitting model to feature number 1, MF0063
2022-06-29 09:01:28 INFO::Fitting model to feature number 2, MF0020
2022-06-29 09:01:28 INFO::Fitting model to feature number 3, MF0061
2022-06-29 09:01:28 INFO::Fitting model to feature number 4, MF0060
2022-06-29 09:01:28 INFO::Fitting model to feature number 5, MF0028
2022-06-29 09:01:29 INFO::Fitting model to feature number 6, MF0025
2022-06-29 09:01:29 INFO::Fitting model to feature number 7, MF0069
2022-06-29 09:01:29 INFO::Fitting model to feature number 8, MF0026
2022-06-29 09:01:29 INFO::Fitting model to feature number 9, MF0103
2022-06-29 09:01:29 INFO::Fitting model to feature number 10, MF0067
2022-06-29 09:01:29 INFO::Fitting model to feature number 11, MF0024
2022-06-29 09:01:29 INFO::Fitting model to feature number 12, MF0068
2022-06-29 09:01:29 INFO::Fitting model to feature number 13, MF0101
2022-06-29 09:01:29 INFO::Fitting model to feature number 14, MF0021
2022-06-29 09:01:29 INFO::Fitting model to feature number 15, MF0065
2022-06-29 09:01:29 INFO::Fitting model to feature number 16, MF0022
2022-06-29 09:01:29 INFO::Fitting model to feature number 17, MF0066
2022-06-29 09:01:29 INFO::Fitting model to feature number 18, MF0018
2022-06-29 09:01:29 INFO::Fitting model to feature number 19, MF0019
2022-06-29 09:01:29 INFO::Fitting model to feature number 20, MF0074
2022-06-29 09:01:29 INFO::Fitting model to feature number 21, MF0031
2022-06-29 09:01:29 INFO::Fitting model to feature number 22, MF0075
2022-06-29 09:01:29 INFO::Fitting model to feature number 23, MF0072
2022-06-29 09:01:29 INFO::Fitting model to feature number 24, MF0073
2022-06-29 09:01:29 INFO::Fitting model to feature number 25, MF0070
2022-06-29 09:01:30 INFO::Fitting model to feature number 26, MF0071
2022-06-29 09:01:30 INFO::Fitting model to feature number 27, MF0038
2022-06-29 09:01:30 INFO::Fitting model to feature number 28, MF0036
2022-06-29 09:01:30 INFO::Fitting model to feature number 29, MF0034
2022-06-29 09:01:30 INFO::Fitting model to feature number 30, MF0078
2022-06-29 09:01:30 INFO::Fitting model to feature number 31, MF0035
2022-06-29 09:01:30 INFO::Fitting model to feature number 32, MF0079
2022-06-29 09:01:30 INFO::Fitting model to feature number 33, MF0032
2022-06-29 09:01:30 INFO::Fitting model to feature number 34, MF0076
2022-06-29 09:01:30 INFO::Fitting model to feature number 35, MF0033
2022-06-29 09:01:30 INFO::Fitting model to feature number 36, MF0077
2022-06-29 09:01:30 INFO::Fitting model to feature number 37, MF0029
2022-06-29 09:01:30 INFO::Fitting model to feature number 38, MF0041
2022-06-29 09:01:30 INFO::Fitting model to feature number 39, MF0085
2022-06-29 09:01:30 INFO::Fitting model to feature number 40, MF0086
2022-06-29 09:01:30 INFO::Fitting model to feature number 41, MF0040
2022-06-29 09:01:30 INFO::Fitting model to feature number 42, MF0084
2022-06-29 09:01:30 INFO::Fitting model to feature number 43, MF0082
2022-06-29 09:01:30 INFO::Fitting model to feature number 44, MF0005
2022-06-29 09:01:30 INFO::Fitting model to feature number 45, MF0049
2022-06-29 09:01:30 INFO::Fitting model to feature number 46, MF0006
2022-06-29 09:01:31 INFO::Fitting model to feature number 47, MF0047
2022-06-29 09:01:31 INFO::Fitting model to feature number 48, MF0004
2022-06-29 09:01:31 INFO::Fitting model to feature number 49, MF0048
2022-06-29 09:01:31 INFO::Fitting model to feature number 50, MF0001
2022-06-29 09:01:31 INFO::Fitting model to feature number 51, MF0045
2022-06-29 09:01:31 INFO::Fitting model to feature number 52, MF0089
2022-06-29 09:01:31 INFO::Fitting model to feature number 53, MF0002
2022-06-29 09:01:31 INFO::Fitting model to feature number 54, MF0046
2022-06-29 09:01:31 INFO::Fitting model to feature number 55, MF0087
2022-06-29 09:01:31 INFO::Fitting model to feature number 56, MF0044
2022-06-29 09:01:31 INFO::Fitting model to feature number 57, MF0088
2022-06-29 09:01:31 INFO::Fitting model to feature number 58, MF0052
2022-06-29 09:01:31 INFO::Fitting model to feature number 59, MF0096
2022-06-29 09:01:31 INFO::Fitting model to feature number 60, MF0097
2022-06-29 09:01:31 INFO::Fitting model to feature number 61, MF0050
2022-06-29 09:01:31 INFO::Fitting model to feature number 62, MF0094
2022-06-29 09:01:31 INFO::Fitting model to feature number 63, MF0051
2022-06-29 09:01:31 INFO::Fitting model to feature number 64, MF0095
2022-06-29 09:01:31 INFO::Fitting model to feature number 65, MF0092
2022-06-29 09:01:31 INFO::Fitting model to feature number 66, MF0090
2022-06-29 09:01:32 INFO::Fitting model to feature number 67, MF0016
2022-06-29 09:01:32 INFO::Fitting model to feature number 68, MF0017
2022-06-29 09:01:32 INFO::Fitting model to feature number 69, MF0014
2022-06-29 09:01:32 INFO::Fitting model to feature number 70, MF0058
2022-06-29 09:01:32 INFO::Fitting model to feature number 71, MF0015
2022-06-29 09:01:32 INFO::Fitting model to feature number 72, MF0059
2022-06-29 09:01:32 INFO::Fitting model to feature number 73, MF0012
2022-06-29 09:01:32 INFO::Fitting model to feature number 74, MF0013
2022-06-29 09:01:32 INFO::Fitting model to feature number 75, MF0010
2022-06-29 09:01:32 INFO::Fitting model to feature number 76, MF0054
2022-06-29 09:01:32 INFO::Fitting model to feature number 77, MF0011
2022-06-29 09:01:32 INFO::Fitting model to feature number 78, MF0055
2022-06-29 09:01:32 INFO::Fitting model to feature number 79, MF0009
2022-06-29 09:01:32 INFO::Fitting model to feature number 80, MF0007
2022-06-29 09:01:32 INFO::Fitting model to feature number 81, MF0008
2022-06-29 09:01:32 INFO::Counting total values for each feature
2022-06-29 09:01:32 INFO::Writing residuals to file GMM_CecRef-CLR-MucCol-ComBat-SeqRunLineSexSite-1-MsID/residuals.rds
2022-06-29 09:01:32 INFO::Writing all results to file (ordered by increasing q-values): GMM_CecRef-CLR-MucCol-ComBat-SeqRunLineSexSite-1-MsID/all_results.tsv
2022-06-29 09:01:32 INFO::Writing the significant results (those which are less than or equal to the threshold of 0.250000 ) to file (ordered by increasing q-values): GMM_CecRef-CLR-MucCol-ComBat-SeqRunLineSexSite-1-MsID/significant_results.tsv
