2024-10-18 12:23:54.104754 INFO::Writing function arguments to log file
2024-10-18 12:23:54.106563 DEBUG::Function arguments
2024-10-18 12:23:54.107269 DEBUG::Output folder: /home/julianne/Documents/biogeography/CS_SPF/melonnpan/Mets-SeqRunSexSite_General-1-MsID/
2024-10-18 12:23:54.107928 DEBUG::Min Abundance: 0.000000
2024-10-18 12:23:54.108623 DEBUG::Min Prevalence: 0.150000
2024-10-18 12:23:54.109325 DEBUG::Normalization: NONE
2024-10-18 12:23:54.1101 DEBUG::Transform: LOG
2024-10-18 12:23:54.110727 DEBUG::Analysis method: LM
2024-10-18 12:23:54.11136 DEBUG::Max significance: 0.250000
2024-10-18 12:23:54.111951 DEBUG::Random effects: MouseID
2024-10-18 12:23:54.112572 DEBUG::Fixed effects: Sequencing_Run,Sex,Site_General
2024-10-18 12:23:54.113214 DEBUG::Correction method: BH
2024-10-18 12:23:54.11388 DEBUG::Standardize: TRUE
2024-10-18 12:23:54.114564 DEBUG::Cores: 1
2024-10-18 12:23:54.115154 INFO::Verifying options selected are valid
2024-10-18 12:23:54.117152 INFO::Determining format of input files
2024-10-18 12:23:54.119117 INFO::Input format is data samples as columns and metadata samples as rows
2024-10-18 12:23:54.127047 DEBUG::Transformed data so samples are rows
2024-10-18 12:23:54.130108 DEBUG::A total of 60 samples were found in both the data and metadata
2024-10-18 12:23:54.130852 DEBUG::Reordering data/metadata to use same sample ordering
2024-10-18 12:23:54.145204 INFO::Formula for random effects: expr ~ (1 | MouseID)
2024-10-18 12:23:54.147163 INFO::Formula for fixed effects: expr ~  Sequencing_Run + Sex + Site_General
2024-10-18 12:23:54.149015 INFO::Factor detected for categorial metadata 'Sequencing_Run'. Provide a reference argument or manually set factor ordering to change reference level.
2024-10-18 12:23:54.150816 INFO::Factor detected for categorial metadata 'Sex'. Provide a reference argument or manually set factor ordering to change reference level.
2024-10-18 12:23:54.152583 INFO::Factor detected for categorial metadata 'Site_General'. Provide a reference argument or manually set factor ordering to change reference level.
2024-10-18 12:23:54.154331 INFO::Filter data based on min abundance and min prevalence
2024-10-18 12:23:54.156141 INFO::Total samples in data: 60
2024-10-18 12:23:54.157914 INFO::Min samples required with min abundance for a feature not to be filtered: 9.000000
2024-10-18 12:23:54.178358 INFO::Total filtered features: 0
2024-10-18 12:23:54.180476 INFO::Filtered feature names from abundance and prevalence filtering:
2024-10-18 12:23:54.200575 INFO::Total filtered features with variance filtering: 7
2024-10-18 12:23:54.201993 INFO::Filtered feature names from variance filtering: X13.HpOTrE, DG.16.0_16.1, isoleucine, beta.sitosterol, X7.Diethylamino.4.methylcoumarin, histidinol, tryptophan.betaine
2024-10-18 12:23:54.203323 INFO::Running selected normalization method: NONE
2024-10-18 12:23:54.204897 INFO::Applying z-score to standardize continuous metadata
2024-10-18 12:23:54.211531 INFO::Running selected transform method: LOG
2024-10-18 12:23:54.241058 INFO::Running selected analysis method: LM
2024-10-18 12:23:54.243821 INFO::Fitting model to feature number 1, X13.KODE
2024-10-18 12:23:54.296389 INFO::Fitting model to feature number 2, X3.hydroxymyristic.acid
2024-10-18 12:23:54.348423 INFO::Fitting model to feature number 3, X4.HDoHE
2024-10-18 12:23:54.400537 INFO::Fitting model to feature number 4, CAR.14.1
2024-10-18 12:23:54.453664 INFO::Fitting model to feature number 5, CAR.16.0
2024-10-18 12:23:54.506176 INFO::Fitting model to feature number 6, CAR.18.0.Isomer.A
2024-10-18 12:23:54.581081 INFO::Fitting model to feature number 7, CAR.18.2.Isomer.B
2024-10-18 12:23:54.657129 INFO::Fitting model to feature number 8, Cer.16.0.2O_23.0
2024-10-18 12:23:54.735768 INFO::Fitting model to feature number 9, Cer.17.0.3O.24.0..2OH.
2024-10-18 12:23:54.812659 INFO::Fitting model to feature number 10, Cer.17.1.2O.24.1
2024-10-18 12:23:54.957818 INFO::Fitting model to feature number 11, Cer.18.0.2O.16.0
2024-10-18 12:23:55.04018 INFO::Fitting model to feature number 12, Cer.18.0.2O_20.0
2024-10-18 12:23:55.119272 INFO::Fitting model to feature number 13, Cer.18.1.2O.23.0..2OH.
2024-10-18 12:23:55.179983 INFO::Fitting model to feature number 14, Cer.18.1.2O_22.0..2OH.
2024-10-18 12:23:55.249149 INFO::Fitting model to feature number 15, Cer.18.1.3O.25.0
2024-10-18 12:23:55.327125 INFO::Fitting model to feature number 16, Cer.18.2.2O.22.0
2024-10-18 12:23:55.391429 INFO::Fitting model to feature number 17, Cer.18.2.2O.24.1
2024-10-18 12:23:55.462397 INFO::Fitting model to feature number 18, Cer.19.1.2O.24.1
2024-10-18 12:23:55.528947 INFO::Fitting model to feature number 19, Cer.20.0.2O.26.0
2024-10-18 12:23:55.612685 INFO::Fitting model to feature number 20, Cer.31.2.O3.Cer.18.1.O2.13.1.O
2024-10-18 12:23:55.683318 INFO::Fitting model to feature number 21, Cer.33.0.O3.Cer.17.0.O2.16.0.3OH.
2024-10-18 12:23:55.742412 INFO::Fitting model to feature number 22, Cer.33.0.O3.Cer.17.0.O2.16.0.O
2024-10-18 12:23:55.820081 INFO::Fitting model to feature number 23, Cer.33.1.O2.Cer.17.1.O2.16.0
2024-10-18 12:23:55.897615 INFO::Fitting model to feature number 24, Cer.34.0.O3.Cer.17.0.O2.17.0.3OH.
2024-10-18 12:23:55.953303 INFO::Fitting model to feature number 25, Cer.34.1.O2.Cer.18.1.O2.16.0
2024-10-18 12:23:56.013736 INFO::Fitting model to feature number 26, Cer.34.1.O3.Cer.18.1.O2.16.0.O
2024-10-18 12:23:56.116416 INFO::Fitting model to feature number 27, Cer.34.2.O3.Cer.17.0.O2.17.2.3OH.
2024-10-18 12:23:56.162645 INFO::Fitting model to feature number 28, Cer.35.0.O3.Cer.18.0.O2.17.0.3OH.
2024-10-18 12:23:56.225449 INFO::Fitting model to feature number 29, Cer.35.0.O3.Cer.18.0.O2.17.0.O
2024-10-18 12:23:56.28264 INFO::Fitting model to feature number 30, Cer.35.1.O3.Cer.18.0.O2.17.1.3OH.
2024-10-18 12:23:56.340204 INFO::Fitting model to feature number 31, Cer.35.1.O3.Cer.19.0.O2.16.1.O
2024-10-18 12:23:56.410334 INFO::Fitting model to feature number 32, Cer.36.0.O3.Cer.19.0.O2.17.0.3OH.
2024-10-18 12:23:56.482316 INFO::Fitting model to feature number 33, Cer.36.0.O3.Cer.19.0.O2.17.0.O
2024-10-18 12:23:56.557128 INFO::Fitting model to feature number 34, Cer.36.0.O4.Cer.18.0.O3.18.0.2OH.
2024-10-18 12:23:56.632508 INFO::Fitting model to feature number 35, Cer.36.1.O2.Cer.18.0.O2.18.1
2024-10-18 12:23:56.703209 INFO::Fitting model to feature number 36, Cer.36.1.O3.Cer.18.0.O2.18.1.O
2024-10-18 12:23:56.777946 INFO::Fitting model to feature number 37, Cer.36.1.O3.Cer.18.1.O2.18.0.O
2024-10-18 12:23:56.85103 INFO::Fitting model to feature number 38, Cer.36.2.O2.Cer.18.1.O2.18.1
2024-10-18 12:23:56.921931 INFO::Fitting model to feature number 39, Cer.36.3.O2.Cer.18.1.O2.18.2
2024-10-18 12:23:56.989258 INFO::Fitting model to feature number 40, Cer.38.0.O2.Cer.20.0.O2.18.0
2024-10-18 12:23:57.060355 INFO::Fitting model to feature number 41, Cer.38.0.O3.Cer.20.0.O2.18.0.O
2024-10-18 12:23:57.122569 INFO::Fitting model to feature number 42, Cer.38.0.O4.Cer.18.0.O3.20.0.2OH.
2024-10-18 12:23:57.223902 INFO::Fitting model to feature number 43, Cer.38.2.O2.Cer.18.1.O2.20.1
2024-10-18 12:23:57.290543 INFO::Fitting model to feature number 44, Cer.38.3.O3.Cer.18.1.O2.20.2.O
2024-10-18 12:23:57.349492 INFO::Fitting model to feature number 45, Cer.38.3.O4.Cer.24.2.O3.14.1.2OH.
2024-10-18 12:23:57.415891 INFO::Fitting model to feature number 46, Cer.38.5.O3.Cer.18.1.O2.20.4.O
2024-10-18 12:23:57.474222 INFO::Fitting model to feature number 47, Cer.39.1.O2.Cer.18.1.O2.21.0
2024-10-18 12:23:57.54017 INFO::Fitting model to feature number 48, Cer.40.0.O3.Cer.18.0.O2.22.0.O
2024-10-18 12:23:57.608183 INFO::Fitting model to feature number 49, Cer.40.2.O2.Cer.18.1.O2.22.1
2024-10-18 12:23:57.673423 INFO::Fitting model to feature number 50, Cer.41.0.O2.Cer.18.0.O2.23.0
2024-10-18 12:23:57.734044 INFO::Fitting model to feature number 51, Cer.41.0.O4.Cer.18.0.O3.23.0.2OH.
2024-10-18 12:23:57.7965 INFO::Fitting model to feature number 52, Cer.41.1.O2.Cer.17.1.O2.24.0
2024-10-18 12:23:57.865179 INFO::Fitting model to feature number 53, Cer.41.1.O3.Cer.21.0.O2.20.1.O
2024-10-18 12:23:57.929946 INFO::Fitting model to feature number 54, Cer.41.2.3O.Cer.22.2.O2.19.0.O
2024-10-18 12:23:58.000574 INFO::Fitting model to feature number 55, Cer.41.3.3O.Cer.22.1.O2.19.2.O
2024-10-18 12:23:58.069962 INFO::Fitting model to feature number 56, Cer.42.0.O3.Cer.18.0.O2.24.0.2OH.
2024-10-18 12:23:58.132025 INFO::Fitting model to feature number 57, Cer.42.0.O3.Cer.18.0.O2.24.0.O
2024-10-18 12:23:58.196664 INFO::Fitting model to feature number 58, Cer.42.0.O3.Cer.18.0.O3.24.0
2024-10-18 12:23:58.295547 INFO::Fitting model to feature number 59, Cer.42.0.O3.Cer.20.0.O2.22.0.O
2024-10-18 12:23:58.355305 INFO::Fitting model to feature number 60, Cer.42.1.O3.Cer.18.1.O2.24.0.2OH.
2024-10-18 12:23:58.417173 INFO::Fitting model to feature number 61, Cer.42.1.O3.Cer.20.1.O2.22.0.O
2024-10-18 12:23:58.481134 INFO::Fitting model to feature number 62, Cer.42.1.O4.Cer.18.0.O3.24.1.2OH.
2024-10-18 12:23:58.545512 INFO::Fitting model to feature number 63, Cer.42.2.O2.Cer.18.1.O2.24.1
2024-10-18 12:23:58.621707 INFO::Fitting model to feature number 64, Cer.42.2.O4.Cer.18.1.O3.24.1.2OH.
2024-10-18 12:23:58.696233 INFO::Fitting model to feature number 65, Cer.42.3.O2.Cer.22.0.O2.20.3
2024-10-18 12:23:58.766361 INFO::Fitting model to feature number 66, Cer.43.0.O2.Cer.17.0.O2.26.0
2024-10-18 12:23:58.838433 INFO::Fitting model to feature number 67, Cer.43.0.O4.Cer.18.0.O3.25.0.2OH.
2024-10-18 12:23:58.903604 INFO::Fitting model to feature number 68, Cer.43.1.O2.Cer.17.1.O2.26.0
2024-10-18 12:23:58.95823 INFO::Fitting model to feature number 69, Cer.43.3.O3.Cer.22.2.O2.21.1.O
2024-10-18 12:23:59.026622 INFO::Fitting model to feature number 70, Cer.44.0.O3.Cer.20.0.O2.24.0.O
2024-10-18 12:23:59.095799 INFO::Fitting model to feature number 71, Cer.44.1.O3.Cer.20.1.O2.24.0.2OH.
2024-10-18 12:23:59.163563 INFO::Fitting model to feature number 72, Cer.46.1.O2.Cer.20.1.O2.26.0
2024-10-18 12:23:59.217326 INFO::Fitting model to feature number 73, Cer.46.1.O3.Cer.20.1.O2.26.0.2OH.
2024-10-18 12:23:59.268724 INFO::Fitting model to feature number 74, Cer.46.4.O2.Cer.18.1.O2.28.3
2024-10-18 12:23:59.351905 INFO::Fitting model to feature number 75, Cer.50.1.O4.Cer.18.0.O2.17.0.3OH..FA.15.0.
2024-10-18 12:23:59.400096 INFO::Fitting model to feature number 76, Cer.50.1.O4.Cer.35.0.O3.FA.15.0.
2024-10-18 12:23:59.454073 INFO::Fitting model to feature number 77, Cer.52.2.O3.Cer.18.1.O2.34.1.O
2024-10-18 12:23:59.511631 INFO::Fitting model to feature number 78, Cer.d31.2
2024-10-18 12:23:59.571719 INFO::Fitting model to feature number 79, Cer.d32.1
2024-10-18 12:23:59.635175 INFO::Fitting model to feature number 80, Cer.d33.1
2024-10-18 12:23:59.70366 INFO::Fitting model to feature number 81, Cer.d34.0
2024-10-18 12:23:59.760026 INFO::Fitting model to feature number 82, Cer.d34.1
2024-10-18 12:23:59.809474 INFO::Fitting model to feature number 83, Cer.d34.2.Isomer.A
2024-10-18 12:23:59.868165 INFO::Fitting model to feature number 84, Cer.d34.2.Isomer.B
2024-10-18 12:23:59.931279 INFO::Fitting model to feature number 85, Cer.d35.1
2024-10-18 12:24:00.011957 INFO::Fitting model to feature number 86, Cer.d36.1
2024-10-18 12:24:00.077639 INFO::Fitting model to feature number 87, Cer.d36.2
2024-10-18 12:24:00.136849 INFO::Fitting model to feature number 88, Cer.d37.1
2024-10-18 12:24:00.198047 INFO::Fitting model to feature number 89, Cer.d38.1
2024-10-18 12:24:00.257762 INFO::Fitting model to feature number 90, Cer.d39.1
2024-10-18 12:24:00.372859 INFO::Fitting model to feature number 91, Cer.d40.0
2024-10-18 12:24:00.44277 INFO::Fitting model to feature number 92, Cer.d40.1
2024-10-18 12:24:00.49234 INFO::Fitting model to feature number 93, Cer.d40.2
2024-10-18 12:24:00.564069 INFO::Fitting model to feature number 94, Cer.d41.1
2024-10-18 12:24:00.643921 INFO::Fitting model to feature number 95, Cer.d41.2
2024-10-18 12:24:00.716302 INFO::Fitting model to feature number 96, Cer.d42.0
2024-10-18 12:24:00.792366 INFO::Fitting model to feature number 97, Cer.d42.1
2024-10-18 12:24:00.849104 INFO::Fitting model to feature number 98, Cer.d42.2.Isomer.A
2024-10-18 12:24:00.911661 INFO::Fitting model to feature number 99, Cer.d42.2.Isomer.B
2024-10-18 12:24:00.959935 INFO::Fitting model to feature number 100, Cer.d42.3
2024-10-18 12:24:01.022834 INFO::Fitting model to feature number 101, Cer.d43.1
2024-10-18 12:24:01.088592 INFO::Fitting model to feature number 102, Cer.d43.2
2024-10-18 12:24:01.156733 INFO::Fitting model to feature number 103, Cer.d44.2
2024-10-18 12:24:01.221509 INFO::Fitting model to feature number 104, Cer.ADS.d34.0
2024-10-18 12:24:01.285923 INFO::Fitting model to feature number 105, Cer.ADS.d40.0
2024-10-18 12:24:01.359367 INFO::Fitting model to feature number 106, Cer.AS.d34.1
2024-10-18 12:24:01.446435 INFO::Fitting model to feature number 107, Cer.NDS.d36.0
2024-10-18 12:24:01.510603 INFO::Fitting model to feature number 108, Cer.NDS.d39.0
2024-10-18 12:24:01.576908 INFO::Fitting model to feature number 109, Cer.NDS.d40.0
2024-10-18 12:24:01.643871 INFO::Fitting model to feature number 110, Cer.NDS.d41.0
2024-10-18 12:24:01.709774 INFO::Fitting model to feature number 111, Cer.NP.t40.0
2024-10-18 12:24:01.773216 INFO::Fitting model to feature number 112, Cer.NP.t42.0
2024-10-18 12:24:01.831913 INFO::Fitting model to feature number 113, Cer.NP.t42.1
2024-10-18 12:24:01.893965 INFO::Fitting model to feature number 114, Cholesterol
2024-10-18 12:24:01.955989 INFO::Fitting model to feature number 115, cholesterol.3.sulfate....125
2024-10-18 12:24:02.030607 INFO::Fitting model to feature number 116, DG.34.0
2024-10-18 12:24:02.093092 INFO::Fitting model to feature number 117, DG.36.0
2024-10-18 12:24:02.167964 INFO::Fitting model to feature number 118, DG.36.2
2024-10-18 12:24:02.242791 INFO::Fitting model to feature number 119, DGDG.34.2.DGDG.16.0_18.2
2024-10-18 12:24:02.307292 INFO::Fitting model to feature number 120, DGDG.36.3.DGDG.18.1_18.2
2024-10-18 12:24:02.384448 INFO::Fitting model to feature number 121, DGDG.36.4.DGDG.18.2_18.2
2024-10-18 12:24:02.442484 INFO::Fitting model to feature number 122, FA.10.0..capric.acid.
2024-10-18 12:24:02.503487 INFO::Fitting model to feature number 123, FA.11.0..undecylic.acid.
2024-10-18 12:24:02.595406 INFO::Fitting model to feature number 124, FA.13.0..tridecylic.acid.
2024-10-18 12:24:02.655262 INFO::Fitting model to feature number 125, FA.15.0..pentadecylic.acid.
2024-10-18 12:24:02.715406 INFO::Fitting model to feature number 126, FA.15.1
2024-10-18 12:24:02.773879 INFO::Fitting model to feature number 127, FA.15.2
2024-10-18 12:24:02.833651 INFO::Fitting model to feature number 128, FA.17.0..margaric.acid.
2024-10-18 12:24:02.89033 INFO::Fitting model to feature number 129, FA.19.0
2024-10-18 12:24:02.962673 INFO::Fitting model to feature number 130, FA.20.0..arachidic.acid.
2024-10-18 12:24:03.033685 INFO::Fitting model to feature number 131, FA.20.1
2024-10-18 12:24:03.107938 INFO::Fitting model to feature number 132, FA.20.3..eicosatrienoic.acid.
2024-10-18 12:24:03.157599 INFO::Fitting model to feature number 133, FA.20.3..homo.gamma.linolenic.acid.
2024-10-18 12:24:03.216837 INFO::Fitting model to feature number 134, FA.20.4..arachidonic.acid.
2024-10-18 12:24:03.270746 INFO::Fitting model to feature number 135, FA.20.5..eicosapentaenoic.acid.
2024-10-18 12:24:03.319968 INFO::Fitting model to feature number 136, FA.21.0
2024-10-18 12:24:03.390718 INFO::Fitting model to feature number 137, FA.21.1
2024-10-18 12:24:03.460064 INFO::Fitting model to feature number 138, FA.22.0
2024-10-18 12:24:03.535476 INFO::Fitting model to feature number 139, FA.22.1..erucic.acid.
2024-10-18 12:24:03.632243 INFO::Fitting model to feature number 140, FA.22.2..docosadienoic.acid.
2024-10-18 12:24:03.68373 INFO::Fitting model to feature number 141, FA.22.4
2024-10-18 12:24:03.754872 INFO::Fitting model to feature number 142, FA.22.5
2024-10-18 12:24:03.827417 INFO::Fitting model to feature number 143, FA.22.6..docosahexaenoic.acid.
2024-10-18 12:24:03.883334 INFO::Fitting model to feature number 144, FA.23.0
2024-10-18 12:24:03.945975 INFO::Fitting model to feature number 145, FA.23.1
2024-10-18 12:24:04.007129 INFO::Fitting model to feature number 146, FA.24.0
2024-10-18 12:24:04.070123 INFO::Fitting model to feature number 147, FA.24.1
2024-10-18 12:24:04.128059 INFO::Fitting model to feature number 148, FA.24.2
2024-10-18 12:24:04.184474 INFO::Fitting model to feature number 149, FA.24.3
2024-10-18 12:24:04.243541 INFO::Fitting model to feature number 150, FA.24.6
2024-10-18 12:24:04.300776 INFO::Fitting model to feature number 151, FA.25.0
2024-10-18 12:24:04.353407 INFO::Fitting model to feature number 152, FA.25.1
2024-10-18 12:24:04.410134 INFO::Fitting model to feature number 153, FA.26.0
2024-10-18 12:24:04.469988 INFO::Fitting model to feature number 154, FA.26.1
2024-10-18 12:24:04.524955 INFO::Fitting model to feature number 155, FA.26.2
2024-10-18 12:24:04.624264 INFO::Fitting model to feature number 156, FA.27.0
2024-10-18 12:24:04.687405 INFO::Fitting model to feature number 157, FA.27.1
2024-10-18 12:24:04.748015 INFO::Fitting model to feature number 158, FA.28.0
2024-10-18 12:24:04.819137 INFO::Fitting model to feature number 159, FA.28.1
2024-10-18 12:24:04.893979 INFO::Fitting model to feature number 160, FA.29.0
2024-10-18 12:24:04.971424 INFO::Fitting model to feature number 161, FA.29.1
2024-10-18 12:24:05.043634 INFO::Fitting model to feature number 162, FA.30.0
2024-10-18 12:24:05.112638 INFO::Fitting model to feature number 163, FA.30.1
2024-10-18 12:24:05.184148 INFO::Fitting model to feature number 164, FA.31.0
2024-10-18 12:24:05.242351 INFO::Fitting model to feature number 165, FA.31.1
2024-10-18 12:24:05.298601 INFO::Fitting model to feature number 166, FA.32.0
2024-10-18 12:24:05.357002 INFO::Fitting model to feature number 167, FA.32.1
2024-10-18 12:24:05.425131 INFO::Fitting model to feature number 168, FA.32.2
2024-10-18 12:24:05.492196 INFO::Fitting model to feature number 169, FA.33.0
2024-10-18 12:24:05.541869 INFO::Fitting model to feature number 170, FA.33.1
2024-10-18 12:24:05.595989 INFO::Fitting model to feature number 171, FA.34.0
2024-10-18 12:24:05.70548 INFO::Fitting model to feature number 172, FA.34.1
2024-10-18 12:24:05.759928 INFO::Fitting model to feature number 173, FA.34.2
2024-10-18 12:24:05.833554 INFO::Fitting model to feature number 174, FA.35.1
2024-10-18 12:24:05.891912 INFO::Fitting model to feature number 175, FA.36.1
2024-10-18 12:24:05.953101 INFO::Fitting model to feature number 176, FA.36.2
2024-10-18 12:24:06.026768 INFO::Fitting model to feature number 177, FA.37.1
2024-10-18 12:24:06.090772 INFO::Fitting model to feature number 178, FA.38.1
2024-10-18 12:24:06.161523 INFO::Fitting model to feature number 179, FA.39.1
2024-10-18 12:24:06.221637 INFO::Fitting model to feature number 180, FA.40.1
2024-10-18 12:24:06.278026 INFO::Fitting model to feature number 181, FA.41.1
2024-10-18 12:24:06.338825 INFO::Fitting model to feature number 182, FA.42.1
2024-10-18 12:24:06.398705 INFO::Fitting model to feature number 183, FAHFA.36.1.O.FAHFA.18.1.18.0.O
2024-10-18 12:24:06.457029 INFO::Fitting model to feature number 184, FAHFA.40.3
2024-10-18 12:24:06.518811 INFO::Fitting model to feature number 185, FAHFA.42.2
2024-10-18 12:24:06.580821 INFO::Fitting model to feature number 186, GalCer.18.1_24.1
2024-10-18 12:24:06.636429 INFO::Fitting model to feature number 187, Gal.Gal.Cer.d18.1.16.0.or.Lactosylceramide.d18.1.16.0
2024-10-18 12:24:06.742817 INFO::Fitting model to feature number 188, GlcCer.d34.1
2024-10-18 12:24:06.816734 INFO::Fitting model to feature number 189, GlcCer.d38.1
2024-10-18 12:24:06.891208 INFO::Fitting model to feature number 190, GlcCer.d40.1
2024-10-18 12:24:06.966935 INFO::Fitting model to feature number 191, GlcCer.d41.1
2024-10-18 12:24:07.021637 INFO::Fitting model to feature number 192, GlcCer.d42.1
2024-10-18 12:24:07.079341 INFO::Fitting model to feature number 193, GlcCer.d42.2
2024-10-18 12:24:07.136386 INFO::Fitting model to feature number 194, GlcCerd14.14E.20.02OH
2024-10-18 12:24:07.193745 INFO::Fitting model to feature number 195, HexCer.34.0.O4.HexCer.18.0.O3.16.0.2OH.
2024-10-18 12:24:07.251559 INFO::Fitting model to feature number 196, HexCer.34.1.O2.HexCer.18.1.O2.16.0
2024-10-18 12:24:07.31267 INFO::Fitting model to feature number 197, HexCer.34.1.O3.HexCer.18.1.O2.16.0.O
2024-10-18 12:24:07.373257 INFO::Fitting model to feature number 198, HexCer.36.2.O2.HexCer.18.1.O2.18.1
2024-10-18 12:24:07.431602 INFO::Fitting model to feature number 199, HexCer.38.0.O4.HexCer.18.0.O3.20.0.2OH.
2024-10-18 12:24:07.502573 INFO::Fitting model to feature number 200, HexCer.38.1.O3.HexCer.18.1.O2.20.0.O
2024-10-18 12:24:07.580895 INFO::Fitting model to feature number 201, HexCer.40.0.O4.HexCer.18.0.O3.22.0.2OH.
2024-10-18 12:24:07.653506 INFO::Fitting model to feature number 202, HexCer.40.1.O3.HexCer.18.1.O2.22.0.O
2024-10-18 12:24:07.7273 INFO::Fitting model to feature number 203, HexCer.41.0.O4.HexCer.18.0.O3.23.0.2OH.
2024-10-18 12:24:07.822188 INFO::Fitting model to feature number 204, HexCer.42.0.O4.HexCer.18.0.O3.24.0.2OH.
2024-10-18 12:24:07.874631 INFO::Fitting model to feature number 205, HexCer.42.1.O3
2024-10-18 12:24:07.939145 INFO::Fitting model to feature number 206, HexCer.42.1.O3.HexCer.18.1.O2.24.0.O
2024-10-18 12:24:08.005152 INFO::Fitting model to feature number 207, HexCer.42.1.O4.HexCer.18.0.O3.24.1.2OH.
2024-10-18 12:24:08.075984 INFO::Fitting model to feature number 208, HexCer.42.2.O4.HexCer.18.1.O3.24.1.2OH.
2024-10-18 12:24:08.13381 INFO::Fitting model to feature number 209, HexCer.43.0.O4.HexCer.19.0.O3.24.0.2OH.
2024-10-18 12:24:08.208653 INFO::Fitting model to feature number 210, HexCer.44.0.O4.HexCer.20.0.O3.24.0.2OH.
2024-10-18 12:24:08.270944 INFO::Fitting model to feature number 211, Hexosyl.LPE.16.0
2024-10-18 12:24:08.345317 INFO::Fitting model to feature number 212, lactosylceramide.d18.1.24.1.15Z
2024-10-18 12:24:08.404193 INFO::Fitting model to feature number 213, LNAPE.20.4_N.19.1
2024-10-18 12:24:08.476522 INFO::Fitting model to feature number 214, LPC.17.0
2024-10-18 12:24:08.539414 INFO::Fitting model to feature number 215, LPC.18.0....265
2024-10-18 12:24:08.609524 INFO::Fitting model to feature number 216, LPC.18.2
2024-10-18 12:24:08.678016 INFO::Fitting model to feature number 217, LPC.18.3
2024-10-18 12:24:08.748761 INFO::Fitting model to feature number 218, LPC.19.0
2024-10-18 12:24:08.810104 INFO::Fitting model to feature number 219, LPC.20.0
2024-10-18 12:24:08.894578 INFO::Fitting model to feature number 220, LPC.20.1
2024-10-18 12:24:08.943944 INFO::Fitting model to feature number 221, LPC.20.4
2024-10-18 12:24:08.995844 INFO::Fitting model to feature number 222, LPC.24.0.SN1
2024-10-18 12:24:09.05385 INFO::Fitting model to feature number 223, LPC.O.16.0
2024-10-18 12:24:09.115471 INFO::Fitting model to feature number 224, LPC.O.16.1....276
2024-10-18 12:24:09.183856 INFO::Fitting model to feature number 225, LPC.O.18.0
2024-10-18 12:24:09.246506 INFO::Fitting model to feature number 226, LPC.O.18.1
2024-10-18 12:24:09.318159 INFO::Fitting model to feature number 227, LPC.O.20.0
2024-10-18 12:24:09.374514 INFO::Fitting model to feature number 228, LPC.O.22.0
2024-10-18 12:24:09.442963 INFO::Fitting model to feature number 229, LPC.P.18.0.or.LPC.O.18.1
2024-10-18 12:24:09.50858 INFO::Fitting model to feature number 230, LPE.15.0
2024-10-18 12:24:09.566915 INFO::Fitting model to feature number 231, LPE.16.0....284
2024-10-18 12:24:09.619315 INFO::Fitting model to feature number 232, LPE.18.0
2024-10-18 12:24:09.677438 INFO::Fitting model to feature number 233, LPE.18.2
2024-10-18 12:24:09.737995 INFO::Fitting model to feature number 234, LPE.20.4
2024-10-18 12:24:09.813775 INFO::Fitting model to feature number 235, LPE.22.6
2024-10-18 12:24:09.932025 INFO::Fitting model to feature number 236, LPE.O.18.1
2024-10-18 12:24:09.998771 INFO::Fitting model to feature number 237, LPE.O.18.2
2024-10-18 12:24:10.060969 INFO::Fitting model to feature number 238, LPE.O.20.0
2024-10-18 12:24:10.122049 INFO::Fitting model to feature number 239, LPE.N..FA.34.1.LPE.N..FA.18.1.16.0
2024-10-18 12:24:10.185104 INFO::Fitting model to feature number 240, LPE.N..FA.34.2.LPE.N..FA.18.2.16.0
2024-10-18 12:24:10.249986 INFO::Fitting model to feature number 241, LPE.N..FA.36.3.LPE.N..FA.18.2.18.1
2024-10-18 12:24:10.30841 INFO::Fitting model to feature number 242, LPE.N..FA.36.4.LPE.N..FA.18.2.18.2
2024-10-18 12:24:10.38194 INFO::Fitting model to feature number 243, LPG.16.0
2024-10-18 12:24:10.44492 INFO::Fitting model to feature number 244, LPG.18.1
2024-10-18 12:24:10.502717 INFO::Fitting model to feature number 245, LPS.18.0
2024-10-18 12:24:10.556834 INFO::Fitting model to feature number 246, MGDG.17.0_18.2
2024-10-18 12:24:10.615597 INFO::Fitting model to feature number 247, MGDG.O.16.4_18.0
2024-10-18 12:24:10.669439 INFO::Fitting model to feature number 248, NAGly.29.1.O2.NAGly.16.0.O.FA.13.0.
2024-10-18 12:24:10.723588 INFO::Fitting model to feature number 249, NAGly.30.1.O2.NAGly.16.0.O.FA.14.0.
2024-10-18 12:24:10.77912 INFO::Fitting model to feature number 250, NAGly.31.1.O2.NAGly.16.0.O.FA.15.0.
2024-10-18 12:24:10.83852 INFO::Fitting model to feature number 251, NAGly.32.1.O2.NAGly.17.0.O.FA.15.0.
2024-10-18 12:24:10.918691 INFO::Fitting model to feature number 252, NAGly.33.1.O2.NAGly.18.0.O.FA.15.0.
2024-10-18 12:24:10.987963 INFO::Fitting model to feature number 253, NAGlySer.30.1.O2.NAGlySer.15.0.O.FA.15.0.
2024-10-18 12:24:11.044942 INFO::Fitting model to feature number 254, NAGlySer.31.1.O2.NAGlySer.16.0.O.FA.15.0.
2024-10-18 12:24:11.096915 INFO::Fitting model to feature number 255, NAGlySer.32.1.O2.NAGlySer.17.0.O.FA.15.0.
2024-10-18 12:24:11.162678 INFO::Fitting model to feature number 256, NAGlySer.33.1.O2.NAGlySer.17.0.O.FA.16.0.
2024-10-18 12:24:11.215842 INFO::Fitting model to feature number 257, NAGlySer.34.1.O2.NAGlySer.17.0.O.FA.17.0.
2024-10-18 12:24:11.271119 INFO::Fitting model to feature number 258, NAPhe.16.0
2024-10-18 12:24:11.322595 INFO::Fitting model to feature number 259, NAPhe.18.0
2024-10-18 12:24:11.392842 INFO::Fitting model to feature number 260, NAPhe.18.1
2024-10-18 12:24:11.449261 INFO::Fitting model to feature number 261, NAPhe.18.2
2024-10-18 12:24:11.500996 INFO::Fitting model to feature number 262, palmitoyl.ethanolamide
2024-10-18 12:24:11.572074 INFO::Fitting model to feature number 263, PC.16.0_14.0
2024-10-18 12:24:11.64902 INFO::Fitting model to feature number 264, PC.16.0_18.2
2024-10-18 12:24:11.725567 INFO::Fitting model to feature number 265, PC.18.1_18.2
2024-10-18 12:24:11.7999 INFO::Fitting model to feature number 266, PC.29.0
2024-10-18 12:24:11.861636 INFO::Fitting model to feature number 267, PC.30.0
2024-10-18 12:24:11.933135 INFO::Fitting model to feature number 268, PC.31.0
2024-10-18 12:24:12.013696 INFO::Fitting model to feature number 269, PC.31.1
2024-10-18 12:24:12.069738 INFO::Fitting model to feature number 270, PC.32.0
2024-10-18 12:24:12.136838 INFO::Fitting model to feature number 271, PC.32.1
2024-10-18 12:24:12.209869 INFO::Fitting model to feature number 272, PC.32.2
2024-10-18 12:24:12.273903 INFO::Fitting model to feature number 273, PC.33.1
2024-10-18 12:24:12.33637 INFO::Fitting model to feature number 274, PC.33.2
2024-10-18 12:24:12.407427 INFO::Fitting model to feature number 275, PC.34.0
2024-10-18 12:24:12.483839 INFO::Fitting model to feature number 276, PC.34.2
2024-10-18 12:24:12.54225 INFO::Fitting model to feature number 277, PC.34.3
2024-10-18 12:24:12.626076 INFO::Fitting model to feature number 278, PC.34.3.Isomer.B
2024-10-18 12:24:12.719294 INFO::Fitting model to feature number 279, PC.35.2.Isomer.B
2024-10-18 12:24:12.830662 INFO::Fitting model to feature number 280, PC.35.3
2024-10-18 12:24:12.943476 INFO::Fitting model to feature number 281, PC.35.4
2024-10-18 12:24:13.017683 INFO::Fitting model to feature number 282, PC.36.1
2024-10-18 12:24:13.081771 INFO::Fitting model to feature number 283, PC.36.3.Isomer.A
2024-10-18 12:24:13.130804 INFO::Fitting model to feature number 284, PC.36.4.Isomer.A
2024-10-18 12:24:13.235684 INFO::Fitting model to feature number 285, PC.36.4.Isomer.B
2024-10-18 12:24:13.29582 INFO::Fitting model to feature number 286, PC.36.5.Isomer.A
2024-10-18 12:24:13.356577 INFO::Fitting model to feature number 287, PC.36.5.Isomer.B
2024-10-18 12:24:13.410702 INFO::Fitting model to feature number 288, PC.36.5.Isomer.D
2024-10-18 12:24:13.465575 INFO::Fitting model to feature number 289, PC.38.2
2024-10-18 12:24:13.527162 INFO::Fitting model to feature number 290, PC.38.4.Isomer.B
2024-10-18 12:24:13.58889 INFO::Fitting model to feature number 291, PC.38.5.Isomer.A
2024-10-18 12:24:13.650291 INFO::Fitting model to feature number 292, PC.38.5.Isomer.B
2024-10-18 12:24:13.714053 INFO::Fitting model to feature number 293, PC.38.6.Isomer.A
2024-10-18 12:24:13.768404 INFO::Fitting model to feature number 294, PC.38.8
2024-10-18 12:24:13.825934 INFO::Fitting model to feature number 295, PC.40.3
2024-10-18 12:24:13.884568 INFO::Fitting model to feature number 296, PC.40.4
2024-10-18 12:24:13.939748 INFO::Fitting model to feature number 297, PC.40.6.Isomer.A
2024-10-18 12:24:13.998414 INFO::Fitting model to feature number 298, PC.40.7.Isomer.B
2024-10-18 12:24:14.056477 INFO::Fitting model to feature number 299, PC.42.4
2024-10-18 12:24:14.112346 INFO::Fitting model to feature number 300, PC.42.5
2024-10-18 12:24:14.203081 INFO::Fitting model to feature number 301, PC.O.20.0_20.4
2024-10-18 12:24:14.260863 INFO::Fitting model to feature number 302, PC.O.30.0
2024-10-18 12:24:14.314288 INFO::Fitting model to feature number 303, PC.O.31.7
2024-10-18 12:24:14.374198 INFO::Fitting model to feature number 304, PC.O.32.0
2024-10-18 12:24:14.448128 INFO::Fitting model to feature number 305, PC.O.33.5
2024-10-18 12:24:14.526584 INFO::Fitting model to feature number 306, PC.O.34.0
2024-10-18 12:24:14.598629 INFO::Fitting model to feature number 307, PC.O.34.4
2024-10-18 12:24:14.671955 INFO::Fitting model to feature number 308, PC.O.36.4
2024-10-18 12:24:14.727759 INFO::Fitting model to feature number 309, PC.P.32.1.or.PC.O.32.2
2024-10-18 12:24:14.786427 INFO::Fitting model to feature number 310, PC.P.34.0.or.PC.O.34.1
2024-10-18 12:24:14.842817 INFO::Fitting model to feature number 311, PC.P.34.1.or.PC.O.34.2
2024-10-18 12:24:14.890303 INFO::Fitting model to feature number 312, PC.P.38.3.or.PC.O.38.4.Isomer.B
2024-10-18 12:24:14.941111 INFO::Fitting model to feature number 313, PC.P.38.4.or.PC.O.38.5.Isomer.B
2024-10-18 12:24:14.997896 INFO::Fitting model to feature number 314, PC.P.40.1.or.PC.O.40.2
2024-10-18 12:24:15.076337 INFO::Fitting model to feature number 315, PC.P.40.3.or.PC.O.40.4
2024-10-18 12:24:15.155416 INFO::Fitting model to feature number 316, PE.16.0_16..1
2024-10-18 12:24:15.259914 INFO::Fitting model to feature number 317, PE.16.1_18.1
2024-10-18 12:24:15.320332 INFO::Fitting model to feature number 318, PE.29.0.PE.14.0_15.0
2024-10-18 12:24:15.38638 INFO::Fitting model to feature number 319, PE.30.0.PE.15.0_15.0
2024-10-18 12:24:15.460751 INFO::Fitting model to feature number 320, PE.31.0.PE.15.0_16.0
2024-10-18 12:24:15.527031 INFO::Fitting model to feature number 321, PE.32.1.PE.16.0_16.1
2024-10-18 12:24:15.595227 INFO::Fitting model to feature number 322, PE.32.2
2024-10-18 12:24:15.66495 INFO::Fitting model to feature number 323, PE.33.1.PE.15.0_18.1
2024-10-18 12:24:15.7394 INFO::Fitting model to feature number 324, PE.33.2.PE.15.0_18.2
2024-10-18 12:24:15.797552 INFO::Fitting model to feature number 325, PE.34.0
2024-10-18 12:24:15.873717 INFO::Fitting model to feature number 326, PE.34.1
2024-10-18 12:24:15.933343 INFO::Fitting model to feature number 327, PE.34.1.1
2024-10-18 12:24:15.997788 INFO::Fitting model to feature number 328, PE.34.2
2024-10-18 12:24:16.059847 INFO::Fitting model to feature number 329, PE.36.1
2024-10-18 12:24:16.140624 INFO::Fitting model to feature number 330, PE.36.2
2024-10-18 12:24:16.206085 INFO::Fitting model to feature number 331, PE.36.3
2024-10-18 12:24:16.284184 INFO::Fitting model to feature number 332, PE.36.4
2024-10-18 12:24:16.736571 INFO::Fitting model to feature number 333, PE.O.22.6_16.1
2024-10-18 12:24:16.787761 INFO::Fitting model to feature number 334, PE.O.36.1
2024-10-18 12:24:16.836296 INFO::Fitting model to feature number 335, PE.P.34.1.or.PE.O.34.2
2024-10-18 12:24:16.894656 INFO::Fitting model to feature number 336, PE.P.36.1.or.PE.O.36.2
2024-10-18 12:24:16.951525 INFO::Fitting model to feature number 337, PE.Cer.35.0.O3.PE.Cer.21.0.O2.14.0.O
2024-10-18 12:24:17.009134 INFO::Fitting model to feature number 338, PE.Cer.36.0.O3.PE.Cer.19.0.O2.17.0.O
2024-10-18 12:24:17.068394 INFO::Fitting model to feature number 339, PEtOH.18.1_18.1
2024-10-18 12:24:17.126799 INFO::Fitting model to feature number 340, PEtOH.18.1_20.4
2024-10-18 12:24:17.206994 INFO::Fitting model to feature number 341, PEtOH.38.4
2024-10-18 12:24:17.290436 INFO::Fitting model to feature number 342, PG.16.0_16.0
2024-10-18 12:24:17.370008 INFO::Fitting model to feature number 343, PG.30.0.PG.15.0_15.0
2024-10-18 12:24:17.432794 INFO::Fitting model to feature number 344, PG.33.0.PG.16.0_17.0
2024-10-18 12:24:17.502475 INFO::Fitting model to feature number 345, PG.34.1.PG.16.0_18.1
2024-10-18 12:24:17.582812 INFO::Fitting model to feature number 346, PG.34.2
2024-10-18 12:24:17.651106 INFO::Fitting model to feature number 347, PG.40.7
2024-10-18 12:24:17.718627 INFO::Fitting model to feature number 348, PG.40.8
2024-10-18 12:24:17.780981 INFO::Fitting model to feature number 349, PG.O.34.2.PG.O.18.2_16.0
2024-10-18 12:24:17.860691 INFO::Fitting model to feature number 350, PG.O.36.2.PG.O.18.1_18.1
2024-10-18 12:24:17.929682 INFO::Fitting model to feature number 351, PGE2
2024-10-18 12:24:17.993058 INFO::Fitting model to feature number 352, Phosphatidylethanolamine.alkenyl.16.0.20.4
2024-10-18 12:24:18.040933 INFO::Fitting model to feature number 353, PI.34.1.Isomer.A
2024-10-18 12:24:18.091566 INFO::Fitting model to feature number 354, PI.34.2.Isomer.A
2024-10-18 12:24:18.143474 INFO::Fitting model to feature number 355, PI.36.1.Isomer.A
2024-10-18 12:24:18.198193 INFO::Fitting model to feature number 356, PI.36.2
2024-10-18 12:24:18.25304 INFO::Fitting model to feature number 357, PI.36.3.Isomer.B
2024-10-18 12:24:18.306876 INFO::Fitting model to feature number 358, PI.38.3
2024-10-18 12:24:18.357471 INFO::Fitting model to feature number 359, PI.38.4
2024-10-18 12:24:18.432707 INFO::Fitting model to feature number 360, PI.Cer.33.0.O3
2024-10-18 12:24:18.514472 INFO::Fitting model to feature number 361, PI.Cer.34.0.O3
2024-10-18 12:24:18.59303 INFO::Fitting model to feature number 362, PI.Cer.35.0.O3
2024-10-18 12:24:18.67088 INFO::Fitting model to feature number 363, PI.Cer.36.0.O3
2024-10-18 12:24:18.750036 INFO::Fitting model to feature number 364, PS.16.0_22.4
2024-10-18 12:24:18.825996 INFO::Fitting model to feature number 365, PS.36.1
2024-10-18 12:24:18.921967 INFO::Fitting model to feature number 366, SHexCer.34.1.3O
2024-10-18 12:24:18.990208 INFO::Fitting model to feature number 367, SHexCer.d34.1
2024-10-18 12:24:19.068834 INFO::Fitting model to feature number 368, SL.32.0.O.SL.17.0.O.15.0
2024-10-18 12:24:19.141641 INFO::Fitting model to feature number 369, SL.33.0.O.SL.17.0.O.16.0
2024-10-18 12:24:19.210453 INFO::Fitting model to feature number 370, SL.34.1.O2.SL.17.0.O.17.1.O
2024-10-18 12:24:19.276281 INFO::Fitting model to feature number 371, SL.35.1.O2.SL.18.0.O.17.1.O
2024-10-18 12:24:19.346572 INFO::Fitting model to feature number 372, SM.18.0.2O.22.0
2024-10-18 12:24:19.417117 INFO::Fitting model to feature number 373, SM.24.1
2024-10-18 12:24:19.476018 INFO::Fitting model to feature number 374, SM.29.2.2O.8.0
2024-10-18 12:24:19.554951 INFO::Fitting model to feature number 375, SM.30.2.2O..FA.14.1.
2024-10-18 12:24:19.630971 INFO::Fitting model to feature number 376, SM.34.1.3O
2024-10-18 12:24:19.705262 INFO::Fitting model to feature number 377, SM.36.4.3O
2024-10-18 12:24:19.781779 INFO::Fitting model to feature number 378, SM.38.4.3O
2024-10-18 12:24:19.855169 INFO::Fitting model to feature number 379, SM.42.1.3O
2024-10-18 12:24:19.911053 INFO::Fitting model to feature number 380, SM.43.3.2O
2024-10-18 12:24:19.983786 INFO::Fitting model to feature number 381, SM.d32.0.Isomer.B
2024-10-18 12:24:20.053446 INFO::Fitting model to feature number 382, SM.d32.1
2024-10-18 12:24:20.145316 INFO::Fitting model to feature number 383, SM.d33.1
2024-10-18 12:24:20.195414 INFO::Fitting model to feature number 384, SM.d34.0
2024-10-18 12:24:20.256512 INFO::Fitting model to feature number 385, SM.d34.1
2024-10-18 12:24:20.315938 INFO::Fitting model to feature number 386, SM.d36.0.Isomer.B
2024-10-18 12:24:20.388072 INFO::Fitting model to feature number 387, SM.d36.4
2024-10-18 12:24:20.448008 INFO::Fitting model to feature number 388, SM.d38.0
2024-10-18 12:24:20.519525 INFO::Fitting model to feature number 389, SM.d40.0.Isomer.B
2024-10-18 12:24:20.584893 INFO::Fitting model to feature number 390, SM.d40.1
2024-10-18 12:24:20.656994 INFO::Fitting model to feature number 391, SM.d42.1
2024-10-18 12:24:20.723289 INFO::Fitting model to feature number 392, SM.d42.2.Isomer.B
2024-10-18 12:24:20.789584 INFO::Fitting model to feature number 393, SM.d43.2
2024-10-18 12:24:20.85015 INFO::Fitting model to feature number 394, SM.d44.3
2024-10-18 12:24:20.911356 INFO::Fitting model to feature number 395, SPB.18.1.O2
2024-10-18 12:24:20.980965 INFO::Fitting model to feature number 396, SPB.20.0.2O
2024-10-18 12:24:21.049756 INFO::Fitting model to feature number 397, TG.10.0_10.0_18.2
2024-10-18 12:24:21.113279 INFO::Fitting model to feature number 398, TG.12.0_14.0_15.0
2024-10-18 12:24:21.16743 INFO::Fitting model to feature number 399, TG.34.0
2024-10-18 12:24:21.237401 INFO::Fitting model to feature number 400, TG.39.0
2024-10-18 12:24:21.289312 INFO::Fitting model to feature number 401, TG.43.1
2024-10-18 12:24:21.361105 INFO::Fitting model to feature number 402, TG.44.0
2024-10-18 12:24:21.42811 INFO::Fitting model to feature number 403, TG.44.2
2024-10-18 12:24:21.498384 INFO::Fitting model to feature number 404, TG.46.3.Isomer.A
2024-10-18 12:24:21.556416 INFO::Fitting model to feature number 405, TG.47.2
2024-10-18 12:24:21.613725 INFO::Fitting model to feature number 406, TG.49.1
2024-10-18 12:24:21.684786 INFO::Fitting model to feature number 407, TG.49.3
2024-10-18 12:24:21.745453 INFO::Fitting model to feature number 408, TG.50.4
2024-10-18 12:24:21.804753 INFO::Fitting model to feature number 409, TG.51.2.TG.17.0_16.1_18.1
2024-10-18 12:24:21.825235 WARNING::Fitting problem for feature 409 a warning was issued
2024-10-18 12:24:21.89783 INFO::Fitting model to feature number 410, TG.52.0
2024-10-18 12:24:21.926217 WARNING::Fitting problem for feature 410 a warning was issued
2024-10-18 12:24:22.003933 INFO::Fitting model to feature number 411, TG.53.0
2024-10-18 12:24:22.077139 INFO::Fitting model to feature number 412, TG.53.9.TG.17.3_18.3_18.3
2024-10-18 12:24:22.15665 INFO::Fitting model to feature number 413, TG.54.5.O2.TG.18.1_18.2_18.2.O2
2024-10-18 12:24:22.218208 INFO::Fitting model to feature number 414, TG.54.7.O2.TG.18.3_18.3_18.1.O2
2024-10-18 12:24:22.295134 INFO::Fitting model to feature number 415, TG.56.5.Isomer.A
2024-10-18 12:24:22.377325 INFO::Fitting model to feature number 416, TG.58.6
2024-10-18 12:24:22.434435 INFO::Fitting model to feature number 417, TG.58.7
2024-10-18 12:24:22.50495 INFO::Fitting model to feature number 418, TG.59.2.TG.16.0_25.0_18.2
2024-10-18 12:24:22.569812 INFO::Fitting model to feature number 419, TG.60.0.TG.18.0_20.0_22.0
2024-10-18 12:24:22.636584 INFO::Fitting model to feature number 420, TG.61.3.TG.18.0_25.0_18.3
2024-10-18 12:24:22.694942 INFO::Fitting model to feature number 421, TG.67.6.TG.31.0_18.3_18.3
2024-10-18 12:24:22.770973 INFO::Fitting model to feature number 422, TG.69.6.TG.33.0_18.3_18.3
2024-10-18 12:24:22.837628 INFO::Fitting model to feature number 423, TG.8.0_10.0_18.2
2024-10-18 12:24:22.921673 INFO::Fitting model to feature number 424, TG.8.0_15.0_18.1
2024-10-18 12:24:22.989456 INFO::Fitting model to feature number 425, TG.8.0_18.2_18.2
2024-10-18 12:24:23.056433 INFO::Fitting model to feature number 426, zymostenol
2024-10-18 12:24:23.139858 INFO::Fitting model to feature number 427, xylulose
2024-10-18 12:24:23.209066 INFO::Fitting model to feature number 428, xylose
2024-10-18 12:24:23.275018 INFO::Fitting model to feature number 429, xanthosine
2024-10-18 12:24:23.341888 INFO::Fitting model to feature number 430, vanillic.acid
2024-10-18 12:24:23.407658 INFO::Fitting model to feature number 431, uridine
2024-10-18 12:24:23.474584 INFO::Fitting model to feature number 432, uric.acid
2024-10-18 12:24:23.547352 INFO::Fitting model to feature number 433, urea
2024-10-18 12:24:23.599081 INFO::Fitting model to feature number 434, tyrosol
2024-10-18 12:24:23.662814 INFO::Fitting model to feature number 435, tyrosine
2024-10-18 12:24:23.721292 INFO::Fitting model to feature number 436, tyramine
2024-10-18 12:24:23.797347 INFO::Fitting model to feature number 437, tryptophan
2024-10-18 12:24:23.856833 INFO::Fitting model to feature number 438, tocopherol.gamma.
2024-10-18 12:24:23.926037 INFO::Fitting model to feature number 439, tocopherol.alpha.
2024-10-18 12:24:24.008139 INFO::Fitting model to feature number 440, thymidine.5.phosphate
2024-10-18 12:24:24.087687 INFO::Fitting model to feature number 441, thymidine
2024-10-18 12:24:24.165555 INFO::Fitting model to feature number 442, taurine
2024-10-18 12:24:24.240756 INFO::Fitting model to feature number 443, succinic.acid
2024-10-18 12:24:24.304919 INFO::Fitting model to feature number 444, suberic.acid
2024-10-18 12:24:24.354264 INFO::Fitting model to feature number 445, sinapinic.acid
2024-10-18 12:24:24.405857 INFO::Fitting model to feature number 446, shikimic.acid
2024-10-18 12:24:24.459432 INFO::Fitting model to feature number 447, serotonin
2024-10-18 12:24:24.524608 INFO::Fitting model to feature number 448, ribose
2024-10-18 12:24:24.580096 INFO::Fitting model to feature number 449, ribonic.acid
2024-10-18 12:24:24.665747 INFO::Fitting model to feature number 450, ribitol
2024-10-18 12:24:24.714352 INFO::Fitting model to feature number 451, quinolinic.acid
2024-10-18 12:24:24.772794 INFO::Fitting model to feature number 452, quinic.acid
2024-10-18 12:24:24.842501 INFO::Fitting model to feature number 453, putrescine
2024-10-18 12:24:24.909602 INFO::Fitting model to feature number 454, pseudo.uridine
2024-10-18 12:24:24.960639 INFO::Fitting model to feature number 455, piperidone
2024-10-18 12:24:25.00985 INFO::Fitting model to feature number 456, pimelic.acid
2024-10-18 12:24:25.063325 INFO::Fitting model to feature number 457, phosphoinositol
2024-10-18 12:24:25.120171 INFO::Fitting model to feature number 458, phosphate
2024-10-18 12:24:25.177753 INFO::Fitting model to feature number 459, phenylalanine
2024-10-18 12:24:25.232435 INFO::Fitting model to feature number 460, phenylacetic.acid
2024-10-18 12:24:25.301425 INFO::Fitting model to feature number 461, pelargonic.acid
2024-10-18 12:24:25.352741 INFO::Fitting model to feature number 462, parabanic.acid
2024-10-18 12:24:25.425643 INFO::Fitting model to feature number 463, panose
2024-10-18 12:24:25.510524 INFO::Fitting model to feature number 464, palmitoleic.acid
2024-10-18 12:24:25.584982 INFO::Fitting model to feature number 465, noradrenaline
2024-10-18 12:24:25.604968 WARNING::Fitting problem for feature 465 a warning was issued
2024-10-18 12:24:25.682944 INFO::Fitting model to feature number 466, nonadecanoic.acid
2024-10-18 12:24:25.761974 INFO::Fitting model to feature number 467, N.carbamylglutamate
2024-10-18 12:24:25.843962 INFO::Fitting model to feature number 468, N.alpha.acetyllysine
2024-10-18 12:24:25.934681 INFO::Fitting model to feature number 469, N.acetylputrescine
2024-10-18 12:24:26.015245 INFO::Fitting model to feature number 470, N.acetylneuraminic.acid
2024-10-18 12:24:26.096307 INFO::Fitting model to feature number 471, N.acetylglutamate
2024-10-18 12:24:26.1694 INFO::Fitting model to feature number 472, N.acetyl.D.mannosamine
2024-10-18 12:24:26.188538 WARNING::Fitting problem for feature 472 a warning was issued
2024-10-18 12:24:26.244632 INFO::Fitting model to feature number 473, N.acetylaspartic.acid
2024-10-18 12:24:26.301756 INFO::Fitting model to feature number 474, myristic.acid
2024-10-18 12:24:26.358476 INFO::Fitting model to feature number 475, montanic.acid
2024-10-18 12:24:26.418876 INFO::Fitting model to feature number 476, methyl.O.D.galactopyranoside
2024-10-18 12:24:26.472294 INFO::Fitting model to feature number 477, methoxytryptamine
2024-10-18 12:24:26.526589 INFO::Fitting model to feature number 478, methionine
2024-10-18 12:24:26.583305 INFO::Fitting model to feature number 479, methanolphosphate
2024-10-18 12:24:26.636474 INFO::Fitting model to feature number 480, maltotriose
2024-10-18 12:24:26.692214 INFO::Fitting model to feature number 481, malonamide
2024-10-18 12:24:26.771063 INFO::Fitting model to feature number 482, malic.acid
2024-10-18 12:24:26.820316 INFO::Fitting model to feature number 483, maleimide
2024-10-18 12:24:26.874097 INFO::Fitting model to feature number 484, maleic.acid
2024-10-18 12:24:26.929554 INFO::Fitting model to feature number 485, lyxitol
2024-10-18 12:24:26.992771 INFO::Fitting model to feature number 486, lithocholic.acid
2024-10-18 12:24:27.046631 INFO::Fitting model to feature number 487, linolenic.acid
2024-10-18 12:24:27.099459 INFO::Fitting model to feature number 488, lignoceric.acid
2024-10-18 12:24:27.168076 INFO::Fitting model to feature number 489, leucrose
2024-10-18 12:24:27.238698 INFO::Fitting model to feature number 490, lauric.acid
2024-10-18 12:24:27.306052 INFO::Fitting model to feature number 491, lactulose
2024-10-18 12:24:27.357673 INFO::Fitting model to feature number 492, lactose
2024-10-18 12:24:27.416792 INFO::Fitting model to feature number 493, lactic.acid
2024-10-18 12:24:27.476786 INFO::Fitting model to feature number 494, isothreonic.acid
2024-10-18 12:24:27.538836 INFO::Fitting model to feature number 495, isomyristic.acid
2024-10-18 12:24:27.612797 INFO::Fitting model to feature number 496, isoferulic.acid
2024-10-18 12:24:27.691081 INFO::Fitting model to feature number 497, isocholic.acid
2024-10-18 12:24:27.765321 INFO::Fitting model to feature number 498, inositol.4.monophosphate
2024-10-18 12:24:27.8594 INFO::Fitting model to feature number 499, inosine
2024-10-18 12:24:27.928188 INFO::Fitting model to feature number 500, indole.3.lactate
2024-10-18 12:24:27.984531 INFO::Fitting model to feature number 501, hypotaurine
2024-10-18 12:24:28.045821 INFO::Fitting model to feature number 502, homoserine
2024-10-18 12:24:28.101775 INFO::Fitting model to feature number 503, heptanoic.acid
2024-10-18 12:24:28.157163 INFO::Fitting model to feature number 504, guanosine
2024-10-18 12:24:28.22581 INFO::Fitting model to feature number 505, guanidinosuccinate
2024-10-18 12:24:28.281903 INFO::Fitting model to feature number 506, glycyl.tyrosine
2024-10-18 12:24:28.338713 INFO::Fitting model to feature number 507, glycine
2024-10-18 12:24:28.396791 INFO::Fitting model to feature number 508, glycerol.alpha.phosphate
2024-10-18 12:24:28.451399 INFO::Fitting model to feature number 509, glycerol.3.galactoside
2024-10-18 12:24:28.50672 INFO::Fitting model to feature number 510, glycerol
2024-10-18 12:24:28.560852 INFO::Fitting model to feature number 511, glyceric.acid
2024-10-18 12:24:28.613191 INFO::Fitting model to feature number 512, glutaric.acid
2024-10-18 12:24:28.661945 INFO::Fitting model to feature number 513, glucose.6.phosphate
2024-10-18 12:24:28.714142 INFO::Fitting model to feature number 514, glucose.1.phosphate
2024-10-18 12:24:28.776047 INFO::Fitting model to feature number 515, glucose
2024-10-18 12:24:28.853942 INFO::Fitting model to feature number 516, glucoheptulose
2024-10-18 12:24:28.899769 INFO::Fitting model to feature number 517, galacturonic.acid
2024-10-18 12:24:28.96345 INFO::Fitting model to feature number 518, galactose
2024-10-18 12:24:29.028741 INFO::Fitting model to feature number 519, galactinol
2024-10-18 12:24:29.079053 INFO::Fitting model to feature number 520, fumaric.acid
2024-10-18 12:24:29.128365 INFO::Fitting model to feature number 521, fructose.6.phosphate
2024-10-18 12:24:29.193014 INFO::Fitting model to feature number 522, fructose
2024-10-18 12:24:29.244769 INFO::Fitting model to feature number 523, ferulic.acid
2024-10-18 12:24:29.297085 INFO::Fitting model to feature number 524, ethanolamine
2024-10-18 12:24:29.347327 INFO::Fitting model to feature number 525, enolpyruvate
2024-10-18 12:24:29.407537 INFO::Fitting model to feature number 526, dihydrocholesterol
2024-10-18 12:24:29.478353 INFO::Fitting model to feature number 527, dihydro.3.coumaric.acid
2024-10-18 12:24:29.546918 INFO::Fitting model to feature number 528, digalacturonic.acid
2024-10-18 12:24:29.618727 INFO::Fitting model to feature number 529, cysteine
2024-10-18 12:24:29.688901 INFO::Fitting model to feature number 530, coprostan.3.one
2024-10-18 12:24:29.765326 INFO::Fitting model to feature number 531, citric.acid
2024-10-18 12:24:29.848409 INFO::Fitting model to feature number 532, cholic.acid
2024-10-18 12:24:29.943809 INFO::Fitting model to feature number 533, cholesterol
2024-10-18 12:24:30.01412 INFO::Fitting model to feature number 534, chenodeoxycholic.acid
2024-10-18 12:24:30.081611 INFO::Fitting model to feature number 535, cerotinic.acid
2024-10-18 12:24:30.144791 INFO::Fitting model to feature number 536, cellobiose
2024-10-18 12:24:30.219502 INFO::Fitting model to feature number 537, capric.acid
2024-10-18 12:24:30.290786 INFO::Fitting model to feature number 538, campesterol
2024-10-18 12:24:30.361112 INFO::Fitting model to feature number 539, cadaverine
2024-10-18 12:24:30.417503 INFO::Fitting model to feature number 540, butyrolactam
2024-10-18 12:24:30.485557 INFO::Fitting model to feature number 541, butylamine
2024-10-18 12:24:30.562424 INFO::Fitting model to feature number 542, biphenyl
2024-10-18 12:24:30.624978 INFO::Fitting model to feature number 543, beta.glutamic.acid
2024-10-18 12:24:30.695612 INFO::Fitting model to feature number 544, beta.alanyl.lysine
2024-10-18 12:24:30.761529 INFO::Fitting model to feature number 545, beta.alanine
2024-10-18 12:24:30.822901 INFO::Fitting model to feature number 546, behenic.acid
2024-10-18 12:24:30.878665 INFO::Fitting model to feature number 547, azelaic.acid
2024-10-18 12:24:30.936637 INFO::Fitting model to feature number 548, asparagine
2024-10-18 12:24:31.015512 INFO::Fitting model to feature number 549, arachidic.acid
2024-10-18 12:24:31.070174 INFO::Fitting model to feature number 550, arabitol
2024-10-18 12:24:31.141692 INFO::Fitting model to feature number 551, anthranilic.acid
2024-10-18 12:24:31.210881 INFO::Fitting model to feature number 552, adipic.acid
2024-10-18 12:24:31.266479 INFO::Fitting model to feature number 553, adenosine
2024-10-18 12:24:31.322496 INFO::Fitting model to feature number 554, X6.deoxyglucose
2024-10-18 12:24:31.387111 INFO::Fitting model to feature number 555, X5.methoxytryptamine
2024-10-18 12:24:31.441942 INFO::Fitting model to feature number 556, X5.hydroxymethyl.2.furoic.acid
2024-10-18 12:24:31.513309 INFO::Fitting model to feature number 557, X5.aminovaleric.acid
2024-10-18 12:24:31.581337 INFO::Fitting model to feature number 558, X4.pyridoxic.acid
2024-10-18 12:24:31.638699 INFO::Fitting model to feature number 559, X4.hydroxyphenylacetic.acid
2024-10-18 12:24:31.696122 INFO::Fitting model to feature number 560, X4.hydroxybutyric.acid
2024-10-18 12:24:31.766587 INFO::Fitting model to feature number 561, X4..5.dihydroxy.7.glucosyloxyflavanone
2024-10-18 12:24:31.834948 INFO::Fitting model to feature number 562, X3.phenyllactic.acid
2024-10-18 12:24:31.905212 INFO::Fitting model to feature number 563, X3.hydroxyphenylacetic.acid
2024-10-18 12:24:31.959644 INFO::Fitting model to feature number 564, X3.hydroxypalmitic.acid
2024-10-18 12:24:31.977182 WARNING::Fitting problem for feature 564 a warning was issued
2024-10-18 12:24:32.03501 INFO::Fitting model to feature number 565, X3.hydroxy.3.methylglutaric.acid
2024-10-18 12:24:32.088409 WARNING::Fitting problem for feature 565 a warning was issued
2024-10-18 12:24:32.160682 INFO::Fitting model to feature number 566, X3.aminoisobutyric.acid
2024-10-18 12:24:32.231636 INFO::Fitting model to feature number 567, X3.6.anhydro.D.galactose
2024-10-18 12:24:32.288543 INFO::Fitting model to feature number 568, X3.4.dihydroxycinnamic.acid
2024-10-18 12:24:32.345161 INFO::Fitting model to feature number 569, X3..4.hydroxyphenyl.propionic.acid
2024-10-18 12:24:32.404243 INFO::Fitting model to feature number 570, X3..3.hydroxyphenyl.propionic.acid
2024-10-18 12:24:32.459388 INFO::Fitting model to feature number 571, X3..3.hydroxyphenyl..3.hydroxypropionic.acid
2024-10-18 12:24:32.530653 INFO::Fitting model to feature number 572, X2.ketoisocaproic.acid
2024-10-18 12:24:32.601097 INFO::Fitting model to feature number 573, X2.hydroxyisocaproic.acid
2024-10-18 12:24:32.670959 INFO::Fitting model to feature number 574, X2.hydroxyglutaric.acid
2024-10-18 12:24:32.740612 INFO::Fitting model to feature number 575, X2.deoxyuridine
2024-10-18 12:24:32.814734 INFO::Fitting model to feature number 576, X2.deoxytetronic.acid
2024-10-18 12:24:32.883273 INFO::Fitting model to feature number 577, X2..deoxyguanosine
2024-10-18 12:24:32.935521 INFO::Fitting model to feature number 578, X2.6.diaminopimelic.acid
2024-10-18 12:24:32.994194 INFO::Fitting model to feature number 579, X2.5.dihydroxypyrazine
2024-10-18 12:24:33.057495 INFO::Fitting model to feature number 580, X2.3.diaminopropionic.acid
2024-10-18 12:24:33.128111 INFO::Fitting model to feature number 581, X1.monopalmitin
2024-10-18 12:24:33.222945 INFO::Fitting model to feature number 582, X1.kestose
2024-10-18 12:24:33.291634 INFO::Fitting model to feature number 583, X1.3.diaminopropane
2024-10-18 12:24:33.35945 INFO::Fitting model to feature number 584, X1.2.4.benzenetriol
2024-10-18 12:24:33.416321 INFO::Fitting model to feature number 585, X.15.3..Anacardic.acid
2024-10-18 12:24:33.477186 INFO::Fitting model to feature number 586, X.9Z.12R..12.Hydroxyoctadec.9.enoic.acid
2024-10-18 12:24:33.534102 INFO::Fitting model to feature number 587, X.dehydro.ornithine
2024-10-18 12:24:33.595737 INFO::Fitting model to feature number 588, X.R..Butyrylcarnitine
2024-10-18 12:24:33.655399 INFO::Fitting model to feature number 589, X.S..1.Methylnicotinium
2024-10-18 12:24:33.729775 INFO::Fitting model to feature number 590, X.sulfanylsulfonyl.methane
2024-10-18 12:24:33.790825 INFO::Fitting model to feature number 591, X.Z..5.8.11.trihydroxyoctadec.9.enoic.acid
2024-10-18 12:24:33.850811 INFO::Fitting model to feature number 592, X1..1Z.Hexadecenyl..sn.glycero.3.phosphocholine
2024-10-18 12:24:33.925858 INFO::Fitting model to feature number 593, X1..1Z.Octadecenyl..sn.glycero.3.phosphocholine
2024-10-18 12:24:33.999904 INFO::Fitting model to feature number 594, X1..9Z.12Z.Octadecadienoyl.2.hydroxy.sn.glycero.3.phosphocholine
2024-10-18 12:24:34.073222 INFO::Fitting model to feature number 595, X1.2.Cyclohexanedione
2024-10-18 12:24:34.131971 INFO::Fitting model to feature number 596, X1.7.Dimethyluric.acid
2024-10-18 12:24:34.201371 INFO::Fitting model to feature number 597, X1.Hexadecyl.sn.glycero.3.phosphocholine
2024-10-18 12:24:34.256386 INFO::Fitting model to feature number 598, X1.Methylnicotinamide
2024-10-18 12:24:34.346716 INFO::Fitting model to feature number 599, X1.Methylpseudouridine
2024-10-18 12:24:34.398631 INFO::Fitting model to feature number 600, X1.Palmitoyl.2.hydroxy.sn.glycero.3.phospho..1..rac.glycerol.
2024-10-18 12:24:34.464333 INFO::Fitting model to feature number 601, X1.Palmitoyl.sn.glycero.3.phosphocholine
2024-10-18 12:24:34.528476 INFO::Fitting model to feature number 602, X1.Stearoyl.2.hydroxy.sn.glycero.3.phosphocholine
2024-10-18 12:24:34.589097 INFO::Fitting model to feature number 603, X1.Stearoyl.2.hydroxy.sn.glycero.3.phosphoethanolamine
2024-10-18 12:24:34.637584 INFO::Fitting model to feature number 604, X2..1.Methyl.1H.imidazol.5.yl.acetic.acid
2024-10-18 12:24:34.687646 INFO::Fitting model to feature number 605, X2..2.6.dimethylmorpholin.4.yl.ethanol
2024-10-18 12:24:34.744419 INFO::Fitting model to feature number 606, X2..n.ethyl.n.m.toluidino.ethanol
2024-10-18 12:24:34.809924 INFO::Fitting model to feature number 607, X2.6.dihydroxybenzoic.acid
2024-10-18 12:24:34.898984 INFO::Fitting model to feature number 608, X2.acetylpyrazine
2024-10-18 12:24:34.981258 INFO::Fitting model to feature number 609, X2.Amino.1.phenylethanol
2024-10-18 12:24:35.054517 INFO::Fitting model to feature number 610, X2.Amino.3.methoxybenzoic.acid
2024-10-18 12:24:35.132475 INFO::Fitting model to feature number 611, X2..Deoxycytidine
2024-10-18 12:24:35.213401 INFO::Fitting model to feature number 612, X2..Deoxycytidine.1
2024-10-18 12:24:35.292791 INFO::Fitting model to feature number 613, X2..Deoxyguanosine.5..monophosphate
2024-10-18 12:24:35.368511 INFO::Fitting model to feature number 614, X2..Deoxyinosine
2024-10-18 12:24:35.471359 INFO::Fitting model to feature number 615, X2.Hydroxy.4.methylpentanoic.acid
2024-10-18 12:24:35.538092 INFO::Fitting model to feature number 616, X2.Hydroxybenzaldehyde
2024-10-18 12:24:35.607645 INFO::Fitting model to feature number 617, X2.hydroxybutyric.acid
2024-10-18 12:24:35.665391 INFO::Fitting model to feature number 618, X2.hydroxypalmitic.acid
2024-10-18 12:24:35.738025 INFO::Fitting model to feature number 619, X2.Hydroxyphenethyl.alcohol
2024-10-18 12:24:35.80794 INFO::Fitting model to feature number 620, X2.Isopropylmalic.acid
2024-10-18 12:24:35.881421 INFO::Fitting model to feature number 621, X2.Methyl.N..4.Methylphenyl.alanine
2024-10-18 12:24:35.941254 INFO::Fitting model to feature number 622, X2.phenylmalonaldehyde
2024-10-18 12:24:35.996696 INFO::Fitting model to feature number 623, X2.Pyridone
2024-10-18 12:24:36.056319 INFO::Fitting model to feature number 624, X3..1.Methyl.1H.pyrazol.5.yl.propanoic.acid
2024-10-18 12:24:36.123837 INFO::Fitting model to feature number 625, X3..1.Pyrazolyl..alanine
2024-10-18 12:24:36.18413 INFO::Fitting model to feature number 626, X3..3.Hydroxyphenyl.propionic.acid
2024-10-18 12:24:36.245897 INFO::Fitting model to feature number 627, X3..5..2.Methylpropyl..3.6.dioxopiperazin.2.yl.propanoic.acid
2024-10-18 12:24:36.31178 INFO::Fitting model to feature number 628, X3.beta.allopregnanolone.sulfate
2024-10-18 12:24:36.371522 INFO::Fitting model to feature number 629, X3.cyanocoumarin
2024-10-18 12:24:36.43941 INFO::Fitting model to feature number 630, X3.Deoxyuridine
2024-10-18 12:24:36.510428 INFO::Fitting model to feature number 631, X3.hydroxybutyrylcarnitine
2024-10-18 12:24:36.589931 INFO::Fitting model to feature number 632, X3.Hydroxymorphinan
2024-10-18 12:24:36.634023 INFO::Fitting model to feature number 633, X3.Hydroxyvaleric.acid
2024-10-18 12:24:36.689897 INFO::Fitting model to feature number 634, X3.Methyl.gamma.butyrolactone
2024-10-18 12:24:36.761059 INFO::Fitting model to feature number 635, X3.Methylhistidine
2024-10-18 12:24:36.790637 WARNING::Fitting problem for feature 635 a warning was issued
2024-10-18 12:24:36.860876 INFO::Fitting model to feature number 636, X3.Methylxanthine
2024-10-18 12:24:36.935331 INFO::Fitting model to feature number 637, X3.oxocholic.acid
2024-10-18 12:24:37.004025 INFO::Fitting model to feature number 638, X4.Acetamidobutyric.acid
2024-10-18 12:24:37.068963 INFO::Fitting model to feature number 639, X4.Amino.2.methyl.5.pyrimidinemethanol
2024-10-18 12:24:37.12798 INFO::Fitting model to feature number 640, X4.Aminomethylcyclohexanecarboxylic.acid
2024-10-18 12:24:37.189292 INFO::Fitting model to feature number 641, X4.aminosalicylic.acid
2024-10-18 12:24:37.267458 INFO::Fitting model to feature number 642, X4.Hydroxymandelonitrile
2024-10-18 12:24:37.340116 INFO::Fitting model to feature number 643, X4.Methyl.5.thiazoleethanol
2024-10-18 12:24:37.405354 INFO::Fitting model to feature number 644, X4.Pentylaniline
2024-10-18 12:24:37.464692 INFO::Fitting model to feature number 645, X4.Trimethylammoniobutanoic.acid
2024-10-18 12:24:37.534967 INFO::Fitting model to feature number 646, X5.Acetylamino.6.amino.3.methyluracil
2024-10-18 12:24:37.601974 INFO::Fitting model to feature number 647, X5.Aminosalicylic.acid
2024-10-18 12:24:37.669905 INFO::Fitting model to feature number 648, X5.beta.androstan.3.alpha.ol.17.one.sulfate
2024-10-18 12:24:37.755868 INFO::Fitting model to feature number 649, X5.hydroxyindoleacetate
2024-10-18 12:24:37.813258 INFO::Fitting model to feature number 650, X5.Hydroxymethylcytidine
2024-10-18 12:24:37.870474 INFO::Fitting model to feature number 651, X5.Methylcytidine
2024-10-18 12:24:37.926282 INFO::Fitting model to feature number 652, X5..Methylthioadenosine
2024-10-18 12:24:37.984489 INFO::Fitting model to feature number 653, X6.7.Dihydroxycoumarin
2024-10-18 12:24:38.04134 INFO::Fitting model to feature number 654, X6.Aminoindazole
2024-10-18 12:24:38.111832 INFO::Fitting model to feature number 655, X6H.2.Benzopyran.6.one..5.chloro.3..3.4.dihydroxy.3.5.dimethyl.1.hepten.1.yl..7.8.dihydro.7.8.dihydroxy.7.methyl.
2024-10-18 12:24:38.137286 WARNING::Fitting problem for feature 655 a warning was issued
2024-10-18 12:24:38.199079 INFO::Fitting model to feature number 656, X7.Keto.3alpha.12.alpha.dihydroxycholanic.acid
2024-10-18 12:24:38.261694 INFO::Fitting model to feature number 657, X7.Methylguanine
2024-10-18 12:24:38.328939 INFO::Fitting model to feature number 658, X8.Oxo.2.deoxyadenosine
2024-10-18 12:24:38.391004 INFO::Fitting model to feature number 659, X9.10.dihydroxystearic.acid
2024-10-18 12:24:38.439837 INFO::Fitting model to feature number 660, Acetaminophen.sulfate
2024-10-18 12:24:38.490908 INFO::Fitting model to feature number 661, Acetylcarnitine
2024-10-18 12:24:38.541018 INFO::Fitting model to feature number 662, Adenine
2024-10-18 12:24:38.610674 INFO::Fitting model to feature number 663, adenosine.1
2024-10-18 12:24:38.676867 INFO::Fitting model to feature number 664, Agmatine
2024-10-18 12:24:38.758744 INFO::Fitting model to feature number 665, Ala.Ala
2024-10-18 12:24:38.815739 INFO::Fitting model to feature number 666, Ala.Ala.Lys
2024-10-18 12:24:38.869386 INFO::Fitting model to feature number 667, Ala.Arg
2024-10-18 12:24:38.917577 INFO::Fitting model to feature number 668, Ala.Gln
2024-10-18 12:24:38.967681 INFO::Fitting model to feature number 669, Ala.His
2024-10-18 12:24:39.016583 INFO::Fitting model to feature number 670, Ala.Ile.Arg
2024-10-18 12:24:39.067666 INFO::Fitting model to feature number 671, Ala.Lys
2024-10-18 12:24:39.117673 INFO::Fitting model to feature number 672, Ala.Phe
2024-10-18 12:24:39.170224 INFO::Fitting model to feature number 673, ala.pro
2024-10-18 12:24:39.223134 INFO::Fitting model to feature number 674, Ala.Thr
2024-10-18 12:24:39.269234 INFO::Fitting model to feature number 675, Ala.Trp
2024-10-18 12:24:39.336624 INFO::Fitting model to feature number 676, Ala.Val.Lys
2024-10-18 12:24:39.402253 INFO::Fitting model to feature number 677, alpha.Galactosamine.1.phosphate
2024-10-18 12:24:39.465374 INFO::Fitting model to feature number 678, aminocarnitine
2024-10-18 12:24:39.513436 INFO::Fitting model to feature number 679, Arabitol
2024-10-18 12:24:39.56537 INFO::Fitting model to feature number 680, Arg.Gly
2024-10-18 12:24:39.620409 INFO::Fitting model to feature number 681, Arginine
2024-10-18 12:24:39.697334 INFO::Fitting model to feature number 682, arg.pro
2024-10-18 12:24:39.746383 INFO::Fitting model to feature number 683, Arg.Thr
2024-10-18 12:24:39.811608 INFO::Fitting model to feature number 684, Arg.Trp
2024-10-18 12:24:39.859334 INFO::Fitting model to feature number 685, Asn.Arg
2024-10-18 12:24:39.906783 INFO::Fitting model to feature number 686, Asn.Asn
2024-10-18 12:24:39.957306 INFO::Fitting model to feature number 687, Asn.Glu
2024-10-18 12:24:40.009903 INFO::Fitting model to feature number 688, Asn.Tyr
2024-10-18 12:24:40.066098 INFO::Fitting model to feature number 689, Asp.Arg
2024-10-18 12:24:40.12831 INFO::Fitting model to feature number 690, Aspartic.acid
2024-10-18 12:24:40.201746 INFO::Fitting model to feature number 691, Asp.Leu.Lys
2024-10-18 12:24:40.274388 INFO::Fitting model to feature number 692, Asp.Lys
2024-10-18 12:24:40.32849 INFO::Fitting model to feature number 693, Asp.Phe
2024-10-18 12:24:40.388658 INFO::Fitting model to feature number 694, Asp.Tyr
2024-10-18 12:24:40.459628 INFO::Fitting model to feature number 695, Azithromycin
2024-10-18 12:24:40.531984 INFO::Fitting model to feature number 696, beta.homoleucine
2024-10-18 12:24:40.620588 INFO::Fitting model to feature number 697, Betaine
2024-10-18 12:24:40.697805 INFO::Fitting model to feature number 698, Betaine.aldehyde
2024-10-18 12:24:40.715205 WARNING::Fitting problem for feature 698 a warning was issued
2024-10-18 12:24:40.771275 INFO::Fitting model to feature number 699, Biliverdin
2024-10-18 12:24:40.855488 INFO::Fitting model to feature number 700, Blood.Group.A.Tetrasaccharide
2024-10-18 12:24:40.927818 INFO::Fitting model to feature number 701, cadaverine.1
2024-10-18 12:24:40.992553 INFO::Fitting model to feature number 702, Caffeic.acid
2024-10-18 12:24:41.04191 INFO::Fitting model to feature number 703, cAMP
2024-10-18 12:24:41.092328 INFO::Fitting model to feature number 704, carnitine
2024-10-18 12:24:41.154898 INFO::Fitting model to feature number 705, carnosine
2024-10-18 12:24:41.237139 INFO::Fitting model to feature number 706, Catechol
2024-10-18 12:24:41.318502 INFO::Fitting model to feature number 707, chenodeoxycholic.acid.1
2024-10-18 12:24:41.39129 INFO::Fitting model to feature number 708, cholesterol.3.sulfate....1046
2024-10-18 12:24:41.446181 INFO::Fitting model to feature number 709, Cholic.acid
2024-10-18 12:24:41.501617 INFO::Fitting model to feature number 710, Choline
2024-10-18 12:24:41.553337 INFO::Fitting model to feature number 711, citrulline
2024-10-18 12:24:41.606199 INFO::Fitting model to feature number 712, Cortisone
2024-10-18 12:24:41.670254 INFO::Fitting model to feature number 713, Cortodoxone
2024-10-18 12:24:41.727438 INFO::Fitting model to feature number 714, Creatine
2024-10-18 12:24:41.812538 INFO::Fitting model to feature number 715, Cysteic.Acid
2024-10-18 12:24:41.891295 INFO::Fitting model to feature number 716, cysteine.S.sulfate
2024-10-18 12:24:41.958795 INFO::Fitting model to feature number 717, Cytidine
2024-10-18 12:24:42.022527 INFO::Fitting model to feature number 718, Daidzein
2024-10-18 12:24:42.077123 INFO::Fitting model to feature number 719, decanedioic.acid
2024-10-18 12:24:42.129696 INFO::Fitting model to feature number 720, dehydroepiandrosterone.sulfate
2024-10-18 12:24:42.19351 INFO::Fitting model to feature number 721, delta.Hydroxylysine
2024-10-18 12:24:42.262212 INFO::Fitting model to feature number 722, deoxycarnitine
2024-10-18 12:24:42.340742 INFO::Fitting model to feature number 723, Deoxycholate
2024-10-18 12:24:42.408989 INFO::Fitting model to feature number 724, deprenyl
2024-10-18 12:24:42.469191 INFO::Fitting model to feature number 725, D.erythro.N.stearoylsphingosine
2024-10-18 12:24:42.524014 INFO::Fitting model to feature number 726, Desloratadine
2024-10-18 12:24:42.586301 INFO::Fitting model to feature number 727, dibenzylamine
2024-10-18 12:24:42.658092 INFO::Fitting model to feature number 728, Dihydrosphingosine
2024-10-18 12:24:42.730685 INFO::Fitting model to feature number 729, DL.Octopamine
2024-10-18 12:24:42.788254 INFO::Fitting model to feature number 730, docosahexaenoic.acid
2024-10-18 12:24:42.875234 INFO::Fitting model to feature number 731, Docosatetraenoic.acid
2024-10-18 12:24:42.930405 INFO::Fitting model to feature number 732, D.Pyroglutamic.acid
2024-10-18 12:24:42.991071 INFO::Fitting model to feature number 733, Eicosenoic.acid
2024-10-18 12:24:43.061879 INFO::Fitting model to feature number 734, E.N.Deoxyfructosyllysine
2024-10-18 12:24:43.13839 INFO::Fitting model to feature number 735, ethanolamine.1
2024-10-18 12:24:43.193009 INFO::Fitting model to feature number 736, Ethyl..4.amino.1.piperidinyl.acetate
2024-10-18 12:24:43.241848 INFO::Fitting model to feature number 737, Ferulic.acid
2024-10-18 12:24:43.311226 INFO::Fitting model to feature number 738, Galacto.N.biose
2024-10-18 12:24:43.387042 INFO::Fitting model to feature number 739, gamma.aminobutyric.acid
2024-10-18 12:24:43.462199 INFO::Fitting model to feature number 740, gamma.Glutamylmethionine
2024-10-18 12:24:43.536849 INFO::Fitting model to feature number 741, gamma.linolenic.acid
2024-10-18 12:24:43.598178 INFO::Fitting model to feature number 742, Gln.Ala
2024-10-18 12:24:43.65193 INFO::Fitting model to feature number 743, Gln.Arg
2024-10-18 12:24:43.707016 INFO::Fitting model to feature number 744, Gln.Glu
2024-10-18 12:24:43.760183 INFO::Fitting model to feature number 745, Gln.Leu.Lys
2024-10-18 12:24:43.810653 INFO::Fitting model to feature number 746, Gln.Met
2024-10-18 12:24:43.866997 INFO::Fitting model to feature number 747, Gln.Phe
2024-10-18 12:24:43.955386 INFO::Fitting model to feature number 748, Gln.Pro
2024-10-18 12:24:44.0247 INFO::Fitting model to feature number 749, Gln.Tyr
2024-10-18 12:24:44.091176 INFO::Fitting model to feature number 750, Glu.Ala.Lys
2024-10-18 12:24:44.160254 INFO::Fitting model to feature number 751, Glucosamine.6.phosphate
2024-10-18 12:24:44.209637 INFO::Fitting model to feature number 752, Glu.Glu
2024-10-18 12:24:44.269412 INFO::Fitting model to feature number 753, Glu.Gly
2024-10-18 12:24:44.328116 INFO::Fitting model to feature number 754, Glu.His
2024-10-18 12:24:44.386659 INFO::Fitting model to feature number 755, Glu.Ile.Lys
2024-10-18 12:24:44.458993 INFO::Fitting model to feature number 756, glutamic.acid
2024-10-18 12:24:44.515125 INFO::Fitting model to feature number 757, Glutamine
2024-10-18 12:24:44.579153 INFO::Fitting model to feature number 758, Glu.Val.Phe
2024-10-18 12:24:44.647903 INFO::Fitting model to feature number 759, Gly.Asn
2024-10-18 12:24:44.726628 INFO::Fitting model to feature number 760, Gly.Asp
2024-10-18 12:24:44.788238 INFO::Fitting model to feature number 761, glycerophosphocholine
2024-10-18 12:24:44.848716 INFO::Fitting model to feature number 762, glycine.1
2024-10-18 12:24:44.907626 INFO::Fitting model to feature number 763, Glycitein
2024-10-18 12:24:44.982429 INFO::Fitting model to feature number 764, glycocholic.acid
2024-10-18 12:24:45.065196 INFO::Fitting model to feature number 765, Gly.Glu
2024-10-18 12:24:45.12027 INFO::Fitting model to feature number 766, Gly.His
2024-10-18 12:24:45.178712 INFO::Fitting model to feature number 767, Gly.Ile
2024-10-18 12:24:45.238779 INFO::Fitting model to feature number 768, Gly.Ile.Lys
2024-10-18 12:24:45.297534 INFO::Fitting model to feature number 769, Gly.Met
2024-10-18 12:24:45.36293 INFO::Fitting model to feature number 770, Gly.Phe
2024-10-18 12:24:45.431209 INFO::Fitting model to feature number 771, Gly.Pro
2024-10-18 12:24:45.506987 INFO::Fitting model to feature number 772, Gly.Val.Lys
2024-10-18 12:24:45.580588 INFO::Fitting model to feature number 773, guanidinosuccinate.1
2024-10-18 12:24:45.651474 INFO::Fitting model to feature number 774, Guanine
2024-10-18 12:24:45.713461 INFO::Fitting model to feature number 775, Guanosine
2024-10-18 12:24:45.779716 INFO::Fitting model to feature number 776, His.Ala
2024-10-18 12:24:45.83915 INFO::Fitting model to feature number 777, His.Gln
2024-10-18 12:24:45.898632 INFO::Fitting model to feature number 778, his.ile
2024-10-18 12:24:45.96115 INFO::Fitting model to feature number 779, His.Leu
2024-10-18 12:24:46.035225 INFO::Fitting model to feature number 780, His.Ser
2024-10-18 12:24:46.100368 INFO::Fitting model to feature number 781, Histamine
2024-10-18 12:24:46.194128 INFO::Fitting model to feature number 782, His.Thr
2024-10-18 12:24:46.266729 INFO::Fitting model to feature number 783, histidine
2024-10-18 12:24:46.328302 INFO::Fitting model to feature number 784, His.Tyr
2024-10-18 12:24:46.386136 INFO::Fitting model to feature number 785, His.Val
2024-10-18 12:24:46.443911 INFO::Fitting model to feature number 786, Homarine
2024-10-18 12:24:46.505011 INFO::Fitting model to feature number 787, Hypoxanthine
2024-10-18 12:24:46.563094 INFO::Fitting model to feature number 788, Ile.Ala
2024-10-18 12:24:46.62167 INFO::Fitting model to feature number 789, Ile.Arg
2024-10-18 12:24:46.693814 INFO::Fitting model to feature number 790, Ile.Gln
2024-10-18 12:24:46.754585 INFO::Fitting model to feature number 791, Ile.Glu
2024-10-18 12:24:46.822726 INFO::Fitting model to feature number 792, Ile.Phe
2024-10-18 12:24:46.894005 INFO::Fitting model to feature number 793, Ile.Pro
2024-10-18 12:24:46.962932 INFO::Fitting model to feature number 794, Ile.Ser
2024-10-18 12:24:47.016781 INFO::Fitting model to feature number 795, Ile.Thr
2024-10-18 12:24:47.065969 INFO::Fitting model to feature number 796, Ile.Trp
2024-10-18 12:24:47.122857 INFO::Fitting model to feature number 797, Ile.Val
2024-10-18 12:24:47.18048 INFO::Fitting model to feature number 798, Ile.Val.Arg
2024-10-18 12:24:47.276404 INFO::Fitting model to feature number 799, Indole.3.carboxaldehyde
2024-10-18 12:24:47.32634 INFO::Fitting model to feature number 800, Inosine
2024-10-18 12:24:47.374686 INFO::Fitting model to feature number 801, isethionate
2024-10-18 12:24:47.431095 INFO::Fitting model to feature number 802, Isoleucine
2024-10-18 12:24:47.500325 INFO::Fitting model to feature number 803, Isorhamnetin.3.O.rutinoside
2024-10-18 12:24:47.562456 INFO::Fitting model to feature number 804, Ketoisovaleric.acid
2024-10-18 12:24:47.618067 INFO::Fitting model to feature number 805, Kynurenic.acid
2024-10-18 12:24:47.684521 INFO::Fitting model to feature number 806, L.Arginine..methyl.ester
2024-10-18 12:24:47.766054 INFO::Fitting model to feature number 807, Lauroyl.L.carnitine
2024-10-18 12:24:47.838649 INFO::Fitting model to feature number 808, Leu.Asn
2024-10-18 12:24:47.891337 INFO::Fitting model to feature number 809, Leucine
2024-10-18 12:24:47.957347 INFO::Fitting model to feature number 810, leucyl.leucine
2024-10-18 12:24:48.018665 INFO::Fitting model to feature number 811, Leu.Gly.Leu
2024-10-18 12:24:48.09929 INFO::Fitting model to feature number 812, Leu.His
2024-10-18 12:24:48.151667 INFO::Fitting model to feature number 813, Leu.Leu
2024-10-18 12:24:48.205342 INFO::Fitting model to feature number 814, Leu.Met
2024-10-18 12:24:48.286771 INFO::Fitting model to feature number 815, Leu.Phe
2024-10-18 12:24:48.356272 INFO::Fitting model to feature number 816, Leu.Thr
2024-10-18 12:24:48.415328 INFO::Fitting model to feature number 817, Leu.Trp
2024-10-18 12:24:48.468642 INFO::Fitting model to feature number 818, Leu.Val.Lys
2024-10-18 12:24:48.525271 INFO::Fitting model to feature number 819, Linoleoyl.ethanolamide
2024-10-18 12:24:48.57845 INFO::Fitting model to feature number 820, LPA.16.0
2024-10-18 12:24:48.652389 INFO::Fitting model to feature number 821, LPC.12.0
2024-10-18 12:24:48.736078 INFO::Fitting model to feature number 822, LPC.15.0
2024-10-18 12:24:48.812901 INFO::Fitting model to feature number 823, LPC.16.0
2024-10-18 12:24:48.912989 INFO::Fitting model to feature number 824, LPC.18.0....1185
2024-10-18 12:24:48.98455 INFO::Fitting model to feature number 825, LPC.18.1.Isomer.B
2024-10-18 12:24:49.037774 INFO::Fitting model to feature number 826, LPC.O.16.1....1188
2024-10-18 12:24:49.096342 INFO::Fitting model to feature number 827, LPE.16.0....1189
2024-10-18 12:24:49.156609 INFO::Fitting model to feature number 828, LPE.O.16.1
2024-10-18 12:24:49.217645 INFO::Fitting model to feature number 829, LPI.18.0
2024-10-18 12:24:49.270929 INFO::Fitting model to feature number 830, L.Saccharopine
2024-10-18 12:24:49.326174 INFO::Fitting model to feature number 831, Lys.Asp
2024-10-18 12:24:49.402808 INFO::Fitting model to feature number 832, Lys.Gly
2024-10-18 12:24:49.46672 INFO::Fitting model to feature number 833, lysine
2024-10-18 12:24:49.523986 INFO::Fitting model to feature number 834, Lys.Phe
2024-10-18 12:24:49.57866 INFO::Fitting model to feature number 835, Lys.Pro
2024-10-18 12:24:49.635378 INFO::Fitting model to feature number 836, Lys.Ser
2024-10-18 12:24:49.68364 INFO::Fitting model to feature number 837, Lys.Val
2024-10-18 12:24:49.735757 INFO::Fitting model to feature number 838, Malonic.acid
2024-10-18 12:24:49.803876 INFO::Fitting model to feature number 839, Mandelic.acid
2024-10-18 12:24:49.856521 INFO::Fitting model to feature number 840, Mannitol
2024-10-18 12:24:49.90651 INFO::Fitting model to feature number 841, Melatonin
2024-10-18 12:24:49.956801 INFO::Fitting model to feature number 842, Met.Ala
2024-10-18 12:24:50.018579 INFO::Fitting model to feature number 843, Met.Arg
2024-10-18 12:24:50.076646 INFO::Fitting model to feature number 844, Met.Asp
2024-10-18 12:24:50.133457 INFO::Fitting model to feature number 845, Met.Glu
2024-10-18 12:24:50.194307 INFO::Fitting model to feature number 846, Methacholine
2024-10-18 12:24:50.265055 INFO::Fitting model to feature number 847, Methionine
2024-10-18 12:24:50.310911 INFO::Fitting model to feature number 848, methionine.sulfone
2024-10-18 12:24:50.382707 INFO::Fitting model to feature number 849, methionine.sulfoxide
2024-10-18 12:24:50.42849 INFO::Fitting model to feature number 850, Met.His
2024-10-18 12:24:50.477876 INFO::Fitting model to feature number 851, Methohexital
2024-10-18 12:24:50.526011 INFO::Fitting model to feature number 852, Methyl.beta.galactopyranoside
2024-10-18 12:24:50.578748 INFO::Fitting model to feature number 853, methylglyoxal.derived.hydroimidazolone
2024-10-18 12:24:50.631967 INFO::Fitting model to feature number 854, Met.Lys
2024-10-18 12:24:50.689062 INFO::Fitting model to feature number 855, Met.Met
2024-10-18 12:24:50.761903 INFO::Fitting model to feature number 856, Met.Thr
2024-10-18 12:24:50.827246 INFO::Fitting model to feature number 857, Met.Val
2024-10-18 12:24:50.877504 INFO::Fitting model to feature number 858, myo.inositol
2024-10-18 12:24:50.926601 INFO::Fitting model to feature number 859, Myristoyl.L.carnitine
2024-10-18 12:24:50.978272 INFO::Fitting model to feature number 860, N..2.6.dimethylphenyl..2.hydroxyacetamide
2024-10-18 12:24:51.035175 INFO::Fitting model to feature number 861, N..5.acetamidopentyl.acetamide
2024-10-18 12:24:51.104642 INFO::Fitting model to feature number 862, N.N..Diacetylcystine
2024-10-18 12:24:51.178752 INFO::Fitting model to feature number 863, N.N.epsiloN.dimethyl.lysine
2024-10-18 12:24:51.230475 INFO::Fitting model to feature number 864, N2.acetyl.histidine
2024-10-18 12:24:51.311713 INFO::Fitting model to feature number 865, N8.acetylspermidine
2024-10-18 12:24:51.361268 INFO::Fitting model to feature number 866, N.acetylarginine
2024-10-18 12:24:51.409519 INFO::Fitting model to feature number 867, N.Acetyl.D.proline
2024-10-18 12:24:51.458686 INFO::Fitting model to feature number 868, N.Acetylglucosamine
2024-10-18 12:24:51.515735 INFO::Fitting model to feature number 869, N..Acetylisonicotinohydrazide
2024-10-18 12:24:51.569448 INFO::Fitting model to feature number 870, N.Acetylputrescine
2024-10-18 12:24:51.643627 INFO::Fitting model to feature number 871, N.Acetylserine
2024-10-18 12:24:51.703504 INFO::Fitting model to feature number 872, N.alpha.methylhistamine
2024-10-18 12:24:51.760177 INFO::Fitting model to feature number 873, N.Carboxyethyl.gamma.aminobutyric.acid
2024-10-18 12:24:51.834794 INFO::Fitting model to feature number 874, Neohesperidin
2024-10-18 12:24:51.898324 INFO::Fitting model to feature number 875, Nervonic.acid
2024-10-18 12:24:51.958304 INFO::Fitting model to feature number 876, N.Formylmethionine
2024-10-18 12:24:52.019076 INFO::Fitting model to feature number 877, N.fructosyl.isoleucine
2024-10-18 12:24:52.081355 INFO::Fitting model to feature number 878, Nicotinamide.riboside
2024-10-18 12:24:52.146316 INFO::Fitting model to feature number 879, Nicotinic.acid
2024-10-18 12:24:52.199906 INFO::Fitting model to feature number 880, N.Isobutyrylglycine
2024-10-18 12:24:52.24923 INFO::Fitting model to feature number 881, N.Methylanthranilic.acid
2024-10-18 12:24:52.333805 INFO::Fitting model to feature number 882, N.Methylglutamic.acid
2024-10-18 12:24:52.394329 INFO::Fitting model to feature number 883, N.Methylproline
2024-10-18 12:24:52.454678 INFO::Fitting model to feature number 884, N.Methylthreonine
2024-10-18 12:24:52.506238 INFO::Fitting model to feature number 885, N.Methyltyrosine
2024-10-18 12:24:52.566495 INFO::Fitting model to feature number 886, N.nitroimidazolidi.N.2.imine
2024-10-18 12:24:52.641714 INFO::Fitting model to feature number 887, N.nitrosopyrrolidine
2024-10-18 12:24:52.726879 INFO::Fitting model to feature number 888, N.omega.Acetylhistamine
2024-10-18 12:24:52.790634 INFO::Fitting model to feature number 889, Octadecanedioic.acid
2024-10-18 12:24:52.847884 INFO::Fitting model to feature number 890, Octopine
2024-10-18 12:24:52.906964 INFO::Fitting model to feature number 891, Oleoyl.L.carnitine
2024-10-18 12:24:52.96075 INFO::Fitting model to feature number 892, O.Phosphocholine
2024-10-18 12:24:53.011094 INFO::Fitting model to feature number 893, ornithine....1268
2024-10-18 12:24:53.079844 INFO::Fitting model to feature number 894, Palmitoylcarnitine
2024-10-18 12:24:53.144674 INFO::Fitting model to feature number 895, Pantothenic.acid
2024-10-18 12:24:53.205091 INFO::Fitting model to feature number 896, Pantothenic.acid.1
2024-10-18 12:24:53.252813 INFO::Fitting model to feature number 897, p.coumaric.acid
2024-10-18 12:24:53.301348 INFO::Fitting model to feature number 898, Phe.Ala
2024-10-18 12:24:53.386446 INFO::Fitting model to feature number 899, phe.arg
2024-10-18 12:24:53.457794 INFO::Fitting model to feature number 900, Phe.Asn
2024-10-18 12:24:53.530464 INFO::Fitting model to feature number 901, Phe.Glu
2024-10-18 12:24:53.594866 INFO::Fitting model to feature number 902, Phe.His
2024-10-18 12:24:53.650107 INFO::Fitting model to feature number 903, Phe.Lys
2024-10-18 12:24:53.699608 INFO::Fitting model to feature number 904, phenylacetylglycine
2024-10-18 12:24:53.758134 INFO::Fitting model to feature number 905, Phenylalanine
2024-10-18 12:24:53.823983 INFO::Fitting model to feature number 906, Phe.Thr
2024-10-18 12:24:53.875852 INFO::Fitting model to feature number 907, Phe.Tyr
2024-10-18 12:24:53.939526 INFO::Fitting model to feature number 908, Phe.Val
2024-10-18 12:24:53.992718 INFO::Fitting model to feature number 909, Pipecolic.acid
2024-10-18 12:24:54.049419 INFO::Fitting model to feature number 910, piperine
2024-10-18 12:24:54.11529 INFO::Fitting model to feature number 911, Pro.Asp
2024-10-18 12:24:54.173662 INFO::Fitting model to feature number 912, pro.gly
2024-10-18 12:24:54.233942 INFO::Fitting model to feature number 913, Pro.Ile
2024-10-18 12:24:54.290519 INFO::Fitting model to feature number 914, Proline
2024-10-18 12:24:54.356921 INFO::Fitting model to feature number 915, Pro.Phe
2024-10-18 12:24:54.447779 INFO::Fitting model to feature number 916, Pro.Pro
2024-10-18 12:24:54.49894 INFO::Fitting model to feature number 917, Pro.Ser
2024-10-18 12:24:54.561571 INFO::Fitting model to feature number 918, Pro.Thr
2024-10-18 12:24:54.620481 INFO::Fitting model to feature number 919, Pseudouridine
2024-10-18 12:24:54.68534 INFO::Fitting model to feature number 920, putrescine.1
2024-10-18 12:24:54.751014 INFO::Fitting model to feature number 921, Pyridoxamine
2024-10-18 12:24:54.825979 INFO::Fitting model to feature number 922, pyrrolidine
2024-10-18 12:24:54.897878 INFO::Fitting model to feature number 923, pyruvic.acid...1307
2024-10-18 12:24:54.959978 INFO::Fitting model to feature number 924, quinaldic.acid
2024-10-18 12:24:55.033649 INFO::Fitting model to feature number 925, riboflavin
2024-10-18 12:24:55.094207 INFO::Fitting model to feature number 926, Rosmarinic.acid
2024-10-18 12:24:55.155239 INFO::Fitting model to feature number 927, S.Adenosyl.L.methionine
2024-10-18 12:24:55.216305 INFO::Fitting model to feature number 928, salicylamide
2024-10-18 12:24:55.279917 INFO::Fitting model to feature number 929, SDMA
2024-10-18 12:24:55.332538 INFO::Fitting model to feature number 930, sedoheptulose
2024-10-18 12:24:55.396541 INFO::Fitting model to feature number 931, Ser.Asp
2024-10-18 12:24:55.468812 INFO::Fitting model to feature number 932, serine....1320
2024-10-18 12:24:55.516839 INFO::Fitting model to feature number 933, Ser.Lys
2024-10-18 12:24:55.570561 INFO::Fitting model to feature number 934, ser.pro
2024-10-18 12:24:55.619173 INFO::Fitting model to feature number 935, Ser.Thr
2024-10-18 12:24:55.669959 INFO::Fitting model to feature number 936, Ser.Val
2024-10-18 12:24:55.734467 INFO::Fitting model to feature number 937, SM.22.1.2O.12.0
2024-10-18 12:24:55.782457 INFO::Fitting model to feature number 938, SPERMIDINE
2024-10-18 12:24:55.837911 INFO::Fitting model to feature number 939, Stercobilin
2024-10-18 12:24:55.887676 INFO::Fitting model to feature number 940, sulfochenodeoxycholic.acid
2024-10-18 12:24:55.952335 INFO::Fitting model to feature number 941, sulfolithocholic.acid
2024-10-18 12:24:56.014278 INFO::Fitting model to feature number 942, Tagatose
2024-10-18 12:24:56.067991 INFO::Fitting model to feature number 943, Taurine
2024-10-18 12:24:56.119524 INFO::Fitting model to feature number 944, Taurocholic.acid
2024-10-18 12:24:56.1823 INFO::Fitting model to feature number 945, Tauromuricholic.acid
2024-10-18 12:24:56.234948 INFO::Fitting model to feature number 946, Thiamine
2024-10-18 12:24:56.284577 INFO::Fitting model to feature number 947, Thr.Ala
2024-10-18 12:24:56.336604 INFO::Fitting model to feature number 948, Thr.Asp
2024-10-18 12:24:56.408091 INFO::Fitting model to feature number 949, threonine
2024-10-18 12:24:56.455728 INFO::Fitting model to feature number 950, Thr.His
2024-10-18 12:24:56.528056 INFO::Fitting model to feature number 951, Thr.Ile.Lys
2024-10-18 12:24:56.598938 INFO::Fitting model to feature number 952, Thr.Lys
2024-10-18 12:24:56.655113 INFO::Fitting model to feature number 953, Thr.Ser
2024-10-18 12:24:56.711281 INFO::Fitting model to feature number 954, Thr.Thr
2024-10-18 12:24:56.767566 INFO::Fitting model to feature number 955, Thr.Val
2024-10-18 12:24:56.824315 INFO::Fitting model to feature number 956, Thymidine
2024-10-18 12:24:56.884942 INFO::Fitting model to feature number 957, Thymine
2024-10-18 12:24:56.964078 INFO::Fitting model to feature number 958, TMAO
2024-10-18 12:24:57.039509 INFO::Fitting model to feature number 959, Tomatidine
2024-10-18 12:24:57.114459 INFO::Fitting model to feature number 960, trans.Zeatin
2024-10-18 12:24:57.185621 INFO::Fitting model to feature number 961, Trihydroxycholestanoic.acid
2024-10-18 12:24:57.247382 INFO::Fitting model to feature number 962, TRIMETHYLAMINE
2024-10-18 12:24:57.319008 INFO::Fitting model to feature number 963, Trp.Ser
2024-10-18 12:24:57.387891 INFO::Fitting model to feature number 964, Trp.Val
2024-10-18 12:24:57.463497 INFO::Fitting model to feature number 965, Tryptamine
2024-10-18 12:24:57.542846 INFO::Fitting model to feature number 966, Tryptoline
2024-10-18 12:24:57.601378 INFO::Fitting model to feature number 967, Tryptophan
2024-10-18 12:24:57.676309 INFO::Fitting model to feature number 968, Tyr.Ala
2024-10-18 12:24:57.753231 INFO::Fitting model to feature number 969, tyr.arg
2024-10-18 12:24:57.81989 INFO::Fitting model to feature number 970, Tyr.Asn
2024-10-18 12:24:57.891925 INFO::Fitting model to feature number 971, Tyr.Lys
2024-10-18 12:24:57.952314 INFO::Fitting model to feature number 972, tyrosine.1
2024-10-18 12:24:58.008333 INFO::Fitting model to feature number 973, Tyr.Thr
2024-10-18 12:24:58.068288 INFO::Fitting model to feature number 974, Tyr.Tyr.Tyr
2024-10-18 12:24:58.136792 INFO::Fitting model to feature number 975, Tyr.Val
2024-10-18 12:24:58.205439 INFO::Fitting model to feature number 976, Uracil
2024-10-18 12:24:58.262579 INFO::Fitting model to feature number 977, urea.1
2024-10-18 12:24:58.321944 INFO::Fitting model to feature number 978, uric.acid.1
2024-10-18 12:24:58.376034 INFO::Fitting model to feature number 979, Uridine
2024-10-18 12:24:58.434112 INFO::Fitting model to feature number 980, uridine.5.monophosphate
2024-10-18 12:24:58.489235 INFO::Fitting model to feature number 981, urobilin
2024-10-18 12:24:58.568041 INFO::Fitting model to feature number 982, Urocanic.acid
2024-10-18 12:24:58.636369 INFO::Fitting model to feature number 983, Ursocholic.acid
2024-10-18 12:24:58.700953 INFO::Fitting model to feature number 984, Val.Arg
2024-10-18 12:24:58.771116 INFO::Fitting model to feature number 985, Val.Asp
2024-10-18 12:24:58.83222 INFO::Fitting model to feature number 986, valeryl.carnitine
2024-10-18 12:24:58.897683 INFO::Fitting model to feature number 987, Val.Gly
2024-10-18 12:24:58.974439 INFO::Fitting model to feature number 988, Val.His
2024-10-18 12:24:59.050384 INFO::Fitting model to feature number 989, Valine
2024-10-18 12:24:59.111166 INFO::Fitting model to feature number 990, Val.Met
2024-10-18 12:24:59.187171 INFO::Fitting model to feature number 991, Val.Phe.Lys
2024-10-18 12:24:59.253493 INFO::Fitting model to feature number 992, Val.Pro
2024-10-18 12:24:59.320536 INFO::Fitting model to feature number 993, Val.Ser
2024-10-18 12:24:59.392029 INFO::Fitting model to feature number 994, Val.Thr
2024-10-18 12:24:59.469996 INFO::Fitting model to feature number 995, Val.Tyr
2024-10-18 12:24:59.545387 INFO::Fitting model to feature number 996, Val.Val
2024-10-18 12:24:59.621591 INFO::Fitting model to feature number 997, Val.Val.Lys
2024-10-18 12:24:59.688248 INFO::Fitting model to feature number 998, xanthine
2024-10-18 12:24:59.7929 INFO::Fitting model to feature number 999, Xanthosine
2024-10-18 12:24:59.855696 INFO::Fitting model to feature number 1000, Xanthurenic.acid
2024-10-18 12:25:00.152086 INFO::Counting total values for each feature
2024-10-18 12:25:00.284363 INFO::Writing filtered data to file /home/julianne/Documents/biogeography/CS_SPF/melonnpan/Mets-SeqRunSexSite_General-1-MsID//features/filtered_data.tsv
2024-10-18 12:25:00.381692 INFO::Writing filtered, normalized data to file /home/julianne/Documents/biogeography/CS_SPF/melonnpan/Mets-SeqRunSexSite_General-1-MsID//features/filtered_data_norm.tsv
2024-10-18 12:25:00.461468 INFO::Writing filtered, normalized, transformed data to file /home/julianne/Documents/biogeography/CS_SPF/melonnpan/Mets-SeqRunSexSite_General-1-MsID//features/filtered_data_norm_transformed.tsv
2024-10-18 12:25:00.569349 WARNING::Deleting existing residuals file: /home/julianne/Documents/biogeography/CS_SPF/melonnpan/Mets-SeqRunSexSite_General-1-MsID//fits/residuals.rds
2024-10-18 12:25:00.571648 INFO::Writing residuals to file /home/julianne/Documents/biogeography/CS_SPF/melonnpan/Mets-SeqRunSexSite_General-1-MsID//fits/residuals.rds
2024-10-18 12:25:00.644088 WARNING::Deleting existing fitted file: /home/julianne/Documents/biogeography/CS_SPF/melonnpan/Mets-SeqRunSexSite_General-1-MsID//fits/fitted.rds
2024-10-18 12:25:00.649778 INFO::Writing fitted values to file /home/julianne/Documents/biogeography/CS_SPF/melonnpan/Mets-SeqRunSexSite_General-1-MsID//fits/fitted.rds
2024-10-18 12:25:00.687821 WARNING::Deleting existing ranef file: /home/julianne/Documents/biogeography/CS_SPF/melonnpan/Mets-SeqRunSexSite_General-1-MsID//fits/ranef.rds
2024-10-18 12:25:00.690618 INFO::Writing extracted random effects to file /home/julianne/Documents/biogeography/CS_SPF/melonnpan/Mets-SeqRunSexSite_General-1-MsID//fits/ranef.rds
2024-10-18 12:25:00.699139 INFO::Writing all results to file (ordered by increasing q-values): /home/julianne/Documents/biogeography/CS_SPF/melonnpan/Mets-SeqRunSexSite_General-1-MsID//all_results.tsv
2024-10-18 12:25:00.738729 INFO::Writing the significant results (those which are less than or equal to the threshold of 0.250000 ) to file (ordered by increasing q-values): /home/julianne/Documents/biogeography/CS_SPF/melonnpan/Mets-SeqRunSexSite_General-1-MsID//significant_results.tsv
