2024-06-09 16:28:06.723439 INFO::Writing function arguments to log file
2024-06-09 16:28:06.726664 DEBUG::Function arguments
2024-06-09 16:28:06.728154 DEBUG::Output folder: Maaslin2_L2/HUM_Gavage/L2-DCvsAll-CLR-Muc-ComBat-SeqRunSexSite_General-1-MsID
2024-06-09 16:28:06.73523 DEBUG::Min Abundance: 0.000000
2024-06-09 16:28:06.737082 DEBUG::Min Prevalence: 0.150000
2024-06-09 16:28:06.737887 DEBUG::Normalization: CLR
2024-06-09 16:28:06.738554 DEBUG::Transform: NONE
2024-06-09 16:28:06.739107 DEBUG::Analysis method: LM
2024-06-09 16:28:06.739673 DEBUG::Max significance: 0.250000
2024-06-09 16:28:06.740262 DEBUG::Random effects: MouseID
2024-06-09 16:28:06.740827 DEBUG::Fixed effects: Sequencing_Run,Sex,Site_General
2024-06-09 16:28:06.741416 DEBUG::Correction method: BH
2024-06-09 16:28:06.742036 DEBUG::Standardize: TRUE
2024-06-09 16:28:06.742515 DEBUG::Cores: 1
2024-06-09 16:28:06.74427 INFO::Verifying options selected are valid
2024-06-09 16:28:06.74637 INFO::Determining format of input files
2024-06-09 16:28:06.748932 INFO::Input format is data samples as columns and metadata samples as rows
2024-06-09 16:28:06.757308 DEBUG::Transformed data so samples are rows
2024-06-09 16:28:06.758163 DEBUG::A total of 42 samples were found in both the data and metadata
2024-06-09 16:28:06.758762 DEBUG::Reordering data/metadata to use same sample ordering
2024-06-09 16:28:06.760151 INFO::Formula for random effects: expr ~ (1 | MouseID)
2024-06-09 16:28:06.766256 INFO::Formula for fixed effects: expr ~  Sequencing_Run + Sex + Site_General
2024-06-09 16:28:06.768829 INFO::Factor detected for categorial metadata 'Sequencing_Run'. Provide a reference argument or manually set factor ordering to change reference level.
2024-06-09 16:28:06.770787 INFO::Factor detected for categorial metadata 'Sex'. Provide a reference argument or manually set factor ordering to change reference level.
2024-06-09 16:28:06.772049 INFO::Factor detected for categorial metadata 'Site_General'. Provide a reference argument or manually set factor ordering to change reference level.
2024-06-09 16:28:06.773161 INFO::Filter data based on min abundance and min prevalence
2024-06-09 16:28:06.774044 INFO::Total samples in data: 42
2024-06-09 16:28:06.775015 INFO::Min samples required with min abundance for a feature not to be filtered: 6.300000
2024-06-09 16:28:06.776384 INFO::Total filtered features: 0
2024-06-09 16:28:06.778382 INFO::Filtered feature names from abundance and prevalence filtering:
2024-06-09 16:28:06.779846 INFO::Total filtered features with variance filtering: 0
2024-06-09 16:28:06.780924 INFO::Filtered feature names from variance filtering:
2024-06-09 16:28:06.783528 INFO::Running selected normalization method: CLR
2024-06-09 16:28:06.786006 INFO::Applying z-score to standardize continuous metadata
2024-06-09 16:28:06.792424 INFO::Running selected transform method: NONE
2024-06-09 16:28:06.79495 INFO::Running selected analysis method: LM
2024-06-09 16:28:06.797571 INFO::Fitting model to feature number 1, k__Bacteria.p__Bacteroidota
2024-06-09 16:28:06.894941 INFO::Fitting model to feature number 2, k__Bacteria.p__Firmicutes
2024-06-09 16:28:06.950042 INFO::Fitting model to feature number 3, k__Bacteria.p__Proteobacteria
2024-06-09 16:28:07.002561 INFO::Fitting model to feature number 4, k__Bacteria.p__Verrucomicrobiota
2024-06-09 16:28:07.061214 INFO::Fitting model to feature number 5, k__Bacteria.p__Actinobacteriota
2024-06-09 16:28:07.121136 INFO::Fitting model to feature number 6, k__Bacteria.p__Desulfobacterota
2024-06-09 16:28:07.209504 INFO::Counting total values for each feature
2024-06-09 16:28:07.213125 INFO::Writing filtered data to file Maaslin2_L2/HUM_Gavage/L2-DCvsAll-CLR-Muc-ComBat-SeqRunSexSite_General-1-MsID/features/filtered_data.tsv
2024-06-09 16:28:07.216902 INFO::Writing filtered, normalized data to file Maaslin2_L2/HUM_Gavage/L2-DCvsAll-CLR-Muc-ComBat-SeqRunSexSite_General-1-MsID/features/filtered_data_norm.tsv
2024-06-09 16:28:07.219941 INFO::Writing filtered, normalized, transformed data to file Maaslin2_L2/HUM_Gavage/L2-DCvsAll-CLR-Muc-ComBat-SeqRunSexSite_General-1-MsID/features/filtered_data_norm_transformed.tsv
2024-06-09 16:28:07.22243 INFO::Writing residuals to file Maaslin2_L2/HUM_Gavage/L2-DCvsAll-CLR-Muc-ComBat-SeqRunSexSite_General-1-MsID/fits/residuals.rds
2024-06-09 16:28:07.223976 INFO::Writing fitted values to file Maaslin2_L2/HUM_Gavage/L2-DCvsAll-CLR-Muc-ComBat-SeqRunSexSite_General-1-MsID/fits/fitted.rds
2024-06-09 16:28:07.225588 INFO::Writing extracted random effects to file Maaslin2_L2/HUM_Gavage/L2-DCvsAll-CLR-Muc-ComBat-SeqRunSexSite_General-1-MsID/fits/ranef.rds
2024-06-09 16:28:07.226984 INFO::Writing all results to file (ordered by increasing q-values): Maaslin2_L2/HUM_Gavage/L2-DCvsAll-CLR-Muc-ComBat-SeqRunSexSite_General-1-MsID/all_results.tsv
2024-06-09 16:28:07.229675 INFO::Writing the significant results (those which are less than or equal to the threshold of 0.250000 ) to file (ordered by increasing q-values): Maaslin2_L2/HUM_Gavage/L2-DCvsAll-CLR-Muc-ComBat-SeqRunSexSite_General-1-MsID/significant_results.tsv
