2022-04-26 11:01:59 INFO::Writing function arguments to log file
2022-04-26 11:01:59 DEBUG::Function arguments
2022-04-26 11:01:59 DEBUG::Output folder: CLR-SI-ComBat-Maaslin-SeqRunLineSexSiteType-1-MsID
2022-04-26 11:01:59 DEBUG::Min Abundance: 0.000000
2022-04-26 11:01:59 DEBUG::Min Prevalence: 0.100000
2022-04-26 11:01:59 DEBUG::Normalization: CLR
2022-04-26 11:01:59 DEBUG::Transform: NONE
2022-04-26 11:01:59 DEBUG::Analysis method: LM
2022-04-26 11:01:59 DEBUG::Max significance: 0.250000
2022-04-26 11:01:59 DEBUG::Random effects: MouseID_Line
2022-04-26 11:01:59 DEBUG::Fixed effects: Sequencing_Run,Line,Sex,Site,Type
2022-04-26 11:01:59 DEBUG::Correction method: BH
2022-04-26 11:01:59 DEBUG::Standardize: TRUE
2022-04-26 11:01:59 DEBUG::Cores: 1
2022-04-26 11:01:59 INFO::Verifying options selected are valid
2022-04-26 11:01:59 INFO::Determining format of input files
2022-04-26 11:01:59 INFO::Input format is data samples as columns and metadata samples as rows
2022-04-26 11:01:59 DEBUG::Transformed data so samples are rows
2022-04-26 11:01:59 DEBUG::A total of 86 samples were found in both the data and metadata
2022-04-26 11:01:59 DEBUG::Reordering data/metadata to use same sample ordering
2022-04-26 11:01:59 INFO::Formula for random effects: expr ~ (1 | MouseID_Line)
2022-04-26 11:01:59 INFO::Formula for fixed effects: expr ~  Sequencing_Run + Line + Sex + Site + Type
2022-04-26 11:01:59 INFO::Running selected normalization method: CLR
2022-04-26 11:01:59 INFO::Filter data based on min abundance and min prevalence
2022-04-26 11:01:59 INFO::Total samples in data: 86
2022-04-26 11:01:59 INFO::Min samples required with min abundance for a feature not to be filtered: 8.600000
2022-04-26 11:01:59 INFO::Total filtered features: 97
2022-04-26 11:01:59 INFO::Filtered feature names: ALL.CHORISMATE.PWY, ARGDEG.PWY, AST.PWY, BIOTIN.BIOSYNTHESIS.PWY, CENTFERM.PWY, ECASYN.PWY, ENTBACSYN.PWY, FAO.PWY, FASYN.INITIAL.PWY, GALACTARDEG.PWY, GLUCARDEG.PWY, GLUCARGALACTSUPER.PWY, GLUCOSE1PMETAB.PWY, GLYCOL.GLYOXDEG.PWY, GLYCOLYSIS.TCA.GLYOX.BYPASS, HCAMHPDEG.PWY, HEME.BIOSYNTHESIS.II, HISDEG.PWY, KDO.NAGLIPASYN.PWY, KETOGLUCONMET.PWY, LEU.DEG2.PWY, METH.ACETATE.PWY, METHGLYUT.PWY, ORNARGDEG.PWY, ORNDEG.PWY, P105.PWY, P125.PWY, P162.PWY, P163.PWY, POLYAMINSYN3.PWY, PPGPPMET.PWY, PWY.4361, PWY.5005, PWY.5088, PWY.5177, PWY.5180, PWY.5182, PWY.5415, PWY.5507, PWY.5532, PWY.5676, PWY.5677, PWY.5705, PWY.5741, PWY.5747, PWY.5837, PWY.5845, PWY.5850, PWY.5855, PWY.5856, PWY.5857, PWY.5860, PWY.5862, PWY.5863, PWY.5896, PWY.5918, PWY.5920, PWY.5971, PWY.5989, PWY.6071, PWY.6165, PWY.6282, PWY.6478, PWY.6519, PWY.6572, PWY.6588, PWY.6590, PWY.6629, PWY.6690, PWY.6708, PWY.6728, PWY.6749, PWY.6891, PWY.7090, PWY.7094, PWY.7198, PWY.7210, PWY.7254, PWY.7332, PWY.7431, PWY.7446, PWY.7456, PWY.7527, PWY.7664, PWY0.1277, PWY0.1338, PWY0.1415, PWY0.1533, PWY0.321, PWY0.41, PWY0.42, PWYG.321, PYRIDOXSYN.PWY, REDCITCYC, TCA.GLYOX.BYPASS, THREOCAT.PWY, UBISYN.PWY
2022-04-26 11:01:59 INFO::Applying z-score to standardize continuous metadata
2022-04-26 11:01:59 INFO::Running selected transform method: NONE
2022-04-26 11:01:59 INFO::Running selected analysis method: LM
2022-04-26 11:01:59 INFO::Fitting model to feature number 1, X1CMET2.PWY
2022-04-26 11:01:59 INFO::Fitting model to feature number 2, ANAEROFRUCAT.PWY
2022-04-26 11:01:59 INFO::Fitting model to feature number 3, ANAGLYCOLYSIS.PWY
2022-04-26 11:01:59 INFO::Fitting model to feature number 4, ARG.POLYAMINE.SYN
2022-04-26 11:01:59 INFO::Fitting model to feature number 5, ARGORNPROST.PWY
2022-04-26 11:01:59 INFO::Fitting model to feature number 6, ARGSYN.PWY
2022-04-26 11:01:59 INFO::Fitting model to feature number 7, ARGSYNBSUB.PWY
2022-04-26 11:01:59 INFO::Fitting model to feature number 8, ARO.PWY
2022-04-26 11:01:59 INFO::Fitting model to feature number 9, ASPASN.PWY
2022-04-26 11:02:00 INFO::Fitting model to feature number 10, BRANCHED.CHAIN.AA.SYN.PWY
2022-04-26 11:02:00 INFO::Fitting model to feature number 11, CALVIN.PWY
2022-04-26 11:02:00 INFO::Fitting model to feature number 12, COA.PWY
2022-04-26 11:02:00 INFO::Fitting model to feature number 13, COBALSYN.PWY
2022-04-26 11:02:00 INFO::Fitting model to feature number 14, CODH.PWY
2022-04-26 11:02:00 INFO::Fitting model to feature number 15, COLANSYN.PWY
2022-04-26 11:02:00 INFO::Fitting model to feature number 16, COMPLETE.ARO.PWY
2022-04-26 11:02:00 INFO::Fitting model to feature number 17, DAPLYSINESYN.PWY
2022-04-26 11:02:00 INFO::Fitting model to feature number 18, DENOVOPURINE2.PWY
2022-04-26 11:02:00 INFO::Fitting model to feature number 19, DTDPRHAMSYN.PWY
2022-04-26 11:02:00 INFO::Fitting model to feature number 20, FASYN.ELONG.PWY
2022-04-26 11:02:00 INFO::Fitting model to feature number 21, FERMENTATION.PWY
2022-04-26 11:02:00 INFO::Fitting model to feature number 22, FOLSYN.PWY
2022-04-26 11:02:00 INFO::Fitting model to feature number 23, FUC.RHAMCAT.PWY
2022-04-26 11:02:00 INFO::Fitting model to feature number 24, FUCCAT.PWY
2022-04-26 11:02:00 INFO::Fitting model to feature number 25, GALACT.GLUCUROCAT.PWY
2022-04-26 11:02:00 INFO::Fitting model to feature number 26, GALACTUROCAT.PWY
2022-04-26 11:02:00 INFO::Fitting model to feature number 27, GLCMANNANAUT.PWY
2022-04-26 11:02:00 INFO::Fitting model to feature number 28, GLUCONEO.PWY
2022-04-26 11:02:00 INFO::Fitting model to feature number 29, GLUCUROCAT.PWY
2022-04-26 11:02:00 INFO::Fitting model to feature number 30, GLUTORN.PWY
2022-04-26 11:02:00 INFO::Fitting model to feature number 31, GLYCOCAT.PWY
2022-04-26 11:02:00 INFO::Fitting model to feature number 32, GLYCOGENSYNTH.PWY
2022-04-26 11:02:01 INFO::Fitting model to feature number 33, GLYCOLYSIS
2022-04-26 11:02:01 INFO::Fitting model to feature number 34, GLYCOLYSIS.E.D
2022-04-26 11:02:01 INFO::Fitting model to feature number 35, GLYOXYLATE.BYPASS
2022-04-26 11:02:01 INFO::Fitting model to feature number 36, GOLPDLCAT.PWY
2022-04-26 11:02:01 INFO::Fitting model to feature number 37, HEMESYN2.PWY
2022-04-26 11:02:01 INFO::Fitting model to feature number 38, HEXITOLDEGSUPER.PWY
2022-04-26 11:02:01 INFO::Fitting model to feature number 39, HISTSYN.PWY
2022-04-26 11:02:01 INFO::Fitting model to feature number 40, HOMOSER.METSYN.PWY
2022-04-26 11:02:01 INFO::Fitting model to feature number 41, HSERMETANA.PWY
2022-04-26 11:02:01 INFO::Fitting model to feature number 42, ILEUSYN.PWY
2022-04-26 11:02:01 INFO::Fitting model to feature number 43, LACTOSECAT.PWY
2022-04-26 11:02:01 INFO::Fitting model to feature number 44, MET.SAM.PWY
2022-04-26 11:02:01 INFO::Fitting model to feature number 45, NAD.BIOSYNTHESIS.II
2022-04-26 11:02:01 INFO::Fitting model to feature number 46, NAGLIPASYN.PWY
2022-04-26 11:02:01 INFO::Fitting model to feature number 47, NONMEVIPP.PWY
2022-04-26 11:02:01 INFO::Fitting model to feature number 48, NONOXIPENT.PWY
2022-04-26 11:02:01 INFO::Fitting model to feature number 49, OANTIGEN.PWY
2022-04-26 11:02:01 INFO::Fitting model to feature number 50, P108.PWY
2022-04-26 11:02:01 INFO::Fitting model to feature number 51, P122.PWY
2022-04-26 11:02:01 INFO::Fitting model to feature number 52, P124.PWY
2022-04-26 11:02:01 INFO::Fitting model to feature number 53, P161.PWY
2022-04-26 11:02:01 INFO::Fitting model to feature number 54, P164.PWY
2022-04-26 11:02:02 INFO::Fitting model to feature number 55, P23.PWY
2022-04-26 11:02:02 INFO::Fitting model to feature number 56, P341.PWY
2022-04-26 11:02:02 INFO::Fitting model to feature number 57, P4.PWY
2022-04-26 11:02:02 INFO::Fitting model to feature number 58, P42.PWY
2022-04-26 11:02:02 INFO::Fitting model to feature number 59, P441.PWY
2022-04-26 11:02:02 INFO::Fitting model to feature number 60, P461.PWY
2022-04-26 11:02:02 INFO::Fitting model to feature number 61, P562.PWY
2022-04-26 11:02:02 INFO::Fitting model to feature number 62, PANTO.PWY
2022-04-26 11:02:02 INFO::Fitting model to feature number 63, PANTOSYN.PWY
2022-04-26 11:02:02 INFO::Fitting model to feature number 64, PENTOSE.P.PWY
2022-04-26 11:02:02 INFO::Fitting model to feature number 65, PEPTIDOGLYCANSYN.PWY
2022-04-26 11:02:02 INFO::Fitting model to feature number 66, PHOSLIPSYN.PWY
2022-04-26 11:02:02 INFO::Fitting model to feature number 67, POLYAMSYN.PWY
2022-04-26 11:02:02 INFO::Fitting model to feature number 68, POLYISOPRENSYN.PWY
2022-04-26 11:02:02 INFO::Fitting model to feature number 69, PRPP.PWY
2022-04-26 11:02:02 INFO::Fitting model to feature number 70, PWY.1269
2022-04-26 11:02:02 INFO::Fitting model to feature number 71, PWY.1861
2022-04-26 11:02:02 INFO::Fitting model to feature number 72, PWY.2941
2022-04-26 11:02:02 INFO::Fitting model to feature number 73, PWY.2942
2022-04-26 11:02:02 INFO::Fitting model to feature number 74, PWY.3001
2022-04-26 11:02:02 INFO::Fitting model to feature number 75, PWY.3781
2022-04-26 11:02:02 INFO::Fitting model to feature number 76, PWY.4984
2022-04-26 11:02:02 INFO::Fitting model to feature number 77, PWY.5022
2022-04-26 11:02:03 INFO::Fitting model to feature number 78, PWY.5097
2022-04-26 11:02:03 INFO::Fitting model to feature number 79, PWY.5100
2022-04-26 11:02:03 INFO::Fitting model to feature number 80, PWY.5101
2022-04-26 11:02:03 INFO::Fitting model to feature number 81, PWY.5103
2022-04-26 11:02:03 INFO::Fitting model to feature number 82, PWY.5104
2022-04-26 11:02:03 INFO::Fitting model to feature number 83, PWY.5121
2022-04-26 11:02:03 INFO::Fitting model to feature number 84, PWY.5154
2022-04-26 11:02:03 INFO::Fitting model to feature number 85, PWY.5188
2022-04-26 11:02:03 INFO::Fitting model to feature number 86, PWY.5189
2022-04-26 11:02:03 INFO::Fitting model to feature number 87, PWY.5265
2022-04-26 11:02:03 INFO::Fitting model to feature number 88, PWY.5304
2022-04-26 11:02:03 INFO::Fitting model to feature number 89, PWY.5345
2022-04-26 11:02:03 INFO::Fitting model to feature number 90, PWY.5347
2022-04-26 11:02:03 INFO::Fitting model to feature number 91, PWY.5384
2022-04-26 11:02:03 INFO::Fitting model to feature number 92, PWY.5484
2022-04-26 11:02:03 INFO::Fitting model to feature number 93, PWY.5505
2022-04-26 11:02:03 INFO::Fitting model to feature number 94, PWY.5509
2022-04-26 11:02:03 INFO::Fitting model to feature number 95, PWY.5659
2022-04-26 11:02:03 INFO::Fitting model to feature number 96, PWY.5667
2022-04-26 11:02:03 INFO::Fitting model to feature number 97, PWY.5686
2022-04-26 11:02:03 INFO::Fitting model to feature number 98, PWY.5695
2022-04-26 11:02:03 INFO::Fitting model to feature number 99, PWY.5838
2022-04-26 11:02:04 INFO::Fitting model to feature number 100, PWY.5840
2022-04-26 11:02:04 INFO::Fitting model to feature number 101, PWY.5861
2022-04-26 11:02:04 INFO::Fitting model to feature number 102, PWY.5897
2022-04-26 11:02:04 INFO::Fitting model to feature number 103, PWY.5898
2022-04-26 11:02:04 INFO::Fitting model to feature number 104, PWY.5899
2022-04-26 11:02:04 INFO::Fitting model to feature number 105, PWY.5910
2022-04-26 11:02:04 INFO::Fitting model to feature number 106, PWY.5913
2022-04-26 11:02:04 INFO::Fitting model to feature number 107, PWY.5973
2022-04-26 11:02:04 INFO::Fitting model to feature number 108, PWY.6121
2022-04-26 11:02:04 INFO::Fitting model to feature number 109, PWY.6122
2022-04-26 11:02:04 INFO::Fitting model to feature number 110, PWY.6123
2022-04-26 11:02:04 INFO::Fitting model to feature number 111, PWY.6125
2022-04-26 11:02:04 INFO::Fitting model to feature number 112, PWY.6126
2022-04-26 11:02:04 INFO::Fitting model to feature number 113, PWY.6147
2022-04-26 11:02:04 INFO::Fitting model to feature number 114, PWY.6151
2022-04-26 11:02:04 INFO::Fitting model to feature number 115, PWY.6163
2022-04-26 11:02:04 INFO::Fitting model to feature number 116, PWY.621
2022-04-26 11:02:04 INFO::Fitting model to feature number 117, PWY.6263
2022-04-26 11:02:04 INFO::Fitting model to feature number 118, PWY.6269
2022-04-26 11:02:04 INFO::Fitting model to feature number 119, PWY.6277
2022-04-26 11:02:04 INFO::Fitting model to feature number 120, PWY.6317
2022-04-26 11:02:04 INFO::Fitting model to feature number 121, PWY.6353
2022-04-26 11:02:05 INFO::Fitting model to feature number 122, PWY.6385
2022-04-26 11:02:05 INFO::Fitting model to feature number 123, PWY.6386
2022-04-26 11:02:05 INFO::Fitting model to feature number 124, PWY.6387
2022-04-26 11:02:05 INFO::Fitting model to feature number 125, PWY.6396
2022-04-26 11:02:05 INFO::Fitting model to feature number 126, PWY.6467
2022-04-26 11:02:05 INFO::Fitting model to feature number 127, PWY.6470
2022-04-26 11:02:05 INFO::Fitting model to feature number 128, PWY.6471
2022-04-26 11:02:05 INFO::Fitting model to feature number 129, PWY.6507
2022-04-26 11:02:05 INFO::Fitting model to feature number 130, PWY.6545
2022-04-26 11:02:05 INFO::Fitting model to feature number 131, PWY.6608
2022-04-26 11:02:05 INFO::Fitting model to feature number 132, PWY.6609
2022-04-26 11:02:05 INFO::Fitting model to feature number 133, PWY.6612
2022-04-26 11:02:05 INFO::Fitting model to feature number 134, PWY.6628
2022-04-26 11:02:05 INFO::Fitting model to feature number 135, PWY.6630
2022-04-26 11:02:05 INFO::Fitting model to feature number 136, PWY.6700
2022-04-26 11:02:05 INFO::Fitting model to feature number 137, PWY.6703
2022-04-26 11:02:05 INFO::Fitting model to feature number 138, PWY.6737
2022-04-26 11:02:05 INFO::Fitting model to feature number 139, PWY.6892
2022-04-26 11:02:05 INFO::Fitting model to feature number 140, PWY.6895
2022-04-26 11:02:05 INFO::Fitting model to feature number 141, PWY.6897
2022-04-26 11:02:05 INFO::Fitting model to feature number 142, PWY.6901
2022-04-26 11:02:05 INFO::Fitting model to feature number 143, PWY.6969
2022-04-26 11:02:05 INFO::Fitting model to feature number 144, PWY.7003
2022-04-26 11:02:06 INFO::Fitting model to feature number 145, PWY.7013
2022-04-26 11:02:06 INFO::Fitting model to feature number 146, PWY.7111
2022-04-26 11:02:06 INFO::Fitting model to feature number 147, PWY.7184
2022-04-26 11:02:06 INFO::Fitting model to feature number 148, PWY.7187
2022-04-26 11:02:06 INFO::Fitting model to feature number 149, PWY.7196
2022-04-26 11:02:06 INFO::Fitting model to feature number 150, PWY.7197
2022-04-26 11:02:06 INFO::Fitting model to feature number 151, PWY.7199
2022-04-26 11:02:06 INFO::Fitting model to feature number 152, PWY.7200
2022-04-26 11:02:06 INFO::Fitting model to feature number 153, PWY.7208
2022-04-26 11:02:06 INFO::Fitting model to feature number 154, PWY.7211
2022-04-26 11:02:06 INFO::Fitting model to feature number 155, PWY.7219
2022-04-26 11:02:06 INFO::Fitting model to feature number 156, PWY.7220
2022-04-26 11:02:06 INFO::Fitting model to feature number 157, PWY.7221
2022-04-26 11:02:06 INFO::Fitting model to feature number 158, PWY.7222
2022-04-26 11:02:06 INFO::Fitting model to feature number 159, PWY.7228
2022-04-26 11:02:06 INFO::Fitting model to feature number 160, PWY.7229
2022-04-26 11:02:06 INFO::Fitting model to feature number 161, PWY.7234
2022-04-26 11:02:06 INFO::Fitting model to feature number 162, PWY.7237
2022-04-26 11:02:06 INFO::Fitting model to feature number 163, PWY.7242
2022-04-26 11:02:06 INFO::Fitting model to feature number 164, PWY.7315
2022-04-26 11:02:06 INFO::Fitting model to feature number 165, PWY.7323
2022-04-26 11:02:06 INFO::Fitting model to feature number 166, PWY.7328
2022-04-26 11:02:07 INFO::Fitting model to feature number 167, PWY.7371
2022-04-26 11:02:07 INFO::Fitting model to feature number 168, PWY.7374
2022-04-26 11:02:07 INFO::Fitting model to feature number 169, PWY.7377
2022-04-26 11:02:07 INFO::Fitting model to feature number 170, PWY.7392
2022-04-26 11:02:07 INFO::Fitting model to feature number 171, PWY.7400
2022-04-26 11:02:07 INFO::Fitting model to feature number 172, PWY.7539
2022-04-26 11:02:07 INFO::Fitting model to feature number 173, PWY.7560
2022-04-26 11:02:07 INFO::Fitting model to feature number 174, PWY.7663
2022-04-26 11:02:07 INFO::Fitting model to feature number 175, PWY.841
2022-04-26 11:02:07 INFO::Fitting model to feature number 176, PWY.922
2022-04-26 11:02:07 INFO::Fitting model to feature number 177, PWY0.1061
2022-04-26 11:02:07 INFO::Fitting model to feature number 178, PWY0.1241
2022-04-26 11:02:07 INFO::Fitting model to feature number 179, PWY0.1261
2022-04-26 11:02:07 INFO::Fitting model to feature number 180, PWY0.1296
2022-04-26 11:02:07 INFO::Fitting model to feature number 181, PWY0.1297
2022-04-26 11:02:07 INFO::Fitting model to feature number 182, PWY0.1298
2022-04-26 11:02:07 INFO::Fitting model to feature number 183, PWY0.1319
2022-04-26 11:02:07 INFO::Fitting model to feature number 184, PWY0.1479
2022-04-26 11:02:07 INFO::Fitting model to feature number 185, PWY0.1586
2022-04-26 11:02:07 INFO::Fitting model to feature number 186, PWY0.162
2022-04-26 11:02:07 INFO::Fitting model to feature number 187, PWY0.166
2022-04-26 11:02:07 INFO::Fitting model to feature number 188, PWY0.781
2022-04-26 11:02:07 INFO::Fitting model to feature number 189, PWY0.845
2022-04-26 11:02:08 INFO::Fitting model to feature number 190, PWY0.862
2022-04-26 11:02:08 INFO::Fitting model to feature number 191, PWY490.3
2022-04-26 11:02:08 INFO::Fitting model to feature number 192, PWY4FS.7
2022-04-26 11:02:08 INFO::Fitting model to feature number 193, PWY4FS.8
2022-04-26 11:02:08 INFO::Fitting model to feature number 194, PYRIDNUCSAL.PWY
2022-04-26 11:02:08 INFO::Fitting model to feature number 195, PYRIDNUCSYN.PWY
2022-04-26 11:02:08 INFO::Fitting model to feature number 196, RHAMCAT.PWY
2022-04-26 11:02:08 INFO::Fitting model to feature number 197, RIBOSYN2.PWY
2022-04-26 11:02:08 INFO::Fitting model to feature number 198, RUMP.PWY
2022-04-26 11:02:08 INFO::Fitting model to feature number 199, SALVADEHYPOX.PWY
2022-04-26 11:02:08 INFO::Fitting model to feature number 200, SER.GLYSYN.PWY
2022-04-26 11:02:08 INFO::Fitting model to feature number 201, SO4ASSIM.PWY
2022-04-26 11:02:08 INFO::Fitting model to feature number 202, SULFATE.CYS.PWY
2022-04-26 11:02:08 INFO::Fitting model to feature number 203, TCA
2022-04-26 11:02:08 INFO::Fitting model to feature number 204, TEICHOICACID.PWY
2022-04-26 11:02:08 INFO::Fitting model to feature number 205, THISYN.PWY
2022-04-26 11:02:08 INFO::Fitting model to feature number 206, THRESYN.PWY
2022-04-26 11:02:08 INFO::Fitting model to feature number 207, TRNA.CHARGING.PWY
2022-04-26 11:02:08 INFO::Fitting model to feature number 208, TRPSYN.PWY
2022-04-26 11:02:08 INFO::Fitting model to feature number 209, UDPNAGSYN.PWY
2022-04-26 11:02:08 INFO::Fitting model to feature number 210, VALSYN.PWY
2022-04-26 11:02:09 INFO::Counting total values for each feature
2022-04-26 11:02:09 INFO::Writing residuals to file CLR-SI-ComBat-Maaslin-SeqRunLineSexSiteType-1-MsID/residuals.rds
2022-04-26 11:02:09 INFO::Writing all results to file (ordered by increasing q-values): CLR-SI-ComBat-Maaslin-SeqRunLineSexSiteType-1-MsID/all_results.tsv
2022-04-26 11:02:09 INFO::Writing the significant results (those which are less than or equal to the threshold of 0.250000 ) to file (ordered by increasing q-values): CLR-SI-ComBat-Maaslin-SeqRunLineSexSiteType-1-MsID/significant_results.tsv
2022-04-26 11:02:09 INFO::Writing heatmap of significant results to file: CLR-SI-ComBat-Maaslin-SeqRunLineSexSiteType-1-MsID/heatmap.pdf
2022-04-26 11:02:09 INFO::Writing association plots (one for each significant association) to output folder: CLR-SI-ComBat-Maaslin-SeqRunLineSexSiteType-1-MsID
2022-04-26 11:02:09 INFO::Plotting associations from most to least significant, grouped by metadata
2022-04-26 11:02:09 INFO::Plotting data for metadata number 1, Type
2022-04-26 11:02:09 INFO::Creating boxplot for categorical data, Type vs PWY490.3
2022-04-26 11:02:09 INFO::Creating boxplot for categorical data, Type vs PWY.1861
2022-04-26 11:02:09 INFO::Creating boxplot for categorical data, Type vs ARGSYNBSUB.PWY
2022-04-26 11:02:09 INFO::Creating boxplot for categorical data, Type vs PWY.5505
2022-04-26 11:02:09 INFO::Creating boxplot for categorical data, Type vs RUMP.PWY
2022-04-26 11:02:09 INFO::Creating boxplot for categorical data, Type vs ARGSYN.PWY
2022-04-26 11:02:09 INFO::Creating boxplot for categorical data, Type vs GLUTORN.PWY
2022-04-26 11:02:09 INFO::Creating boxplot for categorical data, Type vs PWY.7400
2022-04-26 11:02:09 INFO::Creating boxplot for categorical data, Type vs PWY.6737
2022-04-26 11:02:09 INFO::Creating boxplot for categorical data, Type vs GLYCOCAT.PWY
2022-04-26 11:02:10 INFO::Creating boxplot for categorical data, Type vs PWY.7328
2022-04-26 11:02:10 INFO::Creating boxplot for categorical data, Type vs PWY.3781
2022-04-26 11:02:10 INFO::Creating boxplot for categorical data, Type vs PWY.7111
2022-04-26 11:02:10 INFO::Creating boxplot for categorical data, Type vs HISTSYN.PWY
2022-04-26 11:02:10 INFO::Creating boxplot for categorical data, Type vs PWY.5103
2022-04-26 11:02:10 INFO::Creating boxplot for categorical data, Type vs PYRIDNUCSYN.PWY
2022-04-26 11:02:10 INFO::Creating boxplot for categorical data, Type vs BRANCHED.CHAIN.AA.SYN.PWY
2022-04-26 11:02:10 INFO::Creating boxplot for categorical data, Type vs PWY0.1241
2022-04-26 11:02:10 INFO::Creating boxplot for categorical data, Type vs DTDPRHAMSYN.PWY
2022-04-26 11:02:10 INFO::Creating boxplot for categorical data, Type vs ILEUSYN.PWY
2022-04-26 11:02:10 INFO::Creating boxplot for categorical data, Type vs PWY.5101
2022-04-26 11:02:10 INFO::Creating boxplot for categorical data, Type vs PWY.5104
2022-04-26 11:02:11 INFO::Creating boxplot for categorical data, Type vs VALSYN.PWY
2022-04-26 11:02:11 INFO::Creating boxplot for categorical data, Type vs PWY.6630
2022-04-26 11:02:11 INFO::Creating boxplot for categorical data, Type vs SER.GLYSYN.PWY
2022-04-26 11:02:11 INFO::Creating boxplot for categorical data, Type vs X1CMET2.PWY
2022-04-26 11:02:11 INFO::Creating boxplot for categorical data, Type vs PWY.5345
2022-04-26 11:02:11 INFO::Creating boxplot for categorical data, Type vs PWY.6628
2022-04-26 11:02:11 INFO::Creating boxplot for categorical data, Type vs PWY.6545
2022-04-26 11:02:11 INFO::Creating boxplot for categorical data, Type vs NONOXIPENT.PWY
2022-04-26 11:02:11 INFO::Creating boxplot for categorical data, Type vs POLYAMSYN.PWY
2022-04-26 11:02:11 INFO::Creating boxplot for categorical data, Type vs PWY.3001
2022-04-26 11:02:11 INFO::Creating boxplot for categorical data, Type vs ARG.POLYAMINE.SYN
2022-04-26 11:02:11 INFO::Creating boxplot for categorical data, Type vs SULFATE.CYS.PWY
2022-04-26 11:02:12 INFO::Creating boxplot for categorical data, Type vs GLYOXYLATE.BYPASS
2022-04-26 11:02:12 INFO::Creating boxplot for categorical data, Type vs SO4ASSIM.PWY
2022-04-26 11:02:12 INFO::Creating boxplot for categorical data, Type vs PWY.7371
2022-04-26 11:02:12 INFO::Creating boxplot for categorical data, Type vs PWY.6263
2022-04-26 11:02:12 INFO::Creating boxplot for categorical data, Type vs COBALSYN.PWY
2022-04-26 11:02:12 INFO::Creating boxplot for categorical data, Type vs PYRIDNUCSAL.PWY
2022-04-26 11:02:12 INFO::Creating boxplot for categorical data, Type vs CALVIN.PWY
2022-04-26 11:02:12 INFO::Creating boxplot for categorical data, Type vs PWY.5188
2022-04-26 11:02:12 INFO::Creating boxplot for categorical data, Type vs PWY.5189
2022-04-26 11:02:12 INFO::Creating boxplot for categorical data, Type vs TCA
2022-04-26 11:02:12 INFO::Creating boxplot for categorical data, Type vs PWY0.845
2022-04-26 11:02:13 INFO::Creating boxplot for categorical data, Type vs PWY.7374
2022-04-26 11:02:13 INFO::Creating boxplot for categorical data, Type vs PENTOSE.P.PWY
2022-04-26 11:02:13 INFO::Creating boxplot for categorical data, Type vs ASPASN.PWY
2022-04-26 11:02:13 INFO::Creating boxplot for categorical data, Type vs PWY.5265
2022-04-26 11:02:13 INFO::Creating boxplot for categorical data, Type vs PWY.6612
2022-04-26 11:02:13 INFO::Creating boxplot for categorical data, Type vs FOLSYN.PWY
2022-04-26 11:02:13 INFO::Creating boxplot for categorical data, Type vs PWY.5913
2022-04-26 11:02:13 INFO::Creating boxplot for categorical data, Type vs PWY.5022
2022-04-26 11:02:13 INFO::Creating boxplot for categorical data, Type vs NONMEVIPP.PWY
2022-04-26 11:02:13 INFO::Creating boxplot for categorical data, Type vs PWY.7560
2022-04-26 11:02:13 INFO::Creating boxplot for categorical data, Type vs OANTIGEN.PWY
2022-04-26 11:02:13 INFO::Creating boxplot for categorical data, Type vs COMPLETE.ARO.PWY
2022-04-26 11:02:14 INFO::Creating boxplot for categorical data, Type vs DAPLYSINESYN.PWY
2022-04-26 11:02:14 INFO::Creating boxplot for categorical data, Type vs PWY.6897
2022-04-26 11:02:14 INFO::Creating boxplot for categorical data, Type vs PWY.5121
2022-04-26 11:02:14 INFO::Creating boxplot for categorical data, Type vs PWY.5659
2022-04-26 11:02:14 INFO::Creating boxplot for categorical data, Type vs PWY.6969
2022-04-26 11:02:14 INFO::Creating boxplot for categorical data, Type vs PWY0.1479
2022-04-26 11:02:14 INFO::Creating boxplot for categorical data, Type vs ARGORNPROST.PWY
2022-04-26 11:02:14 INFO::Creating boxplot for categorical data, Type vs PWY.7211
2022-04-26 11:02:14 INFO::Creating boxplot for categorical data, Type vs PWY.4984
2022-04-26 11:02:14 INFO::Creating boxplot for categorical data, Type vs CODH.PWY
2022-04-26 11:02:14 INFO::Creating boxplot for categorical data, Type vs PWY.5304
2022-04-26 11:02:14 INFO::Creating boxplot for categorical data, Type vs PRPP.PWY
2022-04-26 11:02:15 INFO::Creating boxplot for categorical data, Type vs GLYCOGENSYNTH.PWY
2022-04-26 11:02:15 INFO::Creating boxplot for categorical data, Type vs ARO.PWY
2022-04-26 11:02:15 INFO::Creating boxplot for categorical data, Type vs TEICHOICACID.PWY
2022-04-26 11:02:15 INFO::Creating boxplot for categorical data, Type vs PWY.7200
2022-04-26 11:02:15 INFO::Creating boxplot for categorical data, Type vs PWY.5686
2022-04-26 11:02:15 INFO::Creating boxplot for categorical data, Type vs PWY.7392
2022-04-26 11:02:15 INFO::Creating boxplot for categorical data, Type vs PWY.5509
2022-04-26 11:02:15 INFO::Creating boxplot for categorical data, Type vs ANAEROFRUCAT.PWY
2022-04-26 11:02:15 INFO::Creating boxplot for categorical data, Type vs PWY.6269
2022-04-26 11:02:16 INFO::Plotting data for metadata number 2, Line
2022-04-26 11:02:16 INFO::Creating boxplot for categorical data, Line vs PWY.5913
2022-04-26 11:02:16 INFO::Creating boxplot for categorical data, Line vs FERMENTATION.PWY
2022-04-26 11:02:16 INFO::Creating boxplot for categorical data, Line vs PWY.4984
2022-04-26 11:02:16 INFO::Creating boxplot for categorical data, Line vs P23.PWY
2022-04-26 11:02:16 INFO::Creating boxplot for categorical data, Line vs GLYCOLYSIS.E.D
2022-04-26 11:02:16 INFO::Creating boxplot for categorical data, Line vs RIBOSYN2.PWY
2022-04-26 11:02:16 INFO::Creating boxplot for categorical data, Line vs PWY0.1479
2022-04-26 11:02:16 INFO::Creating boxplot for categorical data, Line vs PWY0.862
2022-04-26 11:02:16 INFO::Creating boxplot for categorical data, Line vs P441.PWY
2022-04-26 11:02:16 INFO::Creating boxplot for categorical data, Line vs PENTOSE.P.PWY
2022-04-26 11:02:16 INFO::Creating boxplot for categorical data, Line vs ARGORNPROST.PWY
2022-04-26 11:02:17 INFO::Creating boxplot for categorical data, Line vs PWY0.1261
2022-04-26 11:02:17 INFO::Creating boxplot for categorical data, Line vs CODH.PWY
2022-04-26 11:02:17 INFO::Creating boxplot for categorical data, Line vs PWY.7111
2022-04-26 11:02:17 INFO::Creating boxplot for categorical data, Line vs P461.PWY
2022-04-26 11:02:17 INFO::Creating boxplot for categorical data, Line vs ARGSYNBSUB.PWY
2022-04-26 11:02:17 INFO::Creating boxplot for categorical data, Line vs HEMESYN2.PWY
2022-04-26 11:02:17 INFO::Creating boxplot for categorical data, Line vs PWY.6897
2022-04-26 11:02:17 INFO::Creating boxplot for categorical data, Line vs GLUCUROCAT.PWY
2022-04-26 11:02:17 INFO::Creating boxplot for categorical data, Line vs GLUTORN.PWY
2022-04-26 11:02:17 INFO::Creating boxplot for categorical data, Line vs NAD.BIOSYNTHESIS.II
2022-04-26 11:02:17 INFO::Creating boxplot for categorical data, Line vs PWY.5304
2022-04-26 11:02:18 INFO::Creating boxplot for categorical data, Line vs TCA
2022-04-26 11:02:18 INFO::Creating boxplot for categorical data, Line vs X1CMET2.PWY
2022-04-26 11:02:18 INFO::Creating boxplot for categorical data, Line vs PYRIDNUCSYN.PWY
2022-04-26 11:02:18 INFO::Creating boxplot for categorical data, Line vs RHAMCAT.PWY
2022-04-26 11:02:18 INFO::Creating boxplot for categorical data, Line vs ARGSYN.PWY
2022-04-26 11:02:18 INFO::Creating boxplot for categorical data, Line vs PWY.1861
2022-04-26 11:02:18 INFO::Creating boxplot for categorical data, Line vs PWY.5101
2022-04-26 11:02:18 INFO::Creating boxplot for categorical data, Line vs PWY.7400
2022-04-26 11:02:18 INFO::Creating boxplot for categorical data, Line vs PYRIDNUCSAL.PWY
2022-04-26 11:02:18 INFO::Creating boxplot for categorical data, Line vs PWY.7242
2022-04-26 11:02:18 INFO::Creating boxplot for categorical data, Line vs RUMP.PWY
2022-04-26 11:02:18 INFO::Creating boxplot for categorical data, Line vs ILEUSYN.PWY
2022-04-26 11:02:19 INFO::Creating boxplot for categorical data, Line vs VALSYN.PWY
2022-04-26 11:02:19 INFO::Creating boxplot for categorical data, Line vs HISTSYN.PWY
2022-04-26 11:02:19 INFO::Creating boxplot for categorical data, Line vs CALVIN.PWY
2022-04-26 11:02:19 INFO::Creating boxplot for categorical data, Line vs PANTOSYN.PWY
2022-04-26 11:02:19 INFO::Creating boxplot for categorical data, Line vs PWY.7003
2022-04-26 11:02:19 INFO::Creating boxplot for categorical data, Line vs PWY.5103
2022-04-26 11:02:19 INFO::Creating boxplot for categorical data, Line vs FOLSYN.PWY
2022-04-26 11:02:19 INFO::Creating boxplot for categorical data, Line vs GALACT.GLUCUROCAT.PWY
2022-04-26 11:02:19 INFO::Creating boxplot for categorical data, Line vs NONOXIPENT.PWY
2022-04-26 11:02:19 INFO::Creating boxplot for categorical data, Line vs GLYCOCAT.PWY
2022-04-26 11:02:19 INFO::Creating boxplot for categorical data, Line vs PWY.6612
2022-04-26 11:02:20 INFO::Creating boxplot for categorical data, Line vs PWY.6969
2022-04-26 11:02:20 INFO::Creating boxplot for categorical data, Line vs PANTO.PWY
2022-04-26 11:02:20 INFO::Creating boxplot for categorical data, Line vs PWY.5022
2022-04-26 11:02:20 INFO::Creating boxplot for categorical data, Line vs PWY.5104
2022-04-26 11:02:20 INFO::Creating boxplot for categorical data, Line vs PWY.922
2022-04-26 11:02:20 INFO::Creating boxplot for categorical data, Line vs PWY.6703
2022-04-26 11:02:20 INFO::Creating boxplot for categorical data, Line vs GALACTUROCAT.PWY
2022-04-26 11:02:20 INFO::Creating boxplot for categorical data, Line vs BRANCHED.CHAIN.AA.SYN.PWY
2022-04-26 11:02:20 INFO::Creating boxplot for categorical data, Line vs PWY.5910
2022-04-26 11:02:20 INFO::Creating boxplot for categorical data, Line vs PWY.7377
2022-04-26 11:02:20 INFO::Creating boxplot for categorical data, Line vs PWY.6396
2022-04-26 11:02:21 INFO::Creating boxplot for categorical data, Line vs PWY.6737
2022-04-26 11:02:21 INFO::Creating boxplot for categorical data, Line vs SER.GLYSYN.PWY
2022-04-26 11:02:21 INFO::Creating boxplot for categorical data, Line vs GOLPDLCAT.PWY
2022-04-26 11:02:21 INFO::Creating boxplot for categorical data, Line vs P164.PWY
2022-04-26 11:02:21 INFO::Creating boxplot for categorical data, Line vs P562.PWY
2022-04-26 11:02:21 INFO::Creating boxplot for categorical data, Line vs PWY.7013
2022-04-26 11:02:21 INFO::Creating boxplot for categorical data, Line vs PWY.7220
2022-04-26 11:02:21 INFO::Creating boxplot for categorical data, Line vs PWY.7222
2022-04-26 11:02:21 INFO::Creating boxplot for categorical data, Line vs PWY.3001
2022-04-26 11:02:21 INFO::Creating boxplot for categorical data, Line vs OANTIGEN.PWY
2022-04-26 11:02:21 INFO::Creating boxplot for categorical data, Line vs PWY.6507
2022-04-26 11:02:21 INFO::Creating boxplot for categorical data, Line vs PWY.7539
2022-04-26 11:02:22 INFO::Creating boxplot for categorical data, Line vs PWY.7392
2022-04-26 11:02:22 INFO::Creating boxplot for categorical data, Line vs PWY0.1241
2022-04-26 11:02:22 INFO::Creating boxplot for categorical data, Line vs PWY.6892
2022-04-26 11:02:22 INFO::Creating boxplot for categorical data, Line vs PWY.6608
2022-04-26 11:02:22 INFO::Creating boxplot for categorical data, Line vs PWY.7237
2022-04-26 11:02:22 INFO::Creating boxplot for categorical data, Line vs SULFATE.CYS.PWY
2022-04-26 11:02:22 INFO::Creating boxplot for categorical data, Line vs PWY.7374
2022-04-26 11:02:22 INFO::Creating boxplot for categorical data, Line vs SO4ASSIM.PWY
2022-04-26 11:02:22 INFO::Creating boxplot for categorical data, Line vs PWY.5505
2022-04-26 11:02:22 INFO::Creating boxplot for categorical data, Line vs PWY.6470
2022-04-26 11:02:22 INFO::Creating boxplot for categorical data, Line vs P341.PWY
2022-04-26 11:02:23 INFO::Creating boxplot for categorical data, Line vs PWY.5695
2022-04-26 11:02:23 INFO::Plotting data for metadata number 3, Site
2022-04-26 11:02:23 INFO::Creating boxplot for categorical data, Site vs PWY.7539
2022-04-26 11:02:23 INFO::Creating boxplot for categorical data, Site vs PWY.6147
2022-04-26 11:02:23 INFO::Creating boxplot for categorical data, Site vs PWY.7211
2022-04-26 11:02:23 INFO::Creating boxplot for categorical data, Site vs PWY.5154
2022-04-26 11:02:23 INFO::Creating boxplot for categorical data, Site vs PRPP.PWY
2022-04-26 11:02:23 INFO::Creating boxplot for categorical data, Site vs PWY0.1261
2022-04-26 11:02:23 INFO::Creating boxplot for categorical data, Site vs POLYAMSYN.PWY
2022-04-26 11:02:24 INFO::Creating boxplot for categorical data, Site vs P108.PWY
2022-04-26 11:02:24 INFO::Creating boxplot for categorical data, Site vs NAGLIPASYN.PWY
2022-04-26 11:02:24 INFO::Creating boxplot for categorical data, Site vs PWY.1269
2022-04-26 11:02:24 INFO::Creating boxplot for categorical data, Site vs PWY.6467
2022-04-26 11:02:24 INFO::Creating boxplot for categorical data, Site vs PWY.7377
2022-04-26 11:02:24 INFO::Creating boxplot for categorical data, Site vs ARG.POLYAMINE.SYN
2022-04-26 11:02:24 INFO::Creating boxplot for categorical data, Site vs PWY0.1261
2022-04-26 11:02:24 INFO::Creating boxplot for categorical data, Site vs PWY.7539
2022-04-26 11:02:24 INFO::Creating boxplot for categorical data, Site vs PWY.6147
2022-04-26 11:02:24 INFO::Creating boxplot for categorical data, Site vs POLYAMSYN.PWY
2022-04-26 11:02:25 INFO::Creating boxplot for categorical data, Site vs PANTO.PWY
2022-04-26 11:02:25 INFO::Creating boxplot for categorical data, Site vs PANTOSYN.PWY
2022-04-26 11:02:25 INFO::Creating boxplot for categorical data, Site vs ARG.POLYAMINE.SYN
2022-04-26 11:02:25 INFO::Creating boxplot for categorical data, Site vs P42.PWY
2022-04-26 11:02:25 INFO::Creating boxplot for categorical data, Site vs PWY.5695
2022-04-26 11:02:25 INFO::Creating boxplot for categorical data, Site vs THISYN.PWY
2022-04-26 11:02:25 INFO::Creating boxplot for categorical data, Site vs P23.PWY
2022-04-26 11:02:25 INFO::Creating boxplot for categorical data, Site vs PWY.7013
2022-04-26 11:02:25 INFO::Creating boxplot for categorical data, Site vs PWY.7211
2022-04-26 11:02:25 INFO::Creating boxplot for categorical data, Site vs PRPP.PWY
2022-04-26 11:02:26 INFO::Creating boxplot for categorical data, Site vs PWY.5188
2022-04-26 11:02:26 INFO::Creating boxplot for categorical data, Site vs PWY.5189
2022-04-26 11:02:26 INFO::Creating boxplot for categorical data, Site vs DTDPRHAMSYN.PWY
2022-04-26 11:02:26 INFO::Creating boxplot for categorical data, Site vs PWY.7377
2022-04-26 11:02:26 INFO::Creating boxplot for categorical data, Site vs GLUCONEO.PWY
2022-04-26 11:02:26 INFO::Creating boxplot for categorical data, Site vs PWY0.1479
2022-04-26 11:02:26 INFO::Creating boxplot for categorical data, Site vs PWY.7323
2022-04-26 11:02:26 INFO::Creating boxplot for categorical data, Site vs PWY.5189
2022-04-26 11:02:26 INFO::Creating boxplot for categorical data, Site vs GLUCONEO.PWY
2022-04-26 11:02:26 INFO::Creating boxplot for categorical data, Site vs PWY.6969
2022-04-26 11:02:26 INFO::Creating boxplot for categorical data, Site vs COLANSYN.PWY
2022-04-26 11:02:27 INFO::Creating boxplot for categorical data, Site vs PWY.5188
2022-04-26 11:02:27 INFO::Creating boxplot for categorical data, Site vs GOLPDLCAT.PWY
2022-04-26 11:02:27 INFO::Creating boxplot for categorical data, Site vs PWY.6467
2022-04-26 11:02:27 INFO::Creating boxplot for categorical data, Site vs CODH.PWY
2022-04-26 11:02:27 INFO::Creating boxplot for categorical data, Site vs PWY.1269
2022-04-26 11:02:27 INFO::Creating boxplot for categorical data, Site vs PWY.5384
2022-04-26 11:02:27 INFO::Creating boxplot for categorical data, Site vs ANAEROFRUCAT.PWY
2022-04-26 11:02:27 INFO::Creating boxplot for categorical data, Site vs COBALSYN.PWY
2022-04-26 11:02:27 INFO::Creating boxplot for categorical data, Site vs NAGLIPASYN.PWY
2022-04-26 11:02:27 INFO::Creating boxplot for categorical data, Site vs PWY.6700
2022-04-26 11:02:28 INFO::Creating boxplot for categorical data, Site vs PWY.5345
2022-04-26 11:02:28 INFO::Creating boxplot for categorical data, Site vs PWY.5695
2022-04-26 11:02:28 INFO::Creating boxplot for categorical data, Site vs ANAEROFRUCAT.PWY
2022-04-26 11:02:28 INFO::Creating boxplot for categorical data, Site vs PWY.5384
2022-04-26 11:02:28 INFO::Creating boxplot for categorical data, Site vs PWY.7013
2022-04-26 11:02:28 INFO::Plotting data for metadata number 4, Sex
2022-04-26 11:02:28 INFO::Creating boxplot for categorical data, Sex vs GLUTORN.PWY
2022-04-26 11:02:28 INFO::Creating boxplot for categorical data, Sex vs PWY.7111
2022-04-26 11:02:29 INFO::Creating boxplot for categorical data, Sex vs HISTSYN.PWY
2022-04-26 11:02:29 INFO::Creating boxplot for categorical data, Sex vs PWY.5101
2022-04-26 11:02:29 INFO::Creating boxplot for categorical data, Sex vs PWY.5103
2022-04-26 11:02:29 INFO::Creating boxplot for categorical data, Sex vs PWY.1861
2022-04-26 11:02:29 INFO::Creating boxplot for categorical data, Sex vs ILEUSYN.PWY
2022-04-26 11:02:29 INFO::Creating boxplot for categorical data, Sex vs VALSYN.PWY
2022-04-26 11:02:29 INFO::Creating boxplot for categorical data, Sex vs PYRIDNUCSYN.PWY
2022-04-26 11:02:29 INFO::Creating boxplot for categorical data, Sex vs PWY.5104
2022-04-26 11:02:29 INFO::Creating boxplot for categorical data, Sex vs BRANCHED.CHAIN.AA.SYN.PWY
2022-04-26 11:02:29 INFO::Creating boxplot for categorical data, Sex vs PWY.5505
2022-04-26 11:02:29 INFO::Creating boxplot for categorical data, Sex vs NONOXIPENT.PWY
2022-04-26 11:02:30 INFO::Creating boxplot for categorical data, Sex vs RUMP.PWY
2022-04-26 11:02:30 INFO::Creating boxplot for categorical data, Sex vs COMPLETE.ARO.PWY
2022-04-26 11:02:30 INFO::Creating boxplot for categorical data, Sex vs ARO.PWY
2022-04-26 11:02:30 INFO::Creating boxplot for categorical data, Sex vs PWY.6737
2022-04-26 11:02:30 INFO::Creating boxplot for categorical data, Sex vs PWY.6163
2022-04-26 11:02:30 INFO::Creating boxplot for categorical data, Sex vs ASPASN.PWY
2022-04-26 11:02:30 INFO::Creating boxplot for categorical data, Sex vs PWY0.1261
2022-04-26 11:02:30 INFO::Creating boxplot for categorical data, Sex vs PWY.7392
2022-04-26 11:02:30 INFO::Creating boxplot for categorical data, Sex vs NONMEVIPP.PWY
2022-04-26 11:02:30 INFO::Creating boxplot for categorical data, Sex vs PWY.7560
2022-04-26 11:02:30 INFO::Creating boxplot for categorical data, Sex vs X1CMET2.PWY
2022-04-26 11:02:30 INFO::Creating boxplot for categorical data, Sex vs ARGSYNBSUB.PWY
2022-04-26 11:02:31 INFO::Creating boxplot for categorical data, Sex vs PWY.3781
2022-04-26 11:02:31 INFO::Creating boxplot for categorical data, Sex vs GLYOXYLATE.BYPASS
2022-04-26 11:02:31 INFO::Creating boxplot for categorical data, Sex vs PWY0.1479
2022-04-26 11:02:31 INFO::Creating boxplot for categorical data, Sex vs SER.GLYSYN.PWY
2022-04-26 11:02:31 INFO::Creating boxplot for categorical data, Sex vs GLYCOCAT.PWY
2022-04-26 11:02:31 INFO::Creating boxplot for categorical data, Sex vs PWY.1269
2022-04-26 11:02:31 INFO::Creating boxplot for categorical data, Sex vs PWY.3001
2022-04-26 11:02:31 INFO::Creating boxplot for categorical data, Sex vs PWY.5121
2022-04-26 11:02:31 INFO::Creating boxplot for categorical data, Sex vs PWY.5304
2022-04-26 11:02:32 INFO::Creating boxplot for categorical data, Sex vs PWY.6897
2022-04-26 11:02:32 INFO::Creating boxplot for categorical data, Sex vs PWY.5913
2022-04-26 11:02:32 INFO::Creating boxplot for categorical data, Sex vs THISYN.PWY
2022-04-26 11:02:32 INFO::Creating boxplot for categorical data, Sex vs PWY.7371
2022-04-26 11:02:32 INFO::Creating boxplot for categorical data, Sex vs PWY.7374
2022-04-26 11:02:32 INFO::Creating boxplot for categorical data, Sex vs PWY.6969
2022-04-26 11:02:32 INFO::Creating boxplot for categorical data, Sex vs PANTO.PWY
2022-04-26 11:02:32 INFO::Creating boxplot for categorical data, Sex vs PWY.6467
2022-04-26 11:02:32 INFO::Creating boxplot for categorical data, Sex vs NAGLIPASYN.PWY
2022-04-26 11:02:32 INFO::Creating boxplot for categorical data, Sex vs PANTOSYN.PWY
2022-04-26 11:02:32 INFO::Creating boxplot for categorical data, Sex vs PWY.6628
2022-04-26 11:02:32 INFO::Creating boxplot for categorical data, Sex vs PWY.6263
2022-04-26 11:02:33 INFO::Creating boxplot for categorical data, Sex vs PWY.6630
2022-04-26 11:02:33 INFO::Creating boxplot for categorical data, Sex vs TCA
2022-04-26 11:02:33 INFO::Creating boxplot for categorical data, Sex vs PWY0.1241
2022-04-26 11:02:33 INFO::Creating boxplot for categorical data, Sex vs PWY.5154
2022-04-26 11:02:33 INFO::Creating boxplot for categorical data, Sex vs PWY.7323
2022-04-26 11:02:33 INFO::Creating boxplot for categorical data, Sex vs COLANSYN.PWY
2022-04-26 11:02:33 INFO::Creating boxplot for categorical data, Sex vs PWY0.1586
2022-04-26 11:02:33 INFO::Creating boxplot for categorical data, Sex vs P108.PWY
2022-04-26 11:02:33 INFO::Creating boxplot for categorical data, Sex vs P161.PWY
2022-04-26 11:02:33 INFO::Creating boxplot for categorical data, Sex vs P42.PWY
2022-04-26 11:02:33 INFO::Creating boxplot for categorical data, Sex vs CALVIN.PWY
2022-04-26 11:02:33 INFO::Creating boxplot for categorical data, Sex vs PWY.6892
2022-04-26 11:02:33 INFO::Creating boxplot for categorical data, Sex vs PWY.7400
2022-04-26 11:02:34 INFO::Creating boxplot for categorical data, Sex vs PWY.6700
2022-04-26 11:02:34 INFO::Creating boxplot for categorical data, Sex vs PWY.922
2022-04-26 11:02:34 INFO::Creating boxplot for categorical data, Sex vs ARGSYN.PWY
2022-04-26 11:02:34 INFO::Creating boxplot for categorical data, Sex vs PWY.5910
2022-04-26 11:02:34 INFO::Creating boxplot for categorical data, Sex vs P23.PWY
2022-04-26 11:02:34 INFO::Creating boxplot for categorical data, Sex vs PWY.5659
2022-04-26 11:02:34 INFO::Creating boxplot for categorical data, Sex vs PWY.7184
2022-04-26 11:02:34 INFO::Creating boxplot for categorical data, Sex vs PWY.6125
2022-04-26 11:02:34 INFO::Creating boxplot for categorical data, Sex vs PWY.7228
2022-04-26 11:02:34 INFO::Creating boxplot for categorical data, Sex vs TRPSYN.PWY
2022-04-26 11:02:34 INFO::Creating boxplot for categorical data, Sex vs P122.PWY
2022-04-26 11:02:34 INFO::Creating boxplot for categorical data, Sex vs PWY.7197
2022-04-26 11:02:35 INFO::Creating boxplot for categorical data, Sex vs PWY0.166
2022-04-26 11:02:35 INFO::Creating boxplot for categorical data, Sex vs PWY.6703
2022-04-26 11:02:35 INFO::Creating boxplot for categorical data, Sex vs PWY.7187
2022-04-26 11:02:35 INFO::Creating boxplot for categorical data, Sex vs PWY.7242
2022-04-26 11:02:35 INFO::Creating boxplot for categorical data, Sex vs CODH.PWY
2022-04-26 11:02:35 INFO::Creating boxplot for categorical data, Sex vs POLYISOPRENSYN.PWY
2022-04-26 11:02:35 INFO::Creating boxplot for categorical data, Sex vs PWY0.162
2022-04-26 11:02:35 INFO::Creating boxplot for categorical data, Sex vs PWY.6471
2022-04-26 11:02:35 INFO::Creating boxplot for categorical data, Sex vs P124.PWY
2022-04-26 11:02:35 INFO::Creating boxplot for categorical data, Sex vs PWY.6507
2022-04-26 11:02:35 INFO::Creating boxplot for categorical data, Sex vs HEMESYN2.PWY
2022-04-26 11:02:35 INFO::Creating boxplot for categorical data, Sex vs PWY.7211
2022-04-26 11:02:36 INFO::Creating boxplot for categorical data, Sex vs GALACTUROCAT.PWY
2022-04-26 11:02:36 INFO::Creating boxplot for categorical data, Sex vs PWY.5100
2022-04-26 11:02:36 INFO::Creating boxplot for categorical data, Sex vs PWY.7199
2022-04-26 11:02:36 INFO::Creating boxplot for categorical data, Sex vs PWY.7220
2022-04-26 11:02:36 INFO::Creating boxplot for categorical data, Sex vs PWY.7222
2022-04-26 11:02:36 INFO::Creating boxplot for categorical data, Sex vs PWY4FS.7
2022-04-26 11:02:36 INFO::Creating boxplot for categorical data, Sex vs PWY4FS.8
2022-04-26 11:02:36 INFO::Creating boxplot for categorical data, Sex vs PWY.6545
2022-04-26 11:02:37 INFO::Plotting data for metadata number 5, Sequencing_Run
2022-04-26 11:02:37 INFO::Creating boxplot for categorical data, Sequencing_Run vs RHAMCAT.PWY
2022-04-26 11:02:37 INFO::Creating boxplot for categorical data, Sequencing_Run vs PWY.5913
2022-04-26 11:02:37 INFO::Creating boxplot for categorical data, Sequencing_Run vs PWY0.862
