2024-10-18 12:33:01.753343 INFO::Writing function arguments to log file
2024-10-18 12:33:01.754997 DEBUG::Function arguments
2024-10-18 12:33:01.755568 DEBUG::Output folder: /home/julianne/Documents/biogeography/Shotgun/melonnpan/SPF_Gavage/Mets-SexSite-1-MsID/
2024-10-18 12:33:01.756088 DEBUG::Min Abundance: 0.000000
2024-10-18 12:33:01.756578 DEBUG::Min Prevalence: 0.150000
2024-10-18 12:33:01.757062 DEBUG::Normalization: NONE
2024-10-18 12:33:01.757551 DEBUG::Transform: LOG
2024-10-18 12:33:01.758028 DEBUG::Analysis method: LM
2024-10-18 12:33:01.758472 DEBUG::Max significance: 0.250000
2024-10-18 12:33:01.759065 DEBUG::Random effects: MouseID
2024-10-18 12:33:01.759636 DEBUG::Fixed effects: Sex,Site
2024-10-18 12:33:01.760205 DEBUG::Correction method: BH
2024-10-18 12:33:01.760702 DEBUG::Standardize: TRUE
2024-10-18 12:33:01.761226 DEBUG::Cores: 1
2024-10-18 12:33:01.761706 INFO::Verifying options selected are valid
2024-10-18 12:33:01.763436 INFO::Determining format of input files
2024-10-18 12:33:01.76525 INFO::Input format is data samples as columns and metadata samples as rows
2024-10-18 12:33:01.771169 DEBUG::Transformed data so samples are rows
2024-10-18 12:33:01.774227 DEBUG::A total of 11 samples were found in both the data and metadata
2024-10-18 12:33:01.774969 DEBUG::Reordering data/metadata to use same sample ordering
2024-10-18 12:33:01.788708 INFO::Formula for random effects: expr ~ (1 | MouseID)
2024-10-18 12:33:01.790798 INFO::Formula for fixed effects: expr ~  Sex + Site
2024-10-18 12:33:01.792814 INFO::Factor detected for categorial metadata 'Sex'. Provide a reference argument or manually set factor ordering to change reference level.
2024-10-18 12:33:01.795038 INFO::Filter data based on min abundance and min prevalence
2024-10-18 12:33:01.796787 INFO::Total samples in data: 11
2024-10-18 12:33:01.798517 INFO::Min samples required with min abundance for a feature not to be filtered: 1.650000
2024-10-18 12:33:01.818426 INFO::Total filtered features: 0
2024-10-18 12:33:01.820606 INFO::Filtered feature names from abundance and prevalence filtering:
2024-10-18 12:33:01.850413 INFO::Total filtered features with variance filtering: 14
2024-10-18 12:33:01.852706 INFO::Filtered feature names from variance filtering: PC.O.36.5.PC.O.16.0_20.5, TG.14.0_16.0_17.1, TG.52.0, TG.53.2, noradrenaline, lyxose, isomaltose, isoleucine, beta.sitosterol, X5.ketogluconate, X6H.2.Benzopyran.6.one..5.chloro.3..3.4.dihydroxy.3.5.dimethyl.1.hepten.1.yl..7.8.dihydro.7.8.dihydroxy.7.methyl., X7.Diethylamino.4.methylcoumarin, histidinol, tryptophan.betaine
2024-10-18 12:33:01.854705 INFO::Running selected normalization method: NONE
2024-10-18 12:33:01.856441 INFO::Applying z-score to standardize continuous metadata
2024-10-18 12:33:01.863265 INFO::Running selected transform method: LOG
2024-10-18 12:33:01.885551 INFO::Running selected analysis method: LM
2024-10-18 12:33:01.888346 INFO::Fitting model to feature number 1, X13.KODE
2024-10-18 12:33:01.96139 INFO::Fitting model to feature number 2, X3.hydroxymyristic.acid
2024-10-18 12:33:02.036411 INFO::Fitting model to feature number 3, X4.HDoHE
2024-10-18 12:33:02.114115 INFO::Fitting model to feature number 4, CAR.14.1
2024-10-18 12:33:02.190886 INFO::Fitting model to feature number 5, CAR.16.0
2024-10-18 12:33:02.30357 INFO::Fitting model to feature number 6, CAR.18.0.Isomer.A
2024-10-18 12:33:02.380746 INFO::Fitting model to feature number 7, CAR.18.2.Isomer.B
2024-10-18 12:33:02.471383 INFO::Fitting model to feature number 8, Cer.16.0.2O_23.0
2024-10-18 12:33:02.549783 INFO::Fitting model to feature number 9, Cer.17.0.3O.24.0..2OH.
2024-10-18 12:33:02.621104 INFO::Fitting model to feature number 10, Cer.17.1.2O.24.1
2024-10-18 12:33:02.692306 INFO::Fitting model to feature number 11, Cer.18.0.2O.16.0
2024-10-18 12:33:02.763416 INFO::Fitting model to feature number 12, Cer.18.0.2O_20.0
2024-10-18 12:33:02.833075 INFO::Fitting model to feature number 13, Cer.18.1.2O.23.0..2OH.
2024-10-18 12:33:02.90044 INFO::Fitting model to feature number 14, Cer.18.1.2O_22.0..2OH.
2024-10-18 12:33:02.966838 INFO::Fitting model to feature number 15, Cer.18.1.3O.25.0
2024-10-18 12:33:03.032679 INFO::Fitting model to feature number 16, Cer.18.2.2O.22.0
2024-10-18 12:33:03.095718 INFO::Fitting model to feature number 17, Cer.18.2.2O.24.1
2024-10-18 12:33:03.146391 INFO::Fitting model to feature number 18, Cer.19.1.2O.24.1
2024-10-18 12:33:03.197043 INFO::Fitting model to feature number 19, Cer.20.0.2O.26.0
2024-10-18 12:33:03.249488 INFO::Fitting model to feature number 20, Cer.31.2.O3.Cer.18.1.O2.13.1.O
2024-10-18 12:33:03.304067 INFO::Fitting model to feature number 21, Cer.33.0.O3.Cer.17.0.O2.16.0.3OH.
2024-10-18 12:33:03.356766 INFO::Fitting model to feature number 22, Cer.33.0.O3.Cer.17.0.O2.16.0.O
2024-10-18 12:33:03.430095 INFO::Fitting model to feature number 23, Cer.33.1.O2.Cer.17.1.O2.16.0
2024-10-18 12:33:03.482152 INFO::Fitting model to feature number 24, Cer.34.0.O3.Cer.17.0.O2.17.0.3OH.
2024-10-18 12:33:03.536256 INFO::Fitting model to feature number 25, Cer.34.1.O2.Cer.18.1.O2.16.0
2024-10-18 12:33:03.59442 INFO::Fitting model to feature number 26, Cer.34.1.O3.Cer.18.1.O2.16.0.O
2024-10-18 12:33:03.643865 INFO::Fitting model to feature number 27, Cer.34.2.O3.Cer.17.0.O2.17.2.3OH.
2024-10-18 12:33:03.694369 INFO::Fitting model to feature number 28, Cer.35.0.O3.Cer.18.0.O2.17.0.3OH.
2024-10-18 12:33:03.745339 INFO::Fitting model to feature number 29, Cer.35.0.O3.Cer.18.0.O2.17.0.O
2024-10-18 12:33:03.798165 INFO::Fitting model to feature number 30, Cer.35.1.O3.Cer.18.0.O2.17.1.3OH.
2024-10-18 12:33:03.853911 INFO::Fitting model to feature number 31, Cer.35.1.O3.Cer.19.0.O2.16.1.O
2024-10-18 12:33:03.911931 INFO::Fitting model to feature number 32, Cer.36.0.O3.Cer.19.0.O2.17.0.3OH.
2024-10-18 12:33:03.981241 INFO::Fitting model to feature number 33, Cer.36.0.O3.Cer.19.0.O2.17.0.O
2024-10-18 12:33:04.042203 INFO::Fitting model to feature number 34, Cer.36.0.O4.Cer.18.0.O3.18.0.2OH.
2024-10-18 12:33:04.091855 INFO::Fitting model to feature number 35, Cer.36.1.O2.Cer.18.0.O2.18.1
2024-10-18 12:33:04.143758 INFO::Fitting model to feature number 36, Cer.36.1.O3.Cer.18.0.O2.18.1.O
2024-10-18 12:33:04.20788 INFO::Fitting model to feature number 37, Cer.36.1.O3.Cer.18.1.O2.18.0.O
2024-10-18 12:33:04.275192 INFO::Fitting model to feature number 38, Cer.36.2.O2.Cer.18.1.O2.18.1
2024-10-18 12:33:04.340895 INFO::Fitting model to feature number 39, Cer.36.3.O2.Cer.18.1.O2.18.2
2024-10-18 12:33:04.426005 INFO::Fitting model to feature number 40, Cer.38.0.O2.Cer.20.0.O2.18.0
2024-10-18 12:33:04.475215 INFO::Fitting model to feature number 41, Cer.38.0.O3.Cer.20.0.O2.18.0.O
2024-10-18 12:33:04.524132 INFO::Fitting model to feature number 42, Cer.38.0.O4.Cer.18.0.O3.20.0.2OH.
2024-10-18 12:33:04.57265 INFO::Fitting model to feature number 43, Cer.38.2.O2.Cer.18.1.O2.20.1
2024-10-18 12:33:04.62128 INFO::Fitting model to feature number 44, Cer.38.3.O3.Cer.18.1.O2.20.2.O
2024-10-18 12:33:04.672903 INFO::Fitting model to feature number 45, Cer.38.3.O4.Cer.24.2.O3.14.1.2OH.
2024-10-18 12:33:04.724579 INFO::Fitting model to feature number 46, Cer.38.5.O3.Cer.18.1.O2.20.4.O
2024-10-18 12:33:04.77519 INFO::Fitting model to feature number 47, Cer.39.1.O2.Cer.18.1.O2.21.0
2024-10-18 12:33:04.829416 INFO::Fitting model to feature number 48, Cer.40.0.O3.Cer.18.0.O2.22.0.O
2024-10-18 12:33:04.886207 INFO::Fitting model to feature number 49, Cer.40.2.O2.Cer.18.1.O2.22.1
2024-10-18 12:33:04.954613 INFO::Fitting model to feature number 50, Cer.41.0.O2.Cer.18.0.O2.23.0
2024-10-18 12:33:05.022298 INFO::Fitting model to feature number 51, Cer.41.0.O4.Cer.18.0.O3.23.0.2OH.
2024-10-18 12:33:05.089764 INFO::Fitting model to feature number 52, Cer.41.1.O2.Cer.17.1.O2.24.0
2024-10-18 12:33:05.141999 INFO::Fitting model to feature number 53, Cer.41.1.O3.Cer.21.0.O2.20.1.O
2024-10-18 12:33:05.190686 INFO::Fitting model to feature number 54, Cer.41.2.3O.Cer.22.2.O2.19.0.O
2024-10-18 12:33:05.242642 INFO::Fitting model to feature number 55, Cer.41.3.3O.Cer.22.1.O2.19.2.O
2024-10-18 12:33:05.294997 INFO::Fitting model to feature number 56, Cer.42.0.O3.Cer.18.0.O2.24.0.2OH.
2024-10-18 12:33:05.364767 INFO::Fitting model to feature number 57, Cer.42.0.O3.Cer.18.0.O2.24.0.O
2024-10-18 12:33:05.41248 INFO::Fitting model to feature number 58, Cer.42.0.O3.Cer.18.0.O3.24.0
2024-10-18 12:33:05.463454 INFO::Fitting model to feature number 59, Cer.42.0.O3.Cer.20.0.O2.22.0.O
2024-10-18 12:33:05.516451 INFO::Fitting model to feature number 60, Cer.42.1.O3.Cer.18.1.O2.24.0.2OH.
2024-10-18 12:33:05.567397 INFO::Fitting model to feature number 61, Cer.42.1.O3.Cer.20.1.O2.22.0.O
2024-10-18 12:33:05.619035 INFO::Fitting model to feature number 62, Cer.42.1.O4.Cer.18.0.O3.24.1.2OH.
2024-10-18 12:33:05.686747 INFO::Fitting model to feature number 63, Cer.42.2.O2.Cer.18.1.O2.24.1
2024-10-18 12:33:05.752289 INFO::Fitting model to feature number 64, Cer.42.2.O4.Cer.18.1.O3.24.1.2OH.
2024-10-18 12:33:05.815813 INFO::Fitting model to feature number 65, Cer.42.3.O2.Cer.22.0.O2.20.3
2024-10-18 12:33:05.86613 INFO::Fitting model to feature number 66, Cer.43.0.O2.Cer.17.0.O2.26.0
2024-10-18 12:33:05.913382 INFO::Fitting model to feature number 67, Cer.43.0.O4.Cer.18.0.O3.25.0.2OH.
2024-10-18 12:33:05.972142 INFO::Fitting model to feature number 68, Cer.43.1.O2.Cer.17.1.O2.26.0
2024-10-18 12:33:06.03904 INFO::Fitting model to feature number 69, Cer.43.3.O3.Cer.22.2.O2.21.1.O
2024-10-18 12:33:06.103853 INFO::Fitting model to feature number 70, Cer.44.0.O3.Cer.20.0.O2.24.0.O
2024-10-18 12:33:06.163086 INFO::Fitting model to feature number 71, Cer.44.1.O3.Cer.20.1.O2.24.0.2OH.
2024-10-18 12:33:06.223326 INFO::Fitting model to feature number 72, Cer.46.1.O2.Cer.20.1.O2.26.0
2024-10-18 12:33:06.304862 INFO::Fitting model to feature number 73, Cer.46.1.O3.Cer.20.1.O2.26.0.2OH.
2024-10-18 12:33:06.368464 INFO::Fitting model to feature number 74, Cer.46.4.O2.Cer.18.1.O2.28.3
2024-10-18 12:33:06.428192 INFO::Fitting model to feature number 75, Cer.50.1.O4.Cer.18.0.O2.17.0.3OH..FA.15.0.
2024-10-18 12:33:06.484526 INFO::Fitting model to feature number 76, Cer.50.1.O4.Cer.35.0.O3.FA.15.0.
2024-10-18 12:33:06.534305 INFO::Fitting model to feature number 77, Cer.52.2.O3.Cer.18.1.O2.34.1.O
2024-10-18 12:33:06.581956 INFO::Fitting model to feature number 78, Cer.d31.2
2024-10-18 12:33:06.643374 INFO::Fitting model to feature number 79, Cer.d32.1
2024-10-18 12:33:06.692602 INFO::Fitting model to feature number 80, Cer.d33.1
2024-10-18 12:33:06.74232 INFO::Fitting model to feature number 81, Cer.d34.0
2024-10-18 12:33:06.803151 INFO::Fitting model to feature number 82, Cer.d34.1
2024-10-18 12:33:06.868357 INFO::Fitting model to feature number 83, Cer.d34.2.Isomer.A
2024-10-18 12:33:06.927833 INFO::Fitting model to feature number 84, Cer.d34.2.Isomer.B
2024-10-18 12:33:06.991152 INFO::Fitting model to feature number 85, Cer.d35.1
2024-10-18 12:33:07.053882 INFO::Fitting model to feature number 86, Cer.d36.1
2024-10-18 12:33:07.119007 INFO::Fitting model to feature number 87, Cer.d36.2
2024-10-18 12:33:07.181916 INFO::Fitting model to feature number 88, Cer.d37.1
2024-10-18 12:33:07.235683 INFO::Fitting model to feature number 89, Cer.d38.1
2024-10-18 12:33:07.309064 INFO::Fitting model to feature number 90, Cer.d39.1
2024-10-18 12:33:07.356787 INFO::Fitting model to feature number 91, Cer.d40.0
2024-10-18 12:33:07.407454 INFO::Fitting model to feature number 92, Cer.d40.1
2024-10-18 12:33:07.45595 INFO::Fitting model to feature number 93, Cer.d40.2
2024-10-18 12:33:07.507185 INFO::Fitting model to feature number 94, Cer.d41.1
2024-10-18 12:33:07.560614 INFO::Fitting model to feature number 95, Cer.d41.2
2024-10-18 12:33:07.612054 INFO::Fitting model to feature number 96, Cer.d42.0
2024-10-18 12:33:07.663402 INFO::Fitting model to feature number 97, Cer.d42.1
2024-10-18 12:33:07.7188 INFO::Fitting model to feature number 98, Cer.d42.2.Isomer.A
2024-10-18 12:33:07.771229 INFO::Fitting model to feature number 99, Cer.d42.2.Isomer.B
2024-10-18 12:33:07.827602 INFO::Fitting model to feature number 100, Cer.d42.3
2024-10-18 12:33:07.891958 INFO::Fitting model to feature number 101, Cer.d43.1
2024-10-18 12:33:07.94497 INFO::Fitting model to feature number 102, Cer.d43.2
2024-10-18 12:33:08.000762 INFO::Fitting model to feature number 103, Cer.d44.2
2024-10-18 12:33:08.071304 INFO::Fitting model to feature number 104, Cer.ADS.d34.0
2024-10-18 12:33:08.140648 INFO::Fitting model to feature number 105, Cer.ADS.d40.0
2024-10-18 12:33:08.20789 INFO::Fitting model to feature number 106, Cer.AS.d34.1
2024-10-18 12:33:08.293518 INFO::Fitting model to feature number 107, Cer.NDS.d36.0
2024-10-18 12:33:08.34371 INFO::Fitting model to feature number 108, Cer.NDS.d39.0
2024-10-18 12:33:08.39546 INFO::Fitting model to feature number 109, Cer.NDS.d40.0
2024-10-18 12:33:08.461349 INFO::Fitting model to feature number 110, Cer.NDS.d41.0
2024-10-18 12:33:08.516084 INFO::Fitting model to feature number 111, Cer.NP.t40.0
2024-10-18 12:33:08.569701 INFO::Fitting model to feature number 112, Cer.NP.t42.0
2024-10-18 12:33:08.620689 INFO::Fitting model to feature number 113, Cer.NP.t42.1
2024-10-18 12:33:08.671806 INFO::Fitting model to feature number 114, Cholesterol
2024-10-18 12:33:08.723444 INFO::Fitting model to feature number 115, cholesterol.3.sulfate....125
2024-10-18 12:33:08.779044 INFO::Fitting model to feature number 116, DG.34.0
2024-10-18 12:33:08.832829 INFO::Fitting model to feature number 117, DG.36.0
2024-10-18 12:33:08.888675 INFO::Fitting model to feature number 118, DG.36.2
2024-10-18 12:33:08.941077 INFO::Fitting model to feature number 119, DGDG.34.2.DGDG.16.0_18.2
2024-10-18 12:33:08.992345 INFO::Fitting model to feature number 120, DGDG.36.3.DGDG.18.1_18.2
2024-10-18 12:33:09.043554 INFO::Fitting model to feature number 121, DGDG.36.4.DGDG.18.2_18.2
2024-10-18 12:33:09.095829 INFO::Fitting model to feature number 122, FA.10.0..capric.acid.
2024-10-18 12:33:09.173289 INFO::Fitting model to feature number 123, FA.11.0..undecylic.acid.
2024-10-18 12:33:09.224589 INFO::Fitting model to feature number 124, FA.13.0..tridecylic.acid.
2024-10-18 12:33:09.276732 INFO::Fitting model to feature number 125, FA.15.0..pentadecylic.acid.
2024-10-18 12:33:09.34212 INFO::Fitting model to feature number 126, FA.15.1
2024-10-18 12:33:09.405878 INFO::Fitting model to feature number 127, FA.15.2
2024-10-18 12:33:09.455486 INFO::Fitting model to feature number 128, FA.17.0..margaric.acid.
2024-10-18 12:33:09.512535 INFO::Fitting model to feature number 129, FA.19.0
2024-10-18 12:33:09.56454 INFO::Fitting model to feature number 130, FA.20.0..arachidic.acid.
2024-10-18 12:33:09.616167 INFO::Fitting model to feature number 131, FA.20.1
2024-10-18 12:33:09.666187 INFO::Fitting model to feature number 132, FA.20.3..eicosatrienoic.acid.
2024-10-18 12:33:09.717676 INFO::Fitting model to feature number 133, FA.20.3..homo.gamma.linolenic.acid.
2024-10-18 12:33:09.770132 INFO::Fitting model to feature number 134, FA.20.4..arachidonic.acid.
2024-10-18 12:33:09.825198 INFO::Fitting model to feature number 135, FA.20.5..eicosapentaenoic.acid.
2024-10-18 12:33:09.888572 INFO::Fitting model to feature number 136, FA.21.0
2024-10-18 12:33:09.967409 INFO::Fitting model to feature number 137, FA.21.1
2024-10-18 12:33:10.048651 INFO::Fitting model to feature number 138, FA.22.0
2024-10-18 12:33:10.126446 INFO::Fitting model to feature number 139, FA.22.1..erucic.acid.
2024-10-18 12:33:10.232485 INFO::Fitting model to feature number 140, FA.22.2..docosadienoic.acid.
2024-10-18 12:33:10.304427 INFO::Fitting model to feature number 141, FA.22.4
2024-10-18 12:33:10.373676 INFO::Fitting model to feature number 142, FA.22.5
2024-10-18 12:33:10.442276 INFO::Fitting model to feature number 143, FA.22.6..docosahexaenoic.acid.
2024-10-18 12:33:10.510177 INFO::Fitting model to feature number 144, FA.23.0
2024-10-18 12:33:10.577229 INFO::Fitting model to feature number 145, FA.23.1
2024-10-18 12:33:10.643394 INFO::Fitting model to feature number 146, FA.24.0
2024-10-18 12:33:10.708721 INFO::Fitting model to feature number 147, FA.24.1
2024-10-18 12:33:10.773737 INFO::Fitting model to feature number 148, FA.24.2
2024-10-18 12:33:10.827294 INFO::Fitting model to feature number 149, FA.24.3
2024-10-18 12:33:10.877082 INFO::Fitting model to feature number 150, FA.24.6
2024-10-18 12:33:10.930434 INFO::Fitting model to feature number 151, FA.25.0
2024-10-18 12:33:10.98164 INFO::Fitting model to feature number 152, FA.25.1
2024-10-18 12:33:11.028474 INFO::Fitting model to feature number 153, FA.26.0
2024-10-18 12:33:11.077834 INFO::Fitting model to feature number 154, FA.26.1
2024-10-18 12:33:11.130597 INFO::Fitting model to feature number 155, FA.26.2
2024-10-18 12:33:11.18136 INFO::Fitting model to feature number 156, FA.27.0
2024-10-18 12:33:11.25268 INFO::Fitting model to feature number 157, FA.27.1
2024-10-18 12:33:11.303315 INFO::Fitting model to feature number 158, FA.28.0
2024-10-18 12:33:11.356748 INFO::Fitting model to feature number 159, FA.28.1
2024-10-18 12:33:11.422073 INFO::Fitting model to feature number 160, FA.29.0
2024-10-18 12:33:11.473582 INFO::Fitting model to feature number 161, FA.29.1
2024-10-18 12:33:11.524955 INFO::Fitting model to feature number 162, FA.30.0
2024-10-18 12:33:11.591212 INFO::Fitting model to feature number 163, FA.30.1
2024-10-18 12:33:11.642613 INFO::Fitting model to feature number 164, FA.31.0
2024-10-18 12:33:11.708296 INFO::Fitting model to feature number 165, FA.31.1
2024-10-18 12:33:11.771142 INFO::Fitting model to feature number 166, FA.32.0
2024-10-18 12:33:11.819521 INFO::Fitting model to feature number 167, FA.32.1
2024-10-18 12:33:11.868212 INFO::Fitting model to feature number 168, FA.32.2
2024-10-18 12:33:11.920508 INFO::Fitting model to feature number 169, FA.33.0
2024-10-18 12:33:11.972585 INFO::Fitting model to feature number 170, FA.33.1
2024-10-18 12:33:12.03785 INFO::Fitting model to feature number 171, FA.34.0
2024-10-18 12:33:12.089168 INFO::Fitting model to feature number 172, FA.34.1
2024-10-18 12:33:12.165494 INFO::Fitting model to feature number 173, FA.34.2
2024-10-18 12:33:12.218186 INFO::Fitting model to feature number 174, FA.35.1
2024-10-18 12:33:12.26327 INFO::Fitting model to feature number 175, FA.36.1
2024-10-18 12:33:12.316051 INFO::Fitting model to feature number 176, FA.36.2
2024-10-18 12:33:12.369559 INFO::Fitting model to feature number 177, FA.37.1
2024-10-18 12:33:12.420645 INFO::Fitting model to feature number 178, FA.38.1
2024-10-18 12:33:12.475173 INFO::Fitting model to feature number 179, FA.39.1
2024-10-18 12:33:12.543604 INFO::Fitting model to feature number 180, FA.40.1
2024-10-18 12:33:12.609331 INFO::Fitting model to feature number 181, FA.41.1
2024-10-18 12:33:12.664378 INFO::Fitting model to feature number 182, FA.42.1
2024-10-18 12:33:12.712625 INFO::Fitting model to feature number 183, FAHFA.36.1.O.FAHFA.18.1.18.0.O
2024-10-18 12:33:12.770145 INFO::Fitting model to feature number 184, FAHFA.40.3
2024-10-18 12:33:12.82559 INFO::Fitting model to feature number 185, FAHFA.42.2
2024-10-18 12:33:12.8798 INFO::Fitting model to feature number 186, GalCer.18.1_24.1
2024-10-18 12:33:12.935147 INFO::Fitting model to feature number 187, Gal.Gal.Cer.d18.1.16.0.or.Lactosylceramide.d18.1.16.0
2024-10-18 12:33:12.985831 INFO::Fitting model to feature number 188, GlcCer.d34.1
2024-10-18 12:33:13.035475 INFO::Fitting model to feature number 189, GlcCer.d38.1
2024-10-18 12:33:13.112118 INFO::Fitting model to feature number 190, GlcCer.d40.1
2024-10-18 12:33:13.169276 INFO::Fitting model to feature number 191, GlcCer.d41.1
2024-10-18 12:33:13.22046 INFO::Fitting model to feature number 192, GlcCer.d42.1
2024-10-18 12:33:13.28037 INFO::Fitting model to feature number 193, GlcCer.d42.2
2024-10-18 12:33:13.348476 INFO::Fitting model to feature number 194, GlcCerd14.14E.20.02OH
2024-10-18 12:33:13.406482 INFO::Fitting model to feature number 195, HexCer.34.0.O4.HexCer.18.0.O3.16.0.2OH.
2024-10-18 12:33:13.457382 INFO::Fitting model to feature number 196, HexCer.34.1.O2.HexCer.18.1.O2.16.0
2024-10-18 12:33:13.520029 INFO::Fitting model to feature number 197, HexCer.34.1.O3.HexCer.18.1.O2.16.0.O
2024-10-18 12:33:13.57493 INFO::Fitting model to feature number 198, HexCer.36.2.O2.HexCer.18.1.O2.18.1
2024-10-18 12:33:13.626386 INFO::Fitting model to feature number 199, HexCer.38.0.O4.HexCer.18.0.O3.20.0.2OH.
2024-10-18 12:33:13.680472 INFO::Fitting model to feature number 200, HexCer.38.1.O3.HexCer.18.1.O2.20.0.O
2024-10-18 12:33:13.732857 INFO::Fitting model to feature number 201, HexCer.40.0.O4.HexCer.18.0.O3.22.0.2OH.
2024-10-18 12:33:13.790453 INFO::Fitting model to feature number 202, HexCer.40.1.O3.HexCer.18.1.O2.22.0.O
2024-10-18 12:33:13.840802 INFO::Fitting model to feature number 203, HexCer.41.0.O4.HexCer.18.0.O3.23.0.2OH.
2024-10-18 12:33:13.896517 INFO::Fitting model to feature number 204, HexCer.42.0.O4.HexCer.18.0.O3.24.0.2OH.
2024-10-18 12:33:13.981547 INFO::Fitting model to feature number 205, HexCer.42.1.O3
2024-10-18 12:33:14.085517 INFO::Fitting model to feature number 206, HexCer.42.1.O3.HexCer.18.1.O2.24.0.O
2024-10-18 12:33:14.13846 INFO::Fitting model to feature number 207, HexCer.42.1.O4.HexCer.18.0.O3.24.1.2OH.
2024-10-18 12:33:14.192531 INFO::Fitting model to feature number 208, HexCer.42.2.O4.HexCer.18.1.O3.24.1.2OH.
2024-10-18 12:33:14.265609 INFO::Fitting model to feature number 209, HexCer.43.0.O4.HexCer.19.0.O3.24.0.2OH.
2024-10-18 12:33:14.3442 INFO::Fitting model to feature number 210, HexCer.44.0.O4.HexCer.20.0.O3.24.0.2OH.
2024-10-18 12:33:14.417032 INFO::Fitting model to feature number 211, Hexosyl.LPE.16.0
2024-10-18 12:33:14.485394 INFO::Fitting model to feature number 212, lactosylceramide.d18.1.24.1.15Z
2024-10-18 12:33:14.550177 INFO::Fitting model to feature number 213, LNAPE.20.4_N.19.1
2024-10-18 12:33:14.610724 INFO::Fitting model to feature number 214, LPC.17.0
2024-10-18 12:33:14.660071 INFO::Fitting model to feature number 215, LPC.18.0....265
2024-10-18 12:33:14.712189 INFO::Fitting model to feature number 216, LPC.18.2
2024-10-18 12:33:14.76134 INFO::Fitting model to feature number 217, LPC.18.3
2024-10-18 12:33:14.814457 INFO::Fitting model to feature number 218, LPC.19.0
2024-10-18 12:33:14.870222 INFO::Fitting model to feature number 219, LPC.20.0
2024-10-18 12:33:14.94683 INFO::Fitting model to feature number 220, LPC.20.1
2024-10-18 12:33:15.02595 INFO::Fitting model to feature number 221, LPC.20.4
2024-10-18 12:33:15.092807 INFO::Fitting model to feature number 222, LPC.24.0.SN1
2024-10-18 12:33:15.192101 INFO::Fitting model to feature number 223, LPC.O.16.0
2024-10-18 12:33:15.261337 INFO::Fitting model to feature number 224, LPC.O.16.1....276
2024-10-18 12:33:15.32895 INFO::Fitting model to feature number 225, LPC.O.18.0
2024-10-18 12:33:15.396738 INFO::Fitting model to feature number 226, LPC.O.18.1
2024-10-18 12:33:15.454408 INFO::Fitting model to feature number 227, LPC.O.20.0
2024-10-18 12:33:15.505308 INFO::Fitting model to feature number 228, LPC.O.22.0
2024-10-18 12:33:15.553781 INFO::Fitting model to feature number 229, LPC.P.18.0.or.LPC.O.18.1
2024-10-18 12:33:15.607169 INFO::Fitting model to feature number 230, LPE.15.0
2024-10-18 12:33:15.659673 INFO::Fitting model to feature number 231, LPE.16.0....284
2024-10-18 12:33:15.710712 INFO::Fitting model to feature number 232, LPE.18.0
2024-10-18 12:33:15.763483 INFO::Fitting model to feature number 233, LPE.18.2
2024-10-18 12:33:15.816608 INFO::Fitting model to feature number 234, LPE.20.4
2024-10-18 12:33:15.867883 INFO::Fitting model to feature number 235, LPE.22.6
2024-10-18 12:33:15.920856 INFO::Fitting model to feature number 236, LPE.O.18.1
2024-10-18 12:33:15.975756 INFO::Fitting model to feature number 237, LPE.O.18.2
2024-10-18 12:33:16.032331 INFO::Fitting model to feature number 238, LPE.O.20.0
2024-10-18 12:33:16.103016 INFO::Fitting model to feature number 239, LPE.N..FA.34.1.LPE.N..FA.18.1.16.0
2024-10-18 12:33:16.193456 INFO::Fitting model to feature number 240, LPE.N..FA.34.2.LPE.N..FA.18.2.16.0
2024-10-18 12:33:16.254067 INFO::Fitting model to feature number 241, LPE.N..FA.36.3.LPE.N..FA.18.2.18.1
2024-10-18 12:33:16.318416 INFO::Fitting model to feature number 242, LPE.N..FA.36.4.LPE.N..FA.18.2.18.2
2024-10-18 12:33:16.378359 INFO::Fitting model to feature number 243, LPG.16.0
2024-10-18 12:33:16.442323 INFO::Fitting model to feature number 244, LPG.18.1
2024-10-18 12:33:16.50273 INFO::Fitting model to feature number 245, LPS.18.0
2024-10-18 12:33:16.563021 INFO::Fitting model to feature number 246, MGDG.17.0_18.2
2024-10-18 12:33:16.625266 INFO::Fitting model to feature number 247, MGDG.O.16.4_18.0
2024-10-18 12:33:16.674641 INFO::Fitting model to feature number 248, NAGly.29.1.O2.NAGly.16.0.O.FA.13.0.
2024-10-18 12:33:16.720121 INFO::Fitting model to feature number 249, NAGly.30.1.O2.NAGly.16.0.O.FA.14.0.
2024-10-18 12:33:16.770061 INFO::Fitting model to feature number 250, NAGly.31.1.O2.NAGly.16.0.O.FA.15.0.
2024-10-18 12:33:16.822297 INFO::Fitting model to feature number 251, NAGly.32.1.O2.NAGly.17.0.O.FA.15.0.
2024-10-18 12:33:16.875311 INFO::Fitting model to feature number 252, NAGly.33.1.O2.NAGly.18.0.O.FA.15.0.
2024-10-18 12:33:16.931914 INFO::Fitting model to feature number 253, NAGlySer.30.1.O2.NAGlySer.15.0.O.FA.15.0.
2024-10-18 12:33:16.981466 INFO::Fitting model to feature number 254, NAGlySer.31.1.O2.NAGlySer.16.0.O.FA.15.0.
2024-10-18 12:33:17.03561 INFO::Fitting model to feature number 255, NAGlySer.32.1.O2.NAGlySer.17.0.O.FA.15.0.
2024-10-18 12:33:17.131791 INFO::Fitting model to feature number 256, NAGlySer.33.1.O2.NAGlySer.17.0.O.FA.16.0.
2024-10-18 12:33:17.194375 INFO::Fitting model to feature number 257, NAGlySer.34.1.O2.NAGlySer.17.0.O.FA.17.0.
2024-10-18 12:33:17.261489 INFO::Fitting model to feature number 258, NAPhe.16.0
2024-10-18 12:33:17.315607 INFO::Fitting model to feature number 259, NAPhe.18.0
2024-10-18 12:33:17.368103 INFO::Fitting model to feature number 260, NAPhe.18.1
2024-10-18 12:33:17.417539 INFO::Fitting model to feature number 261, NAPhe.18.2
2024-10-18 12:33:17.468675 INFO::Fitting model to feature number 262, palmitoyl.ethanolamide
2024-10-18 12:33:17.518419 INFO::Fitting model to feature number 263, PC.16.0_14.0
2024-10-18 12:33:17.581806 INFO::Fitting model to feature number 264, PC.16.0_18.2
2024-10-18 12:33:17.646666 INFO::Fitting model to feature number 265, PC.18.1_18.2
2024-10-18 12:33:17.711229 INFO::Fitting model to feature number 266, PC.29.0
2024-10-18 12:33:17.766597 INFO::Fitting model to feature number 267, PC.30.0
2024-10-18 12:33:17.817084 INFO::Fitting model to feature number 268, PC.31.0
2024-10-18 12:33:17.867801 INFO::Fitting model to feature number 269, PC.31.1
2024-10-18 12:33:17.919385 INFO::Fitting model to feature number 270, PC.32.0
2024-10-18 12:33:17.972956 INFO::Fitting model to feature number 271, PC.32.1
2024-10-18 12:33:18.026473 INFO::Fitting model to feature number 272, PC.32.2
2024-10-18 12:33:18.103071 INFO::Fitting model to feature number 273, PC.33.1
2024-10-18 12:33:18.155622 INFO::Fitting model to feature number 274, PC.33.2
2024-10-18 12:33:18.212336 INFO::Fitting model to feature number 275, PC.34.0
2024-10-18 12:33:18.262449 INFO::Fitting model to feature number 276, PC.34.2
2024-10-18 12:33:18.314748 INFO::Fitting model to feature number 277, PC.34.3
2024-10-18 12:33:18.382224 INFO::Fitting model to feature number 278, PC.34.3.Isomer.B
2024-10-18 12:33:18.44607 INFO::Fitting model to feature number 279, PC.35.2.Isomer.B
2024-10-18 12:33:18.493914 INFO::Fitting model to feature number 280, PC.35.3
2024-10-18 12:33:18.548883 INFO::Fitting model to feature number 281, PC.35.4
2024-10-18 12:33:18.59931 INFO::Fitting model to feature number 282, PC.36.1
2024-10-18 12:33:18.649329 INFO::Fitting model to feature number 283, PC.36.3.Isomer.A
2024-10-18 12:33:18.699613 INFO::Fitting model to feature number 284, PC.36.4.Isomer.A
2024-10-18 12:33:18.7482 INFO::Fitting model to feature number 285, PC.36.4.Isomer.B
2024-10-18 12:33:18.810948 INFO::Fitting model to feature number 286, PC.36.5.Isomer.A
2024-10-18 12:33:18.859629 INFO::Fitting model to feature number 287, PC.36.5.Isomer.B
2024-10-18 12:33:18.90822 INFO::Fitting model to feature number 288, PC.36.5.Isomer.D
2024-10-18 12:33:18.978374 INFO::Fitting model to feature number 289, PC.38.2
2024-10-18 12:33:19.038655 INFO::Fitting model to feature number 290, PC.38.4.Isomer.B
2024-10-18 12:33:19.104655 INFO::Fitting model to feature number 291, PC.38.4.Isomer.C
2024-10-18 12:33:19.149655 INFO::Fitting model to feature number 292, PC.38.5.Isomer.A
2024-10-18 12:33:19.201917 INFO::Fitting model to feature number 293, PC.38.5.Isomer.B
2024-10-18 12:33:19.252007 INFO::Fitting model to feature number 294, PC.38.6.Isomer.A
2024-10-18 12:33:19.305151 INFO::Fitting model to feature number 295, PC.38.8
2024-10-18 12:33:19.359851 INFO::Fitting model to feature number 296, PC.40.3
2024-10-18 12:33:19.428121 INFO::Fitting model to feature number 297, PC.40.4
2024-10-18 12:33:19.496713 INFO::Fitting model to feature number 298, PC.40.6.Isomer.A
2024-10-18 12:33:19.546201 INFO::Fitting model to feature number 299, PC.40.7.Isomer.B
2024-10-18 12:33:19.616856 INFO::Fitting model to feature number 300, PC.42.4
2024-10-18 12:33:19.689375 INFO::Fitting model to feature number 301, PC.42.5
2024-10-18 12:33:19.759098 INFO::Fitting model to feature number 302, PC.O.20.0_20.4
2024-10-18 12:33:19.826192 INFO::Fitting model to feature number 303, PC.O.30.0
2024-10-18 12:33:19.885158 INFO::Fitting model to feature number 304, PC.O.31.7
2024-10-18 12:33:19.945412 INFO::Fitting model to feature number 305, PC.O.32.0
2024-10-18 12:33:20.039378 INFO::Fitting model to feature number 306, PC.O.34.0
2024-10-18 12:33:20.102068 INFO::Fitting model to feature number 307, PC.O.34.4
2024-10-18 12:33:20.161506 INFO::Fitting model to feature number 308, PC.O.36.4
2024-10-18 12:33:20.235194 INFO::Fitting model to feature number 309, PC.P.32.1.or.PC.O.32.2
2024-10-18 12:33:20.296481 INFO::Fitting model to feature number 310, PC.P.34.0.or.PC.O.34.1
2024-10-18 12:33:20.352408 INFO::Fitting model to feature number 311, PC.P.34.1.or.PC.O.34.2
2024-10-18 12:33:20.422716 INFO::Fitting model to feature number 312, PC.P.36.4.or.PC.O.36.5
2024-10-18 12:33:20.492099 INFO::Fitting model to feature number 313, PC.P.38.3.or.PC.O.38.4.Isomer.B
2024-10-18 12:33:20.546402 INFO::Fitting model to feature number 314, PC.P.38.4.or.PC.O.38.5.Isomer.B
2024-10-18 12:33:20.601802 INFO::Fitting model to feature number 315, PC.P.40.1.or.PC.O.40.2
2024-10-18 12:33:20.656921 INFO::Fitting model to feature number 316, PC.P.40.3.or.PC.O.40.4
2024-10-18 12:33:20.710894 INFO::Fitting model to feature number 317, PE.16.0_16..1
2024-10-18 12:33:20.790329 INFO::Fitting model to feature number 318, PE.16.1_18.1
2024-10-18 12:33:20.883079 INFO::Fitting model to feature number 319, PE.29.0.PE.14.0_15.0
2024-10-18 12:33:20.96814 INFO::Fitting model to feature number 320, PE.30.0.PE.15.0_15.0
2024-10-18 12:33:21.041692 INFO::Fitting model to feature number 321, PE.31.0.PE.15.0_16.0
2024-10-18 12:33:21.100546 INFO::Fitting model to feature number 322, PE.32.1.PE.16.0_16.1
2024-10-18 12:33:21.189819 INFO::Fitting model to feature number 323, PE.32.2
2024-10-18 12:33:21.246022 INFO::Fitting model to feature number 324, PE.33.1.PE.15.0_18.1
2024-10-18 12:33:21.309196 INFO::Fitting model to feature number 325, PE.33.2.PE.15.0_18.2
2024-10-18 12:33:21.362578 INFO::Fitting model to feature number 326, PE.34.0
2024-10-18 12:33:21.42014 INFO::Fitting model to feature number 327, PE.34.1
2024-10-18 12:33:21.477568 INFO::Fitting model to feature number 328, PE.34.1.1
2024-10-18 12:33:21.532982 INFO::Fitting model to feature number 329, PE.34.2
2024-10-18 12:33:21.61737 INFO::Fitting model to feature number 330, PE.36.1
2024-10-18 12:33:21.714165 INFO::Fitting model to feature number 331, PE.36.2
2024-10-18 12:33:21.791878 INFO::Fitting model to feature number 332, PE.36.3
2024-10-18 12:33:21.852354 INFO::Fitting model to feature number 333, PE.36.4
2024-10-18 12:33:21.914195 INFO::Fitting model to feature number 334, PE.O.16.1_18.1
2024-10-18 12:33:21.987286 INFO::Fitting model to feature number 335, PE.O.16.1_22.6
2024-10-18 12:33:22.07469 INFO::Fitting model to feature number 336, PE.O.22.6_16.1
2024-10-18 12:33:22.14347 INFO::Fitting model to feature number 337, PE.O.36.1
2024-10-18 12:33:22.224943 INFO::Fitting model to feature number 338, PE.P.34.1.or.PE.O.34.2
2024-10-18 12:33:22.344848 INFO::Fitting model to feature number 339, PE.P.36.1.or.PE.O.36.2
2024-10-18 12:33:22.411015 INFO::Fitting model to feature number 340, PE.Cer.35.0.O3.PE.Cer.21.0.O2.14.0.O
2024-10-18 12:33:22.471859 INFO::Fitting model to feature number 341, PE.Cer.36.0.O3.PE.Cer.19.0.O2.17.0.O
2024-10-18 12:33:22.538567 INFO::Fitting model to feature number 342, PEtOH.18.1_18.1
2024-10-18 12:33:22.603891 INFO::Fitting model to feature number 343, PEtOH.18.1_20.4
2024-10-18 12:33:22.665828 INFO::Fitting model to feature number 344, PEtOH.38.4
2024-10-18 12:33:22.743714 INFO::Fitting model to feature number 345, PG.16.0_16.0
2024-10-18 12:33:22.802827 INFO::Fitting model to feature number 346, PG.30.0.PG.15.0_15.0
2024-10-18 12:33:22.865227 INFO::Fitting model to feature number 347, PG.33.0.PG.16.0_17.0
2024-10-18 12:33:22.940808 INFO::Fitting model to feature number 348, PG.34.1.PG.16.0_18.1
2024-10-18 12:33:23.008762 INFO::Fitting model to feature number 349, PG.34.2
2024-10-18 12:33:23.079273 INFO::Fitting model to feature number 350, PG.40.7
2024-10-18 12:33:23.145016 INFO::Fitting model to feature number 351, PG.40.8
2024-10-18 12:33:23.20017 INFO::Fitting model to feature number 352, PG.O.34.2.PG.O.18.2_16.0
2024-10-18 12:33:23.274337 INFO::Fitting model to feature number 353, PG.O.36.2.PG.O.18.1_18.1
2024-10-18 12:33:23.343063 INFO::Fitting model to feature number 354, PGE2
2024-10-18 12:33:23.400303 INFO::Fitting model to feature number 355, Phosphatidylethanolamine.alkenyl.16.0.20.4
2024-10-18 12:33:23.492728 INFO::Fitting model to feature number 356, PI.34.1.Isomer.A
2024-10-18 12:33:23.546632 INFO::Fitting model to feature number 357, PI.34.2.Isomer.A
2024-10-18 12:33:23.60236 INFO::Fitting model to feature number 358, PI.36.1.Isomer.A
2024-10-18 12:33:23.659713 INFO::Fitting model to feature number 359, PI.36.2
2024-10-18 12:33:23.712831 INFO::Fitting model to feature number 360, PI.36.3.Isomer.B
2024-10-18 12:33:23.7691 INFO::Fitting model to feature number 361, PI.38.3
2024-10-18 12:33:23.826936 INFO::Fitting model to feature number 362, PI.38.4
2024-10-18 12:33:23.880156 INFO::Fitting model to feature number 363, PI.Cer.33.0.O3
2024-10-18 12:33:23.938662 INFO::Fitting model to feature number 364, PI.Cer.34.0.O3
2024-10-18 12:33:24.00312 INFO::Fitting model to feature number 365, PI.Cer.35.0.O3
2024-10-18 12:33:24.068474 INFO::Fitting model to feature number 366, PI.Cer.36.0.O3
2024-10-18 12:33:24.131072 INFO::Fitting model to feature number 367, PS.16.0_22.4
2024-10-18 12:33:24.190834 INFO::Fitting model to feature number 368, PS.36.1
2024-10-18 12:33:24.254652 INFO::Fitting model to feature number 369, SHexCer.34.1.3O
2024-10-18 12:33:24.315981 INFO::Fitting model to feature number 370, SHexCer.d34.1
2024-10-18 12:33:24.37851 INFO::Fitting model to feature number 371, SL.32.0.O.SL.17.0.O.15.0
2024-10-18 12:33:24.441031 INFO::Fitting model to feature number 372, SL.33.0.O.SL.17.0.O.16.0
2024-10-18 12:33:24.527267 INFO::Fitting model to feature number 373, SL.34.1.O2.SL.17.0.O.17.1.O
2024-10-18 12:33:24.5883 INFO::Fitting model to feature number 374, SL.35.1.O2.SL.18.0.O.17.1.O
2024-10-18 12:33:24.657054 INFO::Fitting model to feature number 375, SM.18.0.2O.22.0
2024-10-18 12:33:24.713858 INFO::Fitting model to feature number 376, SM.24.1
2024-10-18 12:33:24.775841 INFO::Fitting model to feature number 377, SM.29.2.2O.8.0
2024-10-18 12:33:24.832993 INFO::Fitting model to feature number 378, SM.30.2.2O..FA.14.1.
2024-10-18 12:33:24.892966 INFO::Fitting model to feature number 379, SM.34.1.3O
2024-10-18 12:33:24.947348 INFO::Fitting model to feature number 380, SM.36.4.3O
2024-10-18 12:33:25.006642 INFO::Fitting model to feature number 381, SM.38.4.3O
2024-10-18 12:33:25.069101 INFO::Fitting model to feature number 382, SM.42.1.3O
2024-10-18 12:33:25.131506 INFO::Fitting model to feature number 383, SM.43.3.2O
2024-10-18 12:33:25.188796 INFO::Fitting model to feature number 384, SM.d32.0.Isomer.B
2024-10-18 12:33:25.24515 INFO::Fitting model to feature number 385, SM.d32.1
2024-10-18 12:33:25.300035 INFO::Fitting model to feature number 386, SM.d33.1
2024-10-18 12:33:25.359496 INFO::Fitting model to feature number 387, SM.d34.0
2024-10-18 12:33:25.413527 INFO::Fitting model to feature number 388, SM.d34.1
2024-10-18 12:33:25.494492 INFO::Fitting model to feature number 389, SM.d36.0.Isomer.B
2024-10-18 12:33:25.547073 INFO::Fitting model to feature number 390, SM.d36.4
2024-10-18 12:33:25.603593 INFO::Fitting model to feature number 391, SM.d38.0
2024-10-18 12:33:25.65821 INFO::Fitting model to feature number 392, SM.d40.0.Isomer.B
2024-10-18 12:33:25.713644 INFO::Fitting model to feature number 393, SM.d40.1
2024-10-18 12:33:25.776102 INFO::Fitting model to feature number 394, SM.d42.1
2024-10-18 12:33:25.841877 INFO::Fitting model to feature number 395, SM.d42.2.Isomer.B
2024-10-18 12:33:25.905056 INFO::Fitting model to feature number 396, SM.d43.2
2024-10-18 12:33:25.969937 INFO::Fitting model to feature number 397, SM.d44.3
2024-10-18 12:33:26.026304 INFO::Fitting model to feature number 398, SPB.18.1.O2
2024-10-18 12:33:26.08621 INFO::Fitting model to feature number 399, SPB.20.0.2O
2024-10-18 12:33:26.145579 INFO::Fitting model to feature number 400, TG.10.0_10.0_18.2
2024-10-18 12:33:26.166069 WARNING::Fitting problem for feature 400 a warning was issued
2024-10-18 12:33:26.213029 WARNING::Fitting problem for feature 400 returning NA
2024-10-18 12:33:26.215501 INFO::Fitting model to feature number 401, TG.12.0_14.0_15.0
2024-10-18 12:33:26.286336 INFO::Fitting model to feature number 402, TG.34.0
2024-10-18 12:33:26.353819 INFO::Fitting model to feature number 403, TG.43.1
2024-10-18 12:33:26.421786 INFO::Fitting model to feature number 404, TG.44.0
2024-10-18 12:33:26.489038 INFO::Fitting model to feature number 405, TG.44.2
2024-10-18 12:33:26.588417 INFO::Fitting model to feature number 406, TG.45.0
2024-10-18 12:33:26.657198 INFO::Fitting model to feature number 407, TG.46.3.Isomer.A
2024-10-18 12:33:26.72466 INFO::Fitting model to feature number 408, TG.47.2
2024-10-18 12:33:26.792267 INFO::Fitting model to feature number 409, TG.49.1
2024-10-18 12:33:26.842762 INFO::Fitting model to feature number 410, TG.49.3
2024-10-18 12:33:26.897931 INFO::Fitting model to feature number 411, TG.51.2.TG.17.0_16.1_18.1
2024-10-18 12:33:26.918159 WARNING::Fitting problem for feature 411 a warning was issued
2024-10-18 12:33:26.983651 INFO::Fitting model to feature number 412, TG.53.0
2024-10-18 12:33:27.046978 INFO::Fitting model to feature number 413, TG.53.1
2024-10-18 12:33:27.06845 WARNING::Fitting problem for feature 413 a warning was issued
2024-10-18 12:33:27.12707 INFO::Fitting model to feature number 414, TG.53.9.TG.17.3_18.3_18.3
2024-10-18 12:33:27.21253 INFO::Fitting model to feature number 415, TG.54.5.O2.TG.18.1_18.2_18.2.O2
2024-10-18 12:33:27.300248 INFO::Fitting model to feature number 416, TG.56.5.Isomer.A
2024-10-18 12:33:27.40084 INFO::Fitting model to feature number 417, TG.58.6
2024-10-18 12:33:27.483156 INFO::Fitting model to feature number 418, TG.58.7
2024-10-18 12:33:27.549175 INFO::Fitting model to feature number 419, TG.59.2.TG.16.0_25.0_18.2
2024-10-18 12:33:27.613039 INFO::Fitting model to feature number 420, TG.60.0.TG.18.0_20.0_22.0
2024-10-18 12:33:27.688839 INFO::Fitting model to feature number 421, TG.61.3.TG.18.0_25.0_18.3
2024-10-18 12:33:27.803761 INFO::Fitting model to feature number 422, TG.67.6.TG.31.0_18.3_18.3
2024-10-18 12:33:27.858205 INFO::Fitting model to feature number 423, TG.69.6.TG.33.0_18.3_18.3
2024-10-18 12:33:27.913728 INFO::Fitting model to feature number 424, TG.8.0_10.0_18.2
2024-10-18 12:33:27.982505 INFO::Fitting model to feature number 425, TG.8.0_15.0_18.1
2024-10-18 12:33:28.038195 INFO::Fitting model to feature number 426, TG.8.0_18.2_18.2
2024-10-18 12:33:28.091132 INFO::Fitting model to feature number 427, zymostenol
2024-10-18 12:33:28.147331 INFO::Fitting model to feature number 428, xylulose
2024-10-18 12:33:28.199594 INFO::Fitting model to feature number 429, xylose
2024-10-18 12:33:28.255704 INFO::Fitting model to feature number 430, xanthosine
2024-10-18 12:33:28.323093 INFO::Fitting model to feature number 431, vanillic.acid
2024-10-18 12:33:28.389022 INFO::Fitting model to feature number 432, uridine
2024-10-18 12:33:28.459052 INFO::Fitting model to feature number 433, uric.acid
2024-10-18 12:33:28.517572 INFO::Fitting model to feature number 434, urea
2024-10-18 12:33:28.577975 INFO::Fitting model to feature number 435, tyrosol
2024-10-18 12:33:28.630733 INFO::Fitting model to feature number 436, tyrosine
2024-10-18 12:33:28.683184 INFO::Fitting model to feature number 437, tyramine
2024-10-18 12:33:28.766621 INFO::Fitting model to feature number 438, tryptophan
2024-10-18 12:33:28.826469 INFO::Fitting model to feature number 439, tocopherol.gamma.
2024-10-18 12:33:28.883732 INFO::Fitting model to feature number 440, tocopherol.alpha.
2024-10-18 12:33:28.943283 INFO::Fitting model to feature number 441, thymidine.5.phosphate
2024-10-18 12:33:29.007041 INFO::Fitting model to feature number 442, thymidine
2024-10-18 12:33:29.081614 INFO::Fitting model to feature number 443, taurine
2024-10-18 12:33:29.149781 INFO::Fitting model to feature number 444, succinic.acid
2024-10-18 12:33:29.227916 INFO::Fitting model to feature number 445, suberic.acid
2024-10-18 12:33:29.30001 INFO::Fitting model to feature number 446, sinapinic.acid
2024-10-18 12:33:29.357048 INFO::Fitting model to feature number 447, shikimic.acid
2024-10-18 12:33:29.423648 INFO::Fitting model to feature number 448, serotonin
2024-10-18 12:33:29.499079 INFO::Fitting model to feature number 449, ribose
2024-10-18 12:33:29.558014 INFO::Fitting model to feature number 450, ribonic.acid
2024-10-18 12:33:29.616417 INFO::Fitting model to feature number 451, ribitol
2024-10-18 12:33:29.66727 INFO::Fitting model to feature number 452, quinolinic.acid
2024-10-18 12:33:29.717805 INFO::Fitting model to feature number 453, quinic.acid
2024-10-18 12:33:29.785857 INFO::Fitting model to feature number 454, putrescine
2024-10-18 12:33:29.867618 INFO::Fitting model to feature number 455, pseudo.uridine
2024-10-18 12:33:29.926419 INFO::Fitting model to feature number 456, piperidone
2024-10-18 12:33:29.984932 INFO::Fitting model to feature number 457, pimelic.acid
2024-10-18 12:33:30.038913 INFO::Fitting model to feature number 458, phosphoinositol
2024-10-18 12:33:30.099784 INFO::Fitting model to feature number 459, phosphate
2024-10-18 12:33:30.160948 INFO::Fitting model to feature number 460, phenylalanine
2024-10-18 12:33:30.216872 INFO::Fitting model to feature number 461, phenylacetic.acid
2024-10-18 12:33:30.268804 INFO::Fitting model to feature number 462, pelargonic.acid
2024-10-18 12:33:30.327547 INFO::Fitting model to feature number 463, parabanic.acid
2024-10-18 12:33:30.393149 INFO::Fitting model to feature number 464, panose
2024-10-18 12:33:30.456816 INFO::Fitting model to feature number 465, palmitoleic.acid
2024-10-18 12:33:30.518834 INFO::Fitting model to feature number 466, nonadecanoic.acid
2024-10-18 12:33:30.580109 INFO::Fitting model to feature number 467, N.carbamylglutamate
2024-10-18 12:33:30.640826 INFO::Fitting model to feature number 468, N.alpha.acetyllysine
2024-10-18 12:33:30.698158 INFO::Fitting model to feature number 469, N.acetylputrescine
2024-10-18 12:33:30.749981 INFO::Fitting model to feature number 470, N.acetylneuraminic.acid
2024-10-18 12:33:30.802946 INFO::Fitting model to feature number 471, N.acetylglutamate
2024-10-18 12:33:30.878276 INFO::Fitting model to feature number 472, N.acetyl.D.mannosamine
2024-10-18 12:33:30.931986 INFO::Fitting model to feature number 473, N.acetylaspartic.acid
2024-10-18 12:33:30.997968 INFO::Fitting model to feature number 474, myristic.acid
2024-10-18 12:33:31.050341 INFO::Fitting model to feature number 475, montanic.acid
2024-10-18 12:33:31.101045 INFO::Fitting model to feature number 476, methyl.O.D.galactopyranoside
2024-10-18 12:33:31.153902 INFO::Fitting model to feature number 477, methoxytryptamine
2024-10-18 12:33:31.205946 INFO::Fitting model to feature number 478, methionine
2024-10-18 12:33:31.26176 INFO::Fitting model to feature number 479, methanolphosphate
2024-10-18 12:33:31.317827 INFO::Fitting model to feature number 480, maltotriose
2024-10-18 12:33:31.373411 INFO::Fitting model to feature number 481, malonamide
2024-10-18 12:33:31.429994 INFO::Fitting model to feature number 482, malic.acid
2024-10-18 12:33:31.488829 INFO::Fitting model to feature number 483, maleimide
2024-10-18 12:33:31.545422 INFO::Fitting model to feature number 484, maleic.acid
2024-10-18 12:33:31.609236 INFO::Fitting model to feature number 485, lyxitol
2024-10-18 12:33:31.6832 INFO::Fitting model to feature number 486, lithocholic.acid
2024-10-18 12:33:31.756594 INFO::Fitting model to feature number 487, linolenic.acid
2024-10-18 12:33:31.846864 INFO::Fitting model to feature number 488, lignoceric.acid
2024-10-18 12:33:31.905439 INFO::Fitting model to feature number 489, leucrose
2024-10-18 12:33:31.960117 INFO::Fitting model to feature number 490, lauric.acid
2024-10-18 12:33:32.023393 INFO::Fitting model to feature number 491, lactulose
2024-10-18 12:33:32.071224 INFO::Fitting model to feature number 492, lactose
2024-10-18 12:33:32.122369 INFO::Fitting model to feature number 493, lactic.acid
2024-10-18 12:33:32.185075 INFO::Fitting model to feature number 494, isothreonic.acid
2024-10-18 12:33:32.24926 INFO::Fitting model to feature number 495, isomyristic.acid
2024-10-18 12:33:32.299621 INFO::Fitting model to feature number 496, isoferulic.acid
2024-10-18 12:33:32.372463 INFO::Fitting model to feature number 497, isocholic.acid
2024-10-18 12:33:32.436002 INFO::Fitting model to feature number 498, inositol.4.monophosphate
2024-10-18 12:33:32.498986 INFO::Fitting model to feature number 499, inosine
2024-10-18 12:33:32.558876 INFO::Fitting model to feature number 500, indole.3.lactate
2024-10-18 12:33:32.619954 INFO::Fitting model to feature number 501, hypotaurine
2024-10-18 12:33:32.682502 INFO::Fitting model to feature number 502, homoserine
2024-10-18 12:33:32.740751 INFO::Fitting model to feature number 503, heptanoic.acid
2024-10-18 12:33:32.803288 INFO::Fitting model to feature number 504, guanosine
2024-10-18 12:33:32.895596 INFO::Fitting model to feature number 505, guanidinosuccinate
2024-10-18 12:33:32.969061 INFO::Fitting model to feature number 506, glycyl.tyrosine
2024-10-18 12:33:33.02878 INFO::Fitting model to feature number 507, glycine
2024-10-18 12:33:33.053515 WARNING::Fitting problem for feature 507 a warning was issued
2024-10-18 12:33:33.116059 INFO::Fitting model to feature number 508, glycerol.alpha.phosphate
2024-10-18 12:33:33.175961 INFO::Fitting model to feature number 509, glycerol.3.galactoside
2024-10-18 12:33:33.232197 INFO::Fitting model to feature number 510, glycerol
2024-10-18 12:33:33.295895 INFO::Fitting model to feature number 511, glyceric.acid
2024-10-18 12:33:33.357965 INFO::Fitting model to feature number 512, glutaric.acid
2024-10-18 12:33:33.430348 INFO::Fitting model to feature number 513, glucose.6.phosphate
2024-10-18 12:33:33.498798 INFO::Fitting model to feature number 514, glucose.1.phosphate
2024-10-18 12:33:33.556755 INFO::Fitting model to feature number 515, glucose
2024-10-18 12:33:33.618594 INFO::Fitting model to feature number 516, glucoheptulose
2024-10-18 12:33:33.692231 INFO::Fitting model to feature number 517, galacturonic.acid
2024-10-18 12:33:33.763557 INFO::Fitting model to feature number 518, galactose
2024-10-18 12:33:33.832476 INFO::Fitting model to feature number 519, galactinol
2024-10-18 12:33:33.903533 INFO::Fitting model to feature number 520, fumaric.acid
2024-10-18 12:33:34.0056 INFO::Fitting model to feature number 521, fructose.6.phosphate
2024-10-18 12:33:34.07594 INFO::Fitting model to feature number 522, fructose
2024-10-18 12:33:34.144582 INFO::Fitting model to feature number 523, ferulic.acid
2024-10-18 12:33:34.220171 INFO::Fitting model to feature number 524, ethanolamine
2024-10-18 12:33:34.286294 INFO::Fitting model to feature number 525, enolpyruvate
2024-10-18 12:33:34.339647 INFO::Fitting model to feature number 526, dihydrocholesterol
2024-10-18 12:33:34.403609 INFO::Fitting model to feature number 527, dihydro.3.coumaric.acid
2024-10-18 12:33:34.486491 INFO::Fitting model to feature number 528, digalacturonic.acid
2024-10-18 12:33:34.579016 INFO::Fitting model to feature number 529, cysteine
2024-10-18 12:33:34.668407 INFO::Fitting model to feature number 530, coprostan.3.one
2024-10-18 12:33:34.719415 INFO::Fitting model to feature number 531, citric.acid
2024-10-18 12:33:34.772 INFO::Fitting model to feature number 532, cholic.acid
2024-10-18 12:33:34.835568 INFO::Fitting model to feature number 533, cholesterol
2024-10-18 12:33:34.898278 INFO::Fitting model to feature number 534, chenodeoxycholic.acid
2024-10-18 12:33:34.961144 INFO::Fitting model to feature number 535, cerotinic.acid
2024-10-18 12:33:35.023363 INFO::Fitting model to feature number 536, cellobiose
2024-10-18 12:33:35.089437 INFO::Fitting model to feature number 537, capric.acid
2024-10-18 12:33:35.18856 INFO::Fitting model to feature number 538, campesterol
2024-10-18 12:33:35.262448 INFO::Fitting model to feature number 539, cadaverine
2024-10-18 12:33:35.32944 INFO::Fitting model to feature number 540, butyrolactam
2024-10-18 12:33:35.38912 INFO::Fitting model to feature number 541, butylamine
2024-10-18 12:33:35.448471 INFO::Fitting model to feature number 542, biphenyl
2024-10-18 12:33:35.514825 INFO::Fitting model to feature number 543, beta.glutamic.acid
2024-10-18 12:33:35.584953 INFO::Fitting model to feature number 544, beta.alanyl.lysine
2024-10-18 12:33:35.669325 INFO::Fitting model to feature number 545, beta.alanine
2024-10-18 12:33:35.75355 INFO::Fitting model to feature number 546, behenic.acid
2024-10-18 12:33:35.826113 INFO::Fitting model to feature number 547, azelaic.acid
2024-10-18 12:33:35.886014 INFO::Fitting model to feature number 548, asparagine
2024-10-18 12:33:35.943684 INFO::Fitting model to feature number 549, arachidic.acid
2024-10-18 12:33:36.008141 INFO::Fitting model to feature number 550, arabitol
2024-10-18 12:33:36.086183 INFO::Fitting model to feature number 551, anthranilic.acid
2024-10-18 12:33:36.152317 INFO::Fitting model to feature number 552, adipic.acid
2024-10-18 12:33:36.215064 INFO::Fitting model to feature number 553, adenosine
2024-10-18 12:33:36.290366 INFO::Fitting model to feature number 554, X6.deoxyglucose
2024-10-18 12:33:36.339782 INFO::Fitting model to feature number 555, X5.methoxytryptamine
2024-10-18 12:33:36.399058 INFO::Fitting model to feature number 556, X5.hydroxymethyl.2.furoic.acid
2024-10-18 12:33:36.462295 INFO::Fitting model to feature number 557, X5.aminovaleric.acid
2024-10-18 12:33:36.530833 INFO::Fitting model to feature number 558, X4.pyridoxic.acid
2024-10-18 12:33:36.583785 INFO::Fitting model to feature number 559, X4.hydroxyphenylacetic.acid
2024-10-18 12:33:36.636498 INFO::Fitting model to feature number 560, X4.hydroxybutyric.acid
2024-10-18 12:33:36.710972 INFO::Fitting model to feature number 561, X4..5.dihydroxy.7.glucosyloxyflavanone
2024-10-18 12:33:36.771982 INFO::Fitting model to feature number 562, X3.phenyllactic.acid
2024-10-18 12:33:36.827409 INFO::Fitting model to feature number 563, X3.hydroxyphenylacetic.acid
2024-10-18 12:33:36.887603 INFO::Fitting model to feature number 564, X3.hydroxypalmitic.acid
2024-10-18 12:33:36.946629 INFO::Fitting model to feature number 565, X3.hydroxy.3.methylglutaric.acid
2024-10-18 12:33:36.970368 WARNING::Fitting problem for feature 565 a warning was issued
2024-10-18 12:33:37.044267 INFO::Fitting model to feature number 566, X3.aminoisobutyric.acid
2024-10-18 12:33:37.108894 INFO::Fitting model to feature number 567, X3.6.anhydro.D.galactose
2024-10-18 12:33:37.15633 INFO::Fitting model to feature number 568, X3.4.dihydroxycinnamic.acid
2024-10-18 12:33:37.217408 INFO::Fitting model to feature number 569, X3..4.hydroxyphenyl.propionic.acid
2024-10-18 12:33:37.297057 INFO::Fitting model to feature number 570, X3..3.hydroxyphenyl.propionic.acid
2024-10-18 12:33:37.357717 INFO::Fitting model to feature number 571, X3..3.hydroxyphenyl..3.hydroxypropionic.acid
2024-10-18 12:33:37.411966 INFO::Fitting model to feature number 572, X2.ketoisocaproic.acid
2024-10-18 12:33:37.460663 INFO::Fitting model to feature number 573, X2.hydroxyisocaproic.acid
2024-10-18 12:33:37.512562 INFO::Fitting model to feature number 574, X2.hydroxyglutaric.acid
2024-10-18 12:33:37.573954 INFO::Fitting model to feature number 575, X2.deoxyuridine
2024-10-18 12:33:37.644252 INFO::Fitting model to feature number 576, X2.deoxytetronic.acid
2024-10-18 12:33:37.708426 INFO::Fitting model to feature number 577, X2..deoxyguanosine
2024-10-18 12:33:37.766114 INFO::Fitting model to feature number 578, X2.6.diaminopimelic.acid
2024-10-18 12:33:37.83868 INFO::Fitting model to feature number 579, X2.5.dihydroxypyrazine
2024-10-18 12:33:37.912855 INFO::Fitting model to feature number 580, X2.3.diaminopropionic.acid
2024-10-18 12:33:37.984864 INFO::Fitting model to feature number 581, X1.monopalmitin
2024-10-18 12:33:38.055829 INFO::Fitting model to feature number 582, X1.kestose
2024-10-18 12:33:38.124001 INFO::Fitting model to feature number 583, X1.3.diaminopropane
2024-10-18 12:33:38.191776 INFO::Fitting model to feature number 584, X1.2.4.benzenetriol
2024-10-18 12:33:38.260357 INFO::Fitting model to feature number 585, X.15.3..Anacardic.acid
2024-10-18 12:33:38.326316 INFO::Fitting model to feature number 586, X.9Z.12R..12.Hydroxyoctadec.9.enoic.acid
2024-10-18 12:33:38.418905 INFO::Fitting model to feature number 587, X.dehydro.ornithine
2024-10-18 12:33:38.476099 INFO::Fitting model to feature number 588, X.R..Butyrylcarnitine
2024-10-18 12:33:38.532279 INFO::Fitting model to feature number 589, X.S..1.Methylnicotinium
2024-10-18 12:33:38.590444 INFO::Fitting model to feature number 590, X.sulfanylsulfonyl.methane
2024-10-18 12:33:38.649085 INFO::Fitting model to feature number 591, X.Z..5.8.11.trihydroxyoctadec.9.enoic.acid
2024-10-18 12:33:38.708608 INFO::Fitting model to feature number 592, X1..1Z.Hexadecenyl..sn.glycero.3.phosphocholine
2024-10-18 12:33:38.769828 INFO::Fitting model to feature number 593, X1..1Z.Octadecenyl..sn.glycero.3.phosphocholine
2024-10-18 12:33:38.82404 INFO::Fitting model to feature number 594, X1..9Z.12Z.Octadecadienoyl.2.hydroxy.sn.glycero.3.phosphocholine
2024-10-18 12:33:38.891315 INFO::Fitting model to feature number 595, X1.2.Cyclohexanedione
2024-10-18 12:33:38.95284 INFO::Fitting model to feature number 596, X1.7.Dimethyluric.acid
2024-10-18 12:33:39.017007 INFO::Fitting model to feature number 597, X1.Hexadecyl.sn.glycero.3.phosphocholine
2024-10-18 12:33:39.074633 INFO::Fitting model to feature number 598, X1.Methylnicotinamide
2024-10-18 12:33:39.128753 INFO::Fitting model to feature number 599, X1.Methylpseudouridine
2024-10-18 12:33:39.181062 INFO::Fitting model to feature number 600, X1.Palmitoyl.2.hydroxy.sn.glycero.3.phospho..1..rac.glycerol.
2024-10-18 12:33:39.238866 INFO::Fitting model to feature number 601, X1.Palmitoyl.sn.glycero.3.phosphocholine
2024-10-18 12:33:39.30468 INFO::Fitting model to feature number 602, X1.Stearoyl.2.hydroxy.sn.glycero.3.phosphocholine
2024-10-18 12:33:39.37693 INFO::Fitting model to feature number 603, X1.Stearoyl.2.hydroxy.sn.glycero.3.phosphoethanolamine
2024-10-18 12:33:39.47681 INFO::Fitting model to feature number 604, X2..1.Methyl.1H.imidazol.5.yl.acetic.acid
2024-10-18 12:33:39.530897 INFO::Fitting model to feature number 605, X2..2.6.dimethylmorpholin.4.yl.ethanol
2024-10-18 12:33:39.593537 INFO::Fitting model to feature number 606, X2..n.ethyl.n.m.toluidino.ethanol
2024-10-18 12:33:39.651836 INFO::Fitting model to feature number 607, X2.6.dihydroxybenzoic.acid
2024-10-18 12:33:39.710167 INFO::Fitting model to feature number 608, X2.acetylpyrazine
2024-10-18 12:33:39.76788 INFO::Fitting model to feature number 609, X2.Amino.1.phenylethanol
2024-10-18 12:33:39.828582 INFO::Fitting model to feature number 610, X2.Amino.3.methoxybenzoic.acid
2024-10-18 12:33:39.90659 INFO::Fitting model to feature number 611, X2..Deoxycytidine
2024-10-18 12:33:39.982625 INFO::Fitting model to feature number 612, X2..Deoxycytidine.1
2024-10-18 12:33:40.053124 INFO::Fitting model to feature number 613, X2..Deoxyguanosine.5..monophosphate
2024-10-18 12:33:40.122951 INFO::Fitting model to feature number 614, X2..Deoxyinosine
2024-10-18 12:33:40.192391 INFO::Fitting model to feature number 615, X2.Hydroxy.4.methylpentanoic.acid
2024-10-18 12:33:40.253838 INFO::Fitting model to feature number 616, X2.Hydroxybenzaldehyde
2024-10-18 12:33:40.307867 INFO::Fitting model to feature number 617, X2.hydroxybutyric.acid
2024-10-18 12:33:40.38162 INFO::Fitting model to feature number 618, X2.hydroxypalmitic.acid
2024-10-18 12:33:40.455755 INFO::Fitting model to feature number 619, X2.Hydroxyphenethyl.alcohol
2024-10-18 12:33:40.553003 INFO::Fitting model to feature number 620, X2.Isopropylmalic.acid
2024-10-18 12:33:40.605687 INFO::Fitting model to feature number 621, X2.Methyl.N..4.Methylphenyl.alanine
2024-10-18 12:33:40.65298 INFO::Fitting model to feature number 622, X2.phenylmalonaldehyde
2024-10-18 12:33:40.719451 INFO::Fitting model to feature number 623, X2.Pyridone
2024-10-18 12:33:40.791899 INFO::Fitting model to feature number 624, X3..1.Methyl.1H.pyrazol.5.yl.propanoic.acid
2024-10-18 12:33:40.865872 INFO::Fitting model to feature number 625, X3..1.Pyrazolyl..alanine
2024-10-18 12:33:40.948485 INFO::Fitting model to feature number 626, X3..3.Hydroxyphenyl.propionic.acid
2024-10-18 12:33:41.032921 INFO::Fitting model to feature number 627, X3..5..2.Methylpropyl..3.6.dioxopiperazin.2.yl.propanoic.acid
2024-10-18 12:33:41.12011 INFO::Fitting model to feature number 628, X3.beta.allopregnanolone.sulfate
2024-10-18 12:33:41.203258 INFO::Fitting model to feature number 629, X3.cyanocoumarin
2024-10-18 12:33:41.276363 INFO::Fitting model to feature number 630, X3.Deoxyuridine
2024-10-18 12:33:41.348804 INFO::Fitting model to feature number 631, X3.hydroxybutyrylcarnitine
2024-10-18 12:33:41.425007 INFO::Fitting model to feature number 632, X3.Hydroxymorphinan
2024-10-18 12:33:41.496431 INFO::Fitting model to feature number 633, X3.Hydroxyproline
2024-10-18 12:33:41.572284 INFO::Fitting model to feature number 634, X3.Hydroxyvaleric.acid
2024-10-18 12:33:41.651618 INFO::Fitting model to feature number 635, X3.Methyl.gamma.butyrolactone
2024-10-18 12:33:41.720714 INFO::Fitting model to feature number 636, X3.Methylhistidine
2024-10-18 12:33:41.769989 WARNING::Fitting problem for feature 636 a warning was issued
2024-10-18 12:33:41.837365 INFO::Fitting model to feature number 637, X3.Methylxanthine
2024-10-18 12:33:41.905082 INFO::Fitting model to feature number 638, X3.oxocholic.acid
2024-10-18 12:33:41.972598 INFO::Fitting model to feature number 639, X4.Acetamidobutyric.acid
2024-10-18 12:33:42.049076 INFO::Fitting model to feature number 640, X4.Amino.2.methyl.5.pyrimidinemethanol
2024-10-18 12:33:42.129494 INFO::Fitting model to feature number 641, X4.Aminomethylcyclohexanecarboxylic.acid
2024-10-18 12:33:42.194973 INFO::Fitting model to feature number 642, X4.aminosalicylic.acid
2024-10-18 12:33:42.263331 INFO::Fitting model to feature number 643, X4.Hydroxymandelonitrile
2024-10-18 12:33:42.328459 INFO::Fitting model to feature number 644, X4.Methyl.5.thiazoleethanol
2024-10-18 12:33:42.41682 INFO::Fitting model to feature number 645, X4.Pentylaniline
2024-10-18 12:33:42.493855 INFO::Fitting model to feature number 646, X4.Trimethylammoniobutanoic.acid
2024-10-18 12:33:42.54737 INFO::Fitting model to feature number 647, X5.Acetylamino.6.amino.3.methyluracil
2024-10-18 12:33:42.615078 INFO::Fitting model to feature number 648, X5.Aminosalicylic.acid
2024-10-18 12:33:42.66949 INFO::Fitting model to feature number 649, X5.beta.androstan.3.alpha.ol.17.one.sulfate
2024-10-18 12:33:42.734488 INFO::Fitting model to feature number 650, X5.hydroxyindoleacetate
2024-10-18 12:33:42.793595 INFO::Fitting model to feature number 651, X5.Hydroxymethylcytidine
2024-10-18 12:33:42.84773 INFO::Fitting model to feature number 652, X5.Methylcytidine
2024-10-18 12:33:42.947254 INFO::Fitting model to feature number 653, X5..Methylthioadenosine
2024-10-18 12:33:43.01886 INFO::Fitting model to feature number 654, X6.7.Dihydroxycoumarin
2024-10-18 12:33:43.09308 INFO::Fitting model to feature number 655, X6.Aminoindazole
2024-10-18 12:33:43.164292 INFO::Fitting model to feature number 656, X7.Keto.3alpha.12.alpha.dihydroxycholanic.acid
2024-10-18 12:33:43.229601 INFO::Fitting model to feature number 657, X7.Methylguanine
2024-10-18 12:33:43.291712 INFO::Fitting model to feature number 658, X8.Oxo.2.deoxyadenosine
2024-10-18 12:33:43.352596 INFO::Fitting model to feature number 659, X9.10.dihydroxystearic.acid
2024-10-18 12:33:43.421153 INFO::Fitting model to feature number 660, Acetaminophen.sulfate
2024-10-18 12:33:43.490162 INFO::Fitting model to feature number 661, Acetylcarnitine
2024-10-18 12:33:43.548609 INFO::Fitting model to feature number 662, Adenine
2024-10-18 12:33:43.60994 INFO::Fitting model to feature number 663, adenosine.1
2024-10-18 12:33:43.674428 INFO::Fitting model to feature number 664, Agmatine
2024-10-18 12:33:43.729975 INFO::Fitting model to feature number 665, Ala.Ala
2024-10-18 12:33:43.792044 INFO::Fitting model to feature number 666, Ala.Ala.Lys
2024-10-18 12:33:43.853867 INFO::Fitting model to feature number 667, Ala.Arg
2024-10-18 12:33:43.909642 INFO::Fitting model to feature number 668, Ala.Gln
2024-10-18 12:33:43.998358 INFO::Fitting model to feature number 669, Ala.His
2024-10-18 12:33:44.065317 INFO::Fitting model to feature number 670, Ala.Ile.Arg
2024-10-18 12:33:44.130908 INFO::Fitting model to feature number 671, Ala.Lys
2024-10-18 12:33:44.200813 INFO::Fitting model to feature number 672, Ala.Phe
2024-10-18 12:33:44.260464 INFO::Fitting model to feature number 673, ala.pro
2024-10-18 12:33:44.31882 INFO::Fitting model to feature number 674, Ala.Thr
2024-10-18 12:33:44.378007 INFO::Fitting model to feature number 675, Ala.Trp
2024-10-18 12:33:44.441292 INFO::Fitting model to feature number 676, Ala.Val.Lys
2024-10-18 12:33:44.504384 INFO::Fitting model to feature number 677, alpha.Galactosamine.1.phosphate
2024-10-18 12:33:44.579548 INFO::Fitting model to feature number 678, aminocarnitine
2024-10-18 12:33:44.645479 INFO::Fitting model to feature number 679, Arabitol
2024-10-18 12:33:44.696209 INFO::Fitting model to feature number 680, Arg.Gly
2024-10-18 12:33:44.750261 INFO::Fitting model to feature number 681, Arginine
2024-10-18 12:33:44.80942 INFO::Fitting model to feature number 682, arg.pro
2024-10-18 12:33:44.87504 INFO::Fitting model to feature number 683, Arg.Thr
2024-10-18 12:33:44.933815 INFO::Fitting model to feature number 684, Arg.Trp
2024-10-18 12:33:44.994731 INFO::Fitting model to feature number 685, Asn.Arg
2024-10-18 12:33:45.130911 INFO::Fitting model to feature number 686, Asn.Asn
2024-10-18 12:33:45.193232 INFO::Fitting model to feature number 687, Asn.Glu
2024-10-18 12:33:45.257873 INFO::Fitting model to feature number 688, Asn.Tyr
2024-10-18 12:33:45.329774 INFO::Fitting model to feature number 689, Asp.Arg
2024-10-18 12:33:45.402025 INFO::Fitting model to feature number 690, Aspartic.acid
2024-10-18 12:33:45.466285 INFO::Fitting model to feature number 691, Asp.Leu.Lys
2024-10-18 12:33:45.532214 INFO::Fitting model to feature number 692, Asp.Lys
2024-10-18 12:33:45.59962 INFO::Fitting model to feature number 693, Asp.Phe
2024-10-18 12:33:45.660298 INFO::Fitting model to feature number 694, Asp.Tyr
2024-10-18 12:33:45.721036 INFO::Fitting model to feature number 695, Azithromycin
2024-10-18 12:33:45.784421 INFO::Fitting model to feature number 696, beta.homoleucine
2024-10-18 12:33:45.849687 INFO::Fitting model to feature number 697, Betaine
2024-10-18 12:33:45.920812 INFO::Fitting model to feature number 698, Biliverdin
2024-10-18 12:33:45.990848 INFO::Fitting model to feature number 699, Blood.Group.A.Tetrasaccharide
2024-10-18 12:33:46.051719 INFO::Fitting model to feature number 700, cadaverine.1
2024-10-18 12:33:46.115732 INFO::Fitting model to feature number 701, Caffeic.acid
2024-10-18 12:33:46.192994 INFO::Fitting model to feature number 702, cAMP
2024-10-18 12:33:46.281185 INFO::Fitting model to feature number 703, carnitine
2024-10-18 12:33:46.335609 INFO::Fitting model to feature number 704, carnosine
2024-10-18 12:33:46.393635 INFO::Fitting model to feature number 705, Catechol
2024-10-18 12:33:46.455956 INFO::Fitting model to feature number 706, chenodeoxycholic.acid.1
2024-10-18 12:33:46.505416 INFO::Fitting model to feature number 707, cholesterol.3.sulfate....1046
2024-10-18 12:33:46.572417 INFO::Fitting model to feature number 708, Cholic.acid
2024-10-18 12:33:46.641785 INFO::Fitting model to feature number 709, Choline
2024-10-18 12:33:46.692221 INFO::Fitting model to feature number 710, citrulline
2024-10-18 12:33:46.74217 INFO::Fitting model to feature number 711, Cortisone
2024-10-18 12:33:46.79317 INFO::Fitting model to feature number 712, Cortodoxone
2024-10-18 12:33:46.857124 INFO::Fitting model to feature number 713, Creatine
2024-10-18 12:33:46.926584 INFO::Fitting model to feature number 714, Cysteic.Acid
2024-10-18 12:33:46.994544 INFO::Fitting model to feature number 715, cysteine.S.sulfate
2024-10-18 12:33:47.062336 INFO::Fitting model to feature number 716, Cytidine
2024-10-18 12:33:47.136137 INFO::Fitting model to feature number 717, Daidzein
2024-10-18 12:33:47.222748 INFO::Fitting model to feature number 718, decanedioic.acid
2024-10-18 12:33:47.356117 INFO::Fitting model to feature number 719, dehydroepiandrosterone.sulfate
2024-10-18 12:33:47.422611 INFO::Fitting model to feature number 720, delta.Hydroxylysine
2024-10-18 12:33:47.480306 INFO::Fitting model to feature number 721, deoxycarnitine
2024-10-18 12:33:47.54022 INFO::Fitting model to feature number 722, Deoxycholate
2024-10-18 12:33:47.597494 INFO::Fitting model to feature number 723, deprenyl
2024-10-18 12:33:47.650924 INFO::Fitting model to feature number 724, D.erythro.N.stearoylsphingosine
2024-10-18 12:33:47.708127 INFO::Fitting model to feature number 725, Desloratadine
2024-10-18 12:33:47.770295 INFO::Fitting model to feature number 726, dibenzylamine
2024-10-18 12:33:47.828398 INFO::Fitting model to feature number 727, Dihydrosphingosine
2024-10-18 12:33:47.885486 INFO::Fitting model to feature number 728, DL.Octopamine
2024-10-18 12:33:47.941942 INFO::Fitting model to feature number 729, docosahexaenoic.acid
2024-10-18 12:33:48.006222 INFO::Fitting model to feature number 730, Docosatetraenoic.acid
2024-10-18 12:33:48.069988 INFO::Fitting model to feature number 731, D.Pyroglutamic.acid
2024-10-18 12:33:48.128812 INFO::Fitting model to feature number 732, Eicosenoic.acid
2024-10-18 12:33:48.193928 INFO::Fitting model to feature number 733, E.N.Deoxyfructosyllysine
2024-10-18 12:33:48.256792 INFO::Fitting model to feature number 734, ethanolamine.1
2024-10-18 12:33:48.31461 INFO::Fitting model to feature number 735, Ethyl..4.amino.1.piperidinyl.acetate
2024-10-18 12:33:48.388636 INFO::Fitting model to feature number 736, Ferulic.acid
2024-10-18 12:33:48.439968 INFO::Fitting model to feature number 737, Galacto.N.biose
2024-10-18 12:33:48.497807 INFO::Fitting model to feature number 738, gamma.aminobutyric.acid
2024-10-18 12:33:48.559264 INFO::Fitting model to feature number 739, gamma.Glutamylmethionine
2024-10-18 12:33:48.614661 INFO::Fitting model to feature number 740, gamma.linolenic.acid
2024-10-18 12:33:48.68973 INFO::Fitting model to feature number 741, Gln.Ala
2024-10-18 12:33:48.752188 INFO::Fitting model to feature number 742, Gln.Arg
2024-10-18 12:33:48.810601 INFO::Fitting model to feature number 743, Gln.Glu
2024-10-18 12:33:48.876438 INFO::Fitting model to feature number 744, Gln.Leu.Lys
2024-10-18 12:33:48.939236 INFO::Fitting model to feature number 745, Gln.Met
2024-10-18 12:33:49.004822 INFO::Fitting model to feature number 746, Gln.Phe
2024-10-18 12:33:49.07857 INFO::Fitting model to feature number 747, Gln.Pro
2024-10-18 12:33:49.159318 INFO::Fitting model to feature number 748, Gln.Tyr
2024-10-18 12:33:49.228085 INFO::Fitting model to feature number 749, Glu.Ala.Lys
2024-10-18 12:33:49.292143 INFO::Fitting model to feature number 750, Glucosamine.6.phosphate
2024-10-18 12:33:49.361052 INFO::Fitting model to feature number 751, Glu.Glu
2024-10-18 12:33:49.441987 INFO::Fitting model to feature number 752, Glu.Gly
2024-10-18 12:33:49.507174 INFO::Fitting model to feature number 753, Glu.His
2024-10-18 12:33:49.570474 INFO::Fitting model to feature number 754, Glu.Ile.Lys
2024-10-18 12:33:49.630303 INFO::Fitting model to feature number 755, glutamic.acid
2024-10-18 12:33:49.69356 INFO::Fitting model to feature number 756, Glutamine
2024-10-18 12:33:49.754786 INFO::Fitting model to feature number 757, Glu.Val.Phe
2024-10-18 12:33:49.816772 INFO::Fitting model to feature number 758, Gly.Asn
2024-10-18 12:33:49.889311 INFO::Fitting model to feature number 759, Gly.Asp
2024-10-18 12:33:49.959117 INFO::Fitting model to feature number 760, glycerophosphocholine
2024-10-18 12:33:50.031046 INFO::Fitting model to feature number 761, glycine.1
2024-10-18 12:33:50.100636 INFO::Fitting model to feature number 762, Glycitein
2024-10-18 12:33:50.163211 INFO::Fitting model to feature number 763, glycocholic.acid
2024-10-18 12:33:50.222332 INFO::Fitting model to feature number 764, Gly.Glu
2024-10-18 12:33:50.296589 INFO::Fitting model to feature number 765, Gly.His
2024-10-18 12:33:50.361453 INFO::Fitting model to feature number 766, Gly.Ile
2024-10-18 12:33:50.414859 INFO::Fitting model to feature number 767, Gly.Ile.Lys
2024-10-18 12:33:50.463237 INFO::Fitting model to feature number 768, Gly.Met
2024-10-18 12:33:50.568336 INFO::Fitting model to feature number 769, Gly.Phe
2024-10-18 12:33:50.635641 INFO::Fitting model to feature number 770, Gly.Pro
2024-10-18 12:33:50.70511 INFO::Fitting model to feature number 771, Gly.Val.Lys
2024-10-18 12:33:50.774197 INFO::Fitting model to feature number 772, guanidinosuccinate.1
2024-10-18 12:33:50.845289 INFO::Fitting model to feature number 773, Guanine
2024-10-18 12:33:50.897753 INFO::Fitting model to feature number 774, Guanosine
2024-10-18 12:33:50.953239 INFO::Fitting model to feature number 775, His.Ala
2024-10-18 12:33:51.020298 INFO::Fitting model to feature number 776, His.Gln
2024-10-18 12:33:51.086235 INFO::Fitting model to feature number 777, his.ile
2024-10-18 12:33:51.152964 INFO::Fitting model to feature number 778, His.Leu
2024-10-18 12:33:51.203578 INFO::Fitting model to feature number 779, His.Ser
2024-10-18 12:33:51.261112 INFO::Fitting model to feature number 780, Histamine
2024-10-18 12:33:51.313111 INFO::Fitting model to feature number 781, His.Thr
2024-10-18 12:33:51.373334 INFO::Fitting model to feature number 782, histidine
2024-10-18 12:33:51.444602 INFO::Fitting model to feature number 783, His.Tyr
2024-10-18 12:33:51.511442 INFO::Fitting model to feature number 784, His.Val
2024-10-18 12:33:51.585709 INFO::Fitting model to feature number 785, Homarine
2024-10-18 12:33:51.682923 INFO::Fitting model to feature number 786, Hypoxanthine
2024-10-18 12:33:51.745937 INFO::Fitting model to feature number 787, Ile.Ala
2024-10-18 12:33:51.808514 INFO::Fitting model to feature number 788, Ile.Arg
2024-10-18 12:33:51.876626 INFO::Fitting model to feature number 789, Ile.Gln
2024-10-18 12:33:51.930403 INFO::Fitting model to feature number 790, Ile.Glu
2024-10-18 12:33:51.988364 INFO::Fitting model to feature number 791, Ile.Phe
2024-10-18 12:33:52.048798 INFO::Fitting model to feature number 792, Ile.Pro
2024-10-18 12:33:52.110564 INFO::Fitting model to feature number 793, Ile.Ser
2024-10-18 12:33:52.183967 INFO::Fitting model to feature number 794, Ile.Thr
2024-10-18 12:33:52.25227 INFO::Fitting model to feature number 795, Ile.Trp
2024-10-18 12:33:52.321603 INFO::Fitting model to feature number 796, Ile.Val
2024-10-18 12:33:52.397612 INFO::Fitting model to feature number 797, Ile.Val.Arg
2024-10-18 12:33:52.47099 INFO::Fitting model to feature number 798, Indole.3.carboxaldehyde
2024-10-18 12:33:52.542663 INFO::Fitting model to feature number 799, Inosine
2024-10-18 12:33:52.606873 INFO::Fitting model to feature number 800, isethionate
2024-10-18 12:33:52.680047 INFO::Fitting model to feature number 801, Isoleucine
2024-10-18 12:33:52.790435 INFO::Fitting model to feature number 802, Isorhamnetin.3.O.rutinoside
2024-10-18 12:33:52.863431 INFO::Fitting model to feature number 803, Ketoisovaleric.acid
2024-10-18 12:33:52.924547 INFO::Fitting model to feature number 804, Kynurenic.acid
2024-10-18 12:33:52.99034 INFO::Fitting model to feature number 805, L.Arginine..methyl.ester
2024-10-18 12:33:53.080435 INFO::Fitting model to feature number 806, Lauroyl.L.carnitine
2024-10-18 12:33:53.235631 INFO::Fitting model to feature number 807, Leu.Asn
2024-10-18 12:33:53.306195 INFO::Fitting model to feature number 808, Leucine
2024-10-18 12:33:53.364304 INFO::Fitting model to feature number 809, leucyl.leucine
2024-10-18 12:33:53.420622 INFO::Fitting model to feature number 810, Leu.Gly.Leu
2024-10-18 12:33:53.476549 INFO::Fitting model to feature number 811, Leu.His
2024-10-18 12:33:53.530755 INFO::Fitting model to feature number 812, Leu.Leu
2024-10-18 12:33:53.586623 INFO::Fitting model to feature number 813, Leu.Met
2024-10-18 12:33:53.647055 INFO::Fitting model to feature number 814, Leu.Phe
2024-10-18 12:33:53.711847 INFO::Fitting model to feature number 815, Leu.Thr
2024-10-18 12:33:53.777055 INFO::Fitting model to feature number 816, Leu.Trp
2024-10-18 12:33:53.835941 INFO::Fitting model to feature number 817, Leu.Val.Lys
2024-10-18 12:33:53.907486 INFO::Fitting model to feature number 818, Linoleoyl.ethanolamide
2024-10-18 12:33:53.993374 INFO::Fitting model to feature number 819, LPA.16.0
2024-10-18 12:33:54.04927 INFO::Fitting model to feature number 820, LPC.12.0
2024-10-18 12:33:54.114085 INFO::Fitting model to feature number 821, LPC.15.0
2024-10-18 12:33:54.17539 INFO::Fitting model to feature number 822, LPC.16.0
2024-10-18 12:33:54.235895 INFO::Fitting model to feature number 823, LPC.18.0....1185
2024-10-18 12:33:54.291414 INFO::Fitting model to feature number 824, LPC.18.1.Isomer.B
2024-10-18 12:33:54.347117 INFO::Fitting model to feature number 825, LPC.O.16.1....1188
2024-10-18 12:33:54.401368 INFO::Fitting model to feature number 826, LPE.16.0....1189
2024-10-18 12:33:54.454735 INFO::Fitting model to feature number 827, LPE.O.16.1
2024-10-18 12:33:54.524583 INFO::Fitting model to feature number 828, LPI.18.0
2024-10-18 12:33:54.577144 INFO::Fitting model to feature number 829, L.Saccharopine
2024-10-18 12:33:54.637721 INFO::Fitting model to feature number 830, Lys.Asp
2024-10-18 12:33:54.695543 INFO::Fitting model to feature number 831, Lys.Gly
2024-10-18 12:33:54.75124 INFO::Fitting model to feature number 832, lysine
2024-10-18 12:33:54.819538 INFO::Fitting model to feature number 833, Lys.Phe
2024-10-18 12:33:54.871543 INFO::Fitting model to feature number 834, Lys.Pro
2024-10-18 12:33:54.947493 INFO::Fitting model to feature number 835, Lys.Ser
2024-10-18 12:33:55.00145 INFO::Fitting model to feature number 836, Lys.Val
2024-10-18 12:33:55.064958 INFO::Fitting model to feature number 837, Malonic.acid
2024-10-18 12:33:55.133089 INFO::Fitting model to feature number 838, Mandelic.acid
2024-10-18 12:33:55.179901 INFO::Fitting model to feature number 839, Mannitol
2024-10-18 12:33:55.235784 INFO::Fitting model to feature number 840, Melatonin
2024-10-18 12:33:55.299334 INFO::Fitting model to feature number 841, Met.Ala
2024-10-18 12:33:55.367737 INFO::Fitting model to feature number 842, Met.Arg
2024-10-18 12:33:55.425232 INFO::Fitting model to feature number 843, Met.Asp
2024-10-18 12:33:55.480185 INFO::Fitting model to feature number 844, Met.Glu
2024-10-18 12:33:55.536595 INFO::Fitting model to feature number 845, Methacholine
2024-10-18 12:33:55.597839 INFO::Fitting model to feature number 846, Methionine
2024-10-18 12:33:55.65694 INFO::Fitting model to feature number 847, methionine.sulfone
2024-10-18 12:33:55.715828 INFO::Fitting model to feature number 848, methionine.sulfoxide
2024-10-18 12:33:55.777559 INFO::Fitting model to feature number 849, Met.His
2024-10-18 12:33:55.836982 INFO::Fitting model to feature number 850, Methohexital
2024-10-18 12:33:55.910293 INFO::Fitting model to feature number 851, Methyl.beta.galactopyranoside
2024-10-18 12:33:56.00391 INFO::Fitting model to feature number 852, methylglyoxal.derived.hydroimidazolone
2024-10-18 12:33:56.06114 INFO::Fitting model to feature number 853, Met.Lys
2024-10-18 12:33:56.115273 INFO::Fitting model to feature number 854, Met.Met
2024-10-18 12:33:56.176387 INFO::Fitting model to feature number 855, Met.Thr
2024-10-18 12:33:56.233915 INFO::Fitting model to feature number 856, Met.Val
2024-10-18 12:33:56.306885 INFO::Fitting model to feature number 857, myo.inositol
2024-10-18 12:33:56.38154 INFO::Fitting model to feature number 858, Myristoyl.L.carnitine
2024-10-18 12:33:56.455155 INFO::Fitting model to feature number 859, N..2.6.dimethylphenyl..2.hydroxyacetamide
2024-10-18 12:33:56.522947 INFO::Fitting model to feature number 860, N..5.acetamidopentyl.acetamide
2024-10-18 12:33:56.583767 INFO::Fitting model to feature number 861, N.N..Diacetylcystine
2024-10-18 12:33:56.652827 INFO::Fitting model to feature number 862, N.N.epsiloN.dimethyl.lysine
2024-10-18 12:33:56.719379 INFO::Fitting model to feature number 863, N2.acetyl.histidine
2024-10-18 12:33:56.79101 INFO::Fitting model to feature number 864, N8.acetylspermidine
2024-10-18 12:33:56.862631 INFO::Fitting model to feature number 865, N.acetylarginine
2024-10-18 12:33:56.929489 INFO::Fitting model to feature number 866, N.Acetyl.D.proline
2024-10-18 12:33:56.981804 INFO::Fitting model to feature number 867, N.Acetylglucosamine
2024-10-18 12:33:57.03234 INFO::Fitting model to feature number 868, N..Acetylisonicotinohydrazide
2024-10-18 12:33:57.119696 INFO::Fitting model to feature number 869, N.Acetylputrescine
2024-10-18 12:33:57.18473 INFO::Fitting model to feature number 870, N.Acetylserine
2024-10-18 12:33:57.235237 INFO::Fitting model to feature number 871, N.alpha.methylhistamine
2024-10-18 12:33:57.282794 INFO::Fitting model to feature number 872, Neohesperidin
2024-10-18 12:33:57.335544 INFO::Fitting model to feature number 873, Nervonic.acid
2024-10-18 12:33:57.401081 INFO::Fitting model to feature number 874, N.Formylmethionine
2024-10-18 12:33:57.453291 INFO::Fitting model to feature number 875, N.fructosyl.isoleucine
2024-10-18 12:33:57.505634 INFO::Fitting model to feature number 876, Nicotinamide.riboside
2024-10-18 12:33:57.559739 INFO::Fitting model to feature number 877, Nicotinic.acid
2024-10-18 12:33:57.621032 INFO::Fitting model to feature number 878, N.Isobutyrylglycine
2024-10-18 12:33:57.687897 INFO::Fitting model to feature number 879, N.Methylanthranilic.acid
2024-10-18 12:33:57.74291 INFO::Fitting model to feature number 880, N.Methylglutamic.acid
2024-10-18 12:33:57.807872 INFO::Fitting model to feature number 881, N.Methylproline
2024-10-18 12:33:57.863907 INFO::Fitting model to feature number 882, N.Methylthreonine
2024-10-18 12:33:57.930335 INFO::Fitting model to feature number 883, N.Methyltyrosine
2024-10-18 12:33:57.985681 INFO::Fitting model to feature number 884, N.nitroimidazolidi.N.2.imine
2024-10-18 12:33:58.07575 INFO::Fitting model to feature number 885, N.nitrosopyrrolidine
2024-10-18 12:33:58.129397 INFO::Fitting model to feature number 886, N.omega.Acetylhistamine
2024-10-18 12:33:58.188313 INFO::Fitting model to feature number 887, Octadecanedioic.acid
2024-10-18 12:33:58.245332 INFO::Fitting model to feature number 888, Octopine
2024-10-18 12:33:58.312111 INFO::Fitting model to feature number 889, Oleoyl.L.carnitine
2024-10-18 12:33:58.37394 INFO::Fitting model to feature number 890, O.Phosphocholine
2024-10-18 12:33:58.43159 INFO::Fitting model to feature number 891, ornithine....1268
2024-10-18 12:33:58.502325 INFO::Fitting model to feature number 892, Palmitoylcarnitine
2024-10-18 12:33:58.578727 INFO::Fitting model to feature number 893, Pantothenic.acid
2024-10-18 12:33:58.638362 INFO::Fitting model to feature number 894, Pantothenic.acid.1
2024-10-18 12:33:58.697119 INFO::Fitting model to feature number 895, p.coumaric.acid
2024-10-18 12:33:58.753667 INFO::Fitting model to feature number 896, Phe.Ala
2024-10-18 12:33:58.810994 INFO::Fitting model to feature number 897, phe.arg
2024-10-18 12:33:58.865334 INFO::Fitting model to feature number 898, Phe.Asn
2024-10-18 12:33:58.922858 INFO::Fitting model to feature number 899, Phe.Glu
2024-10-18 12:33:58.982584 INFO::Fitting model to feature number 900, Phe.His
2024-10-18 12:33:59.047549 INFO::Fitting model to feature number 901, Phe.Lys
2024-10-18 12:33:59.160838 INFO::Fitting model to feature number 902, phenylacetylglycine
2024-10-18 12:33:59.253332 INFO::Fitting model to feature number 903, Phenylalanine
2024-10-18 12:33:59.33231 INFO::Fitting model to feature number 904, Phe.Thr
2024-10-18 12:33:59.401087 INFO::Fitting model to feature number 905, Phe.Tyr
2024-10-18 12:33:59.45785 INFO::Fitting model to feature number 906, Phe.Val
2024-10-18 12:33:59.515301 INFO::Fitting model to feature number 907, Pipecolic.acid
2024-10-18 12:33:59.569862 INFO::Fitting model to feature number 908, piperine
2024-10-18 12:33:59.625724 INFO::Fitting model to feature number 909, Pro.Asp
2024-10-18 12:33:59.683849 INFO::Fitting model to feature number 910, pro.gly
2024-10-18 12:33:59.753599 INFO::Fitting model to feature number 911, Pro.Ile
2024-10-18 12:33:59.808348 INFO::Fitting model to feature number 912, Proline
2024-10-18 12:33:59.868722 INFO::Fitting model to feature number 913, Pro.Phe
2024-10-18 12:33:59.927092 INFO::Fitting model to feature number 914, Pro.Pro
2024-10-18 12:33:59.989044 INFO::Fitting model to feature number 915, Pro.Ser
2024-10-18 12:34:00.043473 INFO::Fitting model to feature number 916, Pro.Thr
2024-10-18 12:34:00.101403 INFO::Fitting model to feature number 917, Pseudouridine
2024-10-18 12:34:00.196896 INFO::Fitting model to feature number 918, putrescine.1
2024-10-18 12:34:00.251074 INFO::Fitting model to feature number 919, Pyridoxamine
2024-10-18 12:34:00.301795 INFO::Fitting model to feature number 920, pyrrolidine
2024-10-18 12:34:00.354255 INFO::Fitting model to feature number 921, pyruvic.acid...1307
2024-10-18 12:34:00.413258 INFO::Fitting model to feature number 922, quinaldic.acid
2024-10-18 12:34:00.465019 INFO::Fitting model to feature number 923, riboflavin
2024-10-18 12:34:00.511461 INFO::Fitting model to feature number 924, Rosmarinic.acid
2024-10-18 12:34:00.566545 INFO::Fitting model to feature number 925, S.Adenosyl.L.methionine
2024-10-18 12:34:00.620494 INFO::Fitting model to feature number 926, salicylamide
2024-10-18 12:34:00.674947 INFO::Fitting model to feature number 927, SDMA
2024-10-18 12:34:00.726397 INFO::Fitting model to feature number 928, sedoheptulose
2024-10-18 12:34:00.778809 INFO::Fitting model to feature number 929, Ser.Asp
2024-10-18 12:34:00.849575 INFO::Fitting model to feature number 930, serine....1320
2024-10-18 12:34:00.923399 INFO::Fitting model to feature number 931, Ser.Lys
2024-10-18 12:34:01.00429 INFO::Fitting model to feature number 932, ser.pro
2024-10-18 12:34:01.073617 INFO::Fitting model to feature number 933, Ser.Thr
2024-10-18 12:34:01.141693 INFO::Fitting model to feature number 934, Ser.Val
2024-10-18 12:34:01.238193 INFO::Fitting model to feature number 935, SM.22.1.2O.12.0
2024-10-18 12:34:01.305309 INFO::Fitting model to feature number 936, SPERMIDINE
2024-10-18 12:34:01.370483 INFO::Fitting model to feature number 937, Stercobilin
2024-10-18 12:34:01.446049 INFO::Fitting model to feature number 938, sulfochenodeoxycholic.acid
2024-10-18 12:34:01.507708 INFO::Fitting model to feature number 939, sulfolithocholic.acid
2024-10-18 12:34:01.563567 INFO::Fitting model to feature number 940, Tagatose
2024-10-18 12:34:01.631876 INFO::Fitting model to feature number 941, Taurine
2024-10-18 12:34:01.704303 INFO::Fitting model to feature number 942, Taurocholic.acid
2024-10-18 12:34:01.784439 INFO::Fitting model to feature number 943, Tauromuricholic.acid
2024-10-18 12:34:01.86068 INFO::Fitting model to feature number 944, Thiamine
2024-10-18 12:34:01.917885 INFO::Fitting model to feature number 945, Thr.Ala
2024-10-18 12:34:01.983971 INFO::Fitting model to feature number 946, Thr.Asp
2024-10-18 12:34:02.048932 INFO::Fitting model to feature number 947, threonine
2024-10-18 12:34:02.123829 INFO::Fitting model to feature number 948, Thr.His
2024-10-18 12:34:02.193138 INFO::Fitting model to feature number 949, Thr.Ile.Lys
2024-10-18 12:34:02.262645 INFO::Fitting model to feature number 950, Thr.Lys
2024-10-18 12:34:02.360691 INFO::Fitting model to feature number 951, Thr.Ser
2024-10-18 12:34:02.425075 INFO::Fitting model to feature number 952, Thr.Thr
2024-10-18 12:34:02.492943 INFO::Fitting model to feature number 953, Thr.Val
2024-10-18 12:34:02.565547 INFO::Fitting model to feature number 954, Thymidine
2024-10-18 12:34:02.64589 INFO::Fitting model to feature number 955, Thymine
2024-10-18 12:34:02.720521 INFO::Fitting model to feature number 956, TMAO
2024-10-18 12:34:02.789077 INFO::Fitting model to feature number 957, Tomatidine
2024-10-18 12:34:02.852237 INFO::Fitting model to feature number 958, trans.Zeatin
2024-10-18 12:34:02.920215 INFO::Fitting model to feature number 959, Trihydroxycholestanoic.acid
2024-10-18 12:34:02.989031 INFO::Fitting model to feature number 960, TRIMETHYLAMINE
2024-10-18 12:34:03.059225 INFO::Fitting model to feature number 961, Trp.Ser
2024-10-18 12:34:03.12469 INFO::Fitting model to feature number 962, Trp.Val
2024-10-18 12:34:03.186875 INFO::Fitting model to feature number 963, Tryptamine
2024-10-18 12:34:03.246171 INFO::Fitting model to feature number 964, Tryptoline
2024-10-18 12:34:03.295282 INFO::Fitting model to feature number 965, Tryptophan
2024-10-18 12:34:03.358001 INFO::Fitting model to feature number 966, Tyr.Ala
2024-10-18 12:34:03.42361 INFO::Fitting model to feature number 967, tyr.arg
2024-10-18 12:34:03.530815 INFO::Fitting model to feature number 968, Tyr.Asn
2024-10-18 12:34:03.606317 INFO::Fitting model to feature number 969, Tyr.Lys
2024-10-18 12:34:03.670638 INFO::Fitting model to feature number 970, tyrosine.1
2024-10-18 12:34:03.742348 INFO::Fitting model to feature number 971, Tyr.Thr
2024-10-18 12:34:03.805035 INFO::Fitting model to feature number 972, Tyr.Tyr.Tyr
2024-10-18 12:34:03.856542 INFO::Fitting model to feature number 973, Tyr.Val
2024-10-18 12:34:03.910062 INFO::Fitting model to feature number 974, Uracil
2024-10-18 12:34:03.972948 INFO::Fitting model to feature number 975, urea.1
2024-10-18 12:34:04.053251 INFO::Fitting model to feature number 976, uric.acid.1
2024-10-18 12:34:04.136622 INFO::Fitting model to feature number 977, Uridine
2024-10-18 12:34:04.209567 INFO::Fitting model to feature number 978, uridine.5.monophosphate
2024-10-18 12:34:04.272836 INFO::Fitting model to feature number 979, urobilin
2024-10-18 12:34:04.332302 INFO::Fitting model to feature number 980, Urocanic.acid
2024-10-18 12:34:04.414864 INFO::Fitting model to feature number 981, Ursocholic.acid
2024-10-18 12:34:04.484553 INFO::Fitting model to feature number 982, Val.Arg
2024-10-18 12:34:04.543766 INFO::Fitting model to feature number 983, Val.Asp
2024-10-18 12:34:04.636168 INFO::Fitting model to feature number 984, valeryl.carnitine
2024-10-18 12:34:04.711138 INFO::Fitting model to feature number 985, Val.Gly
2024-10-18 12:34:04.770362 INFO::Fitting model to feature number 986, Val.His
2024-10-18 12:34:04.834307 INFO::Fitting model to feature number 987, Valine
2024-10-18 12:34:04.889744 INFO::Fitting model to feature number 988, Val.Met
2024-10-18 12:34:04.968867 INFO::Fitting model to feature number 989, Val.Phe.Lys
2024-10-18 12:34:05.040449 INFO::Fitting model to feature number 990, Val.Pro
2024-10-18 12:34:05.109618 INFO::Fitting model to feature number 991, Val.Ser
2024-10-18 12:34:05.17771 INFO::Fitting model to feature number 992, Val.Thr
2024-10-18 12:34:05.242488 INFO::Fitting model to feature number 993, Val.Tyr
2024-10-18 12:34:05.32033 INFO::Fitting model to feature number 994, Val.Val
2024-10-18 12:34:05.383191 INFO::Fitting model to feature number 995, Val.Val.Lys
2024-10-18 12:34:05.440052 INFO::Fitting model to feature number 996, xanthine
2024-10-18 12:34:05.50088 INFO::Fitting model to feature number 997, Xanthurenic.acid
2024-10-18 12:34:05.865076 INFO::Counting total values for each feature
2024-10-18 12:34:05.979104 INFO::Writing filtered data to file /home/julianne/Documents/biogeography/Shotgun/melonnpan/SPF_Gavage/Mets-SexSite-1-MsID//features/filtered_data.tsv
2024-10-18 12:34:05.999414 INFO::Writing filtered, normalized data to file /home/julianne/Documents/biogeography/Shotgun/melonnpan/SPF_Gavage/Mets-SexSite-1-MsID//features/filtered_data_norm.tsv
2024-10-18 12:34:06.019706 INFO::Writing filtered, normalized, transformed data to file /home/julianne/Documents/biogeography/Shotgun/melonnpan/SPF_Gavage/Mets-SexSite-1-MsID//features/filtered_data_norm_transformed.tsv
2024-10-18 12:34:06.046471 INFO::Writing residuals to file /home/julianne/Documents/biogeography/Shotgun/melonnpan/SPF_Gavage/Mets-SexSite-1-MsID//fits/residuals.rds
2024-10-18 12:34:06.059474 INFO::Writing fitted values to file /home/julianne/Documents/biogeography/Shotgun/melonnpan/SPF_Gavage/Mets-SexSite-1-MsID//fits/fitted.rds
2024-10-18 12:34:06.068048 INFO::Writing extracted random effects to file /home/julianne/Documents/biogeography/Shotgun/melonnpan/SPF_Gavage/Mets-SexSite-1-MsID//fits/ranef.rds
2024-10-18 12:34:06.073463 INFO::Writing all results to file (ordered by increasing q-values): /home/julianne/Documents/biogeography/Shotgun/melonnpan/SPF_Gavage/Mets-SexSite-1-MsID//all_results.tsv
2024-10-18 12:34:06.091393 INFO::Writing the significant results (those which are less than or equal to the threshold of 0.250000 ) to file (ordered by increasing q-values): /home/julianne/Documents/biogeography/Shotgun/melonnpan/SPF_Gavage/Mets-SexSite-1-MsID//significant_results.tsv
