2024-06-09 16:27:25.711225 INFO::Writing function arguments to log file
2024-06-09 16:27:25.712672 DEBUG::Function arguments
2024-06-09 16:27:25.713287 DEBUG::Output folder: Maaslin2_L2/HUM_Gavage/L2-DCvsAll-CLR-Lum-ComBat-SeqRunSexSite-1-MsID
2024-06-09 16:27:25.714118 DEBUG::Min Abundance: 0.000000
2024-06-09 16:27:25.714577 DEBUG::Min Prevalence: 0.150000
2024-06-09 16:27:25.715544 DEBUG::Normalization: CLR
2024-06-09 16:27:25.716386 DEBUG::Transform: NONE
2024-06-09 16:27:25.71697 DEBUG::Analysis method: LM
2024-06-09 16:27:25.717699 DEBUG::Max significance: 0.250000
2024-06-09 16:27:25.718004 DEBUG::Random effects: MouseID
2024-06-09 16:27:25.718234 DEBUG::Fixed effects: Sequencing_Run,Sex,Site
2024-06-09 16:27:25.71844 DEBUG::Correction method: BH
2024-06-09 16:27:25.718661 DEBUG::Standardize: TRUE
2024-06-09 16:27:25.718894 DEBUG::Cores: 1
2024-06-09 16:27:25.719094 INFO::Verifying options selected are valid
2024-06-09 16:27:25.720073 INFO::Determining format of input files
2024-06-09 16:27:25.723624 INFO::Input format is data samples as columns and metadata samples as rows
2024-06-09 16:27:25.725729 DEBUG::Transformed data so samples are rows
2024-06-09 16:27:25.726624 DEBUG::A total of 52 samples were found in both the data and metadata
2024-06-09 16:27:25.728488 DEBUG::Reordering data/metadata to use same sample ordering
2024-06-09 16:27:25.730285 INFO::Formula for random effects: expr ~ (1 | MouseID)
2024-06-09 16:27:25.73323 INFO::Formula for fixed effects: expr ~  Sequencing_Run + Sex + Site
2024-06-09 16:27:25.750226 INFO::Factor detected for categorial metadata 'Sequencing_Run'. Provide a reference argument or manually set factor ordering to change reference level.
2024-06-09 16:27:25.751831 INFO::Factor detected for categorial metadata 'Sex'. Provide a reference argument or manually set factor ordering to change reference level.
2024-06-09 16:27:25.753282 INFO::Factor detected for categorial metadata 'Site'. Provide a reference argument or manually set factor ordering to change reference level.
2024-06-09 16:27:25.756961 INFO::Filter data based on min abundance and min prevalence
2024-06-09 16:27:25.758219 INFO::Total samples in data: 52
2024-06-09 16:27:25.759493 INFO::Min samples required with min abundance for a feature not to be filtered: 7.800000
2024-06-09 16:27:25.761977 INFO::Total filtered features: 0
2024-06-09 16:27:25.764316 INFO::Filtered feature names from abundance and prevalence filtering:
2024-06-09 16:27:25.766783 INFO::Total filtered features with variance filtering: 0
2024-06-09 16:27:25.76828 INFO::Filtered feature names from variance filtering:
2024-06-09 16:27:25.769434 INFO::Running selected normalization method: CLR
2024-06-09 16:27:25.771649 INFO::Applying z-score to standardize continuous metadata
2024-06-09 16:27:25.777381 INFO::Running selected transform method: NONE
2024-06-09 16:27:25.779029 INFO::Running selected analysis method: LM
2024-06-09 16:27:25.781411 INFO::Fitting model to feature number 1, k__Bacteria.p__Bacteroidota
2024-06-09 16:27:25.856639 INFO::Fitting model to feature number 2, k__Bacteria.p__Firmicutes
2024-06-09 16:27:25.927052 INFO::Fitting model to feature number 3, k__Bacteria.p__Proteobacteria
2024-06-09 16:27:25.983497 INFO::Fitting model to feature number 4, k__Bacteria.p__Verrucomicrobiota
2024-06-09 16:27:26.036763 INFO::Fitting model to feature number 5, k__Bacteria.p__Actinobacteriota
2024-06-09 16:27:26.088094 INFO::Fitting model to feature number 6, k__Bacteria.p__Desulfobacterota
2024-06-09 16:27:26.144568 INFO::Counting total values for each feature
2024-06-09 16:27:26.1475 INFO::Writing filtered data to file Maaslin2_L2/HUM_Gavage/L2-DCvsAll-CLR-Lum-ComBat-SeqRunSexSite-1-MsID/features/filtered_data.tsv
2024-06-09 16:27:26.150439 INFO::Writing filtered, normalized data to file Maaslin2_L2/HUM_Gavage/L2-DCvsAll-CLR-Lum-ComBat-SeqRunSexSite-1-MsID/features/filtered_data_norm.tsv
2024-06-09 16:27:26.153266 INFO::Writing filtered, normalized, transformed data to file Maaslin2_L2/HUM_Gavage/L2-DCvsAll-CLR-Lum-ComBat-SeqRunSexSite-1-MsID/features/filtered_data_norm_transformed.tsv
2024-06-09 16:27:26.156011 WARNING::Deleting existing residuals file: Maaslin2_L2/HUM_Gavage/L2-DCvsAll-CLR-Lum-ComBat-SeqRunSexSite-1-MsID/fits/residuals.rds
2024-06-09 16:27:26.157603 INFO::Writing residuals to file Maaslin2_L2/HUM_Gavage/L2-DCvsAll-CLR-Lum-ComBat-SeqRunSexSite-1-MsID/fits/residuals.rds
2024-06-09 16:27:26.158993 WARNING::Deleting existing fitted file: Maaslin2_L2/HUM_Gavage/L2-DCvsAll-CLR-Lum-ComBat-SeqRunSexSite-1-MsID/fits/fitted.rds
2024-06-09 16:27:26.160685 INFO::Writing fitted values to file Maaslin2_L2/HUM_Gavage/L2-DCvsAll-CLR-Lum-ComBat-SeqRunSexSite-1-MsID/fits/fitted.rds
2024-06-09 16:27:26.162459 WARNING::Deleting existing ranef file: Maaslin2_L2/HUM_Gavage/L2-DCvsAll-CLR-Lum-ComBat-SeqRunSexSite-1-MsID/fits/ranef.rds
2024-06-09 16:27:26.165214 INFO::Writing extracted random effects to file Maaslin2_L2/HUM_Gavage/L2-DCvsAll-CLR-Lum-ComBat-SeqRunSexSite-1-MsID/fits/ranef.rds
2024-06-09 16:27:26.167228 INFO::Writing all results to file (ordered by increasing q-values): Maaslin2_L2/HUM_Gavage/L2-DCvsAll-CLR-Lum-ComBat-SeqRunSexSite-1-MsID/all_results.tsv
2024-06-09 16:27:26.169924 INFO::Writing the significant results (those which are less than or equal to the threshold of 0.250000 ) to file (ordered by increasing q-values): Maaslin2_L2/HUM_Gavage/L2-DCvsAll-CLR-Lum-ComBat-SeqRunSexSite-1-MsID/significant_results.tsv
