2024-07-10 19:34:47.331686 INFO::Writing function arguments to log file
2024-07-10 19:34:47.332547 DEBUG::Function arguments
2024-07-10 19:34:47.332823 DEBUG::Output folder: Humanized-Biogeography-Analysis/differential_genera_type/HUM_L6-LumRef-CLR-Cecum-ComBat-SeqRunSexType-1-MsID
2024-07-10 19:34:47.333046 DEBUG::Min Abundance: 0.000000
2024-07-10 19:34:47.333241 DEBUG::Min Prevalence: 0.000000
2024-07-10 19:34:47.333434 DEBUG::Normalization: CLR
2024-07-10 19:34:47.333708 DEBUG::Transform: NONE
2024-07-10 19:34:47.333941 DEBUG::Analysis method: LM
2024-07-10 19:34:47.334138 DEBUG::Max significance: 0.250000
2024-07-10 19:34:47.334321 DEBUG::Random effects: MouseID
2024-07-10 19:34:47.33451 DEBUG::Fixed effects: Sequencing_Run,Sex,Type
2024-07-10 19:34:47.334692 DEBUG::Correction method: BH
2024-07-10 19:34:47.334876 DEBUG::Standardize: TRUE
2024-07-10 19:34:47.335088 DEBUG::Cores: 1
2024-07-10 19:34:47.335324 INFO::Verifying options selected are valid
2024-07-10 19:34:47.336325 INFO::Determining format of input files
2024-07-10 19:34:47.33718 INFO::Input format is data samples as columns and metadata samples as rows
2024-07-10 19:34:47.338717 DEBUG::Transformed data so samples are rows
2024-07-10 19:34:47.339485 DEBUG::A total of 18 samples were found in both the data and metadata
2024-07-10 19:34:47.339742 DEBUG::Reordering data/metadata to use same sample ordering
2024-07-10 19:34:47.340774 INFO::Formula for random effects: expr ~ (1 | MouseID)
2024-07-10 19:34:47.341808 INFO::Formula for fixed effects: expr ~  Sequencing_Run + Sex + Type
2024-07-10 19:34:47.343184 INFO::Filter data based on min abundance and min prevalence
2024-07-10 19:34:47.344226 INFO::Total samples in data: 18
2024-07-10 19:34:47.345702 INFO::Min samples required with min abundance for a feature not to be filtered: 0.000000
2024-07-10 19:34:47.347706 INFO::Total filtered features: 12
2024-07-10 19:34:47.348778 INFO::Filtered feature names from abundance and prevalence filtering: k__Bacteria.p__Proteobacteria.c__Gammaproteobacteria.o__Pseudomonadales.f__Moraxellaceae.g__Acinetobacter, k__Bacteria.p__Firmicutes.c__Clostridia.o__Lachnospirales.f__Lachnospiraceae.g__Lachnospiraceae.FCS020.group, k__Bacteria.p__Firmicutes.c__Clostridia.o__Oscillospirales.f__UCG.010.g__, k__Bacteria.p__Firmicutes.c__Clostridia.o__Oscillospirales.f__Ruminococcaceae.g__Harryflintia, k__Bacteria.p__Firmicutes.c__Clostridia.o__Oscillospirales.f__Butyricicoccaceae.g__Butyricicoccus, k__Bacteria.p__Firmicutes.c__Clostridia.o__Peptostreptococcales.Tissierellales.f__Anaerovoracaceae.g__.Eubacterium..brachy.group, k__Bacteria.p__Actinobacteriota.c__Coriobacteriia.o__Coriobacteriales.f__Eggerthellaceae.g__Enterorhabdus, k__Bacteria.p__Actinobacteriota.c__Actinobacteria.o__Bifidobacteriales.f__Bifidobacteriaceae.g__Bifidobacterium, k__Bacteria.p__Firmicutes.c__Clostridia.o__Oscillospirales.f__Oscillospiraceae.g__UCG.003, k__Bacteria.p__Firmicutes.c__Clostridia.o__Clostridiales.f__Clostridiaceae.g__Clostridium.sensu.stricto.1, k__Bacteria.p__Firmicutes.c__Clostridia.o__Lachnospirales.f__Lachnospiraceae.g__Lachnospiraceae.UCG.010, k__Bacteria.p__Firmicutes.c__Clostridia.o__Lachnospirales.f__Lachnospiraceae.g__Lachnospiraceae.UCG.006
2024-07-10 19:34:47.352415 INFO::Total filtered features with variance filtering: 0
2024-07-10 19:34:47.353925 INFO::Filtered feature names from variance filtering:
2024-07-10 19:34:47.355258 INFO::Running selected normalization method: CLR
2024-07-10 19:34:47.357417 INFO::Applying z-score to standardize continuous metadata
2024-07-10 19:34:47.361938 INFO::Running selected transform method: NONE
2024-07-10 19:34:47.363376 INFO::Running selected analysis method: LM
2024-07-10 19:34:47.364872 INFO::Fitting model to feature number 1, k__Bacteria.p__Bacteroidota.c__Bacteroidia.o__Bacteroidales.f__Muribaculaceae.g__
2024-07-10 19:34:47.410427 INFO::Fitting model to feature number 2, k__Bacteria.p__Bacteroidota.c__Bacteroidia.o__Bacteroidales.f__Rikenellaceae.g__Rikenellaceae.RC9.gut.group
2024-07-10 19:34:47.45548 INFO::Fitting model to feature number 3, k__Bacteria.p__Firmicutes.c__Clostridia.o__Lachnospirales.f__Lachnospiraceae.g__
2024-07-10 19:34:47.499091 INFO::Fitting model to feature number 4, k__Bacteria.p__Firmicutes.c__Clostridia.o__Clostridia.vadinBB60.group.f__.g__
2024-07-10 19:34:47.545246 INFO::Fitting model to feature number 5, k__Bacteria.p__Firmicutes.c__Clostridia.o__Lachnospirales.f__Lachnospiraceae.g__Lachnospiraceae.NK4A136.group
2024-07-10 19:34:47.588841 INFO::Fitting model to feature number 6, k__Bacteria.p__Bacteroidota.c__Bacteroidia.o__Bacteroidales.f__Bacteroidaceae.g__Bacteroides
2024-07-10 19:34:47.637075 INFO::Fitting model to feature number 7, k__Bacteria.p__Firmicutes.c__Clostridia.o__Oscillospirales.f__Oscillospiraceae.g__
2024-07-10 19:34:47.686495 INFO::Fitting model to feature number 8, k__Bacteria.p__Firmicutes.c__Clostridia.o__Lachnospirales.f__Lachnospiraceae.g__.Eubacterium..fissicatena.group
2024-07-10 19:34:47.760721 INFO::Fitting model to feature number 9, k__Bacteria.p__Firmicutes.c__Bacilli.o__Erysipelotrichales.f__Erysipelotrichaceae.g__Turicibacter
2024-07-10 19:34:47.821511 INFO::Fitting model to feature number 10, k__Bacteria.p__Firmicutes.c__Bacilli.o__Erysipelotrichales.f__Erysipelotrichaceae.g__Dubosiella
2024-07-10 19:34:47.879627 INFO::Fitting model to feature number 11, k__Bacteria.p__Firmicutes.c__Clostridia.o__Oscillospirales.f__Oscillospiraceae.g__Colidextribacter
2024-07-10 19:34:47.939753 INFO::Fitting model to feature number 12, k__Bacteria.p__Firmicutes.c__Bacilli.o__Erysipelotrichales.f__Erysipelotrichaceae.g__Dielma
2024-07-10 19:34:47.997885 INFO::Fitting model to feature number 13, k__Bacteria.p__Firmicutes.c__Clostridia.o__Lachnospirales.f__Lachnospiraceae.g__GCA.900066575
2024-07-10 19:34:48.057714 INFO::Fitting model to feature number 14, k__Bacteria.p__Firmicutes.c__Bacilli.o__Erysipelotrichales.f__Erysipelotrichaceae.g__.Clostridium..innocuum.group
2024-07-10 19:34:48.120038 INFO::Fitting model to feature number 15, k__Bacteria.p__Firmicutes.c__Clostridia.o__Lachnospirales.f__Lachnospiraceae.g__Marvinbryantia
2024-07-10 19:34:48.182875 INFO::Fitting model to feature number 16, k__Bacteria.p__Firmicutes.c__Clostridia.o__Lachnospirales.f__Lachnospiraceae.g__Lachnospiraceae.UCG.001
2024-07-10 19:34:48.247424 INFO::Fitting model to feature number 17, k__Bacteria.p__Firmicutes.c__Clostridia.o__Christensenellales.f__Christensenellaceae.g__
2024-07-10 19:34:48.324309 INFO::Fitting model to feature number 18, k__Bacteria.p__Proteobacteria.c__Gammaproteobacteria.o__Enterobacterales.f__Enterobacteriaceae.g__Escherichia.Shigella
2024-07-10 19:34:48.386336 INFO::Fitting model to feature number 19, k__Bacteria.p__Firmicutes.c__Clostridia.o__Eubacteriales.f__Eubacteriaceae.g__Eubacterium
2024-07-10 19:34:48.432997 INFO::Fitting model to feature number 20, k__Bacteria.p__Firmicutes.c__Bacilli.o__Erysipelotrichales.f__Erysipelatoclostridiaceae.g__Candidatus.Stoquefichus
2024-07-10 19:34:48.478806 INFO::Fitting model to feature number 21, k__Bacteria.p__Firmicutes.c__Bacilli.o__Erysipelotrichales.f__Erysipelatoclostridiaceae.g__Erysipelatoclostridium
2024-07-10 19:34:48.526045 INFO::Fitting model to feature number 22, k__Bacteria.p__Firmicutes.c__Clostridia.o__Oscillospirales.f__Ruminococcaceae.g__Paludicola
2024-07-10 19:34:48.570979 INFO::Fitting model to feature number 23, k__Bacteria.p__Firmicutes.c__Clostridia.o__Oscillospirales.f__Oscillospiraceae.g__Oscillibacter
2024-07-10 19:34:48.62924 INFO::Fitting model to feature number 24, k__Bacteria.p__Firmicutes.c__Clostridia.o__Oscillospirales.f__Ruminococcaceae.g__Faecalibacterium
2024-07-10 19:34:48.69581 INFO::Fitting model to feature number 25, k__Bacteria.p__Firmicutes.c__Clostridia.o__Oscillospirales.f__Ruminococcaceae.g__Anaerotruncus
2024-07-10 19:34:48.739079 INFO::Fitting model to feature number 26, k__Bacteria.p__Bacteroidota.c__Bacteroidia.o__Bacteroidales.f__Tannerellaceae.g__Parabacteroides
2024-07-10 19:34:48.80028 INFO::Fitting model to feature number 27, k__Bacteria.p__Firmicutes.c__Clostridia.o__Lachnospirales.f__Lachnospiraceae.g__Lachnoclostridium
2024-07-10 19:34:48.87368 INFO::Fitting model to feature number 28, k__Bacteria.p__Firmicutes.c__Clostridia.o__Lachnospirales.f__Lachnospiraceae.g__Lachnospiraceae.UCG.004
2024-07-10 19:34:48.921061 INFO::Fitting model to feature number 29, k__Bacteria.p__Firmicutes.c__Clostridia.o__Peptococcales.f__Peptococcaceae.g__
2024-07-10 19:34:48.963356 INFO::Fitting model to feature number 30, k__Bacteria.p__Firmicutes.c__Clostridia.o__Oscillospirales.f__Oscillospiraceae.g__Intestinimonas
2024-07-10 19:34:49.007659 INFO::Fitting model to feature number 31, k__Bacteria.p__Firmicutes.c__Clostridia.o__Oscillospirales.f__Ruminococcaceae.g__Incertae.Sedis
2024-07-10 19:34:49.051254 INFO::Fitting model to feature number 32, k__Bacteria.p__Firmicutes.c__Clostridia.o__Lachnospirales.f__Lachnospiraceae.g__Acetatifactor
2024-07-10 19:34:49.096658 INFO::Fitting model to feature number 33, k__Bacteria.p__Bacteroidota.c__Bacteroidia.o__Bacteroidales.f__Prevotellaceae.g__Paraprevotella
2024-07-10 19:34:49.14399 INFO::Fitting model to feature number 34, k__Bacteria.p__Firmicutes.c__Clostridia.o__Lachnospirales.f__Lachnospiraceae.g__Eisenbergiella
2024-07-10 19:34:49.188073 INFO::Fitting model to feature number 35, k__Bacteria.p__Bacteroidota.c__Bacteroidia.o__Bacteroidales.f__Muribaculaceae.g__Muribaculum
2024-07-10 19:34:49.231905 INFO::Fitting model to feature number 36, k__Bacteria.p__Bacteroidota.c__Bacteroidia.o__Bacteroidales.f__Marinifilaceae.g__Odoribacter
2024-07-10 19:34:49.28823 INFO::Fitting model to feature number 37, k__Bacteria.p__Firmicutes.c__Clostridia.o__Peptostreptococcales.Tissierellales.f__Peptostreptococcaceae.g__Romboutsia
2024-07-10 19:34:49.331149 INFO::Fitting model to feature number 38, k__Bacteria.p__Firmicutes.c__Clostridia.o__Peptostreptococcales.Tissierellales.f__Anaerovoracaceae.g__Family.XIII.UCG.001
2024-07-10 19:34:49.375574 INFO::Fitting model to feature number 39, k__Bacteria.p__Firmicutes.c__Clostridia.o__Clostridiales.f__Clostridiaceae.g__Candidatus.Arthromitus
2024-07-10 19:34:49.418905 INFO::Fitting model to feature number 40, k__Bacteria.p__Firmicutes.c__Clostridia.o__Lachnospirales.f__Lachnospiraceae.g__Anaerostipes
2024-07-10 19:34:49.463002 INFO::Fitting model to feature number 41, k__Bacteria.p__Firmicutes.c__Clostridia.o__Lachnospirales.f__Lachnospiraceae.g__Hungatella
2024-07-10 19:34:49.507994 INFO::Fitting model to feature number 42, k__Bacteria.p__Firmicutes.c__Clostridia.o__Lachnospirales.f__Lachnospiraceae.g__Lachnospiraceae.ND3007.group
2024-07-10 19:34:49.551191 INFO::Fitting model to feature number 43, k__Bacteria.p__Proteobacteria.c__Gammaproteobacteria.o__Burkholderiales.f__Sutterellaceae.g__Parasutterella
2024-07-10 19:34:49.59686 INFO::Fitting model to feature number 44, k__Bacteria.p__Firmicutes.c__Bacilli.o__Lactobacillales.f__Lactobacillaceae.g__Lactobacillus
2024-07-10 19:34:49.655926 INFO::Fitting model to feature number 45, k__Bacteria.p__Firmicutes.c__Bacilli.o__Erysipelotrichales.f__Erysipelotrichaceae.g__Faecalibaculum
2024-07-10 19:34:49.700687 INFO::Fitting model to feature number 46, k__Bacteria.p__Bacteroidota.c__Bacteroidia.o__Bacteroidales.f__Prevotellaceae.g__Prevotellaceae.UCG.001
2024-07-10 19:34:49.756673 INFO::Fitting model to feature number 47, k__Bacteria.p__Firmicutes.c__Clostridia.o__Oscillospirales.f__Ruminococcaceae.g__
2024-07-10 19:34:49.799571 INFO::Fitting model to feature number 48, k__Bacteria.p__Bacteroidota.c__Bacteroidia.o__Bacteroidales.f__Rikenellaceae.g__Alistipes
2024-07-10 19:34:49.844619 INFO::Fitting model to feature number 49, k__Bacteria.p__Firmicutes.c__Clostridia.o__Lachnospirales.f__Lachnospiraceae.g__Blautia
2024-07-10 19:34:49.891107 INFO::Fitting model to feature number 50, k__Bacteria.p__Firmicutes.c__Clostridia.o__Lachnospirales.f__Lachnospiraceae.g__Roseburia
2024-07-10 19:34:49.934285 INFO::Fitting model to feature number 51, k__Bacteria.p__Proteobacteria.c__Gammaproteobacteria.o__Enterobacterales.f__Enterobacteriaceae.g__
2024-07-10 19:34:49.978728 INFO::Fitting model to feature number 52, k__Bacteria.p__Firmicutes.c__Clostridia.o__Peptostreptococcales.Tissierellales.f__Anaerovoracaceae.g__.Eubacterium..nodatum.group
2024-07-10 19:34:50.029787 INFO::Fitting model to feature number 53, k__Bacteria.p__Firmicutes.c__Bacilli.o__Alicyclobacillales.f__Alicyclobacillaceae.g__Tumebacillus
2024-07-10 19:34:50.080494 INFO::Fitting model to feature number 54, k__Bacteria.p__Verrucomicrobiota.c__Verrucomicrobiae.o__Verrucomicrobiales.f__Akkermansiaceae.g__Akkermansia
2024-07-10 19:34:50.125115 INFO::Fitting model to feature number 55, k__Bacteria.p__Bacteroidota.c__Bacteroidia.o__Bacteroidales.f__Prevotellaceae.g__Alloprevotella
2024-07-10 19:34:50.191878 INFO::Fitting model to feature number 56, k__Bacteria.p__Firmicutes.c__Clostridia.o__Lachnospirales.f__Lachnospiraceae.g__.Ruminococcus..torques.group
2024-07-10 19:34:50.234885 INFO::Fitting model to feature number 57, k__Bacteria.p__Firmicutes.c__Clostridia.o__Oscillospirales.f__Ruminococcaceae.g__UBA1819
2024-07-10 19:34:50.280735 INFO::Fitting model to feature number 58, k__Bacteria.p__Firmicutes.c__Clostridia.o__Oscillospirales.f__Oscillospiraceae.g__UCG.005
2024-07-10 19:34:50.347622 INFO::Fitting model to feature number 59, k__Bacteria.p__Firmicutes.c__Clostridia.o__Lachnospirales.f__Lachnospiraceae.g__Tuzzerella
2024-07-10 19:34:50.419134 INFO::Fitting model to feature number 60, k__Bacteria.p__Firmicutes.c__Clostridia.o__Peptococcales.f__Peptococcaceae.g__Peptococcus
2024-07-10 19:34:50.485883 INFO::Fitting model to feature number 61, k__Bacteria.p__Desulfobacterota.c__Desulfovibrionia.o__Desulfovibrionales.f__Desulfovibrionaceae.g__Desulfovibrio
2024-07-10 19:34:50.530497 INFO::Fitting model to feature number 62, k__Bacteria.p__Firmicutes.c__Bacilli.o__Lactobacillales.f__Lactobacillaceae.g__Ligilactobacillus
2024-07-10 19:34:50.586278 INFO::Fitting model to feature number 63, k__Bacteria.p__Firmicutes.c__Clostridia.o__Lachnospirales.f__Lachnospiraceae.g__.Eubacterium..xylanophilum.group
2024-07-10 19:34:50.634177 INFO::Fitting model to feature number 64, k__Bacteria.p__Firmicutes.c__Bacilli.o__Erysipelotrichales.f__Erysipelotrichaceae.g__Holdemania
2024-07-10 19:34:50.679358 INFO::Fitting model to feature number 65, k__Bacteria.p__Firmicutes.c__Clostridia.o__Lachnospirales.f__Lachnospiraceae.g__Sellimonas
2024-07-10 19:34:50.734818 INFO::Fitting model to feature number 66, k__Bacteria.p__Firmicutes.c__Clostridia.o__Oscillospirales.f__Oscillospiraceae.g__Flavonifractor
2024-07-10 19:34:50.777855 INFO::Fitting model to feature number 67, k__Bacteria.p__Bacteroidota.c__Bacteroidia.o__Bacteroidales.f__Rikenellaceae.g__Rikenella
2024-07-10 19:34:50.820892 INFO::Fitting model to feature number 68, k__Bacteria.p__Firmicutes.c__Clostridia.o__Oscillospirales.f__Ruminococcaceae.g__Negativibacillus
2024-07-10 19:34:50.86536 INFO::Fitting model to feature number 69, k__Bacteria.p__Firmicutes.c__Clostridia.o__Oscillospirales.f__Butyricicoccaceae.g__UCG.009
2024-07-10 19:34:50.908761 INFO::Fitting model to feature number 70, k__Bacteria.p__Firmicutes.c__Clostridia.o__Lachnospirales.f__Lachnospiraceae.g__Cuneatibacter
2024-07-10 19:34:50.950591 INFO::Fitting model to feature number 71, k__Bacteria.p__Firmicutes.c__Negativicutes.o__Acidaminococcales.f__Acidaminococcaceae.g__Phascolarctobacterium
2024-07-10 19:34:50.992573 INFO::Fitting model to feature number 72, k__Bacteria.p__Firmicutes.c__Clostridia.o__Lachnospirales.f__Lachnospiraceae.g__UC5.1.2E3
2024-07-10 19:34:51.035919 INFO::Fitting model to feature number 73, k__Bacteria.p__Firmicutes.c__Clostridia.o__Lachnospirales.f__Lachnospiraceae.g__Lactonifactor
2024-07-10 19:34:51.080713 INFO::Fitting model to feature number 74, k__Bacteria.p__Desulfobacterota.c__Desulfovibrionia.o__Desulfovibrionales.f__Desulfovibrionaceae.g__Bilophila
2024-07-10 19:34:51.134984 INFO::Fitting model to feature number 75, k__Bacteria.p__Firmicutes.c__Clostridia.o__Lachnospirales.f__Lachnospiraceae.g__Lachnospiraceae.UCG.009
2024-07-10 19:34:51.20583 INFO::Counting total values for each feature
2024-07-10 19:34:51.221404 INFO::Writing filtered data to file Humanized-Biogeography-Analysis/differential_genera_type/HUM_L6-LumRef-CLR-Cecum-ComBat-SeqRunSexType-1-MsID/features/filtered_data.tsv
2024-07-10 19:34:51.226254 INFO::Writing filtered, normalized data to file Humanized-Biogeography-Analysis/differential_genera_type/HUM_L6-LumRef-CLR-Cecum-ComBat-SeqRunSexType-1-MsID/features/filtered_data_norm.tsv
2024-07-10 19:34:51.231067 INFO::Writing filtered, normalized, transformed data to file Humanized-Biogeography-Analysis/differential_genera_type/HUM_L6-LumRef-CLR-Cecum-ComBat-SeqRunSexType-1-MsID/features/filtered_data_norm_transformed.tsv
2024-07-10 19:34:51.236551 WARNING::Deleting existing residuals file: Humanized-Biogeography-Analysis/differential_genera_type/HUM_L6-LumRef-CLR-Cecum-ComBat-SeqRunSexType-1-MsID/fits/residuals.rds
2024-07-10 19:34:51.238436 INFO::Writing residuals to file Humanized-Biogeography-Analysis/differential_genera_type/HUM_L6-LumRef-CLR-Cecum-ComBat-SeqRunSexType-1-MsID/fits/residuals.rds
2024-07-10 19:34:51.2404 WARNING::Deleting existing fitted file: Humanized-Biogeography-Analysis/differential_genera_type/HUM_L6-LumRef-CLR-Cecum-ComBat-SeqRunSexType-1-MsID/fits/fitted.rds
2024-07-10 19:34:51.242315 INFO::Writing fitted values to file Humanized-Biogeography-Analysis/differential_genera_type/HUM_L6-LumRef-CLR-Cecum-ComBat-SeqRunSexType-1-MsID/fits/fitted.rds
2024-07-10 19:34:51.244127 WARNING::Deleting existing ranef file: Humanized-Biogeography-Analysis/differential_genera_type/HUM_L6-LumRef-CLR-Cecum-ComBat-SeqRunSexType-1-MsID/fits/ranef.rds
2024-07-10 19:34:51.245845 INFO::Writing extracted random effects to file Humanized-Biogeography-Analysis/differential_genera_type/HUM_L6-LumRef-CLR-Cecum-ComBat-SeqRunSexType-1-MsID/fits/ranef.rds
2024-07-10 19:34:51.247444 INFO::Writing all results to file (ordered by increasing q-values): Humanized-Biogeography-Analysis/differential_genera_type/HUM_L6-LumRef-CLR-Cecum-ComBat-SeqRunSexType-1-MsID/all_results.tsv
2024-07-10 19:34:51.25231 INFO::Writing the significant results (those which are less than or equal to the threshold of 0.250000 ) to file (ordered by increasing q-values): Humanized-Biogeography-Analysis/differential_genera_type/HUM_L6-LumRef-CLR-Cecum-ComBat-SeqRunSexType-1-MsID/significant_results.tsv
