2024-10-18 12:21:45.559198 INFO::Writing function arguments to log file
2024-10-18 12:21:45.560713 DEBUG::Function arguments
2024-10-18 12:21:45.561158 DEBUG::Output folder: /home/julianne/Documents/biogeography/Humanized-Biogeography-Analysis/melonnpan/HUM_SD_Gavage/Mets-SeqRunSexSite_General-1-MsID/
2024-10-18 12:21:45.561589 DEBUG::Min Abundance: 0.000000
2024-10-18 12:21:45.561955 DEBUG::Min Prevalence: 0.150000
2024-10-18 12:21:45.56232 DEBUG::Normalization: NONE
2024-10-18 12:21:45.562716 DEBUG::Transform: LOG
2024-10-18 12:21:45.563084 DEBUG::Analysis method: LM
2024-10-18 12:21:45.563445 DEBUG::Max significance: 0.250000
2024-10-18 12:21:45.563792 DEBUG::Random effects: MouseID
2024-10-18 12:21:45.564149 DEBUG::Fixed effects: Sequencing_Run,Sex,Site_General
2024-10-18 12:21:45.564511 DEBUG::Correction method: BH
2024-10-18 12:21:45.564872 DEBUG::Standardize: TRUE
2024-10-18 12:21:45.565223 DEBUG::Cores: 1
2024-10-18 12:21:45.56555 INFO::Verifying options selected are valid
2024-10-18 12:21:45.567003 INFO::Determining format of input files
2024-10-18 12:21:45.568662 INFO::Input format is data samples as columns and metadata samples as rows
2024-10-18 12:21:45.574517 DEBUG::Transformed data so samples are rows
2024-10-18 12:21:45.576509 DEBUG::A total of 52 samples were found in both the data and metadata
2024-10-18 12:21:45.576953 DEBUG::Reordering data/metadata to use same sample ordering
2024-10-18 12:21:45.585237 INFO::Formula for random effects: expr ~ (1 | MouseID)
2024-10-18 12:21:45.586568 INFO::Formula for fixed effects: expr ~  Sequencing_Run + Sex + Site_General
2024-10-18 12:21:45.587874 INFO::Factor detected for categorial metadata 'Sequencing_Run'. Provide a reference argument or manually set factor ordering to change reference level.
2024-10-18 12:21:45.589114 INFO::Factor detected for categorial metadata 'Sex'. Provide a reference argument or manually set factor ordering to change reference level.
2024-10-18 12:21:45.590185 INFO::Factor detected for categorial metadata 'Site_General'. Provide a reference argument or manually set factor ordering to change reference level.
2024-10-18 12:21:45.591287 INFO::Filter data based on min abundance and min prevalence
2024-10-18 12:21:45.592342 INFO::Total samples in data: 52
2024-10-18 12:21:45.59325 INFO::Min samples required with min abundance for a feature not to be filtered: 7.800000
2024-10-18 12:21:45.605161 INFO::Total filtered features: 0
2024-10-18 12:21:45.606408 INFO::Filtered feature names from abundance and prevalence filtering:
2024-10-18 12:21:45.623452 INFO::Total filtered features with variance filtering: 7
2024-10-18 12:21:45.624896 INFO::Filtered feature names from variance filtering: X13.HpOTrE, TG.14.0_16.0_17.1, TG.50.6, isoleucine, beta.sitosterol, histidinol, tryptophan.betaine
2024-10-18 12:21:45.625864 INFO::Running selected normalization method: NONE
2024-10-18 12:21:45.626876 INFO::Applying z-score to standardize continuous metadata
2024-10-18 12:21:45.631374 INFO::Running selected transform method: LOG
2024-10-18 12:21:45.64875 INFO::Running selected analysis method: LM
2024-10-18 12:21:45.650717 INFO::Fitting model to feature number 1, X13.KODE
2024-10-18 12:21:45.717635 INFO::Fitting model to feature number 2, X3.hydroxymyristic.acid
2024-10-18 12:21:45.801086 INFO::Fitting model to feature number 3, X4.HDoHE
2024-10-18 12:21:45.880231 INFO::Fitting model to feature number 4, CAR.14.1
2024-10-18 12:21:45.955987 INFO::Fitting model to feature number 5, CAR.16.0
2024-10-18 12:21:46.028994 INFO::Fitting model to feature number 6, CAR.18.0.Isomer.A
2024-10-18 12:21:46.110319 INFO::Fitting model to feature number 7, CAR.18.2.Isomer.B
2024-10-18 12:21:46.191764 INFO::Fitting model to feature number 8, Cer.16.0.2O_23.0
2024-10-18 12:21:46.263265 INFO::Fitting model to feature number 9, Cer.17.0.3O.24.0..2OH.
2024-10-18 12:21:46.313339 INFO::Fitting model to feature number 10, Cer.17.1.2O.24.1
2024-10-18 12:21:46.377041 INFO::Fitting model to feature number 11, Cer.18.0.2O.16.0
2024-10-18 12:21:46.447234 INFO::Fitting model to feature number 12, Cer.18.0.2O_20.0
2024-10-18 12:21:46.531012 INFO::Fitting model to feature number 13, Cer.18.1.2O.23.0..2OH.
2024-10-18 12:21:46.609266 INFO::Fitting model to feature number 14, Cer.18.1.2O_22.0..2OH.
2024-10-18 12:21:46.75354 INFO::Fitting model to feature number 15, Cer.18.1.3O.25.0
2024-10-18 12:21:46.869381 INFO::Fitting model to feature number 16, Cer.18.2.2O.22.0
2024-10-18 12:21:46.945612 INFO::Fitting model to feature number 17, Cer.18.2.2O.24.1
2024-10-18 12:21:47.025893 INFO::Fitting model to feature number 18, Cer.19.1.2O.24.1
2024-10-18 12:21:47.098503 INFO::Fitting model to feature number 19, Cer.20.0.2O.26.0
2024-10-18 12:21:47.161376 INFO::Fitting model to feature number 20, Cer.31.2.O3.Cer.18.1.O2.13.1.O
2024-10-18 12:21:47.224454 INFO::Fitting model to feature number 21, Cer.33.0.O3.Cer.17.0.O2.16.0.3OH.
2024-10-18 12:21:47.300345 INFO::Fitting model to feature number 22, Cer.33.0.O3.Cer.17.0.O2.16.0.O
2024-10-18 12:21:47.374938 INFO::Fitting model to feature number 23, Cer.33.1.O2.Cer.17.1.O2.16.0
2024-10-18 12:21:47.437606 INFO::Fitting model to feature number 24, Cer.34.0.O3.Cer.17.0.O2.17.0.3OH.
2024-10-18 12:21:47.494147 INFO::Fitting model to feature number 25, Cer.34.1.O2.Cer.18.1.O2.16.0
2024-10-18 12:21:47.551192 INFO::Fitting model to feature number 26, Cer.34.1.O3.Cer.18.1.O2.16.0.O
2024-10-18 12:21:47.611074 INFO::Fitting model to feature number 27, Cer.34.2.O3.Cer.17.0.O2.17.2.3OH.
2024-10-18 12:21:47.668596 INFO::Fitting model to feature number 28, Cer.35.0.O3.Cer.18.0.O2.17.0.3OH.
2024-10-18 12:21:47.72805 INFO::Fitting model to feature number 29, Cer.35.0.O3.Cer.18.0.O2.17.0.O
2024-10-18 12:21:47.82624 INFO::Fitting model to feature number 30, Cer.35.1.O3.Cer.18.0.O2.17.1.3OH.
2024-10-18 12:21:47.879266 INFO::Fitting model to feature number 31, Cer.35.1.O3.Cer.19.0.O2.16.1.O
2024-10-18 12:21:47.937117 INFO::Fitting model to feature number 32, Cer.36.0.O3.Cer.19.0.O2.17.0.3OH.
2024-10-18 12:21:47.994432 INFO::Fitting model to feature number 33, Cer.36.0.O3.Cer.19.0.O2.17.0.O
2024-10-18 12:21:48.054161 INFO::Fitting model to feature number 34, Cer.36.0.O4.Cer.18.0.O3.18.0.2OH.
2024-10-18 12:21:48.129153 INFO::Fitting model to feature number 35, Cer.36.1.O2.Cer.18.0.O2.18.1
2024-10-18 12:21:48.197545 INFO::Fitting model to feature number 36, Cer.36.1.O3.Cer.18.0.O2.18.1.O
2024-10-18 12:21:48.254179 INFO::Fitting model to feature number 37, Cer.36.1.O3.Cer.18.1.O2.18.0.O
2024-10-18 12:21:48.309976 INFO::Fitting model to feature number 38, Cer.36.2.O2.Cer.18.1.O2.18.1
2024-10-18 12:21:48.361841 INFO::Fitting model to feature number 39, Cer.36.3.O2.Cer.18.1.O2.18.2
2024-10-18 12:21:48.415999 INFO::Fitting model to feature number 40, Cer.38.0.O2.Cer.20.0.O2.18.0
2024-10-18 12:21:48.478379 INFO::Fitting model to feature number 41, Cer.38.0.O3.Cer.20.0.O2.18.0.O
2024-10-18 12:21:48.542792 INFO::Fitting model to feature number 42, Cer.38.0.O4.Cer.18.0.O3.20.0.2OH.
2024-10-18 12:21:48.599368 INFO::Fitting model to feature number 43, Cer.38.2.O2.Cer.18.1.O2.20.1
2024-10-18 12:21:48.649832 INFO::Fitting model to feature number 44, Cer.38.3.O3.Cer.18.1.O2.20.2.O
2024-10-18 12:21:48.741699 INFO::Fitting model to feature number 45, Cer.38.3.O4.Cer.24.2.O3.14.1.2OH.
2024-10-18 12:21:48.810246 INFO::Fitting model to feature number 46, Cer.38.5.O3.Cer.18.1.O2.20.4.O
2024-10-18 12:21:48.862928 INFO::Fitting model to feature number 47, Cer.39.1.O2.Cer.18.1.O2.21.0
2024-10-18 12:21:48.915005 INFO::Fitting model to feature number 48, Cer.40.0.O3.Cer.18.0.O2.22.0.O
2024-10-18 12:21:48.969822 INFO::Fitting model to feature number 49, Cer.40.2.O2.Cer.18.1.O2.22.1
2024-10-18 12:21:49.030744 INFO::Fitting model to feature number 50, Cer.41.0.O2.Cer.18.0.O2.23.0
2024-10-18 12:21:49.080744 INFO::Fitting model to feature number 51, Cer.41.0.O4.Cer.18.0.O3.23.0.2OH.
2024-10-18 12:21:49.152674 INFO::Fitting model to feature number 52, Cer.41.1.O2.Cer.17.1.O2.24.0
2024-10-18 12:21:49.216637 INFO::Fitting model to feature number 53, Cer.41.1.O3.Cer.21.0.O2.20.1.O
2024-10-18 12:21:49.281284 INFO::Fitting model to feature number 54, Cer.41.2.3O.Cer.22.2.O2.19.0.O
2024-10-18 12:21:49.341353 INFO::Fitting model to feature number 55, Cer.41.3.3O.Cer.22.1.O2.19.2.O
2024-10-18 12:21:49.401006 INFO::Fitting model to feature number 56, Cer.42.0.O3.Cer.18.0.O2.24.0.2OH.
2024-10-18 12:21:49.465569 INFO::Fitting model to feature number 57, Cer.42.0.O3.Cer.18.0.O2.24.0.O
2024-10-18 12:21:49.532657 INFO::Fitting model to feature number 58, Cer.42.0.O3.Cer.18.0.O3.24.0
2024-10-18 12:21:49.599158 INFO::Fitting model to feature number 59, Cer.42.0.O3.Cer.20.0.O2.22.0.O
2024-10-18 12:21:49.665774 INFO::Fitting model to feature number 60, Cer.42.1.O3.Cer.18.1.O2.24.0.2OH.
2024-10-18 12:21:49.765848 INFO::Fitting model to feature number 61, Cer.42.1.O3.Cer.20.1.O2.22.0.O
2024-10-18 12:21:49.822681 INFO::Fitting model to feature number 62, Cer.42.1.O4.Cer.18.0.O3.24.1.2OH.
2024-10-18 12:21:49.876434 INFO::Fitting model to feature number 63, Cer.42.2.O2.Cer.18.1.O2.24.1
2024-10-18 12:21:49.941449 INFO::Fitting model to feature number 64, Cer.42.2.O4.Cer.18.1.O3.24.1.2OH.
2024-10-18 12:21:50.001359 INFO::Fitting model to feature number 65, Cer.42.3.O2.Cer.22.0.O2.20.3
2024-10-18 12:21:50.063328 INFO::Fitting model to feature number 66, Cer.43.0.O2.Cer.17.0.O2.26.0
2024-10-18 12:21:50.132143 INFO::Fitting model to feature number 67, Cer.43.0.O4.Cer.18.0.O3.25.0.2OH.
2024-10-18 12:21:50.197354 INFO::Fitting model to feature number 68, Cer.43.1.O2.Cer.17.1.O2.26.0
2024-10-18 12:21:50.25857 INFO::Fitting model to feature number 69, Cer.43.3.O3.Cer.22.2.O2.21.1.O
2024-10-18 12:21:50.319003 INFO::Fitting model to feature number 70, Cer.44.0.O3.Cer.20.0.O2.24.0.O
2024-10-18 12:21:50.383218 INFO::Fitting model to feature number 71, Cer.44.1.O3.Cer.20.1.O2.24.0.2OH.
2024-10-18 12:21:50.461478 INFO::Fitting model to feature number 72, Cer.46.1.O2.Cer.20.1.O2.26.0
2024-10-18 12:21:50.537754 INFO::Fitting model to feature number 73, Cer.46.1.O3.Cer.20.1.O2.26.0.2OH.
2024-10-18 12:21:50.615916 INFO::Fitting model to feature number 74, Cer.46.4.O2.Cer.18.1.O2.28.3
2024-10-18 12:21:50.694006 INFO::Fitting model to feature number 75, Cer.50.1.O4.Cer.18.0.O2.17.0.3OH..FA.15.0.
2024-10-18 12:21:50.797703 INFO::Fitting model to feature number 76, Cer.50.1.O4.Cer.35.0.O3.FA.15.0.
2024-10-18 12:21:50.868335 INFO::Fitting model to feature number 77, Cer.52.2.O3.Cer.18.1.O2.34.1.O
2024-10-18 12:21:50.925405 INFO::Fitting model to feature number 78, Cer.d31.2
2024-10-18 12:21:50.97688 INFO::Fitting model to feature number 79, Cer.d32.1
2024-10-18 12:21:51.030232 INFO::Fitting model to feature number 80, Cer.d33.1
2024-10-18 12:21:51.081131 INFO::Fitting model to feature number 81, Cer.d34.0
2024-10-18 12:21:51.133955 INFO::Fitting model to feature number 82, Cer.d34.1
2024-10-18 12:21:51.187286 INFO::Fitting model to feature number 83, Cer.d34.2.Isomer.A
2024-10-18 12:21:51.237547 INFO::Fitting model to feature number 84, Cer.d34.2.Isomer.B
2024-10-18 12:21:51.291064 INFO::Fitting model to feature number 85, Cer.d35.1
2024-10-18 12:21:51.34604 INFO::Fitting model to feature number 86, Cer.d36.1
2024-10-18 12:21:51.404974 INFO::Fitting model to feature number 87, Cer.d36.2
2024-10-18 12:21:51.459376 INFO::Fitting model to feature number 88, Cer.d37.1
2024-10-18 12:21:51.522622 INFO::Fitting model to feature number 89, Cer.d38.1
2024-10-18 12:21:51.583848 INFO::Fitting model to feature number 90, Cer.d39.1
2024-10-18 12:21:51.69683 INFO::Fitting model to feature number 91, Cer.d40.0
2024-10-18 12:21:51.751124 INFO::Fitting model to feature number 92, Cer.d40.1
2024-10-18 12:21:51.819712 INFO::Fitting model to feature number 93, Cer.d40.2
2024-10-18 12:21:51.876472 INFO::Fitting model to feature number 94, Cer.d41.1
2024-10-18 12:21:51.949584 INFO::Fitting model to feature number 95, Cer.d41.2
2024-10-18 12:21:52.011834 INFO::Fitting model to feature number 96, Cer.d42.0
2024-10-18 12:21:52.077865 INFO::Fitting model to feature number 97, Cer.d42.1
2024-10-18 12:21:52.138203 INFO::Fitting model to feature number 98, Cer.d42.2.Isomer.A
2024-10-18 12:21:52.210352 INFO::Fitting model to feature number 99, Cer.d42.2.Isomer.B
2024-10-18 12:21:52.28301 INFO::Fitting model to feature number 100, Cer.d42.3
2024-10-18 12:21:52.357879 INFO::Fitting model to feature number 101, Cer.d43.1
2024-10-18 12:21:52.420429 INFO::Fitting model to feature number 102, Cer.d43.2
2024-10-18 12:21:52.478711 INFO::Fitting model to feature number 103, Cer.d44.2
2024-10-18 12:21:52.53978 INFO::Fitting model to feature number 104, Cer.ADS.d34.0
2024-10-18 12:21:52.59718 INFO::Fitting model to feature number 105, Cer.ADS.d40.0
2024-10-18 12:21:52.649466 INFO::Fitting model to feature number 106, Cer.AS.d34.1
2024-10-18 12:21:52.77335 INFO::Fitting model to feature number 107, Cer.NDS.d36.0
2024-10-18 12:21:52.844345 INFO::Fitting model to feature number 108, Cer.NDS.d39.0
2024-10-18 12:21:52.906123 INFO::Fitting model to feature number 109, Cer.NDS.d40.0
2024-10-18 12:21:52.957331 INFO::Fitting model to feature number 110, Cer.NDS.d41.0
2024-10-18 12:21:53.010407 INFO::Fitting model to feature number 111, Cer.NP.t40.0
2024-10-18 12:21:53.063089 INFO::Fitting model to feature number 112, Cer.NP.t42.0
2024-10-18 12:21:53.115254 INFO::Fitting model to feature number 113, Cer.NP.t42.1
2024-10-18 12:21:53.169652 INFO::Fitting model to feature number 114, Cholesterol
2024-10-18 12:21:53.228045 INFO::Fitting model to feature number 115, cholesterol.3.sulfate....125
2024-10-18 12:21:53.301803 INFO::Fitting model to feature number 116, DG.34.0
2024-10-18 12:21:53.375952 INFO::Fitting model to feature number 117, DG.36.0
2024-10-18 12:21:53.455623 INFO::Fitting model to feature number 118, DG.36.2
2024-10-18 12:21:53.520108 INFO::Fitting model to feature number 119, DGDG.34.2.DGDG.16.0_18.2
2024-10-18 12:21:53.583422 INFO::Fitting model to feature number 120, DGDG.36.3.DGDG.18.1_18.2
2024-10-18 12:21:53.651694 INFO::Fitting model to feature number 121, DGDG.36.4.DGDG.18.2_18.2
2024-10-18 12:21:53.739748 INFO::Fitting model to feature number 122, FA.10.0..capric.acid.
2024-10-18 12:21:53.800333 INFO::Fitting model to feature number 123, FA.11.0..undecylic.acid.
2024-10-18 12:21:53.86434 INFO::Fitting model to feature number 124, FA.13.0..tridecylic.acid.
2024-10-18 12:21:53.927097 INFO::Fitting model to feature number 125, FA.15.0..pentadecylic.acid.
2024-10-18 12:21:53.987358 INFO::Fitting model to feature number 126, FA.15.1
2024-10-18 12:21:54.067483 INFO::Fitting model to feature number 127, FA.15.2
2024-10-18 12:21:54.127046 INFO::Fitting model to feature number 128, FA.17.0..margaric.acid.
2024-10-18 12:21:54.18742 INFO::Fitting model to feature number 129, FA.19.0
2024-10-18 12:21:54.247676 INFO::Fitting model to feature number 130, FA.20.0..arachidic.acid.
2024-10-18 12:21:54.307424 INFO::Fitting model to feature number 131, FA.20.1
2024-10-18 12:21:54.375777 INFO::Fitting model to feature number 132, FA.20.3..eicosatrienoic.acid.
2024-10-18 12:21:54.443088 INFO::Fitting model to feature number 133, FA.20.3..homo.gamma.linolenic.acid.
2024-10-18 12:21:54.494028 INFO::Fitting model to feature number 134, FA.20.4..arachidonic.acid.
2024-10-18 12:21:54.559136 INFO::Fitting model to feature number 135, FA.20.5..eicosapentaenoic.acid.
2024-10-18 12:21:54.611163 INFO::Fitting model to feature number 136, FA.21.0
2024-10-18 12:21:54.698772 INFO::Fitting model to feature number 137, FA.21.1
2024-10-18 12:21:54.744985 INFO::Fitting model to feature number 138, FA.22.0
2024-10-18 12:21:54.795449 INFO::Fitting model to feature number 139, FA.22.1..erucic.acid.
2024-10-18 12:21:54.849701 INFO::Fitting model to feature number 140, FA.22.2..docosadienoic.acid.
2024-10-18 12:21:54.903761 INFO::Fitting model to feature number 141, FA.22.4
2024-10-18 12:21:54.960482 INFO::Fitting model to feature number 142, FA.22.5
2024-10-18 12:21:55.016546 INFO::Fitting model to feature number 143, FA.22.6..docosahexaenoic.acid.
2024-10-18 12:21:55.07228 INFO::Fitting model to feature number 144, FA.23.0
2024-10-18 12:21:55.133142 INFO::Fitting model to feature number 145, FA.23.1
2024-10-18 12:21:55.189767 INFO::Fitting model to feature number 146, FA.24.0
2024-10-18 12:21:55.246874 INFO::Fitting model to feature number 147, FA.24.1
2024-10-18 12:21:55.302976 INFO::Fitting model to feature number 148, FA.24.2
2024-10-18 12:21:55.35645 INFO::Fitting model to feature number 149, FA.24.3
2024-10-18 12:21:55.433344 INFO::Fitting model to feature number 150, FA.24.6
2024-10-18 12:21:55.51465 INFO::Fitting model to feature number 151, FA.25.0
2024-10-18 12:21:55.603342 INFO::Fitting model to feature number 152, FA.25.1
2024-10-18 12:21:55.721801 INFO::Fitting model to feature number 153, FA.26.0
2024-10-18 12:21:55.793519 INFO::Fitting model to feature number 154, FA.26.1
2024-10-18 12:21:55.863728 INFO::Fitting model to feature number 155, FA.26.2
2024-10-18 12:21:55.932468 INFO::Fitting model to feature number 156, FA.27.0
2024-10-18 12:21:55.999773 INFO::Fitting model to feature number 157, FA.27.1
2024-10-18 12:21:56.066408 INFO::Fitting model to feature number 158, FA.28.0
2024-10-18 12:21:56.139682 INFO::Fitting model to feature number 159, FA.28.1
2024-10-18 12:21:56.211013 INFO::Fitting model to feature number 160, FA.29.0
2024-10-18 12:21:56.292631 INFO::Fitting model to feature number 161, FA.29.1
2024-10-18 12:21:56.34755 INFO::Fitting model to feature number 162, FA.30.0
2024-10-18 12:21:56.401467 INFO::Fitting model to feature number 163, FA.30.1
2024-10-18 12:21:56.46529 INFO::Fitting model to feature number 164, FA.31.0
2024-10-18 12:21:56.522048 INFO::Fitting model to feature number 165, FA.31.1
2024-10-18 12:21:56.575261 INFO::Fitting model to feature number 166, FA.32.0
2024-10-18 12:21:56.644158 INFO::Fitting model to feature number 167, FA.32.1
2024-10-18 12:21:56.759472 INFO::Fitting model to feature number 168, FA.32.2
2024-10-18 12:21:56.825918 INFO::Fitting model to feature number 169, FA.33.0
2024-10-18 12:21:56.890842 INFO::Fitting model to feature number 170, FA.33.1
2024-10-18 12:21:56.954005 INFO::Fitting model to feature number 171, FA.34.0
2024-10-18 12:21:57.0331 INFO::Fitting model to feature number 172, FA.34.1
2024-10-18 12:21:57.11854 INFO::Fitting model to feature number 173, FA.34.2
2024-10-18 12:21:57.201566 INFO::Fitting model to feature number 174, FA.35.1
2024-10-18 12:21:57.285242 INFO::Fitting model to feature number 175, FA.36.1
2024-10-18 12:21:57.368004 INFO::Fitting model to feature number 176, FA.36.2
2024-10-18 12:21:57.447764 INFO::Fitting model to feature number 177, FA.37.1
2024-10-18 12:21:57.513976 INFO::Fitting model to feature number 178, FA.38.1
2024-10-18 12:21:57.576467 INFO::Fitting model to feature number 179, FA.39.1
2024-10-18 12:21:57.640324 INFO::Fitting model to feature number 180, FA.40.1
2024-10-18 12:21:57.697593 INFO::Fitting model to feature number 181, FA.41.1
2024-10-18 12:21:57.755999 INFO::Fitting model to feature number 182, FA.42.1
2024-10-18 12:21:57.848022 INFO::Fitting model to feature number 183, FAHFA.36.1.O.FAHFA.18.1.18.0.O
2024-10-18 12:21:57.914154 INFO::Fitting model to feature number 184, FAHFA.40.3
2024-10-18 12:21:57.98244 INFO::Fitting model to feature number 185, FAHFA.42.2
2024-10-18 12:21:58.048716 INFO::Fitting model to feature number 186, GalCer.18.1_24.1
2024-10-18 12:21:58.101415 INFO::Fitting model to feature number 187, Gal.Gal.Cer.d18.1.16.0.or.Lactosylceramide.d18.1.16.0
2024-10-18 12:21:58.155939 INFO::Fitting model to feature number 188, GlcCer.d34.1
2024-10-18 12:21:58.210457 INFO::Fitting model to feature number 189, GlcCer.d38.1
2024-10-18 12:21:58.270596 INFO::Fitting model to feature number 190, GlcCer.d40.1
2024-10-18 12:21:58.337168 INFO::Fitting model to feature number 191, GlcCer.d41.1
2024-10-18 12:21:58.398616 INFO::Fitting model to feature number 192, GlcCer.d42.1
2024-10-18 12:21:58.451697 INFO::Fitting model to feature number 193, GlcCer.d42.2
2024-10-18 12:21:58.507964 INFO::Fitting model to feature number 194, GlcCerd14.14E.20.02OH
2024-10-18 12:21:58.563726 INFO::Fitting model to feature number 195, HexCer.34.0.O4.HexCer.18.0.O3.16.0.2OH.
2024-10-18 12:21:58.635666 INFO::Fitting model to feature number 196, HexCer.34.1.O2.HexCer.18.1.O2.16.0
2024-10-18 12:21:58.692668 INFO::Fitting model to feature number 197, HexCer.34.1.O3.HexCer.18.1.O2.16.0.O
2024-10-18 12:21:58.786678 INFO::Fitting model to feature number 198, HexCer.36.2.O2.HexCer.18.1.O2.18.1
2024-10-18 12:21:58.838969 INFO::Fitting model to feature number 199, HexCer.38.0.O4.HexCer.18.0.O3.20.0.2OH.
2024-10-18 12:21:58.893895 INFO::Fitting model to feature number 200, HexCer.38.1.O3.HexCer.18.1.O2.20.0.O
2024-10-18 12:21:58.949739 INFO::Fitting model to feature number 201, HexCer.40.0.O4.HexCer.18.0.O3.22.0.2OH.
2024-10-18 12:21:59.017328 INFO::Fitting model to feature number 202, HexCer.40.1.O3.HexCer.18.1.O2.22.0.O
2024-10-18 12:21:59.071244 INFO::Fitting model to feature number 203, HexCer.41.0.O4.HexCer.18.0.O3.23.0.2OH.
2024-10-18 12:21:59.130475 INFO::Fitting model to feature number 204, HexCer.42.0.O4.HexCer.18.0.O3.24.0.2OH.
2024-10-18 12:21:59.192045 INFO::Fitting model to feature number 205, HexCer.42.1.O3
2024-10-18 12:21:59.265273 INFO::Fitting model to feature number 206, HexCer.42.1.O3.HexCer.18.1.O2.24.0.O
2024-10-18 12:21:59.320249 INFO::Fitting model to feature number 207, HexCer.42.1.O4.HexCer.18.0.O3.24.1.2OH.
2024-10-18 12:21:59.378504 INFO::Fitting model to feature number 208, HexCer.42.2.O4.HexCer.18.1.O3.24.1.2OH.
2024-10-18 12:21:59.452953 INFO::Fitting model to feature number 209, HexCer.43.0.O4.HexCer.19.0.O3.24.0.2OH.
2024-10-18 12:21:59.528887 INFO::Fitting model to feature number 210, HexCer.44.0.O4.HexCer.20.0.O3.24.0.2OH.
2024-10-18 12:21:59.606567 INFO::Fitting model to feature number 211, Hexosyl.LPE.16.0
2024-10-18 12:21:59.671437 INFO::Fitting model to feature number 212, lactosylceramide.d18.1.24.1.15Z
2024-10-18 12:21:59.726931 INFO::Fitting model to feature number 213, LNAPE.20.4_N.19.1
2024-10-18 12:21:59.819313 INFO::Fitting model to feature number 214, LPC.17.0
2024-10-18 12:21:59.881782 INFO::Fitting model to feature number 215, LPC.18.0....265
2024-10-18 12:21:59.940183 INFO::Fitting model to feature number 216, LPC.18.2
2024-10-18 12:22:00.013493 INFO::Fitting model to feature number 217, LPC.18.3
2024-10-18 12:22:00.088336 INFO::Fitting model to feature number 218, LPC.19.0
2024-10-18 12:22:00.161997 INFO::Fitting model to feature number 219, LPC.20.0
2024-10-18 12:22:00.224543 INFO::Fitting model to feature number 220, LPC.20.1
2024-10-18 12:22:00.277854 INFO::Fitting model to feature number 221, LPC.20.4
2024-10-18 12:22:00.333733 INFO::Fitting model to feature number 222, LPC.24.0.SN1
2024-10-18 12:22:00.38788 INFO::Fitting model to feature number 223, LPC.O.16.0
2024-10-18 12:22:00.442192 INFO::Fitting model to feature number 224, LPC.O.16.1....276
2024-10-18 12:22:00.502028 INFO::Fitting model to feature number 225, LPC.O.18.0
2024-10-18 12:22:00.557934 INFO::Fitting model to feature number 226, LPC.O.18.1
2024-10-18 12:22:00.616391 INFO::Fitting model to feature number 227, LPC.O.20.0
2024-10-18 12:22:00.683297 INFO::Fitting model to feature number 228, LPC.O.22.0
2024-10-18 12:22:00.801015 INFO::Fitting model to feature number 229, LPC.P.18.0.or.LPC.O.18.1
2024-10-18 12:22:00.880673 INFO::Fitting model to feature number 230, LPE.15.0
2024-10-18 12:22:00.958201 INFO::Fitting model to feature number 231, LPE.16.0....284
2024-10-18 12:22:01.02982 INFO::Fitting model to feature number 232, LPE.18.0
2024-10-18 12:22:01.088646 INFO::Fitting model to feature number 233, LPE.18.2
2024-10-18 12:22:01.148979 INFO::Fitting model to feature number 234, LPE.20.4
2024-10-18 12:22:01.202608 INFO::Fitting model to feature number 235, LPE.22.6
2024-10-18 12:22:01.26153 INFO::Fitting model to feature number 236, LPE.O.18.1
2024-10-18 12:22:01.323108 INFO::Fitting model to feature number 237, LPE.O.18.2
2024-10-18 12:22:01.383026 INFO::Fitting model to feature number 238, LPE.O.20.0
2024-10-18 12:22:01.441806 INFO::Fitting model to feature number 239, LPE.N..FA.34.1.LPE.N..FA.18.1.16.0
2024-10-18 12:22:01.499867 INFO::Fitting model to feature number 240, LPE.N..FA.34.2.LPE.N..FA.18.2.16.0
2024-10-18 12:22:01.570153 INFO::Fitting model to feature number 241, LPE.N..FA.36.3.LPE.N..FA.18.2.18.1
2024-10-18 12:22:01.643748 INFO::Fitting model to feature number 242, LPE.N..FA.36.4.LPE.N..FA.18.2.18.2
2024-10-18 12:22:01.716326 INFO::Fitting model to feature number 243, LPG.16.0
2024-10-18 12:22:01.824286 INFO::Fitting model to feature number 244, LPG.18.1
2024-10-18 12:22:01.892225 INFO::Fitting model to feature number 245, LPS.18.0
2024-10-18 12:22:01.955569 INFO::Fitting model to feature number 246, MGDG.17.0_18.2
2024-10-18 12:22:02.020777 INFO::Fitting model to feature number 247, MGDG.O.16.4_18.0
2024-10-18 12:22:02.089092 INFO::Fitting model to feature number 248, NAGly.29.1.O2.NAGly.16.0.O.FA.13.0.
2024-10-18 12:22:02.160898 INFO::Fitting model to feature number 249, NAGly.30.1.O2.NAGly.16.0.O.FA.14.0.
2024-10-18 12:22:02.231148 INFO::Fitting model to feature number 250, NAGly.31.1.O2.NAGly.16.0.O.FA.15.0.
2024-10-18 12:22:02.299912 INFO::Fitting model to feature number 251, NAGly.32.1.O2.NAGly.17.0.O.FA.15.0.
2024-10-18 12:22:02.353354 INFO::Fitting model to feature number 252, NAGly.33.1.O2.NAGly.18.0.O.FA.15.0.
2024-10-18 12:22:02.413473 INFO::Fitting model to feature number 253, NAGlySer.30.1.O2.NAGlySer.15.0.O.FA.15.0.
2024-10-18 12:22:02.464883 INFO::Fitting model to feature number 254, NAGlySer.31.1.O2.NAGlySer.16.0.O.FA.15.0.
2024-10-18 12:22:02.520461 INFO::Fitting model to feature number 255, NAGlySer.32.1.O2.NAGlySer.17.0.O.FA.15.0.
2024-10-18 12:22:02.576052 INFO::Fitting model to feature number 256, NAGlySer.33.1.O2.NAGlySer.17.0.O.FA.16.0.
2024-10-18 12:22:02.630845 INFO::Fitting model to feature number 257, NAGlySer.34.1.O2.NAGlySer.17.0.O.FA.17.0.
2024-10-18 12:22:02.686844 INFO::Fitting model to feature number 258, NAPhe.16.0
2024-10-18 12:22:02.777658 INFO::Fitting model to feature number 259, NAPhe.18.0
2024-10-18 12:22:02.832195 INFO::Fitting model to feature number 260, NAPhe.18.1
2024-10-18 12:22:02.898865 INFO::Fitting model to feature number 261, NAPhe.18.2
2024-10-18 12:22:02.950813 INFO::Fitting model to feature number 262, palmitoyl.ethanolamide
2024-10-18 12:22:02.999741 INFO::Fitting model to feature number 263, PC.16.0_14.0
2024-10-18 12:22:03.065311 INFO::Fitting model to feature number 264, PC.16.0_18.2
2024-10-18 12:22:03.135629 INFO::Fitting model to feature number 265, PC.18.1_18.2
2024-10-18 12:22:03.205472 INFO::Fitting model to feature number 266, PC.29.0
2024-10-18 12:22:03.26895 INFO::Fitting model to feature number 267, PC.30.0
2024-10-18 12:22:03.339025 INFO::Fitting model to feature number 268, PC.31.0
2024-10-18 12:22:03.407197 INFO::Fitting model to feature number 269, PC.31.1
2024-10-18 12:22:03.471579 INFO::Fitting model to feature number 270, PC.32.1
2024-10-18 12:22:03.522017 INFO::Fitting model to feature number 271, PC.32.2
2024-10-18 12:22:03.572442 INFO::Fitting model to feature number 272, PC.33.1
2024-10-18 12:22:03.640152 INFO::Fitting model to feature number 273, PC.33.2
2024-10-18 12:22:03.709378 INFO::Fitting model to feature number 274, PC.34.0
2024-10-18 12:22:03.808113 INFO::Fitting model to feature number 275, PC.34.2
2024-10-18 12:22:03.854954 INFO::Fitting model to feature number 276, PC.34.3
2024-10-18 12:22:03.917182 INFO::Fitting model to feature number 277, PC.34.3.Isomer.B
2024-10-18 12:22:03.964897 INFO::Fitting model to feature number 278, PC.35.2.Isomer.B
2024-10-18 12:22:04.017495 INFO::Fitting model to feature number 279, PC.35.3
2024-10-18 12:22:04.078387 INFO::Fitting model to feature number 280, PC.35.4
2024-10-18 12:22:04.131904 INFO::Fitting model to feature number 281, PC.36.3.Isomer.A
2024-10-18 12:22:04.178839 INFO::Fitting model to feature number 282, PC.36.4.Isomer.A
2024-10-18 12:22:04.236104 INFO::Fitting model to feature number 283, PC.36.4.Isomer.B
2024-10-18 12:22:04.297163 INFO::Fitting model to feature number 284, PC.36.5.Isomer.A
2024-10-18 12:22:04.354512 INFO::Fitting model to feature number 285, PC.36.5.Isomer.B
2024-10-18 12:22:04.408949 INFO::Fitting model to feature number 286, PC.36.5.Isomer.D
2024-10-18 12:22:04.464463 INFO::Fitting model to feature number 287, PC.38.2
2024-10-18 12:22:04.512145 INFO::Fitting model to feature number 288, PC.38.4.Isomer.B
2024-10-18 12:22:04.568823 INFO::Fitting model to feature number 289, PC.38.5.Isomer.B
2024-10-18 12:22:04.669996 INFO::Fitting model to feature number 290, PC.38.6.Isomer.A
2024-10-18 12:22:04.715474 INFO::Fitting model to feature number 291, PC.38.8
2024-10-18 12:22:04.781769 INFO::Fitting model to feature number 292, PC.40.3
2024-10-18 12:22:04.833051 INFO::Fitting model to feature number 293, PC.40.4
2024-10-18 12:22:04.87938 INFO::Fitting model to feature number 294, PC.40.6.Isomer.A
2024-10-18 12:22:04.934467 INFO::Fitting model to feature number 295, PC.40.7.Isomer.B
2024-10-18 12:22:04.982586 INFO::Fitting model to feature number 296, PC.42.4
2024-10-18 12:22:05.035381 INFO::Fitting model to feature number 297, PC.42.5
2024-10-18 12:22:05.089648 INFO::Fitting model to feature number 298, PC.O.20.0_20.4
2024-10-18 12:22:05.142253 INFO::Fitting model to feature number 299, PC.O.30.0
2024-10-18 12:22:05.217432 INFO::Fitting model to feature number 300, PC.O.31.7
2024-10-18 12:22:05.293742 INFO::Fitting model to feature number 301, PC.O.32.0
2024-10-18 12:22:05.366033 INFO::Fitting model to feature number 302, PC.O.33.5
2024-10-18 12:22:05.43066 INFO::Fitting model to feature number 303, PC.O.34.0
2024-10-18 12:22:05.509944 INFO::Fitting model to feature number 304, PC.O.34.4
2024-10-18 12:22:06.015011 INFO::Fitting model to feature number 305, PC.O.36.4
2024-10-18 12:22:06.065204 INFO::Fitting model to feature number 306, PC.P.32.1.or.PC.O.32.2
2024-10-18 12:22:06.120164 INFO::Fitting model to feature number 307, PC.P.34.0.or.PC.O.34.1
2024-10-18 12:22:06.174427 INFO::Fitting model to feature number 308, PC.P.34.1.or.PC.O.34.2
2024-10-18 12:22:06.240795 INFO::Fitting model to feature number 309, PC.P.38.3.or.PC.O.38.4.Isomer.B
2024-10-18 12:22:06.293829 INFO::Fitting model to feature number 310, PC.P.38.4.or.PC.O.38.5.Isomer.B
2024-10-18 12:22:06.360928 INFO::Fitting model to feature number 311, PC.P.40.1.or.PC.O.40.2
2024-10-18 12:22:06.409661 INFO::Fitting model to feature number 312, PC.P.40.3.or.PC.O.40.4
2024-10-18 12:22:06.459226 INFO::Fitting model to feature number 313, PE.16.0_16..1
2024-10-18 12:22:06.5088 INFO::Fitting model to feature number 314, PE.16.1_18.1
2024-10-18 12:22:06.557267 INFO::Fitting model to feature number 315, PE.29.0.PE.14.0_15.0
2024-10-18 12:22:06.608119 INFO::Fitting model to feature number 316, PE.30.0.PE.15.0_15.0
2024-10-18 12:22:06.677897 INFO::Fitting model to feature number 317, PE.31.0.PE.15.0_16.0
2024-10-18 12:22:06.732637 INFO::Fitting model to feature number 318, PE.32.1.PE.16.0_16.1
2024-10-18 12:22:06.801863 INFO::Fitting model to feature number 319, PE.32.2
2024-10-18 12:22:06.853379 INFO::Fitting model to feature number 320, PE.33.1.PE.15.0_18.1
2024-10-18 12:22:06.922777 INFO::Fitting model to feature number 321, PE.33.2.PE.15.0_18.2
2024-10-18 12:22:06.994861 INFO::Fitting model to feature number 322, PE.34.0
2024-10-18 12:22:07.04302 INFO::Fitting model to feature number 323, PE.34.1
2024-10-18 12:22:07.117789 INFO::Fitting model to feature number 324, PE.34.1.1
2024-10-18 12:22:07.194157 INFO::Fitting model to feature number 325, PE.34.2
2024-10-18 12:22:07.282013 INFO::Fitting model to feature number 326, PE.36.1
2024-10-18 12:22:07.364618 INFO::Fitting model to feature number 327, PE.36.2
2024-10-18 12:22:07.420887 INFO::Fitting model to feature number 328, PE.36.3
2024-10-18 12:22:07.477444 INFO::Fitting model to feature number 329, PE.36.4
2024-10-18 12:22:07.535526 INFO::Fitting model to feature number 330, PE.O.16.1_22.6
2024-10-18 12:22:07.594669 INFO::Fitting model to feature number 331, PE.O.22.6_16.1
2024-10-18 12:22:07.65308 INFO::Fitting model to feature number 332, PE.O.36.1
2024-10-18 12:22:07.70554 INFO::Fitting model to feature number 333, PE.P.34.1.or.PE.O.34.2
2024-10-18 12:22:07.777483 INFO::Fitting model to feature number 334, PE.P.36.1.or.PE.O.36.2
2024-10-18 12:22:07.846208 INFO::Fitting model to feature number 335, PE.Cer.35.0.O3.PE.Cer.21.0.O2.14.0.O
2024-10-18 12:22:07.908216 INFO::Fitting model to feature number 336, PE.Cer.36.0.O3.PE.Cer.19.0.O2.17.0.O
2024-10-18 12:22:07.956186 INFO::Fitting model to feature number 337, PEtOH.18.1_18.1
2024-10-18 12:22:08.028517 INFO::Fitting model to feature number 338, PEtOH.18.1_20.4
2024-10-18 12:22:08.077041 INFO::Fitting model to feature number 339, PEtOH.38.4
2024-10-18 12:22:08.145622 INFO::Fitting model to feature number 340, PG.16.0_16.0
2024-10-18 12:22:08.21166 INFO::Fitting model to feature number 341, PG.30.0.PG.15.0_15.0
2024-10-18 12:22:08.274091 INFO::Fitting model to feature number 342, PG.33.0.PG.16.0_17.0
2024-10-18 12:22:08.323346 INFO::Fitting model to feature number 343, PG.34.1.PG.16.0_18.1
2024-10-18 12:22:08.379486 INFO::Fitting model to feature number 344, PG.34.2
2024-10-18 12:22:08.431347 INFO::Fitting model to feature number 345, PG.40.7
2024-10-18 12:22:08.483568 INFO::Fitting model to feature number 346, PG.40.8
2024-10-18 12:22:08.548814 INFO::Fitting model to feature number 347, PG.O.34.2.PG.O.18.2_16.0
2024-10-18 12:22:08.600346 INFO::Fitting model to feature number 348, PG.O.36.2.PG.O.18.1_18.1
2024-10-18 12:22:08.654124 INFO::Fitting model to feature number 349, PGE2
2024-10-18 12:22:08.701137 INFO::Fitting model to feature number 350, Phosphatidylethanolamine.alkenyl.16.0.20.4
2024-10-18 12:22:08.753294 INFO::Fitting model to feature number 351, PI.34.1.Isomer.A
2024-10-18 12:22:08.805868 INFO::Fitting model to feature number 352, PI.34.2.Isomer.A
2024-10-18 12:22:08.859982 INFO::Fitting model to feature number 353, PI.36.1.Isomer.A
2024-10-18 12:22:08.927524 INFO::Fitting model to feature number 354, PI.36.2
2024-10-18 12:22:08.99993 INFO::Fitting model to feature number 355, PI.36.3.Isomer.B
2024-10-18 12:22:09.052951 INFO::Fitting model to feature number 356, PI.38.3
2024-10-18 12:22:09.107186 INFO::Fitting model to feature number 357, PI.38.4
2024-10-18 12:22:09.161415 INFO::Fitting model to feature number 358, PI.Cer.33.0.O3
2024-10-18 12:22:09.214172 INFO::Fitting model to feature number 359, PI.Cer.34.0.O3
2024-10-18 12:22:09.277906 INFO::Fitting model to feature number 360, PI.Cer.35.0.O3
2024-10-18 12:22:09.346992 INFO::Fitting model to feature number 361, PI.Cer.36.0.O3
2024-10-18 12:22:09.414914 INFO::Fitting model to feature number 362, PS.16.0_22.4
2024-10-18 12:22:09.466282 INFO::Fitting model to feature number 363, PS.36.1
2024-10-18 12:22:09.519696 INFO::Fitting model to feature number 364, SHexCer.34.1.3O
2024-10-18 12:22:09.571826 INFO::Fitting model to feature number 365, SHexCer.d34.1
2024-10-18 12:22:09.642868 INFO::Fitting model to feature number 366, SL.32.0.O.SL.17.0.O.15.0
2024-10-18 12:22:09.713519 INFO::Fitting model to feature number 367, SL.33.0.O.SL.17.0.O.16.0
2024-10-18 12:22:09.76496 INFO::Fitting model to feature number 368, SL.34.1.O2.SL.17.0.O.17.1.O
2024-10-18 12:22:09.820009 INFO::Fitting model to feature number 369, SL.35.1.O2.SL.18.0.O.17.1.O
2024-10-18 12:22:09.870505 INFO::Fitting model to feature number 370, SM.18.0.2O.22.0
2024-10-18 12:22:09.93868 INFO::Fitting model to feature number 371, SM.24.1
2024-10-18 12:22:10.015969 INFO::Fitting model to feature number 372, SM.29.2.2O.8.0
2024-10-18 12:22:10.067139 INFO::Fitting model to feature number 373, SM.30.2.2O..FA.14.1.
2024-10-18 12:22:10.135083 INFO::Fitting model to feature number 374, SM.34.1.3O
2024-10-18 12:22:10.188251 INFO::Fitting model to feature number 375, SM.36.4.3O
2024-10-18 12:22:10.255705 INFO::Fitting model to feature number 376, SM.38.4.3O
2024-10-18 12:22:10.305937 INFO::Fitting model to feature number 377, SM.42.1.3O
2024-10-18 12:22:10.362196 INFO::Fitting model to feature number 378, SM.43.3.2O
2024-10-18 12:22:10.422856 INFO::Fitting model to feature number 379, SM.d32.0.Isomer.B
2024-10-18 12:22:10.49448 INFO::Fitting model to feature number 380, SM.d32.1
2024-10-18 12:22:10.557653 INFO::Fitting model to feature number 381, SM.d33.1
2024-10-18 12:22:10.627281 INFO::Fitting model to feature number 382, SM.d34.0
2024-10-18 12:22:10.702755 INFO::Fitting model to feature number 383, SM.d34.1
2024-10-18 12:22:10.761467 INFO::Fitting model to feature number 384, SM.d36.0.Isomer.B
2024-10-18 12:22:10.832932 INFO::Fitting model to feature number 385, SM.d36.4
2024-10-18 12:22:10.904378 INFO::Fitting model to feature number 386, SM.d38.0
2024-10-18 12:22:10.971646 INFO::Fitting model to feature number 387, SM.d40.0.Isomer.B
2024-10-18 12:22:11.064963 INFO::Fitting model to feature number 388, SM.d40.1
2024-10-18 12:22:11.11546 INFO::Fitting model to feature number 389, SM.d42.1
2024-10-18 12:22:11.178351 INFO::Fitting model to feature number 390, SM.d42.2.Isomer.B
2024-10-18 12:22:11.232458 INFO::Fitting model to feature number 391, SM.d43.2
2024-10-18 12:22:11.286365 INFO::Fitting model to feature number 392, SM.d44.3
2024-10-18 12:22:11.338753 INFO::Fitting model to feature number 393, SPB.18.1.O2
2024-10-18 12:22:11.396631 INFO::Fitting model to feature number 394, SPB.20.0.2O
2024-10-18 12:22:11.462304 INFO::Fitting model to feature number 395, TG.10.0_10.0_18.2
2024-10-18 12:22:11.537945 INFO::Fitting model to feature number 396, TG.12.0_14.0_15.0
2024-10-18 12:22:11.598802 INFO::Fitting model to feature number 397, TG.34.0
2024-10-18 12:22:11.663054 INFO::Fitting model to feature number 398, TG.39.0
2024-10-18 12:22:11.725275 INFO::Fitting model to feature number 399, TG.43.1
2024-10-18 12:22:11.79182 INFO::Fitting model to feature number 400, TG.44.0
2024-10-18 12:22:11.852786 INFO::Fitting model to feature number 401, TG.44.2
2024-10-18 12:22:11.918492 INFO::Fitting model to feature number 402, TG.45.0
2024-10-18 12:22:11.971339 INFO::Fitting model to feature number 403, TG.46.3.Isomer.A
2024-10-18 12:22:12.026014 INFO::Fitting model to feature number 404, TG.47.2
2024-10-18 12:22:12.110028 INFO::Fitting model to feature number 405, TG.49.1
2024-10-18 12:22:12.170453 INFO::Fitting model to feature number 406, TG.49.3
2024-10-18 12:22:12.226154 INFO::Fitting model to feature number 407, TG.50.4
2024-10-18 12:22:12.252362 WARNING::Fitting problem for feature 407 a warning was issued
2024-10-18 12:22:12.323591 INFO::Fitting model to feature number 408, TG.50.5
2024-10-18 12:22:12.349799 WARNING::Fitting problem for feature 408 a warning was issued
2024-10-18 12:22:12.423229 INFO::Fitting model to feature number 409, TG.52.0
2024-10-18 12:22:12.502217 INFO::Fitting model to feature number 410, TG.53.0
2024-10-18 12:22:12.593866 INFO::Fitting model to feature number 411, TG.53.9.TG.17.3_18.3_18.3
2024-10-18 12:22:12.689691 INFO::Fitting model to feature number 412, TG.54.5.O2.TG.18.1_18.2_18.2.O2
2024-10-18 12:22:12.741627 INFO::Fitting model to feature number 413, TG.54.7.O2.TG.18.3_18.3_18.1.O2
2024-10-18 12:22:12.800359 INFO::Fitting model to feature number 414, TG.56.5.Isomer.A
2024-10-18 12:22:12.868769 INFO::Fitting model to feature number 415, TG.58.6
2024-10-18 12:22:12.959385 INFO::Fitting model to feature number 416, TG.58.7
2024-10-18 12:22:13.030794 INFO::Fitting model to feature number 417, TG.59.2.TG.16.0_25.0_18.2
2024-10-18 12:22:13.085774 INFO::Fitting model to feature number 418, TG.60.0.TG.18.0_20.0_22.0
2024-10-18 12:22:13.142757 INFO::Fitting model to feature number 419, TG.61.3.TG.18.0_25.0_18.3
2024-10-18 12:22:13.193993 INFO::Fitting model to feature number 420, TG.67.6.TG.31.0_18.3_18.3
2024-10-18 12:22:13.270005 INFO::Fitting model to feature number 421, TG.69.6.TG.33.0_18.3_18.3
2024-10-18 12:22:13.321085 INFO::Fitting model to feature number 422, TG.8.0_10.0_18.2
2024-10-18 12:22:13.395571 INFO::Fitting model to feature number 423, TG.8.0_15.0_18.1
2024-10-18 12:22:13.463672 INFO::Fitting model to feature number 424, TG.8.0_18.2_18.2
2024-10-18 12:22:13.51716 INFO::Fitting model to feature number 425, zymostenol
2024-10-18 12:22:13.570441 INFO::Fitting model to feature number 426, xylulose
2024-10-18 12:22:13.626088 INFO::Fitting model to feature number 427, xylose
2024-10-18 12:22:13.680462 INFO::Fitting model to feature number 428, xanthosine
2024-10-18 12:22:13.736777 INFO::Fitting model to feature number 429, vanillic.acid
2024-10-18 12:22:13.788148 INFO::Fitting model to feature number 430, uridine
2024-10-18 12:22:13.858918 INFO::Fitting model to feature number 431, uric.acid
2024-10-18 12:22:13.936129 INFO::Fitting model to feature number 432, urea
2024-10-18 12:22:14.022983 INFO::Fitting model to feature number 433, tyrosol
2024-10-18 12:22:14.112027 INFO::Fitting model to feature number 434, tyrosine
2024-10-18 12:22:14.194415 INFO::Fitting model to feature number 435, tyramine
2024-10-18 12:22:14.275981 INFO::Fitting model to feature number 436, tryptophan
2024-10-18 12:22:14.385981 INFO::Fitting model to feature number 437, tocopherol.gamma.
2024-10-18 12:22:14.446874 INFO::Fitting model to feature number 438, tocopherol.alpha.
2024-10-18 12:22:14.509833 INFO::Fitting model to feature number 439, thymidine.5.phosphate
2024-10-18 12:22:14.568708 INFO::Fitting model to feature number 440, thymidine
2024-10-18 12:22:14.644356 INFO::Fitting model to feature number 441, taurine
2024-10-18 12:22:14.720392 INFO::Fitting model to feature number 442, succinic.acid
2024-10-18 12:22:14.795519 INFO::Fitting model to feature number 443, suberic.acid
2024-10-18 12:22:14.869457 INFO::Fitting model to feature number 444, sinapinic.acid
2024-10-18 12:22:14.9434 INFO::Fitting model to feature number 445, shikimic.acid
2024-10-18 12:22:15.001537 INFO::Fitting model to feature number 446, serotonin
2024-10-18 12:22:15.05385 INFO::Fitting model to feature number 447, ribose
2024-10-18 12:22:15.118603 INFO::Fitting model to feature number 448, ribonic.acid
2024-10-18 12:22:15.17578 INFO::Fitting model to feature number 449, ribitol
2024-10-18 12:22:15.233049 INFO::Fitting model to feature number 450, quinolinic.acid
2024-10-18 12:22:15.293137 INFO::Fitting model to feature number 451, quinic.acid
2024-10-18 12:22:15.348403 INFO::Fitting model to feature number 452, putrescine
2024-10-18 12:22:15.402218 INFO::Fitting model to feature number 453, pseudo.uridine
2024-10-18 12:22:15.471183 INFO::Fitting model to feature number 454, piperidone
2024-10-18 12:22:15.524626 INFO::Fitting model to feature number 455, pimelic.acid
2024-10-18 12:22:15.578743 INFO::Fitting model to feature number 456, phosphoinositol
2024-10-18 12:22:15.637575 INFO::Fitting model to feature number 457, phosphate
2024-10-18 12:22:15.693081 INFO::Fitting model to feature number 458, phenylalanine
2024-10-18 12:22:15.747905 INFO::Fitting model to feature number 459, phenylacetic.acid
2024-10-18 12:22:15.819708 INFO::Fitting model to feature number 460, pelargonic.acid
2024-10-18 12:22:15.877234 INFO::Fitting model to feature number 461, parabanic.acid
2024-10-18 12:22:15.933722 INFO::Fitting model to feature number 462, panose
2024-10-18 12:22:15.995429 INFO::Fitting model to feature number 463, palmitoleic.acid
2024-10-18 12:22:16.054078 INFO::Fitting model to feature number 464, noradrenaline
2024-10-18 12:22:16.075044 WARNING::Fitting problem for feature 464 a warning was issued
2024-10-18 12:22:16.136374 INFO::Fitting model to feature number 465, nonadecanoic.acid
2024-10-18 12:22:16.192984 INFO::Fitting model to feature number 466, N.carbamylglutamate
2024-10-18 12:22:16.248167 INFO::Fitting model to feature number 467, N.alpha.acetyllysine
2024-10-18 12:22:16.307539 INFO::Fitting model to feature number 468, N.acetylputrescine
2024-10-18 12:22:16.369529 INFO::Fitting model to feature number 469, N.acetylneuraminic.acid
2024-10-18 12:22:16.461723 INFO::Fitting model to feature number 470, N.acetylglutamate
2024-10-18 12:22:16.517258 INFO::Fitting model to feature number 471, N.acetyl.D.mannosamine
2024-10-18 12:22:16.537079 WARNING::Fitting problem for feature 471 a warning was issued
2024-10-18 12:22:16.593832 INFO::Fitting model to feature number 472, N.acetylaspartic.acid
2024-10-18 12:22:16.664721 INFO::Fitting model to feature number 473, myristic.acid
2024-10-18 12:22:16.721389 INFO::Fitting model to feature number 474, montanic.acid
2024-10-18 12:22:16.78092 INFO::Fitting model to feature number 475, methyl.O.D.galactopyranoside
2024-10-18 12:22:16.843912 INFO::Fitting model to feature number 476, methoxytryptamine
2024-10-18 12:22:16.906407 INFO::Fitting model to feature number 477, methionine
2024-10-18 12:22:16.971352 INFO::Fitting model to feature number 478, methanolphosphate
2024-10-18 12:22:17.021117 INFO::Fitting model to feature number 479, maltotriose
2024-10-18 12:22:17.074257 INFO::Fitting model to feature number 480, malonamide
2024-10-18 12:22:17.14293 INFO::Fitting model to feature number 481, malic.acid
2024-10-18 12:22:17.220518 INFO::Fitting model to feature number 482, maleimide
2024-10-18 12:22:17.29372 INFO::Fitting model to feature number 483, maleic.acid
2024-10-18 12:22:17.36027 INFO::Fitting model to feature number 484, lyxitol
2024-10-18 12:22:17.419705 INFO::Fitting model to feature number 485, lithocholic.acid
2024-10-18 12:22:17.516779 INFO::Fitting model to feature number 486, linolenic.acid
2024-10-18 12:22:17.58666 INFO::Fitting model to feature number 487, lignoceric.acid
2024-10-18 12:22:17.647058 INFO::Fitting model to feature number 488, leucrose
2024-10-18 12:22:17.704436 INFO::Fitting model to feature number 489, lauric.acid
2024-10-18 12:22:17.776125 INFO::Fitting model to feature number 490, lactulose
2024-10-18 12:22:17.842086 INFO::Fitting model to feature number 491, lactose
2024-10-18 12:22:17.899441 INFO::Fitting model to feature number 492, lactic.acid
2024-10-18 12:22:17.947139 INFO::Fitting model to feature number 493, isothreonic.acid
2024-10-18 12:22:17.996854 INFO::Fitting model to feature number 494, isomyristic.acid
2024-10-18 12:22:18.050672 INFO::Fitting model to feature number 495, isocholic.acid
2024-10-18 12:22:18.104349 INFO::Fitting model to feature number 496, inositol.4.monophosphate
2024-10-18 12:22:18.156545 INFO::Fitting model to feature number 497, inosine
2024-10-18 12:22:18.209265 INFO::Fitting model to feature number 498, indole.3.lactate
2024-10-18 12:22:18.25679 INFO::Fitting model to feature number 499, hypotaurine
2024-10-18 12:22:18.313766 INFO::Fitting model to feature number 500, homoserine
2024-10-18 12:22:18.368137 INFO::Fitting model to feature number 501, heptanoic.acid
2024-10-18 12:22:18.421185 INFO::Fitting model to feature number 502, guanosine
2024-10-18 12:22:18.505994 INFO::Fitting model to feature number 503, guanidinosuccinate
2024-10-18 12:22:18.572254 INFO::Fitting model to feature number 504, glycyl.tyrosine
2024-10-18 12:22:18.624414 INFO::Fitting model to feature number 505, glycine
2024-10-18 12:22:18.64579 WARNING::Fitting problem for feature 505 a warning was issued
2024-10-18 12:22:18.70364 INFO::Fitting model to feature number 506, glycerol.alpha.phosphate
2024-10-18 12:22:18.761044 INFO::Fitting model to feature number 507, glycerol.3.galactoside
2024-10-18 12:22:18.817363 INFO::Fitting model to feature number 508, glycerol
2024-10-18 12:22:18.873406 INFO::Fitting model to feature number 509, glyceric.acid
2024-10-18 12:22:18.930586 INFO::Fitting model to feature number 510, glutaric.acid
2024-10-18 12:22:18.995346 INFO::Fitting model to feature number 511, glucose.6.phosphate
2024-10-18 12:22:19.053215 INFO::Fitting model to feature number 512, glucose.1.phosphate
2024-10-18 12:22:19.119573 INFO::Fitting model to feature number 513, glucose
2024-10-18 12:22:19.173202 INFO::Fitting model to feature number 514, glucoheptulose
2024-10-18 12:22:19.228609 INFO::Fitting model to feature number 515, galacturonic.acid
2024-10-18 12:22:19.277435 INFO::Fitting model to feature number 516, galactose
2024-10-18 12:22:19.331091 INFO::Fitting model to feature number 517, galactinol
2024-10-18 12:22:19.385 INFO::Fitting model to feature number 518, fumaric.acid
2024-10-18 12:22:19.461688 INFO::Fitting model to feature number 519, fructose.6.phosphate
2024-10-18 12:22:19.514564 INFO::Fitting model to feature number 520, fructose
2024-10-18 12:22:19.590988 INFO::Fitting model to feature number 521, ferulic.acid
2024-10-18 12:22:19.659375 INFO::Fitting model to feature number 522, ethanolamine
2024-10-18 12:22:19.717461 INFO::Fitting model to feature number 523, enolpyruvate
2024-10-18 12:22:19.768307 INFO::Fitting model to feature number 524, dihydrocholesterol
2024-10-18 12:22:19.834807 INFO::Fitting model to feature number 525, dihydro.3.coumaric.acid
2024-10-18 12:22:19.885896 INFO::Fitting model to feature number 526, digalacturonic.acid
2024-10-18 12:22:19.938479 INFO::Fitting model to feature number 527, cysteine
2024-10-18 12:22:20.005793 INFO::Fitting model to feature number 528, coprostan.3.one
2024-10-18 12:22:20.080315 INFO::Fitting model to feature number 529, citric.acid
2024-10-18 12:22:20.161677 INFO::Fitting model to feature number 530, cholic.acid
2024-10-18 12:22:20.243905 INFO::Fitting model to feature number 531, cholesterol
2024-10-18 12:22:20.321984 INFO::Fitting model to feature number 532, chenodeoxycholic.acid
2024-10-18 12:22:20.40058 INFO::Fitting model to feature number 533, cerotinic.acid
2024-10-18 12:22:20.477997 INFO::Fitting model to feature number 534, cellobiose
2024-10-18 12:22:20.55394 INFO::Fitting model to feature number 535, capric.acid
2024-10-18 12:22:20.654209 INFO::Fitting model to feature number 536, campesterol
2024-10-18 12:22:20.724338 INFO::Fitting model to feature number 537, cadaverine
2024-10-18 12:22:20.795565 INFO::Fitting model to feature number 538, butyrolactam
2024-10-18 12:22:20.867867 INFO::Fitting model to feature number 539, butylamine
2024-10-18 12:22:20.922765 INFO::Fitting model to feature number 540, biphenyl
2024-10-18 12:22:20.979056 INFO::Fitting model to feature number 541, beta.glutamic.acid
2024-10-18 12:22:21.03649 INFO::Fitting model to feature number 542, beta.alanyl.lysine
2024-10-18 12:22:21.105456 INFO::Fitting model to feature number 543, beta.alanine
2024-10-18 12:22:21.161309 INFO::Fitting model to feature number 544, behenic.acid
2024-10-18 12:22:21.213552 INFO::Fitting model to feature number 545, azelaic.acid
2024-10-18 12:22:21.284263 INFO::Fitting model to feature number 546, asparagine
2024-10-18 12:22:21.353531 INFO::Fitting model to feature number 547, arachidic.acid
2024-10-18 12:22:21.420252 INFO::Fitting model to feature number 548, arabitol
2024-10-18 12:22:21.474935 INFO::Fitting model to feature number 549, anthranilic.acid
2024-10-18 12:22:21.53039 INFO::Fitting model to feature number 550, adipic.acid
2024-10-18 12:22:21.597412 INFO::Fitting model to feature number 551, adenosine
2024-10-18 12:22:21.692765 INFO::Fitting model to feature number 552, X6.deoxyglucose
2024-10-18 12:22:21.745263 INFO::Fitting model to feature number 553, X5.methoxytryptamine
2024-10-18 12:22:21.794464 INFO::Fitting model to feature number 554, X5.hydroxymethyl.2.furoic.acid
2024-10-18 12:22:21.845033 INFO::Fitting model to feature number 555, X5.aminovaleric.acid
2024-10-18 12:22:21.901442 INFO::Fitting model to feature number 556, X4.pyridoxic.acid
2024-10-18 12:22:21.954544 INFO::Fitting model to feature number 557, X4.hydroxyphenylacetic.acid
2024-10-18 12:22:22.008033 INFO::Fitting model to feature number 558, X4.hydroxybutyric.acid
2024-10-18 12:22:22.063789 INFO::Fitting model to feature number 559, X4..5.dihydroxy.7.glucosyloxyflavanone
2024-10-18 12:22:22.113544 INFO::Fitting model to feature number 560, X3.phenyllactic.acid
2024-10-18 12:22:22.173066 INFO::Fitting model to feature number 561, X3.hydroxyphenylacetic.acid
2024-10-18 12:22:22.241776 INFO::Fitting model to feature number 562, X3.hydroxypalmitic.acid
2024-10-18 12:22:22.297928 INFO::Fitting model to feature number 563, X3.hydroxy.3.methylglutaric.acid
2024-10-18 12:22:22.320076 WARNING::Fitting problem for feature 563 a warning was issued
2024-10-18 12:22:22.37799 INFO::Fitting model to feature number 564, X3.aminoisobutyric.acid
2024-10-18 12:22:22.430878 INFO::Fitting model to feature number 565, X3.6.anhydro.D.galactose
2024-10-18 12:22:22.479769 INFO::Fitting model to feature number 566, X3.4.dihydroxycinnamic.acid
2024-10-18 12:22:22.542988 INFO::Fitting model to feature number 567, X3..4.hydroxyphenyl.propionic.acid
2024-10-18 12:22:22.628268 INFO::Fitting model to feature number 568, X3..3.hydroxyphenyl.propionic.acid
2024-10-18 12:22:22.69622 INFO::Fitting model to feature number 569, X3..3.hydroxyphenyl..3.hydroxypropionic.acid
2024-10-18 12:22:22.758131 INFO::Fitting model to feature number 570, X2.ketoisocaproic.acid
2024-10-18 12:22:22.832102 INFO::Fitting model to feature number 571, X2.hydroxyisocaproic.acid
2024-10-18 12:22:22.883195 INFO::Fitting model to feature number 572, X2.hydroxyglutaric.acid
2024-10-18 12:22:22.940878 INFO::Fitting model to feature number 573, X2.deoxyuridine
2024-10-18 12:22:22.999569 INFO::Fitting model to feature number 574, X2.deoxytetronic.acid
2024-10-18 12:22:23.052601 INFO::Fitting model to feature number 575, X2..deoxyguanosine
2024-10-18 12:22:23.108128 INFO::Fitting model to feature number 576, X2.6.diaminopimelic.acid
2024-10-18 12:22:23.17726 INFO::Fitting model to feature number 577, X2.5.dihydroxypyrazine
2024-10-18 12:22:23.248285 INFO::Fitting model to feature number 578, X2.3.diaminopropionic.acid
2024-10-18 12:22:23.304438 INFO::Fitting model to feature number 579, X1.monopalmitin
2024-10-18 12:22:23.363893 INFO::Fitting model to feature number 580, X1.kestose
2024-10-18 12:22:23.414398 INFO::Fitting model to feature number 581, X1.3.diaminopropane
2024-10-18 12:22:23.470051 INFO::Fitting model to feature number 582, X1.2.4.benzenetriol
2024-10-18 12:22:23.537656 INFO::Fitting model to feature number 583, X.15.3..Anacardic.acid
2024-10-18 12:22:23.592753 INFO::Fitting model to feature number 584, X.9Z.12R..12.Hydroxyoctadec.9.enoic.acid
2024-10-18 12:22:23.668436 INFO::Fitting model to feature number 585, X.dehydro.ornithine
2024-10-18 12:22:23.732374 INFO::Fitting model to feature number 586, X.R..Butyrylcarnitine
2024-10-18 12:22:23.804379 INFO::Fitting model to feature number 587, X.S..1.Methylnicotinium
2024-10-18 12:22:23.86046 INFO::Fitting model to feature number 588, X.sulfanylsulfonyl.methane
2024-10-18 12:22:23.92081 INFO::Fitting model to feature number 589, X.Z..5.8.11.trihydroxyoctadec.9.enoic.acid
2024-10-18 12:22:23.986126 INFO::Fitting model to feature number 590, X1..1Z.Hexadecenyl..sn.glycero.3.phosphocholine
2024-10-18 12:22:24.052094 INFO::Fitting model to feature number 591, X1..1Z.Octadecenyl..sn.glycero.3.phosphocholine
2024-10-18 12:22:24.125434 INFO::Fitting model to feature number 592, X1..9Z.12Z.Octadecadienoyl.2.hydroxy.sn.glycero.3.phosphocholine
2024-10-18 12:22:24.177781 INFO::Fitting model to feature number 593, X1.2.Cyclohexanedione
2024-10-18 12:22:24.234284 INFO::Fitting model to feature number 594, X1.7.Dimethyluric.acid
2024-10-18 12:22:24.285856 INFO::Fitting model to feature number 595, X1.Hexadecyl.sn.glycero.3.phosphocholine
2024-10-18 12:22:24.339674 INFO::Fitting model to feature number 596, X1.Methylnicotinamide
2024-10-18 12:22:24.397139 INFO::Fitting model to feature number 597, X1.Methylpseudouridine
2024-10-18 12:22:24.448071 INFO::Fitting model to feature number 598, X1.Palmitoyl.2.hydroxy.sn.glycero.3.phospho..1..rac.glycerol.
2024-10-18 12:22:24.520816 INFO::Fitting model to feature number 599, X1.Palmitoyl.sn.glycero.3.phosphocholine
2024-10-18 12:22:24.588013 INFO::Fitting model to feature number 600, X1.Stearoyl.2.hydroxy.sn.glycero.3.phosphocholine
2024-10-18 12:22:24.663265 INFO::Fitting model to feature number 601, X1.Stearoyl.2.hydroxy.sn.glycero.3.phosphoethanolamine
2024-10-18 12:22:24.713987 INFO::Fitting model to feature number 602, X2..1.Methyl.1H.imidazol.5.yl.acetic.acid
2024-10-18 12:22:24.778083 INFO::Fitting model to feature number 603, X2..2.6.dimethylmorpholin.4.yl.ethanol
2024-10-18 12:22:24.84495 INFO::Fitting model to feature number 604, X2..n.ethyl.n.m.toluidino.ethanol
2024-10-18 12:22:24.900789 INFO::Fitting model to feature number 605, X2.6.dihydroxybenzoic.acid
2024-10-18 12:22:24.956991 INFO::Fitting model to feature number 606, X2.acetylpyrazine
2024-10-18 12:22:25.012716 INFO::Fitting model to feature number 607, X2.Amino.1.phenylethanol
2024-10-18 12:22:25.075792 INFO::Fitting model to feature number 608, X2.Amino.3.methoxybenzoic.acid
2024-10-18 12:22:25.142449 INFO::Fitting model to feature number 609, X2..Deoxycytidine
2024-10-18 12:22:25.210057 INFO::Fitting model to feature number 610, X2..Deoxycytidine.1
2024-10-18 12:22:25.263445 INFO::Fitting model to feature number 611, X2..Deoxyguanosine.5..monophosphate
2024-10-18 12:22:25.317949 INFO::Fitting model to feature number 612, X2..Deoxyinosine
2024-10-18 12:22:25.368212 INFO::Fitting model to feature number 613, X2.Hydroxy.4.methylpentanoic.acid
2024-10-18 12:22:25.426859 INFO::Fitting model to feature number 614, X2.Hydroxybenzaldehyde
2024-10-18 12:22:25.483841 INFO::Fitting model to feature number 615, X2.hydroxybutyric.acid
2024-10-18 12:22:25.534774 INFO::Fitting model to feature number 616, X2.hydroxypalmitic.acid
2024-10-18 12:22:25.59012 INFO::Fitting model to feature number 617, X2.Hydroxyphenethyl.alcohol
2024-10-18 12:22:25.673354 INFO::Fitting model to feature number 618, X2.Isopropylmalic.acid
2024-10-18 12:22:25.722599 INFO::Fitting model to feature number 619, X2.Methyl.N..4.Methylphenyl.alanine
2024-10-18 12:22:25.789483 INFO::Fitting model to feature number 620, X2.phenylmalonaldehyde
2024-10-18 12:22:25.857246 INFO::Fitting model to feature number 621, X2.Pyridone
2024-10-18 12:22:25.91236 INFO::Fitting model to feature number 622, X3..1.Methyl.1H.pyrazol.5.yl.propanoic.acid
2024-10-18 12:22:25.972342 INFO::Fitting model to feature number 623, X3..1.Pyrazolyl..alanine
2024-10-18 12:22:26.030258 INFO::Fitting model to feature number 624, X3..3.Hydroxyphenyl.propionic.acid
2024-10-18 12:22:26.085322 INFO::Fitting model to feature number 625, X3..5..2.Methylpropyl..3.6.dioxopiperazin.2.yl.propanoic.acid
2024-10-18 12:22:26.148496 INFO::Fitting model to feature number 626, X3.beta.allopregnanolone.sulfate
2024-10-18 12:22:26.201115 INFO::Fitting model to feature number 627, X3.cyanocoumarin
2024-10-18 12:22:26.258207 INFO::Fitting model to feature number 628, X3.Deoxyuridine
2024-10-18 12:22:26.314437 INFO::Fitting model to feature number 629, X3.hydroxybutyrylcarnitine
2024-10-18 12:22:26.369176 INFO::Fitting model to feature number 630, X3.Hydroxymorphinan
2024-10-18 12:22:26.419631 INFO::Fitting model to feature number 631, X3.Hydroxyvaleric.acid
2024-10-18 12:22:26.47671 INFO::Fitting model to feature number 632, X3.Methyl.gamma.butyrolactone
2024-10-18 12:22:26.531624 INFO::Fitting model to feature number 633, X3.Methylhistidine
2024-10-18 12:22:26.551741 WARNING::Fitting problem for feature 633 a warning was issued
2024-10-18 12:22:26.627165 INFO::Fitting model to feature number 634, X3.Methylxanthine
2024-10-18 12:22:26.684094 INFO::Fitting model to feature number 635, X3.oxocholic.acid
2024-10-18 12:22:26.741991 INFO::Fitting model to feature number 636, X4.Acetamidobutyric.acid
2024-10-18 12:22:26.796237 INFO::Fitting model to feature number 637, X4.Amino.2.methyl.5.pyrimidinemethanol
2024-10-18 12:22:26.851621 INFO::Fitting model to feature number 638, X4.Aminomethylcyclohexanecarboxylic.acid
2024-10-18 12:22:26.901242 INFO::Fitting model to feature number 639, X4.aminosalicylic.acid
2024-10-18 12:22:26.954912 INFO::Fitting model to feature number 640, X4.Hydroxymandelonitrile
2024-10-18 12:22:27.007194 INFO::Fitting model to feature number 641, X4.Methyl.5.thiazoleethanol
2024-10-18 12:22:27.061756 INFO::Fitting model to feature number 642, X4.Pentylaniline
2024-10-18 12:22:27.117532 INFO::Fitting model to feature number 643, X4.Trimethylammoniobutanoic.acid
2024-10-18 12:22:27.181478 INFO::Fitting model to feature number 644, X5.Acetylamino.6.amino.3.methyluracil
2024-10-18 12:22:27.238512 INFO::Fitting model to feature number 645, X5.Aminosalicylic.acid
2024-10-18 12:22:27.292465 INFO::Fitting model to feature number 646, X5.beta.androstan.3.alpha.ol.17.one.sulfate
2024-10-18 12:22:27.36281 INFO::Fitting model to feature number 647, X5.hydroxyindoleacetate
2024-10-18 12:22:27.431904 INFO::Fitting model to feature number 648, X5.Hydroxymethylcytidine
2024-10-18 12:22:27.488435 INFO::Fitting model to feature number 649, X5.Methylcytidine
2024-10-18 12:22:27.543189 INFO::Fitting model to feature number 650, X5..Methylthioadenosine
2024-10-18 12:22:27.632755 INFO::Fitting model to feature number 651, X6.7.Dihydroxycoumarin
2024-10-18 12:22:27.685359 INFO::Fitting model to feature number 652, X6.Aminoindazole
2024-10-18 12:22:27.74027 INFO::Fitting model to feature number 653, X7.Keto.3alpha.12.alpha.dihydroxycholanic.acid
2024-10-18 12:22:27.794589 INFO::Fitting model to feature number 654, X7.Methylguanine
2024-10-18 12:22:27.861299 INFO::Fitting model to feature number 655, X8.Oxo.2.deoxyadenosine
2024-10-18 12:22:27.928714 INFO::Fitting model to feature number 656, X9.10.dihydroxystearic.acid
2024-10-18 12:22:27.982967 INFO::Fitting model to feature number 657, Acetaminophen.sulfate
2024-10-18 12:22:28.039715 INFO::Fitting model to feature number 658, Acetylcarnitine
2024-10-18 12:22:28.095897 INFO::Fitting model to feature number 659, Adenine
2024-10-18 12:22:28.15343 INFO::Fitting model to feature number 660, adenosine.1
2024-10-18 12:22:28.205561 INFO::Fitting model to feature number 661, Agmatine
2024-10-18 12:22:28.262219 INFO::Fitting model to feature number 662, Ala.Ala
2024-10-18 12:22:28.329407 INFO::Fitting model to feature number 663, Ala.Ala.Lys
2024-10-18 12:22:28.383484 INFO::Fitting model to feature number 664, Ala.Arg
2024-10-18 12:22:28.440616 INFO::Fitting model to feature number 665, Ala.Gln
2024-10-18 12:22:28.501237 INFO::Fitting model to feature number 666, Ala.His
2024-10-18 12:22:28.593958 INFO::Fitting model to feature number 667, Ala.Ile.Arg
2024-10-18 12:22:28.669884 INFO::Fitting model to feature number 668, Ala.Lys
2024-10-18 12:22:28.749822 INFO::Fitting model to feature number 669, Ala.Phe
2024-10-18 12:22:28.822193 INFO::Fitting model to feature number 670, ala.pro
2024-10-18 12:22:28.871195 INFO::Fitting model to feature number 671, Ala.Thr
2024-10-18 12:22:28.921846 INFO::Fitting model to feature number 672, Ala.Trp
2024-10-18 12:22:28.984877 INFO::Fitting model to feature number 673, Ala.Val.Lys
2024-10-18 12:22:29.045735 INFO::Fitting model to feature number 674, alpha.Galactosamine.1.phosphate
2024-10-18 12:22:29.099282 INFO::Fitting model to feature number 675, aminocarnitine
2024-10-18 12:22:29.15419 INFO::Fitting model to feature number 676, Arabitol
2024-10-18 12:22:29.229743 INFO::Fitting model to feature number 677, Arg.Gly
2024-10-18 12:22:29.302108 INFO::Fitting model to feature number 678, Arginine
2024-10-18 12:22:29.367819 INFO::Fitting model to feature number 679, arg.pro
2024-10-18 12:22:29.433835 INFO::Fitting model to feature number 680, Arg.Thr
2024-10-18 12:22:29.489182 INFO::Fitting model to feature number 681, Arg.Trp
2024-10-18 12:22:29.540843 INFO::Fitting model to feature number 682, Asn.Arg
2024-10-18 12:22:29.599503 INFO::Fitting model to feature number 683, Asn.Asn
2024-10-18 12:22:29.690453 INFO::Fitting model to feature number 684, Asn.Glu
2024-10-18 12:22:29.76062 INFO::Fitting model to feature number 685, Asn.Tyr
2024-10-18 12:22:29.824415 INFO::Fitting model to feature number 686, Asp.Arg
2024-10-18 12:22:29.901072 INFO::Fitting model to feature number 687, Aspartic.acid
2024-10-18 12:22:29.964189 INFO::Fitting model to feature number 688, Asp.Leu.Lys
2024-10-18 12:22:30.027742 INFO::Fitting model to feature number 689, Asp.Lys
2024-10-18 12:22:30.095223 INFO::Fitting model to feature number 690, Asp.Phe
2024-10-18 12:22:30.159088 INFO::Fitting model to feature number 691, Asp.Tyr
2024-10-18 12:22:30.220313 INFO::Fitting model to feature number 692, Azithromycin
2024-10-18 12:22:30.294794 INFO::Fitting model to feature number 693, beta.homoleucine
2024-10-18 12:22:30.369769 INFO::Fitting model to feature number 694, Betaine
2024-10-18 12:22:30.429395 INFO::Fitting model to feature number 695, Biliverdin
2024-10-18 12:22:30.495515 INFO::Fitting model to feature number 696, Blood.Group.A.Tetrasaccharide
2024-10-18 12:22:30.557425 INFO::Fitting model to feature number 697, cadaverine.1
2024-10-18 12:22:30.626273 INFO::Fitting model to feature number 698, Caffeic.acid
2024-10-18 12:22:30.707969 INFO::Fitting model to feature number 699, cAMP
2024-10-18 12:22:30.807577 INFO::Fitting model to feature number 700, carnitine
2024-10-18 12:22:30.867957 INFO::Fitting model to feature number 701, carnosine
2024-10-18 12:22:30.927976 INFO::Fitting model to feature number 702, Catechol
2024-10-18 12:22:30.986272 INFO::Fitting model to feature number 703, chenodeoxycholic.acid.1
2024-10-18 12:22:31.056213 INFO::Fitting model to feature number 704, cholesterol.3.sulfate....1046
2024-10-18 12:22:31.104532 INFO::Fitting model to feature number 705, Cholic.acid
2024-10-18 12:22:31.156217 INFO::Fitting model to feature number 706, Choline
2024-10-18 12:22:31.220727 INFO::Fitting model to feature number 707, citrulline
2024-10-18 12:22:31.276461 INFO::Fitting model to feature number 708, Cortisone
2024-10-18 12:22:31.355281 INFO::Fitting model to feature number 709, Cortodoxone
2024-10-18 12:22:31.434173 INFO::Fitting model to feature number 710, Creatine
2024-10-18 12:22:31.513343 INFO::Fitting model to feature number 711, Cysteic.Acid
2024-10-18 12:22:31.581368 INFO::Fitting model to feature number 712, cysteine.S.sulfate
2024-10-18 12:22:31.641777 INFO::Fitting model to feature number 713, Cytidine
2024-10-18 12:22:31.701866 INFO::Fitting model to feature number 714, Daidzein
2024-10-18 12:22:31.762676 INFO::Fitting model to feature number 715, decanedioic.acid
2024-10-18 12:22:31.828392 INFO::Fitting model to feature number 716, dehydroepiandrosterone.sulfate
2024-10-18 12:22:31.914719 INFO::Fitting model to feature number 717, delta.Hydroxylysine
2024-10-18 12:22:31.970732 INFO::Fitting model to feature number 718, deoxycarnitine
2024-10-18 12:22:32.034848 INFO::Fitting model to feature number 719, Deoxycholate
2024-10-18 12:22:32.094203 INFO::Fitting model to feature number 720, deprenyl
2024-10-18 12:22:32.162486 INFO::Fitting model to feature number 721, D.erythro.N.stearoylsphingosine
2024-10-18 12:22:32.227838 INFO::Fitting model to feature number 722, Desloratadine
2024-10-18 12:22:32.284879 INFO::Fitting model to feature number 723, dibenzylamine
2024-10-18 12:22:32.339694 INFO::Fitting model to feature number 724, Dihydrosphingosine
2024-10-18 12:22:32.394064 INFO::Fitting model to feature number 725, DL.Octopamine
2024-10-18 12:22:32.448586 INFO::Fitting model to feature number 726, docosahexaenoic.acid
2024-10-18 12:22:32.504665 INFO::Fitting model to feature number 727, Docosatetraenoic.acid
2024-10-18 12:22:32.554601 INFO::Fitting model to feature number 728, D.Pyroglutamic.acid
2024-10-18 12:22:32.606125 INFO::Fitting model to feature number 729, Eicosenoic.acid
2024-10-18 12:22:32.669603 INFO::Fitting model to feature number 730, E.N.Deoxyfructosyllysine
2024-10-18 12:22:32.743697 INFO::Fitting model to feature number 731, ethanolamine.1
2024-10-18 12:22:32.796174 INFO::Fitting model to feature number 732, Ethyl..4.amino.1.piperidinyl.acetate
2024-10-18 12:22:32.857649 INFO::Fitting model to feature number 733, Ferulic.acid
2024-10-18 12:22:32.939637 INFO::Fitting model to feature number 734, Galacto.N.biose
2024-10-18 12:22:32.984559 INFO::Fitting model to feature number 735, gamma.aminobutyric.acid
2024-10-18 12:22:33.037476 INFO::Fitting model to feature number 736, gamma.Glutamylmethionine
2024-10-18 12:22:33.089481 INFO::Fitting model to feature number 737, gamma.linolenic.acid
2024-10-18 12:22:33.136081 INFO::Fitting model to feature number 738, Gln.Ala
2024-10-18 12:22:33.190999 INFO::Fitting model to feature number 739, Gln.Arg
2024-10-18 12:22:33.239699 INFO::Fitting model to feature number 740, Gln.Glu
2024-10-18 12:22:33.291288 INFO::Fitting model to feature number 741, Gln.Leu.Lys
2024-10-18 12:22:33.342464 INFO::Fitting model to feature number 742, Gln.Met
2024-10-18 12:22:33.393284 INFO::Fitting model to feature number 743, Gln.Phe
2024-10-18 12:22:33.446961 INFO::Fitting model to feature number 744, Gln.Pro
2024-10-18 12:22:33.512502 INFO::Fitting model to feature number 745, Gln.Tyr
2024-10-18 12:22:33.562139 INFO::Fitting model to feature number 746, Glu.Ala.Lys
2024-10-18 12:22:33.614209 INFO::Fitting model to feature number 747, Glucosamine.6.phosphate
2024-10-18 12:22:33.67894 INFO::Fitting model to feature number 748, Glu.Glu
2024-10-18 12:22:33.733785 INFO::Fitting model to feature number 749, Glu.Gly
2024-10-18 12:22:33.806955 INFO::Fitting model to feature number 750, Glu.His
2024-10-18 12:22:33.866042 INFO::Fitting model to feature number 751, Glu.Ile.Lys
2024-10-18 12:22:33.922038 INFO::Fitting model to feature number 752, glutamic.acid
2024-10-18 12:22:33.970264 INFO::Fitting model to feature number 753, Glutamine
2024-10-18 12:22:34.025649 INFO::Fitting model to feature number 754, Glu.Val.Phe
2024-10-18 12:22:34.088326 INFO::Fitting model to feature number 755, Gly.Asn
2024-10-18 12:22:34.139064 INFO::Fitting model to feature number 756, Gly.Asp
2024-10-18 12:22:34.189968 INFO::Fitting model to feature number 757, glycerophosphocholine
2024-10-18 12:22:34.238462 INFO::Fitting model to feature number 758, glycine.1
2024-10-18 12:22:34.292065 INFO::Fitting model to feature number 759, Glycitein
2024-10-18 12:22:34.346752 INFO::Fitting model to feature number 760, glycocholic.acid
2024-10-18 12:22:34.411958 INFO::Fitting model to feature number 761, Gly.Glu
2024-10-18 12:22:34.475922 INFO::Fitting model to feature number 762, Gly.His
2024-10-18 12:22:34.530402 INFO::Fitting model to feature number 763, Gly.Ile
2024-10-18 12:22:34.584136 INFO::Fitting model to feature number 764, Gly.Ile.Lys
2024-10-18 12:22:34.635247 INFO::Fitting model to feature number 765, Gly.Met
2024-10-18 12:22:34.686808 INFO::Fitting model to feature number 766, Gly.Phe
2024-10-18 12:22:34.760808 INFO::Fitting model to feature number 767, Gly.Pro
2024-10-18 12:22:34.811874 INFO::Fitting model to feature number 768, Gly.Val.Lys
2024-10-18 12:22:34.87254 INFO::Fitting model to feature number 769, guanidinosuccinate.1
2024-10-18 12:22:34.921322 INFO::Fitting model to feature number 770, Guanine
2024-10-18 12:22:34.974958 INFO::Fitting model to feature number 771, Guanosine
2024-10-18 12:22:35.02211 INFO::Fitting model to feature number 772, His.Ala
2024-10-18 12:22:35.079247 INFO::Fitting model to feature number 773, His.Gln
2024-10-18 12:22:35.132367 INFO::Fitting model to feature number 774, his.ile
2024-10-18 12:22:35.195255 INFO::Fitting model to feature number 775, His.Leu
2024-10-18 12:22:35.24548 INFO::Fitting model to feature number 776, His.Ser
2024-10-18 12:22:35.299892 INFO::Fitting model to feature number 777, Histamine
2024-10-18 12:22:35.366384 INFO::Fitting model to feature number 778, His.Thr
2024-10-18 12:22:35.439502 INFO::Fitting model to feature number 779, histidine
2024-10-18 12:22:35.505255 INFO::Fitting model to feature number 780, His.Tyr
2024-10-18 12:22:35.555692 INFO::Fitting model to feature number 781, His.Val
2024-10-18 12:22:35.608504 INFO::Fitting model to feature number 782, Homarine
2024-10-18 12:22:35.689735 INFO::Fitting model to feature number 783, Hypoxanthine
2024-10-18 12:22:35.738444 INFO::Fitting model to feature number 784, Ile.Ala
2024-10-18 12:22:35.787813 INFO::Fitting model to feature number 785, Ile.Arg
2024-10-18 12:22:35.85031 INFO::Fitting model to feature number 786, Ile.Gln
2024-10-18 12:22:35.899692 INFO::Fitting model to feature number 787, Ile.Glu
2024-10-18 12:22:35.959733 INFO::Fitting model to feature number 788, Ile.Phe
2024-10-18 12:22:36.010475 INFO::Fitting model to feature number 789, Ile.Pro
2024-10-18 12:22:36.063227 INFO::Fitting model to feature number 790, Ile.Ser
2024-10-18 12:22:36.124562 INFO::Fitting model to feature number 791, Ile.Thr
2024-10-18 12:22:36.172848 INFO::Fitting model to feature number 792, Ile.Trp
2024-10-18 12:22:36.225174 INFO::Fitting model to feature number 793, Ile.Val
2024-10-18 12:22:36.274073 INFO::Fitting model to feature number 794, Ile.Val.Arg
2024-10-18 12:22:36.332015 INFO::Fitting model to feature number 795, Indole.3.carboxaldehyde
2024-10-18 12:22:36.38322 INFO::Fitting model to feature number 796, Inosine
2024-10-18 12:22:36.436255 INFO::Fitting model to feature number 797, isethionate
2024-10-18 12:22:36.497609 INFO::Fitting model to feature number 798, Isoleucine
2024-10-18 12:22:36.557964 INFO::Fitting model to feature number 799, Isorhamnetin.3.O.rutinoside
2024-10-18 12:22:36.631154 INFO::Fitting model to feature number 800, Ketoisovaleric.acid
2024-10-18 12:22:36.68878 INFO::Fitting model to feature number 801, Kynurenic.acid
2024-10-18 12:22:36.738185 INFO::Fitting model to feature number 802, L.Arginine..methyl.ester
2024-10-18 12:22:36.793878 INFO::Fitting model to feature number 803, Lauroyl.L.carnitine
2024-10-18 12:22:36.856375 INFO::Fitting model to feature number 804, Leu.Asn
2024-10-18 12:22:36.923129 INFO::Fitting model to feature number 805, Leucine
2024-10-18 12:22:36.988522 INFO::Fitting model to feature number 806, leucyl.leucine
2024-10-18 12:22:37.054021 INFO::Fitting model to feature number 807, Leu.Gly.Leu
2024-10-18 12:22:37.117275 INFO::Fitting model to feature number 808, Leu.His
2024-10-18 12:22:37.178815 INFO::Fitting model to feature number 809, Leu.Leu
2024-10-18 12:22:37.242594 INFO::Fitting model to feature number 810, Leu.Met
2024-10-18 12:22:37.307124 INFO::Fitting model to feature number 811, Leu.Phe
2024-10-18 12:22:37.372639 INFO::Fitting model to feature number 812, Leu.Thr
2024-10-18 12:22:37.433793 INFO::Fitting model to feature number 813, Leu.Trp
2024-10-18 12:22:37.484571 INFO::Fitting model to feature number 814, Leu.Val.Lys
2024-10-18 12:22:37.536578 INFO::Fitting model to feature number 815, Linoleoyl.ethanolamide
2024-10-18 12:22:37.623204 INFO::Fitting model to feature number 816, LPA.16.0
2024-10-18 12:22:37.684417 INFO::Fitting model to feature number 817, LPC.12.0
2024-10-18 12:22:37.743333 INFO::Fitting model to feature number 818, LPC.15.0
2024-10-18 12:22:37.80567 INFO::Fitting model to feature number 819, LPC.16.0
2024-10-18 12:22:37.867602 INFO::Fitting model to feature number 820, LPC.18.0....1185
2024-10-18 12:22:37.940075 INFO::Fitting model to feature number 821, LPC.18.1.Isomer.B
2024-10-18 12:22:38.013637 INFO::Fitting model to feature number 822, LPC.O.16.1....1188
2024-10-18 12:22:38.075123 INFO::Fitting model to feature number 823, LPE.16.0....1189
2024-10-18 12:22:38.136614 INFO::Fitting model to feature number 824, LPE.O.16.1
2024-10-18 12:22:38.205149 INFO::Fitting model to feature number 825, LPI.18.0
2024-10-18 12:22:38.263389 INFO::Fitting model to feature number 826, L.Saccharopine
2024-10-18 12:22:38.322703 INFO::Fitting model to feature number 827, Lys.Asp
2024-10-18 12:22:38.387447 INFO::Fitting model to feature number 828, Lys.Gly
2024-10-18 12:22:38.444617 INFO::Fitting model to feature number 829, lysine
2024-10-18 12:22:38.494143 INFO::Fitting model to feature number 830, Lys.Phe
2024-10-18 12:22:38.567301 INFO::Fitting model to feature number 831, Lys.Pro
2024-10-18 12:22:38.638852 INFO::Fitting model to feature number 832, Lys.Ser
2024-10-18 12:22:38.726787 INFO::Fitting model to feature number 833, Lys.Val
2024-10-18 12:22:38.794582 INFO::Fitting model to feature number 834, Malonic.acid
2024-10-18 12:22:38.86115 INFO::Fitting model to feature number 835, maltotriose.1
2024-10-18 12:22:38.884359 WARNING::Fitting problem for feature 835 a warning was issued
2024-10-18 12:22:38.955549 INFO::Fitting model to feature number 836, Mandelic.acid
2024-10-18 12:22:39.024726 INFO::Fitting model to feature number 837, Mannitol
2024-10-18 12:22:39.092179 INFO::Fitting model to feature number 838, Melatonin
2024-10-18 12:22:39.165631 INFO::Fitting model to feature number 839, Met.Ala
2024-10-18 12:22:39.240013 INFO::Fitting model to feature number 840, Met.Arg
2024-10-18 12:22:39.313489 INFO::Fitting model to feature number 841, Met.Asp
2024-10-18 12:22:39.382678 INFO::Fitting model to feature number 842, Met.Glu
2024-10-18 12:22:39.459488 INFO::Fitting model to feature number 843, Methacholine
2024-10-18 12:22:39.521532 INFO::Fitting model to feature number 844, Methionine
2024-10-18 12:22:39.58338 INFO::Fitting model to feature number 845, methionine.sulfone
2024-10-18 12:22:39.642445 INFO::Fitting model to feature number 846, methionine.sulfoxide
2024-10-18 12:22:39.702455 INFO::Fitting model to feature number 847, Met.His
2024-10-18 12:22:39.762904 INFO::Fitting model to feature number 848, Methohexital
2024-10-18 12:22:39.853661 INFO::Fitting model to feature number 849, Methyl.beta.galactopyranoside
2024-10-18 12:22:39.927084 INFO::Fitting model to feature number 850, methylglyoxal.derived.hydroimidazolone
2024-10-18 12:22:39.997782 INFO::Fitting model to feature number 851, Met.Lys
2024-10-18 12:22:40.056005 INFO::Fitting model to feature number 852, Met.Met
2024-10-18 12:22:40.11238 INFO::Fitting model to feature number 853, Met.Thr
2024-10-18 12:22:40.167409 INFO::Fitting model to feature number 854, Met.Val
2024-10-18 12:22:40.219336 INFO::Fitting model to feature number 855, myo.inositol
2024-10-18 12:22:40.269081 INFO::Fitting model to feature number 856, Myristoyl.L.carnitine
2024-10-18 12:22:40.319488 INFO::Fitting model to feature number 857, N..2.6.dimethylphenyl..2.hydroxyacetamide
2024-10-18 12:22:40.37098 INFO::Fitting model to feature number 858, N..5.acetamidopentyl.acetamide
2024-10-18 12:22:40.432116 INFO::Fitting model to feature number 859, N.N..Diacetylcystine
2024-10-18 12:22:40.493981 INFO::Fitting model to feature number 860, N.N.epsiloN.dimethyl.lysine
2024-10-18 12:22:40.54757 INFO::Fitting model to feature number 861, N2.acetyl.histidine
2024-10-18 12:22:40.600027 INFO::Fitting model to feature number 862, N8.acetylspermidine
2024-10-18 12:22:40.66447 INFO::Fitting model to feature number 863, N.acetylarginine
2024-10-18 12:22:40.730134 INFO::Fitting model to feature number 864, N.Acetyl.D.proline
2024-10-18 12:22:40.781077 INFO::Fitting model to feature number 865, N.Acetylglucosamine
2024-10-18 12:22:40.858997 INFO::Fitting model to feature number 866, N..Acetylisonicotinohydrazide
2024-10-18 12:22:40.911951 INFO::Fitting model to feature number 867, N.Acetylputrescine
2024-10-18 12:22:40.960578 INFO::Fitting model to feature number 868, N.Acetylserine
2024-10-18 12:22:41.027499 INFO::Fitting model to feature number 869, N.alpha.methylhistamine
2024-10-18 12:22:41.076718 INFO::Fitting model to feature number 870, N.Carboxyethyl.gamma.aminobutyric.acid
2024-10-18 12:22:41.095028 WARNING::Fitting problem for feature 870 a warning was issued
2024-10-18 12:22:41.15206 INFO::Fitting model to feature number 871, Neohesperidin
2024-10-18 12:22:41.215361 INFO::Fitting model to feature number 872, Nervonic.acid
2024-10-18 12:22:41.282841 INFO::Fitting model to feature number 873, N.Formylmethionine
2024-10-18 12:22:41.34858 INFO::Fitting model to feature number 874, N.fructosyl.isoleucine
2024-10-18 12:22:41.401785 INFO::Fitting model to feature number 875, Nicotinamide.riboside
2024-10-18 12:22:41.452835 INFO::Fitting model to feature number 876, Nicotinic.acid
2024-10-18 12:22:41.508826 INFO::Fitting model to feature number 877, N.Isobutyrylglycine
2024-10-18 12:22:41.559968 INFO::Fitting model to feature number 878, N.Methylanthranilic.acid
2024-10-18 12:22:41.61246 INFO::Fitting model to feature number 879, N.Methylglutamic.acid
2024-10-18 12:22:41.661357 INFO::Fitting model to feature number 880, N.Methylproline
2024-10-18 12:22:41.715557 INFO::Fitting model to feature number 881, N.Methylthreonine
2024-10-18 12:22:41.789276 INFO::Fitting model to feature number 882, N.Methyltyrosine
2024-10-18 12:22:41.8393 INFO::Fitting model to feature number 883, N.nitroimidazolidi.N.2.imine
2024-10-18 12:22:41.892843 INFO::Fitting model to feature number 884, N.nitrosopyrrolidine
2024-10-18 12:22:41.957016 INFO::Fitting model to feature number 885, N.omega.Acetylhistamine
2024-10-18 12:22:42.017371 INFO::Fitting model to feature number 886, Octadecanedioic.acid
2024-10-18 12:22:42.070467 INFO::Fitting model to feature number 887, Octopine
2024-10-18 12:22:42.120028 INFO::Fitting model to feature number 888, Oleoyl.L.carnitine
2024-10-18 12:22:42.170868 INFO::Fitting model to feature number 889, O.Phosphocholine
2024-10-18 12:22:42.232068 INFO::Fitting model to feature number 890, ornithine....1268
2024-10-18 12:22:42.281941 INFO::Fitting model to feature number 891, Palmitoylcarnitine
2024-10-18 12:22:42.335335 INFO::Fitting model to feature number 892, Pantothenic.acid
2024-10-18 12:22:42.386425 INFO::Fitting model to feature number 893, Pantothenic.acid.1
2024-10-18 12:22:42.437656 INFO::Fitting model to feature number 894, p.coumaric.acid
2024-10-18 12:22:42.497164 INFO::Fitting model to feature number 895, Phe.Ala
2024-10-18 12:22:42.54741 INFO::Fitting model to feature number 896, phe.arg
2024-10-18 12:22:42.60031 INFO::Fitting model to feature number 897, Phe.Asn
2024-10-18 12:22:42.67514 INFO::Fitting model to feature number 898, Phe.Glu
2024-10-18 12:22:42.733723 INFO::Fitting model to feature number 899, Phe.His
2024-10-18 12:22:42.783548 INFO::Fitting model to feature number 900, Phe.Lys
2024-10-18 12:22:42.832653 INFO::Fitting model to feature number 901, phenylacetylglycine
2024-10-18 12:22:42.883113 INFO::Fitting model to feature number 902, Phenylalanine
2024-10-18 12:22:42.943256 INFO::Fitting model to feature number 903, Phe.Thr
2024-10-18 12:22:42.994908 INFO::Fitting model to feature number 904, Phe.Tyr
2024-10-18 12:22:43.056089 INFO::Fitting model to feature number 905, Phe.Val
2024-10-18 12:22:43.109198 INFO::Fitting model to feature number 906, Pipecolic.acid
2024-10-18 12:22:43.162825 INFO::Fitting model to feature number 907, piperine
2024-10-18 12:22:43.220676 INFO::Fitting model to feature number 908, Pro.Asp
2024-10-18 12:22:43.275563 INFO::Fitting model to feature number 909, pro.gly
2024-10-18 12:22:43.342544 INFO::Fitting model to feature number 910, Pro.Ile
2024-10-18 12:22:43.405847 INFO::Fitting model to feature number 911, Proline
2024-10-18 12:22:43.467213 INFO::Fitting model to feature number 912, Pro.Phe
2024-10-18 12:22:43.527454 INFO::Fitting model to feature number 913, Pro.Pro
2024-10-18 12:22:43.579315 INFO::Fitting model to feature number 914, Pro.Ser
2024-10-18 12:22:43.650208 INFO::Fitting model to feature number 915, Pro.Thr
2024-10-18 12:22:43.71179 INFO::Fitting model to feature number 916, Pseudouridine
2024-10-18 12:22:43.768816 INFO::Fitting model to feature number 917, putrescine.1
2024-10-18 12:22:43.833216 INFO::Fitting model to feature number 918, Pyridoxamine
2024-10-18 12:22:43.887761 INFO::Fitting model to feature number 919, pyrrolidine
2024-10-18 12:22:43.938341 INFO::Fitting model to feature number 920, pyruvic.acid...1307
2024-10-18 12:22:43.998168 INFO::Fitting model to feature number 921, quinaldic.acid
2024-10-18 12:22:44.05086 INFO::Fitting model to feature number 922, riboflavin
2024-10-18 12:22:44.100876 INFO::Fitting model to feature number 923, Rosmarinic.acid
2024-10-18 12:22:44.158695 INFO::Fitting model to feature number 924, S.Adenosyl.L.methionine
2024-10-18 12:22:44.224589 INFO::Fitting model to feature number 925, salicylamide
2024-10-18 12:22:44.285315 INFO::Fitting model to feature number 926, SDMA
2024-10-18 12:22:44.338013 INFO::Fitting model to feature number 927, sedoheptulose
2024-10-18 12:22:44.400214 INFO::Fitting model to feature number 928, Ser.Asp
2024-10-18 12:22:44.447353 INFO::Fitting model to feature number 929, serine....1320
2024-10-18 12:22:44.500241 INFO::Fitting model to feature number 930, Ser.Lys
2024-10-18 12:22:44.571208 INFO::Fitting model to feature number 931, ser.pro
2024-10-18 12:22:44.622568 INFO::Fitting model to feature number 932, Ser.Thr
2024-10-18 12:22:44.674561 INFO::Fitting model to feature number 933, Ser.Val
2024-10-18 12:22:44.726804 INFO::Fitting model to feature number 934, SM.22.1.2O.12.0
2024-10-18 12:22:44.776392 INFO::Fitting model to feature number 935, SPERMIDINE
2024-10-18 12:22:44.841801 INFO::Fitting model to feature number 936, Stercobilin
2024-10-18 12:22:44.898404 INFO::Fitting model to feature number 937, sulfochenodeoxycholic.acid
2024-10-18 12:22:44.960569 INFO::Fitting model to feature number 938, sulfolithocholic.acid
2024-10-18 12:22:45.013082 INFO::Fitting model to feature number 939, Tagatose
2024-10-18 12:22:45.074623 INFO::Fitting model to feature number 940, Taurine
2024-10-18 12:22:45.12856 INFO::Fitting model to feature number 941, Taurocholic.acid
2024-10-18 12:22:45.180248 INFO::Fitting model to feature number 942, Tauromuricholic.acid
2024-10-18 12:22:45.239896 INFO::Fitting model to feature number 943, Thiamine
2024-10-18 12:22:45.294924 INFO::Fitting model to feature number 944, Thr.Ala
2024-10-18 12:22:45.346173 INFO::Fitting model to feature number 945, Thr.Asp
2024-10-18 12:22:45.397334 INFO::Fitting model to feature number 946, threonine
2024-10-18 12:22:45.458371 INFO::Fitting model to feature number 947, Thr.His
2024-10-18 12:22:45.531017 INFO::Fitting model to feature number 948, Thr.Ile.Lys
2024-10-18 12:22:45.58037 INFO::Fitting model to feature number 949, Thr.Lys
2024-10-18 12:22:45.631616 INFO::Fitting model to feature number 950, Thr.Ser
2024-10-18 12:22:45.680752 INFO::Fitting model to feature number 951, Thr.Thr
2024-10-18 12:22:45.730858 INFO::Fitting model to feature number 952, Thr.Val
2024-10-18 12:22:45.777686 INFO::Fitting model to feature number 953, Thymidine
2024-10-18 12:22:45.834197 INFO::Fitting model to feature number 954, Thymine
2024-10-18 12:22:45.887616 INFO::Fitting model to feature number 955, TMAO
2024-10-18 12:22:45.93909 INFO::Fitting model to feature number 956, Tomatidine
2024-10-18 12:22:45.999399 INFO::Fitting model to feature number 957, trans.Zeatin
2024-10-18 12:22:46.059388 INFO::Fitting model to feature number 958, Trihydroxycholestanoic.acid
2024-10-18 12:22:46.119445 INFO::Fitting model to feature number 959, TRIMETHYLAMINE
2024-10-18 12:22:46.167779 INFO::Fitting model to feature number 960, Trp.Ser
2024-10-18 12:22:46.227814 INFO::Fitting model to feature number 961, Trp.Val
2024-10-18 12:22:46.28843 INFO::Fitting model to feature number 962, Tryptamine
2024-10-18 12:22:46.347453 INFO::Fitting model to feature number 963, Tryptoline
2024-10-18 12:22:46.427127 INFO::Fitting model to feature number 964, Tryptophan
2024-10-18 12:22:46.488517 INFO::Fitting model to feature number 965, Tyr.Ala
2024-10-18 12:22:46.536496 INFO::Fitting model to feature number 966, tyr.arg
2024-10-18 12:22:46.590001 INFO::Fitting model to feature number 967, Tyr.Asn
2024-10-18 12:22:46.668469 INFO::Fitting model to feature number 968, Tyr.Lys
2024-10-18 12:22:46.785813 INFO::Fitting model to feature number 969, tyrosine.1
2024-10-18 12:22:46.871547 INFO::Fitting model to feature number 970, Tyr.Thr
2024-10-18 12:22:46.935894 INFO::Fitting model to feature number 971, Tyr.Tyr.Tyr
2024-10-18 12:22:46.991173 INFO::Fitting model to feature number 972, Tyr.Val
2024-10-18 12:22:47.046475 INFO::Fitting model to feature number 973, Uracil
2024-10-18 12:22:47.106086 INFO::Fitting model to feature number 974, urea.1
2024-10-18 12:22:47.159769 INFO::Fitting model to feature number 975, uric.acid.1
2024-10-18 12:22:47.217849 INFO::Fitting model to feature number 976, Uridine
2024-10-18 12:22:47.271292 INFO::Fitting model to feature number 977, uridine.5.monophosphate
2024-10-18 12:22:47.326463 INFO::Fitting model to feature number 978, urobilin
2024-10-18 12:22:47.393661 INFO::Fitting model to feature number 979, Urocanic.acid
2024-10-18 12:22:47.460806 INFO::Fitting model to feature number 980, Ursocholic.acid
2024-10-18 12:22:47.540735 INFO::Fitting model to feature number 981, Val.Arg
2024-10-18 12:22:47.590585 INFO::Fitting model to feature number 982, Val.Asp
2024-10-18 12:22:47.653781 INFO::Fitting model to feature number 983, valeryl.carnitine
2024-10-18 12:22:47.716422 INFO::Fitting model to feature number 984, Val.Gly
2024-10-18 12:22:47.766635 INFO::Fitting model to feature number 985, Val.His
2024-10-18 12:22:47.813942 INFO::Fitting model to feature number 986, Valine
2024-10-18 12:22:47.866001 INFO::Fitting model to feature number 987, Val.Met
2024-10-18 12:22:47.916031 INFO::Fitting model to feature number 988, Val.Phe.Lys
2024-10-18 12:22:47.966573 INFO::Fitting model to feature number 989, Val.Pro
2024-10-18 12:22:48.019417 INFO::Fitting model to feature number 990, Val.Ser
2024-10-18 12:22:48.08401 INFO::Fitting model to feature number 991, Val.Thr
2024-10-18 12:22:48.134881 INFO::Fitting model to feature number 992, Val.Tyr
2024-10-18 12:22:48.189614 INFO::Fitting model to feature number 993, Val.Val
2024-10-18 12:22:48.240957 INFO::Fitting model to feature number 994, Val.Val.Lys
2024-10-18 12:22:48.290735 INFO::Fitting model to feature number 995, xanthine
2024-10-18 12:22:48.352179 INFO::Fitting model to feature number 996, Xanthosine
2024-10-18 12:22:48.466711 INFO::Fitting model to feature number 997, Xanthurenic.acid
2024-10-18 12:22:48.713049 INFO::Counting total values for each feature
2024-10-18 12:22:48.855852 INFO::Writing filtered data to file /home/julianne/Documents/biogeography/Humanized-Biogeography-Analysis/melonnpan/HUM_SD_Gavage/Mets-SeqRunSexSite_General-1-MsID//features/filtered_data.tsv
2024-10-18 12:22:48.919793 INFO::Writing filtered, normalized data to file /home/julianne/Documents/biogeography/Humanized-Biogeography-Analysis/melonnpan/HUM_SD_Gavage/Mets-SeqRunSexSite_General-1-MsID//features/filtered_data_norm.tsv
2024-10-18 12:22:48.99692 INFO::Writing filtered, normalized, transformed data to file /home/julianne/Documents/biogeography/Humanized-Biogeography-Analysis/melonnpan/HUM_SD_Gavage/Mets-SeqRunSexSite_General-1-MsID//features/filtered_data_norm_transformed.tsv
2024-10-18 12:22:49.067399 WARNING::Deleting existing residuals file: /home/julianne/Documents/biogeography/Humanized-Biogeography-Analysis/melonnpan/HUM_SD_Gavage/Mets-SeqRunSexSite_General-1-MsID//fits/residuals.rds
2024-10-18 12:22:49.069461 INFO::Writing residuals to file /home/julianne/Documents/biogeography/Humanized-Biogeography-Analysis/melonnpan/HUM_SD_Gavage/Mets-SeqRunSexSite_General-1-MsID//fits/residuals.rds
2024-10-18 12:22:49.118596 WARNING::Deleting existing fitted file: /home/julianne/Documents/biogeography/Humanized-Biogeography-Analysis/melonnpan/HUM_SD_Gavage/Mets-SeqRunSexSite_General-1-MsID//fits/fitted.rds
2024-10-18 12:22:49.120202 INFO::Writing fitted values to file /home/julianne/Documents/biogeography/Humanized-Biogeography-Analysis/melonnpan/HUM_SD_Gavage/Mets-SeqRunSexSite_General-1-MsID//fits/fitted.rds
2024-10-18 12:22:49.141667 WARNING::Deleting existing ranef file: /home/julianne/Documents/biogeography/Humanized-Biogeography-Analysis/melonnpan/HUM_SD_Gavage/Mets-SeqRunSexSite_General-1-MsID//fits/ranef.rds
2024-10-18 12:22:49.143537 INFO::Writing extracted random effects to file /home/julianne/Documents/biogeography/Humanized-Biogeography-Analysis/melonnpan/HUM_SD_Gavage/Mets-SeqRunSexSite_General-1-MsID//fits/ranef.rds
2024-10-18 12:22:49.148711 INFO::Writing all results to file (ordered by increasing q-values): /home/julianne/Documents/biogeography/Humanized-Biogeography-Analysis/melonnpan/HUM_SD_Gavage/Mets-SeqRunSexSite_General-1-MsID//all_results.tsv
2024-10-18 12:22:49.178075 INFO::Writing the significant results (those which are less than or equal to the threshold of 0.250000 ) to file (ordered by increasing q-values): /home/julianne/Documents/biogeography/Humanized-Biogeography-Analysis/melonnpan/HUM_SD_Gavage/Mets-SeqRunSexSite_General-1-MsID//significant_results.tsv
