2024-07-10 19:45:17.687853 INFO::Writing function arguments to log file
2024-07-10 19:45:17.688935 DEBUG::Function arguments
2024-07-10 19:45:17.689281 DEBUG::Output folder: CS_SPF/differential_genera_type/L6-LumRef-CLR-SI-ComBat-SeqRunSexSiteType-1-MsID
2024-07-10 19:45:17.689615 DEBUG::Min Abundance: 0.000000
2024-07-10 19:45:17.689869 DEBUG::Min Prevalence: 0.000000
2024-07-10 19:45:17.690098 DEBUG::Normalization: CLR
2024-07-10 19:45:17.69032 DEBUG::Transform: NONE
2024-07-10 19:45:17.690551 DEBUG::Analysis method: LM
2024-07-10 19:45:17.690854 DEBUG::Max significance: 0.250000
2024-07-10 19:45:17.6911 DEBUG::Random effects: MouseID
2024-07-10 19:45:17.692302 DEBUG::Fixed effects: Sequencing_Run,Sex,Site,Type
2024-07-10 19:45:17.693058 DEBUG::Correction method: BH
2024-07-10 19:45:17.693734 DEBUG::Standardize: TRUE
2024-07-10 19:45:17.694435 DEBUG::Cores: 1
2024-07-10 19:45:17.695078 INFO::Verifying options selected are valid
2024-07-10 19:45:17.696747 INFO::Determining format of input files
2024-07-10 19:45:17.698163 INFO::Input format is data samples as columns and metadata samples as rows
2024-07-10 19:45:17.69989 DEBUG::Transformed data so samples are rows
2024-07-10 19:45:17.701059 DEBUG::A total of 54 samples were found in both the data and metadata
2024-07-10 19:45:17.701704 DEBUG::Reordering data/metadata to use same sample ordering
2024-07-10 19:45:17.70323 INFO::Formula for random effects: expr ~ (1 | MouseID)
2024-07-10 19:45:17.704318 INFO::Formula for fixed effects: expr ~  Sequencing_Run + Sex + Site + Type
