2022-09-19 11:33:21 INFO::Writing function arguments to log file
2022-09-19 11:33:21 DEBUG::Function arguments
2022-09-19 11:33:21 DEBUG::Output folder: Humanized-Biogeography-Analysis/Source RPCA/SPF/OMIXER-RPM/GMM-LumRef-CLR-Duodenum-ComBat-SeqRunSexType-1-MsID
2022-09-19 11:33:21 DEBUG::Min Abundance: 0.000000
2022-09-19 11:33:21 DEBUG::Min Prevalence: 0.100000
2022-09-19 11:33:21 DEBUG::Normalization: CLR
2022-09-19 11:33:21 DEBUG::Transform: NONE
2022-09-19 11:33:21 DEBUG::Analysis method: LM
2022-09-19 11:33:21 DEBUG::Max significance: 0.250000
2022-09-19 11:33:21 DEBUG::Random effects: MouseID
2022-09-19 11:33:21 DEBUG::Fixed effects: Sequencing_Run,Sex,Type
2022-09-19 11:33:21 DEBUG::Correction method: BH
2022-09-19 11:33:21 DEBUG::Standardize: TRUE
2022-09-19 11:33:21 DEBUG::Cores: 1
2022-09-19 11:33:21 INFO::Verifying options selected are valid
2022-09-19 11:33:21 INFO::Determining format of input files
2022-09-19 11:33:21 INFO::Input format is data samples as columns and metadata samples as rows
2022-09-19 11:33:21 DEBUG::Transformed data so samples are rows
2022-09-19 11:33:21 DEBUG::The following samples were found to have features but no metadata. They will be removed. TL1a_DTT_266,TL1a_DTT_267,TL1a_FP_131,TL1a_FP_130,TL1A_DTT_626,TL1A_DTT_627,TL1A_DTT_628,TL1A_DTT_629,TL1a_FP_128,TL1a_FP_127,TL1a_FP_129,TL1a_DTT_158,TL1a_DTT_159,TL1a_DTT_89_Re_extracted,TL1a_DTT_85,TL1a_DTT_86,TL1a_DTT_87,TL1a_DTT_286,TL1a_DTT_287,TL1a_DTT_284,TL1a_DTT_285,TL1a_DTT_283,TL1a_DTT_268_Repeat,TL1a_DTT_160,TL1a_FP_157,TL1a_FP_159,TL1a_FP_158,TL1a_FP_265,TL1a_FP_267,TL1a_FP_266,TL1a_FP_269,TL1a_FP_268,TL1A_DTT_673,TL1A_DTT_674,TL1A_DTT_675,TL1a_FP_86,TL1A_FP_673,TL1A_FP_674,TL1a_DTT_229,TL1a_FP_87,TL1a_FP_88,TL1A_FP_675,TL1a_FP_89,TL1a_FP_85,TL1A_FP_677,TL1a_DTT_88_Repeat,TL1a_DTT_231,TL1a_DTT_232,TL1a_DTT_230,TL1a_DTT_194,TL1a_DTT_195,TL1a_DTT_193,TL1a_DTT_233,TL1a_FP_285,TL1a_FP_284,TL1a_FP_287,TL1a_FP_286,TL1a_DTT_157_Repeat,TL1a_FP_160,TL1a_FP_283,TL1a_FP_161,TL1a_DTT_129,TL1a_DTT_128,TL1a_FP_230,TL1a_FP_197,TL1a_FP_196,TL1a_FP_232,TL1a_FP_231,TL1a_FP_233,TL1a_DTT_197_Repeat,TL1a_FP_193,TL1a_DTT_196_Repeat,TL1a_FP_195,TL1a_FP_194,TL1a_FP_229,TL1A_FP_626,TL1A_FP_627,TL1A_FP_625,TL1a_DTT_130_Repeat,TL1a_DTT_265,TL1a_DTT_127_Repeat,TL1a_DTT_269_Repeat
2022-09-19 11:33:21 DEBUG::A total of 14 samples were found in both the data and metadata
2022-09-19 11:33:21 DEBUG::Reordering data/metadata to use same sample ordering
2022-09-19 11:33:21 INFO::Formula for random effects: expr ~ (1 | MouseID)
2022-09-19 11:33:21 INFO::Formula for fixed effects: expr ~  Sequencing_Run + Sex + Type
2022-09-19 11:33:21 INFO::Running selected normalization method: CLR
2022-09-19 11:33:21 INFO::Filter data based on min abundance and min prevalence
2022-09-19 11:33:21 INFO::Total samples in data: 14
2022-09-19 11:33:21 INFO::Min samples required with min abundance for a feature not to be filtered: 1.400000
2022-09-19 11:33:21 INFO::Total filtered features: 20
2022-09-19 11:33:21 INFO::Filtered feature names: MF0027, MF0069, MF0030, MF0039, MF0032, MF0085, MF0042, MF0083, MF0084, MF0081, MF0082, MF0080, MF0089, MF0043, MF0052, MF0094, MF0058, MF0059, MF0057, MF0098
2022-09-19 11:33:21 INFO::Applying z-score to standardize continuous metadata
2022-09-19 11:33:21 INFO::Running selected transform method: NONE
2022-09-19 11:33:21 INFO::Running selected analysis method: LM
2022-09-19 11:33:21 INFO::Fitting model to feature number 1, MF0063
2022-09-19 11:33:21 INFO::Fitting model to feature number 2, MF0020
2022-09-19 11:33:21 INFO::Fitting model to feature number 3, MF0061
2022-09-19 11:33:21 INFO::Fitting model to feature number 4, MF0060
2022-09-19 11:33:21 INFO::Fitting model to feature number 5, MF0028
2022-09-19 11:33:22 INFO::Fitting model to feature number 6, MF0025
2022-09-19 11:33:22 INFO::Fitting model to feature number 7, MF0102
2022-09-19 11:33:22 INFO::Fitting model to feature number 8, MF0026
2022-09-19 11:33:22 INFO::Fitting model to feature number 9, MF0103
2022-09-19 11:33:22 INFO::Fitting model to feature number 10, MF0067
2022-09-19 11:33:22 INFO::Fitting model to feature number 11, MF0068
2022-09-19 11:33:22 INFO::Fitting model to feature number 12, MF0101
2022-09-19 11:33:22 INFO::Fitting model to feature number 13, MF0024
2022-09-19 11:33:22 INFO::Fitting model to feature number 14, MF0021
2022-09-19 11:33:22 INFO::Fitting model to feature number 15, MF0065
2022-09-19 11:33:22 INFO::Fitting model to feature number 16, MF0022
2022-09-19 11:33:22 INFO::Fitting model to feature number 17, MF0066
2022-09-19 11:33:22 INFO::Fitting model to feature number 18, MF0018
2022-09-19 11:33:22 INFO::Fitting model to feature number 19, MF0019
2022-09-19 11:33:22 INFO::Fitting model to feature number 20, MF0074
2022-09-19 11:33:22 INFO::Fitting model to feature number 21, MF0031
2022-09-19 11:33:22 INFO::Fitting model to feature number 22, MF0075
2022-09-19 11:33:22 INFO::Fitting model to feature number 23, MF0072
2022-09-19 11:33:22 INFO::Fitting model to feature number 24, MF0073
2022-09-19 11:33:22 INFO::Fitting model to feature number 25, MF0070
2022-09-19 11:33:22 INFO::Fitting model to feature number 26, MF0071
2022-09-19 11:33:22 INFO::Fitting model to feature number 27, MF0038
2022-09-19 11:33:23 INFO::Fitting model to feature number 28, MF0036
2022-09-19 11:33:23 INFO::Fitting model to feature number 29, MF0037
2022-09-19 11:33:23 INFO::Fitting model to feature number 30, MF0034
2022-09-19 11:33:23 INFO::Fitting model to feature number 31, MF0078
2022-09-19 11:33:23 INFO::Fitting model to feature number 32, MF0035
2022-09-19 11:33:23 INFO::Fitting model to feature number 33, MF0079
2022-09-19 11:33:23 INFO::Fitting model to feature number 34, MF0076
2022-09-19 11:33:23 INFO::Fitting model to feature number 35, MF0077
2022-09-19 11:33:23 INFO::Fitting model to feature number 36, MF0033
2022-09-19 11:33:23 INFO::Fitting model to feature number 37, MF0029
2022-09-19 11:33:23 INFO::Fitting model to feature number 38, MF0041
2022-09-19 11:33:23 INFO::Fitting model to feature number 39, MF0086
2022-09-19 11:33:23 INFO::Fitting model to feature number 40, MF0040
2022-09-19 11:33:23 INFO::Fitting model to feature number 41, MF0005
2022-09-19 11:33:23 INFO::Fitting model to feature number 42, MF0049
2022-09-19 11:33:23 INFO::Fitting model to feature number 43, MF0006
2022-09-19 11:33:23 INFO::Fitting model to feature number 44, MF0003
2022-09-19 11:33:23 INFO::Fitting model to feature number 45, MF0047
2022-09-19 11:33:23 INFO::Fitting model to feature number 46, MF0004
2022-09-19 11:33:23 INFO::Fitting model to feature number 47, MF0048
2022-09-19 11:33:23 INFO::Fitting model to feature number 48, MF0001
2022-09-19 11:33:23 INFO::Fitting model to feature number 49, MF0045
2022-09-19 11:33:23 INFO::Fitting model to feature number 50, MF0002
2022-09-19 11:33:24 INFO::Fitting model to feature number 51, MF0046
2022-09-19 11:33:24 INFO::Fitting model to feature number 52, MF0087
2022-09-19 11:33:24 INFO::Fitting model to feature number 53, MF0044
2022-09-19 11:33:24 INFO::Fitting model to feature number 54, MF0088
2022-09-19 11:33:25 INFO::Fitting model to feature number 55, MF0096
2022-09-19 11:33:25 INFO::Fitting model to feature number 56, MF0097
2022-09-19 11:33:25 INFO::Fitting model to feature number 57, MF0050
2022-09-19 11:33:25 INFO::Fitting model to feature number 58, MF0051
2022-09-19 11:33:25 INFO::Fitting model to feature number 59, MF0095
2022-09-19 11:33:25 INFO::Fitting model to feature number 60, MF0092
2022-09-19 11:33:25 INFO::Fitting model to feature number 61, MF0090
2022-09-19 11:33:25 INFO::Fitting model to feature number 62, MF0016
2022-09-19 11:33:25 INFO::Fitting model to feature number 63, MF0017
2022-09-19 11:33:25 INFO::Fitting model to feature number 64, MF0014
2022-09-19 11:33:25 INFO::Fitting model to feature number 65, MF0015
2022-09-19 11:33:25 INFO::Fitting model to feature number 66, MF0012
2022-09-19 11:33:25 INFO::Fitting model to feature number 67, MF0056
2022-09-19 11:33:25 INFO::Fitting model to feature number 68, MF0013
2022-09-19 11:33:25 INFO::Fitting model to feature number 69, MF0010
2022-09-19 11:33:25 INFO::Fitting model to feature number 70, MF0054
2022-09-19 11:33:25 INFO::Fitting model to feature number 71, MF0011
2022-09-19 11:33:25 INFO::Fitting model to feature number 72, MF0055
2022-09-19 11:33:25 INFO::Fitting model to feature number 73, MF0009
2022-09-19 11:33:25 INFO::Fitting model to feature number 74, MF0007
2022-09-19 11:33:25 INFO::Fitting model to feature number 75, MF0008
2022-09-19 11:33:25 INFO::Counting total values for each feature
2022-09-19 11:33:25 INFO::Writing residuals to file Humanized-Biogeography-Analysis/Source RPCA/SPF/OMIXER-RPM/GMM-LumRef-CLR-Duodenum-ComBat-SeqRunSexType-1-MsID/residuals.rds
2022-09-19 11:33:25 INFO::Writing all results to file (ordered by increasing q-values): Humanized-Biogeography-Analysis/Source RPCA/SPF/OMIXER-RPM/GMM-LumRef-CLR-Duodenum-ComBat-SeqRunSexType-1-MsID/all_results.tsv
2022-09-19 11:33:25 INFO::Writing the significant results (those which are less than or equal to the threshold of 0.250000 ) to file (ordered by increasing q-values): Humanized-Biogeography-Analysis/Source RPCA/SPF/OMIXER-RPM/GMM-LumRef-CLR-Duodenum-ComBat-SeqRunSexType-1-MsID/significant_results.tsv
