2024-06-09 16:30:18.14648 INFO::Writing function arguments to log file
2024-06-09 16:30:18.148919 DEBUG::Function arguments
2024-06-09 16:30:18.149966 DEBUG::Output folder: Maaslin2_L2/SPF_Gavage/L2-DCvsAll-CLR-Muc-ComBat-SeqRunSexSite-1-MsID
2024-06-09 16:30:18.150828 DEBUG::Min Abundance: 0.000000
2024-06-09 16:30:18.151647 DEBUG::Min Prevalence: 0.150000
2024-06-09 16:30:18.152163 DEBUG::Normalization: CLR
2024-06-09 16:30:18.152571 DEBUG::Transform: NONE
2024-06-09 16:30:18.152982 DEBUG::Analysis method: LM
2024-06-09 16:30:18.153317 DEBUG::Max significance: 0.250000
2024-06-09 16:30:18.153616 DEBUG::Random effects: MouseID
2024-06-09 16:30:18.153993 DEBUG::Fixed effects: Sequencing_Run,Sex,Site
2024-06-09 16:30:18.154414 DEBUG::Correction method: BH
2024-06-09 16:30:18.154763 DEBUG::Standardize: TRUE
2024-06-09 16:30:18.155063 DEBUG::Cores: 1
2024-06-09 16:30:18.155346 INFO::Verifying options selected are valid
2024-06-09 16:30:18.156541 INFO::Determining format of input files
2024-06-09 16:30:18.159197 INFO::Input format is data samples as columns and metadata samples as rows
2024-06-09 16:30:18.162009 DEBUG::Transformed data so samples are rows
2024-06-09 16:30:18.163414 DEBUG::A total of 45 samples were found in both the data and metadata
2024-06-09 16:30:18.165101 DEBUG::Reordering data/metadata to use same sample ordering
2024-06-09 16:30:18.167373 INFO::Formula for random effects: expr ~ (1 | MouseID)
2024-06-09 16:30:18.168676 INFO::Formula for fixed effects: expr ~  Sequencing_Run + Sex + Site
2024-06-09 16:30:18.170017 INFO::Factor detected for categorial metadata 'Sequencing_Run'. Provide a reference argument or manually set factor ordering to change reference level.
2024-06-09 16:30:18.171933 INFO::Factor detected for categorial metadata 'Sex'. Provide a reference argument or manually set factor ordering to change reference level.
2024-06-09 16:30:18.173985 INFO::Factor detected for categorial metadata 'Site'. Provide a reference argument or manually set factor ordering to change reference level.
2024-06-09 16:30:18.175353 INFO::Filter data based on min abundance and min prevalence
2024-06-09 16:30:18.177306 INFO::Total samples in data: 45
2024-06-09 16:30:18.178193 INFO::Min samples required with min abundance for a feature not to be filtered: 6.750000
2024-06-09 16:30:18.179635 INFO::Total filtered features: 0
2024-06-09 16:30:18.181141 INFO::Filtered feature names from abundance and prevalence filtering:
2024-06-09 16:30:18.182959 INFO::Total filtered features with variance filtering: 0
2024-06-09 16:30:18.184417 INFO::Filtered feature names from variance filtering:
2024-06-09 16:30:18.185727 INFO::Running selected normalization method: CLR
2024-06-09 16:30:18.187091 INFO::Applying z-score to standardize continuous metadata
2024-06-09 16:30:18.191078 INFO::Running selected transform method: NONE
2024-06-09 16:30:18.192528 INFO::Running selected analysis method: LM
2024-06-09 16:30:18.194448 INFO::Fitting model to feature number 1, k__Bacteria.p__Bacteroidota
2024-06-09 16:30:18.259344 INFO::Fitting model to feature number 2, k__Bacteria.p__Firmicutes
2024-06-09 16:30:18.327881 INFO::Fitting model to feature number 3, k__Bacteria.p__Proteobacteria
2024-06-09 16:30:18.387891 INFO::Fitting model to feature number 4, k__Bacteria.p__Verrucomicrobiota
2024-06-09 16:30:18.454381 INFO::Fitting model to feature number 5, k__Bacteria.p__Actinobacteriota
2024-06-09 16:30:18.509196 INFO::Fitting model to feature number 6, k__Bacteria.p__Desulfobacterota
2024-06-09 16:30:18.567163 INFO::Counting total values for each feature
2024-06-09 16:30:18.571197 INFO::Writing filtered data to file Maaslin2_L2/SPF_Gavage/L2-DCvsAll-CLR-Muc-ComBat-SeqRunSexSite-1-MsID/features/filtered_data.tsv
2024-06-09 16:30:18.573236 INFO::Writing filtered, normalized data to file Maaslin2_L2/SPF_Gavage/L2-DCvsAll-CLR-Muc-ComBat-SeqRunSexSite-1-MsID/features/filtered_data_norm.tsv
2024-06-09 16:30:18.57614 INFO::Writing filtered, normalized, transformed data to file Maaslin2_L2/SPF_Gavage/L2-DCvsAll-CLR-Muc-ComBat-SeqRunSexSite-1-MsID/features/filtered_data_norm_transformed.tsv
2024-06-09 16:30:18.578581 INFO::Writing residuals to file Maaslin2_L2/SPF_Gavage/L2-DCvsAll-CLR-Muc-ComBat-SeqRunSexSite-1-MsID/fits/residuals.rds
2024-06-09 16:30:18.579978 INFO::Writing fitted values to file Maaslin2_L2/SPF_Gavage/L2-DCvsAll-CLR-Muc-ComBat-SeqRunSexSite-1-MsID/fits/fitted.rds
2024-06-09 16:30:18.581201 INFO::Writing extracted random effects to file Maaslin2_L2/SPF_Gavage/L2-DCvsAll-CLR-Muc-ComBat-SeqRunSexSite-1-MsID/fits/ranef.rds
2024-06-09 16:30:18.582144 INFO::Writing all results to file (ordered by increasing q-values): Maaslin2_L2/SPF_Gavage/L2-DCvsAll-CLR-Muc-ComBat-SeqRunSexSite-1-MsID/all_results.tsv
2024-06-09 16:30:18.583948 INFO::Writing the significant results (those which are less than or equal to the threshold of 0.250000 ) to file (ordered by increasing q-values): Maaslin2_L2/SPF_Gavage/L2-DCvsAll-CLR-Muc-ComBat-SeqRunSexSite-1-MsID/significant_results.tsv
