2024-06-16 17:43:01.232243 INFO::Writing function arguments to log file
2024-06-16 17:43:01.236646 DEBUG::Function arguments
2024-06-16 17:43:01.238564 DEBUG::Output folder: Humanized-Biogeography-Analysis/differential_genera_type/HUM_L6-LumRef-CLR-Duodenum-ComBat-SeqRunSexType-1-MsID
2024-06-16 17:43:01.23922 DEBUG::Min Abundance: 0.000000
2024-06-16 17:43:01.239778 DEBUG::Min Prevalence: 0.000000
2024-06-16 17:43:01.240355 DEBUG::Normalization: CLR
2024-06-16 17:43:01.241072 DEBUG::Transform: NONE
2024-06-16 17:43:01.241713 DEBUG::Analysis method: LM
2024-06-16 17:43:01.242211 DEBUG::Max significance: 0.250000
2024-06-16 17:43:01.242819 DEBUG::Random effects: MouseID
2024-06-16 17:43:01.243393 DEBUG::Fixed effects: Sex,Type
2024-06-16 17:43:01.244456 DEBUG::Correction method: BH
2024-06-16 17:43:01.244883 DEBUG::Standardize: TRUE
2024-06-16 17:43:01.245181 DEBUG::Cores: 1
2024-06-16 17:43:01.245433 INFO::Verifying options selected are valid
2024-06-16 17:43:01.24729 INFO::Determining format of input files
2024-06-16 17:43:01.24863 INFO::Input format is data samples as columns and metadata samples as rows
2024-06-16 17:43:01.251644 DEBUG::Transformed data so samples are rows
2024-06-16 17:43:01.252821 DEBUG::A total of 12 samples were found in both the data and metadata
2024-06-16 17:43:01.25341 DEBUG::Reordering data/metadata to use same sample ordering
2024-06-16 17:43:01.254911 INFO::Formula for random effects: expr ~ (1 | MouseID)
2024-06-16 17:43:01.256413 INFO::Formula for fixed effects: expr ~  Sex + Type
2024-06-16 17:43:01.257691 INFO::Filter data based on min abundance and min prevalence
2024-06-16 17:43:01.258536 INFO::Total samples in data: 12
2024-06-16 17:43:01.259185 INFO::Min samples required with min abundance for a feature not to be filtered: 0.000000
2024-06-16 17:43:01.260657 INFO::Total filtered features: 0
2024-06-16 17:43:01.261434 INFO::Filtered feature names from abundance and prevalence filtering:
2024-06-16 17:43:01.265891 INFO::Total filtered features with variance filtering: 0
2024-06-16 17:43:01.267506 INFO::Filtered feature names from variance filtering:
2024-06-16 17:43:01.269027 INFO::Running selected normalization method: CLR
2024-06-16 17:43:01.27236 INFO::Applying z-score to standardize continuous metadata
2024-06-16 17:43:01.283284 INFO::Running selected transform method: NONE
2024-06-16 17:43:01.284977 INFO::Running selected analysis method: LM
2024-06-16 17:43:01.287546 INFO::Fitting model to feature number 1, k__Bacteria.p__Bacteroidota.c__Bacteroidia.o__Bacteroidales.f__Muribaculaceae.g__
2024-06-16 17:43:01.409915 INFO::Fitting model to feature number 2, k__Bacteria.p__Bacteroidota.c__Bacteroidia.o__Bacteroidales.f__Rikenellaceae.g__Rikenellaceae.RC9.gut.group
2024-06-16 17:43:01.475352 INFO::Fitting model to feature number 3, k__Bacteria.p__Firmicutes.c__Clostridia.o__Lachnospirales.f__Lachnospiraceae.g__
2024-06-16 17:43:01.548854 INFO::Fitting model to feature number 4, k__Bacteria.p__Firmicutes.c__Clostridia.o__Clostridia.vadinBB60.group.f__.g__
2024-06-16 17:43:01.609923 INFO::Fitting model to feature number 5, k__Bacteria.p__Firmicutes.c__Clostridia.o__Lachnospirales.f__Lachnospiraceae.g__Lachnospiraceae.NK4A136.group
2024-06-16 17:43:01.667898 INFO::Fitting model to feature number 6, k__Bacteria.p__Bacteroidota.c__Bacteroidia.o__Bacteroidales.f__Bacteroidaceae.g__Bacteroides
2024-06-16 17:43:01.728844 INFO::Fitting model to feature number 7, k__Bacteria.p__Firmicutes.c__Clostridia.o__Oscillospirales.f__Oscillospiraceae.g__
2024-06-16 17:43:01.77837 INFO::Fitting model to feature number 8, k__Bacteria.p__Firmicutes.c__Clostridia.o__Lachnospirales.f__Lachnospiraceae.g__.Eubacterium..fissicatena.group
2024-06-16 17:43:01.827113 INFO::Fitting model to feature number 9, k__Bacteria.p__Firmicutes.c__Bacilli.o__Erysipelotrichales.f__Erysipelotrichaceae.g__Turicibacter
2024-06-16 17:43:01.881853 INFO::Fitting model to feature number 10, k__Bacteria.p__Firmicutes.c__Bacilli.o__Erysipelotrichales.f__Erysipelotrichaceae.g__Dubosiella
2024-06-16 17:43:01.947808 INFO::Fitting model to feature number 11, k__Bacteria.p__Proteobacteria.c__Gammaproteobacteria.o__Pseudomonadales.f__Moraxellaceae.g__Acinetobacter
2024-06-16 17:43:02.008518 INFO::Fitting model to feature number 12, k__Bacteria.p__Firmicutes.c__Clostridia.o__Oscillospirales.f__Oscillospiraceae.g__Colidextribacter
2024-06-16 17:43:02.101557 INFO::Fitting model to feature number 13, k__Bacteria.p__Firmicutes.c__Bacilli.o__Erysipelotrichales.f__Erysipelotrichaceae.g__Dielma
2024-06-16 17:43:02.150239 INFO::Fitting model to feature number 14, k__Bacteria.p__Firmicutes.c__Clostridia.o__Lachnospirales.f__Lachnospiraceae.g__GCA.900066575
2024-06-16 17:43:02.198095 INFO::Fitting model to feature number 15, k__Bacteria.p__Firmicutes.c__Bacilli.o__Erysipelotrichales.f__Erysipelotrichaceae.g__.Clostridium..innocuum.group
2024-06-16 17:43:02.243603 INFO::Fitting model to feature number 16, k__Bacteria.p__Firmicutes.c__Clostridia.o__Lachnospirales.f__Lachnospiraceae.g__Marvinbryantia
2024-06-16 17:43:02.292838 INFO::Fitting model to feature number 17, k__Bacteria.p__Firmicutes.c__Clostridia.o__Lachnospirales.f__Lachnospiraceae.g__Lachnospiraceae.UCG.001
2024-06-16 17:43:02.351069 INFO::Fitting model to feature number 18, k__Bacteria.p__Firmicutes.c__Clostridia.o__Christensenellales.f__Christensenellaceae.g__
2024-06-16 17:43:02.409259 INFO::Fitting model to feature number 19, k__Bacteria.p__Proteobacteria.c__Gammaproteobacteria.o__Enterobacterales.f__Enterobacteriaceae.g__Escherichia.Shigella
2024-06-16 17:43:02.468384 INFO::Fitting model to feature number 20, k__Bacteria.p__Firmicutes.c__Clostridia.o__Eubacteriales.f__Eubacteriaceae.g__Eubacterium
2024-06-16 17:43:02.528744 INFO::Fitting model to feature number 21, k__Bacteria.p__Firmicutes.c__Bacilli.o__Erysipelotrichales.f__Erysipelatoclostridiaceae.g__Candidatus.Stoquefichus
2024-06-16 17:43:02.590029 INFO::Fitting model to feature number 22, k__Bacteria.p__Firmicutes.c__Bacilli.o__Erysipelotrichales.f__Erysipelatoclostridiaceae.g__Erysipelatoclostridium
2024-06-16 17:43:02.649056 INFO::Fitting model to feature number 23, k__Bacteria.p__Firmicutes.c__Clostridia.o__Oscillospirales.f__Ruminococcaceae.g__Paludicola
2024-06-16 17:43:02.707359 INFO::Fitting model to feature number 24, k__Bacteria.p__Firmicutes.c__Clostridia.o__Oscillospirales.f__Oscillospiraceae.g__Oscillibacter
2024-06-16 17:43:02.756969 INFO::Fitting model to feature number 25, k__Bacteria.p__Firmicutes.c__Clostridia.o__Oscillospirales.f__Ruminococcaceae.g__Faecalibacterium
2024-06-16 17:43:02.802186 INFO::Fitting model to feature number 26, k__Bacteria.p__Firmicutes.c__Clostridia.o__Oscillospirales.f__Ruminococcaceae.g__Anaerotruncus
2024-06-16 17:43:02.867008 INFO::Fitting model to feature number 27, k__Bacteria.p__Bacteroidota.c__Bacteroidia.o__Bacteroidales.f__Tannerellaceae.g__Parabacteroides
2024-06-16 17:43:02.948807 INFO::Fitting model to feature number 28, k__Bacteria.p__Firmicutes.c__Clostridia.o__Lachnospirales.f__Lachnospiraceae.g__Lachnoclostridium
2024-06-16 17:43:03.018777 INFO::Fitting model to feature number 29, k__Bacteria.p__Firmicutes.c__Clostridia.o__Lachnospirales.f__Lachnospiraceae.g__Lachnospiraceae.UCG.004
2024-06-16 17:43:03.070192 INFO::Fitting model to feature number 30, k__Bacteria.p__Firmicutes.c__Clostridia.o__Peptococcales.f__Peptococcaceae.g__
2024-06-16 17:43:03.125912 INFO::Fitting model to feature number 31, k__Bacteria.p__Firmicutes.c__Clostridia.o__Oscillospirales.f__Oscillospiraceae.g__Intestinimonas
2024-06-16 17:43:03.181467 INFO::Fitting model to feature number 32, k__Bacteria.p__Firmicutes.c__Clostridia.o__Oscillospirales.f__Ruminococcaceae.g__Incertae.Sedis
2024-06-16 17:43:03.248968 INFO::Fitting model to feature number 33, k__Bacteria.p__Firmicutes.c__Clostridia.o__Lachnospirales.f__Lachnospiraceae.g__Acetatifactor
2024-06-16 17:43:03.319096 INFO::Fitting model to feature number 34, k__Bacteria.p__Bacteroidota.c__Bacteroidia.o__Bacteroidales.f__Prevotellaceae.g__Paraprevotella
2024-06-16 17:43:03.378942 INFO::Fitting model to feature number 35, k__Bacteria.p__Firmicutes.c__Clostridia.o__Lachnospirales.f__Lachnospiraceae.g__Eisenbergiella
2024-06-16 17:43:03.434884 INFO::Fitting model to feature number 36, k__Bacteria.p__Bacteroidota.c__Bacteroidia.o__Bacteroidales.f__Muribaculaceae.g__Muribaculum
2024-06-16 17:43:03.477519 INFO::Fitting model to feature number 37, k__Bacteria.p__Bacteroidota.c__Bacteroidia.o__Bacteroidales.f__Marinifilaceae.g__Odoribacter
2024-06-16 17:43:03.533059 INFO::Fitting model to feature number 38, k__Bacteria.p__Firmicutes.c__Clostridia.o__Peptostreptococcales.Tissierellales.f__Peptostreptococcaceae.g__Romboutsia
2024-06-16 17:43:03.590831 INFO::Fitting model to feature number 39, k__Bacteria.p__Firmicutes.c__Clostridia.o__Peptostreptococcales.Tissierellales.f__Anaerovoracaceae.g__Family.XIII.UCG.001
2024-06-16 17:43:03.647368 INFO::Fitting model to feature number 40, k__Bacteria.p__Firmicutes.c__Clostridia.o__Clostridiales.f__Clostridiaceae.g__Candidatus.Arthromitus
2024-06-16 17:43:03.696505 INFO::Fitting model to feature number 41, k__Bacteria.p__Firmicutes.c__Clostridia.o__Lachnospirales.f__Lachnospiraceae.g__Anaerostipes
2024-06-16 17:43:03.781993 INFO::Fitting model to feature number 42, k__Bacteria.p__Firmicutes.c__Clostridia.o__Lachnospirales.f__Lachnospiraceae.g__Hungatella
2024-06-16 17:43:03.854135 INFO::Fitting model to feature number 43, k__Bacteria.p__Firmicutes.c__Clostridia.o__Lachnospirales.f__Lachnospiraceae.g__Lachnospiraceae.ND3007.group
2024-06-16 17:43:03.998367 INFO::Fitting model to feature number 44, k__Bacteria.p__Proteobacteria.c__Gammaproteobacteria.o__Burkholderiales.f__Sutterellaceae.g__Parasutterella
2024-06-16 17:43:04.107237 INFO::Fitting model to feature number 45, k__Bacteria.p__Firmicutes.c__Bacilli.o__Lactobacillales.f__Lactobacillaceae.g__Lactobacillus
2024-06-16 17:43:04.160971 INFO::Fitting model to feature number 46, k__Bacteria.p__Firmicutes.c__Bacilli.o__Erysipelotrichales.f__Erysipelotrichaceae.g__Faecalibaculum
2024-06-16 17:43:04.211752 INFO::Fitting model to feature number 47, k__Bacteria.p__Bacteroidota.c__Bacteroidia.o__Bacteroidales.f__Prevotellaceae.g__Prevotellaceae.UCG.001
2024-06-16 17:43:04.275045 INFO::Fitting model to feature number 48, k__Bacteria.p__Firmicutes.c__Clostridia.o__Oscillospirales.f__Ruminococcaceae.g__
2024-06-16 17:43:04.342453 INFO::Fitting model to feature number 49, k__Bacteria.p__Firmicutes.c__Clostridia.o__Lachnospirales.f__Lachnospiraceae.g__Lachnospiraceae.FCS020.group
2024-06-16 17:43:04.399457 INFO::Fitting model to feature number 50, k__Bacteria.p__Bacteroidota.c__Bacteroidia.o__Bacteroidales.f__Rikenellaceae.g__Alistipes
2024-06-16 17:43:04.455661 INFO::Fitting model to feature number 51, k__Bacteria.p__Firmicutes.c__Clostridia.o__Lachnospirales.f__Lachnospiraceae.g__Blautia
2024-06-16 17:43:04.524411 INFO::Fitting model to feature number 52, k__Bacteria.p__Firmicutes.c__Clostridia.o__Lachnospirales.f__Lachnospiraceae.g__Roseburia
2024-06-16 17:43:04.594584 INFO::Fitting model to feature number 53, k__Bacteria.p__Proteobacteria.c__Gammaproteobacteria.o__Enterobacterales.f__Enterobacteriaceae.g__
2024-06-16 17:43:04.643 INFO::Fitting model to feature number 54, k__Bacteria.p__Firmicutes.c__Clostridia.o__Peptostreptococcales.Tissierellales.f__Anaerovoracaceae.g__.Eubacterium..nodatum.group
2024-06-16 17:43:04.694706 INFO::Fitting model to feature number 55, k__Bacteria.p__Firmicutes.c__Clostridia.o__Oscillospirales.f__UCG.010.g__
2024-06-16 17:43:04.753797 INFO::Fitting model to feature number 56, k__Bacteria.p__Firmicutes.c__Clostridia.o__Oscillospirales.f__Ruminococcaceae.g__Harryflintia
2024-06-16 17:43:04.814048 INFO::Fitting model to feature number 57, k__Bacteria.p__Firmicutes.c__Clostridia.o__Oscillospirales.f__Butyricicoccaceae.g__Butyricicoccus
2024-06-16 17:43:04.873097 INFO::Fitting model to feature number 58, k__Bacteria.p__Firmicutes.c__Bacilli.o__Alicyclobacillales.f__Alicyclobacillaceae.g__Tumebacillus
2024-06-16 17:43:04.931561 INFO::Fitting model to feature number 59, k__Bacteria.p__Firmicutes.c__Clostridia.o__Peptostreptococcales.Tissierellales.f__Anaerovoracaceae.g__.Eubacterium..brachy.group
2024-06-16 17:43:04.991135 INFO::Fitting model to feature number 60, k__Bacteria.p__Verrucomicrobiota.c__Verrucomicrobiae.o__Verrucomicrobiales.f__Akkermansiaceae.g__Akkermansia
2024-06-16 17:43:05.051621 INFO::Fitting model to feature number 61, k__Bacteria.p__Bacteroidota.c__Bacteroidia.o__Bacteroidales.f__Prevotellaceae.g__Alloprevotella
2024-06-16 17:43:05.110402 INFO::Fitting model to feature number 62, k__Bacteria.p__Firmicutes.c__Clostridia.o__Lachnospirales.f__Lachnospiraceae.g__.Ruminococcus..torques.group
2024-06-16 17:43:05.165663 INFO::Fitting model to feature number 63, k__Bacteria.p__Actinobacteriota.c__Coriobacteriia.o__Coriobacteriales.f__Eggerthellaceae.g__Enterorhabdus
2024-06-16 17:43:05.222382 INFO::Fitting model to feature number 64, k__Bacteria.p__Actinobacteriota.c__Actinobacteria.o__Bifidobacteriales.f__Bifidobacteriaceae.g__Bifidobacterium
2024-06-16 17:43:05.279959 INFO::Fitting model to feature number 65, k__Bacteria.p__Firmicutes.c__Clostridia.o__Oscillospirales.f__Ruminococcaceae.g__UBA1819
2024-06-16 17:43:05.340722 INFO::Fitting model to feature number 66, k__Bacteria.p__Firmicutes.c__Clostridia.o__Oscillospirales.f__Oscillospiraceae.g__UCG.003
2024-06-16 17:43:05.401094 INFO::Fitting model to feature number 67, k__Bacteria.p__Firmicutes.c__Clostridia.o__Oscillospirales.f__Oscillospiraceae.g__UCG.005
2024-06-16 17:43:05.460005 INFO::Fitting model to feature number 68, k__Bacteria.p__Firmicutes.c__Clostridia.o__Lachnospirales.f__Lachnospiraceae.g__Tuzzerella
2024-06-16 17:43:05.511292 INFO::Fitting model to feature number 69, k__Bacteria.p__Firmicutes.c__Clostridia.o__Peptococcales.f__Peptococcaceae.g__Peptococcus
2024-06-16 17:43:05.579201 INFO::Fitting model to feature number 70, k__Bacteria.p__Firmicutes.c__Clostridia.o__Clostridiales.f__Clostridiaceae.g__Clostridium.sensu.stricto.1
2024-06-16 17:43:05.632356 INFO::Fitting model to feature number 71, k__Bacteria.p__Desulfobacterota.c__Desulfovibrionia.o__Desulfovibrionales.f__Desulfovibrionaceae.g__Desulfovibrio
2024-06-16 17:43:05.682263 INFO::Fitting model to feature number 72, k__Bacteria.p__Firmicutes.c__Clostridia.o__Lachnospirales.f__Lachnospiraceae.g__Lachnospiraceae.UCG.010
2024-06-16 17:43:05.739795 INFO::Fitting model to feature number 73, k__Bacteria.p__Firmicutes.c__Bacilli.o__Lactobacillales.f__Lactobacillaceae.g__Ligilactobacillus
2024-06-16 17:43:05.797314 INFO::Fitting model to feature number 74, k__Bacteria.p__Firmicutes.c__Clostridia.o__Lachnospirales.f__Lachnospiraceae.g__.Eubacterium..xylanophilum.group
2024-06-16 17:43:05.855827 INFO::Fitting model to feature number 75, k__Bacteria.p__Firmicutes.c__Bacilli.o__Erysipelotrichales.f__Erysipelotrichaceae.g__Holdemania
2024-06-16 17:43:05.914266 INFO::Fitting model to feature number 76, k__Bacteria.p__Firmicutes.c__Clostridia.o__Lachnospirales.f__Lachnospiraceae.g__Sellimonas
2024-06-16 17:43:05.966853 INFO::Fitting model to feature number 77, k__Bacteria.p__Firmicutes.c__Clostridia.o__Oscillospirales.f__Oscillospiraceae.g__Flavonifractor
2024-06-16 17:43:06.01088 INFO::Fitting model to feature number 78, k__Bacteria.p__Firmicutes.c__Clostridia.o__Lachnospirales.f__Lachnospiraceae.g__Lachnospiraceae.UCG.006
2024-06-16 17:43:06.056506 INFO::Fitting model to feature number 79, k__Bacteria.p__Bacteroidota.c__Bacteroidia.o__Bacteroidales.f__Rikenellaceae.g__Rikenella
2024-06-16 17:43:06.101439 INFO::Fitting model to feature number 80, k__Bacteria.p__Firmicutes.c__Clostridia.o__Oscillospirales.f__Ruminococcaceae.g__Negativibacillus
2024-06-16 17:43:06.144811 INFO::Fitting model to feature number 81, k__Bacteria.p__Firmicutes.c__Clostridia.o__Oscillospirales.f__Butyricicoccaceae.g__UCG.009
2024-06-16 17:43:06.187733 INFO::Fitting model to feature number 82, k__Bacteria.p__Firmicutes.c__Clostridia.o__Lachnospirales.f__Lachnospiraceae.g__Cuneatibacter
2024-06-16 17:43:06.231416 INFO::Fitting model to feature number 83, k__Bacteria.p__Firmicutes.c__Negativicutes.o__Acidaminococcales.f__Acidaminococcaceae.g__Phascolarctobacterium
2024-06-16 17:43:06.278759 INFO::Fitting model to feature number 84, k__Bacteria.p__Firmicutes.c__Clostridia.o__Lachnospirales.f__Lachnospiraceae.g__UC5.1.2E3
2024-06-16 17:43:06.323802 INFO::Fitting model to feature number 85, k__Bacteria.p__Firmicutes.c__Clostridia.o__Lachnospirales.f__Lachnospiraceae.g__Lactonifactor
2024-06-16 17:43:06.375141 INFO::Fitting model to feature number 86, k__Bacteria.p__Desulfobacterota.c__Desulfovibrionia.o__Desulfovibrionales.f__Desulfovibrionaceae.g__Bilophila
2024-06-16 17:43:06.422734 INFO::Fitting model to feature number 87, k__Bacteria.p__Firmicutes.c__Clostridia.o__Lachnospirales.f__Lachnospiraceae.g__Lachnospiraceae.UCG.009
2024-06-16 17:43:06.518181 INFO::Counting total values for each feature
2024-06-16 17:43:06.532702 INFO::Writing filtered data to file Humanized-Biogeography-Analysis/differential_genera_type/HUM_L6-LumRef-CLR-Duodenum-ComBat-SeqRunSexType-1-MsID/features/filtered_data.tsv
2024-06-16 17:43:06.540781 INFO::Writing filtered, normalized data to file Humanized-Biogeography-Analysis/differential_genera_type/HUM_L6-LumRef-CLR-Duodenum-ComBat-SeqRunSexType-1-MsID/features/filtered_data_norm.tsv
2024-06-16 17:43:06.546475 INFO::Writing filtered, normalized, transformed data to file Humanized-Biogeography-Analysis/differential_genera_type/HUM_L6-LumRef-CLR-Duodenum-ComBat-SeqRunSexType-1-MsID/features/filtered_data_norm_transformed.tsv
2024-06-16 17:43:06.551263 WARNING::Deleting existing residuals file: Humanized-Biogeography-Analysis/differential_genera_type/HUM_L6-LumRef-CLR-Duodenum-ComBat-SeqRunSexType-1-MsID/fits/residuals.rds
2024-06-16 17:43:06.553863 INFO::Writing residuals to file Humanized-Biogeography-Analysis/differential_genera_type/HUM_L6-LumRef-CLR-Duodenum-ComBat-SeqRunSexType-1-MsID/fits/residuals.rds
2024-06-16 17:43:06.556116 WARNING::Deleting existing fitted file: Humanized-Biogeography-Analysis/differential_genera_type/HUM_L6-LumRef-CLR-Duodenum-ComBat-SeqRunSexType-1-MsID/fits/fitted.rds
2024-06-16 17:43:06.557509 INFO::Writing fitted values to file Humanized-Biogeography-Analysis/differential_genera_type/HUM_L6-LumRef-CLR-Duodenum-ComBat-SeqRunSexType-1-MsID/fits/fitted.rds
2024-06-16 17:43:06.558935 WARNING::Deleting existing ranef file: Humanized-Biogeography-Analysis/differential_genera_type/HUM_L6-LumRef-CLR-Duodenum-ComBat-SeqRunSexType-1-MsID/fits/ranef.rds
2024-06-16 17:43:06.560513 INFO::Writing extracted random effects to file Humanized-Biogeography-Analysis/differential_genera_type/HUM_L6-LumRef-CLR-Duodenum-ComBat-SeqRunSexType-1-MsID/fits/ranef.rds
2024-06-16 17:43:06.561774 INFO::Writing all results to file (ordered by increasing q-values): Humanized-Biogeography-Analysis/differential_genera_type/HUM_L6-LumRef-CLR-Duodenum-ComBat-SeqRunSexType-1-MsID/all_results.tsv
2024-06-16 17:43:06.564769 INFO::Writing the significant results (those which are less than or equal to the threshold of 0.250000 ) to file (ordered by increasing q-values): Humanized-Biogeography-Analysis/differential_genera_type/HUM_L6-LumRef-CLR-Duodenum-ComBat-SeqRunSexType-1-MsID/significant_results.tsv
