2024-04-19 07:52:13 INFO::Writing function arguments to log file
2024-04-19 07:52:13 DEBUG::Function arguments
2024-04-19 07:52:13 DEBUG::Output folder: Donors-Analysis/differential_genera_type/L6-LumRef-CLR-Jejunum-ComBat-SeqRunSexType-1-MsID-DonorID
2024-04-19 07:52:13 DEBUG::Min Abundance: 0.000000
2024-04-19 07:52:13 DEBUG::Min Prevalence: 0.100000
2024-04-19 07:52:13 DEBUG::Normalization: CLR
2024-04-19 07:52:13 DEBUG::Transform: NONE
2024-04-19 07:52:13 DEBUG::Analysis method: LM
2024-04-19 07:52:13 DEBUG::Max significance: 0.250000
2024-04-19 07:52:13 DEBUG::Random effects: MouseID,Donor_ID
2024-04-19 07:52:13 DEBUG::Fixed effects: Sequencing_Run,Sex,Type
2024-04-19 07:52:13 DEBUG::Correction method: BH
2024-04-19 07:52:13 DEBUG::Standardize: TRUE
2024-04-19 07:52:13 DEBUG::Cores: 1
2024-04-19 07:52:13 INFO::Verifying options selected are valid
2024-04-19 07:52:13 INFO::Determining format of input files
2024-04-19 07:52:13 INFO::Input format is data samples as columns and metadata samples as rows
2024-04-19 07:52:13 DEBUG::Transformed data so samples are rows
2024-04-19 07:52:13 DEBUG::A total of 91 samples were found in both the data and metadata
2024-04-19 07:52:13 DEBUG::Reordering data/metadata to use same sample ordering
2024-04-19 07:52:13 INFO::Formula for random effects: expr ~ (1 | MouseID) + (1 | Donor_ID)
2024-04-19 07:52:13 INFO::Formula for fixed effects: expr ~  Sequencing_Run + Sex + Type
2024-04-19 07:52:13 INFO::Filter data based on min abundance and min prevalence
2024-04-19 07:52:13 INFO::Total samples in data: 91
2024-04-19 07:52:13 INFO::Min samples required with min abundance for a feature not to be filtered: 9.100000
2024-04-19 07:52:13 INFO::Total filtered features: 1
2024-04-19 07:52:13 INFO::Filtered feature names from abundance and prevalence filtering: k__Bacteria.p__Firmicutes.c__Clostridia.o__Peptococcales.f__Peptococcaceae.g__
2024-04-19 07:52:13 INFO::Total filtered features with variance filtering: 0
2024-04-19 07:52:13 INFO::Filtered feature names from variance filtering:
2024-04-19 07:52:13 INFO::Running selected normalization method: CLR
2024-04-19 07:52:13 INFO::Applying z-score to standardize continuous metadata
2024-04-19 07:52:13 INFO::Running selected transform method: NONE
2024-04-19 07:52:13 INFO::Running selected analysis method: LM
2024-04-19 07:52:13 INFO::Fitting model to feature number 1, k__Bacteria.p__Firmicutes.c__Clostridia.o__Oscillospirales.f__Butyricicoccaceae.g__Butyricicoccus
2024-04-19 07:52:13 INFO::Fitting model to feature number 2, k__Bacteria.p__Firmicutes.c__Bacilli.o__Lactobacillales.f__Enterococcaceae.g__Enterococcus
2024-04-19 07:52:13 INFO::Fitting model to feature number 3, k__Bacteria.p__Firmicutes.c__Clostridia.o__Lachnospirales.f__Lachnospiraceae.g__Lachnoclostridium
2024-04-19 07:52:13 INFO::Fitting model to feature number 4, k__Bacteria.p__Firmicutes.c__Clostridia.o__Lachnospirales.f__Lachnospiraceae.g__Blautia
2024-04-19 07:52:13 INFO::Fitting model to feature number 5, k__Bacteria.p__Cyanobacteria.c__Cyanobacteriia.o__Chloroplast.f__.g__
2024-04-19 07:52:13 INFO::Fitting model to feature number 6, k__Bacteria.p__Firmicutes.c__Clostridia.o__Oscillospirales.f__.Clostridium..methylpentosum.group.g__
2024-04-19 07:52:13 INFO::Fitting model to feature number 7, k__Bacteria.p__Bacteroidota.c__Bacteroidia.o__Bacteroidales.f__Rikenellaceae.g__Alistipes
2024-04-19 07:52:13 INFO::Fitting model to feature number 8, k__Bacteria.p__Firmicutes.c__Clostridia.o__Oscillospirales.f__Ruminococcaceae.g__Paludicola
2024-04-19 07:52:13 INFO::Fitting model to feature number 9, k__Bacteria.p__Firmicutes.c__Clostridia.o__Oscillospirales.f__Ruminococcaceae.g__Fournierella
2024-04-19 07:52:13 INFO::Fitting model to feature number 10, k__Bacteria.p__Firmicutes.c__Clostridia.o__Lachnospirales.f__Lachnospiraceae.g__Anaerostipes
2024-04-19 07:52:13 INFO::Fitting model to feature number 11, k__Bacteria.p__Firmicutes.c__Bacilli.o__Staphylococcales.f__Staphylococcaceae.g__Staphylococcus
2024-04-19 07:52:13 INFO::Fitting model to feature number 12, k__Bacteria.p__Firmicutes.c__Clostridia.o__Oscillospirales.f__Ruminococcaceae.g__Subdoligranulum
2024-04-19 07:52:14 INFO::Fitting model to feature number 13, k__Bacteria.p__Firmicutes.c__Clostridia.o__Lachnospirales.f__Lachnospiraceae.g__
2024-04-19 07:52:14 INFO::Fitting model to feature number 14, k__Bacteria.p__Proteobacteria.c__Gammaproteobacteria.o__Burkholderiales.f__Sutterellaceae.g__Parasutterella
2024-04-19 07:52:14 INFO::Fitting model to feature number 15, k__Bacteria.p__Firmicutes.c__Clostridia.o__Lachnospirales.f__Lachnospiraceae.g__Tuzzerella
2024-04-19 07:52:14 INFO::Fitting model to feature number 16, k__Bacteria.p__Firmicutes.c__Clostridia.o__Peptostreptococcales.Tissierellales.f__Peptostreptococcaceae.g__Clostridioides
2024-04-19 07:52:14 INFO::Fitting model to feature number 17, k__Bacteria.p__Bacteroidota.c__Bacteroidia.o__Bacteroidales.f__Bacteroidaceae.g__Bacteroides
2024-04-19 07:52:14 INFO::Fitting model to feature number 18, k__Bacteria.p__Proteobacteria.c__Alphaproteobacteria.o__Rickettsiales.f__Mitochondria.g__
2024-04-19 07:52:14 INFO::Fitting model to feature number 19, k__Bacteria.p__Firmicutes.c__Clostridia.o__Lachnospirales.f__Lachnospiraceae.g__Frisingicoccus
2024-04-19 07:52:14 INFO::Fitting model to feature number 20, k__Bacteria.p__Firmicutes.c__Clostridia.o__Lachnospirales.f__Lachnospiraceae.g__Sellimonas
2024-04-19 07:52:14 INFO::Fitting model to feature number 21, k__Bacteria.p__Proteobacteria.c__Gammaproteobacteria.o__Enterobacterales.f__Pasteurellaceae.g__Haemophilus
2024-04-19 07:52:15 INFO::Fitting model to feature number 22, k__Bacteria.p__Firmicutes.c__Clostridia.o__Oscillospirales.f__Ruminococcaceae.g__Incertae.Sedis
2024-04-19 07:52:15 INFO::Fitting model to feature number 23, k__Bacteria.p__Firmicutes.c__Clostridia.o__Oscillospirales.f__Ruminococcaceae.g__.Eubacterium..siraeum.group
2024-04-19 07:52:15 INFO::Fitting model to feature number 24, k__Bacteria.p__Actinobacteriota.c__Actinobacteria.o__Bifidobacteriales.f__Bifidobacteriaceae.g__Bifidobacterium
2024-04-19 07:52:15 INFO::Fitting model to feature number 25, k__Bacteria.p__Bacteroidota.c__Bacteroidia.o__Bacteroidales.f__Muribaculaceae.g__
2024-04-19 07:52:15 INFO::Fitting model to feature number 26, k__Bacteria.p__Actinobacteriota.c__Coriobacteriia.o__Coriobacteriales.f__Eggerthellaceae.g__Adlercreutzia
2024-04-19 07:52:15 INFO::Fitting model to feature number 27, k__Bacteria.p__Firmicutes.c__Clostridia.o__Oscillospirales.f__Ruminococcaceae.g__Harryflintia
2024-04-19 07:52:15 INFO::Fitting model to feature number 28, k__Bacteria.p__Firmicutes.c__Clostridia.o__Lachnospirales.f__Lachnospiraceae.g__Cuneatibacter
2024-04-19 07:52:15 INFO::Fitting model to feature number 29, k__Bacteria.p__Firmicutes.c__Clostridia.o__Lachnospirales.f__Lachnospiraceae.g__Eisenbergiella
2024-04-19 07:52:15 INFO::Fitting model to feature number 30, k__Bacteria.p__Firmicutes.c__Clostridia.o__Lachnospirales.f__Lachnospiraceae.g__Hungatella
2024-04-19 07:52:16 INFO::Fitting model to feature number 31, k__Bacteria.p__Bacteroidota.c__Bacteroidia.o__Bacteroidales.f__Marinifilaceae.g__Odoribacter
2024-04-19 07:52:16 INFO::Fitting model to feature number 32, k__Bacteria.p__Firmicutes.c__Clostridia.o__Lachnospirales.f__Lachnospiraceae.g__Roseburia
2024-04-19 07:52:16 INFO::Fitting model to feature number 33, k__Bacteria.p__Firmicutes.c__Clostridia.o__Lachnospirales.f__Lachnospiraceae.g__Agathobacter
2024-04-19 07:52:16 INFO::Fitting model to feature number 34, k__Bacteria.p__Verrucomicrobiota.c__Verrucomicrobiae.o__Verrucomicrobiales.f__Akkermansiaceae.g__Akkermansia
2024-04-19 07:52:16 INFO::Fitting model to feature number 35, k__Bacteria.p__Firmicutes.c__Clostridia.o__Lachnospirales.f__Lachnospiraceae.g__.Eubacterium..eligens.group
2024-04-19 07:52:16 INFO::Fitting model to feature number 36, k__Bacteria.p__Firmicutes.c__Clostridia.o__Oscillospirales.f__Ruminococcaceae.g__Candidatus.Soleaferrea
2024-04-19 07:52:16 INFO::Fitting model to feature number 37, k__Bacteria.p__Firmicutes.c__Clostridia.o__Oscillospirales.f__Ruminococcaceae.g__Faecalibacterium
2024-04-19 07:52:16 INFO::Fitting model to feature number 38, k__Bacteria.p__Firmicutes.c__Clostridia.o__Monoglobales.f__Monoglobaceae.g__Monoglobus
2024-04-19 07:52:16 INFO::Fitting model to feature number 39, k__Bacteria.p__Firmicutes.c__Bacilli.o__Erysipelotrichales.f__Erysipelatoclostridiaceae.g__Erysipelatoclostridium
2024-04-19 07:52:16 INFO::Fitting model to feature number 40, k__Bacteria.p__Firmicutes.c__Clostridia.o__Oscillospirales.f__Oscillospiraceae.g__Colidextribacter
2024-04-19 07:52:16 INFO::Fitting model to feature number 41, k__Bacteria.p__Proteobacteria.c__Gammaproteobacteria.o__Enterobacterales.f__Enterobacteriaceae.g__Escherichia.Shigella
2024-04-19 07:52:16 INFO::Fitting model to feature number 42, k__Bacteria.p__Firmicutes.c__Clostridia.o__Lachnospirales.f__Lachnospiraceae.g__Coprococcus
2024-04-19 07:52:16 INFO::Fitting model to feature number 43, k__Bacteria.p__Firmicutes.c__Bacilli.o__Lactobacillales.f__Streptococcaceae.g__Streptococcus
2024-04-19 07:52:17 INFO::Fitting model to feature number 44, k__Bacteria.p__Firmicutes.c__Clostridia.o__Christensenellales.f__Christensenellaceae.g__Catabacter
2024-04-19 07:52:17 INFO::Fitting model to feature number 45, k__Bacteria.p__Firmicutes.c__Bacilli.o__Erysipelotrichales.f__Erysipelotrichaceae.g__.Clostridium..innocuum.group
2024-04-19 07:52:17 INFO::Fitting model to feature number 46, k__Bacteria.p__Firmicutes.c__Clostridia.o__Oscillospirales.f__Oscillospiraceae.g__UCG.003
2024-04-19 07:52:17 INFO::Fitting model to feature number 47, k__Bacteria.p__Firmicutes.c__Clostridia.o__Oscillospirales.f__Oscillospiraceae.g__
2024-04-19 07:52:17 INFO::Fitting model to feature number 48, k__Bacteria.p__Firmicutes.c__Clostridia.o__Oscillospirales.f__Ruminococcaceae.g__
2024-04-19 07:52:17 INFO::Fitting model to feature number 49, k__Bacteria.p__Firmicutes.c__Clostridia.o__Lachnospirales.f__Lachnospiraceae.g__.Eubacterium..fissicatena.group
2024-04-19 07:52:17 INFO::Fitting model to feature number 50, k__Bacteria.p__Firmicutes.c__Bacilli.o__Erysipelotrichales.f__Erysipelotrichaceae.g__Dielma
2024-04-19 07:52:17 INFO::Fitting model to feature number 51, k__Bacteria.p__Firmicutes.c__Clostridia.o__Oscillospirales.f__Ruminococcaceae.g__Ruminococcus
2024-04-19 07:52:17 INFO::Fitting model to feature number 52, k__Bacteria.p__Firmicutes.c__Bacilli.o__Erysipelotrichales.f__Erysipelotrichaceae.g__Holdemania
2024-04-19 07:52:17 INFO::Fitting model to feature number 53, k__Bacteria.p__Firmicutes.c__Clostridia.o__Oscillospirales.f__.Eubacterium..coprostanoligenes.group.g__
2024-04-19 07:52:17 INFO::Fitting model to feature number 54, k__Bacteria.p__Firmicutes.c__Clostridia.o__Lachnospirales.f__Lachnospiraceae.g__Fusicatenibacter
2024-04-19 07:52:17 INFO::Fitting model to feature number 55, k__Bacteria.p__Bacteroidota.c__Bacteroidia.o__Bacteroidales.f__Tannerellaceae.g__Parabacteroides
2024-04-19 07:52:17 INFO::Fitting model to feature number 56, k__Bacteria.p__Firmicutes.c__Clostridia.o__.f__.g__
2024-04-19 07:52:17 INFO::Fitting model to feature number 57, k__Bacteria.p__Desulfobacterota.c__Desulfovibrionia.o__Desulfovibrionales.f__Desulfovibrionaceae.g__Bilophila
2024-04-19 07:52:17 INFO::Fitting model to feature number 58, k__Bacteria.p__Actinobacteriota.c__Coriobacteriia.o__Coriobacteriales.f__Coriobacteriaceae.g__Collinsella
2024-04-19 07:52:17 INFO::Fitting model to feature number 59, k__Bacteria.p__Firmicutes.c__Clostridia.o__Peptostreptococcales.Tissierellales.f__Peptostreptococcaceae.g__Romboutsia
2024-04-19 07:52:18 INFO::Fitting model to feature number 60, k__Bacteria.p__Firmicutes.c__Clostridia.o__Eubacteriales.f__Eubacteriaceae.g__Eubacterium
2024-04-19 07:52:18 INFO::Fitting model to feature number 61, k__Bacteria.p__Firmicutes.c__Clostridia.o__Oscillospirales.f__Oscillospiraceae.g__Flavonifractor
2024-04-19 07:52:18 INFO::Fitting model to feature number 62, k__Bacteria.p__Firmicutes.c__Clostridia.o__Lachnospirales.f__Lachnospiraceae.g__Murimonas
2024-04-19 07:52:18 INFO::Fitting model to feature number 63, k__Bacteria.p__Firmicutes.c__Clostridia.o__Lachnospirales.f__Lachnospiraceae.g__Dorea
2024-04-19 07:52:18 INFO::Fitting model to feature number 64, k__Bacteria.p__Actinobacteriota.c__Coriobacteriia.o__Coriobacteriales.f__Eggerthellaceae.g__Eggerthella
2024-04-19 07:52:18 INFO::Fitting model to feature number 65, k__Bacteria.p__Firmicutes.c__Clostridia.o__Oscillospirales.f__Oscillospiraceae.g__Oscillibacter
2024-04-19 07:52:18 INFO::Fitting model to feature number 66, k__Bacteria.p__Firmicutes.c__Clostridia.o__Lachnospirales.f__Lachnospiraceae.g__Lachnospiraceae.FCS020.group
2024-04-19 07:52:18 INFO::Fitting model to feature number 67, k__Bacteria.p__Firmicutes.c__Clostridia.o__Lachnospirales.f__Lachnospiraceae.g__Lachnospiraceae.NK4A136.group
2024-04-19 07:52:18 INFO::Fitting model to feature number 68, k__Bacteria.p__Firmicutes.c__Clostridia.o__Lachnospirales.f__Lachnospiraceae.g__.Ruminococcus..torques.group
2024-04-19 07:52:18 INFO::Fitting model to feature number 69, k__Bacteria.p__Firmicutes.c__Clostridia.o__Lachnospirales.f__Lachnospiraceae.g__.Ruminococcus..gnavus.group
2024-04-19 07:52:18 INFO::Fitting model to feature number 70, k__Bacteria.p__Firmicutes.c__Clostridia.o__Lachnospirales.f__Lachnospiraceae.g__.Eubacterium..hallii.group
2024-04-19 07:52:18 INFO::Fitting model to feature number 71, k__Bacteria.p__Firmicutes.c__Clostridia.o__Oscillospirales.f__Ruminococcaceae.g__Negativibacillus
2024-04-19 07:52:19 INFO::Fitting model to feature number 72, k__Bacteria.p__Proteobacteria.c__Gammaproteobacteria.o__Enterobacterales.f__Morganellaceae.g__Proteus
2024-04-19 07:52:19 INFO::Fitting model to feature number 73, k__Bacteria.p__Firmicutes.c__Bacilli.o__Erysipelotrichales.f__Erysipelotrichaceae.g__Turicibacter
2024-04-19 07:52:19 INFO::Fitting model to feature number 74, k__Bacteria.p__Firmicutes.c__Clostridia.o__Oscillospirales.f__Oscillospiraceae.g__Intestinimonas
2024-04-19 07:52:19 INFO::Fitting model to feature number 75, k__Bacteria.p__Firmicutes.c__Clostridia.o__Lachnospirales.f__Lachnospiraceae.g__Lachnospiraceae.UCG.010
2024-04-19 07:52:19 INFO::Fitting model to feature number 76, k__Bacteria.p__Firmicutes.c__Negativicutes.o__Acidaminococcales.f__Acidaminococcaceae.g__Phascolarctobacterium
2024-04-19 07:52:19 INFO::Fitting model to feature number 77, k__Bacteria.p__Firmicutes.c__Clostridia.o__Lachnospirales.f__Lachnospiraceae.g__GCA.900066575
2024-04-19 07:52:19 INFO::Fitting model to feature number 78, k__Bacteria.p__Firmicutes.c__Clostridia.o__Lachnospirales.f__Lachnospiraceae.g__Lachnospiraceae.UCG.009
2024-04-19 07:52:19 INFO::Fitting model to feature number 79, k__Bacteria.p__Bacteroidota.c__Bacteroidia.o__Bacteroidales.f__Prevotellaceae.g__Prevotella_9
2024-04-19 07:52:19 INFO::Fitting model to feature number 80, k__Bacteria.p__Firmicutes.c__Clostridia.o__Peptostreptococcales.Tissierellales.f__Anaerovoracaceae.g__.Eubacterium..nodatum.group
2024-04-19 07:52:19 INFO::Fitting model to feature number 81, k__Bacteria.p__Firmicutes.c__Clostridia.o__Lachnospirales.f__Lachnospiraceae.g__Tyzzerella
2024-04-19 07:52:19 INFO::Fitting model to feature number 82, k__Bacteria.p__Proteobacteria.c__Alphaproteobacteria.o__Rhodospirillales.f__.g__
2024-04-19 07:52:19 INFO::Fitting model to feature number 83, k__Bacteria.p__Firmicutes.c__Clostridia.o__Lachnospirales.f__Defluviitaleaceae.g__Defluviitaleaceae.UCG.011
2024-04-19 07:52:19 INFO::Fitting model to feature number 84, k__Bacteria.p__Proteobacteria.c__Gammaproteobacteria.o__Burkholderiales.f__Burkholderiaceae.g__Burkholderia.Caballeronia.Paraburkholderia
2024-04-19 07:52:20 INFO::Fitting model to feature number 85, k__Bacteria.p__Firmicutes.c__Bacilli.o__Lactobacillales.f__Lactobacillaceae.g__Lactobacillus
2024-04-19 07:52:20 INFO::Fitting model to feature number 86, k__Bacteria.p__Firmicutes.c__Clostridia.o__Lachnospirales.f__Lachnospiraceae.g__.Ruminococcus..gauvreauii.group
2024-04-19 07:52:20 INFO::Fitting model to feature number 87, k__Bacteria.p__Firmicutes.c__Clostridia.o__Oscillospirales.f__Ruminococcaceae.g__UBA1819
2024-04-19 07:52:20 INFO::Fitting model to feature number 88, k__Bacteria.p__Firmicutes.c__Clostridia.o__Lachnospirales.f__Lachnospiraceae.g__GCA.900066755
2024-04-19 07:52:20 INFO::Fitting model to feature number 89, k__Bacteria.p__Firmicutes.c__Clostridia.o__Lachnospirales.f__Lachnospiraceae.g__Lactonifactor
2024-04-19 07:52:20 INFO::Fitting model to feature number 90, k__Bacteria.p__Firmicutes.c__Bacilli.o__Erysipelotrichales.f__Erysipelatoclostridiaceae.g__Coprobacillus
2024-04-19 07:52:20 INFO::Fitting model to feature number 91, k__Bacteria.p__Proteobacteria.c__Gammaproteobacteria.o__Enterobacterales.f__Enterobacteriaceae.g__Citrobacter
2024-04-19 07:52:20 INFO::Fitting model to feature number 92, k__Bacteria.p__Proteobacteria.c__Gammaproteobacteria.o__Burkholderiales.f__Neisseriaceae.g__Neisseria
2024-04-19 07:52:20 INFO::Fitting model to feature number 93, k__Bacteria.p__Firmicutes.c__Bacilli.o__Erysipelotrichales.f__Erysipelotrichaceae.g__Faecalitalea
2024-04-19 07:52:20 INFO::Fitting model to feature number 94, k__Bacteria.p__Firmicutes.c__Clostridia.o__Oscillospirales.f__Ruminococcaceae.g__Anaerotruncus
2024-04-19 07:52:20 INFO::Fitting model to feature number 95, k__Bacteria.p__Firmicutes.c__Clostridia.o__Oscillospirales.f__Ethanoligenenaceae.g__Acetanaerobacterium
2024-04-19 07:52:20 INFO::Fitting model to feature number 96, k__Bacteria.p__Proteobacteria.c__Gammaproteobacteria.o__Burkholderiales.f__Alcaligenaceae.g__Bordetella
2024-04-19 07:52:20 INFO::Fitting model to feature number 97, k__Bacteria.p__Firmicutes.c__Clostridia.o__Lachnospirales.f__Lachnospiraceae.g__.Eubacterium..xylanophilum.group
2024-04-19 07:52:20 INFO::Counting total values for each feature
2024-04-19 07:52:21 WARNING::Deleting existing residuals file: Donors-Analysis/differential_genera_type/L6-LumRef-CLR-Jejunum-ComBat-SeqRunSexType-1-MsID-DonorID/residuals.rds
2024-04-19 07:52:21 INFO::Writing residuals to file Donors-Analysis/differential_genera_type/L6-LumRef-CLR-Jejunum-ComBat-SeqRunSexType-1-MsID-DonorID/residuals.rds
2024-04-19 07:52:21 WARNING::Deleting existing fitted file: Donors-Analysis/differential_genera_type/L6-LumRef-CLR-Jejunum-ComBat-SeqRunSexType-1-MsID-DonorID/fitted.rds
2024-04-19 07:52:21 INFO::Writing fitted values to file Donors-Analysis/differential_genera_type/L6-LumRef-CLR-Jejunum-ComBat-SeqRunSexType-1-MsID-DonorID/fitted.rds
2024-04-19 07:52:21 WARNING::Deleting existing ranef file: Donors-Analysis/differential_genera_type/L6-LumRef-CLR-Jejunum-ComBat-SeqRunSexType-1-MsID-DonorID/ranef.rds
2024-04-19 07:52:21 INFO::Writing extracted random effects to file Donors-Analysis/differential_genera_type/L6-LumRef-CLR-Jejunum-ComBat-SeqRunSexType-1-MsID-DonorID/ranef.rds
2024-04-19 07:52:21 INFO::Writing all results to file (ordered by increasing q-values): Donors-Analysis/differential_genera_type/L6-LumRef-CLR-Jejunum-ComBat-SeqRunSexType-1-MsID-DonorID/all_results.tsv
2024-04-19 07:52:21 INFO::Writing the significant results (those which are less than or equal to the threshold of 0.250000 ) to file (ordered by increasing q-values): Donors-Analysis/differential_genera_type/L6-LumRef-CLR-Jejunum-ComBat-SeqRunSexType-1-MsID-DonorID/significant_results.tsv
