2024-06-16 17:29:41.43382 INFO::Writing function arguments to log file
2024-06-16 17:29:41.438608 DEBUG::Function arguments
2024-06-16 17:29:41.439177 DEBUG::Output folder: Humanized-Biogeography-Analysis/differential_genera_type/HUM_L6-LumRef-CLR-Jejunum-ComBat-SeqRunSexType-1-MsID
2024-06-16 17:29:41.43976 DEBUG::Min Abundance: 0.000000
2024-06-16 17:29:41.440327 DEBUG::Min Prevalence: 0.000000
2024-06-16 17:29:41.440789 DEBUG::Normalization: CLR
2024-06-16 17:29:41.441256 DEBUG::Transform: NONE
2024-06-16 17:29:41.441669 DEBUG::Analysis method: LM
2024-06-16 17:29:41.44224 DEBUG::Max significance: 0.250000
2024-06-16 17:29:41.442712 DEBUG::Random effects: MouseID
2024-06-16 17:29:41.443167 DEBUG::Fixed effects: Sequencing_Run,Sex,Type
2024-06-16 17:29:41.443614 DEBUG::Correction method: BH
2024-06-16 17:29:41.444053 DEBUG::Standardize: TRUE
2024-06-16 17:29:41.444461 DEBUG::Cores: 1
2024-06-16 17:29:41.444836 INFO::Verifying options selected are valid
2024-06-16 17:29:41.446442 INFO::Determining format of input files
2024-06-16 17:29:41.447741 INFO::Input format is data samples as columns and metadata samples as rows
2024-06-16 17:29:41.450234 DEBUG::Transformed data so samples are rows
2024-06-16 17:29:41.451494 DEBUG::A total of 16 samples were found in both the data and metadata
2024-06-16 17:29:41.451976 DEBUG::Reordering data/metadata to use same sample ordering
2024-06-16 17:29:41.45418 INFO::Formula for random effects: expr ~ (1 | MouseID)
2024-06-16 17:29:41.456605 INFO::Formula for fixed effects: expr ~  Sequencing_Run + Sex + Type
2024-06-16 17:29:41.458716 INFO::Filter data based on min abundance and min prevalence
2024-06-16 17:29:41.460085 INFO::Total samples in data: 16
2024-06-16 17:29:41.461487 INFO::Min samples required with min abundance for a feature not to be filtered: 0.000000
2024-06-16 17:29:41.466364 INFO::Total filtered features: 0
2024-06-16 17:29:41.467884 INFO::Filtered feature names from abundance and prevalence filtering:
2024-06-16 17:29:41.471418 INFO::Total filtered features with variance filtering: 0
2024-06-16 17:29:41.472844 INFO::Filtered feature names from variance filtering:
2024-06-16 17:29:41.473615 INFO::Running selected normalization method: CLR
2024-06-16 17:29:41.475173 INFO::Applying z-score to standardize continuous metadata
2024-06-16 17:29:41.488363 INFO::Running selected transform method: NONE
2024-06-16 17:29:41.489372 INFO::Running selected analysis method: LM
2024-06-16 17:29:41.514949 INFO::Fitting model to feature number 1, k__Bacteria.p__Bacteroidota.c__Bacteroidia.o__Bacteroidales.f__Muribaculaceae.g__
2024-06-16 17:29:41.630418 INFO::Fitting model to feature number 2, k__Bacteria.p__Bacteroidota.c__Bacteroidia.o__Bacteroidales.f__Rikenellaceae.g__Rikenellaceae.RC9.gut.group
2024-06-16 17:29:41.692895 INFO::Fitting model to feature number 3, k__Bacteria.p__Firmicutes.c__Clostridia.o__Lachnospirales.f__Lachnospiraceae.g__
2024-06-16 17:29:41.758612 INFO::Fitting model to feature number 4, k__Bacteria.p__Firmicutes.c__Clostridia.o__Clostridia.vadinBB60.group.f__.g__
2024-06-16 17:29:41.829758 INFO::Fitting model to feature number 5, k__Bacteria.p__Firmicutes.c__Clostridia.o__Lachnospirales.f__Lachnospiraceae.g__Lachnospiraceae.NK4A136.group
2024-06-16 17:29:41.879037 INFO::Fitting model to feature number 6, k__Bacteria.p__Bacteroidota.c__Bacteroidia.o__Bacteroidales.f__Bacteroidaceae.g__Bacteroides
2024-06-16 17:29:41.935243 INFO::Fitting model to feature number 7, k__Bacteria.p__Firmicutes.c__Clostridia.o__Oscillospirales.f__Oscillospiraceae.g__
2024-06-16 17:29:42.025016 INFO::Fitting model to feature number 8, k__Bacteria.p__Firmicutes.c__Clostridia.o__Lachnospirales.f__Lachnospiraceae.g__.Eubacterium..fissicatena.group
2024-06-16 17:29:42.078621 INFO::Fitting model to feature number 9, k__Bacteria.p__Firmicutes.c__Bacilli.o__Erysipelotrichales.f__Erysipelotrichaceae.g__Turicibacter
2024-06-16 17:29:42.121769 INFO::Fitting model to feature number 10, k__Bacteria.p__Firmicutes.c__Bacilli.o__Erysipelotrichales.f__Erysipelotrichaceae.g__Dubosiella
2024-06-16 17:29:42.169128 INFO::Fitting model to feature number 11, k__Bacteria.p__Proteobacteria.c__Gammaproteobacteria.o__Pseudomonadales.f__Moraxellaceae.g__Acinetobacter
2024-06-16 17:29:42.220187 INFO::Fitting model to feature number 12, k__Bacteria.p__Firmicutes.c__Clostridia.o__Oscillospirales.f__Oscillospiraceae.g__Colidextribacter
2024-06-16 17:29:42.265227 INFO::Fitting model to feature number 13, k__Bacteria.p__Firmicutes.c__Bacilli.o__Erysipelotrichales.f__Erysipelotrichaceae.g__Dielma
2024-06-16 17:29:42.324851 INFO::Fitting model to feature number 14, k__Bacteria.p__Firmicutes.c__Clostridia.o__Lachnospirales.f__Lachnospiraceae.g__GCA.900066575
2024-06-16 17:29:42.371109 INFO::Fitting model to feature number 15, k__Bacteria.p__Firmicutes.c__Bacilli.o__Erysipelotrichales.f__Erysipelotrichaceae.g__.Clostridium..innocuum.group
2024-06-16 17:29:42.420117 INFO::Fitting model to feature number 16, k__Bacteria.p__Firmicutes.c__Clostridia.o__Lachnospirales.f__Lachnospiraceae.g__Marvinbryantia
2024-06-16 17:29:42.469712 INFO::Fitting model to feature number 17, k__Bacteria.p__Firmicutes.c__Clostridia.o__Lachnospirales.f__Lachnospiraceae.g__Lachnospiraceae.UCG.001
2024-06-16 17:29:42.529335 INFO::Fitting model to feature number 18, k__Bacteria.p__Firmicutes.c__Clostridia.o__Christensenellales.f__Christensenellaceae.g__
2024-06-16 17:29:42.586684 INFO::Fitting model to feature number 19, k__Bacteria.p__Proteobacteria.c__Gammaproteobacteria.o__Enterobacterales.f__Enterobacteriaceae.g__Escherichia.Shigella
2024-06-16 17:29:42.637387 INFO::Fitting model to feature number 20, k__Bacteria.p__Firmicutes.c__Clostridia.o__Eubacteriales.f__Eubacteriaceae.g__Eubacterium
2024-06-16 17:29:42.692988 INFO::Fitting model to feature number 21, k__Bacteria.p__Firmicutes.c__Bacilli.o__Erysipelotrichales.f__Erysipelatoclostridiaceae.g__Candidatus.Stoquefichus
2024-06-16 17:29:42.753932 INFO::Fitting model to feature number 22, k__Bacteria.p__Firmicutes.c__Bacilli.o__Erysipelotrichales.f__Erysipelatoclostridiaceae.g__Erysipelatoclostridium
2024-06-16 17:29:42.820734 INFO::Fitting model to feature number 23, k__Bacteria.p__Firmicutes.c__Clostridia.o__Oscillospirales.f__Ruminococcaceae.g__Paludicola
2024-06-16 17:29:42.886697 INFO::Fitting model to feature number 24, k__Bacteria.p__Firmicutes.c__Clostridia.o__Oscillospirales.f__Oscillospiraceae.g__Oscillibacter
2024-06-16 17:29:42.934998 INFO::Fitting model to feature number 25, k__Bacteria.p__Firmicutes.c__Clostridia.o__Oscillospirales.f__Ruminococcaceae.g__Faecalibacterium
2024-06-16 17:29:43.006934 INFO::Fitting model to feature number 26, k__Bacteria.p__Firmicutes.c__Clostridia.o__Oscillospirales.f__Ruminococcaceae.g__Anaerotruncus
2024-06-16 17:29:43.052955 INFO::Fitting model to feature number 27, k__Bacteria.p__Bacteroidota.c__Bacteroidia.o__Bacteroidales.f__Tannerellaceae.g__Parabacteroides
2024-06-16 17:29:43.101605 INFO::Fitting model to feature number 28, k__Bacteria.p__Firmicutes.c__Clostridia.o__Lachnospirales.f__Lachnospiraceae.g__Lachnoclostridium
2024-06-16 17:29:43.141089 INFO::Fitting model to feature number 29, k__Bacteria.p__Firmicutes.c__Clostridia.o__Lachnospirales.f__Lachnospiraceae.g__Lachnospiraceae.UCG.004
2024-06-16 17:29:43.202419 INFO::Fitting model to feature number 30, k__Bacteria.p__Firmicutes.c__Clostridia.o__Peptococcales.f__Peptococcaceae.g__
2024-06-16 17:29:43.254474 INFO::Fitting model to feature number 31, k__Bacteria.p__Firmicutes.c__Clostridia.o__Oscillospirales.f__Oscillospiraceae.g__Intestinimonas
2024-06-16 17:29:43.301489 INFO::Fitting model to feature number 32, k__Bacteria.p__Firmicutes.c__Clostridia.o__Oscillospirales.f__Ruminococcaceae.g__Incertae.Sedis
2024-06-16 17:29:43.349281 INFO::Fitting model to feature number 33, k__Bacteria.p__Firmicutes.c__Clostridia.o__Lachnospirales.f__Lachnospiraceae.g__Acetatifactor
2024-06-16 17:29:43.401353 INFO::Fitting model to feature number 34, k__Bacteria.p__Bacteroidota.c__Bacteroidia.o__Bacteroidales.f__Prevotellaceae.g__Paraprevotella
2024-06-16 17:29:43.485221 INFO::Fitting model to feature number 35, k__Bacteria.p__Firmicutes.c__Clostridia.o__Lachnospirales.f__Lachnospiraceae.g__Eisenbergiella
2024-06-16 17:29:43.54551 INFO::Fitting model to feature number 36, k__Bacteria.p__Bacteroidota.c__Bacteroidia.o__Bacteroidales.f__Muribaculaceae.g__Muribaculum
2024-06-16 17:29:43.594893 INFO::Fitting model to feature number 37, k__Bacteria.p__Bacteroidota.c__Bacteroidia.o__Bacteroidales.f__Marinifilaceae.g__Odoribacter
2024-06-16 17:29:43.650805 INFO::Fitting model to feature number 38, k__Bacteria.p__Firmicutes.c__Clostridia.o__Peptostreptococcales.Tissierellales.f__Peptostreptococcaceae.g__Romboutsia
2024-06-16 17:29:43.704363 INFO::Fitting model to feature number 39, k__Bacteria.p__Firmicutes.c__Clostridia.o__Peptostreptococcales.Tissierellales.f__Anaerovoracaceae.g__Family.XIII.UCG.001
2024-06-16 17:29:43.746806 INFO::Fitting model to feature number 40, k__Bacteria.p__Firmicutes.c__Clostridia.o__Clostridiales.f__Clostridiaceae.g__Candidatus.Arthromitus
2024-06-16 17:29:43.808059 INFO::Fitting model to feature number 41, k__Bacteria.p__Firmicutes.c__Clostridia.o__Lachnospirales.f__Lachnospiraceae.g__Anaerostipes
2024-06-16 17:29:43.875773 INFO::Fitting model to feature number 42, k__Bacteria.p__Firmicutes.c__Clostridia.o__Lachnospirales.f__Lachnospiraceae.g__Hungatella
2024-06-16 17:29:43.935279 INFO::Fitting model to feature number 43, k__Bacteria.p__Firmicutes.c__Clostridia.o__Lachnospirales.f__Lachnospiraceae.g__Lachnospiraceae.ND3007.group
2024-06-16 17:29:43.996432 INFO::Fitting model to feature number 44, k__Bacteria.p__Proteobacteria.c__Gammaproteobacteria.o__Burkholderiales.f__Sutterellaceae.g__Parasutterella
2024-06-16 17:29:44.047749 INFO::Fitting model to feature number 45, k__Bacteria.p__Firmicutes.c__Bacilli.o__Lactobacillales.f__Lactobacillaceae.g__Lactobacillus
2024-06-16 17:29:44.098019 INFO::Fitting model to feature number 46, k__Bacteria.p__Firmicutes.c__Bacilli.o__Erysipelotrichales.f__Erysipelotrichaceae.g__Faecalibaculum
2024-06-16 17:29:44.158833 INFO::Fitting model to feature number 47, k__Bacteria.p__Bacteroidota.c__Bacteroidia.o__Bacteroidales.f__Prevotellaceae.g__Prevotellaceae.UCG.001
2024-06-16 17:29:44.222275 INFO::Fitting model to feature number 48, k__Bacteria.p__Firmicutes.c__Clostridia.o__Oscillospirales.f__Ruminococcaceae.g__
2024-06-16 17:29:44.286231 INFO::Fitting model to feature number 49, k__Bacteria.p__Firmicutes.c__Clostridia.o__Lachnospirales.f__Lachnospiraceae.g__Lachnospiraceae.FCS020.group
2024-06-16 17:29:44.34721 INFO::Fitting model to feature number 50, k__Bacteria.p__Bacteroidota.c__Bacteroidia.o__Bacteroidales.f__Rikenellaceae.g__Alistipes
2024-06-16 17:29:44.410918 INFO::Fitting model to feature number 51, k__Bacteria.p__Firmicutes.c__Clostridia.o__Lachnospirales.f__Lachnospiraceae.g__Blautia
2024-06-16 17:29:44.47434 INFO::Fitting model to feature number 52, k__Bacteria.p__Firmicutes.c__Clostridia.o__Lachnospirales.f__Lachnospiraceae.g__Roseburia
2024-06-16 17:29:44.539718 INFO::Fitting model to feature number 53, k__Bacteria.p__Proteobacteria.c__Gammaproteobacteria.o__Enterobacterales.f__Enterobacteriaceae.g__
2024-06-16 17:29:44.618588 INFO::Fitting model to feature number 54, k__Bacteria.p__Firmicutes.c__Clostridia.o__Peptostreptococcales.Tissierellales.f__Anaerovoracaceae.g__.Eubacterium..nodatum.group
2024-06-16 17:29:44.674433 INFO::Fitting model to feature number 55, k__Bacteria.p__Firmicutes.c__Clostridia.o__Oscillospirales.f__UCG.010.g__
2024-06-16 17:29:44.726579 INFO::Fitting model to feature number 56, k__Bacteria.p__Firmicutes.c__Clostridia.o__Oscillospirales.f__Ruminococcaceae.g__Harryflintia
2024-06-16 17:29:44.782929 INFO::Fitting model to feature number 57, k__Bacteria.p__Firmicutes.c__Clostridia.o__Oscillospirales.f__Butyricicoccaceae.g__Butyricicoccus
2024-06-16 17:29:44.829492 INFO::Fitting model to feature number 58, k__Bacteria.p__Firmicutes.c__Bacilli.o__Alicyclobacillales.f__Alicyclobacillaceae.g__Tumebacillus
2024-06-16 17:29:44.87404 INFO::Fitting model to feature number 59, k__Bacteria.p__Firmicutes.c__Clostridia.o__Peptostreptococcales.Tissierellales.f__Anaerovoracaceae.g__.Eubacterium..brachy.group
2024-06-16 17:29:44.918525 INFO::Fitting model to feature number 60, k__Bacteria.p__Verrucomicrobiota.c__Verrucomicrobiae.o__Verrucomicrobiales.f__Akkermansiaceae.g__Akkermansia
2024-06-16 17:29:44.966969 INFO::Fitting model to feature number 61, k__Bacteria.p__Bacteroidota.c__Bacteroidia.o__Bacteroidales.f__Prevotellaceae.g__Alloprevotella
2024-06-16 17:29:45.020206 INFO::Fitting model to feature number 62, k__Bacteria.p__Firmicutes.c__Clostridia.o__Lachnospirales.f__Lachnospiraceae.g__.Ruminococcus..torques.group
2024-06-16 17:29:45.064281 INFO::Fitting model to feature number 63, k__Bacteria.p__Actinobacteriota.c__Coriobacteriia.o__Coriobacteriales.f__Eggerthellaceae.g__Enterorhabdus
2024-06-16 17:29:45.116717 INFO::Fitting model to feature number 64, k__Bacteria.p__Actinobacteriota.c__Actinobacteria.o__Bifidobacteriales.f__Bifidobacteriaceae.g__Bifidobacterium
2024-06-16 17:29:45.164423 INFO::Fitting model to feature number 65, k__Bacteria.p__Firmicutes.c__Clostridia.o__Oscillospirales.f__Ruminococcaceae.g__UBA1819
2024-06-16 17:29:45.212615 INFO::Fitting model to feature number 66, k__Bacteria.p__Firmicutes.c__Clostridia.o__Oscillospirales.f__Oscillospiraceae.g__UCG.003
2024-06-16 17:29:45.261063 INFO::Fitting model to feature number 67, k__Bacteria.p__Firmicutes.c__Clostridia.o__Oscillospirales.f__Oscillospiraceae.g__UCG.005
2024-06-16 17:29:45.306897 INFO::Fitting model to feature number 68, k__Bacteria.p__Firmicutes.c__Clostridia.o__Lachnospirales.f__Lachnospiraceae.g__Tuzzerella
2024-06-16 17:29:45.354424 INFO::Fitting model to feature number 69, k__Bacteria.p__Firmicutes.c__Clostridia.o__Peptococcales.f__Peptococcaceae.g__Peptococcus
2024-06-16 17:29:45.402669 INFO::Fitting model to feature number 70, k__Bacteria.p__Firmicutes.c__Clostridia.o__Clostridiales.f__Clostridiaceae.g__Clostridium.sensu.stricto.1
2024-06-16 17:29:45.451351 INFO::Fitting model to feature number 71, k__Bacteria.p__Desulfobacterota.c__Desulfovibrionia.o__Desulfovibrionales.f__Desulfovibrionaceae.g__Desulfovibrio
2024-06-16 17:29:45.501475 INFO::Fitting model to feature number 72, k__Bacteria.p__Firmicutes.c__Clostridia.o__Lachnospirales.f__Lachnospiraceae.g__Lachnospiraceae.UCG.010
2024-06-16 17:29:45.547046 INFO::Fitting model to feature number 73, k__Bacteria.p__Firmicutes.c__Bacilli.o__Lactobacillales.f__Lactobacillaceae.g__Ligilactobacillus
2024-06-16 17:29:45.591568 INFO::Fitting model to feature number 74, k__Bacteria.p__Firmicutes.c__Clostridia.o__Lachnospirales.f__Lachnospiraceae.g__.Eubacterium..xylanophilum.group
2024-06-16 17:29:45.637571 INFO::Fitting model to feature number 75, k__Bacteria.p__Firmicutes.c__Bacilli.o__Erysipelotrichales.f__Erysipelotrichaceae.g__Holdemania
2024-06-16 17:29:45.701419 INFO::Fitting model to feature number 76, k__Bacteria.p__Firmicutes.c__Clostridia.o__Lachnospirales.f__Lachnospiraceae.g__Sellimonas
2024-06-16 17:29:45.766583 INFO::Fitting model to feature number 77, k__Bacteria.p__Firmicutes.c__Clostridia.o__Oscillospirales.f__Oscillospiraceae.g__Flavonifractor
2024-06-16 17:29:45.81706 INFO::Fitting model to feature number 78, k__Bacteria.p__Firmicutes.c__Clostridia.o__Lachnospirales.f__Lachnospiraceae.g__Lachnospiraceae.UCG.006
2024-06-16 17:29:45.873639 INFO::Fitting model to feature number 79, k__Bacteria.p__Bacteroidota.c__Bacteroidia.o__Bacteroidales.f__Rikenellaceae.g__Rikenella
2024-06-16 17:29:45.921361 INFO::Fitting model to feature number 80, k__Bacteria.p__Firmicutes.c__Clostridia.o__Oscillospirales.f__Ruminococcaceae.g__Negativibacillus
2024-06-16 17:29:46.016222 INFO::Fitting model to feature number 81, k__Bacteria.p__Firmicutes.c__Clostridia.o__Oscillospirales.f__Butyricicoccaceae.g__UCG.009
2024-06-16 17:29:46.089556 INFO::Fitting model to feature number 82, k__Bacteria.p__Firmicutes.c__Clostridia.o__Lachnospirales.f__Lachnospiraceae.g__Cuneatibacter
2024-06-16 17:29:46.154227 INFO::Fitting model to feature number 83, k__Bacteria.p__Firmicutes.c__Negativicutes.o__Acidaminococcales.f__Acidaminococcaceae.g__Phascolarctobacterium
2024-06-16 17:29:46.204217 INFO::Fitting model to feature number 84, k__Bacteria.p__Firmicutes.c__Clostridia.o__Lachnospirales.f__Lachnospiraceae.g__UC5.1.2E3
2024-06-16 17:29:46.252205 INFO::Fitting model to feature number 85, k__Bacteria.p__Firmicutes.c__Clostridia.o__Lachnospirales.f__Lachnospiraceae.g__Lactonifactor
2024-06-16 17:29:46.300831 INFO::Fitting model to feature number 86, k__Bacteria.p__Desulfobacterota.c__Desulfovibrionia.o__Desulfovibrionales.f__Desulfovibrionaceae.g__Bilophila
2024-06-16 17:29:46.354036 INFO::Fitting model to feature number 87, k__Bacteria.p__Firmicutes.c__Clostridia.o__Lachnospirales.f__Lachnospiraceae.g__Lachnospiraceae.UCG.009
2024-06-16 17:29:46.45514 INFO::Counting total values for each feature
2024-06-16 17:29:46.469319 INFO::Writing filtered data to file Humanized-Biogeography-Analysis/differential_genera_type/HUM_L6-LumRef-CLR-Jejunum-ComBat-SeqRunSexType-1-MsID/features/filtered_data.tsv
2024-06-16 17:29:46.473431 INFO::Writing filtered, normalized data to file Humanized-Biogeography-Analysis/differential_genera_type/HUM_L6-LumRef-CLR-Jejunum-ComBat-SeqRunSexType-1-MsID/features/filtered_data_norm.tsv
2024-06-16 17:29:46.476589 INFO::Writing filtered, normalized, transformed data to file Humanized-Biogeography-Analysis/differential_genera_type/HUM_L6-LumRef-CLR-Jejunum-ComBat-SeqRunSexType-1-MsID/features/filtered_data_norm_transformed.tsv
2024-06-16 17:29:46.482457 WARNING::Deleting existing residuals file: Humanized-Biogeography-Analysis/differential_genera_type/HUM_L6-LumRef-CLR-Jejunum-ComBat-SeqRunSexType-1-MsID/fits/residuals.rds
2024-06-16 17:29:46.486948 INFO::Writing residuals to file Humanized-Biogeography-Analysis/differential_genera_type/HUM_L6-LumRef-CLR-Jejunum-ComBat-SeqRunSexType-1-MsID/fits/residuals.rds
2024-06-16 17:29:46.488393 WARNING::Deleting existing fitted file: Humanized-Biogeography-Analysis/differential_genera_type/HUM_L6-LumRef-CLR-Jejunum-ComBat-SeqRunSexType-1-MsID/fits/fitted.rds
2024-06-16 17:29:46.489524 INFO::Writing fitted values to file Humanized-Biogeography-Analysis/differential_genera_type/HUM_L6-LumRef-CLR-Jejunum-ComBat-SeqRunSexType-1-MsID/fits/fitted.rds
2024-06-16 17:29:46.490885 WARNING::Deleting existing ranef file: Humanized-Biogeography-Analysis/differential_genera_type/HUM_L6-LumRef-CLR-Jejunum-ComBat-SeqRunSexType-1-MsID/fits/ranef.rds
2024-06-16 17:29:46.492111 INFO::Writing extracted random effects to file Humanized-Biogeography-Analysis/differential_genera_type/HUM_L6-LumRef-CLR-Jejunum-ComBat-SeqRunSexType-1-MsID/fits/ranef.rds
2024-06-16 17:29:46.493246 INFO::Writing all results to file (ordered by increasing q-values): Humanized-Biogeography-Analysis/differential_genera_type/HUM_L6-LumRef-CLR-Jejunum-ComBat-SeqRunSexType-1-MsID/all_results.tsv
2024-06-16 17:29:46.497628 INFO::Writing the significant results (those which are less than or equal to the threshold of 0.250000 ) to file (ordered by increasing q-values): Humanized-Biogeography-Analysis/differential_genera_type/HUM_L6-LumRef-CLR-Jejunum-ComBat-SeqRunSexType-1-MsID/significant_results.tsv
