2024-06-09 16:13:33.945979 INFO::Writing function arguments to log file
2024-06-09 16:13:33.947439 DEBUG::Function arguments
2024-06-09 16:13:33.947824 DEBUG::Output folder: Maaslin2_L2/UCLA_V_SPF/L2-DCvsAll-CLR-Muc-ComBat-SeqRunSexSite-1-MsID
2024-06-09 16:13:33.948195 DEBUG::Min Abundance: 0.000000
2024-06-09 16:13:33.948607 DEBUG::Min Prevalence: 0.150000
2024-06-09 16:13:33.949237 DEBUG::Normalization: CLR
2024-06-09 16:13:33.949685 DEBUG::Transform: NONE
2024-06-09 16:13:33.95002 DEBUG::Analysis method: LM
2024-06-09 16:13:33.950385 DEBUG::Max significance: 0.250000
2024-06-09 16:13:33.950742 DEBUG::Random effects: MouseID
2024-06-09 16:13:33.95107 DEBUG::Fixed effects: Sequencing_Run,Sex,Site
2024-06-09 16:13:33.951393 DEBUG::Correction method: BH
2024-06-09 16:13:33.951746 DEBUG::Standardize: TRUE
2024-06-09 16:13:33.952065 DEBUG::Cores: 1
2024-06-09 16:13:33.952367 INFO::Verifying options selected are valid
2024-06-09 16:13:33.953945 INFO::Determining format of input files
2024-06-09 16:13:33.955232 INFO::Input format is data samples as columns and metadata samples as rows
2024-06-09 16:13:33.957617 DEBUG::Transformed data so samples are rows
2024-06-09 16:13:33.958331 DEBUG::A total of 139 samples were found in both the data and metadata
2024-06-09 16:13:33.958758 DEBUG::Reordering data/metadata to use same sample ordering
2024-06-09 16:13:33.959935 INFO::Formula for random effects: expr ~ (1 | MouseID)
2024-06-09 16:13:33.962153 INFO::Formula for fixed effects: expr ~  Sequencing_Run + Sex + Site
2024-06-09 16:13:33.963306 INFO::Factor detected for categorial metadata 'Sequencing_Run'. Provide a reference argument or manually set factor ordering to change reference level.
2024-06-09 16:13:33.964441 INFO::Factor detected for categorial metadata 'Sex'. Provide a reference argument or manually set factor ordering to change reference level.
2024-06-09 16:13:33.965446 INFO::Factor detected for categorial metadata 'Site'. Provide a reference argument or manually set factor ordering to change reference level.
2024-06-09 16:13:33.966602 INFO::Filter data based on min abundance and min prevalence
2024-06-09 16:13:33.967874 INFO::Total samples in data: 139
2024-06-09 16:13:33.969094 INFO::Min samples required with min abundance for a feature not to be filtered: 20.850000
2024-06-09 16:13:33.970323 INFO::Total filtered features: 0
2024-06-09 16:13:33.971415 INFO::Filtered feature names from abundance and prevalence filtering:
2024-06-09 16:13:33.974465 INFO::Total filtered features with variance filtering: 0
2024-06-09 16:13:33.976784 INFO::Filtered feature names from variance filtering:
2024-06-09 16:13:33.978221 INFO::Running selected normalization method: CLR
2024-06-09 16:13:33.981155 INFO::Applying z-score to standardize continuous metadata
2024-06-09 16:13:33.987572 INFO::Running selected transform method: NONE
2024-06-09 16:13:33.989267 INFO::Running selected analysis method: LM
2024-06-09 16:13:33.991587 INFO::Fitting model to feature number 1, k__Bacteria.p__Firmicutes
2024-06-09 16:13:34.066396 INFO::Fitting model to feature number 2, k__Bacteria.p__Bacteroidota
2024-06-09 16:13:34.137414 INFO::Fitting model to feature number 3, k__Bacteria.p__Desulfobacterota
2024-06-09 16:13:34.199784 INFO::Fitting model to feature number 4, k__Bacteria.p__Cyanobacteria
2024-06-09 16:13:34.26966 INFO::Fitting model to feature number 5, k__Bacteria.p__Proteobacteria
2024-06-09 16:13:34.331853 INFO::Fitting model to feature number 6, k__Bacteria.p__Actinobacteriota
2024-06-09 16:13:34.4058 INFO::Fitting model to feature number 7, k__Bacteria.p__Verrucomicrobiota
2024-06-09 16:13:34.473209 INFO::Counting total values for each feature
2024-06-09 16:13:34.478559 INFO::Writing filtered data to file Maaslin2_L2/UCLA_V_SPF/L2-DCvsAll-CLR-Muc-ComBat-SeqRunSexSite-1-MsID/features/filtered_data.tsv
2024-06-09 16:13:34.481157 INFO::Writing filtered, normalized data to file Maaslin2_L2/UCLA_V_SPF/L2-DCvsAll-CLR-Muc-ComBat-SeqRunSexSite-1-MsID/features/filtered_data_norm.tsv
2024-06-09 16:13:34.484705 INFO::Writing filtered, normalized, transformed data to file Maaslin2_L2/UCLA_V_SPF/L2-DCvsAll-CLR-Muc-ComBat-SeqRunSexSite-1-MsID/features/filtered_data_norm_transformed.tsv
2024-06-09 16:13:34.48763 INFO::Writing residuals to file Maaslin2_L2/UCLA_V_SPF/L2-DCvsAll-CLR-Muc-ComBat-SeqRunSexSite-1-MsID/fits/residuals.rds
2024-06-09 16:13:34.489428 INFO::Writing fitted values to file Maaslin2_L2/UCLA_V_SPF/L2-DCvsAll-CLR-Muc-ComBat-SeqRunSexSite-1-MsID/fits/fitted.rds
2024-06-09 16:13:34.492105 INFO::Writing extracted random effects to file Maaslin2_L2/UCLA_V_SPF/L2-DCvsAll-CLR-Muc-ComBat-SeqRunSexSite-1-MsID/fits/ranef.rds
2024-06-09 16:13:34.494905 INFO::Writing all results to file (ordered by increasing q-values): Maaslin2_L2/UCLA_V_SPF/L2-DCvsAll-CLR-Muc-ComBat-SeqRunSexSite-1-MsID/all_results.tsv
2024-06-09 16:13:34.498223 INFO::Writing the significant results (those which are less than or equal to the threshold of 0.250000 ) to file (ordered by increasing q-values): Maaslin2_L2/UCLA_V_SPF/L2-DCvsAll-CLR-Muc-ComBat-SeqRunSexSite-1-MsID/significant_results.tsv
