2024-06-09 16:28:05.740624 INFO::Writing function arguments to log file
2024-06-09 16:28:05.742848 DEBUG::Function arguments
2024-06-09 16:28:05.743438 DEBUG::Output folder: Maaslin2_L2/HUM_Gavage/L2-DCvsAll-CLR-Muc-ComBat-SeqRunSexSite-1-MsID
2024-06-09 16:28:05.744146 DEBUG::Min Abundance: 0.000000
2024-06-09 16:28:05.744706 DEBUG::Min Prevalence: 0.150000
2024-06-09 16:28:05.74538 DEBUG::Normalization: CLR
2024-06-09 16:28:05.745895 DEBUG::Transform: NONE
2024-06-09 16:28:05.74632 DEBUG::Analysis method: LM
2024-06-09 16:28:05.746778 DEBUG::Max significance: 0.250000
2024-06-09 16:28:05.747184 DEBUG::Random effects: MouseID
2024-06-09 16:28:05.747573 DEBUG::Fixed effects: Sequencing_Run,Sex,Site
2024-06-09 16:28:05.74792 DEBUG::Correction method: BH
2024-06-09 16:28:05.748374 DEBUG::Standardize: TRUE
2024-06-09 16:28:05.749675 DEBUG::Cores: 1
2024-06-09 16:28:05.750132 INFO::Verifying options selected are valid
2024-06-09 16:28:05.751514 INFO::Determining format of input files
2024-06-09 16:28:05.753572 INFO::Input format is data samples as columns and metadata samples as rows
2024-06-09 16:28:05.756287 DEBUG::Transformed data so samples are rows
2024-06-09 16:28:05.757381 DEBUG::A total of 42 samples were found in both the data and metadata
2024-06-09 16:28:05.758132 DEBUG::Reordering data/metadata to use same sample ordering
2024-06-09 16:28:05.759281 INFO::Formula for random effects: expr ~ (1 | MouseID)
2024-06-09 16:28:05.762704 INFO::Formula for fixed effects: expr ~  Sequencing_Run + Sex + Site
2024-06-09 16:28:05.766953 INFO::Factor detected for categorial metadata 'Sequencing_Run'. Provide a reference argument or manually set factor ordering to change reference level.
2024-06-09 16:28:05.768484 INFO::Factor detected for categorial metadata 'Sex'. Provide a reference argument or manually set factor ordering to change reference level.
2024-06-09 16:28:05.770107 INFO::Factor detected for categorial metadata 'Site'. Provide a reference argument or manually set factor ordering to change reference level.
2024-06-09 16:28:05.771232 INFO::Filter data based on min abundance and min prevalence
2024-06-09 16:28:05.772165 INFO::Total samples in data: 42
2024-06-09 16:28:05.773044 INFO::Min samples required with min abundance for a feature not to be filtered: 6.300000
2024-06-09 16:28:05.774168 INFO::Total filtered features: 0
2024-06-09 16:28:05.775222 INFO::Filtered feature names from abundance and prevalence filtering:
2024-06-09 16:28:05.776821 INFO::Total filtered features with variance filtering: 0
2024-06-09 16:28:05.777886 INFO::Filtered feature names from variance filtering:
2024-06-09 16:28:05.77942 INFO::Running selected normalization method: CLR
2024-06-09 16:28:05.781224 INFO::Applying z-score to standardize continuous metadata
2024-06-09 16:28:05.785494 INFO::Running selected transform method: NONE
2024-06-09 16:28:05.786972 INFO::Running selected analysis method: LM
2024-06-09 16:28:05.789675 INFO::Fitting model to feature number 1, k__Bacteria.p__Bacteroidota
2024-06-09 16:28:05.848747 INFO::Fitting model to feature number 2, k__Bacteria.p__Firmicutes
2024-06-09 16:28:05.907491 INFO::Fitting model to feature number 3, k__Bacteria.p__Proteobacteria
2024-06-09 16:28:05.968786 INFO::Fitting model to feature number 4, k__Bacteria.p__Verrucomicrobiota
2024-06-09 16:28:06.028841 INFO::Fitting model to feature number 5, k__Bacteria.p__Actinobacteriota
2024-06-09 16:28:06.085674 INFO::Fitting model to feature number 6, k__Bacteria.p__Desulfobacterota
2024-06-09 16:28:06.14861 INFO::Counting total values for each feature
2024-06-09 16:28:06.154044 INFO::Writing filtered data to file Maaslin2_L2/HUM_Gavage/L2-DCvsAll-CLR-Muc-ComBat-SeqRunSexSite-1-MsID/features/filtered_data.tsv
2024-06-09 16:28:06.156082 INFO::Writing filtered, normalized data to file Maaslin2_L2/HUM_Gavage/L2-DCvsAll-CLR-Muc-ComBat-SeqRunSexSite-1-MsID/features/filtered_data_norm.tsv
2024-06-09 16:28:06.15756 INFO::Writing filtered, normalized, transformed data to file Maaslin2_L2/HUM_Gavage/L2-DCvsAll-CLR-Muc-ComBat-SeqRunSexSite-1-MsID/features/filtered_data_norm_transformed.tsv
2024-06-09 16:28:06.159102 INFO::Writing residuals to file Maaslin2_L2/HUM_Gavage/L2-DCvsAll-CLR-Muc-ComBat-SeqRunSexSite-1-MsID/fits/residuals.rds
2024-06-09 16:28:06.161092 INFO::Writing fitted values to file Maaslin2_L2/HUM_Gavage/L2-DCvsAll-CLR-Muc-ComBat-SeqRunSexSite-1-MsID/fits/fitted.rds
2024-06-09 16:28:06.163392 INFO::Writing extracted random effects to file Maaslin2_L2/HUM_Gavage/L2-DCvsAll-CLR-Muc-ComBat-SeqRunSexSite-1-MsID/fits/ranef.rds
2024-06-09 16:28:06.165616 INFO::Writing all results to file (ordered by increasing q-values): Maaslin2_L2/HUM_Gavage/L2-DCvsAll-CLR-Muc-ComBat-SeqRunSexSite-1-MsID/all_results.tsv
2024-06-09 16:28:06.168575 INFO::Writing the significant results (those which are less than or equal to the threshold of 0.250000 ) to file (ordered by increasing q-values): Maaslin2_L2/HUM_Gavage/L2-DCvsAll-CLR-Muc-ComBat-SeqRunSexSite-1-MsID/significant_results.tsv
