2024-06-09 16:13:24.49247 INFO::Writing function arguments to log file
2024-06-09 16:13:24.495171 DEBUG::Function arguments
2024-06-09 16:13:24.496134 DEBUG::Output folder: Maaslin2_L2/UCLA_V_SPF/L2_ColonRef-CLR-Muc-SeqRunSexSite_General-1-MsID
2024-06-09 16:13:24.496809 DEBUG::Min Abundance: 0.000000
2024-06-09 16:13:24.497296 DEBUG::Min Prevalence: 0.150000
2024-06-09 16:13:24.497729 DEBUG::Normalization: CLR
2024-06-09 16:13:24.498183 DEBUG::Transform: NONE
2024-06-09 16:13:24.4986 DEBUG::Analysis method: LM
2024-06-09 16:13:24.498969 DEBUG::Max significance: 0.250000
2024-06-09 16:13:24.499689 DEBUG::Random effects: MouseID
2024-06-09 16:13:24.500145 DEBUG::Fixed effects: Sequencing_Run,Sex,Site_General
2024-06-09 16:13:24.500575 DEBUG::Correction method: BH
2024-06-09 16:13:24.500965 DEBUG::Standardize: TRUE
2024-06-09 16:13:24.501289 DEBUG::Cores: 1
2024-06-09 16:13:24.501603 INFO::Verifying options selected are valid
2024-06-09 16:13:24.503276 INFO::Determining format of input files
2024-06-09 16:13:24.504934 INFO::Input format is data samples as columns and metadata samples as rows
2024-06-09 16:13:24.507643 DEBUG::Transformed data so samples are rows
2024-06-09 16:13:24.508532 DEBUG::A total of 139 samples were found in both the data and metadata
2024-06-09 16:13:24.509174 DEBUG::Reordering data/metadata to use same sample ordering
2024-06-09 16:13:24.510725 INFO::Formula for random effects: expr ~ (1 | MouseID)
2024-06-09 16:13:24.512764 INFO::Formula for fixed effects: expr ~  Sequencing_Run + Sex + Site_General
2024-06-09 16:13:24.514973 INFO::Factor detected for categorial metadata 'Sequencing_Run'. Provide a reference argument or manually set factor ordering to change reference level.
2024-06-09 16:13:24.518411 INFO::Factor detected for categorial metadata 'Sex'. Provide a reference argument or manually set factor ordering to change reference level.
2024-06-09 16:13:24.519535 INFO::Factor detected for categorial metadata 'Site_General'. Provide a reference argument or manually set factor ordering to change reference level.
2024-06-09 16:13:24.521471 INFO::Filter data based on min abundance and min prevalence
2024-06-09 16:13:24.522936 INFO::Total samples in data: 139
2024-06-09 16:13:24.524083 INFO::Min samples required with min abundance for a feature not to be filtered: 20.850000
2024-06-09 16:13:24.525337 INFO::Total filtered features: 0
2024-06-09 16:13:24.526549 INFO::Filtered feature names from abundance and prevalence filtering:
2024-06-09 16:13:24.52859 INFO::Total filtered features with variance filtering: 0
2024-06-09 16:13:24.53004 INFO::Filtered feature names from variance filtering:
2024-06-09 16:13:24.531161 INFO::Running selected normalization method: CLR
2024-06-09 16:13:24.535805 INFO::Applying z-score to standardize continuous metadata
2024-06-09 16:13:24.541288 INFO::Running selected transform method: NONE
2024-06-09 16:13:24.542738 INFO::Running selected analysis method: LM
2024-06-09 16:13:24.544349 INFO::Fitting model to feature number 1, k__Bacteria.p__Firmicutes
2024-06-09 16:13:24.614048 INFO::Fitting model to feature number 2, k__Bacteria.p__Bacteroidota
2024-06-09 16:13:24.678937 INFO::Fitting model to feature number 3, k__Bacteria.p__Desulfobacterota
2024-06-09 16:13:24.749046 INFO::Fitting model to feature number 4, k__Bacteria.p__Cyanobacteria
2024-06-09 16:13:24.80943 INFO::Fitting model to feature number 5, k__Bacteria.p__Proteobacteria
2024-06-09 16:13:24.869261 INFO::Fitting model to feature number 6, k__Bacteria.p__Actinobacteriota
2024-06-09 16:13:24.949455 INFO::Fitting model to feature number 7, k__Bacteria.p__Verrucomicrobiota
2024-06-09 16:13:25.046406 INFO::Counting total values for each feature
2024-06-09 16:13:25.05198 INFO::Writing filtered data to file Maaslin2_L2/UCLA_V_SPF/L2_ColonRef-CLR-Muc-SeqRunSexSite_General-1-MsID/features/filtered_data.tsv
2024-06-09 16:13:25.057564 INFO::Writing filtered, normalized data to file Maaslin2_L2/UCLA_V_SPF/L2_ColonRef-CLR-Muc-SeqRunSexSite_General-1-MsID/features/filtered_data_norm.tsv
2024-06-09 16:13:25.062534 INFO::Writing filtered, normalized, transformed data to file Maaslin2_L2/UCLA_V_SPF/L2_ColonRef-CLR-Muc-SeqRunSexSite_General-1-MsID/features/filtered_data_norm_transformed.tsv
2024-06-09 16:13:25.066941 INFO::Writing residuals to file Maaslin2_L2/UCLA_V_SPF/L2_ColonRef-CLR-Muc-SeqRunSexSite_General-1-MsID/fits/residuals.rds
2024-06-09 16:13:25.069193 INFO::Writing fitted values to file Maaslin2_L2/UCLA_V_SPF/L2_ColonRef-CLR-Muc-SeqRunSexSite_General-1-MsID/fits/fitted.rds
2024-06-09 16:13:25.071119 INFO::Writing extracted random effects to file Maaslin2_L2/UCLA_V_SPF/L2_ColonRef-CLR-Muc-SeqRunSexSite_General-1-MsID/fits/ranef.rds
2024-06-09 16:13:25.074306 INFO::Writing all results to file (ordered by increasing q-values): Maaslin2_L2/UCLA_V_SPF/L2_ColonRef-CLR-Muc-SeqRunSexSite_General-1-MsID/all_results.tsv
2024-06-09 16:13:25.077237 INFO::Writing the significant results (those which are less than or equal to the threshold of 0.250000 ) to file (ordered by increasing q-values): Maaslin2_L2/UCLA_V_SPF/L2_ColonRef-CLR-Muc-SeqRunSexSite_General-1-MsID/significant_results.tsv
