2024-10-18 12:31:59.248815 INFO::Writing function arguments to log file
2024-10-18 12:31:59.249691 DEBUG::Function arguments
2024-10-18 12:31:59.249964 DEBUG::Output folder: /home/julianne/Documents/biogeography/Shotgun/melonnpan/CS_SPF/Mets-SexSite-1-MsID/
2024-10-18 12:31:59.250185 DEBUG::Min Abundance: 0.000000
2024-10-18 12:31:59.250392 DEBUG::Min Prevalence: 0.150000
2024-10-18 12:31:59.250606 DEBUG::Normalization: NONE
2024-10-18 12:31:59.250803 DEBUG::Transform: LOG
2024-10-18 12:31:59.251002 DEBUG::Analysis method: LM
2024-10-18 12:31:59.251207 DEBUG::Max significance: 0.250000
2024-10-18 12:31:59.251402 DEBUG::Random effects: MouseID
2024-10-18 12:31:59.251682 DEBUG::Fixed effects: Sex,Site
2024-10-18 12:31:59.25213 DEBUG::Correction method: BH
2024-10-18 12:31:59.252591 DEBUG::Standardize: TRUE
2024-10-18 12:31:59.253062 DEBUG::Cores: 1
2024-10-18 12:31:59.253605 INFO::Verifying options selected are valid
2024-10-18 12:31:59.254527 INFO::Determining format of input files
2024-10-18 12:31:59.255474 INFO::Input format is data samples as columns and metadata samples as rows
2024-10-18 12:31:59.258897 DEBUG::Transformed data so samples are rows
2024-10-18 12:31:59.260785 DEBUG::A total of 19 samples were found in both the data and metadata
2024-10-18 12:31:59.261193 DEBUG::Reordering data/metadata to use same sample ordering
2024-10-18 12:31:59.26795 INFO::Formula for random effects: expr ~ (1 | MouseID)
2024-10-18 12:31:59.269017 INFO::Formula for fixed effects: expr ~  Sex + Site
2024-10-18 12:31:59.269823 INFO::Factor detected for categorial metadata 'Sex'. Provide a reference argument or manually set factor ordering to change reference level.
2024-10-18 12:31:59.270658 INFO::Filter data based on min abundance and min prevalence
2024-10-18 12:31:59.271378 INFO::Total samples in data: 19
2024-10-18 12:31:59.27205 INFO::Min samples required with min abundance for a feature not to be filtered: 2.850000
2024-10-18 12:31:59.281035 INFO::Total filtered features: 0
2024-10-18 12:31:59.282076 INFO::Filtered feature names from abundance and prevalence filtering:
2024-10-18 12:31:59.296509 INFO::Total filtered features with variance filtering: 18
2024-10-18 12:31:59.298326 INFO::Filtered feature names from variance filtering: X13.HpOTrE, PC.O.36.5.PC.O.16.0_20.5, TG.14.0_16.0_17.1, TG.50.4, TG.52.0, TG.53.2, noradrenaline, lyxose, isomaltose, isoleucine, beta.sitosterol, X5.ketogluconate, X6H.2.Benzopyran.6.one..5.chloro.3..3.4.dihydroxy.3.5.dimethyl.1.hepten.1.yl..7.8.dihydro.7.8.dihydroxy.7.methyl., X7.Diethylamino.4.methylcoumarin, histidinol, N..4.Hydroxyphenyl.propanamide, N.Carboxyethyl.gamma.aminobutyric.acid, tryptophan.betaine
2024-10-18 12:31:59.299809 INFO::Running selected normalization method: NONE
2024-10-18 12:31:59.300961 INFO::Applying z-score to standardize continuous metadata
2024-10-18 12:31:59.304366 INFO::Running selected transform method: LOG
2024-10-18 12:31:59.317027 INFO::Running selected analysis method: LM
2024-10-18 12:31:59.318635 INFO::Fitting model to feature number 1, X13.KODE
2024-10-18 12:31:59.361485 INFO::Fitting model to feature number 2, X3.hydroxymyristic.acid
2024-10-18 12:31:59.452097 INFO::Fitting model to feature number 3, X4.HDoHE
2024-10-18 12:31:59.490665 INFO::Fitting model to feature number 4, CAR.14.1
2024-10-18 12:31:59.535398 INFO::Fitting model to feature number 5, CAR.16.0
2024-10-18 12:31:59.577481 INFO::Fitting model to feature number 6, CAR.18.0.Isomer.A
2024-10-18 12:31:59.619634 INFO::Fitting model to feature number 7, CAR.18.2.Isomer.B
2024-10-18 12:31:59.659973 INFO::Fitting model to feature number 8, Cer.16.0.2O_23.0
2024-10-18 12:31:59.705398 INFO::Fitting model to feature number 9, Cer.17.0.3O.24.0..2OH.
2024-10-18 12:31:59.766455 INFO::Fitting model to feature number 10, Cer.17.1.2O.24.1
2024-10-18 12:31:59.812862 INFO::Fitting model to feature number 11, Cer.18.0.2O.16.0
2024-10-18 12:31:59.868248 INFO::Fitting model to feature number 12, Cer.18.0.2O_20.0
2024-10-18 12:31:59.920604 INFO::Fitting model to feature number 13, Cer.18.1.2O.23.0..2OH.
2024-10-18 12:31:59.977512 INFO::Fitting model to feature number 14, Cer.18.1.2O_22.0..2OH.
2024-10-18 12:32:00.028171 INFO::Fitting model to feature number 15, Cer.18.1.3O.25.0
2024-10-18 12:32:00.074802 INFO::Fitting model to feature number 16, Cer.18.2.2O.22.0
2024-10-18 12:32:00.118607 INFO::Fitting model to feature number 17, Cer.18.2.2O.24.1
2024-10-18 12:32:00.16177 INFO::Fitting model to feature number 18, Cer.19.1.2O.24.1
2024-10-18 12:32:00.236773 INFO::Fitting model to feature number 19, Cer.20.0.2O.26.0
2024-10-18 12:32:00.275041 INFO::Fitting model to feature number 20, Cer.31.2.O3.Cer.18.1.O2.13.1.O
2024-10-18 12:32:00.320916 INFO::Fitting model to feature number 21, Cer.33.0.O3.Cer.17.0.O2.16.0.3OH.
2024-10-18 12:32:00.363239 INFO::Fitting model to feature number 22, Cer.33.0.O3.Cer.17.0.O2.16.0.O
2024-10-18 12:32:00.402917 INFO::Fitting model to feature number 23, Cer.33.1.O2.Cer.17.1.O2.16.0
2024-10-18 12:32:00.45752 INFO::Fitting model to feature number 24, Cer.34.0.O3.Cer.17.0.O2.17.0.3OH.
2024-10-18 12:32:00.504392 INFO::Fitting model to feature number 25, Cer.34.1.O2.Cer.18.1.O2.16.0
2024-10-18 12:32:00.545271 INFO::Fitting model to feature number 26, Cer.34.1.O3.Cer.18.1.O2.16.0.O
2024-10-18 12:32:00.585673 INFO::Fitting model to feature number 27, Cer.34.2.O3.Cer.17.0.O2.17.2.3OH.
2024-10-18 12:32:00.630463 INFO::Fitting model to feature number 28, Cer.35.0.O3.Cer.18.0.O2.17.0.3OH.
2024-10-18 12:32:00.671461 INFO::Fitting model to feature number 29, Cer.35.0.O3.Cer.18.0.O2.17.0.O
2024-10-18 12:32:00.718503 INFO::Fitting model to feature number 30, Cer.35.1.O3.Cer.18.0.O2.17.1.3OH.
2024-10-18 12:32:00.770849 INFO::Fitting model to feature number 31, Cer.35.1.O3.Cer.19.0.O2.16.1.O
2024-10-18 12:32:00.821723 INFO::Fitting model to feature number 32, Cer.36.0.O3.Cer.19.0.O2.17.0.3OH.
2024-10-18 12:32:00.865067 INFO::Fitting model to feature number 33, Cer.36.0.O3.Cer.19.0.O2.17.0.O
2024-10-18 12:32:00.917099 INFO::Fitting model to feature number 34, Cer.36.0.O4.Cer.18.0.O3.18.0.2OH.
2024-10-18 12:32:01.004188 INFO::Fitting model to feature number 35, Cer.36.1.O2.Cer.18.0.O2.18.1
2024-10-18 12:32:01.050687 INFO::Fitting model to feature number 36, Cer.36.1.O3.Cer.18.0.O2.18.1.O
2024-10-18 12:32:01.106121 INFO::Fitting model to feature number 37, Cer.36.1.O3.Cer.18.1.O2.18.0.O
2024-10-18 12:32:01.164418 INFO::Fitting model to feature number 38, Cer.36.2.O2.Cer.18.1.O2.18.1
2024-10-18 12:32:01.204567 INFO::Fitting model to feature number 39, Cer.36.3.O2.Cer.18.1.O2.18.2
2024-10-18 12:32:01.248687 INFO::Fitting model to feature number 40, Cer.38.0.O2.Cer.20.0.O2.18.0
2024-10-18 12:32:01.294036 INFO::Fitting model to feature number 41, Cer.38.0.O3.Cer.20.0.O2.18.0.O
2024-10-18 12:32:01.339665 INFO::Fitting model to feature number 42, Cer.38.0.O4.Cer.18.0.O3.20.0.2OH.
2024-10-18 12:32:01.385195 INFO::Fitting model to feature number 43, Cer.38.2.O2.Cer.18.1.O2.20.1
2024-10-18 12:32:01.430311 INFO::Fitting model to feature number 44, Cer.38.3.O3.Cer.18.1.O2.20.2.O
2024-10-18 12:32:01.474632 INFO::Fitting model to feature number 45, Cer.38.3.O4.Cer.24.2.O3.14.1.2OH.
2024-10-18 12:32:01.517212 INFO::Fitting model to feature number 46, Cer.38.5.O3.Cer.18.1.O2.20.4.O
2024-10-18 12:32:01.558982 INFO::Fitting model to feature number 47, Cer.39.1.O2.Cer.18.1.O2.21.0
2024-10-18 12:32:01.604022 INFO::Fitting model to feature number 48, Cer.40.0.O3.Cer.18.0.O2.22.0.O
2024-10-18 12:32:01.644892 INFO::Fitting model to feature number 49, Cer.40.2.O2.Cer.18.1.O2.22.1
2024-10-18 12:32:01.687755 INFO::Fitting model to feature number 50, Cer.41.0.O2.Cer.18.0.O2.23.0
2024-10-18 12:32:01.730326 INFO::Fitting model to feature number 51, Cer.41.0.O4.Cer.18.0.O3.23.0.2OH.
2024-10-18 12:32:01.804148 INFO::Fitting model to feature number 52, Cer.41.1.O2.Cer.17.1.O2.24.0
2024-10-18 12:32:01.85888 INFO::Fitting model to feature number 53, Cer.41.1.O3.Cer.21.0.O2.20.1.O
2024-10-18 12:32:01.917945 INFO::Fitting model to feature number 54, Cer.41.2.3O.Cer.22.2.O2.19.0.O
2024-10-18 12:32:01.976935 INFO::Fitting model to feature number 55, Cer.41.3.3O.Cer.22.1.O2.19.2.O
2024-10-18 12:32:02.036404 INFO::Fitting model to feature number 56, Cer.42.0.O3.Cer.18.0.O2.24.0.2OH.
2024-10-18 12:32:02.077163 INFO::Fitting model to feature number 57, Cer.42.0.O3.Cer.18.0.O2.24.0.O
2024-10-18 12:32:02.131603 INFO::Fitting model to feature number 58, Cer.42.0.O3.Cer.18.0.O3.24.0
2024-10-18 12:32:02.18451 INFO::Fitting model to feature number 59, Cer.42.0.O3.Cer.20.0.O2.22.0.O
2024-10-18 12:32:02.230598 INFO::Fitting model to feature number 60, Cer.42.1.O3.Cer.18.1.O2.24.0.2OH.
2024-10-18 12:32:02.300202 INFO::Fitting model to feature number 61, Cer.42.1.O3.Cer.20.1.O2.22.0.O
2024-10-18 12:32:02.37163 INFO::Fitting model to feature number 62, Cer.42.1.O4.Cer.18.0.O3.24.1.2OH.
2024-10-18 12:32:02.4287 INFO::Fitting model to feature number 63, Cer.42.2.O2.Cer.18.1.O2.24.1
2024-10-18 12:32:02.482338 INFO::Fitting model to feature number 64, Cer.42.2.O4.Cer.18.1.O3.24.1.2OH.
2024-10-18 12:32:02.545505 INFO::Fitting model to feature number 65, Cer.42.3.O2.Cer.22.0.O2.20.3
2024-10-18 12:32:02.596195 INFO::Fitting model to feature number 66, Cer.43.0.O2.Cer.17.0.O2.26.0
2024-10-18 12:32:02.650482 INFO::Fitting model to feature number 67, Cer.43.0.O4.Cer.18.0.O3.25.0.2OH.
2024-10-18 12:32:02.745717 INFO::Fitting model to feature number 68, Cer.43.1.O2.Cer.17.1.O2.26.0
2024-10-18 12:32:02.809632 INFO::Fitting model to feature number 69, Cer.43.3.O3.Cer.22.2.O2.21.1.O
2024-10-18 12:32:02.87351 INFO::Fitting model to feature number 70, Cer.44.0.O3.Cer.20.0.O2.24.0.O
2024-10-18 12:32:02.936776 INFO::Fitting model to feature number 71, Cer.44.1.O3.Cer.20.1.O2.24.0.2OH.
2024-10-18 12:32:02.998375 INFO::Fitting model to feature number 72, Cer.46.1.O2.Cer.20.1.O2.26.0
2024-10-18 12:32:03.050731 INFO::Fitting model to feature number 73, Cer.46.1.O3.Cer.20.1.O2.26.0.2OH.
2024-10-18 12:32:03.105451 INFO::Fitting model to feature number 74, Cer.46.4.O2.Cer.18.1.O2.28.3
2024-10-18 12:32:03.168567 INFO::Fitting model to feature number 75, Cer.50.1.O4.Cer.18.0.O2.17.0.3OH..FA.15.0.
2024-10-18 12:32:03.221406 INFO::Fitting model to feature number 76, Cer.50.1.O4.Cer.35.0.O3.FA.15.0.
2024-10-18 12:32:03.27869 INFO::Fitting model to feature number 77, Cer.52.2.O3.Cer.18.1.O2.34.1.O
2024-10-18 12:32:03.340661 INFO::Fitting model to feature number 78, Cer.d31.2
2024-10-18 12:32:03.403905 INFO::Fitting model to feature number 79, Cer.d32.1
2024-10-18 12:32:03.467525 INFO::Fitting model to feature number 80, Cer.d33.1
2024-10-18 12:32:03.52963 INFO::Fitting model to feature number 81, Cer.d34.0
2024-10-18 12:32:03.59069 INFO::Fitting model to feature number 82, Cer.d34.1
2024-10-18 12:32:03.642983 INFO::Fitting model to feature number 83, Cer.d34.2.Isomer.A
2024-10-18 12:32:03.744037 INFO::Fitting model to feature number 84, Cer.d34.2.Isomer.B
2024-10-18 12:32:03.804905 INFO::Fitting model to feature number 85, Cer.d35.1
2024-10-18 12:32:03.85693 INFO::Fitting model to feature number 86, Cer.d36.1
2024-10-18 12:32:03.905801 INFO::Fitting model to feature number 87, Cer.d36.2
2024-10-18 12:32:03.970619 INFO::Fitting model to feature number 88, Cer.d37.1
2024-10-18 12:32:04.018075 INFO::Fitting model to feature number 89, Cer.d38.1
2024-10-18 12:32:04.064968 INFO::Fitting model to feature number 90, Cer.d39.1
2024-10-18 12:32:04.115858 INFO::Fitting model to feature number 91, Cer.d40.0
2024-10-18 12:32:04.162603 INFO::Fitting model to feature number 92, Cer.d40.1
2024-10-18 12:32:04.215954 INFO::Fitting model to feature number 93, Cer.d40.2
2024-10-18 12:32:04.266972 INFO::Fitting model to feature number 94, Cer.d41.1
2024-10-18 12:32:04.316739 INFO::Fitting model to feature number 95, Cer.d41.2
2024-10-18 12:32:04.373461 INFO::Fitting model to feature number 96, Cer.d42.0
2024-10-18 12:32:04.429857 INFO::Fitting model to feature number 97, Cer.d42.1
2024-10-18 12:32:04.481169 INFO::Fitting model to feature number 98, Cer.d42.2.Isomer.A
2024-10-18 12:32:04.531325 INFO::Fitting model to feature number 99, Cer.d42.2.Isomer.B
2024-10-18 12:32:04.621139 INFO::Fitting model to feature number 100, Cer.d42.3
2024-10-18 12:32:04.671384 INFO::Fitting model to feature number 101, Cer.d43.1
2024-10-18 12:32:04.726558 INFO::Fitting model to feature number 102, Cer.d43.2
2024-10-18 12:32:04.779762 INFO::Fitting model to feature number 103, Cer.d44.2
2024-10-18 12:32:04.835699 INFO::Fitting model to feature number 104, Cer.ADS.d34.0
2024-10-18 12:32:04.891501 INFO::Fitting model to feature number 105, Cer.ADS.d40.0
2024-10-18 12:32:04.961303 INFO::Fitting model to feature number 106, Cer.AS.d34.1
2024-10-18 12:32:05.02879 INFO::Fitting model to feature number 107, Cer.NDS.d36.0
2024-10-18 12:32:05.098561 INFO::Fitting model to feature number 108, Cer.NDS.d39.0
2024-10-18 12:32:05.169956 INFO::Fitting model to feature number 109, Cer.NDS.d40.0
2024-10-18 12:32:05.244624 INFO::Fitting model to feature number 110, Cer.NDS.d41.0
2024-10-18 12:32:05.319403 INFO::Fitting model to feature number 111, Cer.NP.t40.0
2024-10-18 12:32:05.397108 INFO::Fitting model to feature number 112, Cer.NP.t42.0
2024-10-18 12:32:05.477667 INFO::Fitting model to feature number 113, Cer.NP.t42.1
2024-10-18 12:32:05.559595 INFO::Fitting model to feature number 114, Cholesterol
2024-10-18 12:32:05.638808 INFO::Fitting model to feature number 115, cholesterol.3.sulfate....125
2024-10-18 12:32:05.759151 INFO::Fitting model to feature number 116, DG.34.0
2024-10-18 12:32:05.826077 INFO::Fitting model to feature number 117, DG.36.0
2024-10-18 12:32:05.897338 INFO::Fitting model to feature number 118, DG.36.2
2024-10-18 12:32:05.950615 INFO::Fitting model to feature number 119, DGDG.34.2.DGDG.16.0_18.2
2024-10-18 12:32:06.024804 INFO::Fitting model to feature number 120, DGDG.36.3.DGDG.18.1_18.2
2024-10-18 12:32:06.099498 INFO::Fitting model to feature number 121, DGDG.36.4.DGDG.18.2_18.2
2024-10-18 12:32:06.153092 INFO::Fitting model to feature number 122, FA.10.0..capric.acid.
2024-10-18 12:32:06.209476 INFO::Fitting model to feature number 123, FA.11.0..undecylic.acid.
2024-10-18 12:32:06.26685 INFO::Fitting model to feature number 124, FA.13.0..tridecylic.acid.
2024-10-18 12:32:06.32144 INFO::Fitting model to feature number 125, FA.15.0..pentadecylic.acid.
2024-10-18 12:32:06.383355 INFO::Fitting model to feature number 126, FA.15.1
2024-10-18 12:32:06.469283 INFO::Fitting model to feature number 127, FA.15.2
2024-10-18 12:32:06.547239 INFO::Fitting model to feature number 128, FA.17.0..margaric.acid.
2024-10-18 12:32:06.622444 INFO::Fitting model to feature number 129, FA.19.0
2024-10-18 12:32:06.69616 INFO::Fitting model to feature number 130, FA.20.0..arachidic.acid.
2024-10-18 12:32:06.769885 INFO::Fitting model to feature number 131, FA.20.1
2024-10-18 12:32:06.840658 INFO::Fitting model to feature number 132, FA.20.3..eicosatrienoic.acid.
2024-10-18 12:32:06.97498 INFO::Fitting model to feature number 133, FA.20.3..homo.gamma.linolenic.acid.
2024-10-18 12:32:07.054713 INFO::Fitting model to feature number 134, FA.20.4..arachidonic.acid.
2024-10-18 12:32:07.122526 INFO::Fitting model to feature number 135, FA.20.5..eicosapentaenoic.acid.
2024-10-18 12:32:07.184973 INFO::Fitting model to feature number 136, FA.21.0
2024-10-18 12:32:07.233804 INFO::Fitting model to feature number 137, FA.21.1
2024-10-18 12:32:07.28903 INFO::Fitting model to feature number 138, FA.22.0
2024-10-18 12:32:07.37088 INFO::Fitting model to feature number 139, FA.22.1..erucic.acid.
2024-10-18 12:32:07.434757 INFO::Fitting model to feature number 140, FA.22.2..docosadienoic.acid.
2024-10-18 12:32:07.513893 INFO::Fitting model to feature number 141, FA.22.4
2024-10-18 12:32:07.578703 INFO::Fitting model to feature number 142, FA.22.5
2024-10-18 12:32:07.636519 INFO::Fitting model to feature number 143, FA.22.6..docosahexaenoic.acid.
2024-10-18 12:32:07.719006 INFO::Fitting model to feature number 144, FA.23.0
2024-10-18 12:32:07.774606 INFO::Fitting model to feature number 145, FA.23.1
2024-10-18 12:32:07.850635 INFO::Fitting model to feature number 146, FA.24.0
2024-10-18 12:32:07.920243 INFO::Fitting model to feature number 147, FA.24.1
2024-10-18 12:32:07.998745 INFO::Fitting model to feature number 148, FA.24.2
2024-10-18 12:32:08.112645 INFO::Fitting model to feature number 149, FA.24.3
2024-10-18 12:32:08.171457 INFO::Fitting model to feature number 150, FA.24.6
2024-10-18 12:32:08.232659 INFO::Fitting model to feature number 151, FA.25.0
2024-10-18 12:32:08.293602 INFO::Fitting model to feature number 152, FA.25.1
2024-10-18 12:32:08.362242 INFO::Fitting model to feature number 153, FA.26.0
2024-10-18 12:32:08.443484 INFO::Fitting model to feature number 154, FA.26.1
2024-10-18 12:32:08.525347 INFO::Fitting model to feature number 155, FA.26.2
2024-10-18 12:32:08.604177 INFO::Fitting model to feature number 156, FA.27.0
2024-10-18 12:32:08.663469 INFO::Fitting model to feature number 157, FA.27.1
2024-10-18 12:32:08.721029 INFO::Fitting model to feature number 158, FA.28.0
2024-10-18 12:32:08.782896 INFO::Fitting model to feature number 159, FA.28.1
2024-10-18 12:32:08.865969 INFO::Fitting model to feature number 160, FA.29.0
2024-10-18 12:32:08.931302 INFO::Fitting model to feature number 161, FA.29.1
2024-10-18 12:32:08.994669 INFO::Fitting model to feature number 162, FA.30.0
2024-10-18 12:32:09.070036 INFO::Fitting model to feature number 163, FA.30.1
2024-10-18 12:32:09.137199 INFO::Fitting model to feature number 164, FA.31.0
2024-10-18 12:32:09.233062 INFO::Fitting model to feature number 165, FA.31.1
2024-10-18 12:32:09.287141 INFO::Fitting model to feature number 166, FA.32.0
2024-10-18 12:32:09.350457 INFO::Fitting model to feature number 167, FA.32.1
2024-10-18 12:32:09.410591 INFO::Fitting model to feature number 168, FA.32.2
2024-10-18 12:32:09.47118 INFO::Fitting model to feature number 169, FA.33.0
2024-10-18 12:32:09.536739 INFO::Fitting model to feature number 170, FA.33.1
2024-10-18 12:32:09.604852 INFO::Fitting model to feature number 171, FA.34.0
2024-10-18 12:32:09.672596 INFO::Fitting model to feature number 172, FA.34.1
2024-10-18 12:32:09.736475 INFO::Fitting model to feature number 173, FA.34.2
2024-10-18 12:32:09.810312 INFO::Fitting model to feature number 174, FA.35.1
2024-10-18 12:32:09.89641 INFO::Fitting model to feature number 175, FA.36.1
2024-10-18 12:32:09.965607 INFO::Fitting model to feature number 176, FA.36.2
2024-10-18 12:32:10.030915 INFO::Fitting model to feature number 177, FA.37.1
2024-10-18 12:32:10.091285 INFO::Fitting model to feature number 178, FA.38.1
2024-10-18 12:32:10.152993 INFO::Fitting model to feature number 179, FA.39.1
2024-10-18 12:32:10.217434 INFO::Fitting model to feature number 180, FA.40.1
2024-10-18 12:32:10.322177 INFO::Fitting model to feature number 181, FA.41.1
2024-10-18 12:32:10.403738 INFO::Fitting model to feature number 182, FA.42.1
2024-10-18 12:32:10.477238 INFO::Fitting model to feature number 183, FAHFA.40.3
2024-10-18 12:32:10.550051 INFO::Fitting model to feature number 184, FAHFA.42.2
2024-10-18 12:32:10.62939 INFO::Fitting model to feature number 185, GalCer.18.1_24.1
2024-10-18 12:32:10.703334 INFO::Fitting model to feature number 186, Gal.Gal.Cer.d18.1.16.0.or.Lactosylceramide.d18.1.16.0
2024-10-18 12:32:10.75947 INFO::Fitting model to feature number 187, GlcCer.d34.1
2024-10-18 12:32:10.818206 INFO::Fitting model to feature number 188, GlcCer.d38.1
2024-10-18 12:32:10.888377 INFO::Fitting model to feature number 189, GlcCer.d40.1
2024-10-18 12:32:10.964369 INFO::Fitting model to feature number 190, GlcCer.d41.1
2024-10-18 12:32:11.037138 INFO::Fitting model to feature number 191, GlcCer.d42.1
2024-10-18 12:32:11.106414 INFO::Fitting model to feature number 192, GlcCer.d42.2
2024-10-18 12:32:11.1745 INFO::Fitting model to feature number 193, GlcCerd14.14E.20.02OH
2024-10-18 12:32:11.24252 INFO::Fitting model to feature number 194, HexCer.34.0.O4.HexCer.18.0.O3.16.0.2OH.
2024-10-18 12:32:11.300802 INFO::Fitting model to feature number 195, HexCer.34.1.O2.HexCer.18.1.O2.16.0
2024-10-18 12:32:11.347918 INFO::Fitting model to feature number 196, HexCer.34.1.O3.HexCer.18.1.O2.16.0.O
2024-10-18 12:32:11.428531 INFO::Fitting model to feature number 197, HexCer.36.2.O2.HexCer.18.1.O2.18.1
2024-10-18 12:32:11.474272 INFO::Fitting model to feature number 198, HexCer.38.0.O4.HexCer.18.0.O3.20.0.2OH.
2024-10-18 12:32:11.540405 INFO::Fitting model to feature number 199, HexCer.38.1.O3.HexCer.18.1.O2.20.0.O
2024-10-18 12:32:11.588807 INFO::Fitting model to feature number 200, HexCer.40.0.O4.HexCer.18.0.O3.22.0.2OH.
2024-10-18 12:32:11.649117 INFO::Fitting model to feature number 201, HexCer.40.1.O3.HexCer.18.1.O2.22.0.O
2024-10-18 12:32:11.716301 INFO::Fitting model to feature number 202, HexCer.41.0.O4.HexCer.18.0.O3.23.0.2OH.
2024-10-18 12:32:11.768838 INFO::Fitting model to feature number 203, HexCer.42.0.O4.HexCer.18.0.O3.24.0.2OH.
2024-10-18 12:32:11.84589 INFO::Fitting model to feature number 204, HexCer.42.1.O3
2024-10-18 12:32:11.943966 INFO::Fitting model to feature number 205, HexCer.42.1.O3.HexCer.18.1.O2.24.0.O
2024-10-18 12:32:12.034201 INFO::Fitting model to feature number 206, HexCer.42.1.O4.HexCer.18.0.O3.24.1.2OH.
2024-10-18 12:32:12.092541 INFO::Fitting model to feature number 207, HexCer.42.2.O4.HexCer.18.1.O3.24.1.2OH.
2024-10-18 12:32:12.164588 INFO::Fitting model to feature number 208, HexCer.43.0.O4.HexCer.19.0.O3.24.0.2OH.
2024-10-18 12:32:12.227182 INFO::Fitting model to feature number 209, HexCer.44.0.O4.HexCer.20.0.O3.24.0.2OH.
2024-10-18 12:32:12.291038 INFO::Fitting model to feature number 210, Hexosyl.LPE.16.0
2024-10-18 12:32:12.342374 INFO::Fitting model to feature number 211, lactosylceramide.d18.1.24.1.15Z
2024-10-18 12:32:12.400647 INFO::Fitting model to feature number 212, LNAPE.20.4_N.19.1
2024-10-18 12:32:12.508045 INFO::Fitting model to feature number 213, LPC.17.0
2024-10-18 12:32:12.557887 INFO::Fitting model to feature number 214, LPC.18.0....265
2024-10-18 12:32:12.615083 INFO::Fitting model to feature number 215, LPC.18.2
2024-10-18 12:32:12.67565 INFO::Fitting model to feature number 216, LPC.18.3
2024-10-18 12:32:12.745408 INFO::Fitting model to feature number 217, LPC.19.0
2024-10-18 12:32:12.818427 INFO::Fitting model to feature number 218, LPC.20.0
2024-10-18 12:32:12.874319 INFO::Fitting model to feature number 219, LPC.20.1
2024-10-18 12:32:12.943608 INFO::Fitting model to feature number 220, LPC.20.4
2024-10-18 12:32:13.005768 INFO::Fitting model to feature number 221, LPC.24.0.SN1
2024-10-18 12:32:13.063736 INFO::Fitting model to feature number 222, LPC.O.16.0
2024-10-18 12:32:13.136796 INFO::Fitting model to feature number 223, LPC.O.16.1....276
2024-10-18 12:32:13.208161 INFO::Fitting model to feature number 224, LPC.O.18.0
2024-10-18 12:32:13.274284 INFO::Fitting model to feature number 225, LPC.O.18.1
2024-10-18 12:32:13.321412 INFO::Fitting model to feature number 226, LPC.O.20.0
2024-10-18 12:32:13.390041 INFO::Fitting model to feature number 227, LPC.O.22.0
2024-10-18 12:32:13.459749 INFO::Fitting model to feature number 228, LPC.P.18.0.or.LPC.O.18.1
2024-10-18 12:32:13.515809 INFO::Fitting model to feature number 229, LPE.15.0
2024-10-18 12:32:13.607099 INFO::Fitting model to feature number 230, LPE.16.0....284
2024-10-18 12:32:13.664584 INFO::Fitting model to feature number 231, LPE.18.0
2024-10-18 12:32:13.740029 INFO::Fitting model to feature number 232, LPE.18.2
2024-10-18 12:32:13.812161 INFO::Fitting model to feature number 233, LPE.20.4
2024-10-18 12:32:13.871263 INFO::Fitting model to feature number 234, LPE.22.6
2024-10-18 12:32:13.941781 INFO::Fitting model to feature number 235, LPE.O.18.1
2024-10-18 12:32:14.015996 INFO::Fitting model to feature number 236, LPE.O.18.2
2024-10-18 12:32:14.080586 INFO::Fitting model to feature number 237, LPE.O.20.0
2024-10-18 12:32:14.154646 INFO::Fitting model to feature number 238, LPE.N..FA.34.1.LPE.N..FA.18.1.16.0
2024-10-18 12:32:14.215173 INFO::Fitting model to feature number 239, LPE.N..FA.34.2.LPE.N..FA.18.2.16.0
2024-10-18 12:32:14.276284 INFO::Fitting model to feature number 240, LPE.N..FA.36.3.LPE.N..FA.18.2.18.1
2024-10-18 12:32:14.334274 INFO::Fitting model to feature number 241, LPE.N..FA.36.4.LPE.N..FA.18.2.18.2
2024-10-18 12:32:14.385041 INFO::Fitting model to feature number 242, LPG.16.0
2024-10-18 12:32:14.46418 INFO::Fitting model to feature number 243, LPG.18.1
2024-10-18 12:32:14.542887 INFO::Fitting model to feature number 244, LPS.18.0
2024-10-18 12:32:14.623682 INFO::Fitting model to feature number 245, MGDG.17.0_18.2
2024-10-18 12:32:14.742591 INFO::Fitting model to feature number 246, MGDG.O.16.4_18.0
2024-10-18 12:32:14.802301 INFO::Fitting model to feature number 247, NAGly.29.1.O2.NAGly.16.0.O.FA.13.0.
2024-10-18 12:32:14.861365 INFO::Fitting model to feature number 248, NAGly.30.1.O2.NAGly.16.0.O.FA.14.0.
2024-10-18 12:32:14.918509 INFO::Fitting model to feature number 249, NAGly.31.1.O2.NAGly.16.0.O.FA.15.0.
2024-10-18 12:32:14.981959 INFO::Fitting model to feature number 250, NAGly.32.1.O2.NAGly.17.0.O.FA.15.0.
2024-10-18 12:32:15.058339 INFO::Fitting model to feature number 251, NAGly.33.1.O2.NAGly.18.0.O.FA.15.0.
2024-10-18 12:32:15.135334 INFO::Fitting model to feature number 252, NAGlySer.30.1.O2.NAGlySer.15.0.O.FA.15.0.
2024-10-18 12:32:15.205318 INFO::Fitting model to feature number 253, NAGlySer.31.1.O2.NAGlySer.16.0.O.FA.15.0.
2024-10-18 12:32:15.260917 INFO::Fitting model to feature number 254, NAGlySer.32.1.O2.NAGlySer.17.0.O.FA.15.0.
2024-10-18 12:32:15.333801 INFO::Fitting model to feature number 255, NAGlySer.33.1.O2.NAGlySer.17.0.O.FA.16.0.
2024-10-18 12:32:15.390798 INFO::Fitting model to feature number 256, NAGlySer.34.1.O2.NAGlySer.17.0.O.FA.17.0.
2024-10-18 12:32:15.447236 INFO::Fitting model to feature number 257, NAPhe.16.0
2024-10-18 12:32:15.516691 INFO::Fitting model to feature number 258, NAPhe.18.0
2024-10-18 12:32:15.567529 INFO::Fitting model to feature number 259, NAPhe.18.1
2024-10-18 12:32:15.617399 INFO::Fitting model to feature number 260, NAPhe.18.2
2024-10-18 12:32:15.6673 INFO::Fitting model to feature number 261, palmitoyl.ethanolamide
2024-10-18 12:32:15.750592 INFO::Fitting model to feature number 262, PC.16.0_14.0
2024-10-18 12:32:15.799617 INFO::Fitting model to feature number 263, PC.16.0_18.2
2024-10-18 12:32:15.851944 INFO::Fitting model to feature number 264, PC.18.1_18.2
2024-10-18 12:32:15.900341 INFO::Fitting model to feature number 265, PC.29.0
2024-10-18 12:32:15.949358 INFO::Fitting model to feature number 266, PC.30.0
2024-10-18 12:32:15.998779 INFO::Fitting model to feature number 267, PC.31.0
2024-10-18 12:32:16.049504 INFO::Fitting model to feature number 268, PC.31.1
2024-10-18 12:32:16.117753 INFO::Fitting model to feature number 269, PC.32.1
2024-10-18 12:32:16.186941 INFO::Fitting model to feature number 270, PC.32.2
2024-10-18 12:32:16.236775 INFO::Fitting model to feature number 271, PC.33.1
2024-10-18 12:32:16.285397 INFO::Fitting model to feature number 272, PC.33.2
2024-10-18 12:32:16.336875 INFO::Fitting model to feature number 273, PC.34.0
2024-10-18 12:32:16.405183 INFO::Fitting model to feature number 274, PC.34.2
2024-10-18 12:32:16.451867 INFO::Fitting model to feature number 275, PC.34.3
2024-10-18 12:32:16.506737 INFO::Fitting model to feature number 276, PC.34.3.Isomer.B
2024-10-18 12:32:16.557519 INFO::Fitting model to feature number 277, PC.35.2.Isomer.B
2024-10-18 12:32:16.648006 INFO::Fitting model to feature number 278, PC.35.3
2024-10-18 12:32:16.704 INFO::Fitting model to feature number 279, PC.35.4
2024-10-18 12:32:16.772782 INFO::Fitting model to feature number 280, PC.36.1
2024-10-18 12:32:16.824777 INFO::Fitting model to feature number 281, PC.36.3.Isomer.A
2024-10-18 12:32:16.888705 INFO::Fitting model to feature number 282, PC.36.4.Isomer.A
2024-10-18 12:32:16.9519 INFO::Fitting model to feature number 283, PC.36.4.Isomer.B
2024-10-18 12:32:17.018203 INFO::Fitting model to feature number 284, PC.36.5.Isomer.A
2024-10-18 12:32:17.091903 INFO::Fitting model to feature number 285, PC.36.5.Isomer.B
2024-10-18 12:32:17.142053 INFO::Fitting model to feature number 286, PC.36.5.Isomer.D
2024-10-18 12:32:17.203391 INFO::Fitting model to feature number 287, PC.38.2
2024-10-18 12:32:17.253388 INFO::Fitting model to feature number 288, PC.38.4.Isomer.B
2024-10-18 12:32:17.303922 INFO::Fitting model to feature number 289, PC.38.4.Isomer.C
2024-10-18 12:32:17.354667 INFO::Fitting model to feature number 290, PC.38.5.Isomer.A
2024-10-18 12:32:17.417487 INFO::Fitting model to feature number 291, PC.38.5.Isomer.B
2024-10-18 12:32:17.482063 INFO::Fitting model to feature number 292, PC.38.6.Isomer.A
2024-10-18 12:32:17.54687 INFO::Fitting model to feature number 293, PC.38.8
2024-10-18 12:32:18.013192 INFO::Fitting model to feature number 294, PC.40.3
2024-10-18 12:32:18.065747 INFO::Fitting model to feature number 295, PC.40.4
2024-10-18 12:32:18.124938 INFO::Fitting model to feature number 296, PC.40.6.Isomer.A
2024-10-18 12:32:18.170907 INFO::Fitting model to feature number 297, PC.40.7.Isomer.B
2024-10-18 12:32:18.219248 INFO::Fitting model to feature number 298, PC.42.4
2024-10-18 12:32:18.26964 INFO::Fitting model to feature number 299, PC.42.5
2024-10-18 12:32:18.33724 INFO::Fitting model to feature number 300, PC.O.20.0_20.4
2024-10-18 12:32:18.405385 INFO::Fitting model to feature number 301, PC.O.30.0
2024-10-18 12:32:18.456114 INFO::Fitting model to feature number 302, PC.O.31.7
2024-10-18 12:32:18.504663 INFO::Fitting model to feature number 303, PC.O.32.0
2024-10-18 12:32:18.557042 INFO::Fitting model to feature number 304, PC.O.34.0
2024-10-18 12:32:18.606609 INFO::Fitting model to feature number 305, PC.O.34.4
2024-10-18 12:32:18.65958 INFO::Fitting model to feature number 306, PC.O.36.4
2024-10-18 12:32:18.725129 INFO::Fitting model to feature number 307, PC.P.32.1.or.PC.O.32.2
2024-10-18 12:32:18.774136 INFO::Fitting model to feature number 308, PC.P.34.0.or.PC.O.34.1
2024-10-18 12:32:18.83408 INFO::Fitting model to feature number 309, PC.P.34.1.or.PC.O.34.2
2024-10-18 12:32:18.906262 INFO::Fitting model to feature number 310, PC.P.36.4.or.PC.O.36.5
2024-10-18 12:32:18.988158 INFO::Fitting model to feature number 311, PC.P.38.3.or.PC.O.38.4.Isomer.B
2024-10-18 12:32:19.045457 INFO::Fitting model to feature number 312, PC.P.38.4.or.PC.O.38.5.Isomer.B
2024-10-18 12:32:19.102013 INFO::Fitting model to feature number 313, PC.P.40.1.or.PC.O.40.2
2024-10-18 12:32:19.160619 INFO::Fitting model to feature number 314, PC.P.40.3.or.PC.O.40.4
2024-10-18 12:32:19.232203 INFO::Fitting model to feature number 315, PE.16.0_16..1
2024-10-18 12:32:19.304925 INFO::Fitting model to feature number 316, PE.16.1_18.1
2024-10-18 12:32:19.37561 INFO::Fitting model to feature number 317, PE.29.0.PE.14.0_15.0
2024-10-18 12:32:19.446488 INFO::Fitting model to feature number 318, PE.30.0.PE.15.0_15.0
2024-10-18 12:32:19.497978 INFO::Fitting model to feature number 319, PE.31.0.PE.15.0_16.0
2024-10-18 12:32:19.545877 INFO::Fitting model to feature number 320, PE.32.1.PE.16.0_16.1
2024-10-18 12:32:19.597248 INFO::Fitting model to feature number 321, PE.32.2
2024-10-18 12:32:19.654648 INFO::Fitting model to feature number 322, PE.33.1.PE.15.0_18.1
2024-10-18 12:32:19.724088 INFO::Fitting model to feature number 323, PE.33.2.PE.15.0_18.2
2024-10-18 12:32:19.778772 INFO::Fitting model to feature number 324, PE.34.0
2024-10-18 12:32:19.837796 INFO::Fitting model to feature number 325, PE.34.1
2024-10-18 12:32:19.908467 INFO::Fitting model to feature number 326, PE.34.1.1
2024-10-18 12:32:19.972382 INFO::Fitting model to feature number 327, PE.34.2
2024-10-18 12:32:20.065476 INFO::Fitting model to feature number 328, PE.36.1
2024-10-18 12:32:20.120231 INFO::Fitting model to feature number 329, PE.36.2
2024-10-18 12:32:20.177382 INFO::Fitting model to feature number 330, PE.36.3
2024-10-18 12:32:20.234961 INFO::Fitting model to feature number 331, PE.36.4
2024-10-18 12:32:20.296638 INFO::Fitting model to feature number 332, PE.O.16.1_18.1
2024-10-18 12:32:20.35385 INFO::Fitting model to feature number 333, PE.O.16.1_22.6
2024-10-18 12:32:20.426755 INFO::Fitting model to feature number 334, PE.O.22.6_16.1
2024-10-18 12:32:20.480941 INFO::Fitting model to feature number 335, PE.O.36.1
2024-10-18 12:32:20.538031 INFO::Fitting model to feature number 336, PE.P.34.1.or.PE.O.34.2
2024-10-18 12:32:20.608963 INFO::Fitting model to feature number 337, PE.P.36.1.or.PE.O.36.2
2024-10-18 12:32:20.675747 INFO::Fitting model to feature number 338, PE.Cer.35.0.O3.PE.Cer.21.0.O2.14.0.O
2024-10-18 12:32:20.733544 INFO::Fitting model to feature number 339, PE.Cer.36.0.O3.PE.Cer.19.0.O2.17.0.O
2024-10-18 12:32:20.787947 INFO::Fitting model to feature number 340, PEtOH.18.1_18.1
2024-10-18 12:32:20.85611 INFO::Fitting model to feature number 341, PEtOH.18.1_20.4
2024-10-18 12:32:20.910856 INFO::Fitting model to feature number 342, PEtOH.38.4
2024-10-18 12:32:20.955912 INFO::Fitting model to feature number 343, PG.16.0_16.0
2024-10-18 12:32:21.019816 INFO::Fitting model to feature number 344, PG.30.0.PG.15.0_15.0
2024-10-18 12:32:21.088872 INFO::Fitting model to feature number 345, PG.33.0.PG.16.0_17.0
2024-10-18 12:32:21.155469 INFO::Fitting model to feature number 346, PG.34.1.PG.16.0_18.1
2024-10-18 12:32:21.227954 INFO::Fitting model to feature number 347, PG.34.2
2024-10-18 12:32:21.299875 INFO::Fitting model to feature number 348, PG.40.7
2024-10-18 12:32:21.369178 INFO::Fitting model to feature number 349, PG.40.8
2024-10-18 12:32:21.438322 INFO::Fitting model to feature number 350, PG.O.34.2.PG.O.18.2_16.0
2024-10-18 12:32:21.494661 INFO::Fitting model to feature number 351, PG.O.36.2.PG.O.18.1_18.1
2024-10-18 12:32:21.558161 INFO::Fitting model to feature number 352, PGE2
2024-10-18 12:32:21.614323 INFO::Fitting model to feature number 353, Phosphatidylethanolamine.alkenyl.16.0.20.4
2024-10-18 12:32:21.670932 INFO::Fitting model to feature number 354, PI.34.1.Isomer.A
2024-10-18 12:32:21.726418 INFO::Fitting model to feature number 355, PI.34.2.Isomer.A
2024-10-18 12:32:21.777985 INFO::Fitting model to feature number 356, PI.36.1.Isomer.A
2024-10-18 12:32:21.845186 INFO::Fitting model to feature number 357, PI.36.2
2024-10-18 12:32:21.9097 INFO::Fitting model to feature number 358, PI.36.3.Isomer.B
2024-10-18 12:32:21.973405 INFO::Fitting model to feature number 359, PI.38.3
2024-10-18 12:32:22.039905 INFO::Fitting model to feature number 360, PI.38.4
2024-10-18 12:32:22.092749 INFO::Fitting model to feature number 361, PI.Cer.33.0.O3
2024-10-18 12:32:22.166059 INFO::Fitting model to feature number 362, PI.Cer.34.0.O3
2024-10-18 12:32:22.22374 INFO::Fitting model to feature number 363, PI.Cer.35.0.O3
2024-10-18 12:32:22.2843 INFO::Fitting model to feature number 364, PI.Cer.36.0.O3
2024-10-18 12:32:22.34727 INFO::Fitting model to feature number 365, PS.16.0_22.4
2024-10-18 12:32:22.403644 INFO::Fitting model to feature number 366, PS.36.1
2024-10-18 12:32:22.462687 INFO::Fitting model to feature number 367, SHexCer.34.1.3O
2024-10-18 12:32:22.525394 INFO::Fitting model to feature number 368, SHexCer.d34.1
2024-10-18 12:32:22.582917 INFO::Fitting model to feature number 369, SL.32.0.O.SL.17.0.O.15.0
2024-10-18 12:32:22.646292 INFO::Fitting model to feature number 370, SL.33.0.O.SL.17.0.O.16.0
2024-10-18 12:32:22.709675 INFO::Fitting model to feature number 371, SL.34.1.O2.SL.17.0.O.17.1.O
2024-10-18 12:32:22.766034 INFO::Fitting model to feature number 372, SL.35.1.O2.SL.18.0.O.17.1.O
2024-10-18 12:32:22.82852 INFO::Fitting model to feature number 373, SM.18.0.2O.22.0
2024-10-18 12:32:22.883641 INFO::Fitting model to feature number 374, SM.24.1
2024-10-18 12:32:22.942749 INFO::Fitting model to feature number 375, SM.29.2.2O.8.0
2024-10-18 12:32:23.006255 INFO::Fitting model to feature number 376, SM.30.2.2O..FA.14.1.
2024-10-18 12:32:23.064486 INFO::Fitting model to feature number 377, SM.34.1.3O
2024-10-18 12:32:23.145076 INFO::Fitting model to feature number 378, SM.36.4.3O
2024-10-18 12:32:23.200594 INFO::Fitting model to feature number 379, SM.38.4.3O
2024-10-18 12:32:23.256398 INFO::Fitting model to feature number 380, SM.42.1.3O
2024-10-18 12:32:23.315364 INFO::Fitting model to feature number 381, SM.43.3.2O
2024-10-18 12:32:23.368707 INFO::Fitting model to feature number 382, SM.d32.0.Isomer.B
2024-10-18 12:32:23.421721 INFO::Fitting model to feature number 383, SM.d32.1
2024-10-18 12:32:23.472319 INFO::Fitting model to feature number 384, SM.d33.1
2024-10-18 12:32:23.528849 INFO::Fitting model to feature number 385, SM.d34.0
2024-10-18 12:32:23.583778 INFO::Fitting model to feature number 386, SM.d34.1
2024-10-18 12:32:23.635669 INFO::Fitting model to feature number 387, SM.d36.0.Isomer.B
2024-10-18 12:32:23.705076 INFO::Fitting model to feature number 388, SM.d36.4
2024-10-18 12:32:23.769497 INFO::Fitting model to feature number 389, SM.d38.0
2024-10-18 12:32:23.815072 INFO::Fitting model to feature number 390, SM.d40.0.Isomer.B
2024-10-18 12:32:23.865845 INFO::Fitting model to feature number 391, SM.d40.1
2024-10-18 12:32:23.921533 INFO::Fitting model to feature number 392, SM.d42.1
2024-10-18 12:32:23.970989 INFO::Fitting model to feature number 393, SM.d42.2.Isomer.B
2024-10-18 12:32:24.023097 INFO::Fitting model to feature number 394, SM.d43.2
2024-10-18 12:32:24.098168 INFO::Fitting model to feature number 395, SM.d44.3
2024-10-18 12:32:24.143961 INFO::Fitting model to feature number 396, SPB.18.1.O2
2024-10-18 12:32:24.194045 INFO::Fitting model to feature number 397, SPB.20.0.2O
2024-10-18 12:32:24.2442 INFO::Fitting model to feature number 398, TG.10.0_10.0_18.2
2024-10-18 12:32:24.269214 WARNING::Fitting problem for feature 398 a warning was issued
2024-10-18 12:32:24.336912 INFO::Fitting model to feature number 399, TG.12.0_14.0_15.0
2024-10-18 12:32:24.404541 INFO::Fitting model to feature number 400, TG.34.0
2024-10-18 12:32:24.474708 INFO::Fitting model to feature number 401, TG.39.0
2024-10-18 12:32:24.501309 WARNING::Fitting problem for feature 401 a warning was issued
2024-10-18 12:32:24.566358 INFO::Fitting model to feature number 402, TG.43.1
2024-10-18 12:32:24.614014 INFO::Fitting model to feature number 403, TG.44.0
2024-10-18 12:32:24.680193 INFO::Fitting model to feature number 404, TG.44.2
2024-10-18 12:32:24.759032 INFO::Fitting model to feature number 405, TG.45.0
2024-10-18 12:32:24.840569 INFO::Fitting model to feature number 406, TG.46.3.Isomer.A
2024-10-18 12:32:24.921847 INFO::Fitting model to feature number 407, TG.47.2
2024-10-18 12:32:24.979749 INFO::Fitting model to feature number 408, TG.49.1
2024-10-18 12:32:25.037197 INFO::Fitting model to feature number 409, TG.49.3
2024-10-18 12:32:25.094848 INFO::Fitting model to feature number 410, TG.51.2.TG.17.0_16.1_18.1
2024-10-18 12:32:25.119587 WARNING::Fitting problem for feature 410 a warning was issued
2024-10-18 12:32:25.192937 INFO::Fitting model to feature number 411, TG.53.0
2024-10-18 12:32:25.246063 INFO::Fitting model to feature number 412, TG.53.1
2024-10-18 12:32:25.266667 WARNING::Fitting problem for feature 412 a warning was issued
2024-10-18 12:32:25.319897 INFO::Fitting model to feature number 413, TG.53.9.TG.17.3_18.3_18.3
2024-10-18 12:32:25.373391 INFO::Fitting model to feature number 414, TG.54.5.O2.TG.18.1_18.2_18.2.O2
2024-10-18 12:32:25.426445 INFO::Fitting model to feature number 415, TG.54.7.O2.TG.18.3_18.3_18.1.O2
2024-10-18 12:32:25.479684 INFO::Fitting model to feature number 416, TG.56.5.Isomer.A
2024-10-18 12:32:25.534488 INFO::Fitting model to feature number 417, TG.58.6
2024-10-18 12:32:25.608709 INFO::Fitting model to feature number 418, TG.58.7
2024-10-18 12:32:25.665922 INFO::Fitting model to feature number 419, TG.59.2.TG.16.0_25.0_18.2
2024-10-18 12:32:25.71151 INFO::Fitting model to feature number 420, TG.60.0.TG.18.0_20.0_22.0
2024-10-18 12:32:25.765904 INFO::Fitting model to feature number 421, TG.61.3.TG.18.0_25.0_18.3
2024-10-18 12:32:25.814926 INFO::Fitting model to feature number 422, TG.67.6.TG.31.0_18.3_18.3
2024-10-18 12:32:25.868326 INFO::Fitting model to feature number 423, TG.69.6.TG.33.0_18.3_18.3
2024-10-18 12:32:25.91861 INFO::Fitting model to feature number 424, TG.8.0_10.0_18.2
2024-10-18 12:32:25.975016 INFO::Fitting model to feature number 425, TG.8.0_15.0_18.1
2024-10-18 12:32:26.032444 INFO::Fitting model to feature number 426, TG.8.0_18.2_18.2
2024-10-18 12:32:26.086703 INFO::Fitting model to feature number 427, zymostenol
2024-10-18 12:32:26.165687 INFO::Fitting model to feature number 428, xylulose
2024-10-18 12:32:26.211712 INFO::Fitting model to feature number 429, xylose
2024-10-18 12:32:26.263504 INFO::Fitting model to feature number 430, xanthosine
2024-10-18 12:32:26.331471 INFO::Fitting model to feature number 431, vanillic.acid
2024-10-18 12:32:26.402375 INFO::Fitting model to feature number 432, uridine
2024-10-18 12:32:26.472194 INFO::Fitting model to feature number 433, uric.acid
2024-10-18 12:32:26.542083 INFO::Fitting model to feature number 434, urea
2024-10-18 12:32:26.610561 INFO::Fitting model to feature number 435, tyrosol
2024-10-18 12:32:26.679164 INFO::Fitting model to feature number 436, tyrosine
2024-10-18 12:32:26.747662 INFO::Fitting model to feature number 437, tyramine
2024-10-18 12:32:26.816298 INFO::Fitting model to feature number 438, tryptophan
2024-10-18 12:32:26.880898 INFO::Fitting model to feature number 439, tocopherol.gamma.
2024-10-18 12:32:26.945316 INFO::Fitting model to feature number 440, tocopherol.alpha.
2024-10-18 12:32:27.006372 INFO::Fitting model to feature number 441, thymidine.5.phosphate
2024-10-18 12:32:27.061674 INFO::Fitting model to feature number 442, thymidine
2024-10-18 12:32:27.113726 INFO::Fitting model to feature number 443, taurine
2024-10-18 12:32:27.196541 INFO::Fitting model to feature number 444, succinic.acid
2024-10-18 12:32:27.241843 INFO::Fitting model to feature number 445, suberic.acid
2024-10-18 12:32:27.29104 INFO::Fitting model to feature number 446, sinapinic.acid
2024-10-18 12:32:27.345793 INFO::Fitting model to feature number 447, shikimic.acid
2024-10-18 12:32:27.395564 INFO::Fitting model to feature number 448, serotonin
2024-10-18 12:32:27.44958 INFO::Fitting model to feature number 449, ribose
2024-10-18 12:32:27.505587 INFO::Fitting model to feature number 450, ribonic.acid
2024-10-18 12:32:27.558243 INFO::Fitting model to feature number 451, ribitol
2024-10-18 12:32:27.621412 INFO::Fitting model to feature number 452, quinolinic.acid
2024-10-18 12:32:27.676202 INFO::Fitting model to feature number 453, quinic.acid
2024-10-18 12:32:27.742163 INFO::Fitting model to feature number 454, putrescine
2024-10-18 12:32:27.795436 INFO::Fitting model to feature number 455, pseudo.uridine
2024-10-18 12:32:27.8463 INFO::Fitting model to feature number 456, piperidone
2024-10-18 12:32:27.907738 INFO::Fitting model to feature number 457, pimelic.acid
2024-10-18 12:32:27.976086 INFO::Fitting model to feature number 458, phosphoinositol
2024-10-18 12:32:28.045563 INFO::Fitting model to feature number 459, phosphate
2024-10-18 12:32:28.111989 INFO::Fitting model to feature number 460, phenylalanine
2024-10-18 12:32:28.193634 INFO::Fitting model to feature number 461, phenylacetic.acid
2024-10-18 12:32:28.251338 INFO::Fitting model to feature number 462, pelargonic.acid
2024-10-18 12:32:28.308939 INFO::Fitting model to feature number 463, parabanic.acid
2024-10-18 12:32:28.368877 INFO::Fitting model to feature number 464, panose
2024-10-18 12:32:28.438881 INFO::Fitting model to feature number 465, palmitoleic.acid
2024-10-18 12:32:28.511914 INFO::Fitting model to feature number 466, nonadecanoic.acid
2024-10-18 12:32:28.572496 INFO::Fitting model to feature number 467, N.carbamylglutamate
2024-10-18 12:32:28.631773 INFO::Fitting model to feature number 468, N.alpha.acetyllysine
2024-10-18 12:32:28.691348 INFO::Fitting model to feature number 469, N.acetylputrescine
2024-10-18 12:32:28.753716 INFO::Fitting model to feature number 470, N.acetylneuraminic.acid
2024-10-18 12:32:28.81932 INFO::Fitting model to feature number 471, N.acetylglutamate
2024-10-18 12:32:28.882105 INFO::Fitting model to feature number 472, N.acetyl.D.mannosamine
2024-10-18 12:32:28.908704 WARNING::Fitting problem for feature 472 a warning was issued
2024-10-18 12:32:28.977869 INFO::Fitting model to feature number 473, N.acetylaspartic.acid
2024-10-18 12:32:29.037477 INFO::Fitting model to feature number 474, myristic.acid
2024-10-18 12:32:29.097383 INFO::Fitting model to feature number 475, montanic.acid
2024-10-18 12:32:29.159801 INFO::Fitting model to feature number 476, methyl.O.D.galactopyranoside
2024-10-18 12:32:29.22216 INFO::Fitting model to feature number 477, methoxytryptamine
2024-10-18 12:32:29.315082 INFO::Fitting model to feature number 478, methionine
2024-10-18 12:32:29.371176 INFO::Fitting model to feature number 479, methanolphosphate
2024-10-18 12:32:29.432065 INFO::Fitting model to feature number 480, maltotriose
2024-10-18 12:32:29.490109 INFO::Fitting model to feature number 481, malonamide
2024-10-18 12:32:29.548771 INFO::Fitting model to feature number 482, malic.acid
2024-10-18 12:32:29.60554 INFO::Fitting model to feature number 483, maleimide
2024-10-18 12:32:29.656184 INFO::Fitting model to feature number 484, maleic.acid
2024-10-18 12:32:29.7108 INFO::Fitting model to feature number 485, lyxitol
2024-10-18 12:32:29.76354 INFO::Fitting model to feature number 486, lithocholic.acid
2024-10-18 12:32:29.835352 INFO::Fitting model to feature number 487, linolenic.acid
2024-10-18 12:32:29.892264 INFO::Fitting model to feature number 488, lignoceric.acid
2024-10-18 12:32:29.966014 INFO::Fitting model to feature number 489, leucrose
2024-10-18 12:32:30.038705 INFO::Fitting model to feature number 490, lauric.acid
2024-10-18 12:32:30.115553 INFO::Fitting model to feature number 491, lactulose
2024-10-18 12:32:30.179544 INFO::Fitting model to feature number 492, lactose
2024-10-18 12:32:30.238581 INFO::Fitting model to feature number 493, lactic.acid
2024-10-18 12:32:30.309482 INFO::Fitting model to feature number 494, isothreonic.acid
2024-10-18 12:32:30.39769 INFO::Fitting model to feature number 495, isomyristic.acid
2024-10-18 12:32:30.46311 INFO::Fitting model to feature number 496, isoferulic.acid
2024-10-18 12:32:30.514242 INFO::Fitting model to feature number 497, isocholic.acid
2024-10-18 12:32:30.566611 INFO::Fitting model to feature number 498, inositol.4.monophosphate
2024-10-18 12:32:30.619245 INFO::Fitting model to feature number 499, inosine
2024-10-18 12:32:30.676464 INFO::Fitting model to feature number 500, indole.3.lactate
2024-10-18 12:32:30.7421 INFO::Fitting model to feature number 501, hypotaurine
2024-10-18 12:32:30.814076 INFO::Fitting model to feature number 502, homoserine
2024-10-18 12:32:30.883597 INFO::Fitting model to feature number 503, heptanoic.acid
2024-10-18 12:32:30.97279 INFO::Fitting model to feature number 504, guanosine
2024-10-18 12:32:31.04452 INFO::Fitting model to feature number 505, guanidinosuccinate
2024-10-18 12:32:31.103086 INFO::Fitting model to feature number 506, glycyl.tyrosine
2024-10-18 12:32:31.150491 INFO::Fitting model to feature number 507, glycine
2024-10-18 12:32:31.173894 WARNING::Fitting problem for feature 507 a warning was issued
2024-10-18 12:32:31.242694 INFO::Fitting model to feature number 508, glycerol.alpha.phosphate
2024-10-18 12:32:31.324354 INFO::Fitting model to feature number 509, glycerol.3.galactoside
2024-10-18 12:32:31.381846 INFO::Fitting model to feature number 510, glycerol
2024-10-18 12:32:31.468663 INFO::Fitting model to feature number 511, glyceric.acid
2024-10-18 12:32:31.549598 INFO::Fitting model to feature number 512, glutaric.acid
2024-10-18 12:32:31.611623 INFO::Fitting model to feature number 513, glucose.6.phosphate
2024-10-18 12:32:31.705235 INFO::Fitting model to feature number 514, glucose.1.phosphate
2024-10-18 12:32:31.802073 INFO::Fitting model to feature number 515, glucose
2024-10-18 12:32:31.894616 INFO::Fitting model to feature number 516, glucoheptulose
2024-10-18 12:32:31.954337 INFO::Fitting model to feature number 517, galacturonic.acid
2024-10-18 12:32:32.022861 INFO::Fitting model to feature number 518, galactose
2024-10-18 12:32:32.093194 INFO::Fitting model to feature number 519, galactinol
2024-10-18 12:32:32.166518 INFO::Fitting model to feature number 520, fumaric.acid
2024-10-18 12:32:32.24361 INFO::Fitting model to feature number 521, fructose.6.phosphate
2024-10-18 12:32:32.330556 INFO::Fitting model to feature number 522, fructose
2024-10-18 12:32:32.408793 INFO::Fitting model to feature number 523, ferulic.acid
2024-10-18 12:32:32.486942 INFO::Fitting model to feature number 524, ethanolamine
2024-10-18 12:32:32.551348 INFO::Fitting model to feature number 525, enolpyruvate
2024-10-18 12:32:32.608414 INFO::Fitting model to feature number 526, dihydrocholesterol
2024-10-18 12:32:32.661851 INFO::Fitting model to feature number 527, dihydro.3.coumaric.acid
2024-10-18 12:32:32.74136 INFO::Fitting model to feature number 528, digalacturonic.acid
2024-10-18 12:32:32.79526 INFO::Fitting model to feature number 529, cysteine
2024-10-18 12:32:32.853158 INFO::Fitting model to feature number 530, coprostan.3.one
2024-10-18 12:32:32.905568 INFO::Fitting model to feature number 531, citric.acid
2024-10-18 12:32:32.961109 INFO::Fitting model to feature number 532, cholic.acid
2024-10-18 12:32:33.015357 INFO::Fitting model to feature number 533, cholesterol
2024-10-18 12:32:33.070451 INFO::Fitting model to feature number 534, chenodeoxycholic.acid
2024-10-18 12:32:33.12845 INFO::Fitting model to feature number 535, cerotinic.acid
2024-10-18 12:32:33.206038 INFO::Fitting model to feature number 536, cellobiose
2024-10-18 12:32:33.269071 INFO::Fitting model to feature number 537, capric.acid
2024-10-18 12:32:33.330807 INFO::Fitting model to feature number 538, campesterol
2024-10-18 12:32:33.402198 INFO::Fitting model to feature number 539, cadaverine
2024-10-18 12:32:33.468072 INFO::Fitting model to feature number 540, butyrolactam
2024-10-18 12:32:33.532647 INFO::Fitting model to feature number 541, butylamine
2024-10-18 12:32:33.609722 INFO::Fitting model to feature number 542, biphenyl
2024-10-18 12:32:33.678903 INFO::Fitting model to feature number 543, beta.glutamic.acid
2024-10-18 12:32:33.756385 INFO::Fitting model to feature number 544, beta.alanyl.lysine
2024-10-18 12:32:33.835191 INFO::Fitting model to feature number 545, beta.alanine
2024-10-18 12:32:33.89822 INFO::Fitting model to feature number 546, behenic.acid
2024-10-18 12:32:33.959932 INFO::Fitting model to feature number 547, azelaic.acid
2024-10-18 12:32:34.030632 INFO::Fitting model to feature number 548, asparagine
2024-10-18 12:32:34.101169 INFO::Fitting model to feature number 549, arachidic.acid
2024-10-18 12:32:34.152515 INFO::Fitting model to feature number 550, arabitol
2024-10-18 12:32:34.224768 INFO::Fitting model to feature number 551, anthranilic.acid
2024-10-18 12:32:34.299481 INFO::Fitting model to feature number 552, adipic.acid
2024-10-18 12:32:34.3547 INFO::Fitting model to feature number 553, adenosine
2024-10-18 12:32:34.409787 INFO::Fitting model to feature number 554, X6.deoxyglucose
2024-10-18 12:32:34.46951 INFO::Fitting model to feature number 555, X5.methoxytryptamine
2024-10-18 12:32:34.525933 INFO::Fitting model to feature number 556, X5.hydroxymethyl.2.furoic.acid
2024-10-18 12:32:34.585051 INFO::Fitting model to feature number 557, X5.aminovaleric.acid
2024-10-18 12:32:34.636713 INFO::Fitting model to feature number 558, X4.pyridoxic.acid
2024-10-18 12:32:34.708199 INFO::Fitting model to feature number 559, X4.hydroxyphenylacetic.acid
2024-10-18 12:32:34.780092 INFO::Fitting model to feature number 560, X4.hydroxybutyric.acid
2024-10-18 12:32:34.86864 INFO::Fitting model to feature number 561, X4..5.dihydroxy.7.glucosyloxyflavanone
2024-10-18 12:32:34.936365 INFO::Fitting model to feature number 562, X3.phenyllactic.acid
2024-10-18 12:32:35.008854 INFO::Fitting model to feature number 563, X3.hydroxyphenylacetic.acid
2024-10-18 12:32:35.084759 INFO::Fitting model to feature number 564, X3.hydroxypalmitic.acid
2024-10-18 12:32:35.11375 WARNING::Fitting problem for feature 564 a warning was issued
2024-10-18 12:32:35.188166 INFO::Fitting model to feature number 565, X3.hydroxy.3.methylglutaric.acid
2024-10-18 12:32:35.21836 WARNING::Fitting problem for feature 565 a warning was issued
2024-10-18 12:32:35.289923 INFO::Fitting model to feature number 566, X3.aminoisobutyric.acid
2024-10-18 12:32:35.36523 INFO::Fitting model to feature number 567, X3.6.anhydro.D.galactose
2024-10-18 12:32:35.429435 INFO::Fitting model to feature number 568, X3.4.dihydroxycinnamic.acid
2024-10-18 12:32:35.499141 INFO::Fitting model to feature number 569, X3..4.hydroxyphenyl.propionic.acid
2024-10-18 12:32:35.564288 INFO::Fitting model to feature number 570, X3..3.hydroxyphenyl.propionic.acid
2024-10-18 12:32:35.637045 INFO::Fitting model to feature number 571, X3..3.hydroxyphenyl..3.hydroxypropionic.acid
2024-10-18 12:32:35.705167 INFO::Fitting model to feature number 572, X2.ketoisocaproic.acid
2024-10-18 12:32:35.779257 INFO::Fitting model to feature number 573, X2.hydroxyisocaproic.acid
2024-10-18 12:32:35.844291 INFO::Fitting model to feature number 574, X2.hydroxyglutaric.acid
2024-10-18 12:32:35.903829 INFO::Fitting model to feature number 575, X2.deoxyuridine
2024-10-18 12:32:35.959663 INFO::Fitting model to feature number 576, X2.deoxytetronic.acid
2024-10-18 12:32:36.019718 INFO::Fitting model to feature number 577, X2..deoxyguanosine
2024-10-18 12:32:36.096021 INFO::Fitting model to feature number 578, X2.6.diaminopimelic.acid
2024-10-18 12:32:36.157639 INFO::Fitting model to feature number 579, X2.5.dihydroxypyrazine
2024-10-18 12:32:36.220496 INFO::Fitting model to feature number 580, X2.3.diaminopropionic.acid
2024-10-18 12:32:36.289896 INFO::Fitting model to feature number 581, X1.monopalmitin
2024-10-18 12:32:36.353394 INFO::Fitting model to feature number 582, X1.kestose
2024-10-18 12:32:36.414662 INFO::Fitting model to feature number 583, X1.3.diaminopropane
2024-10-18 12:32:36.471789 INFO::Fitting model to feature number 584, X1.2.4.benzenetriol
2024-10-18 12:32:36.528734 INFO::Fitting model to feature number 585, X.15.3..Anacardic.acid
2024-10-18 12:32:36.593065 INFO::Fitting model to feature number 586, X.9Z.12R..12.Hydroxyoctadec.9.enoic.acid
2024-10-18 12:32:36.661934 INFO::Fitting model to feature number 587, X.dehydro.ornithine
2024-10-18 12:32:36.734063 INFO::Fitting model to feature number 588, X.R..Butyrylcarnitine
2024-10-18 12:32:36.802023 INFO::Fitting model to feature number 589, X.S..1.Methylnicotinium
2024-10-18 12:32:36.87584 INFO::Fitting model to feature number 590, X.sulfanylsulfonyl.methane
2024-10-18 12:32:36.937316 INFO::Fitting model to feature number 591, X.Z..5.8.11.trihydroxyoctadec.9.enoic.acid
2024-10-18 12:32:36.999935 INFO::Fitting model to feature number 592, X1..1Z.Hexadecenyl..sn.glycero.3.phosphocholine
2024-10-18 12:32:37.049393 INFO::Fitting model to feature number 593, X1..1Z.Octadecenyl..sn.glycero.3.phosphocholine
2024-10-18 12:32:37.116454 INFO::Fitting model to feature number 594, X1..9Z.12Z.Octadecadienoyl.2.hydroxy.sn.glycero.3.phosphocholine
2024-10-18 12:32:37.180624 INFO::Fitting model to feature number 595, X1.2.Cyclohexanedione
2024-10-18 12:32:37.248363 INFO::Fitting model to feature number 596, X1.7.Dimethyluric.acid
2024-10-18 12:32:37.304408 INFO::Fitting model to feature number 597, X1.Hexadecyl.sn.glycero.3.phosphocholine
2024-10-18 12:32:37.358621 INFO::Fitting model to feature number 598, X1.Methylnicotinamide
2024-10-18 12:32:37.430172 INFO::Fitting model to feature number 599, X1.Methylpseudouridine
2024-10-18 12:32:37.5 INFO::Fitting model to feature number 600, X1.Palmitoyl.2.hydroxy.sn.glycero.3.phospho..1..rac.glycerol.
2024-10-18 12:32:37.568889 INFO::Fitting model to feature number 601, X1.Palmitoyl.sn.glycero.3.phosphocholine
2024-10-18 12:32:37.623782 INFO::Fitting model to feature number 602, X1.Stearoyl.2.hydroxy.sn.glycero.3.phosphocholine
2024-10-18 12:32:37.678875 INFO::Fitting model to feature number 603, X1.Stearoyl.2.hydroxy.sn.glycero.3.phosphoethanolamine
2024-10-18 12:32:37.748396 INFO::Fitting model to feature number 604, X2..1.Methyl.1H.imidazol.5.yl.acetic.acid
2024-10-18 12:32:37.800479 INFO::Fitting model to feature number 605, X2..2.6.dimethylmorpholin.4.yl.ethanol
2024-10-18 12:32:37.847362 INFO::Fitting model to feature number 606, X2..n.ethyl.n.m.toluidino.ethanol
2024-10-18 12:32:37.90742 INFO::Fitting model to feature number 607, X2.6.dihydroxybenzoic.acid
2024-10-18 12:32:37.966862 INFO::Fitting model to feature number 608, X2.acetylpyrazine
2024-10-18 12:32:38.022489 INFO::Fitting model to feature number 609, X2.Amino.1.phenylethanol
2024-10-18 12:32:38.084318 INFO::Fitting model to feature number 610, X2.Amino.3.methoxybenzoic.acid
2024-10-18 12:32:38.181963 INFO::Fitting model to feature number 611, X2..Deoxycytidine
2024-10-18 12:32:38.238748 INFO::Fitting model to feature number 612, X2..Deoxycytidine.1
2024-10-18 12:32:38.290652 INFO::Fitting model to feature number 613, X2..Deoxyguanosine.5..monophosphate
2024-10-18 12:32:38.348541 INFO::Fitting model to feature number 614, X2..Deoxyinosine
2024-10-18 12:32:38.401736 INFO::Fitting model to feature number 615, X2.Hydroxy.4.methylpentanoic.acid
2024-10-18 12:32:38.452019 INFO::Fitting model to feature number 616, X2.Hydroxybenzaldehyde
2024-10-18 12:32:38.503982 INFO::Fitting model to feature number 617, X2.hydroxybutyric.acid
2024-10-18 12:32:38.55389 INFO::Fitting model to feature number 618, X2.hydroxypalmitic.acid
2024-10-18 12:32:38.604116 INFO::Fitting model to feature number 619, X2.Hydroxyphenethyl.alcohol
2024-10-18 12:32:38.655818 INFO::Fitting model to feature number 620, X2.Isopropylmalic.acid
2024-10-18 12:32:38.728911 INFO::Fitting model to feature number 621, X2.Methyl.N..4.Methylphenyl.alanine
2024-10-18 12:32:38.792604 INFO::Fitting model to feature number 622, X2.phenylmalonaldehyde
2024-10-18 12:32:38.865531 INFO::Fitting model to feature number 623, X2.Pyridone
2024-10-18 12:32:38.919783 INFO::Fitting model to feature number 624, X3..1.Methyl.1H.pyrazol.5.yl.propanoic.acid
2024-10-18 12:32:38.973471 INFO::Fitting model to feature number 625, X3..1.Pyrazolyl..alanine
2024-10-18 12:32:39.035726 INFO::Fitting model to feature number 626, X3..3.Hydroxyphenyl.propionic.acid
2024-10-18 12:32:39.102414 INFO::Fitting model to feature number 627, X3..5..2.Methylpropyl..3.6.dioxopiperazin.2.yl.propanoic.acid
2024-10-18 12:32:39.203593 INFO::Fitting model to feature number 628, X3.beta.allopregnanolone.sulfate
2024-10-18 12:32:39.316188 INFO::Fitting model to feature number 629, X3.cyanocoumarin
2024-10-18 12:32:39.413301 INFO::Fitting model to feature number 630, X3.Deoxyuridine
2024-10-18 12:32:39.501085 INFO::Fitting model to feature number 631, X3.hydroxybutyrylcarnitine
2024-10-18 12:32:39.575319 INFO::Fitting model to feature number 632, X3.Hydroxymorphinan
2024-10-18 12:32:39.628771 INFO::Fitting model to feature number 633, X3.Hydroxyproline
2024-10-18 12:32:39.679427 INFO::Fitting model to feature number 634, X3.Hydroxyvaleric.acid
2024-10-18 12:32:39.734853 INFO::Fitting model to feature number 635, X3.Methyl.gamma.butyrolactone
2024-10-18 12:32:39.798348 INFO::Fitting model to feature number 636, X3.Methylhistidine
2024-10-18 12:32:39.817006 WARNING::Fitting problem for feature 636 a warning was issued
2024-10-18 12:32:39.868934 INFO::Fitting model to feature number 637, X3.Methylxanthine
2024-10-18 12:32:39.932185 INFO::Fitting model to feature number 638, X3.oxocholic.acid
2024-10-18 12:32:39.990397 INFO::Fitting model to feature number 639, X4.Acetamidobutyric.acid
2024-10-18 12:32:40.059655 INFO::Fitting model to feature number 640, X4.Amino.2.methyl.5.pyrimidinemethanol
2024-10-18 12:32:40.125796 INFO::Fitting model to feature number 641, X4.Aminomethylcyclohexanecarboxylic.acid
2024-10-18 12:32:40.179087 INFO::Fitting model to feature number 642, X4.aminosalicylic.acid
2024-10-18 12:32:40.231574 INFO::Fitting model to feature number 643, X4.Hydroxymandelonitrile
2024-10-18 12:32:40.308433 INFO::Fitting model to feature number 644, X4.Methyl.5.thiazoleethanol
2024-10-18 12:32:40.352068 INFO::Fitting model to feature number 645, X4.Pentylaniline
2024-10-18 12:32:40.405391 INFO::Fitting model to feature number 646, X4.Trimethylammoniobutanoic.acid
2024-10-18 12:32:40.455511 INFO::Fitting model to feature number 647, X5.Acetylamino.6.amino.3.methyluracil
2024-10-18 12:32:40.505824 INFO::Fitting model to feature number 648, X5.Aminosalicylic.acid
2024-10-18 12:32:40.559743 INFO::Fitting model to feature number 649, X5.beta.androstan.3.alpha.ol.17.one.sulfate
2024-10-18 12:32:40.625634 INFO::Fitting model to feature number 650, X5.hydroxyindoleacetate
2024-10-18 12:32:40.692806 INFO::Fitting model to feature number 651, X5.Hydroxymethylcytidine
2024-10-18 12:32:40.759571 INFO::Fitting model to feature number 652, X5.Methylcytidine
2024-10-18 12:32:40.812153 INFO::Fitting model to feature number 653, X5..Methylthioadenosine
2024-10-18 12:32:40.86232 INFO::Fitting model to feature number 654, X6.7.Dihydroxycoumarin
2024-10-18 12:32:40.909276 INFO::Fitting model to feature number 655, X6.Aminoindazole
2024-10-18 12:32:40.957991 INFO::Fitting model to feature number 656, X7.Keto.3alpha.12.alpha.dihydroxycholanic.acid
2024-10-18 12:32:41.008817 INFO::Fitting model to feature number 657, X7.Methylguanine
2024-10-18 12:32:41.058454 INFO::Fitting model to feature number 658, X8.Oxo.2.deoxyadenosine
2024-10-18 12:32:41.11204 INFO::Fitting model to feature number 659, X9.10.dihydroxystearic.acid
2024-10-18 12:32:41.161637 INFO::Fitting model to feature number 660, Acetaminophen.sulfate
2024-10-18 12:32:41.236008 INFO::Fitting model to feature number 661, Acetylcarnitine
2024-10-18 12:32:41.288668 INFO::Fitting model to feature number 662, Adenine
2024-10-18 12:32:41.355689 INFO::Fitting model to feature number 663, adenosine.1
2024-10-18 12:32:41.42083 INFO::Fitting model to feature number 664, Agmatine
2024-10-18 12:32:41.473392 INFO::Fitting model to feature number 665, Ala.Ala
2024-10-18 12:32:41.524104 INFO::Fitting model to feature number 666, Ala.Ala.Lys
2024-10-18 12:32:41.571298 INFO::Fitting model to feature number 667, Ala.Arg
2024-10-18 12:32:41.627303 INFO::Fitting model to feature number 668, Ala.Gln
2024-10-18 12:32:41.676451 INFO::Fitting model to feature number 669, Ala.His
2024-10-18 12:32:41.734743 INFO::Fitting model to feature number 670, Ala.Ile.Arg
2024-10-18 12:32:41.786659 INFO::Fitting model to feature number 671, Ala.Lys
2024-10-18 12:32:41.841319 INFO::Fitting model to feature number 672, Ala.Phe
2024-10-18 12:32:41.894937 INFO::Fitting model to feature number 673, ala.pro
2024-10-18 12:32:41.947381 INFO::Fitting model to feature number 674, Ala.Thr
2024-10-18 12:32:42.002573 INFO::Fitting model to feature number 675, Ala.Trp
2024-10-18 12:32:42.073821 INFO::Fitting model to feature number 676, Ala.Val.Lys
2024-10-18 12:32:42.126471 INFO::Fitting model to feature number 677, alpha.Galactosamine.1.phosphate
2024-10-18 12:32:42.199553 INFO::Fitting model to feature number 678, aminocarnitine
2024-10-18 12:32:42.253531 INFO::Fitting model to feature number 679, Arabitol
2024-10-18 12:32:42.30642 INFO::Fitting model to feature number 680, Arg.Gly
2024-10-18 12:32:42.360667 INFO::Fitting model to feature number 681, Arginine
2024-10-18 12:32:42.41099 INFO::Fitting model to feature number 682, arg.pro
2024-10-18 12:32:42.465812 INFO::Fitting model to feature number 683, Arg.Thr
2024-10-18 12:32:42.517922 INFO::Fitting model to feature number 684, Arg.Trp
2024-10-18 12:32:42.585201 INFO::Fitting model to feature number 685, Asn.Arg
2024-10-18 12:32:42.656413 INFO::Fitting model to feature number 686, Asn.Asn
2024-10-18 12:32:42.726943 INFO::Fitting model to feature number 687, Asn.Glu
2024-10-18 12:32:42.787407 INFO::Fitting model to feature number 688, Asn.Tyr
2024-10-18 12:32:42.845626 INFO::Fitting model to feature number 689, Asp.Arg
2024-10-18 12:32:42.899988 INFO::Fitting model to feature number 690, Aspartic.acid
2024-10-18 12:32:42.95528 INFO::Fitting model to feature number 691, Asp.Leu.Lys
2024-10-18 12:32:43.010267 INFO::Fitting model to feature number 692, Asp.Lys
2024-10-18 12:32:43.065276 INFO::Fitting model to feature number 693, Asp.Phe
2024-10-18 12:32:43.121574 INFO::Fitting model to feature number 694, Asp.Tyr
2024-10-18 12:32:43.21665 INFO::Fitting model to feature number 695, Azithromycin
2024-10-18 12:32:43.271402 INFO::Fitting model to feature number 696, beta.homoleucine
2024-10-18 12:32:43.323447 INFO::Fitting model to feature number 697, Betaine
2024-10-18 12:32:43.377098 INFO::Fitting model to feature number 698, Biliverdin
2024-10-18 12:32:43.436294 INFO::Fitting model to feature number 699, Blood.Group.A.Tetrasaccharide
2024-10-18 12:32:43.50569 INFO::Fitting model to feature number 700, cadaverine.1
2024-10-18 12:32:43.575393 INFO::Fitting model to feature number 701, Caffeic.acid
2024-10-18 12:32:43.644038 INFO::Fitting model to feature number 702, cAMP
2024-10-18 12:32:43.716818 INFO::Fitting model to feature number 703, carnitine
2024-10-18 12:32:43.785507 INFO::Fitting model to feature number 704, carnosine
2024-10-18 12:32:43.845109 INFO::Fitting model to feature number 705, Catechol
2024-10-18 12:32:43.920045 INFO::Fitting model to feature number 706, chenodeoxycholic.acid.1
2024-10-18 12:32:43.981237 INFO::Fitting model to feature number 707, cholesterol.3.sulfate....1046
2024-10-18 12:32:44.039841 INFO::Fitting model to feature number 708, Cholic.acid
2024-10-18 12:32:44.100285 INFO::Fitting model to feature number 709, Choline
2024-10-18 12:32:44.160576 INFO::Fitting model to feature number 710, citrulline
2024-10-18 12:32:44.220607 INFO::Fitting model to feature number 711, Cortisone
2024-10-18 12:32:44.301503 INFO::Fitting model to feature number 712, Cortodoxone
2024-10-18 12:32:44.358693 INFO::Fitting model to feature number 713, Creatine
2024-10-18 12:32:44.42131 INFO::Fitting model to feature number 714, Cysteic.Acid
2024-10-18 12:32:44.497758 INFO::Fitting model to feature number 715, cysteine.S.sulfate
2024-10-18 12:32:44.56711 INFO::Fitting model to feature number 716, Cytidine
2024-10-18 12:32:44.631475 INFO::Fitting model to feature number 717, Daidzein
2024-10-18 12:32:44.69399 INFO::Fitting model to feature number 718, decanedioic.acid
2024-10-18 12:32:44.757933 INFO::Fitting model to feature number 719, dehydroepiandrosterone.sulfate
2024-10-18 12:32:44.822756 INFO::Fitting model to feature number 720, delta.Hydroxylysine
2024-10-18 12:32:44.882146 INFO::Fitting model to feature number 721, deoxycarnitine
2024-10-18 12:32:44.942242 INFO::Fitting model to feature number 722, Deoxycholate
2024-10-18 12:32:45.005234 INFO::Fitting model to feature number 723, deprenyl
2024-10-18 12:32:45.063262 INFO::Fitting model to feature number 724, D.erythro.N.stearoylsphingosine
2024-10-18 12:32:45.123002 INFO::Fitting model to feature number 725, Desloratadine
2024-10-18 12:32:45.184729 INFO::Fitting model to feature number 726, dibenzylamine
2024-10-18 12:32:45.242625 INFO::Fitting model to feature number 727, Dihydrosphingosine
2024-10-18 12:32:45.307724 INFO::Fitting model to feature number 728, DL.Octopamine
2024-10-18 12:32:45.392044 INFO::Fitting model to feature number 729, docosahexaenoic.acid
2024-10-18 12:32:45.450837 INFO::Fitting model to feature number 730, Docosatetraenoic.acid
2024-10-18 12:32:45.509482 INFO::Fitting model to feature number 731, D.Pyroglutamic.acid
2024-10-18 12:32:45.566462 INFO::Fitting model to feature number 732, Eicosenoic.acid
2024-10-18 12:32:45.621126 INFO::Fitting model to feature number 733, E.N.Deoxyfructosyllysine
2024-10-18 12:32:45.677965 INFO::Fitting model to feature number 734, ethanolamine.1
2024-10-18 12:32:45.742743 INFO::Fitting model to feature number 735, Ethyl..4.amino.1.piperidinyl.acetate
2024-10-18 12:32:45.803382 INFO::Fitting model to feature number 736, Ferulic.acid
2024-10-18 12:32:45.880745 INFO::Fitting model to feature number 737, Galacto.N.biose
2024-10-18 12:32:45.973852 INFO::Fitting model to feature number 738, gamma.aminobutyric.acid
2024-10-18 12:32:46.062981 INFO::Fitting model to feature number 739, gamma.Glutamylmethionine
2024-10-18 12:32:46.138525 INFO::Fitting model to feature number 740, gamma.linolenic.acid
2024-10-18 12:32:46.201212 INFO::Fitting model to feature number 741, Gln.Ala
2024-10-18 12:32:46.257058 INFO::Fitting model to feature number 742, Gln.Arg
2024-10-18 12:32:46.316549 INFO::Fitting model to feature number 743, Gln.Glu
2024-10-18 12:32:46.376585 INFO::Fitting model to feature number 744, Gln.Leu.Lys
2024-10-18 12:32:46.460366 INFO::Fitting model to feature number 745, Gln.Met
2024-10-18 12:32:46.522174 INFO::Fitting model to feature number 746, Gln.Phe
2024-10-18 12:32:46.578108 INFO::Fitting model to feature number 747, Gln.Pro
2024-10-18 12:32:46.632077 INFO::Fitting model to feature number 748, Gln.Tyr
2024-10-18 12:32:46.688834 INFO::Fitting model to feature number 749, Glu.Ala.Lys
2024-10-18 12:32:46.744342 INFO::Fitting model to feature number 750, Glucosamine.6.phosphate
2024-10-18 12:32:46.80144 INFO::Fitting model to feature number 751, Glu.Glu
2024-10-18 12:32:46.855775 INFO::Fitting model to feature number 752, Glu.Gly
2024-10-18 12:32:46.912269 INFO::Fitting model to feature number 753, Glu.His
2024-10-18 12:32:46.962069 INFO::Fitting model to feature number 754, Glu.Ile.Lys
2024-10-18 12:32:47.01353 INFO::Fitting model to feature number 755, glutamic.acid
2024-10-18 12:32:47.061128 INFO::Fitting model to feature number 756, Glutamine
2024-10-18 12:32:47.127581 INFO::Fitting model to feature number 757, Glu.Val.Phe
2024-10-18 12:32:47.182047 INFO::Fitting model to feature number 758, Gly.Asn
2024-10-18 12:32:47.243478 INFO::Fitting model to feature number 759, Gly.Asp
2024-10-18 12:32:47.295911 INFO::Fitting model to feature number 760, glycerophosphocholine
2024-10-18 12:32:47.351263 INFO::Fitting model to feature number 761, glycine.1
2024-10-18 12:32:47.424071 INFO::Fitting model to feature number 762, Glycitein
2024-10-18 12:32:47.485362 INFO::Fitting model to feature number 763, glycocholic.acid
2024-10-18 12:32:47.536658 INFO::Fitting model to feature number 764, Gly.Glu
2024-10-18 12:32:47.596175 INFO::Fitting model to feature number 765, Gly.His
2024-10-18 12:32:47.641957 INFO::Fitting model to feature number 766, Gly.Ile
2024-10-18 12:32:47.69426 INFO::Fitting model to feature number 767, Gly.Ile.Lys
2024-10-18 12:32:47.749039 INFO::Fitting model to feature number 768, Gly.Met
2024-10-18 12:32:47.800214 INFO::Fitting model to feature number 769, Gly.Phe
2024-10-18 12:32:47.856774 INFO::Fitting model to feature number 770, Gly.Pro
2024-10-18 12:32:47.925698 INFO::Fitting model to feature number 771, Gly.Val.Lys
2024-10-18 12:32:47.987708 INFO::Fitting model to feature number 772, guanidinosuccinate.1
2024-10-18 12:32:48.041233 INFO::Fitting model to feature number 773, Guanine
2024-10-18 12:32:48.094273 INFO::Fitting model to feature number 774, Guanosine
2024-10-18 12:32:48.159543 INFO::Fitting model to feature number 775, His.Ala
2024-10-18 12:32:48.217264 INFO::Fitting model to feature number 776, His.Gln
2024-10-18 12:32:48.269774 INFO::Fitting model to feature number 777, his.ile
2024-10-18 12:32:48.335755 INFO::Fitting model to feature number 778, His.Leu
2024-10-18 12:32:48.407119 INFO::Fitting model to feature number 779, His.Ser
2024-10-18 12:32:48.471131 INFO::Fitting model to feature number 780, Histamine
2024-10-18 12:32:48.529239 INFO::Fitting model to feature number 781, His.Thr
2024-10-18 12:32:48.5913 INFO::Fitting model to feature number 782, histidine
2024-10-18 12:32:48.639938 INFO::Fitting model to feature number 783, His.Tyr
2024-10-18 12:32:48.691588 INFO::Fitting model to feature number 784, His.Val
2024-10-18 12:32:48.746388 INFO::Fitting model to feature number 785, Homarine
2024-10-18 12:32:48.812278 INFO::Fitting model to feature number 786, Hypoxanthine
2024-10-18 12:32:48.864824 INFO::Fitting model to feature number 787, Ile.Ala
2024-10-18 12:32:48.918673 INFO::Fitting model to feature number 788, Ile.Arg
2024-10-18 12:32:48.975282 INFO::Fitting model to feature number 789, Ile.Gln
2024-10-18 12:32:49.026588 INFO::Fitting model to feature number 790, Ile.Glu
2024-10-18 12:32:49.079876 INFO::Fitting model to feature number 791, Ile.Phe
2024-10-18 12:32:49.136769 INFO::Fitting model to feature number 792, Ile.Pro
2024-10-18 12:32:49.196744 INFO::Fitting model to feature number 793, Ile.Ser
2024-10-18 12:32:49.253814 INFO::Fitting model to feature number 794, Ile.Thr
2024-10-18 12:32:49.319277 INFO::Fitting model to feature number 795, Ile.Trp
2024-10-18 12:32:49.395545 INFO::Fitting model to feature number 796, Ile.Val
2024-10-18 12:32:49.445324 INFO::Fitting model to feature number 797, Ile.Val.Arg
2024-10-18 12:32:49.496742 INFO::Fitting model to feature number 798, Indole.3.carboxaldehyde
2024-10-18 12:32:49.547162 INFO::Fitting model to feature number 799, Inosine
2024-10-18 12:32:49.601847 INFO::Fitting model to feature number 800, isethionate
2024-10-18 12:32:49.657122 INFO::Fitting model to feature number 801, Isoleucine
2024-10-18 12:32:49.711068 INFO::Fitting model to feature number 802, Isorhamnetin.3.O.rutinoside
2024-10-18 12:32:49.77015 INFO::Fitting model to feature number 803, Ketoisovaleric.acid
2024-10-18 12:32:49.842958 INFO::Fitting model to feature number 804, Kynurenic.acid
2024-10-18 12:32:49.910352 INFO::Fitting model to feature number 805, L.Arginine..methyl.ester
2024-10-18 12:32:49.965694 INFO::Fitting model to feature number 806, Lauroyl.L.carnitine
2024-10-18 12:32:50.015783 INFO::Fitting model to feature number 807, Leu.Asn
2024-10-18 12:32:50.082292 INFO::Fitting model to feature number 808, Leucine
2024-10-18 12:32:50.145458 INFO::Fitting model to feature number 809, leucyl.leucine
2024-10-18 12:32:50.201458 INFO::Fitting model to feature number 810, Leu.Gly.Leu
2024-10-18 12:32:50.255878 INFO::Fitting model to feature number 811, Leu.His
2024-10-18 12:32:50.311073 INFO::Fitting model to feature number 812, Leu.Leu
2024-10-18 12:32:50.394439 INFO::Fitting model to feature number 813, Leu.Met
2024-10-18 12:32:50.454031 INFO::Fitting model to feature number 814, Leu.Phe
2024-10-18 12:32:50.517163 INFO::Fitting model to feature number 815, Leu.Thr
2024-10-18 12:32:50.567593 INFO::Fitting model to feature number 816, Leu.Trp
2024-10-18 12:32:50.618574 INFO::Fitting model to feature number 817, Leu.Val.Lys
2024-10-18 12:32:50.664288 INFO::Fitting model to feature number 818, Linoleoyl.ethanolamide
2024-10-18 12:32:50.724033 INFO::Fitting model to feature number 819, LPA.16.0
2024-10-18 12:32:50.78597 INFO::Fitting model to feature number 820, LPC.12.0
2024-10-18 12:32:50.843051 INFO::Fitting model to feature number 821, LPC.15.0
2024-10-18 12:32:50.905906 INFO::Fitting model to feature number 822, LPC.16.0
2024-10-18 12:32:50.967218 INFO::Fitting model to feature number 823, LPC.18.0....1185
2024-10-18 12:32:51.01901 INFO::Fitting model to feature number 824, LPC.18.1.Isomer.B
2024-10-18 12:32:51.078603 INFO::Fitting model to feature number 825, LPC.O.16.1....1188
2024-10-18 12:32:51.138035 INFO::Fitting model to feature number 826, LPE.16.0....1189
2024-10-18 12:32:51.197124 INFO::Fitting model to feature number 827, LPE.O.16.1
2024-10-18 12:32:51.254845 INFO::Fitting model to feature number 828, LPI.18.0
2024-10-18 12:32:51.321967 INFO::Fitting model to feature number 829, L.Saccharopine
2024-10-18 12:32:51.373779 INFO::Fitting model to feature number 830, Lys.Asp
2024-10-18 12:32:51.420847 INFO::Fitting model to feature number 831, Lys.Gly
2024-10-18 12:32:51.474988 INFO::Fitting model to feature number 832, lysine
2024-10-18 12:32:51.524355 INFO::Fitting model to feature number 833, Lys.Phe
2024-10-18 12:32:51.585888 INFO::Fitting model to feature number 834, Lys.Pro
2024-10-18 12:32:51.645177 INFO::Fitting model to feature number 835, Lys.Ser
2024-10-18 12:32:51.706247 INFO::Fitting model to feature number 836, Lys.Val
2024-10-18 12:32:51.754826 INFO::Fitting model to feature number 837, Malonic.acid
2024-10-18 12:32:51.806484 INFO::Fitting model to feature number 838, Mandelic.acid
2024-10-18 12:32:51.868653 INFO::Fitting model to feature number 839, Mannitol
2024-10-18 12:32:51.922616 INFO::Fitting model to feature number 840, Melatonin
2024-10-18 12:32:51.980215 INFO::Fitting model to feature number 841, Met.Ala
2024-10-18 12:32:52.03617 INFO::Fitting model to feature number 842, Met.Arg
2024-10-18 12:32:52.086787 INFO::Fitting model to feature number 843, Met.Asp
2024-10-18 12:32:52.143278 INFO::Fitting model to feature number 844, Met.Glu
2024-10-18 12:32:52.202815 INFO::Fitting model to feature number 845, Methacholine
2024-10-18 12:32:52.284983 INFO::Fitting model to feature number 846, Methionine
2024-10-18 12:32:52.347973 INFO::Fitting model to feature number 847, methionine.sulfone
2024-10-18 12:32:52.400128 INFO::Fitting model to feature number 848, methionine.sulfoxide
2024-10-18 12:32:52.468534 INFO::Fitting model to feature number 849, Met.His
2024-10-18 12:32:52.537086 INFO::Fitting model to feature number 850, Methohexital
2024-10-18 12:32:52.599989 INFO::Fitting model to feature number 851, Methyl.beta.galactopyranoside
2024-10-18 12:32:52.651935 INFO::Fitting model to feature number 852, methylglyoxal.derived.hydroimidazolone
2024-10-18 12:32:52.708598 INFO::Fitting model to feature number 853, Met.Lys
2024-10-18 12:32:52.781236 INFO::Fitting model to feature number 854, Met.Met
2024-10-18 12:32:52.860436 INFO::Fitting model to feature number 855, Met.Thr
2024-10-18 12:32:52.944848 INFO::Fitting model to feature number 856, Met.Val
2024-10-18 12:32:53.021904 INFO::Fitting model to feature number 857, myo.inositol
2024-10-18 12:32:53.080737 INFO::Fitting model to feature number 858, Myristoyl.L.carnitine
2024-10-18 12:32:53.148329 INFO::Fitting model to feature number 859, N..2.6.dimethylphenyl..2.hydroxyacetamide
2024-10-18 12:32:53.329651 INFO::Fitting model to feature number 860, N..5.acetamidopentyl.acetamide
2024-10-18 12:32:53.421196 INFO::Fitting model to feature number 861, N.N..Diacetylcystine
2024-10-18 12:32:53.504858 INFO::Fitting model to feature number 862, N.N.epsiloN.dimethyl.lysine
2024-10-18 12:32:53.609366 INFO::Fitting model to feature number 863, N2.acetyl.histidine
2024-10-18 12:32:53.675309 INFO::Fitting model to feature number 864, N8.acetylspermidine
2024-10-18 12:32:53.737913 INFO::Fitting model to feature number 865, N.acetylarginine
2024-10-18 12:32:53.809213 INFO::Fitting model to feature number 866, N.Acetyl.D.proline
2024-10-18 12:32:53.867112 INFO::Fitting model to feature number 867, N.Acetylglucosamine
2024-10-18 12:32:53.924421 INFO::Fitting model to feature number 868, N..Acetylisonicotinohydrazide
2024-10-18 12:32:53.978125 INFO::Fitting model to feature number 869, N.Acetylputrescine
2024-10-18 12:32:54.042075 INFO::Fitting model to feature number 870, N.Acetylserine
2024-10-18 12:32:54.10658 INFO::Fitting model to feature number 871, N.alpha.methylhistamine
2024-10-18 12:32:54.160528 INFO::Fitting model to feature number 872, Neohesperidin
2024-10-18 12:32:54.215581 INFO::Fitting model to feature number 873, Nervonic.acid
2024-10-18 12:32:54.270504 INFO::Fitting model to feature number 874, N.Formylmethionine
2024-10-18 12:32:54.324648 INFO::Fitting model to feature number 875, N.fructosyl.isoleucine
2024-10-18 12:32:54.379626 INFO::Fitting model to feature number 876, Nicotinamide.riboside
2024-10-18 12:32:54.429509 INFO::Fitting model to feature number 877, Nicotinic.acid
2024-10-18 12:32:54.479949 INFO::Fitting model to feature number 878, N.Isobutyrylglycine
2024-10-18 12:32:54.53212 INFO::Fitting model to feature number 879, N.Methylanthranilic.acid
2024-10-18 12:32:54.607004 INFO::Fitting model to feature number 880, N.Methylglutamic.acid
2024-10-18 12:32:54.653826 INFO::Fitting model to feature number 881, N.Methylproline
2024-10-18 12:32:54.706648 INFO::Fitting model to feature number 882, N.Methylthreonine
2024-10-18 12:32:54.755885 INFO::Fitting model to feature number 883, N.Methyltyrosine
2024-10-18 12:32:54.807595 INFO::Fitting model to feature number 884, N.nitroimidazolidi.N.2.imine
2024-10-18 12:32:54.85731 INFO::Fitting model to feature number 885, N.nitrosopyrrolidine
2024-10-18 12:32:54.905355 INFO::Fitting model to feature number 886, N.omega.Acetylhistamine
2024-10-18 12:32:54.956255 INFO::Fitting model to feature number 887, Octadecanedioic.acid
2024-10-18 12:32:55.019428 INFO::Fitting model to feature number 888, Octopine
2024-10-18 12:32:55.067901 INFO::Fitting model to feature number 889, Oleoyl.L.carnitine
2024-10-18 12:32:55.118034 INFO::Fitting model to feature number 890, O.Phosphocholine
2024-10-18 12:32:55.168201 INFO::Fitting model to feature number 891, ornithine....1268
2024-10-18 12:32:55.229312 INFO::Fitting model to feature number 892, Palmitoylcarnitine
2024-10-18 12:32:55.290957 INFO::Fitting model to feature number 893, Pantothenic.acid
2024-10-18 12:32:55.340368 INFO::Fitting model to feature number 894, Pantothenic.acid.1
2024-10-18 12:32:55.387255 INFO::Fitting model to feature number 895, p.coumaric.acid
2024-10-18 12:32:55.431785 INFO::Fitting model to feature number 896, Phe.Ala
2024-10-18 12:32:55.501804 INFO::Fitting model to feature number 897, phe.arg
2024-10-18 12:32:55.546318 INFO::Fitting model to feature number 898, Phe.Asn
2024-10-18 12:32:55.5972 INFO::Fitting model to feature number 899, Phe.Glu
2024-10-18 12:32:55.647742 INFO::Fitting model to feature number 900, Phe.His
2024-10-18 12:32:55.70224 INFO::Fitting model to feature number 901, Phe.Lys
2024-10-18 12:32:55.75287 INFO::Fitting model to feature number 902, phenylacetylglycine
2024-10-18 12:32:55.801242 INFO::Fitting model to feature number 903, Phenylalanine
2024-10-18 12:32:55.855794 INFO::Fitting model to feature number 904, Phe.Thr
2024-10-18 12:32:55.905218 INFO::Fitting model to feature number 905, Phe.Tyr
2024-10-18 12:32:55.955993 INFO::Fitting model to feature number 906, Phe.Val
2024-10-18 12:32:56.005777 INFO::Fitting model to feature number 907, Pipecolic.acid
2024-10-18 12:32:56.062058 INFO::Fitting model to feature number 908, piperine
2024-10-18 12:32:56.125045 INFO::Fitting model to feature number 909, Pro.Asp
2024-10-18 12:32:56.185959 INFO::Fitting model to feature number 910, pro.gly
2024-10-18 12:32:56.244341 INFO::Fitting model to feature number 911, Pro.Ile
2024-10-18 12:32:56.304656 INFO::Fitting model to feature number 912, Proline
2024-10-18 12:32:56.383843 INFO::Fitting model to feature number 913, Pro.Phe
2024-10-18 12:32:56.431886 INFO::Fitting model to feature number 914, Pro.Pro
2024-10-18 12:32:56.477416 INFO::Fitting model to feature number 915, Pro.Ser
2024-10-18 12:32:56.526334 INFO::Fitting model to feature number 916, Pro.Thr
2024-10-18 12:32:56.587171 INFO::Fitting model to feature number 917, Pseudouridine
2024-10-18 12:32:56.650917 INFO::Fitting model to feature number 918, putrescine.1
2024-10-18 12:32:56.702572 INFO::Fitting model to feature number 919, Pyridoxamine
2024-10-18 12:32:56.754121 INFO::Fitting model to feature number 920, pyrrolidine
2024-10-18 12:32:56.811085 INFO::Fitting model to feature number 921, pyruvic.acid...1307
2024-10-18 12:32:56.870746 INFO::Fitting model to feature number 922, quinaldic.acid
2024-10-18 12:32:56.923523 INFO::Fitting model to feature number 923, riboflavin
2024-10-18 12:32:56.983295 INFO::Fitting model to feature number 924, Rosmarinic.acid
2024-10-18 12:32:57.031785 INFO::Fitting model to feature number 925, S.Adenosyl.L.methionine
2024-10-18 12:32:57.0803 INFO::Fitting model to feature number 926, salicylamide
2024-10-18 12:32:57.130191 INFO::Fitting model to feature number 927, SDMA
2024-10-18 12:32:57.187693 INFO::Fitting model to feature number 928, sedoheptulose
2024-10-18 12:32:57.245775 INFO::Fitting model to feature number 929, Ser.Asp
2024-10-18 12:32:57.312477 INFO::Fitting model to feature number 930, serine....1320
2024-10-18 12:32:57.357503 INFO::Fitting model to feature number 931, Ser.Lys
2024-10-18 12:32:57.401603 INFO::Fitting model to feature number 932, ser.pro
2024-10-18 12:32:57.450426 INFO::Fitting model to feature number 933, Ser.Thr
2024-10-18 12:32:57.499684 INFO::Fitting model to feature number 934, Ser.Val
2024-10-18 12:32:57.551856 INFO::Fitting model to feature number 935, SM.22.1.2O.12.0
2024-10-18 12:32:57.601384 INFO::Fitting model to feature number 936, SPERMIDINE
2024-10-18 12:32:57.652291 INFO::Fitting model to feature number 937, Stercobilin
2024-10-18 12:32:57.704105 INFO::Fitting model to feature number 938, sulfochenodeoxycholic.acid
2024-10-18 12:32:57.751826 INFO::Fitting model to feature number 939, sulfolithocholic.acid
2024-10-18 12:32:57.80777 INFO::Fitting model to feature number 940, Tagatose
2024-10-18 12:32:57.856645 INFO::Fitting model to feature number 941, Taurine
2024-10-18 12:32:57.905341 INFO::Fitting model to feature number 942, Taurocholic.acid
2024-10-18 12:32:57.961058 INFO::Fitting model to feature number 943, Tauromuricholic.acid
2024-10-18 12:32:58.023973 INFO::Fitting model to feature number 944, Thiamine
2024-10-18 12:32:58.069906 INFO::Fitting model to feature number 945, Thr.Ala
2024-10-18 12:32:58.129728 INFO::Fitting model to feature number 946, Thr.Asp
2024-10-18 12:32:58.207149 INFO::Fitting model to feature number 947, threonine
2024-10-18 12:32:58.25395 INFO::Fitting model to feature number 948, Thr.His
2024-10-18 12:32:58.303098 INFO::Fitting model to feature number 949, Thr.Ile.Lys
2024-10-18 12:32:58.351122 INFO::Fitting model to feature number 950, Thr.Lys
2024-10-18 12:32:58.409366 INFO::Fitting model to feature number 951, Thr.Ser
2024-10-18 12:32:58.472403 INFO::Fitting model to feature number 952, Thr.Thr
2024-10-18 12:32:58.527975 INFO::Fitting model to feature number 953, Thr.Val
2024-10-18 12:32:58.580058 INFO::Fitting model to feature number 954, Thymidine
2024-10-18 12:32:58.629294 INFO::Fitting model to feature number 955, Thymine
2024-10-18 12:32:58.676819 INFO::Fitting model to feature number 956, TMAO
2024-10-18 12:32:58.726855 INFO::Fitting model to feature number 957, Tomatidine
2024-10-18 12:32:58.77596 INFO::Fitting model to feature number 958, trans.Zeatin
2024-10-18 12:32:58.836026 INFO::Fitting model to feature number 959, Trihydroxycholestanoic.acid
2024-10-18 12:32:58.88885 INFO::Fitting model to feature number 960, TRIMETHYLAMINE
2024-10-18 12:32:58.933922 INFO::Fitting model to feature number 961, Trp.Ser
2024-10-18 12:32:58.993536 INFO::Fitting model to feature number 962, Trp.Val
2024-10-18 12:32:59.054461 INFO::Fitting model to feature number 963, Tryptamine
2024-10-18 12:32:59.141655 INFO::Fitting model to feature number 964, Tryptoline
2024-10-18 12:32:59.189766 INFO::Fitting model to feature number 965, Tryptophan
2024-10-18 12:32:59.235407 INFO::Fitting model to feature number 966, Tyr.Ala
2024-10-18 12:32:59.284819 INFO::Fitting model to feature number 967, tyr.arg
2024-10-18 12:32:59.33881 INFO::Fitting model to feature number 968, Tyr.Asn
2024-10-18 12:32:59.38324 INFO::Fitting model to feature number 969, Tyr.Lys
2024-10-18 12:32:59.436438 INFO::Fitting model to feature number 970, tyrosine.1
2024-10-18 12:32:59.511719 INFO::Fitting model to feature number 971, Tyr.Thr
2024-10-18 12:32:59.590446 INFO::Fitting model to feature number 972, Tyr.Tyr.Tyr
2024-10-18 12:32:59.690095 INFO::Fitting model to feature number 973, Tyr.Val
2024-10-18 12:32:59.761415 INFO::Fitting model to feature number 974, Uracil
2024-10-18 12:32:59.819097 INFO::Fitting model to feature number 975, urea.1
2024-10-18 12:32:59.878862 INFO::Fitting model to feature number 976, uric.acid.1
2024-10-18 12:32:59.934663 INFO::Fitting model to feature number 977, Uridine
2024-10-18 12:32:59.994276 INFO::Fitting model to feature number 978, uridine.5.monophosphate
2024-10-18 12:33:00.048617 INFO::Fitting model to feature number 979, urobilin
2024-10-18 12:33:00.134385 INFO::Fitting model to feature number 980, Urocanic.acid
2024-10-18 12:33:00.195566 INFO::Fitting model to feature number 981, Ursocholic.acid
2024-10-18 12:33:00.245586 INFO::Fitting model to feature number 982, Val.Arg
2024-10-18 12:33:00.296201 INFO::Fitting model to feature number 983, Val.Asp
2024-10-18 12:33:00.346327 INFO::Fitting model to feature number 984, valeryl.carnitine
2024-10-18 12:33:00.400856 INFO::Fitting model to feature number 985, Val.Gly
2024-10-18 12:33:00.456195 INFO::Fitting model to feature number 986, Val.His
2024-10-18 12:33:00.521648 INFO::Fitting model to feature number 987, Valine
2024-10-18 12:33:00.586402 INFO::Fitting model to feature number 988, Val.Met
2024-10-18 12:33:00.633826 INFO::Fitting model to feature number 989, Val.Phe.Lys
2024-10-18 12:33:00.682884 INFO::Fitting model to feature number 990, Val.Pro
2024-10-18 12:33:00.735062 INFO::Fitting model to feature number 991, Val.Ser
2024-10-18 12:33:00.787483 INFO::Fitting model to feature number 992, Val.Thr
2024-10-18 12:33:00.847359 INFO::Fitting model to feature number 993, Val.Tyr
2024-10-18 12:33:00.908891 INFO::Fitting model to feature number 994, Val.Val
2024-10-18 12:33:00.956371 INFO::Fitting model to feature number 995, Val.Val.Lys
2024-10-18 12:33:01.006449 INFO::Fitting model to feature number 996, xanthine
2024-10-18 12:33:01.107104 INFO::Fitting model to feature number 997, Xanthosine
2024-10-18 12:33:01.157018 INFO::Fitting model to feature number 998, Xanthurenic.acid
2024-10-18 12:33:01.326779 INFO::Counting total values for each feature
2024-10-18 12:33:01.400499 INFO::Writing filtered data to file /home/julianne/Documents/biogeography/Shotgun/melonnpan/CS_SPF/Mets-SexSite-1-MsID//features/filtered_data.tsv
2024-10-18 12:33:01.441291 INFO::Writing filtered, normalized data to file /home/julianne/Documents/biogeography/Shotgun/melonnpan/CS_SPF/Mets-SexSite-1-MsID//features/filtered_data_norm.tsv
2024-10-18 12:33:01.469971 INFO::Writing filtered, normalized, transformed data to file /home/julianne/Documents/biogeography/Shotgun/melonnpan/CS_SPF/Mets-SexSite-1-MsID//features/filtered_data_norm_transformed.tsv
2024-10-18 12:33:01.505379 INFO::Writing residuals to file /home/julianne/Documents/biogeography/Shotgun/melonnpan/CS_SPF/Mets-SexSite-1-MsID//fits/residuals.rds
2024-10-18 12:33:01.527306 INFO::Writing fitted values to file /home/julianne/Documents/biogeography/Shotgun/melonnpan/CS_SPF/Mets-SexSite-1-MsID//fits/fitted.rds
2024-10-18 12:33:01.538275 INFO::Writing extracted random effects to file /home/julianne/Documents/biogeography/Shotgun/melonnpan/CS_SPF/Mets-SexSite-1-MsID//fits/ranef.rds
2024-10-18 12:33:01.544111 INFO::Writing all results to file (ordered by increasing q-values): /home/julianne/Documents/biogeography/Shotgun/melonnpan/CS_SPF/Mets-SexSite-1-MsID//all_results.tsv
2024-10-18 12:33:01.562328 INFO::Writing the significant results (those which are less than or equal to the threshold of 0.250000 ) to file (ordered by increasing q-values): /home/julianne/Documents/biogeography/Shotgun/melonnpan/CS_SPF/Mets-SexSite-1-MsID//significant_results.tsv
