2022-08-31 07:23:46 INFO::Writing function arguments to log file
2022-08-31 07:23:46 DEBUG::Function arguments
2022-08-31 07:23:46 DEBUG::Output folder: Source RPCA/SPF/Maaslin2_Site_L6/L6-DCvsAll-CLR-Lum-ComBat-SeqRunSexSite-1-MsID
2022-08-31 07:23:46 DEBUG::Min Abundance: 0.000000
2022-08-31 07:23:46 DEBUG::Min Prevalence: 0.100000
2022-08-31 07:23:46 DEBUG::Normalization: CLR
2022-08-31 07:23:46 DEBUG::Transform: NONE
2022-08-31 07:23:46 DEBUG::Analysis method: LM
2022-08-31 07:23:46 DEBUG::Max significance: 0.250000
2022-08-31 07:23:46 DEBUG::Random effects: MouseID
2022-08-31 07:23:46 DEBUG::Fixed effects: Sequencing_Run,Sex,Site
2022-08-31 07:23:46 DEBUG::Correction method: BH
2022-08-31 07:23:46 DEBUG::Standardize: TRUE
2022-08-31 07:23:46 DEBUG::Cores: 1
2022-08-31 07:23:46 INFO::Verifying options selected are valid
2022-08-31 07:23:46 INFO::Determining format of input files
2022-08-31 07:23:46 INFO::Input format is data samples as columns and metadata samples as rows
2022-08-31 07:23:46 DEBUG::Transformed data so samples are rows
2022-08-31 07:23:46 DEBUG::A total of 51 samples were found in both the data and metadata
2022-08-31 07:23:46 DEBUG::Reordering data/metadata to use same sample ordering
2022-08-31 07:23:46 INFO::Formula for random effects: expr ~ (1 | MouseID)
2022-08-31 07:23:46 INFO::Formula for fixed effects: expr ~  Sequencing_Run + Sex + Site
2022-08-31 07:23:46 INFO::Running selected normalization method: CLR
2022-08-31 07:23:46 INFO::Filter data based on min abundance and min prevalence
2022-08-31 07:23:46 INFO::Total samples in data: 51
2022-08-31 07:23:46 INFO::Min samples required with min abundance for a feature not to be filtered: 5.100000
2022-08-31 07:23:46 INFO::Total filtered features: 11
2022-08-31 07:23:46 INFO::Filtered feature names: k__Bacteria.p__Firmicutes.c__Clostridia.o__Clostridiales.f__Eubacteriaceae.g__Eubacterium, k__Bacteria.p__Firmicutes.c__Clostridia.o__Clostridiales.f__Lachnospiraceae.g__Cuneatibacter, k__Bacteria.p__Firmicutes.c__Clostridia.o__Clostridiales.f__Lachnospiraceae.g__Hungatella, k__Bacteria.p__Firmicutes.c__Clostridia.o__Clostridiales.f__Lachnospiraceae.g__Lachnospiraceae_UCG.010, k__Bacteria.p__Firmicutes.c__Clostridia.o__Clostridiales.f__Lachnospiraceae.g__Lactonifactor, k__Bacteria.p__Firmicutes.c__Clostridia.o__Clostridiales.f__Lachnospiraceae.g__Marvinbryantia, k__Bacteria.p__Firmicutes.c__Clostridia.o__Clostridiales.f__Lachnospiraceae.g__Sellimonas, k__Bacteria.p__Firmicutes.c__Clostridia.o__Clostridiales.f__Lachnospiraceae.g__UC5.1.2E3, k__Bacteria.p__Firmicutes.c__Erysipelotrichia.o__Erysipelotrichales.f__Erysipelotrichaceae.g__Dielma, k__Bacteria.p__Proteobacteria.c__Gammaproteobacteria.o__Enterobacteriales.f__Enterobacteriaceae.g__Klebsiella, k__Bacteria.p__Proteobacteria.c__Gammaproteobacteria.o__Pseudomonadales.f__Moraxellaceae.g__Acinetobacter
2022-08-31 07:23:46 INFO::Applying z-score to standardize continuous metadata
2022-08-31 07:23:46 INFO::Running selected transform method: NONE
2022-08-31 07:23:46 INFO::Running selected analysis method: LM
2022-08-31 07:23:46 INFO::Fitting model to feature number 1, k__Bacteria.p__Actinobacteria.c__Actinobacteria.o__Bifidobacteriales.f__Bifidobacteriaceae.g__Bifidobacterium
2022-08-31 07:23:46 INFO::Fitting model to feature number 2, k__Bacteria.p__Actinobacteria.c__Coriobacteriia.o__Coriobacteriales.f__Eggerthellaceae.g__Enterorhabdus
2022-08-31 07:23:47 INFO::Fitting model to feature number 3, k__Bacteria.p__Bacteroidetes.c__Bacteroidia.o__Bacteroidales.f__Bacteroidaceae.g__Bacteroides
2022-08-31 07:23:47 INFO::Fitting model to feature number 4, k__Bacteria.p__Bacteroidetes.c__Bacteroidia.o__Bacteroidales.f__Marinifilaceae.g__Odoribacter
2022-08-31 07:23:47 INFO::Fitting model to feature number 5, k__Bacteria.p__Bacteroidetes.c__Bacteroidia.o__Bacteroidales.f__Muribaculaceae.g__
2022-08-31 07:23:47 INFO::Fitting model to feature number 6, k__Bacteria.p__Bacteroidetes.c__Bacteroidia.o__Bacteroidales.f__Muribaculaceae.g__Muribaculum
2022-08-31 07:23:47 INFO::Fitting model to feature number 7, k__Bacteria.p__Bacteroidetes.c__Bacteroidia.o__Bacteroidales.f__Prevotellaceae.g__Alloprevotella
2022-08-31 07:23:47 INFO::Fitting model to feature number 8, k__Bacteria.p__Bacteroidetes.c__Bacteroidia.o__Bacteroidales.f__Prevotellaceae.g__Paraprevotella
2022-08-31 07:23:47 INFO::Fitting model to feature number 9, k__Bacteria.p__Bacteroidetes.c__Bacteroidia.o__Bacteroidales.f__Prevotellaceae.g__Prevotellaceae_UCG.001
2022-08-31 07:23:47 INFO::Fitting model to feature number 10, k__Bacteria.p__Bacteroidetes.c__Bacteroidia.o__Bacteroidales.f__Rikenellaceae.g__Alistipes
2022-08-31 07:23:47 INFO::Fitting model to feature number 11, k__Bacteria.p__Bacteroidetes.c__Bacteroidia.o__Bacteroidales.f__Rikenellaceae.g__Millionella
2022-08-31 07:23:47 INFO::Fitting model to feature number 12, k__Bacteria.p__Bacteroidetes.c__Bacteroidia.o__Bacteroidales.f__Rikenellaceae.g__Rikenellaceae_RC9_gut_group
2022-08-31 07:23:47 INFO::Fitting model to feature number 13, k__Bacteria.p__Bacteroidetes.c__Bacteroidia.o__Bacteroidales.f__Tannerellaceae.g__Parabacteroides
2022-08-31 07:23:47 INFO::Fitting model to feature number 14, k__Bacteria.p__Firmicutes.c__Bacilli.o__Bacillales.f__Alicyclobacillaceae.g__Tumebacillus
2022-08-31 07:23:47 INFO::Fitting model to feature number 15, k__Bacteria.p__Firmicutes.c__Bacilli.o__Lactobacillales.f__Lactobacillaceae.g__Lactobacillus
2022-08-31 07:23:47 INFO::Fitting model to feature number 16, k__Bacteria.p__Firmicutes.c__Clostridia.o__Clostridiales.f__.g__
2022-08-31 07:23:47 INFO::Fitting model to feature number 17, k__Bacteria.p__Firmicutes.c__Clostridia.o__Clostridiales.f__Christensenellaceae.g__
2022-08-31 07:23:47 INFO::Fitting model to feature number 18, k__Bacteria.p__Firmicutes.c__Clostridia.o__Clostridiales.f__Clostridiaceae_1.g__Candidatus_Arthromitus
2022-08-31 07:23:47 INFO::Fitting model to feature number 19, k__Bacteria.p__Firmicutes.c__Clostridia.o__Clostridiales.f__Clostridiaceae_1.g__Clostridium_sensu_stricto_1
2022-08-31 07:23:47 INFO::Fitting model to feature number 20, k__Bacteria.p__Firmicutes.c__Clostridia.o__Clostridiales.f__Clostridiales_vadinBB60_group.g__
2022-08-31 07:23:47 INFO::Fitting model to feature number 21, k__Bacteria.p__Firmicutes.c__Clostridia.o__Clostridiales.f__Family_XIII.g__
2022-08-31 07:23:48 INFO::Fitting model to feature number 22, k__Bacteria.p__Firmicutes.c__Clostridia.o__Clostridiales.f__Family_XIII.g__Family_XIII_UCG.001
2022-08-31 07:23:48 INFO::Fitting model to feature number 23, k__Bacteria.p__Firmicutes.c__Clostridia.o__Clostridiales.f__Lachnospiraceae.g__
2022-08-31 07:23:48 INFO::Fitting model to feature number 24, k__Bacteria.p__Firmicutes.c__Clostridia.o__Clostridiales.f__Lachnospiraceae.g__Acetatifactor
2022-08-31 07:23:48 INFO::Fitting model to feature number 25, k__Bacteria.p__Firmicutes.c__Clostridia.o__Clostridiales.f__Lachnospiraceae.g__Anaerostipes
2022-08-31 07:23:48 INFO::Fitting model to feature number 26, k__Bacteria.p__Firmicutes.c__Clostridia.o__Clostridiales.f__Lachnospiraceae.g__Blautia
2022-08-31 07:23:48 INFO::Fitting model to feature number 27, k__Bacteria.p__Firmicutes.c__Clostridia.o__Clostridiales.f__Lachnospiraceae.g__Eisenbergiella
2022-08-31 07:23:48 INFO::Fitting model to feature number 28, k__Bacteria.p__Firmicutes.c__Clostridia.o__Clostridiales.f__Lachnospiraceae.g__GCA.900066575
2022-08-31 07:23:48 INFO::Fitting model to feature number 29, k__Bacteria.p__Firmicutes.c__Clostridia.o__Clostridiales.f__Lachnospiraceae.g__Lachnoclostridium
2022-08-31 07:23:48 INFO::Fitting model to feature number 30, k__Bacteria.p__Firmicutes.c__Clostridia.o__Clostridiales.f__Lachnospiraceae.g__Lachnospiraceae_FCS020_group
2022-08-31 07:23:48 INFO::Fitting model to feature number 31, k__Bacteria.p__Firmicutes.c__Clostridia.o__Clostridiales.f__Lachnospiraceae.g__Lachnospiraceae_ND3007_group
2022-08-31 07:23:48 INFO::Fitting model to feature number 32, k__Bacteria.p__Firmicutes.c__Clostridia.o__Clostridiales.f__Lachnospiraceae.g__Lachnospiraceae_NK4A136_group
2022-08-31 07:23:48 INFO::Fitting model to feature number 33, k__Bacteria.p__Firmicutes.c__Clostridia.o__Clostridiales.f__Lachnospiraceae.g__Lachnospiraceae_UCG.001
2022-08-31 07:23:48 INFO::Fitting model to feature number 34, k__Bacteria.p__Firmicutes.c__Clostridia.o__Clostridiales.f__Lachnospiraceae.g__Lachnospiraceae_UCG.004
2022-08-31 07:23:48 INFO::Fitting model to feature number 35, k__Bacteria.p__Firmicutes.c__Clostridia.o__Clostridiales.f__Lachnospiraceae.g__Lachnospiraceae_UCG.006
2022-08-31 07:23:48 INFO::Fitting model to feature number 36, k__Bacteria.p__Firmicutes.c__Clostridia.o__Clostridiales.f__Lachnospiraceae.g__Roseburia
2022-08-31 07:23:48 INFO::Fitting model to feature number 37, k__Bacteria.p__Firmicutes.c__Clostridia.o__Clostridiales.f__Lachnospiraceae.g__Shuttleworthia
2022-08-31 07:23:48 INFO::Fitting model to feature number 38, k__Bacteria.p__Firmicutes.c__Clostridia.o__Clostridiales.f__Lachnospiraceae.g__Tyzzerella
2022-08-31 07:23:48 INFO::Fitting model to feature number 39, k__Bacteria.p__Firmicutes.c__Clostridia.o__Clostridiales.f__Peptococcaceae.g__
2022-08-31 07:23:48 INFO::Fitting model to feature number 40, k__Bacteria.p__Firmicutes.c__Clostridia.o__Clostridiales.f__Peptostreptococcaceae.g__Romboutsia
2022-08-31 07:23:48 INFO::Fitting model to feature number 41, k__Bacteria.p__Firmicutes.c__Clostridia.o__Clostridiales.f__Ruminococcaceae.g__
2022-08-31 07:23:49 INFO::Fitting model to feature number 42, k__Bacteria.p__Firmicutes.c__Clostridia.o__Clostridiales.f__Ruminococcaceae.g__Anaerotruncus
2022-08-31 07:23:49 INFO::Fitting model to feature number 43, k__Bacteria.p__Firmicutes.c__Clostridia.o__Clostridiales.f__Ruminococcaceae.g__Angelakisella
2022-08-31 07:23:49 INFO::Fitting model to feature number 44, k__Bacteria.p__Firmicutes.c__Clostridia.o__Clostridiales.f__Ruminococcaceae.g__Butyricicoccus
2022-08-31 07:23:49 INFO::Fitting model to feature number 45, k__Bacteria.p__Firmicutes.c__Clostridia.o__Clostridiales.f__Ruminococcaceae.g__Faecalibacterium
2022-08-31 07:23:49 INFO::Fitting model to feature number 46, k__Bacteria.p__Firmicutes.c__Clostridia.o__Clostridiales.f__Ruminococcaceae.g__Flavonifractor
2022-08-31 07:23:49 INFO::Fitting model to feature number 47, k__Bacteria.p__Firmicutes.c__Clostridia.o__Clostridiales.f__Ruminococcaceae.g__GCA.900066225
2022-08-31 07:23:49 INFO::Fitting model to feature number 48, k__Bacteria.p__Firmicutes.c__Clostridia.o__Clostridiales.f__Ruminococcaceae.g__Harryflintia
2022-08-31 07:23:49 INFO::Fitting model to feature number 49, k__Bacteria.p__Firmicutes.c__Clostridia.o__Clostridiales.f__Ruminococcaceae.g__Intestinimonas
2022-08-31 07:23:49 INFO::Fitting model to feature number 50, k__Bacteria.p__Firmicutes.c__Clostridia.o__Clostridiales.f__Ruminococcaceae.g__Negativibacillus
2022-08-31 07:23:49 INFO::Fitting model to feature number 51, k__Bacteria.p__Firmicutes.c__Clostridia.o__Clostridiales.f__Ruminococcaceae.g__Oscillibacter
2022-08-31 07:23:49 INFO::Fitting model to feature number 52, k__Bacteria.p__Firmicutes.c__Clostridia.o__Clostridiales.f__Ruminococcaceae.g__Ruminiclostridium
2022-08-31 07:23:49 INFO::Fitting model to feature number 53, k__Bacteria.p__Firmicutes.c__Clostridia.o__Clostridiales.f__Ruminococcaceae.g__Ruminiclostridium_5
2022-08-31 07:23:49 INFO::Fitting model to feature number 54, k__Bacteria.p__Firmicutes.c__Clostridia.o__Clostridiales.f__Ruminococcaceae.g__Ruminiclostridium_9
2022-08-31 07:23:49 INFO::Fitting model to feature number 55, k__Bacteria.p__Firmicutes.c__Clostridia.o__Clostridiales.f__Ruminococcaceae.g__Ruminococcaceae_UCG.003
2022-08-31 07:23:49 INFO::Fitting model to feature number 56, k__Bacteria.p__Firmicutes.c__Clostridia.o__Clostridiales.f__Ruminococcaceae.g__Ruminococcaceae_UCG.004
2022-08-31 07:23:49 INFO::Fitting model to feature number 57, k__Bacteria.p__Firmicutes.c__Clostridia.o__Clostridiales.f__Ruminococcaceae.g__Ruminococcaceae_UCG.005
2022-08-31 07:23:49 INFO::Fitting model to feature number 58, k__Bacteria.p__Firmicutes.c__Clostridia.o__Clostridiales.f__Ruminococcaceae.g__Ruminococcaceae_UCG.009
2022-08-31 07:23:49 INFO::Fitting model to feature number 59, k__Bacteria.p__Firmicutes.c__Clostridia.o__Clostridiales.f__Ruminococcaceae.g__Ruminococcaceae_UCG.010
2022-08-31 07:23:49 INFO::Fitting model to feature number 60, k__Bacteria.p__Firmicutes.c__Clostridia.o__Clostridiales.f__Ruminococcaceae.g__UBA1819
2022-08-31 07:23:49 INFO::Fitting model to feature number 61, k__Bacteria.p__Firmicutes.c__Erysipelotrichia.o__Erysipelotrichales.f__Erysipelotrichaceae.g__
2022-08-31 07:23:50 INFO::Fitting model to feature number 62, k__Bacteria.p__Firmicutes.c__Erysipelotrichia.o__Erysipelotrichales.f__Erysipelotrichaceae.g__Candidatus_Stoquefichus
2022-08-31 07:23:50 INFO::Fitting model to feature number 63, k__Bacteria.p__Firmicutes.c__Erysipelotrichia.o__Erysipelotrichales.f__Erysipelotrichaceae.g__Dubosiella
2022-08-31 07:23:50 INFO::Fitting model to feature number 64, k__Bacteria.p__Firmicutes.c__Erysipelotrichia.o__Erysipelotrichales.f__Erysipelotrichaceae.g__Erysipelatoclostridium
2022-08-31 07:23:50 INFO::Fitting model to feature number 65, k__Bacteria.p__Firmicutes.c__Erysipelotrichia.o__Erysipelotrichales.f__Erysipelotrichaceae.g__Faecalibaculum
2022-08-31 07:23:50 INFO::Fitting model to feature number 66, k__Bacteria.p__Firmicutes.c__Erysipelotrichia.o__Erysipelotrichales.f__Erysipelotrichaceae.g__Holdemania
2022-08-31 07:23:50 INFO::Fitting model to feature number 67, k__Bacteria.p__Firmicutes.c__Erysipelotrichia.o__Erysipelotrichales.f__Erysipelotrichaceae.g__Turicibacter
2022-08-31 07:23:50 INFO::Fitting model to feature number 68, k__Bacteria.p__Firmicutes.c__Negativicutes.o__Selenomonadales.f__Acidaminococcaceae.g__Phascolarctobacterium
2022-08-31 07:23:50 INFO::Fitting model to feature number 69, k__Bacteria.p__Proteobacteria.c__Deltaproteobacteria.o__Desulfovibrionales.f__Desulfovibrionaceae.g__Bilophila
2022-08-31 07:23:50 INFO::Fitting model to feature number 70, k__Bacteria.p__Proteobacteria.c__Deltaproteobacteria.o__Desulfovibrionales.f__Desulfovibrionaceae.g__Desulfovibrio
2022-08-31 07:23:50 INFO::Fitting model to feature number 71, k__Bacteria.p__Proteobacteria.c__Gammaproteobacteria.o__Betaproteobacteriales.f__Burkholderiaceae.g__Parasutterella
2022-08-31 07:23:50 INFO::Fitting model to feature number 72, k__Bacteria.p__Proteobacteria.c__Gammaproteobacteria.o__Enterobacteriales.f__Enterobacteriaceae.g__Escherichia.Shigella
2022-08-31 07:23:50 INFO::Fitting model to feature number 73, k__Bacteria.p__Verrucomicrobia.c__Verrucomicrobiae.o__Verrucomicrobiales.f__Akkermansiaceae.g__Akkermansia
2022-08-31 07:23:50 INFO::Counting total values for each feature
2022-08-31 07:23:50 WARNING::Deleting existing residuals file: Source RPCA/SPF/Maaslin2_Site_L6/L6-DCvsAll-CLR-Lum-ComBat-SeqRunSexSite-1-MsID/residuals.rds
2022-08-31 07:23:50 INFO::Writing residuals to file Source RPCA/SPF/Maaslin2_Site_L6/L6-DCvsAll-CLR-Lum-ComBat-SeqRunSexSite-1-MsID/residuals.rds
2022-08-31 07:23:50 INFO::Writing all results to file (ordered by increasing q-values): Source RPCA/SPF/Maaslin2_Site_L6/L6-DCvsAll-CLR-Lum-ComBat-SeqRunSexSite-1-MsID/all_results.tsv
2022-08-31 07:23:50 INFO::Writing the significant results (those which are less than or equal to the threshold of 0.250000 ) to file (ordered by increasing q-values): Source RPCA/SPF/Maaslin2_Site_L6/L6-DCvsAll-CLR-Lum-ComBat-SeqRunSexSite-1-MsID/significant_results.tsv
