2024-01-22 13:35:30 INFO::Writing function arguments to log file
2024-01-22 13:35:30 DEBUG::Function arguments
2024-01-22 13:35:30 DEBUG::Output folder: /home/julianne/Documents/biogeography/Shotgun/CS_SPF/GMM-DCvsJej-CLR-SPF-ComBat-SeqRunSexSite-1-MsID
2024-01-22 13:35:30 DEBUG::Min Abundance: 0.000000
2024-01-22 13:35:30 DEBUG::Min Prevalence: 0.150000
2024-01-22 13:35:30 DEBUG::Normalization: CLR
2024-01-22 13:35:30 DEBUG::Transform: NONE
2024-01-22 13:35:30 DEBUG::Analysis method: LM
2024-01-22 13:35:30 DEBUG::Max significance: 0.250000
2024-01-22 13:35:30 DEBUG::Random effects: MouseID
2024-01-22 13:35:30 DEBUG::Fixed effects: Sequencing_Run,Sex,Site
2024-01-22 13:35:30 DEBUG::Correction method: BH
2024-01-22 13:35:30 DEBUG::Standardize: TRUE
2024-01-22 13:35:30 DEBUG::Cores: 1
2024-01-22 13:35:30 INFO::Verifying options selected are valid
2024-01-22 13:35:30 INFO::Determining format of input files
2024-01-22 13:35:30 INFO::Input format is data samples as columns and metadata samples as rows
2024-01-22 13:35:30 DEBUG::Transformed data so samples are rows
2024-01-22 13:35:30 DEBUG::A total of 11 samples were found in both the data and metadata
2024-01-22 13:35:30 DEBUG::Reordering data/metadata to use same sample ordering
2024-01-22 13:35:30 INFO::Formula for random effects: expr ~ (1 | MouseID)
2024-01-22 13:35:30 INFO::Formula for fixed effects: expr ~  Sequencing_Run + Sex + Site
2024-01-22 13:35:30 INFO::Filter data based on min abundance and min prevalence
2024-01-22 13:35:30 INFO::Total samples in data: 11
2024-01-22 13:35:30 INFO::Min samples required with min abundance for a feature not to be filtered: 1.650000
2024-01-22 13:35:30 INFO::Total filtered features: 27
2024-01-22 13:35:30 INFO::Filtered feature names from abundance and prevalence filtering: MF0064, MF0102, MF0069, MF0026, MF0024, MF0031, MF0039, MF0079, MF0032, MF0076, MF0033, MF0083, MF0082, MF0003, MF0004, MF0045, MF0052, MF0097, MF0091, MF0014, MF0058, MF0059, MF0013, MF0054, MF0098, MF0007, MF0008
2024-01-22 13:35:30 INFO::Total filtered features with variance filtering: 0
2024-01-22 13:35:30 INFO::Filtered feature names from variance filtering:
2024-01-22 13:35:30 INFO::Running selected normalization method: CLR
2024-01-22 13:35:30 INFO::Applying z-score to standardize continuous metadata
2024-01-22 13:35:30 INFO::Running selected transform method: NONE
2024-01-22 13:35:30 INFO::Running selected analysis method: LM
2024-01-22 13:35:30 INFO::Fitting model to feature number 1, MF0063
2024-01-22 13:35:30 INFO::Fitting model to feature number 2, MF0020
2024-01-22 13:35:31 INFO::Fitting model to feature number 3, MF0061
2024-01-22 13:35:31 INFO::Fitting model to feature number 4, MF0060
2024-01-22 13:35:31 INFO::Fitting model to feature number 5, MF0027
2024-01-22 13:35:31 INFO::Fitting model to feature number 6, MF0028
2024-01-22 13:35:31 INFO::Fitting model to feature number 7, MF0025
2024-01-22 13:35:31 INFO::Fitting model to feature number 8, MF0103
2024-01-22 13:35:31 INFO::Fitting model to feature number 9, MF0067
2024-01-22 13:35:31 INFO::Fitting model to feature number 10, MF0068
2024-01-22 13:35:31 INFO::Fitting model to feature number 11, MF0101
2024-01-22 13:35:31 INFO::Fitting model to feature number 12, MF0021
2024-01-22 13:35:31 INFO::Fitting model to feature number 13, MF0065
2024-01-22 13:35:31 INFO::Fitting model to feature number 14, MF0022
2024-01-22 13:35:31 INFO::Fitting model to feature number 15, MF0066
2024-01-22 13:35:31 INFO::Fitting model to feature number 16, MF0018
2024-01-22 13:35:31 INFO::Fitting model to feature number 17, MF0019
2024-01-22 13:35:31 INFO::Fitting model to feature number 18, MF0074
2024-01-22 13:35:32 INFO::Fitting model to feature number 19, MF0075
2024-01-22 13:35:32 INFO::Fitting model to feature number 20, MF0072
2024-01-22 13:35:32 INFO::Fitting model to feature number 21, MF0073
2024-01-22 13:35:32 INFO::Fitting model to feature number 22, MF0070
2024-01-22 13:35:32 INFO::Fitting model to feature number 23, MF0071
2024-01-22 13:35:32 INFO::Fitting model to feature number 24, MF0038
2024-01-22 13:35:32 INFO::Fitting model to feature number 25, MF0036
2024-01-22 13:35:32 INFO::Fitting model to feature number 26, MF0034
2024-01-22 13:35:32 INFO::Fitting model to feature number 27, MF0078
2024-01-22 13:35:32 INFO::Fitting model to feature number 28, MF0035
2024-01-22 13:35:32 INFO::Fitting model to feature number 29, MF0077
2024-01-22 13:35:32 INFO::Fitting model to feature number 30, MF0029
2024-01-22 13:35:32 INFO::Fitting model to feature number 31, MF0085
2024-01-22 13:35:33 INFO::Fitting model to feature number 32, MF0041
2024-01-22 13:35:33 INFO::Fitting model to feature number 33, MF0086
2024-01-22 13:35:33 INFO::Fitting model to feature number 34, MF0040
2024-01-22 13:35:33 INFO::Fitting model to feature number 35, MF0005
2024-01-22 13:35:33 INFO::Fitting model to feature number 36, MF0049
2024-01-22 13:35:33 INFO::Fitting model to feature number 37, MF0006
2024-01-22 13:35:33 INFO::Fitting model to feature number 38, MF0047
2024-01-22 13:35:34 INFO::Fitting model to feature number 39, MF0048
2024-01-22 13:35:34 INFO::Fitting model to feature number 40, MF0001
2024-01-22 13:35:34 INFO::Fitting model to feature number 41, MF0089
2024-01-22 13:35:34 INFO::Fitting model to feature number 42, MF0002
2024-01-22 13:35:34 INFO::Fitting model to feature number 43, MF0046
2024-01-22 13:35:34 INFO::Fitting model to feature number 44, MF0087
2024-01-22 13:35:34 INFO::Fitting model to feature number 45, MF0044
2024-01-22 13:35:35 INFO::Fitting model to feature number 46, MF0088
2024-01-22 13:35:35 INFO::Fitting model to feature number 47, MF0096
2024-01-22 13:35:35 INFO::Fitting model to feature number 48, MF0050
2024-01-22 13:35:35 INFO::Fitting model to feature number 49, MF0094
2024-01-22 13:35:35 INFO::Fitting model to feature number 50, MF0051
2024-01-22 13:35:35 INFO::Fitting model to feature number 51, MF0095
2024-01-22 13:35:35 INFO::Fitting model to feature number 52, MF0092
2024-01-22 13:35:35 INFO::Fitting model to feature number 53, MF0090
2024-01-22 13:35:35 INFO::Fitting model to feature number 54, MF0016
2024-01-22 13:35:36 INFO::Fitting model to feature number 55, MF0017
2024-01-22 13:35:36 INFO::Fitting model to feature number 56, MF0015
2024-01-22 13:35:36 INFO::Fitting model to feature number 57, MF0012
2024-01-22 13:35:36 INFO::Fitting model to feature number 58, MF0056
2024-01-22 13:35:36 INFO::Fitting model to feature number 59, MF0057
2024-01-22 13:35:36 INFO::Fitting model to feature number 60, MF0010
2024-01-22 13:35:36 INFO::Fitting model to feature number 61, MF0011
2024-01-22 13:35:36 INFO::Fitting model to feature number 62, MF0055
2024-01-22 13:35:36 INFO::Fitting model to feature number 63, MF0009
2024-01-22 13:35:36 INFO::Counting total values for each feature
2024-01-22 13:35:36 INFO::Writing residuals to file /home/julianne/Documents/biogeography/Shotgun/CS_SPF/GMM-DCvsJej-CLR-SPF-ComBat-SeqRunSexSite-1-MsID/residuals.rds
2024-01-22 13:35:36 INFO::Writing fitted values to file /home/julianne/Documents/biogeography/Shotgun/CS_SPF/GMM-DCvsJej-CLR-SPF-ComBat-SeqRunSexSite-1-MsID/fitted.rds
2024-01-22 13:35:36 INFO::Writing extracted random effects to file /home/julianne/Documents/biogeography/Shotgun/CS_SPF/GMM-DCvsJej-CLR-SPF-ComBat-SeqRunSexSite-1-MsID/ranef.rds
2024-01-22 13:35:36 INFO::Writing all results to file (ordered by increasing q-values): /home/julianne/Documents/biogeography/Shotgun/CS_SPF/GMM-DCvsJej-CLR-SPF-ComBat-SeqRunSexSite-1-MsID/all_results.tsv
2024-01-22 13:35:36 INFO::Writing the significant results (those which are less than or equal to the threshold of 0.250000 ) to file (ordered by increasing q-values): /home/julianne/Documents/biogeography/Shotgun/CS_SPF/GMM-DCvsJej-CLR-SPF-ComBat-SeqRunSexSite-1-MsID/significant_results.tsv
