2022-10-31 15:05:07 INFO::Writing function arguments to log file
2022-10-31 15:05:07 DEBUG::Function arguments
2022-10-31 15:05:07 DEBUG::Output folder: CS-Facility-Analysis/OMIXER-RPM Results/CS_GBM/GBM-LumRef-CLR-SI-ComBat-SeqRunSexSiteType-1-MsID
2022-10-31 15:05:07 DEBUG::Min Abundance: 0.000000
2022-10-31 15:05:07 DEBUG::Min Prevalence: 0.100000
2022-10-31 15:05:07 DEBUG::Normalization: CLR
2022-10-31 15:05:07 DEBUG::Transform: NONE
2022-10-31 15:05:07 DEBUG::Analysis method: LM
2022-10-31 15:05:07 DEBUG::Max significance: 0.250000
2022-10-31 15:05:07 DEBUG::Random effects: MouseID
2022-10-31 15:05:07 DEBUG::Fixed effects: Sequencing_Run,Sex,Site,Type
2022-10-31 15:05:07 DEBUG::Correction method: BH
2022-10-31 15:05:07 DEBUG::Standardize: TRUE
2022-10-31 15:05:07 DEBUG::Cores: 1
2022-10-31 15:05:07 INFO::Verifying options selected are valid
2022-10-31 15:05:07 INFO::Determining format of input files
2022-10-31 15:05:07 INFO::Input format is data samples as columns and metadata samples as rows
2022-10-31 15:05:07 DEBUG::Transformed data so samples are rows
2022-10-31 15:05:07 DEBUG::The following samples were found to have features but no metadata. They will be removed. Mouse4A.FP19,Mouse2A.FP07,Mouse2A.FP09,Mouse6A.FP31,Mouse6A.FP32,Mouse2A.FP08,Mouse6A.FP33,Mouse10A.DTT110,Mouse8A.DTT86,Mouse8A.DTT87,Mouse10A.DTT111,Mouse8A.DTT85,Mouse4A.FP21,Mouse4A.FP20,Mouse10A.DTT109,Mouse1A.FP03,Mouse8A.FP86,Mouse1A.FP02,Mouse8A.FP87,Mouse1A.FP01,Mouse8A.FP85,Mouse4A.DTT19,Mouse4A.DTT21,Mouse4A.DTT20,Mouse7A.DTT37,Mouse10A.FP110,Mouse7A.DTT39,Mouse7A.DTT38,Mouse10A.FP111,Mouse6A.DTT31,Mouse6A.DTT32,Mouse6A.DTT33,Mouse5A.FP27,Mouse5A.FP25,Mouse5A.FP26,Mouse5A.DTT25,Mouse5A.DTT26,Mouse1B.DTT13,Mouse1B.DTT14,Mouse5A.DTT27,Mouse10A.FP109,Mouse1B.DTT15,Mouse7A.FP37,Mouse7A.FP38,Mouse7A.FP39,Mouse9A.DTT99,Mouse9A.DTT98,Mouse9A.DTT97,Mouse9A.FP97,Mouse9A.FP98,Mouse9A.FP99,Mouse3A.FP15,Mouse3A.FP14,Mouse3A.FP13
2022-10-31 15:05:07 DEBUG::A total of 54 samples were found in both the data and metadata
2022-10-31 15:05:07 DEBUG::Reordering data/metadata to use same sample ordering
2022-10-31 15:05:07 INFO::Formula for random effects: expr ~ (1 | MouseID)
2022-10-31 15:05:07 INFO::Formula for fixed effects: expr ~  Sequencing_Run + Sex + Site + Type
2022-10-31 15:05:07 INFO::Running selected normalization method: CLR
2022-10-31 15:05:07 INFO::Filter data based on min abundance and min prevalence
2022-10-31 15:05:07 INFO::Total samples in data: 54
2022-10-31 15:05:07 INFO::Min samples required with min abundance for a feature not to be filtered: 5.400000
2022-10-31 15:05:07 INFO::Total filtered features: 10
2022-10-31 15:05:07 INFO::Filtered feature names: MGB038, MGB039, MGB056, MGB010, MGB050, MGB049, MGB023, MGB025, MGB020, MGB021
2022-10-31 15:05:07 INFO::Applying z-score to standardize continuous metadata
2022-10-31 15:05:07 INFO::Running selected transform method: NONE
2022-10-31 15:05:07 INFO::Running selected analysis method: LM
2022-10-31 15:05:07 INFO::Fitting model to feature number 1, MGB015
2022-10-31 15:05:08 INFO::Fitting model to feature number 2, MGB037
2022-10-31 15:05:08 INFO::Fitting model to feature number 3, MGB033
2022-10-31 15:05:08 INFO::Fitting model to feature number 4, MGB055
2022-10-31 15:05:08 INFO::Fitting model to feature number 5, MGB034
2022-10-31 15:05:08 INFO::Fitting model to feature number 6, MGB035
2022-10-31 15:05:08 INFO::Fitting model to feature number 7, MGB036
2022-10-31 15:05:08 INFO::Fitting model to feature number 8, MGB052
2022-10-31 15:05:08 INFO::Fitting model to feature number 9, MGB031
2022-10-31 15:05:08 INFO::Fitting model to feature number 10, MGB053
2022-10-31 15:05:08 INFO::Fitting model to feature number 11, MGB032
2022-10-31 15:05:08 INFO::Fitting model to feature number 12, MGB054
2022-10-31 15:05:08 INFO::Fitting model to feature number 13, MGB019
2022-10-31 15:05:08 INFO::Fitting model to feature number 14, MGB005
2022-10-31 15:05:08 INFO::Fitting model to feature number 15, MGB027
2022-10-31 15:05:08 INFO::Fitting model to feature number 16, MGB006
2022-10-31 15:05:08 INFO::Fitting model to feature number 17, MGB007
2022-10-31 15:05:08 INFO::Fitting model to feature number 18, MGB029
2022-10-31 15:05:08 INFO::Fitting model to feature number 19, MGB022
2022-10-31 15:05:08 INFO::Fitting model to feature number 20, MGB024
2022-10-31 15:05:08 INFO::Fitting model to feature number 21, MGB047
2022-10-31 15:05:08 INFO::Fitting model to feature number 22, MGB040
2022-10-31 15:05:08 INFO::Fitting model to feature number 23, MGB041
2022-10-31 15:05:08 INFO::Fitting model to feature number 24, MGB043
2022-10-31 15:05:09 INFO::Counting total values for each feature
2022-10-31 15:05:09 INFO::Writing residuals to file CS-Facility-Analysis/OMIXER-RPM Results/CS_GBM/GBM-LumRef-CLR-SI-ComBat-SeqRunSexSiteType-1-MsID/residuals.rds
2022-10-31 15:05:09 INFO::Writing all results to file (ordered by increasing q-values): CS-Facility-Analysis/OMIXER-RPM Results/CS_GBM/GBM-LumRef-CLR-SI-ComBat-SeqRunSexSiteType-1-MsID/all_results.tsv
2022-10-31 15:05:09 INFO::Writing the significant results (those which are less than or equal to the threshold of 0.250000 ) to file (ordered by increasing q-values): CS-Facility-Analysis/OMIXER-RPM Results/CS_GBM/GBM-LumRef-CLR-SI-ComBat-SeqRunSexSiteType-1-MsID/significant_results.tsv
