2024-01-31 17:34:47 INFO::Writing function arguments to log file
2024-01-31 17:34:47 DEBUG::Function arguments
2024-01-31 17:34:47 DEBUG::Output folder: Humanized-Biogeography-Analysis/Source RPCA/SPF/OMIXER-RPM/GMM_ColonRef-CLR-Muc-ComBat-SeqRunSexSite_General-1-MsID
2024-01-31 17:34:47 DEBUG::Min Abundance: 0.000000
2024-01-31 17:34:47 DEBUG::Min Prevalence: 0.100000
2024-01-31 17:34:47 DEBUG::Normalization: CLR
2024-01-31 17:34:47 DEBUG::Transform: NONE
2024-01-31 17:34:47 DEBUG::Analysis method: LM
2024-01-31 17:34:47 DEBUG::Max significance: 0.250000
2024-01-31 17:34:47 DEBUG::Random effects: MouseID
2024-01-31 17:34:47 DEBUG::Fixed effects: Sequencing_Run,Sex,Site_General
2024-01-31 17:34:47 DEBUG::Correction method: BH
2024-01-31 17:34:47 DEBUG::Standardize: TRUE
2024-01-31 17:34:47 DEBUG::Cores: 1
2024-01-31 17:34:47 INFO::Verifying options selected are valid
2024-01-31 17:34:47 INFO::Determining format of input files
2024-01-31 17:34:47 INFO::Input format is data samples as columns and metadata samples as rows
2024-01-31 17:34:47 DEBUG::Transformed data so samples are rows
2024-01-31 17:34:47 DEBUG::A total of 269 samples were found in both the data and metadata
2024-01-31 17:34:47 DEBUG::Reordering data/metadata to use same sample ordering
2024-01-31 17:34:47 INFO::Formula for random effects: expr ~ (1 | MouseID)
2024-01-31 17:34:47 INFO::Formula for fixed effects: expr ~  Sequencing_Run + Sex + Site_General
