2024-07-10 19:49:17.805626 INFO::Writing function arguments to log file
2024-07-10 19:49:17.807415 DEBUG::Function arguments
2024-07-10 19:49:17.808104 DEBUG::Output folder: Humanized-Biogeography-Analysis/differential_genera_type/SPF_L6-LumRef-CLR-PC-ComBat-SeqRunSexType-1-MsID
2024-07-10 19:49:17.808711 DEBUG::Min Abundance: 0.000000
2024-07-10 19:49:17.809309 DEBUG::Min Prevalence: 0.000000
2024-07-10 19:49:17.809922 DEBUG::Normalization: CLR
2024-07-10 19:49:17.810499 DEBUG::Transform: NONE
2024-07-10 19:49:17.811025 DEBUG::Analysis method: LM
2024-07-10 19:49:17.812155 DEBUG::Max significance: 0.250000
2024-07-10 19:49:17.812844 DEBUG::Random effects: MouseID
2024-07-10 19:49:17.813463 DEBUG::Fixed effects: Sequencing_Run,Sex,Type
2024-07-10 19:49:17.814148 DEBUG::Correction method: BH
2024-07-10 19:49:17.814754 DEBUG::Standardize: TRUE
2024-07-10 19:49:17.815354 DEBUG::Cores: 1
2024-07-10 19:49:17.815865 INFO::Verifying options selected are valid
2024-07-10 19:49:17.817985 INFO::Determining format of input files
2024-07-10 19:49:17.820273 INFO::Input format is data samples as columns and metadata samples as rows
2024-07-10 19:49:17.822446 DEBUG::Transformed data so samples are rows
2024-07-10 19:49:17.823997 DEBUG::A total of 18 samples were found in both the data and metadata
2024-07-10 19:49:17.824659 DEBUG::Reordering data/metadata to use same sample ordering
2024-07-10 19:49:17.82735 INFO::Formula for random effects: expr ~ (1 | MouseID)
2024-07-10 19:49:17.829074 INFO::Formula for fixed effects: expr ~  Sequencing_Run + Sex + Type
2024-07-10 19:49:17.831681 INFO::Filter data based on min abundance and min prevalence
2024-07-10 19:49:17.833553 INFO::Total samples in data: 18
2024-07-10 19:49:17.834968 INFO::Min samples required with min abundance for a feature not to be filtered: 0.000000
2024-07-10 19:49:17.837869 INFO::Total filtered features: 9
2024-07-10 19:49:17.839337 INFO::Filtered feature names from abundance and prevalence filtering: k__Bacteria.p__Proteobacteria.c__Gammaproteobacteria.o__Pseudomonadales.f__Moraxellaceae.g__Acinetobacter, k__Bacteria.p__Firmicutes.c__Bacilli.o__Erysipelotrichales.f__Erysipelotrichaceae.g__Dielma, k__Bacteria.p__Firmicutes.c__Clostridia.o__Lachnospirales.f__Lachnospiraceae.g__Hungatella, k__Bacteria.p__Firmicutes.c__Clostridia.o__Lachnospirales.f__Lachnospiraceae.g__.Ruminococcus..torques.group, k__Bacteria.p__Firmicutes.c__Clostridia.o__Lachnospirales.f__Lachnospiraceae.g__Sellimonas, k__Bacteria.p__Firmicutes.c__Clostridia.o__Lachnospirales.f__Lachnospiraceae.g__Cuneatibacter, k__Bacteria.p__Firmicutes.c__Clostridia.o__Lachnospirales.f__Lachnospiraceae.g__UC5.1.2E3, k__Bacteria.p__Firmicutes.c__Clostridia.o__Lachnospirales.f__Lachnospiraceae.g__Lactonifactor, k__Bacteria.p__Firmicutes.c__Clostridia.o__Lachnospirales.f__Lachnospiraceae.g__Lachnospiraceae.UCG.009
2024-07-10 19:49:17.843617 INFO::Total filtered features with variance filtering: 0
2024-07-10 19:49:17.84506 INFO::Filtered feature names from variance filtering:
2024-07-10 19:49:17.846314 INFO::Running selected normalization method: CLR
2024-07-10 19:49:17.849581 INFO::Applying z-score to standardize continuous metadata
2024-07-10 19:49:17.856826 INFO::Running selected transform method: NONE
2024-07-10 19:49:17.858394 INFO::Running selected analysis method: LM
2024-07-10 19:49:17.8605 INFO::Fitting model to feature number 1, k__Bacteria.p__Bacteroidota.c__Bacteroidia.o__Bacteroidales.f__Muribaculaceae.g__
2024-07-10 19:49:17.934888 INFO::Fitting model to feature number 2, k__Bacteria.p__Bacteroidota.c__Bacteroidia.o__Bacteroidales.f__Rikenellaceae.g__Rikenellaceae.RC9.gut.group
2024-07-10 19:49:17.990602 INFO::Fitting model to feature number 3, k__Bacteria.p__Firmicutes.c__Clostridia.o__Lachnospirales.f__Lachnospiraceae.g__
2024-07-10 19:49:18.041939 INFO::Fitting model to feature number 4, k__Bacteria.p__Firmicutes.c__Clostridia.o__Clostridia.vadinBB60.group.f__.g__
2024-07-10 19:49:18.09856 INFO::Fitting model to feature number 5, k__Bacteria.p__Firmicutes.c__Clostridia.o__Lachnospirales.f__Lachnospiraceae.g__Lachnospiraceae.NK4A136.group
2024-07-10 19:49:18.155847 INFO::Fitting model to feature number 6, k__Bacteria.p__Bacteroidota.c__Bacteroidia.o__Bacteroidales.f__Bacteroidaceae.g__Bacteroides
2024-07-10 19:49:18.21624 INFO::Fitting model to feature number 7, k__Bacteria.p__Firmicutes.c__Clostridia.o__Oscillospirales.f__Oscillospiraceae.g__
2024-07-10 19:49:18.27826 INFO::Fitting model to feature number 8, k__Bacteria.p__Firmicutes.c__Clostridia.o__Lachnospirales.f__Lachnospiraceae.g__.Eubacterium..fissicatena.group
2024-07-10 19:49:18.37733 INFO::Fitting model to feature number 9, k__Bacteria.p__Firmicutes.c__Bacilli.o__Erysipelotrichales.f__Erysipelotrichaceae.g__Turicibacter
2024-07-10 19:49:18.431901 INFO::Fitting model to feature number 10, k__Bacteria.p__Firmicutes.c__Bacilli.o__Erysipelotrichales.f__Erysipelotrichaceae.g__Dubosiella
2024-07-10 19:49:18.482879 INFO::Fitting model to feature number 11, k__Bacteria.p__Firmicutes.c__Clostridia.o__Oscillospirales.f__Oscillospiraceae.g__Colidextribacter
2024-07-10 19:49:18.542032 INFO::Fitting model to feature number 12, k__Bacteria.p__Firmicutes.c__Clostridia.o__Lachnospirales.f__Lachnospiraceae.g__GCA.900066575
2024-07-10 19:49:18.602269 INFO::Fitting model to feature number 13, k__Bacteria.p__Firmicutes.c__Bacilli.o__Erysipelotrichales.f__Erysipelotrichaceae.g__.Clostridium..innocuum.group
2024-07-10 19:49:18.663249 INFO::Fitting model to feature number 14, k__Bacteria.p__Firmicutes.c__Clostridia.o__Lachnospirales.f__Lachnospiraceae.g__Marvinbryantia
2024-07-10 19:49:18.718619 INFO::Fitting model to feature number 15, k__Bacteria.p__Firmicutes.c__Clostridia.o__Lachnospirales.f__Lachnospiraceae.g__Lachnospiraceae.UCG.001
2024-07-10 19:49:18.781135 INFO::Fitting model to feature number 16, k__Bacteria.p__Firmicutes.c__Clostridia.o__Christensenellales.f__Christensenellaceae.g__
2024-07-10 19:49:18.846087 INFO::Fitting model to feature number 17, k__Bacteria.p__Proteobacteria.c__Gammaproteobacteria.o__Enterobacterales.f__Enterobacteriaceae.g__Escherichia.Shigella
2024-07-10 19:49:18.92565 INFO::Fitting model to feature number 18, k__Bacteria.p__Firmicutes.c__Clostridia.o__Eubacteriales.f__Eubacteriaceae.g__Eubacterium
2024-07-10 19:49:19.001682 INFO::Fitting model to feature number 19, k__Bacteria.p__Firmicutes.c__Bacilli.o__Erysipelotrichales.f__Erysipelatoclostridiaceae.g__Candidatus.Stoquefichus
2024-07-10 19:49:19.060747 INFO::Fitting model to feature number 20, k__Bacteria.p__Firmicutes.c__Bacilli.o__Erysipelotrichales.f__Erysipelatoclostridiaceae.g__Erysipelatoclostridium
2024-07-10 19:49:19.118909 INFO::Fitting model to feature number 21, k__Bacteria.p__Firmicutes.c__Clostridia.o__Oscillospirales.f__Ruminococcaceae.g__Paludicola
2024-07-10 19:49:19.180701 INFO::Fitting model to feature number 22, k__Bacteria.p__Firmicutes.c__Clostridia.o__Oscillospirales.f__Oscillospiraceae.g__Oscillibacter
2024-07-10 19:49:19.238547 INFO::Fitting model to feature number 23, k__Bacteria.p__Firmicutes.c__Clostridia.o__Oscillospirales.f__Ruminococcaceae.g__Faecalibacterium
2024-07-10 19:49:19.293812 INFO::Fitting model to feature number 24, k__Bacteria.p__Firmicutes.c__Clostridia.o__Oscillospirales.f__Ruminococcaceae.g__Anaerotruncus
2024-07-10 19:49:19.357588 INFO::Fitting model to feature number 25, k__Bacteria.p__Bacteroidota.c__Bacteroidia.o__Bacteroidales.f__Tannerellaceae.g__Parabacteroides
2024-07-10 19:49:19.431846 INFO::Fitting model to feature number 26, k__Bacteria.p__Firmicutes.c__Clostridia.o__Lachnospirales.f__Lachnospiraceae.g__Lachnoclostridium
2024-07-10 19:49:19.513315 INFO::Fitting model to feature number 27, k__Bacteria.p__Firmicutes.c__Clostridia.o__Lachnospirales.f__Lachnospiraceae.g__Lachnospiraceae.UCG.004
2024-07-10 19:49:19.60549 INFO::Fitting model to feature number 28, k__Bacteria.p__Firmicutes.c__Clostridia.o__Peptococcales.f__Peptococcaceae.g__
2024-07-10 19:49:19.654778 INFO::Fitting model to feature number 29, k__Bacteria.p__Firmicutes.c__Clostridia.o__Oscillospirales.f__Oscillospiraceae.g__Intestinimonas
2024-07-10 19:49:19.741051 INFO::Fitting model to feature number 30, k__Bacteria.p__Firmicutes.c__Clostridia.o__Oscillospirales.f__Ruminococcaceae.g__Incertae.Sedis
2024-07-10 19:49:19.823605 INFO::Fitting model to feature number 31, k__Bacteria.p__Firmicutes.c__Clostridia.o__Lachnospirales.f__Lachnospiraceae.g__Acetatifactor
2024-07-10 19:49:19.906508 INFO::Fitting model to feature number 32, k__Bacteria.p__Bacteroidota.c__Bacteroidia.o__Bacteroidales.f__Prevotellaceae.g__Paraprevotella
2024-07-10 19:49:19.992839 INFO::Fitting model to feature number 33, k__Bacteria.p__Firmicutes.c__Clostridia.o__Lachnospirales.f__Lachnospiraceae.g__Eisenbergiella
2024-07-10 19:49:20.068474 INFO::Fitting model to feature number 34, k__Bacteria.p__Bacteroidota.c__Bacteroidia.o__Bacteroidales.f__Muribaculaceae.g__Muribaculum
2024-07-10 19:49:20.14533 INFO::Fitting model to feature number 35, k__Bacteria.p__Bacteroidota.c__Bacteroidia.o__Bacteroidales.f__Marinifilaceae.g__Odoribacter
2024-07-10 19:49:20.2118 INFO::Fitting model to feature number 36, k__Bacteria.p__Firmicutes.c__Clostridia.o__Peptostreptococcales.Tissierellales.f__Peptostreptococcaceae.g__Romboutsia
2024-07-10 19:49:20.283128 INFO::Fitting model to feature number 37, k__Bacteria.p__Firmicutes.c__Clostridia.o__Peptostreptococcales.Tissierellales.f__Anaerovoracaceae.g__Family.XIII.UCG.001
2024-07-10 19:49:20.334291 INFO::Fitting model to feature number 38, k__Bacteria.p__Firmicutes.c__Clostridia.o__Clostridiales.f__Clostridiaceae.g__Candidatus.Arthromitus
2024-07-10 19:49:20.406506 INFO::Fitting model to feature number 39, k__Bacteria.p__Firmicutes.c__Clostridia.o__Lachnospirales.f__Lachnospiraceae.g__Anaerostipes
2024-07-10 19:49:20.468612 INFO::Fitting model to feature number 40, k__Bacteria.p__Firmicutes.c__Clostridia.o__Lachnospirales.f__Lachnospiraceae.g__Lachnospiraceae.ND3007.group
2024-07-10 19:49:20.524918 INFO::Fitting model to feature number 41, k__Bacteria.p__Proteobacteria.c__Gammaproteobacteria.o__Burkholderiales.f__Sutterellaceae.g__Parasutterella
2024-07-10 19:49:20.585448 INFO::Fitting model to feature number 42, k__Bacteria.p__Firmicutes.c__Bacilli.o__Lactobacillales.f__Lactobacillaceae.g__Lactobacillus
2024-07-10 19:49:20.65438 INFO::Fitting model to feature number 43, k__Bacteria.p__Firmicutes.c__Bacilli.o__Erysipelotrichales.f__Erysipelotrichaceae.g__Faecalibaculum
2024-07-10 19:49:20.715981 INFO::Fitting model to feature number 44, k__Bacteria.p__Bacteroidota.c__Bacteroidia.o__Bacteroidales.f__Prevotellaceae.g__Prevotellaceae.UCG.001
2024-07-10 19:49:20.773991 INFO::Fitting model to feature number 45, k__Bacteria.p__Firmicutes.c__Clostridia.o__Oscillospirales.f__Ruminococcaceae.g__
2024-07-10 19:49:20.834485 INFO::Fitting model to feature number 46, k__Bacteria.p__Firmicutes.c__Clostridia.o__Lachnospirales.f__Lachnospiraceae.g__Lachnospiraceae.FCS020.group
2024-07-10 19:49:20.914286 INFO::Fitting model to feature number 47, k__Bacteria.p__Bacteroidota.c__Bacteroidia.o__Bacteroidales.f__Rikenellaceae.g__Alistipes
2024-07-10 19:49:20.978397 INFO::Fitting model to feature number 48, k__Bacteria.p__Firmicutes.c__Clostridia.o__Lachnospirales.f__Lachnospiraceae.g__Blautia
2024-07-10 19:49:21.040604 INFO::Fitting model to feature number 49, k__Bacteria.p__Firmicutes.c__Clostridia.o__Lachnospirales.f__Lachnospiraceae.g__Roseburia
2024-07-10 19:49:21.0959 INFO::Fitting model to feature number 50, k__Bacteria.p__Proteobacteria.c__Gammaproteobacteria.o__Enterobacterales.f__Enterobacteriaceae.g__
2024-07-10 19:49:21.158288 INFO::Fitting model to feature number 51, k__Bacteria.p__Firmicutes.c__Clostridia.o__Peptostreptococcales.Tissierellales.f__Anaerovoracaceae.g__.Eubacterium..nodatum.group
2024-07-10 19:49:21.222836 INFO::Fitting model to feature number 52, k__Bacteria.p__Firmicutes.c__Clostridia.o__Oscillospirales.f__UCG.010.g__
2024-07-10 19:49:21.286798 INFO::Fitting model to feature number 53, k__Bacteria.p__Firmicutes.c__Clostridia.o__Oscillospirales.f__Ruminococcaceae.g__Harryflintia
2024-07-10 19:49:21.346833 INFO::Fitting model to feature number 54, k__Bacteria.p__Firmicutes.c__Clostridia.o__Oscillospirales.f__Butyricicoccaceae.g__Butyricicoccus
2024-07-10 19:49:21.410501 INFO::Fitting model to feature number 55, k__Bacteria.p__Firmicutes.c__Bacilli.o__Alicyclobacillales.f__Alicyclobacillaceae.g__Tumebacillus
2024-07-10 19:49:21.49966 INFO::Fitting model to feature number 56, k__Bacteria.p__Firmicutes.c__Clostridia.o__Peptostreptococcales.Tissierellales.f__Anaerovoracaceae.g__.Eubacterium..brachy.group
2024-07-10 19:49:21.573115 INFO::Fitting model to feature number 57, k__Bacteria.p__Verrucomicrobiota.c__Verrucomicrobiae.o__Verrucomicrobiales.f__Akkermansiaceae.g__Akkermansia
2024-07-10 19:49:21.649475 INFO::Fitting model to feature number 58, k__Bacteria.p__Bacteroidota.c__Bacteroidia.o__Bacteroidales.f__Prevotellaceae.g__Alloprevotella
2024-07-10 19:49:21.721839 INFO::Fitting model to feature number 59, k__Bacteria.p__Actinobacteriota.c__Coriobacteriia.o__Coriobacteriales.f__Eggerthellaceae.g__Enterorhabdus
2024-07-10 19:49:21.774281 INFO::Fitting model to feature number 60, k__Bacteria.p__Actinobacteriota.c__Actinobacteria.o__Bifidobacteriales.f__Bifidobacteriaceae.g__Bifidobacterium
2024-07-10 19:49:21.828468 INFO::Fitting model to feature number 61, k__Bacteria.p__Firmicutes.c__Clostridia.o__Oscillospirales.f__Ruminococcaceae.g__UBA1819
2024-07-10 19:49:21.884941 INFO::Fitting model to feature number 62, k__Bacteria.p__Firmicutes.c__Clostridia.o__Oscillospirales.f__Oscillospiraceae.g__UCG.003
2024-07-10 19:49:21.948005 INFO::Fitting model to feature number 63, k__Bacteria.p__Firmicutes.c__Clostridia.o__Oscillospirales.f__Oscillospiraceae.g__UCG.005
2024-07-10 19:49:22.004189 INFO::Fitting model to feature number 64, k__Bacteria.p__Firmicutes.c__Clostridia.o__Lachnospirales.f__Lachnospiraceae.g__Tuzzerella
2024-07-10 19:49:22.073929 INFO::Fitting model to feature number 65, k__Bacteria.p__Firmicutes.c__Clostridia.o__Peptococcales.f__Peptococcaceae.g__Peptococcus
2024-07-10 19:49:22.129928 INFO::Fitting model to feature number 66, k__Bacteria.p__Firmicutes.c__Clostridia.o__Clostridiales.f__Clostridiaceae.g__Clostridium.sensu.stricto.1
2024-07-10 19:49:22.185604 INFO::Fitting model to feature number 67, k__Bacteria.p__Desulfobacterota.c__Desulfovibrionia.o__Desulfovibrionales.f__Desulfovibrionaceae.g__Desulfovibrio
2024-07-10 19:49:22.238809 INFO::Fitting model to feature number 68, k__Bacteria.p__Firmicutes.c__Clostridia.o__Lachnospirales.f__Lachnospiraceae.g__Lachnospiraceae.UCG.010
2024-07-10 19:49:22.296008 INFO::Fitting model to feature number 69, k__Bacteria.p__Firmicutes.c__Bacilli.o__Lactobacillales.f__Lactobacillaceae.g__Ligilactobacillus
2024-07-10 19:49:22.362066 INFO::Fitting model to feature number 70, k__Bacteria.p__Firmicutes.c__Clostridia.o__Lachnospirales.f__Lachnospiraceae.g__.Eubacterium..xylanophilum.group
2024-07-10 19:49:22.439548 INFO::Fitting model to feature number 71, k__Bacteria.p__Firmicutes.c__Bacilli.o__Erysipelotrichales.f__Erysipelotrichaceae.g__Holdemania
2024-07-10 19:49:22.514804 INFO::Fitting model to feature number 72, k__Bacteria.p__Firmicutes.c__Clostridia.o__Oscillospirales.f__Oscillospiraceae.g__Flavonifractor
2024-07-10 19:49:22.566756 INFO::Fitting model to feature number 73, k__Bacteria.p__Firmicutes.c__Clostridia.o__Lachnospirales.f__Lachnospiraceae.g__Lachnospiraceae.UCG.006
2024-07-10 19:49:22.632755 INFO::Fitting model to feature number 74, k__Bacteria.p__Bacteroidota.c__Bacteroidia.o__Bacteroidales.f__Rikenellaceae.g__Rikenella
2024-07-10 19:49:22.704249 INFO::Fitting model to feature number 75, k__Bacteria.p__Firmicutes.c__Clostridia.o__Oscillospirales.f__Ruminococcaceae.g__Negativibacillus
2024-07-10 19:49:22.759627 INFO::Fitting model to feature number 76, k__Bacteria.p__Firmicutes.c__Clostridia.o__Oscillospirales.f__Butyricicoccaceae.g__UCG.009
2024-07-10 19:49:22.81622 INFO::Fitting model to feature number 77, k__Bacteria.p__Firmicutes.c__Negativicutes.o__Acidaminococcales.f__Acidaminococcaceae.g__Phascolarctobacterium
2024-07-10 19:49:22.8759 INFO::Fitting model to feature number 78, k__Bacteria.p__Desulfobacterota.c__Desulfovibrionia.o__Desulfovibrionales.f__Desulfovibrionaceae.g__Bilophila
2024-07-10 19:49:22.951123 INFO::Counting total values for each feature
2024-07-10 19:49:22.964952 INFO::Writing filtered data to file Humanized-Biogeography-Analysis/differential_genera_type/SPF_L6-LumRef-CLR-PC-ComBat-SeqRunSexType-1-MsID/features/filtered_data.tsv
2024-07-10 19:49:22.968676 INFO::Writing filtered, normalized data to file Humanized-Biogeography-Analysis/differential_genera_type/SPF_L6-LumRef-CLR-PC-ComBat-SeqRunSexType-1-MsID/features/filtered_data_norm.tsv
2024-07-10 19:49:22.9733 INFO::Writing filtered, normalized, transformed data to file Humanized-Biogeography-Analysis/differential_genera_type/SPF_L6-LumRef-CLR-PC-ComBat-SeqRunSexType-1-MsID/features/filtered_data_norm_transformed.tsv
2024-07-10 19:49:22.977423 WARNING::Deleting existing residuals file: Humanized-Biogeography-Analysis/differential_genera_type/SPF_L6-LumRef-CLR-PC-ComBat-SeqRunSexType-1-MsID/fits/residuals.rds
2024-07-10 19:49:22.979095 INFO::Writing residuals to file Humanized-Biogeography-Analysis/differential_genera_type/SPF_L6-LumRef-CLR-PC-ComBat-SeqRunSexType-1-MsID/fits/residuals.rds
2024-07-10 19:49:22.980708 WARNING::Deleting existing fitted file: Humanized-Biogeography-Analysis/differential_genera_type/SPF_L6-LumRef-CLR-PC-ComBat-SeqRunSexType-1-MsID/fits/fitted.rds
2024-07-10 19:49:22.982214 INFO::Writing fitted values to file Humanized-Biogeography-Analysis/differential_genera_type/SPF_L6-LumRef-CLR-PC-ComBat-SeqRunSexType-1-MsID/fits/fitted.rds
2024-07-10 19:49:22.983791 WARNING::Deleting existing ranef file: Humanized-Biogeography-Analysis/differential_genera_type/SPF_L6-LumRef-CLR-PC-ComBat-SeqRunSexType-1-MsID/fits/ranef.rds
2024-07-10 19:49:22.985606 INFO::Writing extracted random effects to file Humanized-Biogeography-Analysis/differential_genera_type/SPF_L6-LumRef-CLR-PC-ComBat-SeqRunSexType-1-MsID/fits/ranef.rds
2024-07-10 19:49:22.987349 INFO::Writing all results to file (ordered by increasing q-values): Humanized-Biogeography-Analysis/differential_genera_type/SPF_L6-LumRef-CLR-PC-ComBat-SeqRunSexType-1-MsID/all_results.tsv
2024-07-10 19:49:22.99192 INFO::Writing the significant results (those which are less than or equal to the threshold of 0.250000 ) to file (ordered by increasing q-values): Humanized-Biogeography-Analysis/differential_genera_type/SPF_L6-LumRef-CLR-PC-ComBat-SeqRunSexType-1-MsID/significant_results.tsv
