2024-06-09 16:35:34.803364 INFO::Writing function arguments to log file
2024-06-09 16:35:34.8072 DEBUG::Function arguments
2024-06-09 16:35:34.80826 DEBUG::Output folder: Maaslin2_L2/UCLA_O_SPF/L2-DCvsAll-CLR-Lum-ComBat-SeqRunLineSexSite-1-MsID
2024-06-09 16:35:34.809323 DEBUG::Min Abundance: 0.000000
2024-06-09 16:35:34.810063 DEBUG::Min Prevalence: 0.150000
2024-06-09 16:35:34.810757 DEBUG::Normalization: CLR
2024-06-09 16:35:34.811469 DEBUG::Transform: NONE
2024-06-09 16:35:34.812256 DEBUG::Analysis method: LM
2024-06-09 16:35:34.812988 DEBUG::Max significance: 0.250000
2024-06-09 16:35:34.813687 DEBUG::Random effects: MouseID_Line
2024-06-09 16:35:34.814393 DEBUG::Fixed effects: Sequencing_Run,Line,Sex,Site
2024-06-09 16:35:34.815078 DEBUG::Correction method: BH
2024-06-09 16:35:34.817111 DEBUG::Standardize: TRUE
2024-06-09 16:35:34.817928 DEBUG::Cores: 1
2024-06-09 16:35:34.818651 INFO::Verifying options selected are valid
2024-06-09 16:35:34.820807 INFO::Determining format of input files
2024-06-09 16:35:34.823831 INFO::Input format is data samples as columns and metadata samples as rows
2024-06-09 16:35:34.830982 DEBUG::Transformed data so samples are rows
2024-06-09 16:35:34.832417 DEBUG::A total of 278 samples were found in both the data and metadata
2024-06-09 16:35:34.833382 DEBUG::Reordering data/metadata to use same sample ordering
2024-06-09 16:35:34.840577 INFO::Formula for random effects: expr ~ (1 | MouseID_Line)
2024-06-09 16:35:34.843198 INFO::Formula for fixed effects: expr ~  Sequencing_Run + Line + Sex + Site
2024-06-09 16:35:34.862509 INFO::Factor detected for categorial metadata 'Sequencing_Run'. Provide a reference argument or manually set factor ordering to change reference level.
2024-06-09 16:35:34.865496 INFO::Factor detected for categorial metadata 'Line'. Provide a reference argument or manually set factor ordering to change reference level.
2024-06-09 16:35:34.86783 INFO::Factor detected for categorial metadata 'Sex'. Provide a reference argument or manually set factor ordering to change reference level.
2024-06-09 16:35:34.8701 INFO::Factor detected for categorial metadata 'Site'. Provide a reference argument or manually set factor ordering to change reference level.
2024-06-09 16:35:34.87258 INFO::Filter data based on min abundance and min prevalence
2024-06-09 16:35:34.874668 INFO::Total samples in data: 278
2024-06-09 16:35:34.876883 INFO::Min samples required with min abundance for a feature not to be filtered: 41.700000
2024-06-09 16:35:34.881188 INFO::Total filtered features: 0
2024-06-09 16:35:34.883715 INFO::Filtered feature names from abundance and prevalence filtering:
2024-06-09 16:35:34.88773 INFO::Total filtered features with variance filtering: 0
2024-06-09 16:35:34.891103 INFO::Filtered feature names from variance filtering:
2024-06-09 16:35:34.893232 INFO::Running selected normalization method: CLR
2024-06-09 16:35:34.900417 INFO::Applying z-score to standardize continuous metadata
2024-06-09 16:35:34.909289 INFO::Running selected transform method: NONE
2024-06-09 16:35:34.910754 INFO::Running selected analysis method: LM
2024-06-09 16:35:34.912942 INFO::Fitting model to feature number 1, k__Bacteria.p__Firmicutes
2024-06-09 16:35:35.083192 INFO::Fitting model to feature number 2, k__Bacteria.p__Bacteroidota
2024-06-09 16:35:35.248832 INFO::Fitting model to feature number 3, k__Bacteria.p__Desulfobacterota
2024-06-09 16:35:35.419225 INFO::Fitting model to feature number 4, k__Bacteria.p__Proteobacteria
2024-06-09 16:35:35.539996 INFO::Fitting model to feature number 5, k__Bacteria.p__Actinobacteriota
2024-06-09 16:35:35.660528 INFO::Fitting model to feature number 6, k__Bacteria.p__Cyanobacteria
2024-06-09 16:35:35.776537 INFO::Fitting model to feature number 7, k__Bacteria.p__Deferribacterota
2024-06-09 16:35:35.872553 INFO::Fitting model to feature number 8, k__Bacteria.p__Verrucomicrobiota
2024-06-09 16:35:35.994368 INFO::Counting total values for each feature
2024-06-09 16:35:36.020237 INFO::Writing filtered data to file Maaslin2_L2/UCLA_O_SPF/L2-DCvsAll-CLR-Lum-ComBat-SeqRunLineSexSite-1-MsID/features/filtered_data.tsv
2024-06-09 16:35:36.025749 INFO::Writing filtered, normalized data to file Maaslin2_L2/UCLA_O_SPF/L2-DCvsAll-CLR-Lum-ComBat-SeqRunLineSexSite-1-MsID/features/filtered_data_norm.tsv
2024-06-09 16:35:36.035647 INFO::Writing filtered, normalized, transformed data to file Maaslin2_L2/UCLA_O_SPF/L2-DCvsAll-CLR-Lum-ComBat-SeqRunLineSexSite-1-MsID/features/filtered_data_norm_transformed.tsv
2024-06-09 16:35:36.045279 WARNING::Deleting existing residuals file: Maaslin2_L2/UCLA_O_SPF/L2-DCvsAll-CLR-Lum-ComBat-SeqRunLineSexSite-1-MsID/fits/residuals.rds
2024-06-09 16:35:36.048063 INFO::Writing residuals to file Maaslin2_L2/UCLA_O_SPF/L2-DCvsAll-CLR-Lum-ComBat-SeqRunLineSexSite-1-MsID/fits/residuals.rds
2024-06-09 16:35:36.051808 WARNING::Deleting existing fitted file: Maaslin2_L2/UCLA_O_SPF/L2-DCvsAll-CLR-Lum-ComBat-SeqRunLineSexSite-1-MsID/fits/fitted.rds
2024-06-09 16:35:36.05514 INFO::Writing fitted values to file Maaslin2_L2/UCLA_O_SPF/L2-DCvsAll-CLR-Lum-ComBat-SeqRunLineSexSite-1-MsID/fits/fitted.rds
2024-06-09 16:35:36.060555 WARNING::Deleting existing ranef file: Maaslin2_L2/UCLA_O_SPF/L2-DCvsAll-CLR-Lum-ComBat-SeqRunLineSexSite-1-MsID/fits/ranef.rds
2024-06-09 16:35:36.063798 INFO::Writing extracted random effects to file Maaslin2_L2/UCLA_O_SPF/L2-DCvsAll-CLR-Lum-ComBat-SeqRunLineSexSite-1-MsID/fits/ranef.rds
2024-06-09 16:35:36.066384 INFO::Writing all results to file (ordered by increasing q-values): Maaslin2_L2/UCLA_O_SPF/L2-DCvsAll-CLR-Lum-ComBat-SeqRunLineSexSite-1-MsID/all_results.tsv
2024-06-09 16:35:36.071534 INFO::Writing the significant results (those which are less than or equal to the threshold of 0.250000 ) to file (ordered by increasing q-values): Maaslin2_L2/UCLA_O_SPF/L2-DCvsAll-CLR-Lum-ComBat-SeqRunLineSexSite-1-MsID/significant_results.tsv
