2024-10-18 12:30:56.406652 INFO::Writing function arguments to log file
2024-10-18 12:30:56.407515 DEBUG::Function arguments
2024-10-18 12:30:56.407778 DEBUG::Output folder: /home/julianne/Documents/biogeography/Shotgun/melonnpan/UCLA_O_SPF/Mets-LineSexSite_General-1-MsID/
2024-10-18 12:30:56.408012 DEBUG::Min Abundance: 0.000000
2024-10-18 12:30:56.408219 DEBUG::Min Prevalence: 0.150000
2024-10-18 12:30:56.408421 DEBUG::Normalization: NONE
2024-10-18 12:30:56.408612 DEBUG::Transform: LOG
2024-10-18 12:30:56.408799 DEBUG::Analysis method: LM
2024-10-18 12:30:56.40899 DEBUG::Max significance: 0.250000
2024-10-18 12:30:56.409173 DEBUG::Random effects: MouseID
2024-10-18 12:30:56.409361 DEBUG::Fixed effects: Line,Sex,Site
2024-10-18 12:30:56.409558 DEBUG::Correction method: BH
2024-10-18 12:30:56.409849 DEBUG::Standardize: TRUE
2024-10-18 12:30:56.410134 DEBUG::Cores: 1
2024-10-18 12:30:56.410384 INFO::Verifying options selected are valid
2024-10-18 12:30:56.411717 INFO::Determining format of input files
2024-10-18 12:30:56.41272 INFO::Input format is data samples as columns and metadata samples as rows
2024-10-18 12:30:56.418943 DEBUG::Transformed data so samples are rows
2024-10-18 12:30:56.421477 DEBUG::A total of 60 samples were found in both the data and metadata
2024-10-18 12:30:56.42194 DEBUG::Reordering data/metadata to use same sample ordering
2024-10-18 12:30:56.432267 INFO::Formula for random effects: expr ~ (1 | MouseID)
2024-10-18 12:30:56.433768 INFO::Formula for fixed effects: expr ~  Line + Sex + Site
2024-10-18 12:30:56.435192 INFO::Factor detected for categorial metadata 'Sex'. Provide a reference argument or manually set factor ordering to change reference level.
2024-10-18 12:30:56.436519 INFO::Filter data based on min abundance and min prevalence
2024-10-18 12:30:56.437488 INFO::Total samples in data: 60
2024-10-18 12:30:56.438431 INFO::Min samples required with min abundance for a feature not to be filtered: 9.000000
2024-10-18 12:30:56.454005 INFO::Total filtered features: 0
2024-10-18 12:30:56.455532 INFO::Filtered feature names from abundance and prevalence filtering:
2024-10-18 12:30:56.475883 INFO::Total filtered features with variance filtering: 19
2024-10-18 12:30:56.476929 INFO::Filtered feature names from variance filtering: X13.HpOTrE, PC.O.36.5.PC.O.16.0_20.5, TG.14.0_16.0_17.1, TG.50.4, UDP.glucuronic.acid, noradrenaline, lyxose, isomaltose, isoleucine, beta.sitosterol, X5.ketogluconate, alpha.beta.Trehalose, X6H.2.Benzopyran.6.one..5.chloro.3..3.4.dihydroxy.3.5.dimethyl.1.hepten.1.yl..7.8.dihydro.7.8.dihydroxy.7.methyl., X7.Diethylamino.4.methylcoumarin, histidinol, maltotriose.1, N..4.Hydroxyphenyl.propanamide, phthalic.acid, tryptophan.betaine
2024-10-18 12:30:56.477948 INFO::Running selected normalization method: NONE
2024-10-18 12:30:56.479377 INFO::Applying z-score to standardize continuous metadata
2024-10-18 12:30:56.485361 INFO::Running selected transform method: LOG
2024-10-18 12:30:56.507735 INFO::Running selected analysis method: LM
2024-10-18 12:30:56.509831 INFO::Fitting model to feature number 1, X13.KODE
2024-10-18 12:30:56.571776 INFO::Fitting model to feature number 2, X3.hydroxymyristic.acid
2024-10-18 12:30:56.62012 INFO::Fitting model to feature number 3, X4.HDoHE
2024-10-18 12:30:56.664821 INFO::Fitting model to feature number 4, CAR.14.1
2024-10-18 12:30:56.710052 INFO::Fitting model to feature number 5, CAR.16.0
2024-10-18 12:30:56.842446 INFO::Fitting model to feature number 6, CAR.18.0.Isomer.A
2024-10-18 12:30:56.881608 INFO::Fitting model to feature number 7, CAR.18.2.Isomer.B
2024-10-18 12:30:56.924686 INFO::Fitting model to feature number 8, Cer.16.0.2O_23.0
2024-10-18 12:30:56.968836 INFO::Fitting model to feature number 9, Cer.17.0.3O.24.0..2OH.
2024-10-18 12:30:57.01395 INFO::Fitting model to feature number 10, Cer.17.1.2O.24.1
2024-10-18 12:30:57.058007 INFO::Fitting model to feature number 11, Cer.18.0.2O.16.0
2024-10-18 12:30:57.104264 INFO::Fitting model to feature number 12, Cer.18.0.2O_20.0
2024-10-18 12:30:57.152946 INFO::Fitting model to feature number 13, Cer.18.1.2O.23.0..2OH.
2024-10-18 12:30:57.200421 INFO::Fitting model to feature number 14, Cer.18.1.2O_22.0..2OH.
2024-10-18 12:30:57.24889 INFO::Fitting model to feature number 15, Cer.18.1.3O.25.0
2024-10-18 12:30:57.308991 INFO::Fitting model to feature number 16, Cer.18.2.2O.22.0
2024-10-18 12:30:57.395323 INFO::Fitting model to feature number 17, Cer.18.2.2O.24.1
2024-10-18 12:30:57.502562 INFO::Fitting model to feature number 18, Cer.19.1.2O.24.1
2024-10-18 12:30:57.565969 INFO::Fitting model to feature number 19, Cer.20.0.2O.26.0
2024-10-18 12:30:57.629843 INFO::Fitting model to feature number 20, Cer.31.2.O3.Cer.18.1.O2.13.1.O
2024-10-18 12:30:57.724969 INFO::Fitting model to feature number 21, Cer.33.0.O3.Cer.17.0.O2.16.0.3OH.
2024-10-18 12:30:57.779028 INFO::Fitting model to feature number 22, Cer.33.0.O3.Cer.17.0.O2.16.0.O
2024-10-18 12:30:57.830283 INFO::Fitting model to feature number 23, Cer.33.1.O2.Cer.17.1.O2.16.0
2024-10-18 12:30:57.877206 INFO::Fitting model to feature number 24, Cer.34.0.O3.Cer.17.0.O2.17.0.3OH.
2024-10-18 12:30:57.92663 INFO::Fitting model to feature number 25, Cer.34.1.O2.Cer.18.1.O2.16.0
2024-10-18 12:30:57.974136 INFO::Fitting model to feature number 26, Cer.34.1.O3.Cer.18.1.O2.16.0.O
2024-10-18 12:30:58.026299 INFO::Fitting model to feature number 27, Cer.34.2.O3.Cer.17.0.O2.17.2.3OH.
2024-10-18 12:30:58.088683 INFO::Fitting model to feature number 28, Cer.35.0.O3.Cer.18.0.O2.17.0.3OH.
2024-10-18 12:30:58.148881 INFO::Fitting model to feature number 29, Cer.35.0.O3.Cer.18.0.O2.17.0.O
2024-10-18 12:30:58.197111 INFO::Fitting model to feature number 30, Cer.35.1.O3.Cer.18.0.O2.17.1.3OH.
2024-10-18 12:30:58.241175 INFO::Fitting model to feature number 31, Cer.35.1.O3.Cer.19.0.O2.16.1.O
2024-10-18 12:30:58.286683 INFO::Fitting model to feature number 32, Cer.36.0.O3.Cer.19.0.O2.17.0.3OH.
2024-10-18 12:30:58.333364 INFO::Fitting model to feature number 33, Cer.36.0.O3.Cer.19.0.O2.17.0.O
2024-10-18 12:30:58.378829 INFO::Fitting model to feature number 34, Cer.36.0.O4.Cer.18.0.O3.18.0.2OH.
2024-10-18 12:30:58.424256 INFO::Fitting model to feature number 35, Cer.36.1.O2.Cer.18.0.O2.18.1
2024-10-18 12:30:58.469802 INFO::Fitting model to feature number 36, Cer.36.1.O3.Cer.18.0.O2.18.1.O
2024-10-18 12:30:58.541098 INFO::Fitting model to feature number 37, Cer.36.1.O3.Cer.18.1.O2.18.0.O
2024-10-18 12:30:58.584509 INFO::Fitting model to feature number 38, Cer.36.2.O2.Cer.18.1.O2.18.1
2024-10-18 12:30:58.629211 INFO::Fitting model to feature number 39, Cer.36.3.O2.Cer.18.1.O2.18.2
2024-10-18 12:30:58.67329 INFO::Fitting model to feature number 40, Cer.38.0.O2.Cer.20.0.O2.18.0
2024-10-18 12:30:58.718287 INFO::Fitting model to feature number 41, Cer.38.0.O3.Cer.20.0.O2.18.0.O
2024-10-18 12:30:58.762392 INFO::Fitting model to feature number 42, Cer.38.0.O4.Cer.18.0.O3.20.0.2OH.
2024-10-18 12:30:58.809699 INFO::Fitting model to feature number 43, Cer.38.2.O2.Cer.18.1.O2.20.1
2024-10-18 12:30:58.856655 INFO::Fitting model to feature number 44, Cer.38.3.O3.Cer.18.1.O2.20.2.O
2024-10-18 12:30:58.905488 INFO::Fitting model to feature number 45, Cer.38.3.O4.Cer.24.2.O3.14.1.2OH.
2024-10-18 12:30:58.954612 INFO::Fitting model to feature number 46, Cer.38.5.O3.Cer.18.1.O2.20.4.O
2024-10-18 12:30:59.001195 INFO::Fitting model to feature number 47, Cer.39.1.O2.Cer.18.1.O2.21.0
2024-10-18 12:30:59.051581 INFO::Fitting model to feature number 48, Cer.40.0.O3.Cer.18.0.O2.22.0.O
2024-10-18 12:30:59.104578 INFO::Fitting model to feature number 49, Cer.40.2.O2.Cer.18.1.O2.22.1
2024-10-18 12:30:59.153072 INFO::Fitting model to feature number 50, Cer.41.0.O2.Cer.18.0.O2.23.0
2024-10-18 12:30:59.200506 INFO::Fitting model to feature number 51, Cer.41.0.O4.Cer.18.0.O3.23.0.2OH.
2024-10-18 12:30:59.245498 INFO::Fitting model to feature number 52, Cer.41.1.O2.Cer.17.1.O2.24.0
2024-10-18 12:30:59.317976 INFO::Fitting model to feature number 53, Cer.41.1.O3.Cer.21.0.O2.20.1.O
2024-10-18 12:30:59.362438 INFO::Fitting model to feature number 54, Cer.41.2.3O.Cer.22.2.O2.19.0.O
2024-10-18 12:30:59.408111 INFO::Fitting model to feature number 55, Cer.41.3.3O.Cer.22.1.O2.19.2.O
2024-10-18 12:30:59.455234 INFO::Fitting model to feature number 56, Cer.42.0.O3.Cer.18.0.O2.24.0.2OH.
2024-10-18 12:30:59.499918 INFO::Fitting model to feature number 57, Cer.42.0.O3.Cer.18.0.O2.24.0.O
2024-10-18 12:30:59.548346 INFO::Fitting model to feature number 58, Cer.42.0.O3.Cer.18.0.O3.24.0
2024-10-18 12:30:59.596374 INFO::Fitting model to feature number 59, Cer.42.0.O3.Cer.20.0.O2.22.0.O
2024-10-18 12:30:59.64247 INFO::Fitting model to feature number 60, Cer.42.1.O3.Cer.18.1.O2.24.0.2OH.
2024-10-18 12:30:59.68936 INFO::Fitting model to feature number 61, Cer.42.1.O3.Cer.20.1.O2.22.0.O
2024-10-18 12:30:59.738202 INFO::Fitting model to feature number 62, Cer.42.1.O4.Cer.18.0.O3.24.1.2OH.
2024-10-18 12:30:59.788301 INFO::Fitting model to feature number 63, Cer.42.2.O2.Cer.18.1.O2.24.1
2024-10-18 12:30:59.8354 INFO::Fitting model to feature number 64, Cer.42.2.O4.Cer.18.1.O3.24.1.2OH.
2024-10-18 12:30:59.878818 INFO::Fitting model to feature number 65, Cer.42.3.O2.Cer.22.0.O2.20.3
2024-10-18 12:30:59.924428 INFO::Fitting model to feature number 66, Cer.43.0.O2.Cer.17.0.O2.26.0
2024-10-18 12:30:59.975568 INFO::Fitting model to feature number 67, Cer.43.0.O4.Cer.18.0.O3.25.0.2OH.
2024-10-18 12:31:00.070904 INFO::Fitting model to feature number 68, Cer.43.1.O2.Cer.17.1.O2.26.0
2024-10-18 12:31:00.135085 INFO::Fitting model to feature number 69, Cer.43.3.O3.Cer.22.2.O2.21.1.O
2024-10-18 12:31:00.192633 INFO::Fitting model to feature number 70, Cer.44.0.O3.Cer.20.0.O2.24.0.O
2024-10-18 12:31:00.252686 INFO::Fitting model to feature number 71, Cer.44.1.O3.Cer.20.1.O2.24.0.2OH.
2024-10-18 12:31:00.313358 INFO::Fitting model to feature number 72, Cer.46.1.O2.Cer.20.1.O2.26.0
2024-10-18 12:31:00.375437 INFO::Fitting model to feature number 73, Cer.46.1.O3.Cer.20.1.O2.26.0.2OH.
2024-10-18 12:31:00.438674 INFO::Fitting model to feature number 74, Cer.46.4.O2.Cer.18.1.O2.28.3
2024-10-18 12:31:00.496796 INFO::Fitting model to feature number 75, Cer.50.1.O4.Cer.18.0.O2.17.0.3OH..FA.15.0.
2024-10-18 12:31:00.550498 INFO::Fitting model to feature number 76, Cer.50.1.O4.Cer.35.0.O3.FA.15.0.
2024-10-18 12:31:00.597024 INFO::Fitting model to feature number 77, Cer.52.2.O3.Cer.18.1.O2.34.1.O
2024-10-18 12:31:00.639448 INFO::Fitting model to feature number 78, Cer.d31.2
2024-10-18 12:31:00.684491 INFO::Fitting model to feature number 79, Cer.d32.1
2024-10-18 12:31:00.731457 INFO::Fitting model to feature number 80, Cer.d33.1
2024-10-18 12:31:00.777446 INFO::Fitting model to feature number 81, Cer.d34.0
2024-10-18 12:31:00.82111 INFO::Fitting model to feature number 82, Cer.d34.1
2024-10-18 12:31:00.865332 INFO::Fitting model to feature number 83, Cer.d34.2.Isomer.A
2024-10-18 12:31:00.937562 INFO::Fitting model to feature number 84, Cer.d34.2.Isomer.B
2024-10-18 12:31:00.979106 INFO::Fitting model to feature number 85, Cer.d35.1
2024-10-18 12:31:01.033276 INFO::Fitting model to feature number 86, Cer.d36.1
2024-10-18 12:31:01.086967 INFO::Fitting model to feature number 87, Cer.d36.2
2024-10-18 12:31:01.144995 INFO::Fitting model to feature number 88, Cer.d37.1
2024-10-18 12:31:01.208262 INFO::Fitting model to feature number 89, Cer.d38.1
2024-10-18 12:31:01.274394 INFO::Fitting model to feature number 90, Cer.d39.1
2024-10-18 12:31:01.34221 INFO::Fitting model to feature number 91, Cer.d40.0
2024-10-18 12:31:01.409747 INFO::Fitting model to feature number 92, Cer.d40.1
2024-10-18 12:31:01.471779 INFO::Fitting model to feature number 93, Cer.d40.2
2024-10-18 12:31:01.52396 INFO::Fitting model to feature number 94, Cer.d41.1
2024-10-18 12:31:01.580783 INFO::Fitting model to feature number 95, Cer.d41.2
2024-10-18 12:31:01.642143 INFO::Fitting model to feature number 96, Cer.d42.0
2024-10-18 12:31:01.704148 INFO::Fitting model to feature number 97, Cer.d42.1
2024-10-18 12:31:01.76689 INFO::Fitting model to feature number 98, Cer.d42.2.Isomer.A
2024-10-18 12:31:01.857894 INFO::Fitting model to feature number 99, Cer.d42.2.Isomer.B
2024-10-18 12:31:01.901289 INFO::Fitting model to feature number 100, Cer.d42.3
2024-10-18 12:31:01.945919 INFO::Fitting model to feature number 101, Cer.d43.1
2024-10-18 12:31:01.999845 INFO::Fitting model to feature number 102, Cer.d43.2
2024-10-18 12:31:02.043674 INFO::Fitting model to feature number 103, Cer.d44.2
2024-10-18 12:31:02.102941 INFO::Fitting model to feature number 104, Cer.ADS.d34.0
2024-10-18 12:31:02.146916 INFO::Fitting model to feature number 105, Cer.ADS.d40.0
2024-10-18 12:31:02.202039 INFO::Fitting model to feature number 106, Cer.AS.d34.1
2024-10-18 12:31:02.262339 INFO::Fitting model to feature number 107, Cer.NDS.d36.0
2024-10-18 12:31:02.307031 INFO::Fitting model to feature number 108, Cer.NDS.d39.0
2024-10-18 12:31:02.355402 INFO::Fitting model to feature number 109, Cer.NDS.d40.0
2024-10-18 12:31:02.401865 INFO::Fitting model to feature number 110, Cer.NDS.d41.0
2024-10-18 12:31:02.444623 INFO::Fitting model to feature number 111, Cer.NP.t40.0
2024-10-18 12:31:02.49151 INFO::Fitting model to feature number 112, Cer.NP.t42.0
2024-10-18 12:31:02.536449 INFO::Fitting model to feature number 113, Cer.NP.t42.1
2024-10-18 12:31:02.586048 INFO::Fitting model to feature number 114, Cholesterol
2024-10-18 12:31:02.680693 INFO::Fitting model to feature number 115, cholesterol.3.sulfate....125
2024-10-18 12:31:02.741164 INFO::Fitting model to feature number 116, DG.34.0
2024-10-18 12:31:02.791909 INFO::Fitting model to feature number 117, DG.36.0
2024-10-18 12:31:02.846147 INFO::Fitting model to feature number 118, DG.36.2
2024-10-18 12:31:02.905894 INFO::Fitting model to feature number 119, DGDG.34.2.DGDG.16.0_18.2
2024-10-18 12:31:02.967195 INFO::Fitting model to feature number 120, DGDG.36.3.DGDG.18.1_18.2
2024-10-18 12:31:03.023209 INFO::Fitting model to feature number 121, DGDG.36.4.DGDG.18.2_18.2
2024-10-18 12:31:03.069051 INFO::Fitting model to feature number 122, FA.10.0..capric.acid.
2024-10-18 12:31:03.110037 INFO::Fitting model to feature number 123, FA.11.0..undecylic.acid.
2024-10-18 12:31:03.157332 INFO::Fitting model to feature number 124, FA.13.0..tridecylic.acid.
2024-10-18 12:31:03.204631 INFO::Fitting model to feature number 125, FA.15.0..pentadecylic.acid.
2024-10-18 12:31:03.246919 INFO::Fitting model to feature number 126, FA.15.1
2024-10-18 12:31:03.290018 INFO::Fitting model to feature number 127, FA.15.2
2024-10-18 12:31:03.348363 INFO::Fitting model to feature number 128, FA.17.0..margaric.acid.
2024-10-18 12:31:03.409105 INFO::Fitting model to feature number 129, FA.19.0
2024-10-18 12:31:03.479515 INFO::Fitting model to feature number 130, FA.20.0..arachidic.acid.
2024-10-18 12:31:03.522918 INFO::Fitting model to feature number 131, FA.20.1
2024-10-18 12:31:03.568021 INFO::Fitting model to feature number 132, FA.20.3..eicosatrienoic.acid.
2024-10-18 12:31:03.622954 INFO::Fitting model to feature number 133, FA.20.3..homo.gamma.linolenic.acid.
2024-10-18 12:31:03.682816 INFO::Fitting model to feature number 134, FA.20.4..arachidonic.acid.
2024-10-18 12:31:03.736799 INFO::Fitting model to feature number 135, FA.20.5..eicosapentaenoic.acid.
2024-10-18 12:31:03.788048 INFO::Fitting model to feature number 136, FA.21.0
2024-10-18 12:31:03.837024 INFO::Fitting model to feature number 137, FA.21.1
2024-10-18 12:31:03.882649 INFO::Fitting model to feature number 138, FA.22.0
2024-10-18 12:31:03.934964 INFO::Fitting model to feature number 139, FA.22.1..erucic.acid.
2024-10-18 12:31:03.98187 INFO::Fitting model to feature number 140, FA.22.2..docosadienoic.acid.
2024-10-18 12:31:04.040334 INFO::Fitting model to feature number 141, FA.22.4
2024-10-18 12:31:04.091917 INFO::Fitting model to feature number 142, FA.22.5
2024-10-18 12:31:04.138308 INFO::Fitting model to feature number 143, FA.22.6..docosahexaenoic.acid.
2024-10-18 12:31:04.187024 INFO::Fitting model to feature number 144, FA.23.0
2024-10-18 12:31:04.25702 INFO::Fitting model to feature number 145, FA.23.1
2024-10-18 12:31:04.31586 INFO::Fitting model to feature number 146, FA.24.0
2024-10-18 12:31:04.370217 INFO::Fitting model to feature number 147, FA.24.1
2024-10-18 12:31:04.430577 INFO::Fitting model to feature number 148, FA.24.2
2024-10-18 12:31:04.484486 INFO::Fitting model to feature number 149, FA.24.3
2024-10-18 12:31:04.532132 INFO::Fitting model to feature number 150, FA.24.6
2024-10-18 12:31:04.588587 INFO::Fitting model to feature number 151, FA.25.0
2024-10-18 12:31:04.646772 INFO::Fitting model to feature number 152, FA.25.1
2024-10-18 12:31:04.692175 INFO::Fitting model to feature number 153, FA.26.0
2024-10-18 12:31:04.739251 INFO::Fitting model to feature number 154, FA.26.1
2024-10-18 12:31:04.784467 INFO::Fitting model to feature number 155, FA.26.2
2024-10-18 12:31:04.830316 INFO::Fitting model to feature number 156, FA.27.0
2024-10-18 12:31:04.875332 INFO::Fitting model to feature number 157, FA.27.1
2024-10-18 12:31:04.920249 INFO::Fitting model to feature number 158, FA.28.0
2024-10-18 12:31:04.964668 INFO::Fitting model to feature number 159, FA.28.1
2024-10-18 12:31:05.010458 INFO::Fitting model to feature number 160, FA.29.0
2024-10-18 12:31:05.084142 INFO::Fitting model to feature number 161, FA.29.1
2024-10-18 12:31:05.12332 INFO::Fitting model to feature number 162, FA.30.0
2024-10-18 12:31:05.16736 INFO::Fitting model to feature number 163, FA.30.1
2024-10-18 12:31:05.222677 INFO::Fitting model to feature number 164, FA.31.0
2024-10-18 12:31:05.278854 INFO::Fitting model to feature number 165, FA.31.1
2024-10-18 12:31:05.324847 INFO::Fitting model to feature number 166, FA.32.0
2024-10-18 12:31:05.367363 INFO::Fitting model to feature number 167, FA.32.1
2024-10-18 12:31:05.409209 INFO::Fitting model to feature number 168, FA.32.2
2024-10-18 12:31:05.456933 INFO::Fitting model to feature number 169, FA.33.0
2024-10-18 12:31:05.500702 INFO::Fitting model to feature number 170, FA.33.1
2024-10-18 12:31:05.552596 INFO::Fitting model to feature number 171, FA.34.0
2024-10-18 12:31:05.602689 INFO::Fitting model to feature number 172, FA.34.1
2024-10-18 12:31:05.662959 INFO::Fitting model to feature number 173, FA.34.2
2024-10-18 12:31:05.721511 INFO::Fitting model to feature number 174, FA.35.1
2024-10-18 12:31:05.768033 INFO::Fitting model to feature number 175, FA.36.1
2024-10-18 12:31:05.855008 INFO::Fitting model to feature number 176, FA.36.2
2024-10-18 12:31:05.899963 INFO::Fitting model to feature number 177, FA.37.1
2024-10-18 12:31:05.966291 INFO::Fitting model to feature number 178, FA.38.1
2024-10-18 12:31:06.033815 INFO::Fitting model to feature number 179, FA.39.1
2024-10-18 12:31:06.096641 INFO::Fitting model to feature number 180, FA.40.1
2024-10-18 12:31:06.14724 INFO::Fitting model to feature number 181, FA.41.1
2024-10-18 12:31:06.203682 INFO::Fitting model to feature number 182, FA.42.1
2024-10-18 12:31:06.248762 INFO::Fitting model to feature number 183, FAHFA.36.1.O.FAHFA.18.1.18.0.O
2024-10-18 12:31:06.295613 INFO::Fitting model to feature number 184, FAHFA.40.3
2024-10-18 12:31:06.339579 INFO::Fitting model to feature number 185, FAHFA.42.2
2024-10-18 12:31:06.384055 INFO::Fitting model to feature number 186, GalCer.18.1_24.1
2024-10-18 12:31:06.431666 INFO::Fitting model to feature number 187, Gal.Gal.Cer.d18.1.16.0.or.Lactosylceramide.d18.1.16.0
2024-10-18 12:31:06.4886 INFO::Fitting model to feature number 188, GlcCer.d34.1
2024-10-18 12:31:06.530549 INFO::Fitting model to feature number 189, GlcCer.d38.1
2024-10-18 12:31:06.577197 INFO::Fitting model to feature number 190, GlcCer.d40.1
2024-10-18 12:31:06.619382 INFO::Fitting model to feature number 191, GlcCer.d41.1
2024-10-18 12:31:06.6971 INFO::Fitting model to feature number 192, GlcCer.d42.1
2024-10-18 12:31:06.741717 INFO::Fitting model to feature number 193, GlcCer.d42.2
2024-10-18 12:31:06.786771 INFO::Fitting model to feature number 194, GlcCerd14.14E.20.02OH
2024-10-18 12:31:06.82964 INFO::Fitting model to feature number 195, HexCer.34.0.O4.HexCer.18.0.O3.16.0.2OH.
2024-10-18 12:31:06.882607 INFO::Fitting model to feature number 196, HexCer.34.1.O2.HexCer.18.1.O2.16.0
2024-10-18 12:31:06.939477 INFO::Fitting model to feature number 197, HexCer.34.1.O3.HexCer.18.1.O2.16.0.O
2024-10-18 12:31:07.001621 INFO::Fitting model to feature number 198, HexCer.36.2.O2.HexCer.18.1.O2.18.1
2024-10-18 12:31:07.046325 INFO::Fitting model to feature number 199, HexCer.38.0.O4.HexCer.18.0.O3.20.0.2OH.
2024-10-18 12:31:07.090131 INFO::Fitting model to feature number 200, HexCer.38.1.O3.HexCer.18.1.O2.20.0.O
2024-10-18 12:31:07.137563 INFO::Fitting model to feature number 201, HexCer.40.0.O4.HexCer.18.0.O3.22.0.2OH.
2024-10-18 12:31:07.18524 INFO::Fitting model to feature number 202, HexCer.40.1.O3.HexCer.18.1.O2.22.0.O
2024-10-18 12:31:07.231892 INFO::Fitting model to feature number 203, HexCer.41.0.O4.HexCer.18.0.O3.23.0.2OH.
2024-10-18 12:31:07.278181 INFO::Fitting model to feature number 204, HexCer.42.0.O4.HexCer.18.0.O3.24.0.2OH.
2024-10-18 12:31:07.326819 INFO::Fitting model to feature number 205, HexCer.42.1.O3
2024-10-18 12:31:07.386091 INFO::Fitting model to feature number 206, HexCer.42.1.O3.HexCer.18.1.O2.24.0.O
2024-10-18 12:31:07.475621 INFO::Fitting model to feature number 207, HexCer.42.1.O4.HexCer.18.0.O3.24.1.2OH.
2024-10-18 12:31:07.515563 INFO::Fitting model to feature number 208, HexCer.42.2.O4.HexCer.18.1.O3.24.1.2OH.
2024-10-18 12:31:07.556425 INFO::Fitting model to feature number 209, HexCer.43.0.O4.HexCer.19.0.O3.24.0.2OH.
2024-10-18 12:31:07.598903 INFO::Fitting model to feature number 210, HexCer.44.0.O4.HexCer.20.0.O3.24.0.2OH.
2024-10-18 12:31:07.646236 INFO::Fitting model to feature number 211, Hexosyl.LPE.16.0
2024-10-18 12:31:07.689434 INFO::Fitting model to feature number 212, lactosylceramide.d18.1.24.1.15Z
2024-10-18 12:31:07.736163 INFO::Fitting model to feature number 213, LNAPE.20.4_N.19.1
2024-10-18 12:31:07.782115 INFO::Fitting model to feature number 214, LPC.17.0
2024-10-18 12:31:07.828218 INFO::Fitting model to feature number 215, LPC.18.0....265
2024-10-18 12:31:07.87679 INFO::Fitting model to feature number 216, LPC.18.2
2024-10-18 12:31:07.920533 INFO::Fitting model to feature number 217, LPC.18.3
2024-10-18 12:31:07.975226 INFO::Fitting model to feature number 218, LPC.19.0
2024-10-18 12:31:08.036903 INFO::Fitting model to feature number 219, LPC.20.0
2024-10-18 12:31:08.093569 INFO::Fitting model to feature number 220, LPC.20.1
2024-10-18 12:31:08.138739 INFO::Fitting model to feature number 221, LPC.20.4
2024-10-18 12:31:08.184867 INFO::Fitting model to feature number 222, LPC.24.0.SN1
2024-10-18 12:31:08.260253 INFO::Fitting model to feature number 223, LPC.O.16.0
2024-10-18 12:31:08.304416 INFO::Fitting model to feature number 224, LPC.O.16.1....276
2024-10-18 12:31:08.350114 INFO::Fitting model to feature number 225, LPC.O.18.0
2024-10-18 12:31:08.395993 INFO::Fitting model to feature number 226, LPC.O.18.1
2024-10-18 12:31:08.442543 INFO::Fitting model to feature number 227, LPC.O.20.0
2024-10-18 12:31:08.487946 INFO::Fitting model to feature number 228, LPC.O.22.0
2024-10-18 12:31:08.531832 INFO::Fitting model to feature number 229, LPC.P.18.0.or.LPC.O.18.1
2024-10-18 12:31:08.578844 INFO::Fitting model to feature number 230, LPE.15.0
2024-10-18 12:31:08.635297 INFO::Fitting model to feature number 231, LPE.16.0....284
2024-10-18 12:31:08.678609 INFO::Fitting model to feature number 232, LPE.18.0
2024-10-18 12:31:08.728237 INFO::Fitting model to feature number 233, LPE.18.2
2024-10-18 12:31:08.776029 INFO::Fitting model to feature number 234, LPE.20.4
2024-10-18 12:31:08.833032 INFO::Fitting model to feature number 235, LPE.22.6
2024-10-18 12:31:08.894509 INFO::Fitting model to feature number 236, LPE.O.18.1
2024-10-18 12:31:08.943107 INFO::Fitting model to feature number 237, LPE.O.18.2
2024-10-18 12:31:09.015974 INFO::Fitting model to feature number 238, LPE.O.20.0
2024-10-18 12:31:09.072636 INFO::Fitting model to feature number 239, LPE.N..FA.34.1.LPE.N..FA.18.1.16.0
2024-10-18 12:31:09.115826 INFO::Fitting model to feature number 240, LPE.N..FA.34.2.LPE.N..FA.18.2.16.0
2024-10-18 12:31:09.16368 INFO::Fitting model to feature number 241, LPE.N..FA.36.3.LPE.N..FA.18.2.18.1
2024-10-18 12:31:09.208202 INFO::Fitting model to feature number 242, LPE.N..FA.36.4.LPE.N..FA.18.2.18.2
2024-10-18 12:31:09.252183 INFO::Fitting model to feature number 243, LPG.16.0
2024-10-18 12:31:09.299551 INFO::Fitting model to feature number 244, LPG.18.1
2024-10-18 12:31:09.344937 INFO::Fitting model to feature number 245, LPS.18.0
2024-10-18 12:31:09.405443 INFO::Fitting model to feature number 246, MGDG.17.0_18.2
2024-10-18 12:31:09.46506 INFO::Fitting model to feature number 247, MGDG.O.16.4_18.0
2024-10-18 12:31:09.518595 INFO::Fitting model to feature number 248, NAGly.29.1.O2.NAGly.16.0.O.FA.13.0.
2024-10-18 12:31:09.575134 INFO::Fitting model to feature number 249, NAGly.30.1.O2.NAGly.16.0.O.FA.14.0.
2024-10-18 12:31:09.634996 INFO::Fitting model to feature number 250, NAGly.31.1.O2.NAGly.16.0.O.FA.15.0.
2024-10-18 12:31:09.680984 INFO::Fitting model to feature number 251, NAGly.32.1.O2.NAGly.17.0.O.FA.15.0.
2024-10-18 12:31:09.728504 INFO::Fitting model to feature number 252, NAGly.33.1.O2.NAGly.18.0.O.FA.15.0.
2024-10-18 12:31:09.773286 INFO::Fitting model to feature number 253, NAGlySer.30.1.O2.NAGlySer.15.0.O.FA.15.0.
2024-10-18 12:31:09.846303 INFO::Fitting model to feature number 254, NAGlySer.31.1.O2.NAGlySer.16.0.O.FA.15.0.
2024-10-18 12:31:09.890606 INFO::Fitting model to feature number 255, NAGlySer.32.1.O2.NAGlySer.17.0.O.FA.15.0.
2024-10-18 12:31:09.932857 INFO::Fitting model to feature number 256, NAGlySer.33.1.O2.NAGlySer.17.0.O.FA.16.0.
2024-10-18 12:31:09.99098 INFO::Fitting model to feature number 257, NAGlySer.34.1.O2.NAGlySer.17.0.O.FA.17.0.
2024-10-18 12:31:10.033462 INFO::Fitting model to feature number 258, NAPhe.16.0
2024-10-18 12:31:10.080072 INFO::Fitting model to feature number 259, NAPhe.18.0
2024-10-18 12:31:10.124868 INFO::Fitting model to feature number 260, NAPhe.18.1
2024-10-18 12:31:10.189096 INFO::Fitting model to feature number 261, NAPhe.18.2
2024-10-18 12:31:10.273976 INFO::Fitting model to feature number 262, palmitoyl.ethanolamide
2024-10-18 12:31:10.358439 INFO::Fitting model to feature number 263, PC.16.0_14.0
2024-10-18 12:31:10.411675 INFO::Fitting model to feature number 264, PC.16.0_18.2
2024-10-18 12:31:10.45774 INFO::Fitting model to feature number 265, PC.18.1_18.2
2024-10-18 12:31:10.503992 INFO::Fitting model to feature number 266, PC.29.0
2024-10-18 12:31:10.552698 INFO::Fitting model to feature number 267, PC.30.0
2024-10-18 12:31:10.603 INFO::Fitting model to feature number 268, PC.31.0
2024-10-18 12:31:10.67975 INFO::Fitting model to feature number 269, PC.31.1
2024-10-18 12:31:10.722409 INFO::Fitting model to feature number 270, PC.32.0
2024-10-18 12:31:10.7823 INFO::Fitting model to feature number 271, PC.32.1
2024-10-18 12:31:10.839451 INFO::Fitting model to feature number 272, PC.32.2
2024-10-18 12:31:10.890391 INFO::Fitting model to feature number 273, PC.33.1
2024-10-18 12:31:10.945282 INFO::Fitting model to feature number 274, PC.33.2
2024-10-18 12:31:11.007574 INFO::Fitting model to feature number 275, PC.34.0
2024-10-18 12:31:11.067568 INFO::Fitting model to feature number 276, PC.34.2
2024-10-18 12:31:11.125492 INFO::Fitting model to feature number 277, PC.34.3
2024-10-18 12:31:11.183813 INFO::Fitting model to feature number 278, PC.34.3.Isomer.B
2024-10-18 12:31:11.24169 INFO::Fitting model to feature number 279, PC.35.2.Isomer.B
2024-10-18 12:31:11.301853 INFO::Fitting model to feature number 280, PC.35.3
2024-10-18 12:31:11.36014 INFO::Fitting model to feature number 281, PC.35.4
2024-10-18 12:31:11.415593 INFO::Fitting model to feature number 282, PC.36.1
2024-10-18 12:31:11.468299 INFO::Fitting model to feature number 283, PC.36.3.Isomer.A
2024-10-18 12:31:11.546181 INFO::Fitting model to feature number 284, PC.36.4.Isomer.A
2024-10-18 12:31:11.592284 INFO::Fitting model to feature number 285, PC.36.4.Isomer.B
2024-10-18 12:31:11.637644 INFO::Fitting model to feature number 286, PC.36.5.Isomer.A
2024-10-18 12:31:11.691076 INFO::Fitting model to feature number 287, PC.36.5.Isomer.B
2024-10-18 12:31:11.736467 INFO::Fitting model to feature number 288, PC.36.5.Isomer.D
2024-10-18 12:31:11.790385 INFO::Fitting model to feature number 289, PC.38.2
2024-10-18 12:31:11.838305 INFO::Fitting model to feature number 290, PC.38.4.Isomer.B
2024-10-18 12:31:11.881748 INFO::Fitting model to feature number 291, PC.38.4.Isomer.C
2024-10-18 12:31:11.92995 INFO::Fitting model to feature number 292, PC.38.5.Isomer.A
2024-10-18 12:31:11.981458 INFO::Fitting model to feature number 293, PC.38.5.Isomer.B
2024-10-18 12:31:12.041914 INFO::Fitting model to feature number 294, PC.38.6.Isomer.A
2024-10-18 12:31:12.100661 INFO::Fitting model to feature number 295, PC.38.8
2024-10-18 12:31:12.157699 INFO::Fitting model to feature number 296, PC.40.3
2024-10-18 12:31:12.214131 INFO::Fitting model to feature number 297, PC.40.4
2024-10-18 12:31:12.273315 INFO::Fitting model to feature number 298, PC.40.6.Isomer.A
2024-10-18 12:31:12.313627 INFO::Fitting model to feature number 299, PC.40.7.Isomer.B
2024-10-18 12:31:12.386309 INFO::Fitting model to feature number 300, PC.42.4
2024-10-18 12:31:12.431413 INFO::Fitting model to feature number 301, PC.42.5
2024-10-18 12:31:12.474808 INFO::Fitting model to feature number 302, PC.O.20.0_20.4
2024-10-18 12:31:12.528288 INFO::Fitting model to feature number 303, PC.O.30.0
2024-10-18 12:31:12.588381 INFO::Fitting model to feature number 304, PC.O.31.7
2024-10-18 12:31:12.640144 INFO::Fitting model to feature number 305, PC.O.32.0
2024-10-18 12:31:12.701751 INFO::Fitting model to feature number 306, PC.O.34.0
2024-10-18 12:31:12.748757 INFO::Fitting model to feature number 307, PC.O.34.4
2024-10-18 12:31:12.806034 INFO::Fitting model to feature number 308, PC.O.36.4
2024-10-18 12:31:12.85018 INFO::Fitting model to feature number 309, PC.P.32.1.or.PC.O.32.2
2024-10-18 12:31:12.895566 INFO::Fitting model to feature number 310, PC.P.34.0.or.PC.O.34.1
2024-10-18 12:31:12.951835 INFO::Fitting model to feature number 311, PC.P.34.1.or.PC.O.34.2
2024-10-18 12:31:12.997739 INFO::Fitting model to feature number 312, PC.P.36.4.or.PC.O.36.5
2024-10-18 12:31:13.04169 INFO::Fitting model to feature number 313, PC.P.38.3.or.PC.O.38.4.Isomer.B
2024-10-18 12:31:13.086526 INFO::Fitting model to feature number 314, PC.P.38.4.or.PC.O.38.5.Isomer.B
2024-10-18 12:31:13.159379 INFO::Fitting model to feature number 315, PC.P.40.1.or.PC.O.40.2
2024-10-18 12:31:13.214005 INFO::Fitting model to feature number 316, PC.P.40.3.or.PC.O.40.4
2024-10-18 12:31:13.272834 INFO::Fitting model to feature number 317, PE.16.0_16..1
2024-10-18 12:31:13.316738 INFO::Fitting model to feature number 318, PE.16.1_18.1
2024-10-18 12:31:13.361433 INFO::Fitting model to feature number 319, PE.29.0.PE.14.0_15.0
2024-10-18 12:31:13.406682 INFO::Fitting model to feature number 320, PE.30.0.PE.15.0_15.0
2024-10-18 12:31:13.450814 INFO::Fitting model to feature number 321, PE.31.0.PE.15.0_16.0
2024-10-18 12:31:13.498108 INFO::Fitting model to feature number 322, PE.32.1.PE.16.0_16.1
2024-10-18 12:31:13.553773 INFO::Fitting model to feature number 323, PE.32.2
2024-10-18 12:31:13.597609 INFO::Fitting model to feature number 324, PE.33.1.PE.15.0_18.1
2024-10-18 12:31:13.643393 INFO::Fitting model to feature number 325, PE.33.2.PE.15.0_18.2
2024-10-18 12:31:13.686511 INFO::Fitting model to feature number 326, PE.34.0
2024-10-18 12:31:13.740024 INFO::Fitting model to feature number 327, PE.34.1
2024-10-18 12:31:13.786234 INFO::Fitting model to feature number 328, PE.34.1.1
2024-10-18 12:31:13.859918 INFO::Fitting model to feature number 329, PE.34.2
2024-10-18 12:31:13.92493 INFO::Fitting model to feature number 330, PE.36.1
2024-10-18 12:31:14.039274 INFO::Fitting model to feature number 331, PE.36.2
2024-10-18 12:31:14.101515 INFO::Fitting model to feature number 332, PE.36.3
2024-10-18 12:31:14.16543 INFO::Fitting model to feature number 333, PE.36.4
2024-10-18 12:31:14.222949 INFO::Fitting model to feature number 334, PE.O.16.1_18.1
2024-10-18 12:31:14.275793 INFO::Fitting model to feature number 335, PE.O.16.1_22.6
2024-10-18 12:31:14.333596 INFO::Fitting model to feature number 336, PE.O.22.6_16.1
2024-10-18 12:31:14.390339 INFO::Fitting model to feature number 337, PE.O.36.1
2024-10-18 12:31:14.435221 INFO::Fitting model to feature number 338, PE.P.34.1.or.PE.O.34.2
2024-10-18 12:31:14.483219 INFO::Fitting model to feature number 339, PE.P.36.1.or.PE.O.36.2
2024-10-18 12:31:14.529469 INFO::Fitting model to feature number 340, PE.Cer.35.0.O3.PE.Cer.21.0.O2.14.0.O
2024-10-18 12:31:14.576108 INFO::Fitting model to feature number 341, PE.Cer.36.0.O3.PE.Cer.19.0.O2.17.0.O
2024-10-18 12:31:14.621953 INFO::Fitting model to feature number 342, PEtOH.18.1_18.1
2024-10-18 12:31:14.668642 INFO::Fitting model to feature number 343, PEtOH.18.1_20.4
2024-10-18 12:31:14.71285 INFO::Fitting model to feature number 344, PEtOH.38.4
2024-10-18 12:31:14.761846 INFO::Fitting model to feature number 345, PG.16.0_16.0
2024-10-18 12:31:14.838151 INFO::Fitting model to feature number 346, PG.30.0.PG.15.0_15.0
2024-10-18 12:31:14.891308 INFO::Fitting model to feature number 347, PG.33.0.PG.16.0_17.0
2024-10-18 12:31:14.939988 INFO::Fitting model to feature number 348, PG.34.1.PG.16.0_18.1
2024-10-18 12:31:14.985392 INFO::Fitting model to feature number 349, PG.34.2
2024-10-18 12:31:15.03358 INFO::Fitting model to feature number 350, PG.40.7
2024-10-18 12:31:15.082226 INFO::Fitting model to feature number 351, PG.40.8
2024-10-18 12:31:15.127209 INFO::Fitting model to feature number 352, PG.O.34.2.PG.O.18.2_16.0
2024-10-18 12:31:15.172368 INFO::Fitting model to feature number 353, PG.O.36.2.PG.O.18.1_18.1
2024-10-18 12:31:15.217888 INFO::Fitting model to feature number 354, PGE2
2024-10-18 12:31:15.264757 INFO::Fitting model to feature number 355, Phosphatidylethanolamine.alkenyl.16.0.20.4
2024-10-18 12:31:15.309374 INFO::Fitting model to feature number 356, PI.34.1.Isomer.A
2024-10-18 12:31:15.350361 INFO::Fitting model to feature number 357, PI.34.2.Isomer.A
2024-10-18 12:31:15.398389 INFO::Fitting model to feature number 358, PI.36.1.Isomer.A
2024-10-18 12:31:15.455506 INFO::Fitting model to feature number 359, PI.36.2
2024-10-18 12:31:15.512623 INFO::Fitting model to feature number 360, PI.36.3.Isomer.B
2024-10-18 12:31:15.565614 INFO::Fitting model to feature number 361, PI.38.3
2024-10-18 12:31:15.648312 INFO::Fitting model to feature number 362, PI.38.4
2024-10-18 12:31:15.70571 INFO::Fitting model to feature number 363, PI.Cer.33.0.O3
2024-10-18 12:31:15.751648 INFO::Fitting model to feature number 364, PI.Cer.34.0.O3
2024-10-18 12:31:15.808558 INFO::Fitting model to feature number 365, PI.Cer.35.0.O3
2024-10-18 12:31:15.851614 INFO::Fitting model to feature number 366, PI.Cer.36.0.O3
2024-10-18 12:31:15.897801 INFO::Fitting model to feature number 367, PS.16.0_22.4
2024-10-18 12:31:15.953321 INFO::Fitting model to feature number 368, PS.36.1
2024-10-18 12:31:15.998614 INFO::Fitting model to feature number 369, SHexCer.34.1.3O
2024-10-18 12:31:16.053365 INFO::Fitting model to feature number 370, SHexCer.d34.1
2024-10-18 12:31:16.101082 INFO::Fitting model to feature number 371, SL.32.0.O.SL.17.0.O.15.0
2024-10-18 12:31:16.145268 INFO::Fitting model to feature number 372, SL.33.0.O.SL.17.0.O.16.0
2024-10-18 12:31:16.190416 INFO::Fitting model to feature number 373, SL.34.1.O2.SL.17.0.O.17.1.O
2024-10-18 12:31:16.237475 INFO::Fitting model to feature number 374, SL.35.1.O2.SL.18.0.O.17.1.O
2024-10-18 12:31:16.285753 INFO::Fitting model to feature number 375, SM.18.0.2O.22.0
2024-10-18 12:31:16.341323 INFO::Fitting model to feature number 376, SM.24.1
2024-10-18 12:31:16.424313 INFO::Fitting model to feature number 377, SM.29.2.2O.8.0
2024-10-18 12:31:16.46468 INFO::Fitting model to feature number 378, SM.30.2.2O..FA.14.1.
2024-10-18 12:31:16.52238 INFO::Fitting model to feature number 379, SM.34.1.3O
2024-10-18 12:31:16.589204 INFO::Fitting model to feature number 380, SM.36.4.3O
2024-10-18 12:31:16.652068 INFO::Fitting model to feature number 381, SM.38.4.3O
2024-10-18 12:31:16.719473 INFO::Fitting model to feature number 382, SM.42.1.3O
2024-10-18 12:31:16.78184 INFO::Fitting model to feature number 383, SM.43.3.2O
2024-10-18 12:31:16.842214 INFO::Fitting model to feature number 384, SM.d32.0.Isomer.B
2024-10-18 12:31:16.904016 INFO::Fitting model to feature number 385, SM.d32.1
2024-10-18 12:31:16.966796 INFO::Fitting model to feature number 386, SM.d33.1
2024-10-18 12:31:17.01011 INFO::Fitting model to feature number 387, SM.d34.0
2024-10-18 12:31:17.057234 INFO::Fitting model to feature number 388, SM.d34.1
2024-10-18 12:31:17.104561 INFO::Fitting model to feature number 389, SM.d36.0.Isomer.B
2024-10-18 12:31:17.152048 INFO::Fitting model to feature number 390, SM.d36.4
2024-10-18 12:31:17.213522 INFO::Fitting model to feature number 391, SM.d38.0
2024-10-18 12:31:17.28553 INFO::Fitting model to feature number 392, SM.d40.0.Isomer.B
2024-10-18 12:31:17.334924 INFO::Fitting model to feature number 393, SM.d40.1
2024-10-18 12:31:17.379128 INFO::Fitting model to feature number 394, SM.d42.1
2024-10-18 12:31:17.426684 INFO::Fitting model to feature number 395, SM.d42.2.Isomer.B
2024-10-18 12:31:17.472165 INFO::Fitting model to feature number 396, SM.d43.2
2024-10-18 12:31:17.516558 INFO::Fitting model to feature number 397, SM.d44.3
2024-10-18 12:31:17.563852 INFO::Fitting model to feature number 398, SPB.18.1.O2
2024-10-18 12:31:17.618735 INFO::Fitting model to feature number 399, SPB.20.0.2O
2024-10-18 12:31:17.664439 INFO::Fitting model to feature number 400, TG.10.0_10.0_18.2
2024-10-18 12:31:17.707056 INFO::Fitting model to feature number 401, TG.12.0_14.0_15.0
2024-10-18 12:31:17.757164 INFO::Fitting model to feature number 402, TG.34.0
2024-10-18 12:31:17.802869 INFO::Fitting model to feature number 403, TG.39.0
2024-10-18 12:31:17.818275 WARNING::Fitting problem for feature 403 a warning was issued
2024-10-18 12:31:17.864568 INFO::Fitting model to feature number 404, TG.43.1
2024-10-18 12:31:17.908763 INFO::Fitting model to feature number 405, TG.44.0
2024-10-18 12:31:17.952023 INFO::Fitting model to feature number 406, TG.44.2
2024-10-18 12:31:18.000906 INFO::Fitting model to feature number 407, TG.45.0
2024-10-18 12:31:18.092247 INFO::Fitting model to feature number 408, TG.46.3.Isomer.A
2024-10-18 12:31:18.150075 INFO::Fitting model to feature number 409, TG.47.2
2024-10-18 12:31:18.209502 INFO::Fitting model to feature number 410, TG.49.1
2024-10-18 12:31:18.267834 INFO::Fitting model to feature number 411, TG.49.3
2024-10-18 12:31:18.320389 INFO::Fitting model to feature number 412, TG.51.2.TG.17.0_16.1_18.1
2024-10-18 12:31:18.3397 WARNING::Fitting problem for feature 412 a warning was issued
2024-10-18 12:31:18.402249 INFO::Fitting model to feature number 413, TG.52.0
2024-10-18 12:31:18.423462 WARNING::Fitting problem for feature 413 a warning was issued
2024-10-18 12:31:18.471997 INFO::Fitting model to feature number 414, TG.53.0
2024-10-18 12:31:18.521576 INFO::Fitting model to feature number 415, TG.53.1
2024-10-18 12:31:18.543279 WARNING::Fitting problem for feature 415 a warning was issued
2024-10-18 12:31:18.601837 INFO::Fitting model to feature number 416, TG.53.9.TG.17.3_18.3_18.3
2024-10-18 12:31:18.651514 INFO::Fitting model to feature number 417, TG.54.5.O2.TG.18.1_18.2_18.2.O2
2024-10-18 12:31:18.70757 INFO::Fitting model to feature number 418, TG.54.7.O2.TG.18.3_18.3_18.1.O2
2024-10-18 12:31:18.761713 INFO::Fitting model to feature number 419, TG.56.5.Isomer.A
2024-10-18 12:31:18.824546 INFO::Fitting model to feature number 420, TG.58.6
2024-10-18 12:31:18.8761 INFO::Fitting model to feature number 421, TG.58.7
2024-10-18 12:31:18.953439 INFO::Fitting model to feature number 422, TG.59.2.TG.16.0_25.0_18.2
2024-10-18 12:31:19.002576 INFO::Fitting model to feature number 423, TG.60.0.TG.18.0_20.0_22.0
2024-10-18 12:31:19.058904 INFO::Fitting model to feature number 424, TG.61.3.TG.18.0_25.0_18.3
2024-10-18 12:31:19.101413 INFO::Fitting model to feature number 425, TG.67.6.TG.31.0_18.3_18.3
2024-10-18 12:31:19.146156 INFO::Fitting model to feature number 426, TG.69.6.TG.33.0_18.3_18.3
2024-10-18 12:31:19.191871 INFO::Fitting model to feature number 427, TG.8.0_10.0_18.2
2024-10-18 12:31:19.235424 INFO::Fitting model to feature number 428, TG.8.0_15.0_18.1
2024-10-18 12:31:19.29217 INFO::Fitting model to feature number 429, TG.8.0_18.2_18.2
2024-10-18 12:31:19.336849 INFO::Fitting model to feature number 430, zymostenol
2024-10-18 12:31:19.383256 INFO::Fitting model to feature number 431, xylulose
2024-10-18 12:31:19.427838 INFO::Fitting model to feature number 432, xylose
2024-10-18 12:31:19.480926 INFO::Fitting model to feature number 433, xanthosine
2024-10-18 12:31:19.53834 INFO::Fitting model to feature number 434, vanillic.acid
2024-10-18 12:31:19.595094 INFO::Fitting model to feature number 435, uridine
2024-10-18 12:31:19.637015 INFO::Fitting model to feature number 436, uric.acid
2024-10-18 12:31:19.720214 INFO::Fitting model to feature number 437, urea
2024-10-18 12:31:19.777936 INFO::Fitting model to feature number 438, tyrosol
2024-10-18 12:31:19.822478 INFO::Fitting model to feature number 439, tyrosine
2024-10-18 12:31:19.880064 INFO::Fitting model to feature number 440, tyramine
2024-10-18 12:31:19.925438 INFO::Fitting model to feature number 441, tryptophan
2024-10-18 12:31:19.970588 INFO::Fitting model to feature number 442, tocopherol.gamma.
2024-10-18 12:31:20.027861 INFO::Fitting model to feature number 443, tocopherol.alpha.
2024-10-18 12:31:20.071543 INFO::Fitting model to feature number 444, thymidine.5.phosphate
2024-10-18 12:31:20.119902 INFO::Fitting model to feature number 445, thymidine
2024-10-18 12:31:20.166722 INFO::Fitting model to feature number 446, taurine
2024-10-18 12:31:20.220449 INFO::Fitting model to feature number 447, succinic.acid
2024-10-18 12:31:20.278574 INFO::Fitting model to feature number 448, suberic.acid
2024-10-18 12:31:20.336751 INFO::Fitting model to feature number 449, sinapinic.acid
2024-10-18 12:31:20.381545 INFO::Fitting model to feature number 450, shikimic.acid
2024-10-18 12:31:20.426761 INFO::Fitting model to feature number 451, serotonin
2024-10-18 12:31:20.468381 INFO::Fitting model to feature number 452, ribose
2024-10-18 12:31:20.543996 INFO::Fitting model to feature number 453, ribonic.acid
2024-10-18 12:31:20.594302 INFO::Fitting model to feature number 454, ribitol
2024-10-18 12:31:20.65435 INFO::Fitting model to feature number 455, quinolinic.acid
2024-10-18 12:31:20.696339 INFO::Fitting model to feature number 456, quinic.acid
2024-10-18 12:31:20.749951 INFO::Fitting model to feature number 457, putrescine
2024-10-18 12:31:20.811151 INFO::Fitting model to feature number 458, pseudo.uridine
2024-10-18 12:31:20.864659 INFO::Fitting model to feature number 459, piperidone
2024-10-18 12:31:20.92364 INFO::Fitting model to feature number 460, pimelic.acid
2024-10-18 12:31:20.979473 INFO::Fitting model to feature number 461, phosphoinositol
2024-10-18 12:31:21.0225 INFO::Fitting model to feature number 462, phosphate
2024-10-18 12:31:21.071184 INFO::Fitting model to feature number 463, phenylalanine
2024-10-18 12:31:21.115854 INFO::Fitting model to feature number 464, phenylacetic.acid
2024-10-18 12:31:21.161044 INFO::Fitting model to feature number 465, pelargonic.acid
2024-10-18 12:31:21.20991 INFO::Fitting model to feature number 466, parabanic.acid
2024-10-18 12:31:21.25733 INFO::Fitting model to feature number 467, panose
2024-10-18 12:31:21.340786 INFO::Fitting model to feature number 468, palmitoleic.acid
2024-10-18 12:31:21.384283 INFO::Fitting model to feature number 469, nonadecanoic.acid
2024-10-18 12:31:21.428302 INFO::Fitting model to feature number 470, N.carbamylglutamate
2024-10-18 12:31:21.468491 INFO::Fitting model to feature number 471, N.alpha.acetyllysine
2024-10-18 12:31:21.525316 INFO::Fitting model to feature number 472, N.acetylputrescine
2024-10-18 12:31:21.574297 INFO::Fitting model to feature number 473, N.acetylneuraminic.acid
2024-10-18 12:31:21.618438 INFO::Fitting model to feature number 474, N.acetylglutamate
2024-10-18 12:31:21.676063 INFO::Fitting model to feature number 475, N.acetyl.D.mannosamine
2024-10-18 12:31:21.692346 WARNING::Fitting problem for feature 475 a warning was issued
2024-10-18 12:31:21.741461 INFO::Fitting model to feature number 476, N.acetylaspartic.acid
2024-10-18 12:31:21.791582 INFO::Fitting model to feature number 477, myristic.acid
2024-10-18 12:31:21.836033 INFO::Fitting model to feature number 478, montanic.acid
2024-10-18 12:31:21.881256 INFO::Fitting model to feature number 479, methyl.O.D.galactopyranoside
2024-10-18 12:31:21.923383 INFO::Fitting model to feature number 480, methoxytryptamine
2024-10-18 12:31:21.971468 INFO::Fitting model to feature number 481, methionine
2024-10-18 12:31:22.027132 INFO::Fitting model to feature number 482, methanolphosphate
2024-10-18 12:31:22.100352 INFO::Fitting model to feature number 483, maltotriose
2024-10-18 12:31:22.143178 INFO::Fitting model to feature number 484, maltose
2024-10-18 12:31:22.160594 WARNING::Fitting problem for feature 484 a warning was issued
2024-10-18 12:31:22.209042 INFO::Fitting model to feature number 485, malonamide
2024-10-18 12:31:22.265335 INFO::Fitting model to feature number 486, malic.acid
2024-10-18 12:31:22.310319 INFO::Fitting model to feature number 487, maleimide
2024-10-18 12:31:22.360395 INFO::Fitting model to feature number 488, maleic.acid
2024-10-18 12:31:22.427093 INFO::Fitting model to feature number 489, lyxitol
2024-10-18 12:31:22.50381 INFO::Fitting model to feature number 490, lithocholic.acid
2024-10-18 12:31:22.58182 INFO::Fitting model to feature number 491, linolenic.acid
2024-10-18 12:31:22.663168 INFO::Fitting model to feature number 492, lignoceric.acid
2024-10-18 12:31:22.736742 INFO::Fitting model to feature number 493, leucrose
2024-10-18 12:31:22.798105 INFO::Fitting model to feature number 494, lauric.acid
2024-10-18 12:31:22.860861 INFO::Fitting model to feature number 495, lactulose
2024-10-18 12:31:22.921411 INFO::Fitting model to feature number 496, lactose
2024-10-18 12:31:22.980385 INFO::Fitting model to feature number 497, lactic.acid
2024-10-18 12:31:23.070092 INFO::Fitting model to feature number 498, isothreonic.acid
2024-10-18 12:31:23.13026 INFO::Fitting model to feature number 499, isomyristic.acid
2024-10-18 12:31:23.192547 INFO::Fitting model to feature number 500, isoferulic.acid
2024-10-18 12:31:23.248335 INFO::Fitting model to feature number 501, isocholic.acid
2024-10-18 12:31:23.302493 INFO::Fitting model to feature number 502, inositol.4.monophosphate
2024-10-18 12:31:23.372478 INFO::Fitting model to feature number 503, inosine
2024-10-18 12:31:23.426688 INFO::Fitting model to feature number 504, indole.3.lactate
2024-10-18 12:31:23.494888 INFO::Fitting model to feature number 505, hypotaurine
2024-10-18 12:31:23.559129 INFO::Fitting model to feature number 506, homoserine
2024-10-18 12:31:23.628832 INFO::Fitting model to feature number 507, heptanoic.acid
2024-10-18 12:31:23.689333 INFO::Fitting model to feature number 508, guanosine
2024-10-18 12:31:23.744414 INFO::Fitting model to feature number 509, guanidinosuccinate
2024-10-18 12:31:23.798472 INFO::Fitting model to feature number 510, glycyl.tyrosine
2024-10-18 12:31:23.847306 INFO::Fitting model to feature number 511, glycine
2024-10-18 12:31:23.867583 WARNING::Fitting problem for feature 511 a warning was issued
2024-10-18 12:31:23.920915 INFO::Fitting model to feature number 512, glycerol.alpha.phosphate
2024-10-18 12:31:24.006466 INFO::Fitting model to feature number 513, glycerol.3.galactoside
2024-10-18 12:31:24.080049 INFO::Fitting model to feature number 514, glycerol
2024-10-18 12:31:24.141111 INFO::Fitting model to feature number 515, glyceric.acid
2024-10-18 12:31:24.196844 INFO::Fitting model to feature number 516, glutaric.acid
2024-10-18 12:31:24.257379 INFO::Fitting model to feature number 517, glucose.6.phosphate
2024-10-18 12:31:24.329033 INFO::Fitting model to feature number 518, glucose.1.phosphate
2024-10-18 12:31:24.395225 INFO::Fitting model to feature number 519, glucose
2024-10-18 12:31:24.452799 INFO::Fitting model to feature number 520, glucoheptulose
2024-10-18 12:31:24.513232 INFO::Fitting model to feature number 521, galacturonic.acid
2024-10-18 12:31:24.587387 INFO::Fitting model to feature number 522, galactose
2024-10-18 12:31:24.659942 INFO::Fitting model to feature number 523, galactinol
2024-10-18 12:31:24.724775 INFO::Fitting model to feature number 524, fumaric.acid
2024-10-18 12:31:24.794086 INFO::Fitting model to feature number 525, fructose.6.phosphate
2024-10-18 12:31:24.865236 INFO::Fitting model to feature number 526, fructose
2024-10-18 12:31:24.925311 INFO::Fitting model to feature number 527, ferulic.acid
2024-10-18 12:31:24.983065 INFO::Fitting model to feature number 528, ethanolamine
2024-10-18 12:31:25.07154 INFO::Fitting model to feature number 529, enolpyruvate
2024-10-18 12:31:25.121532 INFO::Fitting model to feature number 530, dihydrocholesterol
2024-10-18 12:31:25.17278 INFO::Fitting model to feature number 531, dihydro.3.coumaric.acid
2024-10-18 12:31:25.22728 INFO::Fitting model to feature number 532, digalacturonic.acid
2024-10-18 12:31:25.280621 INFO::Fitting model to feature number 533, cysteine
2024-10-18 12:31:25.330654 INFO::Fitting model to feature number 534, coprostan.3.one
2024-10-18 12:31:25.401127 INFO::Fitting model to feature number 535, citric.acid
2024-10-18 12:31:25.455774 INFO::Fitting model to feature number 536, cholic.acid
2024-10-18 12:31:25.52831 INFO::Fitting model to feature number 537, cholesterol
2024-10-18 12:31:25.600276 INFO::Fitting model to feature number 538, chenodeoxycholic.acid
2024-10-18 12:31:25.67257 INFO::Fitting model to feature number 539, cerotinic.acid
2024-10-18 12:31:25.742922 INFO::Fitting model to feature number 540, cellobiose
2024-10-18 12:31:25.812367 INFO::Fitting model to feature number 541, capric.acid
2024-10-18 12:31:25.872677 INFO::Fitting model to feature number 542, campesterol
2024-10-18 12:31:25.92811 INFO::Fitting model to feature number 543, cadaverine
2024-10-18 12:31:26.013314 INFO::Fitting model to feature number 544, butyrolactam
2024-10-18 12:31:26.063767 INFO::Fitting model to feature number 545, butylamine
2024-10-18 12:31:26.131674 INFO::Fitting model to feature number 546, biphenyl
2024-10-18 12:31:26.179798 INFO::Fitting model to feature number 547, beta.glutamic.acid
2024-10-18 12:31:26.261169 INFO::Fitting model to feature number 548, beta.alanyl.lysine
2024-10-18 12:31:26.314451 INFO::Fitting model to feature number 549, beta.alanine
2024-10-18 12:31:26.366651 INFO::Fitting model to feature number 550, behenic.acid
2024-10-18 12:31:26.426698 INFO::Fitting model to feature number 551, azelaic.acid
2024-10-18 12:31:26.481423 INFO::Fitting model to feature number 552, asparagine
2024-10-18 12:31:26.542949 INFO::Fitting model to feature number 553, arachidic.acid
2024-10-18 12:31:26.616683 INFO::Fitting model to feature number 554, arabitol
2024-10-18 12:31:26.690345 INFO::Fitting model to feature number 555, anthranilic.acid
2024-10-18 12:31:26.746249 INFO::Fitting model to feature number 556, adipic.acid
2024-10-18 12:31:26.816278 INFO::Fitting model to feature number 557, adenosine
2024-10-18 12:31:26.87239 INFO::Fitting model to feature number 558, X6.deoxyglucose
2024-10-18 12:31:26.926762 INFO::Fitting model to feature number 559, X5.methoxytryptamine
2024-10-18 12:31:27.019698 INFO::Fitting model to feature number 560, X5.hydroxymethyl.2.furoic.acid
2024-10-18 12:31:27.069528 INFO::Fitting model to feature number 561, X5.aminovaleric.acid
2024-10-18 12:31:27.124736 INFO::Fitting model to feature number 562, X4.pyridoxic.acid
2024-10-18 12:31:27.174938 INFO::Fitting model to feature number 563, X4.hydroxyphenylacetic.acid
2024-10-18 12:31:27.227238 INFO::Fitting model to feature number 564, X4.hydroxybutyric.acid
2024-10-18 12:31:27.281561 INFO::Fitting model to feature number 565, X4..5.dihydroxy.7.glucosyloxyflavanone
2024-10-18 12:31:27.334813 INFO::Fitting model to feature number 566, X3.phenyllactic.acid
2024-10-18 12:31:27.39676 INFO::Fitting model to feature number 567, X3.hydroxyphenylacetic.acid
2024-10-18 12:31:27.458029 INFO::Fitting model to feature number 568, X3.hydroxypalmitic.acid
2024-10-18 12:31:27.477904 WARNING::Fitting problem for feature 568 a warning was issued
2024-10-18 12:31:27.534303 INFO::Fitting model to feature number 569, X3.hydroxy.3.methylglutaric.acid
2024-10-18 12:31:27.558956 WARNING::Fitting problem for feature 569 a warning was issued
2024-10-18 12:31:27.61463 INFO::Fitting model to feature number 570, X3.aminoisobutyric.acid
2024-10-18 12:31:27.68041 INFO::Fitting model to feature number 571, X3.6.anhydro.D.galactose
2024-10-18 12:31:27.734047 INFO::Fitting model to feature number 572, X3.4.dihydroxycinnamic.acid
2024-10-18 12:31:27.794152 INFO::Fitting model to feature number 573, X3..4.hydroxyphenyl.propionic.acid
2024-10-18 12:31:27.880907 INFO::Fitting model to feature number 574, X3..3.hydroxyphenyl.propionic.acid
2024-10-18 12:31:27.934143 INFO::Fitting model to feature number 575, X3..3.hydroxyphenyl..3.hydroxypropionic.acid
2024-10-18 12:31:28.007358 INFO::Fitting model to feature number 576, X2.ketoisocaproic.acid
2024-10-18 12:31:28.079988 INFO::Fitting model to feature number 577, X2.hydroxyisocaproic.acid
2024-10-18 12:31:28.133288 INFO::Fitting model to feature number 578, X2.hydroxyglutaric.acid
2024-10-18 12:31:28.20187 INFO::Fitting model to feature number 579, X2.deoxyuridine
2024-10-18 12:31:28.262014 INFO::Fitting model to feature number 580, X2.deoxytetronic.acid
2024-10-18 12:31:28.323055 INFO::Fitting model to feature number 581, X2..deoxyguanosine
2024-10-18 12:31:28.379222 INFO::Fitting model to feature number 582, X2.6.diaminopimelic.acid
2024-10-18 12:31:28.432965 INFO::Fitting model to feature number 583, X2.5.dihydroxypyrazine
2024-10-18 12:31:28.497551 INFO::Fitting model to feature number 584, X2.3.diaminopropionic.acid
2024-10-18 12:31:28.566452 INFO::Fitting model to feature number 585, X1.monopalmitin
2024-10-18 12:31:28.64437 INFO::Fitting model to feature number 586, X1.kestose
2024-10-18 12:31:28.700111 INFO::Fitting model to feature number 587, X1.3.diaminopropane
2024-10-18 12:31:28.747937 INFO::Fitting model to feature number 588, X1.2.4.benzenetriol
2024-10-18 12:31:28.803652 INFO::Fitting model to feature number 589, X.15.3..Anacardic.acid
2024-10-18 12:31:28.885961 INFO::Fitting model to feature number 590, X.9Z.12R..12.Hydroxyoctadec.9.enoic.acid
2024-10-18 12:31:28.93531 INFO::Fitting model to feature number 591, X.dehydro.ornithine
2024-10-18 12:31:28.987695 INFO::Fitting model to feature number 592, X.R..Butyrylcarnitine
2024-10-18 12:31:29.04262 INFO::Fitting model to feature number 593, X.S..1.Methylnicotinium
2024-10-18 12:31:29.094409 INFO::Fitting model to feature number 594, X.sulfanylsulfonyl.methane
2024-10-18 12:31:29.174849 INFO::Fitting model to feature number 595, X.Z..5.8.11.trihydroxyoctadec.9.enoic.acid
2024-10-18 12:31:29.258948 INFO::Fitting model to feature number 596, X1..1Z.Hexadecenyl..sn.glycero.3.phosphocholine
2024-10-18 12:31:29.3374 INFO::Fitting model to feature number 597, X1..1Z.Octadecenyl..sn.glycero.3.phosphocholine
2024-10-18 12:31:29.40504 INFO::Fitting model to feature number 598, X1..9Z.12Z.Octadecadienoyl.2.hydroxy.sn.glycero.3.phosphocholine
2024-10-18 12:31:29.465121 INFO::Fitting model to feature number 599, X1.2.Cyclohexanedione
2024-10-18 12:31:29.52298 INFO::Fitting model to feature number 600, X1.7.Dimethyluric.acid
2024-10-18 12:31:29.583626 INFO::Fitting model to feature number 601, X1.Hexadecyl.sn.glycero.3.phosphocholine
2024-10-18 12:31:29.645702 INFO::Fitting model to feature number 602, X1.Methylnicotinamide
2024-10-18 12:31:29.704269 INFO::Fitting model to feature number 603, X1.Methylpseudouridine
2024-10-18 12:31:29.767299 INFO::Fitting model to feature number 604, X1.Palmitoyl.2.hydroxy.sn.glycero.3.phospho..1..rac.glycerol.
2024-10-18 12:31:29.862113 INFO::Fitting model to feature number 605, X1.Palmitoyl.sn.glycero.3.phosphocholine
2024-10-18 12:31:29.923432 INFO::Fitting model to feature number 606, X1.Stearoyl.2.hydroxy.sn.glycero.3.phosphocholine
2024-10-18 12:31:29.97828 INFO::Fitting model to feature number 607, X1.Stearoyl.2.hydroxy.sn.glycero.3.phosphoethanolamine
2024-10-18 12:31:30.036764 INFO::Fitting model to feature number 608, X2..1.Methyl.1H.imidazol.5.yl.acetic.acid
2024-10-18 12:31:30.109372 INFO::Fitting model to feature number 609, X2..2.6.dimethylmorpholin.4.yl.ethanol
2024-10-18 12:31:30.182612 INFO::Fitting model to feature number 610, X2..n.ethyl.n.m.toluidino.ethanol
2024-10-18 12:31:30.252151 INFO::Fitting model to feature number 611, X2.6.dihydroxybenzoic.acid
2024-10-18 12:31:30.302281 INFO::Fitting model to feature number 612, X2.acetylpyrazine
2024-10-18 12:31:30.355239 INFO::Fitting model to feature number 613, X2.Amino.1.phenylethanol
2024-10-18 12:31:30.408542 INFO::Fitting model to feature number 614, X2.Amino.3.methoxybenzoic.acid
2024-10-18 12:31:30.471142 INFO::Fitting model to feature number 615, X2..Deoxycytidine
2024-10-18 12:31:30.521916 INFO::Fitting model to feature number 616, X2..Deoxycytidine.1
2024-10-18 12:31:30.572933 INFO::Fitting model to feature number 617, X2..Deoxyguanosine.5..monophosphate
2024-10-18 12:31:30.624449 INFO::Fitting model to feature number 618, X2..Deoxyinosine
2024-10-18 12:31:30.679587 INFO::Fitting model to feature number 619, X2.Hydroxy.4.methylpentanoic.acid
2024-10-18 12:31:30.734165 INFO::Fitting model to feature number 620, X2.Hydroxybenzaldehyde
2024-10-18 12:31:30.824325 INFO::Fitting model to feature number 621, X2.hydroxybutyric.acid
2024-10-18 12:31:30.880848 INFO::Fitting model to feature number 622, X2.hydroxypalmitic.acid
2024-10-18 12:31:30.935576 INFO::Fitting model to feature number 623, X2.Hydroxyphenethyl.alcohol
2024-10-18 12:31:30.985524 INFO::Fitting model to feature number 624, X2.Isopropylmalic.acid
2024-10-18 12:31:31.039345 INFO::Fitting model to feature number 625, X2.Methyl.N..4.Methylphenyl.alanine
2024-10-18 12:31:31.109101 INFO::Fitting model to feature number 626, X2.phenylmalonaldehyde
2024-10-18 12:31:31.164882 INFO::Fitting model to feature number 627, X2.Pyridone
2024-10-18 12:31:31.220881 INFO::Fitting model to feature number 628, X3..1.Methyl.1H.pyrazol.5.yl.propanoic.acid
2024-10-18 12:31:31.299697 INFO::Fitting model to feature number 629, X3..1.Pyrazolyl..alanine
2024-10-18 12:31:31.369916 INFO::Fitting model to feature number 630, X3..3.Hydroxyphenyl.propionic.acid
2024-10-18 12:31:31.437075 INFO::Fitting model to feature number 631, X3..5..2.Methylpropyl..3.6.dioxopiperazin.2.yl.propanoic.acid
2024-10-18 12:31:31.490631 INFO::Fitting model to feature number 632, X3.beta.allopregnanolone.sulfate
2024-10-18 12:31:31.544052 INFO::Fitting model to feature number 633, X3.cyanocoumarin
2024-10-18 12:31:31.614821 INFO::Fitting model to feature number 634, X3.Deoxyuridine
2024-10-18 12:31:31.671348 INFO::Fitting model to feature number 635, X3.hydroxybutyrylcarnitine
2024-10-18 12:31:31.775218 INFO::Fitting model to feature number 636, X3.Hydroxymorphinan
2024-10-18 12:31:31.833398 INFO::Fitting model to feature number 637, X3.Hydroxyproline
2024-10-18 12:31:31.886065 INFO::Fitting model to feature number 638, X3.Hydroxyvaleric.acid
2024-10-18 12:31:31.948383 INFO::Fitting model to feature number 639, X3.Methyl.gamma.butyrolactone
2024-10-18 12:31:32.013055 INFO::Fitting model to feature number 640, X3.Methylhistidine
2024-10-18 12:31:32.038291 WARNING::Fitting problem for feature 640 a warning was issued
2024-10-18 12:31:32.105947 INFO::Fitting model to feature number 641, X3.Methylxanthine
2024-10-18 12:31:32.168399 INFO::Fitting model to feature number 642, X3.oxocholic.acid
2024-10-18 12:31:32.239848 INFO::Fitting model to feature number 643, X4.Acetamidobutyric.acid
2024-10-18 12:31:32.308648 INFO::Fitting model to feature number 644, X4.Amino.2.methyl.5.pyrimidinemethanol
2024-10-18 12:31:32.375586 INFO::Fitting model to feature number 645, X4.Aminomethylcyclohexanecarboxylic.acid
2024-10-18 12:31:32.429335 INFO::Fitting model to feature number 646, X4.aminosalicylic.acid
2024-10-18 12:31:32.479295 INFO::Fitting model to feature number 647, X4.Hydroxymandelonitrile
2024-10-18 12:31:32.540696 INFO::Fitting model to feature number 648, X4.Methyl.5.thiazoleethanol
2024-10-18 12:31:32.594694 INFO::Fitting model to feature number 649, X4.Pentylaniline
2024-10-18 12:31:32.649471 INFO::Fitting model to feature number 650, X4.Trimethylammoniobutanoic.acid
2024-10-18 12:31:32.76836 INFO::Fitting model to feature number 651, X5.Acetylamino.6.amino.3.methyluracil
2024-10-18 12:31:32.819684 INFO::Fitting model to feature number 652, X5.Aminosalicylic.acid
2024-10-18 12:31:32.866862 INFO::Fitting model to feature number 653, X5.beta.androstan.3.alpha.ol.17.one.sulfate
2024-10-18 12:31:32.922785 INFO::Fitting model to feature number 654, X5.hydroxyindoleacetate
2024-10-18 12:31:32.98515 INFO::Fitting model to feature number 655, X5.Hydroxymethylcytidine
2024-10-18 12:31:33.052051 INFO::Fitting model to feature number 656, X5.Methylcytidine
2024-10-18 12:31:33.103974 INFO::Fitting model to feature number 657, X5..Methylthioadenosine
2024-10-18 12:31:33.154291 INFO::Fitting model to feature number 658, X6.7.Dihydroxycoumarin
2024-10-18 12:31:33.207683 INFO::Fitting model to feature number 659, X6.Aminoindazole
2024-10-18 12:31:33.264322 INFO::Fitting model to feature number 660, X7.Keto.3alpha.12.alpha.dihydroxycholanic.acid
2024-10-18 12:31:33.316275 INFO::Fitting model to feature number 661, X7.Methylguanine
2024-10-18 12:31:33.38044 INFO::Fitting model to feature number 662, X8.Oxo.2.deoxyadenosine
2024-10-18 12:31:33.435096 INFO::Fitting model to feature number 663, X9.10.dihydroxystearic.acid
2024-10-18 12:31:33.487626 INFO::Fitting model to feature number 664, Acetaminophen.sulfate
2024-10-18 12:31:33.537499 INFO::Fitting model to feature number 665, Acetylcarnitine
2024-10-18 12:31:33.643945 INFO::Fitting model to feature number 666, Adenine
2024-10-18 12:31:33.698963 INFO::Fitting model to feature number 667, adenosine.1
2024-10-18 12:31:33.756076 INFO::Fitting model to feature number 668, Agmatine
2024-10-18 12:31:33.807871 INFO::Fitting model to feature number 669, Ala.Ala
2024-10-18 12:31:33.857741 INFO::Fitting model to feature number 670, Ala.Ala.Lys
2024-10-18 12:31:33.910327 INFO::Fitting model to feature number 671, Ala.Arg
2024-10-18 12:31:33.974442 INFO::Fitting model to feature number 672, Ala.Gln
2024-10-18 12:31:34.037714 INFO::Fitting model to feature number 673, Ala.His
2024-10-18 12:31:34.095238 INFO::Fitting model to feature number 674, Ala.Ile.Arg
2024-10-18 12:31:34.154211 INFO::Fitting model to feature number 675, Ala.Lys
2024-10-18 12:31:34.215154 INFO::Fitting model to feature number 676, Ala.Phe
2024-10-18 12:31:34.289456 INFO::Fitting model to feature number 677, ala.pro
2024-10-18 12:31:34.346542 INFO::Fitting model to feature number 678, Ala.Thr
2024-10-18 12:31:34.409143 INFO::Fitting model to feature number 679, Ala.Trp
2024-10-18 12:31:34.461947 INFO::Fitting model to feature number 680, Ala.Val.Lys
2024-10-18 12:31:34.513417 INFO::Fitting model to feature number 681, alpha.Galactosamine.1.phosphate
2024-10-18 12:31:34.610783 INFO::Fitting model to feature number 682, aminocarnitine
2024-10-18 12:31:34.666921 INFO::Fitting model to feature number 683, Arabitol
2024-10-18 12:31:34.732659 INFO::Fitting model to feature number 684, Arg.Gly
2024-10-18 12:31:34.78956 INFO::Fitting model to feature number 685, Arginine
2024-10-18 12:31:34.838475 INFO::Fitting model to feature number 686, arg.pro
2024-10-18 12:31:34.89244 INFO::Fitting model to feature number 687, Arg.Thr
2024-10-18 12:31:34.943986 INFO::Fitting model to feature number 688, Arg.Trp
2024-10-18 12:31:34.998265 INFO::Fitting model to feature number 689, Asn.Arg
2024-10-18 12:31:35.057147 INFO::Fitting model to feature number 690, Asn.Asn
2024-10-18 12:31:35.127314 INFO::Fitting model to feature number 691, Asn.Glu
2024-10-18 12:31:35.195459 INFO::Fitting model to feature number 692, Asn.Tyr
2024-10-18 12:31:35.26 INFO::Fitting model to feature number 693, Asp.Arg
2024-10-18 12:31:35.328149 INFO::Fitting model to feature number 694, Aspartic.acid
2024-10-18 12:31:35.408049 INFO::Fitting model to feature number 695, Asp.Leu.Lys
2024-10-18 12:31:35.510011 INFO::Fitting model to feature number 696, Asp.Lys
2024-10-18 12:31:35.637277 INFO::Fitting model to feature number 697, Asp.Phe
2024-10-18 12:31:35.689888 INFO::Fitting model to feature number 698, Asp.Tyr
2024-10-18 12:31:35.754415 INFO::Fitting model to feature number 699, Azithromycin
2024-10-18 12:31:35.812208 INFO::Fitting model to feature number 700, beta.homoleucine
2024-10-18 12:31:35.87443 INFO::Fitting model to feature number 701, Betaine
2024-10-18 12:31:35.933309 INFO::Fitting model to feature number 702, Betaine.aldehyde
2024-10-18 12:31:35.957015 WARNING::Fitting problem for feature 702 a warning was issued
2024-10-18 12:31:36.032898 INFO::Fitting model to feature number 703, Biliverdin
2024-10-18 12:31:36.105422 INFO::Fitting model to feature number 704, Blood.Group.A.Tetrasaccharide
2024-10-18 12:31:36.172633 INFO::Fitting model to feature number 705, cadaverine.1
2024-10-18 12:31:36.237279 INFO::Fitting model to feature number 706, Caffeic.acid
2024-10-18 12:31:36.291727 INFO::Fitting model to feature number 707, cAMP
2024-10-18 12:31:36.342811 INFO::Fitting model to feature number 708, carnitine
2024-10-18 12:31:36.400497 INFO::Fitting model to feature number 709, carnosine
2024-10-18 12:31:36.471756 INFO::Fitting model to feature number 710, Catechol
2024-10-18 12:31:36.537866 INFO::Fitting model to feature number 711, chenodeoxycholic.acid.1
2024-10-18 12:31:36.623357 INFO::Fitting model to feature number 712, cholesterol.3.sulfate....1046
2024-10-18 12:31:36.686038 INFO::Fitting model to feature number 713, Cholic.acid
2024-10-18 12:31:36.73921 INFO::Fitting model to feature number 714, Choline
2024-10-18 12:31:36.80021 INFO::Fitting model to feature number 715, citrulline
2024-10-18 12:31:36.854235 INFO::Fitting model to feature number 716, Cortisone
2024-10-18 12:31:36.908125 INFO::Fitting model to feature number 717, Cortodoxone
2024-10-18 12:31:36.958465 INFO::Fitting model to feature number 718, Creatine
2024-10-18 12:31:37.012266 INFO::Fitting model to feature number 719, Cysteic.Acid
2024-10-18 12:31:37.069694 INFO::Fitting model to feature number 720, cysteine.S.sulfate
2024-10-18 12:31:37.131047 INFO::Fitting model to feature number 721, Cytidine
2024-10-18 12:31:37.193471 INFO::Fitting model to feature number 722, D.....Trehalose
2024-10-18 12:31:37.213007 WARNING::Fitting problem for feature 722 a warning was issued
2024-10-18 12:31:37.271656 INFO::Fitting model to feature number 723, Daidzein
2024-10-18 12:31:37.338983 INFO::Fitting model to feature number 724, decanedioic.acid
2024-10-18 12:31:37.392407 INFO::Fitting model to feature number 725, dehydroepiandrosterone.sulfate
2024-10-18 12:31:37.452623 INFO::Fitting model to feature number 726, delta.Hydroxylysine
2024-10-18 12:31:37.53347 INFO::Fitting model to feature number 727, deoxycarnitine
2024-10-18 12:31:37.584765 INFO::Fitting model to feature number 728, Deoxycholate
2024-10-18 12:31:37.638154 INFO::Fitting model to feature number 729, deprenyl
2024-10-18 12:31:37.706561 INFO::Fitting model to feature number 730, D.erythro.N.stearoylsphingosine
2024-10-18 12:31:37.763723 INFO::Fitting model to feature number 731, Desloratadine
2024-10-18 12:31:37.823887 INFO::Fitting model to feature number 732, dibenzylamine
2024-10-18 12:31:37.889879 INFO::Fitting model to feature number 733, Dihydrosphingosine
2024-10-18 12:31:37.946318 INFO::Fitting model to feature number 734, DL.Octopamine
2024-10-18 12:31:38.000879 INFO::Fitting model to feature number 735, docosahexaenoic.acid
2024-10-18 12:31:38.07182 INFO::Fitting model to feature number 736, Docosatetraenoic.acid
2024-10-18 12:31:38.138011 INFO::Fitting model to feature number 737, D.Pyroglutamic.acid
2024-10-18 12:31:38.193027 INFO::Fitting model to feature number 738, Eicosenoic.acid
2024-10-18 12:31:38.243825 INFO::Fitting model to feature number 739, E.N.Deoxyfructosyllysine
2024-10-18 12:31:38.294444 INFO::Fitting model to feature number 740, ethanolamine.1
2024-10-18 12:31:38.346366 INFO::Fitting model to feature number 741, Ethyl..4.amino.1.piperidinyl.acetate
2024-10-18 12:31:38.399439 INFO::Fitting model to feature number 742, Ferulic.acid
2024-10-18 12:31:38.477477 INFO::Fitting model to feature number 743, Galacto.N.biose
2024-10-18 12:31:38.542005 INFO::Fitting model to feature number 744, gamma.aminobutyric.acid
2024-10-18 12:31:38.603542 INFO::Fitting model to feature number 745, gamma.Glutamylmethionine
2024-10-18 12:31:38.655439 INFO::Fitting model to feature number 746, gamma.linolenic.acid
2024-10-18 12:31:38.708761 INFO::Fitting model to feature number 747, Gln.Ala
2024-10-18 12:31:38.770208 INFO::Fitting model to feature number 748, Gln.Arg
2024-10-18 12:31:38.834896 INFO::Fitting model to feature number 749, Gln.Glu
2024-10-18 12:31:38.888699 INFO::Fitting model to feature number 750, Gln.Leu.Lys
2024-10-18 12:31:38.945486 INFO::Fitting model to feature number 751, Gln.Met
2024-10-18 12:31:39.010074 INFO::Fitting model to feature number 752, Gln.Phe
2024-10-18 12:31:39.077264 INFO::Fitting model to feature number 753, Gln.Pro
2024-10-18 12:31:39.131769 INFO::Fitting model to feature number 754, Gln.Tyr
2024-10-18 12:31:39.186685 INFO::Fitting model to feature number 755, Glu.Ala.Lys
2024-10-18 12:31:39.244876 INFO::Fitting model to feature number 756, Glucosamine.6.phosphate
2024-10-18 12:31:39.308648 INFO::Fitting model to feature number 757, Glu.Glu
2024-10-18 12:31:39.392587 INFO::Fitting model to feature number 758, Glu.Gly
2024-10-18 12:31:39.445899 INFO::Fitting model to feature number 759, Glu.His
2024-10-18 12:31:39.510446 INFO::Fitting model to feature number 760, Glu.Ile.Lys
2024-10-18 12:31:39.561106 INFO::Fitting model to feature number 761, glutamic.acid
2024-10-18 12:31:39.624124 INFO::Fitting model to feature number 762, Glutamine
2024-10-18 12:31:39.675611 INFO::Fitting model to feature number 763, Glu.Val.Phe
2024-10-18 12:31:39.726751 INFO::Fitting model to feature number 764, Gly.Asn
2024-10-18 12:31:39.778221 INFO::Fitting model to feature number 765, Gly.Asp
2024-10-18 12:31:39.829726 INFO::Fitting model to feature number 766, glycerophosphocholine
2024-10-18 12:31:39.893501 INFO::Fitting model to feature number 767, glycine.1
2024-10-18 12:31:39.942263 INFO::Fitting model to feature number 768, Glycitein
2024-10-18 12:31:39.993525 INFO::Fitting model to feature number 769, glycocholic.acid
2024-10-18 12:31:40.044856 INFO::Fitting model to feature number 770, Gly.Glu
2024-10-18 12:31:40.096171 INFO::Fitting model to feature number 771, Gly.His
2024-10-18 12:31:40.147102 INFO::Fitting model to feature number 772, Gly.Ile
2024-10-18 12:31:40.206018 INFO::Fitting model to feature number 773, Gly.Ile.Lys
2024-10-18 12:31:40.292158 INFO::Fitting model to feature number 774, Gly.Met
2024-10-18 12:31:40.343124 INFO::Fitting model to feature number 775, Gly.Phe
2024-10-18 12:31:40.398382 INFO::Fitting model to feature number 776, Gly.Pro
2024-10-18 12:31:40.455381 INFO::Fitting model to feature number 777, Gly.Val.Lys
2024-10-18 12:31:40.521403 INFO::Fitting model to feature number 778, guanidinosuccinate.1
2024-10-18 12:31:40.591427 INFO::Fitting model to feature number 779, Guanine
2024-10-18 12:31:40.657821 INFO::Fitting model to feature number 780, Guanosine
2024-10-18 12:31:40.721134 INFO::Fitting model to feature number 781, His.Ala
2024-10-18 12:31:40.773676 INFO::Fitting model to feature number 782, His.Gln
2024-10-18 12:31:40.826626 INFO::Fitting model to feature number 783, his.ile
2024-10-18 12:31:40.87605 INFO::Fitting model to feature number 784, His.Leu
2024-10-18 12:31:40.926749 INFO::Fitting model to feature number 785, His.Ser
2024-10-18 12:31:40.987015 INFO::Fitting model to feature number 786, Histamine
2024-10-18 12:31:41.041178 INFO::Fitting model to feature number 787, His.Thr
2024-10-18 12:31:41.093449 INFO::Fitting model to feature number 788, histidine
2024-10-18 12:31:41.172824 INFO::Fitting model to feature number 789, His.Tyr
2024-10-18 12:31:41.224969 INFO::Fitting model to feature number 790, His.Val
2024-10-18 12:31:41.278201 INFO::Fitting model to feature number 791, Homarine
2024-10-18 12:31:41.326448 INFO::Fitting model to feature number 792, Hypoxanthine
2024-10-18 12:31:41.388986 INFO::Fitting model to feature number 793, Ile.Ala
2024-10-18 12:31:41.444713 INFO::Fitting model to feature number 794, Ile.Arg
2024-10-18 12:31:41.495378 INFO::Fitting model to feature number 795, Ile.Gln
2024-10-18 12:31:41.546002 INFO::Fitting model to feature number 796, Ile.Glu
2024-10-18 12:31:41.596039 INFO::Fitting model to feature number 797, Ile.Phe
2024-10-18 12:31:41.648664 INFO::Fitting model to feature number 798, Ile.Pro
2024-10-18 12:31:41.700748 INFO::Fitting model to feature number 799, Ile.Ser
2024-10-18 12:31:41.768614 INFO::Fitting model to feature number 800, Ile.Thr
2024-10-18 12:31:41.819673 INFO::Fitting model to feature number 801, Ile.Trp
2024-10-18 12:31:41.880613 INFO::Fitting model to feature number 802, Ile.Val
2024-10-18 12:31:41.932125 INFO::Fitting model to feature number 803, Ile.Val.Arg
2024-10-18 12:31:41.994246 INFO::Fitting model to feature number 804, Indole.3.carboxaldehyde
2024-10-18 12:31:42.071559 INFO::Fitting model to feature number 805, Inosine
2024-10-18 12:31:42.132443 INFO::Fitting model to feature number 806, isethionate
2024-10-18 12:31:42.18481 INFO::Fitting model to feature number 807, Isoleucine
2024-10-18 12:31:42.245241 INFO::Fitting model to feature number 808, Isorhamnetin.3.O.rutinoside
2024-10-18 12:31:42.296879 INFO::Fitting model to feature number 809, Ketoisovaleric.acid
2024-10-18 12:31:42.349417 INFO::Fitting model to feature number 810, Kynurenic.acid
2024-10-18 12:31:42.402189 INFO::Fitting model to feature number 811, L.Arginine..methyl.ester
2024-10-18 12:31:42.481023 INFO::Fitting model to feature number 812, Lauroyl.L.carnitine
2024-10-18 12:31:42.561609 INFO::Fitting model to feature number 813, Leu.Asn
2024-10-18 12:31:42.663609 INFO::Fitting model to feature number 814, Leucine
2024-10-18 12:31:42.742847 INFO::Fitting model to feature number 815, leucyl.leucine
2024-10-18 12:31:42.817557 INFO::Fitting model to feature number 816, Leu.Gly.Leu
2024-10-18 12:31:42.889613 INFO::Fitting model to feature number 817, Leu.His
2024-10-18 12:31:42.961358 INFO::Fitting model to feature number 818, Leu.Leu
2024-10-18 12:31:43.025863 INFO::Fitting model to feature number 819, Leu.Met
2024-10-18 12:31:43.115556 INFO::Fitting model to feature number 820, Leu.Phe
2024-10-18 12:31:43.164435 INFO::Fitting model to feature number 821, Leu.Thr
2024-10-18 12:31:43.213649 INFO::Fitting model to feature number 822, Leu.Trp
2024-10-18 12:31:43.263617 INFO::Fitting model to feature number 823, Leu.Val.Lys
2024-10-18 12:31:43.31361 INFO::Fitting model to feature number 824, Linoleoyl.ethanolamide
2024-10-18 12:31:43.364905 INFO::Fitting model to feature number 825, LPA.16.0
2024-10-18 12:31:43.426834 INFO::Fitting model to feature number 826, LPC.12.0
2024-10-18 12:31:43.480585 INFO::Fitting model to feature number 827, LPC.15.0
2024-10-18 12:31:43.53528 INFO::Fitting model to feature number 828, LPC.16.0
2024-10-18 12:31:43.586332 INFO::Fitting model to feature number 829, LPC.18.0....1185
2024-10-18 12:31:43.648619 INFO::Fitting model to feature number 830, LPC.18.1.Isomer.B
2024-10-18 12:31:43.711896 INFO::Fitting model to feature number 831, LPC.O.16.1....1188
2024-10-18 12:31:43.770564 INFO::Fitting model to feature number 832, LPE.16.0....1189
2024-10-18 12:31:43.832619 INFO::Fitting model to feature number 833, LPE.O.16.1
2024-10-18 12:31:43.886074 INFO::Fitting model to feature number 834, LPI.18.0
2024-10-18 12:31:43.966038 INFO::Fitting model to feature number 835, L.Saccharopine
2024-10-18 12:31:44.017429 INFO::Fitting model to feature number 836, Lys.Asp
2024-10-18 12:31:44.073422 INFO::Fitting model to feature number 837, Lys.Gly
2024-10-18 12:31:44.126956 INFO::Fitting model to feature number 838, lysine
2024-10-18 12:31:44.19237 INFO::Fitting model to feature number 839, Lys.Phe
2024-10-18 12:31:44.256499 INFO::Fitting model to feature number 840, Lys.Pro
2024-10-18 12:31:44.310526 INFO::Fitting model to feature number 841, Lys.Ser
2024-10-18 12:31:44.362229 INFO::Fitting model to feature number 842, Lys.Val
2024-10-18 12:31:44.412138 INFO::Fitting model to feature number 843, Malonic.acid
2024-10-18 12:31:44.464718 INFO::Fitting model to feature number 844, Mandelic.acid
2024-10-18 12:31:44.515257 INFO::Fitting model to feature number 845, Mannitol
2024-10-18 12:31:44.58087 INFO::Fitting model to feature number 846, Melatonin
2024-10-18 12:31:44.630922 INFO::Fitting model to feature number 847, Met.Ala
2024-10-18 12:31:44.682231 INFO::Fitting model to feature number 848, Met.Arg
2024-10-18 12:31:44.734582 INFO::Fitting model to feature number 849, Met.Asp
2024-10-18 12:31:44.78633 INFO::Fitting model to feature number 850, Met.Glu
2024-10-18 12:31:44.876173 INFO::Fitting model to feature number 851, Methacholine
2024-10-18 12:31:44.929875 INFO::Fitting model to feature number 852, Methionine
2024-10-18 12:31:44.978632 INFO::Fitting model to feature number 853, methionine.sulfone
2024-10-18 12:31:45.030261 INFO::Fitting model to feature number 854, methionine.sulfoxide
2024-10-18 12:31:45.083245 INFO::Fitting model to feature number 855, Met.His
2024-10-18 12:31:45.137047 INFO::Fitting model to feature number 856, Methohexital
2024-10-18 12:31:45.1864 INFO::Fitting model to feature number 857, Methyl.beta.galactopyranoside
2024-10-18 12:31:45.237067 INFO::Fitting model to feature number 858, methylglyoxal.derived.hydroimidazolone
2024-10-18 12:31:45.288596 INFO::Fitting model to feature number 859, Met.Lys
2024-10-18 12:31:45.351952 INFO::Fitting model to feature number 860, Met.Met
2024-10-18 12:31:45.423389 INFO::Fitting model to feature number 861, Met.Thr
2024-10-18 12:31:45.487817 INFO::Fitting model to feature number 862, Met.Val
2024-10-18 12:31:45.548641 INFO::Fitting model to feature number 863, myo.inositol
2024-10-18 12:31:45.599389 INFO::Fitting model to feature number 864, Myristoyl.L.carnitine
2024-10-18 12:31:45.664901 INFO::Fitting model to feature number 865, N..2.6.dimethylphenyl..2.hydroxyacetamide
2024-10-18 12:31:45.76135 INFO::Fitting model to feature number 866, N..5.acetamidopentyl.acetamide
2024-10-18 12:31:45.812004 INFO::Fitting model to feature number 867, N.N..Diacetylcystine
2024-10-18 12:31:45.863185 INFO::Fitting model to feature number 868, N.N.epsiloN.dimethyl.lysine
2024-10-18 12:31:45.910759 INFO::Fitting model to feature number 869, N2.acetyl.histidine
2024-10-18 12:31:45.963439 INFO::Fitting model to feature number 870, N8.acetylspermidine
2024-10-18 12:31:46.01824 INFO::Fitting model to feature number 871, N.acetylarginine
2024-10-18 12:31:46.073799 INFO::Fitting model to feature number 872, N.Acetyl.D.proline
2024-10-18 12:31:46.123482 INFO::Fitting model to feature number 873, N.Acetylglucosamine
2024-10-18 12:31:46.187702 INFO::Fitting model to feature number 874, N..Acetylisonicotinohydrazide
2024-10-18 12:31:46.256487 INFO::Fitting model to feature number 875, N.Acetylputrescine
2024-10-18 12:31:46.310667 INFO::Fitting model to feature number 876, N.Acetylserine
2024-10-18 12:31:46.36603 INFO::Fitting model to feature number 877, N.alpha.methylhistamine
2024-10-18 12:31:46.417027 INFO::Fitting model to feature number 878, Neohesperidin
2024-10-18 12:31:46.483491 INFO::Fitting model to feature number 879, Nervonic.acid
2024-10-18 12:31:46.540544 INFO::Fitting model to feature number 880, N.Formylmethionine
2024-10-18 12:31:46.622868 INFO::Fitting model to feature number 881, N.fructosyl.isoleucine
2024-10-18 12:31:46.673739 INFO::Fitting model to feature number 882, Nicotinamide.riboside
2024-10-18 12:31:46.733052 INFO::Fitting model to feature number 883, Nicotinic.acid
2024-10-18 12:31:46.79415 INFO::Fitting model to feature number 884, N.Isobutyrylglycine
2024-10-18 12:31:46.849854 INFO::Fitting model to feature number 885, N.Methylanthranilic.acid
2024-10-18 12:31:46.900172 INFO::Fitting model to feature number 886, N.Methylglutamic.acid
2024-10-18 12:31:46.952029 INFO::Fitting model to feature number 887, N.Methylproline
2024-10-18 12:31:47.010464 INFO::Fitting model to feature number 888, N.Methylthreonine
2024-10-18 12:31:47.063697 INFO::Fitting model to feature number 889, N.Methyltyrosine
2024-10-18 12:31:47.112698 INFO::Fitting model to feature number 890, N.nitroimidazolidi.N.2.imine
2024-10-18 12:31:47.166176 INFO::Fitting model to feature number 891, N.nitrosopyrrolidine
2024-10-18 12:31:47.218834 INFO::Fitting model to feature number 892, N.omega.Acetylhistamine
2024-10-18 12:31:47.270932 INFO::Fitting model to feature number 893, Octadecanedioic.acid
2024-10-18 12:31:47.334035 INFO::Fitting model to feature number 894, Octopine
2024-10-18 12:31:47.400149 INFO::Fitting model to feature number 895, Oleoyl.L.carnitine
2024-10-18 12:31:47.470905 INFO::Fitting model to feature number 896, O.Phosphocholine
2024-10-18 12:31:47.562297 INFO::Fitting model to feature number 897, ornithine....1268
2024-10-18 12:31:47.621683 INFO::Fitting model to feature number 898, Palmitoylcarnitine
2024-10-18 12:31:47.680468 INFO::Fitting model to feature number 899, Pantothenic.acid
2024-10-18 12:31:47.729018 INFO::Fitting model to feature number 900, Pantothenic.acid.1
2024-10-18 12:31:47.788334 INFO::Fitting model to feature number 901, p.coumaric.acid
2024-10-18 12:31:47.839848 INFO::Fitting model to feature number 902, Phe.Ala
2024-10-18 12:31:47.9063 INFO::Fitting model to feature number 903, phe.arg
2024-10-18 12:31:47.971896 INFO::Fitting model to feature number 904, Phe.Asn
2024-10-18 12:31:48.039549 INFO::Fitting model to feature number 905, Phe.Glu
2024-10-18 12:31:48.110628 INFO::Fitting model to feature number 906, Phe.His
2024-10-18 12:31:48.166124 INFO::Fitting model to feature number 907, Phe.Lys
2024-10-18 12:31:48.227907 INFO::Fitting model to feature number 908, phenylacetylglycine
2024-10-18 12:31:48.281925 INFO::Fitting model to feature number 909, Phenylalanine
2024-10-18 12:31:48.331963 INFO::Fitting model to feature number 910, Phe.Thr
2024-10-18 12:31:48.382559 INFO::Fitting model to feature number 911, Phe.Tyr
2024-10-18 12:31:48.464328 INFO::Fitting model to feature number 912, Phe.Val
2024-10-18 12:31:48.514251 INFO::Fitting model to feature number 913, Pipecolic.acid
2024-10-18 12:31:48.565963 INFO::Fitting model to feature number 914, piperine
2024-10-18 12:31:48.615039 INFO::Fitting model to feature number 915, Pro.Asp
2024-10-18 12:31:48.671251 INFO::Fitting model to feature number 916, pro.gly
2024-10-18 12:31:48.734224 INFO::Fitting model to feature number 917, Pro.Ile
2024-10-18 12:31:48.786366 INFO::Fitting model to feature number 918, Proline
2024-10-18 12:31:48.83841 INFO::Fitting model to feature number 919, Pro.Phe
2024-10-18 12:31:48.889014 INFO::Fitting model to feature number 920, Pro.Pro
2024-10-18 12:31:48.942547 INFO::Fitting model to feature number 921, Pro.Ser
2024-10-18 12:31:48.997672 INFO::Fitting model to feature number 922, Pro.Thr
2024-10-18 12:31:49.060399 INFO::Fitting model to feature number 923, Pseudouridine
2024-10-18 12:31:49.119058 INFO::Fitting model to feature number 924, putrescine.1
2024-10-18 12:31:49.17151 INFO::Fitting model to feature number 925, Pyridoxamine
2024-10-18 12:31:49.235432 INFO::Fitting model to feature number 926, pyrrolidine
2024-10-18 12:31:49.315373 INFO::Fitting model to feature number 927, pyruvic.acid...1307
2024-10-18 12:31:49.369534 INFO::Fitting model to feature number 928, quinaldic.acid
2024-10-18 12:31:49.438206 INFO::Fitting model to feature number 929, riboflavin
2024-10-18 12:31:49.517078 INFO::Fitting model to feature number 930, Rosmarinic.acid
2024-10-18 12:31:49.5952 INFO::Fitting model to feature number 931, S.Adenosyl.L.methionine
2024-10-18 12:31:49.663435 INFO::Fitting model to feature number 932, salicylamide
2024-10-18 12:31:49.733118 INFO::Fitting model to feature number 933, SDMA
2024-10-18 12:31:49.811965 INFO::Fitting model to feature number 934, sedoheptulose
2024-10-18 12:31:49.879452 INFO::Fitting model to feature number 935, Ser.Asp
2024-10-18 12:31:49.93921 INFO::Fitting model to feature number 936, serine....1320
2024-10-18 12:31:50.000069 INFO::Fitting model to feature number 937, Ser.Lys
2024-10-18 12:31:50.054679 INFO::Fitting model to feature number 938, ser.pro
2024-10-18 12:31:50.119568 INFO::Fitting model to feature number 939, Ser.Thr
2024-10-18 12:31:50.173205 INFO::Fitting model to feature number 940, Ser.Val
2024-10-18 12:31:50.228697 INFO::Fitting model to feature number 941, SM.22.1.2O.12.0
2024-10-18 12:31:50.281084 INFO::Fitting model to feature number 942, SPERMIDINE
2024-10-18 12:31:50.387542 INFO::Fitting model to feature number 943, Stercobilin
2024-10-18 12:31:50.451741 INFO::Fitting model to feature number 944, sulfochenodeoxycholic.acid
2024-10-18 12:31:50.503753 INFO::Fitting model to feature number 945, sulfolithocholic.acid
2024-10-18 12:31:50.556414 INFO::Fitting model to feature number 946, Tagatose
2024-10-18 12:31:50.615856 INFO::Fitting model to feature number 947, Taurine
2024-10-18 12:31:50.670748 INFO::Fitting model to feature number 948, Taurocholic.acid
2024-10-18 12:31:50.73203 INFO::Fitting model to feature number 949, Tauromuricholic.acid
2024-10-18 12:31:50.790035 INFO::Fitting model to feature number 950, Thiamine
2024-10-18 12:31:50.844797 INFO::Fitting model to feature number 951, Thr.Ala
2024-10-18 12:31:50.900788 INFO::Fitting model to feature number 952, Thr.Asp
2024-10-18 12:31:50.967611 INFO::Fitting model to feature number 953, threonine
2024-10-18 12:31:51.022464 INFO::Fitting model to feature number 954, Thr.His
2024-10-18 12:31:51.076523 INFO::Fitting model to feature number 955, Thr.Ile.Lys
2024-10-18 12:31:51.130736 INFO::Fitting model to feature number 956, Thr.Lys
2024-10-18 12:31:51.188913 INFO::Fitting model to feature number 957, Thr.Ser
2024-10-18 12:31:51.273883 INFO::Fitting model to feature number 958, Thr.Thr
2024-10-18 12:31:51.325484 INFO::Fitting model to feature number 959, Thr.Val
2024-10-18 12:31:51.378003 INFO::Fitting model to feature number 960, Thymidine
2024-10-18 12:31:51.438654 INFO::Fitting model to feature number 961, Thymine
2024-10-18 12:31:51.490956 INFO::Fitting model to feature number 962, TMAO
2024-10-18 12:31:51.54324 INFO::Fitting model to feature number 963, Tomatidine
2024-10-18 12:31:51.603544 INFO::Fitting model to feature number 964, trans.Zeatin
2024-10-18 12:31:51.653697 INFO::Fitting model to feature number 965, Trihydroxycholestanoic.acid
2024-10-18 12:31:51.703451 INFO::Fitting model to feature number 966, TRIMETHYLAMINE
2024-10-18 12:31:51.762583 INFO::Fitting model to feature number 967, Trp.Ser
2024-10-18 12:31:51.817742 INFO::Fitting model to feature number 968, Trp.Val
2024-10-18 12:31:51.869786 INFO::Fitting model to feature number 969, Tryptamine
2024-10-18 12:31:51.919348 INFO::Fitting model to feature number 970, Tryptoline
2024-10-18 12:31:51.970941 INFO::Fitting model to feature number 971, Tryptophan
2024-10-18 12:31:52.021287 INFO::Fitting model to feature number 972, Tyr.Ala
2024-10-18 12:31:52.072711 INFO::Fitting model to feature number 973, tyr.arg
2024-10-18 12:31:52.16487 INFO::Fitting model to feature number 974, Tyr.Asn
2024-10-18 12:31:52.22552 INFO::Fitting model to feature number 975, Tyr.Lys
2024-10-18 12:31:52.286183 INFO::Fitting model to feature number 976, tyrosine.1
2024-10-18 12:31:52.355181 INFO::Fitting model to feature number 977, Tyr.Thr
2024-10-18 12:31:52.40961 INFO::Fitting model to feature number 978, Tyr.Tyr.Tyr
2024-10-18 12:31:52.459582 INFO::Fitting model to feature number 979, Tyr.Val
2024-10-18 12:31:52.510659 INFO::Fitting model to feature number 980, Uracil
2024-10-18 12:31:52.56151 INFO::Fitting model to feature number 981, urea.1
2024-10-18 12:31:52.61276 INFO::Fitting model to feature number 982, uric.acid.1
2024-10-18 12:31:52.672236 INFO::Fitting model to feature number 983, Uridine
2024-10-18 12:31:52.732988 INFO::Fitting model to feature number 984, uridine.5.monophosphate
2024-10-18 12:31:52.785807 INFO::Fitting model to feature number 985, urobilin
2024-10-18 12:31:52.83401 INFO::Fitting model to feature number 986, Urocanic.acid
2024-10-18 12:31:52.895925 INFO::Fitting model to feature number 987, Ursocholic.acid
2024-10-18 12:31:52.948714 INFO::Fitting model to feature number 988, Val.Arg
2024-10-18 12:31:53.034693 INFO::Fitting model to feature number 989, Val.Asp
2024-10-18 12:31:53.093727 INFO::Fitting model to feature number 990, valeryl.carnitine
2024-10-18 12:31:53.157415 INFO::Fitting model to feature number 991, Val.Gly
2024-10-18 12:31:53.209836 INFO::Fitting model to feature number 992, Val.His
2024-10-18 12:31:53.272927 INFO::Fitting model to feature number 993, Valine
2024-10-18 12:31:53.32276 INFO::Fitting model to feature number 994, Val.Met
2024-10-18 12:31:53.384602 INFO::Fitting model to feature number 995, Val.Phe.Lys
2024-10-18 12:31:53.451481 INFO::Fitting model to feature number 996, Val.Pro
2024-10-18 12:31:53.505005 INFO::Fitting model to feature number 997, Val.Ser
2024-10-18 12:31:53.554945 INFO::Fitting model to feature number 998, Val.Thr
2024-10-18 12:31:53.61935 INFO::Fitting model to feature number 999, Val.Tyr
2024-10-18 12:31:53.68085 INFO::Fitting model to feature number 1000, Val.Val
2024-10-18 12:31:53.735115 INFO::Fitting model to feature number 1001, Val.Val.Lys
2024-10-18 12:31:53.800805 INFO::Fitting model to feature number 1002, xanthine
2024-10-18 12:31:53.869745 INFO::Fitting model to feature number 1003, Xanthosine
2024-10-18 12:31:53.96154 INFO::Fitting model to feature number 1004, Xanthurenic.acid
2024-10-18 12:31:54.186235 INFO::Counting total values for each feature
2024-10-18 12:31:54.342887 INFO::Writing filtered data to file /home/julianne/Documents/biogeography/Shotgun/melonnpan/UCLA_O_SPF/Mets-LineSexSite_General-1-MsID//features/filtered_data.tsv
2024-10-18 12:31:54.417958 INFO::Writing filtered, normalized data to file /home/julianne/Documents/biogeography/Shotgun/melonnpan/UCLA_O_SPF/Mets-LineSexSite_General-1-MsID//features/filtered_data_norm.tsv
2024-10-18 12:31:54.48962 INFO::Writing filtered, normalized, transformed data to file /home/julianne/Documents/biogeography/Shotgun/melonnpan/UCLA_O_SPF/Mets-LineSexSite_General-1-MsID//features/filtered_data_norm_transformed.tsv
2024-10-18 12:31:54.573601 INFO::Writing residuals to file /home/julianne/Documents/biogeography/Shotgun/melonnpan/UCLA_O_SPF/Mets-LineSexSite_General-1-MsID//fits/residuals.rds
2024-10-18 12:31:54.631733 INFO::Writing fitted values to file /home/julianne/Documents/biogeography/Shotgun/melonnpan/UCLA_O_SPF/Mets-LineSexSite_General-1-MsID//fits/fitted.rds
2024-10-18 12:31:54.665397 INFO::Writing extracted random effects to file /home/julianne/Documents/biogeography/Shotgun/melonnpan/UCLA_O_SPF/Mets-LineSexSite_General-1-MsID//fits/ranef.rds
2024-10-18 12:31:54.680607 INFO::Writing all results to file (ordered by increasing q-values): /home/julianne/Documents/biogeography/Shotgun/melonnpan/UCLA_O_SPF/Mets-LineSexSite_General-1-MsID//all_results.tsv
2024-10-18 12:31:54.708333 INFO::Writing the significant results (those which are less than or equal to the threshold of 0.250000 ) to file (ordered by increasing q-values): /home/julianne/Documents/biogeography/Shotgun/melonnpan/UCLA_O_SPF/Mets-LineSexSite_General-1-MsID//significant_results.tsv
