2022-09-15 18:25:15 INFO::Writing function arguments to log file
2022-09-15 18:25:15 DEBUG::Function arguments
2022-09-15 18:25:15 DEBUG::Output folder: CS-Facility-Analysis/OMIXER-RPM Results/CS_GMM/GMM-LumRef-CLR-Colon-ComBat-SeqRunSexSiteType-1-MsID
2022-09-15 18:25:15 DEBUG::Min Abundance: 0.000000
2022-09-15 18:25:15 DEBUG::Min Prevalence: 0.100000
2022-09-15 18:25:15 DEBUG::Normalization: CLR
2022-09-15 18:25:15 DEBUG::Transform: NONE
2022-09-15 18:25:15 DEBUG::Analysis method: LM
2022-09-15 18:25:15 DEBUG::Max significance: 0.250000
2022-09-15 18:25:15 DEBUG::Random effects: MouseID
2022-09-15 18:25:15 DEBUG::Fixed effects: Sequencing_Run,Sex,Site,Type
2022-09-15 18:25:15 DEBUG::Correction method: BH
2022-09-15 18:25:15 DEBUG::Standardize: TRUE
2022-09-15 18:25:15 DEBUG::Cores: 1
2022-09-15 18:25:15 INFO::Verifying options selected are valid
2022-09-15 18:25:15 INFO::Determining format of input files
2022-09-15 18:25:15 INFO::Input format is data samples as columns and metadata samples as rows
2022-09-15 18:25:15 DEBUG::Transformed data so samples are rows
2022-09-15 18:25:15 DEBUG::The following samples were found to have features but no metadata. They will be removed. Mouse9A.FP102,Mouse6A.FP35,Mouse6A.FP36,Mouse8A.DTT88,Mouse6A.FP34,Mouse8A.DTT89,Mouse10A.DTT112,Mouse9A.FP101,Mouse9A.FP100,Mouse4A.FP23,Mouse4A.FP22,Mouse8A.DTT90,Mouse4A.FP24,Mouse1A.FP04,Mouse8A.FP88,Mouse8A.FP89,Mouse1A.FP06,Mouse1A.FP05,Mouse9A.DTT101,Mouse9A.DTT100,Mouse9A.DTT102,Mouse4A.DTT23,Mouse4A.DTT22,Mouse4A.DTT24,Mouse5A.FP30,Mouse6A.DTT35,Mouse6A.DTT36,Mouse10A.FP112,Mouse10A.FP114,Mouse10A.FP113,Mouse6A.DTT34,Mouse5A.DTT30,Mouse5A.FP28,Mouse5A.FP29,Mouse5A.DTT29,Mouse5A.DTT28,Mouse8A.FP90,Mouse1B.DTT16,Mouse1B.DTT17,Mouse1B.DTT18,Mouse2A.FP10,Mouse2A.FP12,Mouse2A.FP11,Mouse10A.DTT114,Mouse10A.DTT113,Mouse3A.FP18,Mouse3A.FP17,Mouse3A.FP16,Mouse7A.DTT40,Mouse7A.FP40,Mouse7A.DTT42,Mouse7A.FP41,Mouse7A.DTT41,Mouse7A.FP42
2022-09-15 18:25:15 DEBUG::A total of 54 samples were found in both the data and metadata
2022-09-15 18:25:15 DEBUG::Reordering data/metadata to use same sample ordering
2022-09-15 18:25:15 INFO::Formula for random effects: expr ~ (1 | MouseID)
2022-09-15 18:25:15 INFO::Formula for fixed effects: expr ~  Sequencing_Run + Sex + Site + Type
2022-09-15 18:25:15 INFO::Running selected normalization method: CLR
2022-09-15 18:25:15 INFO::Filter data based on min abundance and min prevalence
2022-09-15 18:25:15 INFO::Total samples in data: 54
2022-09-15 18:25:15 INFO::Min samples required with min abundance for a feature not to be filtered: 5.400000
2022-09-15 18:25:15 INFO::Total filtered features: 21
2022-09-15 18:25:15 INFO::Filtered feature names: MF0062, MF0027, MF0069, MF0102, MF0030, MF0039, MF0037, MF0079, MF0076, MF0085, MF0083, MF0084, MF0082, MF0080, MF0043, MF0052, MF0016, MF0058, MF0059, MF0057, MF0098
2022-09-15 18:25:15 INFO::Applying z-score to standardize continuous metadata
2022-09-15 18:25:15 INFO::Running selected transform method: NONE
2022-09-15 18:25:15 INFO::Running selected analysis method: LM
2022-09-15 18:25:15 INFO::Fitting model to feature number 1, MF0063
2022-09-15 18:25:15 INFO::Fitting model to feature number 2, MF0020
2022-09-15 18:25:15 INFO::Fitting model to feature number 3, MF0061
2022-09-15 18:25:15 INFO::Fitting model to feature number 4, MF0060
2022-09-15 18:25:15 INFO::Fitting model to feature number 5, MF0028
2022-09-15 18:25:15 INFO::Fitting model to feature number 6, MF0025
2022-09-15 18:25:15 INFO::Fitting model to feature number 7, MF0026
2022-09-15 18:25:15 INFO::Fitting model to feature number 8, MF0103
2022-09-15 18:25:15 INFO::Fitting model to feature number 9, MF0067
2022-09-15 18:25:15 INFO::Fitting model to feature number 10, MF0024
2022-09-15 18:25:15 INFO::Fitting model to feature number 11, MF0068
2022-09-15 18:25:15 INFO::Fitting model to feature number 12, MF0101
2022-09-15 18:25:15 INFO::Fitting model to feature number 13, MF0021
2022-09-15 18:25:15 INFO::Fitting model to feature number 14, MF0065
2022-09-15 18:25:15 INFO::Fitting model to feature number 15, MF0022
2022-09-15 18:25:15 INFO::Fitting model to feature number 16, MF0066
2022-09-15 18:25:15 INFO::Fitting model to feature number 17, MF0018
2022-09-15 18:25:15 INFO::Fitting model to feature number 18, MF0019
2022-09-15 18:25:15 INFO::Fitting model to feature number 19, MF0074
2022-09-15 18:25:15 INFO::Fitting model to feature number 20, MF0031
2022-09-15 18:25:16 INFO::Fitting model to feature number 21, MF0075
2022-09-15 18:25:16 INFO::Fitting model to feature number 22, MF0072
2022-09-15 18:25:16 INFO::Fitting model to feature number 23, MF0073
2022-09-15 18:25:16 INFO::Fitting model to feature number 24, MF0070
2022-09-15 18:25:16 INFO::Fitting model to feature number 25, MF0071
2022-09-15 18:25:16 INFO::Fitting model to feature number 26, MF0038
2022-09-15 18:25:16 INFO::Fitting model to feature number 27, MF0036
2022-09-15 18:25:16 INFO::Fitting model to feature number 28, MF0034
2022-09-15 18:25:16 INFO::Fitting model to feature number 29, MF0078
2022-09-15 18:25:16 INFO::Fitting model to feature number 30, MF0035
2022-09-15 18:25:16 INFO::Fitting model to feature number 31, MF0033
2022-09-15 18:25:16 INFO::Fitting model to feature number 32, MF0077
2022-09-15 18:25:16 INFO::Fitting model to feature number 33, MF0029
2022-09-15 18:25:16 INFO::Fitting model to feature number 34, MF0041
2022-09-15 18:25:16 INFO::Fitting model to feature number 35, MF0086
2022-09-15 18:25:16 INFO::Fitting model to feature number 36, MF0040
2022-09-15 18:25:16 INFO::Fitting model to feature number 37, MF0005
2022-09-15 18:25:16 INFO::Fitting model to feature number 38, MF0049
2022-09-15 18:25:16 INFO::Fitting model to feature number 39, MF0006
2022-09-15 18:25:16 INFO::Fitting model to feature number 40, MF0047
2022-09-15 18:25:16 INFO::Fitting model to feature number 41, MF0004
2022-09-15 18:25:16 INFO::Fitting model to feature number 42, MF0048
2022-09-15 18:25:16 INFO::Fitting model to feature number 43, MF0001
2022-09-15 18:25:16 INFO::Fitting model to feature number 44, MF0045
2022-09-15 18:25:17 INFO::Fitting model to feature number 45, MF0089
2022-09-15 18:25:17 INFO::Fitting model to feature number 46, MF0002
2022-09-15 18:25:17 INFO::Fitting model to feature number 47, MF0046
2022-09-15 18:25:17 INFO::Fitting model to feature number 48, MF0087
2022-09-15 18:25:17 INFO::Fitting model to feature number 49, MF0044
2022-09-15 18:25:17 INFO::Fitting model to feature number 50, MF0088
2022-09-15 18:25:17 INFO::Fitting model to feature number 51, MF0096
2022-09-15 18:25:17 INFO::Fitting model to feature number 52, MF0097
2022-09-15 18:25:17 INFO::Fitting model to feature number 53, MF0050
2022-09-15 18:25:17 INFO::Fitting model to feature number 54, MF0094
2022-09-15 18:25:17 INFO::Fitting model to feature number 55, MF0051
2022-09-15 18:25:17 INFO::Fitting model to feature number 56, MF0095
2022-09-15 18:25:17 INFO::Fitting model to feature number 57, MF0092
2022-09-15 18:25:17 INFO::Fitting model to feature number 58, MF0090
2022-09-15 18:25:17 INFO::Fitting model to feature number 59, MF0017
2022-09-15 18:25:17 INFO::Fitting model to feature number 60, MF0014
2022-09-15 18:25:17 INFO::Fitting model to feature number 61, MF0015
2022-09-15 18:25:17 INFO::Fitting model to feature number 62, MF0012
2022-09-15 18:25:17 INFO::Fitting model to feature number 63, MF0056
2022-09-15 18:25:17 INFO::Fitting model to feature number 64, MF0010
2022-09-15 18:25:17 INFO::Fitting model to feature number 65, MF0054
2022-09-15 18:25:17 INFO::Fitting model to feature number 66, MF0011
2022-09-15 18:25:17 INFO::Fitting model to feature number 67, MF0055
2022-09-15 18:25:18 INFO::Fitting model to feature number 68, MF0009
2022-09-15 18:25:18 INFO::Fitting model to feature number 69, MF0007
2022-09-15 18:25:18 INFO::Fitting model to feature number 70, MF0008
2022-09-15 18:25:18 INFO::Counting total values for each feature
2022-09-15 18:25:18 WARNING::Deleting existing residuals file: CS-Facility-Analysis/OMIXER-RPM Results/CS_GMM/GMM-LumRef-CLR-Colon-ComBat-SeqRunSexSiteType-1-MsID/residuals.rds
2022-09-15 18:25:18 INFO::Writing residuals to file CS-Facility-Analysis/OMIXER-RPM Results/CS_GMM/GMM-LumRef-CLR-Colon-ComBat-SeqRunSexSiteType-1-MsID/residuals.rds
2022-09-15 18:25:18 INFO::Writing all results to file (ordered by increasing q-values): CS-Facility-Analysis/OMIXER-RPM Results/CS_GMM/GMM-LumRef-CLR-Colon-ComBat-SeqRunSexSiteType-1-MsID/all_results.tsv
2022-09-15 18:25:18 INFO::Writing the significant results (those which are less than or equal to the threshold of 0.250000 ) to file (ordered by increasing q-values): CS-Facility-Analysis/OMIXER-RPM Results/CS_GMM/GMM-LumRef-CLR-Colon-ComBat-SeqRunSexSiteType-1-MsID/significant_results.tsv
