2024-06-09 16:35:32.629248 INFO::Writing function arguments to log file
2024-06-09 16:35:32.650117 DEBUG::Function arguments
2024-06-09 16:35:32.663644 DEBUG::Output folder: Maaslin2_L2/UCLA_O_SPF/L2-ColonRef-CLR-Lum-ComBat-SeqRunLineSexSite_General-1-MsID
2024-06-09 16:35:32.664138 DEBUG::Min Abundance: 0.000000
2024-06-09 16:35:32.664503 DEBUG::Min Prevalence: 0.150000
2024-06-09 16:35:32.664841 DEBUG::Normalization: CLR
2024-06-09 16:35:32.66514 DEBUG::Transform: NONE
2024-06-09 16:35:32.66542 DEBUG::Analysis method: LM
2024-06-09 16:35:32.665707 DEBUG::Max significance: 0.250000
2024-06-09 16:35:32.666064 DEBUG::Random effects: MouseID_Line
2024-06-09 16:35:32.666548 DEBUG::Fixed effects: Sequencing_Run,Line,Sex,Site_General
2024-06-09 16:35:32.667014 DEBUG::Correction method: BH
2024-06-09 16:35:32.667376 DEBUG::Standardize: TRUE
2024-06-09 16:35:32.66781 DEBUG::Cores: 1
2024-06-09 16:35:32.66815 INFO::Verifying options selected are valid
2024-06-09 16:35:32.711724 INFO::Determining format of input files
2024-06-09 16:35:32.713326 INFO::Input format is data samples as columns and metadata samples as rows
2024-06-09 16:35:32.717609 DEBUG::Transformed data so samples are rows
2024-06-09 16:35:32.718551 DEBUG::A total of 278 samples were found in both the data and metadata
2024-06-09 16:35:32.718961 DEBUG::Reordering data/metadata to use same sample ordering
2024-06-09 16:35:32.720247 INFO::Formula for random effects: expr ~ (1 | MouseID_Line)
2024-06-09 16:35:32.721884 INFO::Formula for fixed effects: expr ~  Sequencing_Run + Line + Sex + Site_General
2024-06-09 16:35:32.723127 INFO::Factor detected for categorial metadata 'Sequencing_Run'. Provide a reference argument or manually set factor ordering to change reference level.
2024-06-09 16:35:32.724582 INFO::Factor detected for categorial metadata 'Line'. Provide a reference argument or manually set factor ordering to change reference level.
2024-06-09 16:35:32.726573 INFO::Factor detected for categorial metadata 'Sex'. Provide a reference argument or manually set factor ordering to change reference level.
2024-06-09 16:35:32.728868 INFO::Factor detected for categorial metadata 'Site_General'. Provide a reference argument or manually set factor ordering to change reference level.
2024-06-09 16:35:32.730069 INFO::Filter data based on min abundance and min prevalence
2024-06-09 16:35:32.731204 INFO::Total samples in data: 278
2024-06-09 16:35:32.732802 INFO::Min samples required with min abundance for a feature not to be filtered: 41.700000
2024-06-09 16:35:32.736241 INFO::Total filtered features: 0
2024-06-09 16:35:32.738301 INFO::Filtered feature names from abundance and prevalence filtering:
2024-06-09 16:35:32.740144 INFO::Total filtered features with variance filtering: 0
2024-06-09 16:35:32.741832 INFO::Filtered feature names from variance filtering:
2024-06-09 16:35:32.74372 INFO::Running selected normalization method: CLR
2024-06-09 16:35:32.83549 INFO::Applying z-score to standardize continuous metadata
2024-06-09 16:35:32.85709 INFO::Running selected transform method: NONE
2024-06-09 16:35:32.859704 INFO::Running selected analysis method: LM
2024-06-09 16:35:33.345867 INFO::Fitting model to feature number 1, k__Bacteria.p__Firmicutes
2024-06-09 16:35:33.630759 INFO::Fitting model to feature number 2, k__Bacteria.p__Bacteroidota
2024-06-09 16:35:33.743983 INFO::Fitting model to feature number 3, k__Bacteria.p__Desulfobacterota
2024-06-09 16:35:33.861436 INFO::Fitting model to feature number 4, k__Bacteria.p__Proteobacteria
2024-06-09 16:35:33.969371 INFO::Fitting model to feature number 5, k__Bacteria.p__Actinobacteriota
2024-06-09 16:35:34.092559 INFO::Fitting model to feature number 6, k__Bacteria.p__Cyanobacteria
2024-06-09 16:35:34.244676 INFO::Fitting model to feature number 7, k__Bacteria.p__Deferribacterota
2024-06-09 16:35:34.480157 INFO::Fitting model to feature number 8, k__Bacteria.p__Verrucomicrobiota
2024-06-09 16:35:34.680125 INFO::Counting total values for each feature
2024-06-09 16:35:34.690148 INFO::Writing filtered data to file Maaslin2_L2/UCLA_O_SPF/L2-ColonRef-CLR-Lum-ComBat-SeqRunLineSexSite_General-1-MsID/features/filtered_data.tsv
2024-06-09 16:35:34.698233 INFO::Writing filtered, normalized data to file Maaslin2_L2/UCLA_O_SPF/L2-ColonRef-CLR-Lum-ComBat-SeqRunLineSexSite_General-1-MsID/features/filtered_data_norm.tsv
2024-06-09 16:35:34.707983 INFO::Writing filtered, normalized, transformed data to file Maaslin2_L2/UCLA_O_SPF/L2-ColonRef-CLR-Lum-ComBat-SeqRunLineSexSite_General-1-MsID/features/filtered_data_norm_transformed.tsv
2024-06-09 16:35:34.718175 WARNING::Deleting existing residuals file: Maaslin2_L2/UCLA_O_SPF/L2-ColonRef-CLR-Lum-ComBat-SeqRunLineSexSite_General-1-MsID/fits/residuals.rds
2024-06-09 16:35:34.732859 INFO::Writing residuals to file Maaslin2_L2/UCLA_O_SPF/L2-ColonRef-CLR-Lum-ComBat-SeqRunLineSexSite_General-1-MsID/fits/residuals.rds
2024-06-09 16:35:34.739671 WARNING::Deleting existing fitted file: Maaslin2_L2/UCLA_O_SPF/L2-ColonRef-CLR-Lum-ComBat-SeqRunLineSexSite_General-1-MsID/fits/fitted.rds
2024-06-09 16:35:34.745584 INFO::Writing fitted values to file Maaslin2_L2/UCLA_O_SPF/L2-ColonRef-CLR-Lum-ComBat-SeqRunLineSexSite_General-1-MsID/fits/fitted.rds
2024-06-09 16:35:34.782505 WARNING::Deleting existing ranef file: Maaslin2_L2/UCLA_O_SPF/L2-ColonRef-CLR-Lum-ComBat-SeqRunLineSexSite_General-1-MsID/fits/ranef.rds
2024-06-09 16:35:34.785888 INFO::Writing extracted random effects to file Maaslin2_L2/UCLA_O_SPF/L2-ColonRef-CLR-Lum-ComBat-SeqRunLineSexSite_General-1-MsID/fits/ranef.rds
2024-06-09 16:35:34.788846 INFO::Writing all results to file (ordered by increasing q-values): Maaslin2_L2/UCLA_O_SPF/L2-ColonRef-CLR-Lum-ComBat-SeqRunLineSexSite_General-1-MsID/all_results.tsv
2024-06-09 16:35:34.793033 INFO::Writing the significant results (those which are less than or equal to the threshold of 0.250000 ) to file (ordered by increasing q-values): Maaslin2_L2/UCLA_O_SPF/L2-ColonRef-CLR-Lum-ComBat-SeqRunLineSexSite_General-1-MsID/significant_results.tsv
