2024-06-09 16:29:58.307415 INFO::Writing function arguments to log file
2024-06-09 16:29:58.309372 DEBUG::Function arguments
2024-06-09 16:29:58.310032 DEBUG::Output folder: Maaslin2_L2/SPF_Gavage/L2-DCvsAll-CLR-Lum-ComBat-SeqRunSexSite_General-1-MsID
2024-06-09 16:29:58.310487 DEBUG::Min Abundance: 0.000000
2024-06-09 16:29:58.310886 DEBUG::Min Prevalence: 0.150000
2024-06-09 16:29:58.311434 DEBUG::Normalization: CLR
2024-06-09 16:29:58.312001 DEBUG::Transform: NONE
2024-06-09 16:29:58.312485 DEBUG::Analysis method: LM
2024-06-09 16:29:58.312907 DEBUG::Max significance: 0.250000
2024-06-09 16:29:58.313942 DEBUG::Random effects: MouseID
2024-06-09 16:29:58.314482 DEBUG::Fixed effects: Sequencing_Run,Sex,Site_General
2024-06-09 16:29:58.315367 DEBUG::Correction method: BH
2024-06-09 16:29:58.316363 DEBUG::Standardize: TRUE
2024-06-09 16:29:58.316725 DEBUG::Cores: 1
2024-06-09 16:29:58.316964 INFO::Verifying options selected are valid
2024-06-09 16:29:58.317909 INFO::Determining format of input files
2024-06-09 16:29:58.318919 INFO::Input format is data samples as columns and metadata samples as rows
2024-06-09 16:29:58.320521 DEBUG::Transformed data so samples are rows
2024-06-09 16:29:58.3214 DEBUG::A total of 51 samples were found in both the data and metadata
2024-06-09 16:29:58.322299 DEBUG::Reordering data/metadata to use same sample ordering
2024-06-09 16:29:58.324412 INFO::Formula for random effects: expr ~ (1 | MouseID)
2024-06-09 16:29:58.327062 INFO::Formula for fixed effects: expr ~  Sequencing_Run + Sex + Site_General
2024-06-09 16:29:58.328824 INFO::Factor detected for categorial metadata 'Sequencing_Run'. Provide a reference argument or manually set factor ordering to change reference level.
2024-06-09 16:29:58.331869 INFO::Factor detected for categorial metadata 'Sex'. Provide a reference argument or manually set factor ordering to change reference level.
2024-06-09 16:29:58.333043 INFO::Factor detected for categorial metadata 'Site_General'. Provide a reference argument or manually set factor ordering to change reference level.
2024-06-09 16:29:58.334 INFO::Filter data based on min abundance and min prevalence
2024-06-09 16:29:58.335067 INFO::Total samples in data: 51
2024-06-09 16:29:58.336436 INFO::Min samples required with min abundance for a feature not to be filtered: 7.650000
2024-06-09 16:29:58.337934 INFO::Total filtered features: 0
2024-06-09 16:29:58.339454 INFO::Filtered feature names from abundance and prevalence filtering:
2024-06-09 16:29:58.340691 INFO::Total filtered features with variance filtering: 0
2024-06-09 16:29:58.341672 INFO::Filtered feature names from variance filtering:
2024-06-09 16:29:58.342603 INFO::Running selected normalization method: CLR
2024-06-09 16:29:58.34401 INFO::Applying z-score to standardize continuous metadata
2024-06-09 16:29:58.349553 INFO::Running selected transform method: NONE
2024-06-09 16:29:58.351506 INFO::Running selected analysis method: LM
2024-06-09 16:29:58.353229 INFO::Fitting model to feature number 1, k__Bacteria.p__Bacteroidota
2024-06-09 16:29:58.428755 INFO::Fitting model to feature number 2, k__Bacteria.p__Firmicutes
2024-06-09 16:29:58.499352 INFO::Fitting model to feature number 3, k__Bacteria.p__Proteobacteria
2024-06-09 16:29:58.551681 INFO::Fitting model to feature number 4, k__Bacteria.p__Verrucomicrobiota
2024-06-09 16:29:58.612986 INFO::Fitting model to feature number 5, k__Bacteria.p__Actinobacteriota
2024-06-09 16:29:58.659629 INFO::Fitting model to feature number 6, k__Bacteria.p__Desulfobacterota
2024-06-09 16:29:58.711159 INFO::Counting total values for each feature
2024-06-09 16:29:58.714058 INFO::Writing filtered data to file Maaslin2_L2/SPF_Gavage/L2-DCvsAll-CLR-Lum-ComBat-SeqRunSexSite_General-1-MsID/features/filtered_data.tsv
2024-06-09 16:29:58.716977 INFO::Writing filtered, normalized data to file Maaslin2_L2/SPF_Gavage/L2-DCvsAll-CLR-Lum-ComBat-SeqRunSexSite_General-1-MsID/features/filtered_data_norm.tsv
2024-06-09 16:29:58.718753 INFO::Writing filtered, normalized, transformed data to file Maaslin2_L2/SPF_Gavage/L2-DCvsAll-CLR-Lum-ComBat-SeqRunSexSite_General-1-MsID/features/filtered_data_norm_transformed.tsv
2024-06-09 16:29:58.72021 INFO::Writing residuals to file Maaslin2_L2/SPF_Gavage/L2-DCvsAll-CLR-Lum-ComBat-SeqRunSexSite_General-1-MsID/fits/residuals.rds
2024-06-09 16:29:58.721773 INFO::Writing fitted values to file Maaslin2_L2/SPF_Gavage/L2-DCvsAll-CLR-Lum-ComBat-SeqRunSexSite_General-1-MsID/fits/fitted.rds
2024-06-09 16:29:58.723876 INFO::Writing extracted random effects to file Maaslin2_L2/SPF_Gavage/L2-DCvsAll-CLR-Lum-ComBat-SeqRunSexSite_General-1-MsID/fits/ranef.rds
2024-06-09 16:29:58.726677 INFO::Writing all results to file (ordered by increasing q-values): Maaslin2_L2/SPF_Gavage/L2-DCvsAll-CLR-Lum-ComBat-SeqRunSexSite_General-1-MsID/all_results.tsv
2024-06-09 16:29:58.72959 INFO::Writing the significant results (those which are less than or equal to the threshold of 0.250000 ) to file (ordered by increasing q-values): Maaslin2_L2/SPF_Gavage/L2-DCvsAll-CLR-Lum-ComBat-SeqRunSexSite_General-1-MsID/significant_results.tsv
