2021-09-02 12:45:04 INFO::Writing function arguments to log file
2021-09-02 12:45:04 DEBUG::Function arguments
2021-09-02 12:45:04 DEBUG::Output folder: LogCLR-Duodenum-ComBat-Maaslin-SeqRunSexType-1-Line-MsID
2021-09-02 12:45:04 DEBUG::Min Abundance: 0.000000
2021-09-02 12:45:04 DEBUG::Min Prevalence: 0.100000
2021-09-02 12:45:04 DEBUG::Normalization: CLR
2021-09-02 12:45:04 DEBUG::Transform: LOG
2021-09-02 12:45:04 DEBUG::Analysis method: LM
2021-09-02 12:45:04 DEBUG::Max significance: 0.250000
2021-09-02 12:45:04 DEBUG::Random effects: Line,MouseID_Line
2021-09-02 12:45:04 DEBUG::Fixed effects: Sequencing_Run,Sex,Type
2021-09-02 12:45:04 DEBUG::Correction method: BH
2021-09-02 12:45:04 DEBUG::Standardize: TRUE
2021-09-02 12:45:04 DEBUG::Cores: 1
2021-09-02 12:45:04 INFO::Verifying options selected are valid
2021-09-02 12:45:04 INFO::Determining format of input files
2021-09-02 12:45:04 INFO::Input format is data samples as columns and metadata samples as rows
2021-09-02 12:45:04 DEBUG::Transformed data so samples are rows
2021-09-02 12:45:04 DEBUG::A total of 86 samples were found in both the data and metadata
2021-09-02 12:45:04 DEBUG::Reordering data/metadata to use same sample ordering
2021-09-02 12:45:04 INFO::Formula for random effects: expr ~ (1 | Line) + (1 | MouseID_Line)
2021-09-02 12:45:04 INFO::Formula for fixed effects: expr ~  Sequencing_Run + Sex + Type
2021-09-02 12:45:04 INFO::Running selected normalization method: CLR
2021-09-02 12:45:04 INFO::Filter data based on min abundance and min prevalence
2021-09-02 12:45:04 INFO::Total samples in data: 86
2021-09-02 12:45:04 INFO::Min samples required with min abundance for a feature not to be filtered: 8.600000
2021-09-02 12:45:04 INFO::Total filtered features: 77
2021-09-02 12:45:04 INFO::Filtered feature names: ALL.CHORISMATE.PWY, ARGDEG.PWY, AST.PWY, CENTFERM.PWY, CODH.PWY, ECASYN.PWY, GALACTARDEG.PWY, GLUCARDEG.PWY, GLUCARGALACTSUPER.PWY, GLUCOSE1PMETAB.PWY, GLYCOL.GLYOXDEG.PWY, HCAMHPDEG.PWY, KDO.NAGLIPASYN.PWY, KETOGLUCONMET.PWY, LEU.DEG2.PWY, METH.ACETATE.PWY, METHGLYUT.PWY, ORNARGDEG.PWY, ORNDEG.PWY, P125.PWY, P162.PWY, P163.PWY, P562.PWY, POLYAMINSYN3.PWY, PPGPPMET.PWY, PWY.4361, PWY.5005, PWY.5088, PWY.5177, PWY.5180, PWY.5182, PWY.5415, PWY.5507, PWY.5532, PWY.5676, PWY.5677, PWY.5705, PWY.5741, PWY.5747, PWY.5837, PWY.5855, PWY.5856, PWY.5857, PWY.5860, PWY.5862, PWY.5920, PWY.6071, PWY.6165, PWY.6478, PWY.6572, PWY.6590, PWY.6690, PWY.6708, PWY.6728, PWY.6749, PWY.6891, PWY.7090, PWY.7094, PWY.7198, PWY.7210, PWY.7254, PWY.7332, PWY.7431, PWY.7446, PWY.7456, PWY.7527, PWY0.1277, PWY0.1338, PWY0.1415, PWY0.1533, PWY0.321, PWY0.41, PWY0.42, REDCITCYC, TCA.GLYOX.BYPASS, THREOCAT.PWY, UBISYN.PWY
2021-09-02 12:45:04 INFO::Applying z-score to standardize continuous metadata
2021-09-02 12:45:04 INFO::Running selected transform method: LOG
2021-09-02 12:45:04 INFO::Running selected analysis method: LM
2021-09-02 12:45:04 INFO::Fitting model to feature number 1, X1CMET2.PWY
2021-09-02 12:45:05 INFO::Fitting model to feature number 2, ANAEROFRUCAT.PWY
2021-09-02 12:45:05 INFO::Fitting model to feature number 3, ANAGLYCOLYSIS.PWY
2021-09-02 12:45:05 INFO::Fitting model to feature number 4, ARG.POLYAMINE.SYN
2021-09-02 12:45:05 INFO::Fitting model to feature number 5, ARGORNPROST.PWY
2021-09-02 12:45:05 INFO::Fitting model to feature number 6, ARGSYN.PWY
2021-09-02 12:45:05 INFO::Fitting model to feature number 7, ARGSYNBSUB.PWY
2021-09-02 12:45:05 INFO::Fitting model to feature number 8, ARO.PWY
2021-09-02 12:45:05 INFO::Fitting model to feature number 9, ASPASN.PWY
2021-09-02 12:45:05 INFO::Fitting model to feature number 10, BIOTIN.BIOSYNTHESIS.PWY
2021-09-02 12:45:05 WARNING::Fitting problem for feature 10 returning NA
2021-09-02 12:45:05 INFO::Fitting model to feature number 11, BRANCHED.CHAIN.AA.SYN.PWY
2021-09-02 12:45:05 INFO::Fitting model to feature number 12, CALVIN.PWY
2021-09-02 12:45:05 INFO::Fitting model to feature number 13, COA.PWY
2021-09-02 12:45:06 INFO::Fitting model to feature number 14, COBALSYN.PWY
2021-09-02 12:45:06 INFO::Fitting model to feature number 15, COLANSYN.PWY
2021-09-02 12:45:06 INFO::Fitting model to feature number 16, COMPLETE.ARO.PWY
2021-09-02 12:45:06 INFO::Fitting model to feature number 17, DAPLYSINESYN.PWY
2021-09-02 12:45:06 INFO::Fitting model to feature number 18, DENOVOPURINE2.PWY
2021-09-02 12:45:06 INFO::Fitting model to feature number 19, DTDPRHAMSYN.PWY
2021-09-02 12:45:06 INFO::Fitting model to feature number 20, ENTBACSYN.PWY
2021-09-02 12:45:06 WARNING::Fitting problem for feature 20 returning NA
2021-09-02 12:45:06 INFO::Fitting model to feature number 21, FAO.PWY
2021-09-02 12:45:06 WARNING::Fitting problem for feature 21 returning NA
2021-09-02 12:45:06 INFO::Fitting model to feature number 22, FASYN.ELONG.PWY
2021-09-02 12:45:06 INFO::Fitting model to feature number 23, FASYN.INITIAL.PWY
2021-09-02 12:45:06 INFO::Fitting model to feature number 24, FERMENTATION.PWY
2021-09-02 12:45:06 INFO::Fitting model to feature number 25, FOLSYN.PWY
2021-09-02 12:45:06 INFO::Fitting model to feature number 26, FUC.RHAMCAT.PWY
2021-09-02 12:45:06 INFO::Fitting model to feature number 27, FUCCAT.PWY
2021-09-02 12:45:06 INFO::Fitting model to feature number 28, GALACT.GLUCUROCAT.PWY
2021-09-02 12:45:06 INFO::Fitting model to feature number 29, GALACTUROCAT.PWY
2021-09-02 12:45:06 INFO::Fitting model to feature number 30, GLCMANNANAUT.PWY
2021-09-02 12:45:06 INFO::Fitting model to feature number 31, GLUCONEO.PWY
2021-09-02 12:45:06 INFO::Fitting model to feature number 32, GLUCUROCAT.PWY
2021-09-02 12:45:06 INFO::Fitting model to feature number 33, GLUTORN.PWY
2021-09-02 12:45:06 INFO::Fitting model to feature number 34, GLYCOCAT.PWY
2021-09-02 12:45:07 INFO::Fitting model to feature number 35, GLYCOGENSYNTH.PWY
2021-09-02 12:45:07 INFO::Fitting model to feature number 36, GLYCOLYSIS
2021-09-02 12:45:07 INFO::Fitting model to feature number 37, GLYCOLYSIS.E.D
2021-09-02 12:45:07 INFO::Fitting model to feature number 38, GLYCOLYSIS.TCA.GLYOX.BYPASS
2021-09-02 12:45:07 INFO::Fitting model to feature number 39, GLYOXYLATE.BYPASS
2021-09-02 12:45:07 INFO::Fitting model to feature number 40, GOLPDLCAT.PWY
2021-09-02 12:45:07 INFO::Fitting model to feature number 41, HEME.BIOSYNTHESIS.II
2021-09-02 12:45:07 INFO::Fitting model to feature number 42, HEMESYN2.PWY
2021-09-02 12:45:07 INFO::Fitting model to feature number 43, HEXITOLDEGSUPER.PWY
2021-09-02 12:45:07 INFO::Fitting model to feature number 44, HISDEG.PWY
2021-09-02 12:45:07 WARNING::Fitting problem for feature 44 returning NA
2021-09-02 12:45:07 INFO::Fitting model to feature number 45, HISTSYN.PWY
2021-09-02 12:45:07 INFO::Fitting model to feature number 46, HOMOSER.METSYN.PWY
2021-09-02 12:45:07 INFO::Fitting model to feature number 47, HSERMETANA.PWY
2021-09-02 12:45:07 INFO::Fitting model to feature number 48, ILEUSYN.PWY
2021-09-02 12:45:07 INFO::Fitting model to feature number 49, LACTOSECAT.PWY
2021-09-02 12:45:07 INFO::Fitting model to feature number 50, MET.SAM.PWY
2021-09-02 12:45:07 INFO::Fitting model to feature number 51, NAD.BIOSYNTHESIS.II
2021-09-02 12:45:07 INFO::Fitting model to feature number 52, NAGLIPASYN.PWY
2021-09-02 12:45:07 INFO::Fitting model to feature number 53, NONMEVIPP.PWY
2021-09-02 12:45:07 INFO::Fitting model to feature number 54, NONOXIPENT.PWY
2021-09-02 12:45:08 INFO::Fitting model to feature number 55, OANTIGEN.PWY
2021-09-02 12:45:08 INFO::Fitting model to feature number 56, P105.PWY
2021-09-02 12:45:08 WARNING::Fitting problem for feature 56 returning NA
2021-09-02 12:45:08 INFO::Fitting model to feature number 57, P108.PWY
2021-09-02 12:45:08 INFO::Fitting model to feature number 58, P122.PWY
2021-09-02 12:45:08 INFO::Fitting model to feature number 59, P124.PWY
2021-09-02 12:45:08 INFO::Fitting model to feature number 60, P161.PWY
2021-09-02 12:45:08 INFO::Fitting model to feature number 61, P164.PWY
2021-09-02 12:45:08 INFO::Fitting model to feature number 62, P23.PWY
2021-09-02 12:45:08 INFO::Fitting model to feature number 63, P341.PWY
2021-09-02 12:45:08 INFO::Fitting model to feature number 64, P4.PWY
2021-09-02 12:45:08 INFO::Fitting model to feature number 65, P42.PWY
2021-09-02 12:45:08 INFO::Fitting model to feature number 66, P441.PWY
2021-09-02 12:45:08 INFO::Fitting model to feature number 67, P461.PWY
2021-09-02 12:45:08 INFO::Fitting model to feature number 68, PANTO.PWY
2021-09-02 12:45:08 INFO::Fitting model to feature number 69, PANTOSYN.PWY
2021-09-02 12:45:08 INFO::Fitting model to feature number 70, PENTOSE.P.PWY
2021-09-02 12:45:08 INFO::Fitting model to feature number 71, PEPTIDOGLYCANSYN.PWY
2021-09-02 12:45:08 INFO::Fitting model to feature number 72, PHOSLIPSYN.PWY
2021-09-02 12:45:08 INFO::Fitting model to feature number 73, POLYAMSYN.PWY
2021-09-02 12:45:08 INFO::Fitting model to feature number 74, POLYISOPRENSYN.PWY
2021-09-02 12:45:09 INFO::Fitting model to feature number 75, PRPP.PWY
2021-09-02 12:45:09 INFO::Fitting model to feature number 76, PWY.1269
2021-09-02 12:45:09 INFO::Fitting model to feature number 77, PWY.1861
2021-09-02 12:45:09 INFO::Fitting model to feature number 78, PWY.2941
2021-09-02 12:45:09 INFO::Fitting model to feature number 79, PWY.2942
2021-09-02 12:45:09 INFO::Fitting model to feature number 80, PWY.3001
2021-09-02 12:45:09 INFO::Fitting model to feature number 81, PWY.3781
2021-09-02 12:45:09 INFO::Fitting model to feature number 82, PWY.4984
2021-09-02 12:45:09 INFO::Fitting model to feature number 83, PWY.5022
2021-09-02 12:45:09 INFO::Fitting model to feature number 84, PWY.5097
2021-09-02 12:45:09 INFO::Fitting model to feature number 85, PWY.5100
2021-09-02 12:45:09 INFO::Fitting model to feature number 86, PWY.5101
2021-09-02 12:45:09 INFO::Fitting model to feature number 87, PWY.5103
2021-09-02 12:45:09 INFO::Fitting model to feature number 88, PWY.5104
2021-09-02 12:45:09 INFO::Fitting model to feature number 89, PWY.5121
2021-09-02 12:45:09 INFO::Fitting model to feature number 90, PWY.5154
2021-09-02 12:45:09 INFO::Fitting model to feature number 91, PWY.5188
2021-09-02 12:45:09 INFO::Fitting model to feature number 92, PWY.5189
2021-09-02 12:45:10 INFO::Fitting model to feature number 93, PWY.5265
2021-09-02 12:45:10 INFO::Fitting model to feature number 94, PWY.5304
2021-09-02 12:45:10 INFO::Fitting model to feature number 95, PWY.5345
2021-09-02 12:45:10 INFO::Fitting model to feature number 96, PWY.5347
2021-09-02 12:45:10 INFO::Fitting model to feature number 97, PWY.5384
2021-09-02 12:45:10 INFO::Fitting model to feature number 98, PWY.5484
2021-09-02 12:45:10 INFO::Fitting model to feature number 99, PWY.5505
2021-09-02 12:45:10 INFO::Fitting model to feature number 100, PWY.5509
2021-09-02 12:45:10 INFO::Fitting model to feature number 101, PWY.5659
2021-09-02 12:45:10 INFO::Fitting model to feature number 102, PWY.5667
2021-09-02 12:45:10 INFO::Fitting model to feature number 103, PWY.5686
2021-09-02 12:45:10 INFO::Fitting model to feature number 104, PWY.5695
2021-09-02 12:45:10 INFO::Fitting model to feature number 105, PWY.5838
2021-09-02 12:45:10 INFO::Fitting model to feature number 106, PWY.5840
2021-09-02 12:45:10 INFO::Fitting model to feature number 107, PWY.5845
2021-09-02 12:45:10 WARNING::Fitting problem for feature 107 returning NA
2021-09-02 12:45:10 INFO::Fitting model to feature number 108, PWY.5850
2021-09-02 12:45:10 WARNING::Fitting problem for feature 108 returning NA
2021-09-02 12:45:10 INFO::Fitting model to feature number 109, PWY.5861
2021-09-02 12:45:10 INFO::Fitting model to feature number 110, PWY.5863
2021-09-02 12:45:10 WARNING::Fitting problem for feature 110 returning NA
2021-09-02 12:45:10 INFO::Fitting model to feature number 111, PWY.5896
2021-09-02 12:45:10 WARNING::Fitting problem for feature 111 returning NA
2021-09-02 12:45:10 INFO::Fitting model to feature number 112, PWY.5897
2021-09-02 12:45:10 INFO::Fitting model to feature number 113, PWY.5898
2021-09-02 12:45:10 INFO::Fitting model to feature number 114, PWY.5899
2021-09-02 12:45:11 INFO::Fitting model to feature number 115, PWY.5910
2021-09-02 12:45:11 INFO::Fitting model to feature number 116, PWY.5913
2021-09-02 12:45:11 INFO::Fitting model to feature number 117, PWY.5918
2021-09-02 12:45:11 INFO::Fitting model to feature number 118, PWY.5971
2021-09-02 12:45:11 INFO::Fitting model to feature number 119, PWY.5973
2021-09-02 12:45:11 INFO::Fitting model to feature number 120, PWY.5989
2021-09-02 12:45:11 INFO::Fitting model to feature number 121, PWY.6121
2021-09-02 12:45:11 INFO::Fitting model to feature number 122, PWY.6122
2021-09-02 12:45:11 INFO::Fitting model to feature number 123, PWY.6123
2021-09-02 12:45:11 INFO::Fitting model to feature number 124, PWY.6125
2021-09-02 12:45:11 INFO::Fitting model to feature number 125, PWY.6126
2021-09-02 12:45:11 INFO::Fitting model to feature number 126, PWY.6147
2021-09-02 12:45:11 INFO::Fitting model to feature number 127, PWY.6151
2021-09-02 12:45:11 INFO::Fitting model to feature number 128, PWY.6163
2021-09-02 12:45:11 INFO::Fitting model to feature number 129, PWY.621
2021-09-02 12:45:11 INFO::Fitting model to feature number 130, PWY.6263
2021-09-02 12:45:11 INFO::Fitting model to feature number 131, PWY.6269
2021-09-02 12:45:11 INFO::Fitting model to feature number 132, PWY.6277
2021-09-02 12:45:11 INFO::Fitting model to feature number 133, PWY.6282
2021-09-02 12:45:11 INFO::Fitting model to feature number 134, PWY.6317
2021-09-02 12:45:12 INFO::Fitting model to feature number 135, PWY.6353
2021-09-02 12:45:12 INFO::Fitting model to feature number 136, PWY.6385
2021-09-02 12:45:12 INFO::Fitting model to feature number 137, PWY.6386
2021-09-02 12:45:12 INFO::Fitting model to feature number 138, PWY.6387
2021-09-02 12:45:12 INFO::Fitting model to feature number 139, PWY.6396
2021-09-02 12:45:12 INFO::Fitting model to feature number 140, PWY.6467
2021-09-02 12:45:12 INFO::Fitting model to feature number 141, PWY.6470
2021-09-02 12:45:12 INFO::Fitting model to feature number 142, PWY.6471
2021-09-02 12:45:12 INFO::Fitting model to feature number 143, PWY.6507
2021-09-02 12:45:12 INFO::Fitting model to feature number 144, PWY.6519
2021-09-02 12:45:12 WARNING::Fitting problem for feature 144 returning NA
2021-09-02 12:45:12 INFO::Fitting model to feature number 145, PWY.6545
2021-09-02 12:45:12 INFO::Fitting model to feature number 146, PWY.6588
2021-09-02 12:45:12 INFO::Fitting model to feature number 147, PWY.6608
2021-09-02 12:45:12 INFO::Fitting model to feature number 148, PWY.6609
2021-09-02 12:45:12 INFO::Fitting model to feature number 149, PWY.6612
2021-09-02 12:45:12 INFO::Fitting model to feature number 150, PWY.6628
2021-09-02 12:45:12 INFO::Fitting model to feature number 151, PWY.6629
2021-09-02 12:45:12 WARNING::Fitting problem for feature 151 returning NA
2021-09-02 12:45:12 INFO::Fitting model to feature number 152, PWY.6630
2021-09-02 12:45:12 INFO::Fitting model to feature number 153, PWY.6700
2021-09-02 12:45:12 INFO::Fitting model to feature number 154, PWY.6703
2021-09-02 12:45:13 INFO::Fitting model to feature number 155, PWY.6737
2021-09-02 12:45:13 INFO::Fitting model to feature number 156, PWY.6892
2021-09-02 12:45:13 INFO::Fitting model to feature number 157, PWY.6895
2021-09-02 12:45:13 INFO::Fitting model to feature number 158, PWY.6897
2021-09-02 12:45:13 INFO::Fitting model to feature number 159, PWY.6901
2021-09-02 12:45:13 INFO::Fitting model to feature number 160, PWY.6969
2021-09-02 12:45:13 INFO::Fitting model to feature number 161, PWY.7003
2021-09-02 12:45:13 INFO::Fitting model to feature number 162, PWY.7013
2021-09-02 12:45:13 INFO::Fitting model to feature number 163, PWY.7111
2021-09-02 12:45:13 INFO::Fitting model to feature number 164, PWY.7184
2021-09-02 12:45:13 INFO::Fitting model to feature number 165, PWY.7187
2021-09-02 12:45:13 INFO::Fitting model to feature number 166, PWY.7196
2021-09-02 12:45:13 INFO::Fitting model to feature number 167, PWY.7197
2021-09-02 12:45:13 INFO::Fitting model to feature number 168, PWY.7199
2021-09-02 12:45:13 INFO::Fitting model to feature number 169, PWY.7200
2021-09-02 12:45:13 INFO::Fitting model to feature number 170, PWY.7208
2021-09-02 12:45:13 INFO::Fitting model to feature number 171, PWY.7211
2021-09-02 12:45:13 INFO::Fitting model to feature number 172, PWY.7219
2021-09-02 12:45:13 INFO::Fitting model to feature number 173, PWY.7220
2021-09-02 12:45:14 INFO::Fitting model to feature number 174, PWY.7221
2021-09-02 12:45:14 INFO::Fitting model to feature number 175, PWY.7222
2021-09-02 12:45:14 INFO::Fitting model to feature number 176, PWY.7228
2021-09-02 12:45:14 INFO::Fitting model to feature number 177, PWY.7229
2021-09-02 12:45:14 INFO::Fitting model to feature number 178, PWY.7234
2021-09-02 12:45:14 INFO::Fitting model to feature number 179, PWY.7237
2021-09-02 12:45:14 INFO::Fitting model to feature number 180, PWY.7242
2021-09-02 12:45:14 INFO::Fitting model to feature number 181, PWY.7315
2021-09-02 12:45:14 INFO::Fitting model to feature number 182, PWY.7323
2021-09-02 12:45:14 INFO::Fitting model to feature number 183, PWY.7328
2021-09-02 12:45:14 INFO::Fitting model to feature number 184, PWY.7371
2021-09-02 12:45:14 INFO::Fitting model to feature number 185, PWY.7374
2021-09-02 12:45:14 INFO::Fitting model to feature number 186, PWY.7377
2021-09-02 12:45:14 INFO::Fitting model to feature number 187, PWY.7392
2021-09-02 12:45:14 INFO::Fitting model to feature number 188, PWY.7400
2021-09-02 12:45:14 INFO::Fitting model to feature number 189, PWY.7539
2021-09-02 12:45:14 INFO::Fitting model to feature number 190, PWY.7560
2021-09-02 12:45:14 INFO::Fitting model to feature number 191, PWY.7663
2021-09-02 12:45:14 INFO::Fitting model to feature number 192, PWY.7664
2021-09-02 12:45:15 INFO::Fitting model to feature number 193, PWY.841
2021-09-02 12:45:15 INFO::Fitting model to feature number 194, PWY.922
2021-09-02 12:45:15 INFO::Fitting model to feature number 195, PWY0.1061
2021-09-02 12:45:15 INFO::Fitting model to feature number 196, PWY0.1241
2021-09-02 12:45:15 INFO::Fitting model to feature number 197, PWY0.1261
2021-09-02 12:45:15 INFO::Fitting model to feature number 198, PWY0.1296
2021-09-02 12:45:15 INFO::Fitting model to feature number 199, PWY0.1297
2021-09-02 12:45:15 INFO::Fitting model to feature number 200, PWY0.1298
2021-09-02 12:45:15 INFO::Fitting model to feature number 201, PWY0.1319
2021-09-02 12:45:15 INFO::Fitting model to feature number 202, PWY0.1479
2021-09-02 12:45:15 INFO::Fitting model to feature number 203, PWY0.1586
2021-09-02 12:45:15 INFO::Fitting model to feature number 204, PWY0.162
2021-09-02 12:45:15 INFO::Fitting model to feature number 205, PWY0.166
2021-09-02 12:45:15 INFO::Fitting model to feature number 206, PWY0.781
2021-09-02 12:45:15 INFO::Fitting model to feature number 207, PWY0.845
2021-09-02 12:45:15 INFO::Fitting model to feature number 208, PWY0.862
2021-09-02 12:45:15 INFO::Fitting model to feature number 209, PWY490.3
2021-09-02 12:45:15 INFO::Fitting model to feature number 210, PWY4FS.7
2021-09-02 12:45:15 INFO::Fitting model to feature number 211, PWY4FS.8
2021-09-02 12:45:15 INFO::Fitting model to feature number 212, PWYG.321
2021-09-02 12:45:16 INFO::Fitting model to feature number 213, PYRIDNUCSAL.PWY
2021-09-02 12:45:16 INFO::Fitting model to feature number 214, PYRIDNUCSYN.PWY
2021-09-02 12:45:16 INFO::Fitting model to feature number 215, PYRIDOXSYN.PWY
2021-09-02 12:45:16 INFO::Fitting model to feature number 216, RHAMCAT.PWY
2021-09-02 12:45:16 INFO::Fitting model to feature number 217, RIBOSYN2.PWY
2021-09-02 12:45:16 INFO::Fitting model to feature number 218, RUMP.PWY
2021-09-02 12:45:16 INFO::Fitting model to feature number 219, SALVADEHYPOX.PWY
2021-09-02 12:45:16 INFO::Fitting model to feature number 220, SER.GLYSYN.PWY
2021-09-02 12:45:16 INFO::Fitting model to feature number 221, SO4ASSIM.PWY
2021-09-02 12:45:16 INFO::Fitting model to feature number 222, SULFATE.CYS.PWY
2021-09-02 12:45:16 INFO::Fitting model to feature number 223, TCA
2021-09-02 12:45:16 INFO::Fitting model to feature number 224, TEICHOICACID.PWY
2021-09-02 12:45:16 INFO::Fitting model to feature number 225, THISYN.PWY
2021-09-02 12:45:16 INFO::Fitting model to feature number 226, THRESYN.PWY
2021-09-02 12:45:16 INFO::Fitting model to feature number 227, TRNA.CHARGING.PWY
2021-09-02 12:45:16 INFO::Fitting model to feature number 228, TRPSYN.PWY
2021-09-02 12:45:16 INFO::Fitting model to feature number 229, UDPNAGSYN.PWY
2021-09-02 12:45:16 INFO::Fitting model to feature number 230, VALSYN.PWY
2021-09-02 12:45:17 INFO::Counting total values for each feature
2021-09-02 12:45:17 INFO::Writing residuals to file LogCLR-Duodenum-ComBat-Maaslin-SeqRunSexType-1-Line-MsID/residuals.rds
2021-09-02 12:45:17 INFO::Writing all results to file (ordered by increasing q-values): LogCLR-Duodenum-ComBat-Maaslin-SeqRunSexType-1-Line-MsID/all_results.tsv
2021-09-02 12:45:17 INFO::Writing the significant results (those which are less than or equal to the threshold of 0.250000 ) to file (ordered by increasing q-values): LogCLR-Duodenum-ComBat-Maaslin-SeqRunSexType-1-Line-MsID/significant_results.tsv
2021-09-02 12:45:17 INFO::Writing heatmap of significant results to file: LogCLR-Duodenum-ComBat-Maaslin-SeqRunSexType-1-Line-MsID/heatmap.pdf
2021-09-02 12:45:17 INFO::Writing association plots (one for each significant association) to output folder: LogCLR-Duodenum-ComBat-Maaslin-SeqRunSexType-1-Line-MsID
2021-09-02 12:45:17 INFO::Plotting associations from most to least significant, grouped by metadata
2021-09-02 12:45:17 INFO::Plotting data for metadata number 1, Type
2021-09-02 12:45:17 INFO::Creating boxplot for categorical data, Type vs ARGSYN.PWY
2021-09-02 12:45:17 INFO::Creating boxplot for categorical data, Type vs ARGSYNBSUB.PWY
2021-09-02 12:45:17 INFO::Creating boxplot for categorical data, Type vs PWY.7400
2021-09-02 12:45:17 INFO::Creating boxplot for categorical data, Type vs PWY.6737
2021-09-02 12:45:17 INFO::Creating boxplot for categorical data, Type vs DAPLYSINESYN.PWY
2021-09-02 12:45:17 INFO::Creating boxplot for categorical data, Type vs GLYCOCAT.PWY
2021-09-02 12:45:17 INFO::Creating boxplot for categorical data, Type vs GLUTORN.PWY
2021-09-02 12:45:17 INFO::Creating boxplot for categorical data, Type vs PWY.6396
2021-09-02 12:45:18 INFO::Creating boxplot for categorical data, Type vs X1CMET2.PWY
2021-09-02 12:45:18 INFO::Creating boxplot for categorical data, Type vs BRANCHED.CHAIN.AA.SYN.PWY
2021-09-02 12:45:18 INFO::Creating boxplot for categorical data, Type vs PWY.5101
2021-09-02 12:45:18 INFO::Creating boxplot for categorical data, Type vs PWY.5103
2021-09-02 12:45:18 INFO::Creating boxplot for categorical data, Type vs PWY.7111
2021-09-02 12:45:18 INFO::Creating boxplot for categorical data, Type vs SER.GLYSYN.PWY
2021-09-02 12:45:18 INFO::Creating boxplot for categorical data, Type vs ILEUSYN.PWY
2021-09-02 12:45:18 INFO::Creating boxplot for categorical data, Type vs VALSYN.PWY
2021-09-02 12:45:18 INFO::Creating boxplot for categorical data, Type vs PWY.5104
2021-09-02 12:45:18 INFO::Creating boxplot for categorical data, Type vs HISTSYN.PWY
2021-09-02 12:45:18 INFO::Creating boxplot for categorical data, Type vs PWY.3001
2021-09-02 12:45:18 INFO::Creating boxplot for categorical data, Type vs TRNA.CHARGING.PWY
2021-09-02 12:45:19 INFO::Creating boxplot for categorical data, Type vs NONOXIPENT.PWY
2021-09-02 12:45:19 INFO::Creating boxplot for categorical data, Type vs P23.PWY
2021-09-02 12:45:19 INFO::Creating boxplot for categorical data, Type vs ANAEROFRUCAT.PWY
2021-09-02 12:45:19 INFO::Creating boxplot for categorical data, Type vs ASPASN.PWY
2021-09-02 12:45:19 INFO::Creating boxplot for categorical data, Type vs PWY.5121
2021-09-02 12:45:19 INFO::Creating boxplot for categorical data, Type vs GLYCOLYSIS
2021-09-02 12:45:19 INFO::Creating boxplot for categorical data, Type vs NONMEVIPP.PWY
2021-09-02 12:45:19 INFO::Creating boxplot for categorical data, Type vs PWY.7560
2021-09-02 12:45:19 INFO::Creating boxplot for categorical data, Type vs CALVIN.PWY
2021-09-02 12:45:19 INFO::Creating boxplot for categorical data, Type vs PWY.5484
2021-09-02 12:45:19 INFO::Creating boxplot for categorical data, Type vs PWY.6147
2021-09-02 12:45:19 INFO::Creating boxplot for categorical data, Type vs PYRIDNUCSYN.PWY
2021-09-02 12:45:20 INFO::Creating boxplot for categorical data, Type vs PWY.5188
2021-09-02 12:45:20 INFO::Creating boxplot for categorical data, Type vs PWY.5505
2021-09-02 12:45:20 INFO::Creating boxplot for categorical data, Type vs COMPLETE.ARO.PWY
2021-09-02 12:45:20 INFO::Creating boxplot for categorical data, Type vs PWY.6969
2021-09-02 12:45:20 INFO::Creating boxplot for categorical data, Type vs PWY.7392
2021-09-02 12:45:20 INFO::Creating boxplot for categorical data, Type vs PWY.1861
2021-09-02 12:45:20 INFO::Creating boxplot for categorical data, Type vs PWY.7539
2021-09-02 12:45:20 INFO::Creating boxplot for categorical data, Type vs PWY.6897
2021-09-02 12:45:20 INFO::Creating boxplot for categorical data, Type vs GLUCONEO.PWY
2021-09-02 12:45:20 INFO::Creating boxplot for categorical data, Type vs RIBOSYN2.PWY
2021-09-02 12:45:20 INFO::Creating boxplot for categorical data, Type vs PWY.6121
2021-09-02 12:45:20 INFO::Creating boxplot for categorical data, Type vs GLYCOGENSYNTH.PWY
2021-09-02 12:45:21 INFO::Creating boxplot for categorical data, Type vs DTDPRHAMSYN.PWY
2021-09-02 12:45:21 INFO::Creating boxplot for categorical data, Type vs ARO.PWY
2021-09-02 12:45:21 INFO::Creating boxplot for categorical data, Type vs PWY.5686
2021-09-02 12:45:21 INFO::Creating boxplot for categorical data, Type vs PWY.6122
2021-09-02 12:45:21 INFO::Creating boxplot for categorical data, Type vs PWY.6277
2021-09-02 12:45:21 INFO::Creating boxplot for categorical data, Type vs OANTIGEN.PWY
2021-09-02 12:45:21 INFO::Creating boxplot for categorical data, Type vs PWY.6317
2021-09-02 12:45:21 INFO::Creating boxplot for categorical data, Type vs GLYCOLYSIS.E.D
2021-09-02 12:45:21 INFO::Creating boxplot for categorical data, Type vs COA.PWY
2021-09-02 12:45:21 INFO::Creating boxplot for categorical data, Type vs FOLSYN.PWY
2021-09-02 12:45:21 INFO::Creating boxplot for categorical data, Type vs PANTO.PWY
2021-09-02 12:45:21 INFO::Creating boxplot for categorical data, Type vs PWY.5097
2021-09-02 12:45:22 INFO::Creating boxplot for categorical data, Type vs PWY.6163
2021-09-02 12:45:22 INFO::Creating boxplot for categorical data, Type vs THRESYN.PWY
2021-09-02 12:45:22 INFO::Creating boxplot for categorical data, Type vs PWY.6123
2021-09-02 12:45:22 INFO::Creating boxplot for categorical data, Type vs PWY.2942
2021-09-02 12:45:22 INFO::Creating boxplot for categorical data, Type vs ANAGLYCOLYSIS.PWY
2021-09-02 12:45:22 INFO::Creating boxplot for categorical data, Type vs TRPSYN.PWY
2021-09-02 12:45:22 INFO::Creating boxplot for categorical data, Type vs PWY.6609
2021-09-02 12:45:22 INFO::Creating boxplot for categorical data, Type vs PANTOSYN.PWY
2021-09-02 12:45:22 INFO::Creating boxplot for categorical data, Type vs PWY.7219
2021-09-02 12:45:22 INFO::Creating boxplot for categorical data, Type vs PWY.6126
2021-09-02 12:45:22 INFO::Creating boxplot for categorical data, Type vs PWY.5189
2021-09-02 12:45:23 INFO::Creating boxplot for categorical data, Type vs PWY.5695
2021-09-02 12:45:23 INFO::Creating boxplot for categorical data, Type vs PWY.7229
2021-09-02 12:45:23 INFO::Creating boxplot for categorical data, Type vs PEPTIDOGLYCANSYN.PWY
2021-09-02 12:45:23 INFO::Creating boxplot for categorical data, Type vs PWY.6387
2021-09-02 12:45:23 INFO::Creating boxplot for categorical data, Type vs PWY.7221
2021-09-02 12:45:23 INFO::Creating boxplot for categorical data, Type vs PWY.7208
2021-09-02 12:45:23 INFO::Creating boxplot for categorical data, Type vs PWY.5667
2021-09-02 12:45:23 INFO::Creating boxplot for categorical data, Type vs PWY0.1319
2021-09-02 12:45:23 INFO::Creating boxplot for categorical data, Type vs PWY.6386
2021-09-02 12:45:23 INFO::Creating boxplot for categorical data, Type vs PWY.6151
2021-09-02 12:45:23 INFO::Creating boxplot for categorical data, Type vs PWY.7220
2021-09-02 12:45:23 INFO::Creating boxplot for categorical data, Type vs PWY.7222
2021-09-02 12:45:24 INFO::Creating boxplot for categorical data, Type vs PWY.6385
2021-09-02 12:45:24 INFO::Creating boxplot for categorical data, Type vs PWY.6892
2021-09-02 12:45:24 INFO::Creating boxplot for categorical data, Type vs PWY0.1296
2021-09-02 12:45:24 INFO::Creating boxplot for categorical data, Type vs COLANSYN.PWY
2021-09-02 12:45:24 INFO::Creating boxplot for categorical data, Type vs FERMENTATION.PWY
2021-09-02 12:45:24 INFO::Creating boxplot for categorical data, Type vs PHOSLIPSYN.PWY
2021-09-02 12:45:24 INFO::Creating boxplot for categorical data, Type vs PWY.5100
2021-09-02 12:45:24 INFO::Creating boxplot for categorical data, Type vs TCA
2021-09-02 12:45:24 INFO::Creating boxplot for categorical data, Type vs PWY4FS.7
2021-09-02 12:45:24 INFO::Creating boxplot for categorical data, Type vs PWY4FS.8
2021-09-02 12:45:24 INFO::Creating boxplot for categorical data, Type vs UDPNAGSYN.PWY
2021-09-02 12:45:25 INFO::Creating boxplot for categorical data, Type vs PWY.7234
2021-09-02 12:45:25 INFO::Creating boxplot for categorical data, Type vs PYRIDNUCSAL.PWY
2021-09-02 12:45:25 INFO::Creating boxplot for categorical data, Type vs PWY.7663
2021-09-02 12:45:25 INFO::Creating boxplot for categorical data, Type vs RUMP.PWY
2021-09-02 12:45:25 INFO::Creating boxplot for categorical data, Type vs DENOVOPURINE2.PWY
2021-09-02 12:45:25 INFO::Creating boxplot for categorical data, Type vs PWY.5973
2021-09-02 12:45:25 INFO::Creating boxplot for categorical data, Type vs PWY.6612
2021-09-02 12:45:25 INFO::Creating boxplot for categorical data, Type vs PWY.6630
2021-09-02 12:45:25 INFO::Creating boxplot for categorical data, Type vs PENTOSE.P.PWY
2021-09-02 12:45:25 INFO::Creating boxplot for categorical data, Type vs PWY.841
2021-09-02 12:45:26 INFO::Creating boxplot for categorical data, Type vs PWY.621
2021-09-02 12:45:26 INFO::Creating boxplot for categorical data, Type vs THISYN.PWY
2021-09-02 12:45:26 INFO::Creating boxplot for categorical data, Type vs PWY0.162
2021-09-02 12:45:26 INFO::Creating boxplot for categorical data, Type vs PWY0.1297
2021-09-02 12:45:26 INFO::Creating boxplot for categorical data, Type vs PWY.7187
2021-09-02 12:45:26 INFO::Creating boxplot for categorical data, Type vs FASYN.ELONG.PWY
2021-09-02 12:45:26 INFO::Creating boxplot for categorical data, Type vs TEICHOICACID.PWY
2021-09-02 12:45:26 INFO::Creating boxplot for categorical data, Type vs PWY.7323
2021-09-02 12:45:26 INFO::Creating boxplot for categorical data, Type vs PWY.5659
2021-09-02 12:45:26 INFO::Creating boxplot for categorical data, Type vs P4.PWY
2021-09-02 12:45:26 INFO::Creating boxplot for categorical data, Type vs PWY0.166
2021-09-02 12:45:26 INFO::Creating boxplot for categorical data, Type vs POLYISOPRENSYN.PWY
2021-09-02 12:45:27 INFO::Creating boxplot for categorical data, Type vs PWY0.1298
2021-09-02 12:45:27 INFO::Creating boxplot for categorical data, Type vs PWY.6269
2021-09-02 12:45:27 INFO::Creating boxplot for categorical data, Type vs PWY.7003
2021-09-02 12:45:27 INFO::Creating boxplot for categorical data, Type vs PWY.7196
2021-09-02 12:45:27 INFO::Creating boxplot for categorical data, Type vs PRPP.PWY
2021-09-02 12:45:27 INFO::Creating boxplot for categorical data, Type vs GLUCUROCAT.PWY
2021-09-02 12:45:27 INFO::Creating boxplot for categorical data, Type vs NAGLIPASYN.PWY
2021-09-02 12:45:27 INFO::Creating boxplot for categorical data, Type vs PWY.6125
2021-09-02 12:45:27 INFO::Creating boxplot for categorical data, Type vs PWY.5509
2021-09-02 12:45:27 INFO::Creating boxplot for categorical data, Type vs PWY.6545
2021-09-02 12:45:27 INFO::Creating boxplot for categorical data, Type vs P42.PWY
2021-09-02 12:45:27 INFO::Creating boxplot for categorical data, Type vs PWY.7200
2021-09-02 12:45:28 INFO::Creating boxplot for categorical data, Type vs PWY.7242
2021-09-02 12:45:28 INFO::Creating boxplot for categorical data, Type vs PWY.1269
2021-09-02 12:45:28 INFO::Creating boxplot for categorical data, Type vs PWY.6507
2021-09-02 12:45:28 INFO::Creating boxplot for categorical data, Type vs GALACTUROCAT.PWY
2021-09-02 12:45:28 INFO::Creating boxplot for categorical data, Type vs PWY.6703
2021-09-02 12:45:28 INFO::Creating boxplot for categorical data, Type vs PWY.4984
2021-09-02 12:45:28 INFO::Creating boxplot for categorical data, Type vs PWY.5154
2021-09-02 12:45:28 INFO::Creating boxplot for categorical data, Type vs PWY.5913
2021-09-02 12:45:28 INFO::Creating boxplot for categorical data, Type vs PWY.5910
2021-09-02 12:45:28 INFO::Creating boxplot for categorical data, Type vs GALACT.GLUCUROCAT.PWY
2021-09-02 12:45:28 INFO::Creating boxplot for categorical data, Type vs PWY.7228
2021-09-02 12:45:28 INFO::Creating boxplot for categorical data, Type vs PWY.6471
2021-09-02 12:45:28 INFO::Creating boxplot for categorical data, Type vs PWY.7211
2021-09-02 12:45:29 INFO::Creating boxplot for categorical data, Type vs GLCMANNANAUT.PWY
2021-09-02 12:45:29 INFO::Creating boxplot for categorical data, Type vs PWY.7328
2021-09-02 12:45:29 INFO::Creating boxplot for categorical data, Type vs PWY.2941
2021-09-02 12:45:29 INFO::Creating boxplot for categorical data, Type vs COBALSYN.PWY
2021-09-02 12:45:29 INFO::Creating boxplot for categorical data, Type vs PWY490.3
2021-09-02 12:45:29 INFO::Creating boxplot for categorical data, Type vs PWY0.1261
2021-09-02 12:45:29 INFO::Creating boxplot for categorical data, Type vs PWY.6628
2021-09-02 12:45:29 INFO::Creating boxplot for categorical data, Type vs PWY.7197
2021-09-02 12:45:29 INFO::Creating boxplot for categorical data, Type vs PWY0.1586
2021-09-02 12:45:29 INFO::Creating boxplot for categorical data, Type vs P108.PWY
2021-09-02 12:45:29 INFO::Creating boxplot for categorical data, Type vs P161.PWY
2021-09-02 12:45:30 INFO::Creating boxplot for categorical data, Type vs PWY.6467
2021-09-02 12:45:30 INFO::Creating boxplot for categorical data, Type vs HEMESYN2.PWY
2021-09-02 12:45:30 INFO::Creating boxplot for categorical data, Type vs PWY0.781
2021-09-02 12:45:30 INFO::Creating boxplot for categorical data, Type vs PWY.3781
2021-09-02 12:45:30 INFO::Creating boxplot for categorical data, Type vs PWY.7184
2021-09-02 12:45:30 INFO::Creating boxplot for categorical data, Type vs P441.PWY
2021-09-02 12:45:30 INFO::Creating boxplot for categorical data, Type vs PWY.922
2021-09-02 12:45:30 INFO::Creating boxplot for categorical data, Type vs PWY.7199
2021-09-02 12:45:30 INFO::Creating boxplot for categorical data, Type vs P124.PWY
2021-09-02 12:45:30 INFO::Creating boxplot for categorical data, Type vs HEXITOLDEGSUPER.PWY
2021-09-02 12:45:30 INFO::Creating boxplot for categorical data, Type vs P341.PWY
2021-09-02 12:45:30 INFO::Creating boxplot for categorical data, Type vs PWY.6700
2021-09-02 12:45:31 INFO::Creating boxplot for categorical data, Type vs SULFATE.CYS.PWY
2021-09-02 12:45:31 INFO::Creating boxplot for categorical data, Type vs POLYAMSYN.PWY
2021-09-02 12:45:31 INFO::Creating boxplot for categorical data, Type vs PWY.7377
2021-09-02 12:45:31 INFO::Creating boxplot for categorical data, Type vs P122.PWY
2021-09-02 12:45:31 INFO::Creating boxplot for categorical data, Type vs PWY.6263
2021-09-02 12:45:31 INFO::Creating boxplot for categorical data, Type vs P164.PWY
2021-09-02 12:45:31 INFO::Creating boxplot for categorical data, Type vs GOLPDLCAT.PWY
2021-09-02 12:45:31 INFO::Creating boxplot for categorical data, Type vs PWY.6282
2021-09-02 12:45:31 INFO::Creating boxplot for categorical data, Type vs P461.PWY
2021-09-02 12:45:31 INFO::Creating boxplot for categorical data, Type vs PWY.6353
2021-09-02 12:45:31 INFO::Creating boxplot for categorical data, Type vs PWY.5989
2021-09-02 12:45:31 INFO::Creating boxplot for categorical data, Type vs PWY.7013
2021-09-02 12:45:32 INFO::Creating boxplot for categorical data, Type vs PWY0.1061
2021-09-02 12:45:32 INFO::Creating boxplot for categorical data, Type vs FUCCAT.PWY
2021-09-02 12:45:32 INFO::Creating boxplot for categorical data, Type vs RHAMCAT.PWY
2021-09-02 12:45:32 INFO::Plotting data for metadata number 2, Sex
2021-09-02 12:45:32 INFO::Creating boxplot for categorical data, Sex vs TEICHOICACID.PWY
2021-09-02 12:45:32 INFO::Creating boxplot for categorical data, Sex vs PWY.5384
2021-09-02 12:45:32 INFO::Creating boxplot for categorical data, Sex vs PWY.922
2021-09-02 12:45:32 INFO::Creating boxplot for categorical data, Sex vs ILEUSYN.PWY
2021-09-02 12:45:32 INFO::Creating boxplot for categorical data, Sex vs VALSYN.PWY
2021-09-02 12:45:33 INFO::Creating boxplot for categorical data, Sex vs PWY.7111
2021-09-02 12:45:33 INFO::Creating boxplot for categorical data, Sex vs PWY.5101
2021-09-02 12:45:33 INFO::Creating boxplot for categorical data, Sex vs PWY.5910
2021-09-02 12:45:33 INFO::Creating boxplot for categorical data, Sex vs PWY.7013
2021-09-02 12:45:33 INFO::Creating boxplot for categorical data, Sex vs BRANCHED.CHAIN.AA.SYN.PWY
2021-09-02 12:45:33 INFO::Creating boxplot for categorical data, Sex vs SER.GLYSYN.PWY
2021-09-02 12:45:33 INFO::Creating boxplot for categorical data, Sex vs P341.PWY
2021-09-02 12:45:33 INFO::Creating boxplot for categorical data, Sex vs PWY.5104
2021-09-02 12:45:33 INFO::Creating boxplot for categorical data, Sex vs PWY.5103
2021-09-02 12:45:33 INFO::Creating boxplot for categorical data, Sex vs PRPP.PWY
2021-09-02 12:45:33 INFO::Creating boxplot for categorical data, Sex vs PWY.5189
2021-09-02 12:45:33 INFO::Creating boxplot for categorical data, Sex vs SULFATE.CYS.PWY
2021-09-02 12:45:34 INFO::Creating boxplot for categorical data, Sex vs PWY.5188
2021-09-02 12:45:34 INFO::Creating boxplot for categorical data, Sex vs GLYCOCAT.PWY
2021-09-02 12:45:34 INFO::Creating boxplot for categorical data, Sex vs PWY.6737
2021-09-02 12:45:34 INFO::Creating boxplot for categorical data, Sex vs TRPSYN.PWY
2021-09-02 12:45:34 INFO::Creating boxplot for categorical data, Sex vs PWY.5505
2021-09-02 12:45:34 INFO::Creating boxplot for categorical data, Sex vs PWY.7003
2021-09-02 12:45:34 INFO::Creating boxplot for categorical data, Sex vs X1CMET2.PWY
2021-09-02 12:45:34 INFO::Creating boxplot for categorical data, Sex vs PWY.3001
2021-09-02 12:45:34 INFO::Creating boxplot for categorical data, Sex vs PWY.7377
2021-09-02 12:45:34 INFO::Creating boxplot for categorical data, Sex vs GLUTORN.PWY
2021-09-02 12:45:34 INFO::Creating boxplot for categorical data, Sex vs HISTSYN.PWY
2021-09-02 12:45:35 INFO::Creating boxplot for categorical data, Sex vs PWY.7242
2021-09-02 12:45:35 INFO::Creating boxplot for categorical data, Sex vs COBALSYN.PWY
2021-09-02 12:45:35 INFO::Creating boxplot for categorical data, Sex vs PWY.5695
2021-09-02 12:45:35 INFO::Creating boxplot for categorical data, Sex vs PWY.5345
2021-09-02 12:45:35 INFO::Creating boxplot for categorical data, Sex vs GALACTUROCAT.PWY
2021-09-02 12:45:35 INFO::Creating boxplot for categorical data, Sex vs PWY0.1479
2021-09-02 12:45:35 INFO::Creating boxplot for categorical data, Sex vs PWY.6700
2021-09-02 12:45:35 INFO::Creating boxplot for categorical data, Sex vs PWY.6608
2021-09-02 12:45:35 INFO::Creating boxplot for categorical data, Sex vs PWY.7539
2021-09-02 12:45:35 INFO::Creating boxplot for categorical data, Sex vs ASPASN.PWY
2021-09-02 12:45:35 INFO::Creating boxplot for categorical data, Sex vs PWY.7211
2021-09-02 12:45:35 INFO::Creating boxplot for categorical data, Sex vs PWY.5659
2021-09-02 12:45:36 INFO::Creating boxplot for categorical data, Sex vs OANTIGEN.PWY
2021-09-02 12:45:36 INFO::Creating boxplot for categorical data, Sex vs COMPLETE.ARO.PWY
2021-09-02 12:45:36 INFO::Creating boxplot for categorical data, Sex vs PWY.6269
2021-09-02 12:45:36 INFO::Creating boxplot for categorical data, Sex vs PWY.5509
2021-09-02 12:45:36 INFO::Creating boxplot for categorical data, Sex vs P42.PWY
2021-09-02 12:45:36 INFO::Creating boxplot for categorical data, Sex vs PYRIDNUCSAL.PWY
2021-09-02 12:45:36 INFO::Plotting data for metadata number 3, Sequencing_Run
2021-09-02 12:45:36 INFO::Creating boxplot for categorical data, Sequencing_Run vs PWY.5913
2021-09-02 12:45:37 INFO::Creating boxplot for categorical data, Sequencing_Run vs PWY.6263
2021-09-02 12:45:37 INFO::Creating boxplot for categorical data, Sequencing_Run vs PWY.5913
2021-09-02 12:45:37 INFO::Creating boxplot for categorical data, Sequencing_Run vs ARG.POLYAMINE.SYN
2021-09-02 12:45:37 INFO::Creating boxplot for categorical data, Sequencing_Run vs PWY.5918
2021-09-02 12:45:37 INFO::Creating boxplot for categorical data, Sequencing_Run vs PWY.7664
2021-09-02 12:45:37 INFO::Creating boxplot for categorical data, Sequencing_Run vs PWY.6545
2021-09-02 12:45:37 INFO::Creating boxplot for categorical data, Sequencing_Run vs PWY.5265
2021-09-02 12:45:37 INFO::Creating boxplot for categorical data, Sequencing_Run vs PWY.7003
2021-09-02 12:45:37 INFO::Creating boxplot for categorical data, Sequencing_Run vs P23.PWY
2021-09-02 12:45:37 INFO::Creating boxplot for categorical data, Sequencing_Run vs FERMENTATION.PWY
2021-09-02 12:45:37 INFO::Creating boxplot for categorical data, Sequencing_Run vs PWY.5971
2021-09-02 12:45:38 INFO::Creating boxplot for categorical data, Sequencing_Run vs PWY.5345
2021-09-02 12:45:38 INFO::Creating boxplot for categorical data, Sequencing_Run vs PWY.5265
2021-09-02 12:45:38 INFO::Creating boxplot for categorical data, Sequencing_Run vs PWY.6263
2021-09-02 12:45:38 INFO::Creating boxplot for categorical data, Sequencing_Run vs PWY.6353
2021-09-02 12:45:38 INFO::Creating boxplot for categorical data, Sequencing_Run vs P441.PWY
2021-09-02 12:45:38 INFO::Creating boxplot for categorical data, Sequencing_Run vs PWY0.1261
2021-09-02 12:45:38 INFO::Creating boxplot for categorical data, Sequencing_Run vs PWY0.1261
2021-09-02 12:45:38 INFO::Creating boxplot for categorical data, Sequencing_Run vs PWY.6608
2021-09-02 12:45:38 INFO::Creating boxplot for categorical data, Sequencing_Run vs GLYCOLYSIS.E.D
2021-09-02 12:45:38 INFO::Creating boxplot for categorical data, Sequencing_Run vs POLYAMSYN.PWY
2021-09-02 12:45:38 INFO::Creating boxplot for categorical data, Sequencing_Run vs NONOXIPENT.PWY
2021-09-02 12:45:39 INFO::Creating boxplot for categorical data, Sequencing_Run vs PWY.3781
2021-09-02 12:45:39 INFO::Creating boxplot for categorical data, Sequencing_Run vs PWY0.781
2021-09-02 12:45:39 INFO::Creating boxplot for categorical data, Sequencing_Run vs PENTOSE.P.PWY
2021-09-02 12:45:39 INFO::Creating boxplot for categorical data, Sequencing_Run vs PWY0.781
2021-09-02 12:45:39 INFO::Creating boxplot for categorical data, Sequencing_Run vs P4.PWY
