2022-04-22 13:55:58 INFO::Writing function arguments to log file
2022-04-22 13:55:58 DEBUG::Function arguments
2022-04-22 13:55:58 DEBUG::Output folder: CLR-Luminal-ComBat-Maaslin-SeqRunLineSexSite_General-1-MsID
2022-04-22 13:55:58 DEBUG::Min Abundance: 0.000000
2022-04-22 13:55:58 DEBUG::Min Prevalence: 0.100000
2022-04-22 13:55:58 DEBUG::Normalization: CLR
2022-04-22 13:55:58 DEBUG::Transform: NONE
2022-04-22 13:55:58 DEBUG::Analysis method: LM
2022-04-22 13:55:58 DEBUG::Max significance: 0.250000
2022-04-22 13:55:58 DEBUG::Random effects: MouseID_Line
2022-04-22 13:55:58 DEBUG::Fixed effects: Sequencing_Run,Line,Sex,Site_General
2022-04-22 13:55:58 DEBUG::Correction method: BH
2022-04-22 13:55:58 DEBUG::Standardize: TRUE
2022-04-22 13:55:58 DEBUG::Cores: 1
2022-04-22 13:55:58 INFO::Verifying options selected are valid
2022-04-22 13:55:58 INFO::Determining format of input files
2022-04-22 13:55:58 INFO::Input format is data samples as columns and metadata samples as rows
2022-04-22 13:55:58 DEBUG::Transformed data so samples are rows
2022-04-22 13:55:58 DEBUG::A total of 277 samples were found in both the data and metadata
2022-04-22 13:55:58 DEBUG::Reordering data/metadata to use same sample ordering
2022-04-22 13:55:58 INFO::Formula for random effects: expr ~ (1 | MouseID_Line)
2022-04-22 13:55:58 INFO::Formula for fixed effects: expr ~  Sequencing_Run + Line + Sex + Site_General
2022-04-22 13:55:58 INFO::Running selected normalization method: CLR
2022-04-22 13:55:58 INFO::Filter data based on min abundance and min prevalence
2022-04-22 13:55:58 INFO::Total samples in data: 277
2022-04-22 13:55:58 INFO::Min samples required with min abundance for a feature not to be filtered: 27.700000
2022-04-22 13:55:58 INFO::Total filtered features: 92
2022-04-22 13:55:58 INFO::Filtered feature names: ALL.CHORISMATE.PWY, ARGDEG.PWY, AST.PWY, BIOTIN.BIOSYNTHESIS.PWY, CENTFERM.PWY, CODH.PWY, ECASYN.PWY, ENTBACSYN.PWY, FAO.PWY, FASYN.INITIAL.PWY, GALACTARDEG.PWY, GLUCARDEG.PWY, GLUCARGALACTSUPER.PWY, GLUCOSE1PMETAB.PWY, GLYCOL.GLYOXDEG.PWY, GLYCOLYSIS.TCA.GLYOX.BYPASS, HCAMHPDEG.PWY, HEME.BIOSYNTHESIS.II, KDO.NAGLIPASYN.PWY, KETOGLUCONMET.PWY, LEU.DEG2.PWY, METHGLYUT.PWY, ORNARGDEG.PWY, ORNDEG.PWY, P105.PWY, P125.PWY, P162.PWY, P163.PWY, PPGPPMET.PWY, PWY.4361, PWY.5005, PWY.5088, PWY.5177, PWY.5180, PWY.5182, PWY.5415, PWY.5507, PWY.5532, PWY.5676, PWY.5677, PWY.5705, PWY.5741, PWY.5747, PWY.5837, PWY.5845, PWY.5850, PWY.5855, PWY.5856, PWY.5857, PWY.5860, PWY.5862, PWY.5863, PWY.5896, PWY.5918, PWY.5920, PWY.5971, PWY.5989, PWY.6071, PWY.6165, PWY.6282, PWY.6396, PWY.6519, PWY.6572, PWY.6590, PWY.6629, PWY.6690, PWY.6708, PWY.6728, PWY.6749, PWY.6891, PWY.7090, PWY.7094, PWY.7198, PWY.7210, PWY.7254, PWY.7431, PWY.7446, PWY.7527, PWY.7664, PWY0.1277, PWY0.1338, PWY0.1415, PWY0.1533, PWY0.321, PWY0.41, PWY0.42, PWY0.862, PWYG.321, REDCITCYC, TCA.GLYOX.BYPASS, THREOCAT.PWY, UBISYN.PWY
2022-04-22 13:55:58 INFO::Applying z-score to standardize continuous metadata
2022-04-22 13:55:58 INFO::Running selected transform method: NONE
2022-04-22 13:55:58 INFO::Running selected analysis method: LM
2022-04-22 13:55:58 INFO::Fitting model to feature number 1, X1CMET2.PWY
2022-04-22 13:55:58 INFO::Fitting model to feature number 2, ANAEROFRUCAT.PWY
2022-04-22 13:55:58 INFO::Fitting model to feature number 3, ANAGLYCOLYSIS.PWY
2022-04-22 13:55:58 INFO::Fitting model to feature number 4, ARG.POLYAMINE.SYN
2022-04-22 13:55:58 INFO::Fitting model to feature number 5, ARGORNPROST.PWY
2022-04-22 13:55:59 INFO::Fitting model to feature number 6, ARGSYN.PWY
2022-04-22 13:55:59 INFO::Fitting model to feature number 7, ARGSYNBSUB.PWY
2022-04-22 13:55:59 INFO::Fitting model to feature number 8, ARO.PWY
2022-04-22 13:55:59 INFO::Fitting model to feature number 9, ASPASN.PWY
2022-04-22 13:55:59 INFO::Fitting model to feature number 10, BRANCHED.CHAIN.AA.SYN.PWY
2022-04-22 13:55:59 INFO::Fitting model to feature number 11, CALVIN.PWY
2022-04-22 13:55:59 INFO::Fitting model to feature number 12, COA.PWY
2022-04-22 13:55:59 INFO::Fitting model to feature number 13, COBALSYN.PWY
2022-04-22 13:55:59 INFO::Fitting model to feature number 14, COLANSYN.PWY
2022-04-22 13:55:59 INFO::Fitting model to feature number 15, COMPLETE.ARO.PWY
2022-04-22 13:55:59 INFO::Fitting model to feature number 16, DAPLYSINESYN.PWY
2022-04-22 13:55:59 INFO::Fitting model to feature number 17, DENOVOPURINE2.PWY
2022-04-22 13:55:59 INFO::Fitting model to feature number 18, DTDPRHAMSYN.PWY
2022-04-22 13:55:59 INFO::Fitting model to feature number 19, FASYN.ELONG.PWY
2022-04-22 13:55:59 INFO::Fitting model to feature number 20, FERMENTATION.PWY
2022-04-22 13:55:59 INFO::Fitting model to feature number 21, FOLSYN.PWY
2022-04-22 13:55:59 INFO::Fitting model to feature number 22, FUC.RHAMCAT.PWY
2022-04-22 13:55:59 INFO::Fitting model to feature number 23, FUCCAT.PWY
2022-04-22 13:55:59 INFO::Fitting model to feature number 24, GALACT.GLUCUROCAT.PWY
2022-04-22 13:56:00 INFO::Fitting model to feature number 25, GALACTUROCAT.PWY
2022-04-22 13:56:00 INFO::Fitting model to feature number 26, GLCMANNANAUT.PWY
2022-04-22 13:56:00 INFO::Fitting model to feature number 27, GLUCONEO.PWY
2022-04-22 13:56:00 INFO::Fitting model to feature number 28, GLUCUROCAT.PWY
2022-04-22 13:56:00 INFO::Fitting model to feature number 29, GLUTORN.PWY
2022-04-22 13:56:00 INFO::Fitting model to feature number 30, GLYCOCAT.PWY
2022-04-22 13:56:00 INFO::Fitting model to feature number 31, GLYCOGENSYNTH.PWY
2022-04-22 13:56:00 INFO::Fitting model to feature number 32, GLYCOLYSIS
2022-04-22 13:56:00 INFO::Fitting model to feature number 33, GLYCOLYSIS.E.D
2022-04-22 13:56:00 INFO::Fitting model to feature number 34, GLYOXYLATE.BYPASS
2022-04-22 13:56:00 INFO::Fitting model to feature number 35, GOLPDLCAT.PWY
2022-04-22 13:56:00 INFO::Fitting model to feature number 36, HEMESYN2.PWY
2022-04-22 13:56:00 INFO::Fitting model to feature number 37, HEXITOLDEGSUPER.PWY
2022-04-22 13:56:00 INFO::Fitting model to feature number 38, HISDEG.PWY
2022-04-22 13:56:00 INFO::Fitting model to feature number 39, HISTSYN.PWY
2022-04-22 13:56:00 INFO::Fitting model to feature number 40, HOMOSER.METSYN.PWY
2022-04-22 13:56:00 INFO::Fitting model to feature number 41, HSERMETANA.PWY
2022-04-22 13:56:00 INFO::Fitting model to feature number 42, ILEUSYN.PWY
2022-04-22 13:56:00 INFO::Fitting model to feature number 43, LACTOSECAT.PWY
2022-04-22 13:56:00 INFO::Fitting model to feature number 44, MET.SAM.PWY
2022-04-22 13:56:00 INFO::Fitting model to feature number 45, METH.ACETATE.PWY
2022-04-22 13:56:01 INFO::Fitting model to feature number 46, NAD.BIOSYNTHESIS.II
2022-04-22 13:56:01 INFO::Fitting model to feature number 47, NAGLIPASYN.PWY
2022-04-22 13:56:01 INFO::Fitting model to feature number 48, NONMEVIPP.PWY
2022-04-22 13:56:01 INFO::Fitting model to feature number 49, NONOXIPENT.PWY
2022-04-22 13:56:01 INFO::Fitting model to feature number 50, OANTIGEN.PWY
2022-04-22 13:56:01 INFO::Fitting model to feature number 51, P108.PWY
2022-04-22 13:56:01 INFO::Fitting model to feature number 52, P122.PWY
2022-04-22 13:56:01 INFO::Fitting model to feature number 53, P124.PWY
2022-04-22 13:56:01 INFO::Fitting model to feature number 54, P161.PWY
2022-04-22 13:56:01 INFO::Fitting model to feature number 55, P164.PWY
2022-04-22 13:56:01 INFO::Fitting model to feature number 56, P23.PWY
2022-04-22 13:56:01 INFO::Fitting model to feature number 57, P341.PWY
2022-04-22 13:56:01 INFO::Fitting model to feature number 58, P4.PWY
2022-04-22 13:56:01 INFO::Fitting model to feature number 59, P42.PWY
2022-04-22 13:56:01 INFO::Fitting model to feature number 60, P441.PWY
2022-04-22 13:56:01 INFO::Fitting model to feature number 61, P461.PWY
2022-04-22 13:56:01 INFO::Fitting model to feature number 62, P562.PWY
2022-04-22 13:56:01 INFO::Fitting model to feature number 63, PANTO.PWY
2022-04-22 13:56:01 INFO::Fitting model to feature number 64, PANTOSYN.PWY
2022-04-22 13:56:01 INFO::Fitting model to feature number 65, PENTOSE.P.PWY
2022-04-22 13:56:02 INFO::Fitting model to feature number 66, PEPTIDOGLYCANSYN.PWY
2022-04-22 13:56:02 INFO::Fitting model to feature number 67, PHOSLIPSYN.PWY
2022-04-22 13:56:02 INFO::Fitting model to feature number 68, POLYAMINSYN3.PWY
2022-04-22 13:56:02 INFO::Fitting model to feature number 69, POLYAMSYN.PWY
2022-04-22 13:56:02 INFO::Fitting model to feature number 70, POLYISOPRENSYN.PWY
2022-04-22 13:56:02 INFO::Fitting model to feature number 71, PRPP.PWY
2022-04-22 13:56:02 INFO::Fitting model to feature number 72, PWY.1269
2022-04-22 13:56:02 INFO::Fitting model to feature number 73, PWY.1861
2022-04-22 13:56:02 INFO::Fitting model to feature number 74, PWY.2941
2022-04-22 13:56:02 INFO::Fitting model to feature number 75, PWY.2942
2022-04-22 13:56:02 INFO::Fitting model to feature number 76, PWY.3001
2022-04-22 13:56:02 INFO::Fitting model to feature number 77, PWY.3781
2022-04-22 13:56:02 INFO::Fitting model to feature number 78, PWY.4984
2022-04-22 13:56:02 INFO::Fitting model to feature number 79, PWY.5022
2022-04-22 13:56:02 INFO::Fitting model to feature number 80, PWY.5097
2022-04-22 13:56:02 INFO::Fitting model to feature number 81, PWY.5100
2022-04-22 13:56:02 INFO::Fitting model to feature number 82, PWY.5101
2022-04-22 13:56:02 INFO::Fitting model to feature number 83, PWY.5103
2022-04-22 13:56:02 INFO::Fitting model to feature number 84, PWY.5104
2022-04-22 13:56:02 INFO::Fitting model to feature number 85, PWY.5121
2022-04-22 13:56:02 INFO::Fitting model to feature number 86, PWY.5154
2022-04-22 13:56:03 INFO::Fitting model to feature number 87, PWY.5188
2022-04-22 13:56:03 INFO::Fitting model to feature number 88, PWY.5189
2022-04-22 13:56:03 INFO::Fitting model to feature number 89, PWY.5265
2022-04-22 13:56:03 INFO::Fitting model to feature number 90, PWY.5304
2022-04-22 13:56:03 INFO::Fitting model to feature number 91, PWY.5345
2022-04-22 13:56:03 INFO::Fitting model to feature number 92, PWY.5347
2022-04-22 13:56:03 INFO::Fitting model to feature number 93, PWY.5384
2022-04-22 13:56:03 INFO::Fitting model to feature number 94, PWY.5484
2022-04-22 13:56:03 INFO::Fitting model to feature number 95, PWY.5505
2022-04-22 13:56:03 INFO::Fitting model to feature number 96, PWY.5509
2022-04-22 13:56:03 INFO::Fitting model to feature number 97, PWY.5659
2022-04-22 13:56:03 INFO::Fitting model to feature number 98, PWY.5667
2022-04-22 13:56:03 INFO::Fitting model to feature number 99, PWY.5686
2022-04-22 13:56:03 INFO::Fitting model to feature number 100, PWY.5695
2022-04-22 13:56:03 INFO::Fitting model to feature number 101, PWY.5838
2022-04-22 13:56:03 INFO::Fitting model to feature number 102, PWY.5840
2022-04-22 13:56:03 INFO::Fitting model to feature number 103, PWY.5861
2022-04-22 13:56:03 INFO::Fitting model to feature number 104, PWY.5897
2022-04-22 13:56:03 INFO::Fitting model to feature number 105, PWY.5898
2022-04-22 13:56:03 INFO::Fitting model to feature number 106, PWY.5899
2022-04-22 13:56:04 INFO::Fitting model to feature number 107, PWY.5910
2022-04-22 13:56:04 INFO::Fitting model to feature number 108, PWY.5913
2022-04-22 13:56:04 INFO::Fitting model to feature number 109, PWY.5973
2022-04-22 13:56:04 INFO::Fitting model to feature number 110, PWY.6121
2022-04-22 13:56:04 INFO::Fitting model to feature number 111, PWY.6122
2022-04-22 13:56:04 INFO::Fitting model to feature number 112, PWY.6123
2022-04-22 13:56:04 INFO::Fitting model to feature number 113, PWY.6125
2022-04-22 13:56:04 INFO::Fitting model to feature number 114, PWY.6126
2022-04-22 13:56:04 INFO::Fitting model to feature number 115, PWY.6147
2022-04-22 13:56:04 INFO::Fitting model to feature number 116, PWY.6151
2022-04-22 13:56:04 INFO::Fitting model to feature number 117, PWY.6163
2022-04-22 13:56:04 INFO::Fitting model to feature number 118, PWY.621
2022-04-22 13:56:04 INFO::Fitting model to feature number 119, PWY.6263
2022-04-22 13:56:04 INFO::Fitting model to feature number 120, PWY.6269
2022-04-22 13:56:04 INFO::Fitting model to feature number 121, PWY.6277
2022-04-22 13:56:04 INFO::Fitting model to feature number 122, PWY.6317
2022-04-22 13:56:04 INFO::Fitting model to feature number 123, PWY.6353
2022-04-22 13:56:04 INFO::Fitting model to feature number 124, PWY.6385
2022-04-22 13:56:04 INFO::Fitting model to feature number 125, PWY.6386
2022-04-22 13:56:04 INFO::Fitting model to feature number 126, PWY.6387
2022-04-22 13:56:04 INFO::Fitting model to feature number 127, PWY.6467
2022-04-22 13:56:05 INFO::Fitting model to feature number 128, PWY.6470
2022-04-22 13:56:05 INFO::Fitting model to feature number 129, PWY.6471
2022-04-22 13:56:05 INFO::Fitting model to feature number 130, PWY.6478
2022-04-22 13:56:05 INFO::Fitting model to feature number 131, PWY.6507
2022-04-22 13:56:05 INFO::Fitting model to feature number 132, PWY.6545
2022-04-22 13:56:05 INFO::Fitting model to feature number 133, PWY.6588
2022-04-22 13:56:05 INFO::Fitting model to feature number 134, PWY.6608
2022-04-22 13:56:05 INFO::Fitting model to feature number 135, PWY.6609
2022-04-22 13:56:05 INFO::Fitting model to feature number 136, PWY.6612
2022-04-22 13:56:05 INFO::Fitting model to feature number 137, PWY.6628
2022-04-22 13:56:05 INFO::Fitting model to feature number 138, PWY.6630
2022-04-22 13:56:05 INFO::Fitting model to feature number 139, PWY.6700
2022-04-22 13:56:05 INFO::Fitting model to feature number 140, PWY.6703
2022-04-22 13:56:05 INFO::Fitting model to feature number 141, PWY.6737
2022-04-22 13:56:05 INFO::Fitting model to feature number 142, PWY.6892
2022-04-22 13:56:05 INFO::Fitting model to feature number 143, PWY.6895
2022-04-22 13:56:05 INFO::Fitting model to feature number 144, PWY.6897
2022-04-22 13:56:05 INFO::Fitting model to feature number 145, PWY.6901
2022-04-22 13:56:05 INFO::Fitting model to feature number 146, PWY.6969
2022-04-22 13:56:05 INFO::Fitting model to feature number 147, PWY.7003
2022-04-22 13:56:06 INFO::Fitting model to feature number 148, PWY.7013
2022-04-22 13:56:06 INFO::Fitting model to feature number 149, PWY.7111
2022-04-22 13:56:06 INFO::Fitting model to feature number 150, PWY.7184
2022-04-22 13:56:06 INFO::Fitting model to feature number 151, PWY.7187
2022-04-22 13:56:06 INFO::Fitting model to feature number 152, PWY.7196
2022-04-22 13:56:06 INFO::Fitting model to feature number 153, PWY.7197
2022-04-22 13:56:06 INFO::Fitting model to feature number 154, PWY.7199
2022-04-22 13:56:06 INFO::Fitting model to feature number 155, PWY.7200
2022-04-22 13:56:06 INFO::Fitting model to feature number 156, PWY.7208
2022-04-22 13:56:06 INFO::Fitting model to feature number 157, PWY.7211
2022-04-22 13:56:06 INFO::Fitting model to feature number 158, PWY.7219
2022-04-22 13:56:06 INFO::Fitting model to feature number 159, PWY.7220
2022-04-22 13:56:06 INFO::Fitting model to feature number 160, PWY.7221
2022-04-22 13:56:06 INFO::Fitting model to feature number 161, PWY.7222
2022-04-22 13:56:06 INFO::Fitting model to feature number 162, PWY.7228
2022-04-22 13:56:06 INFO::Fitting model to feature number 163, PWY.7229
2022-04-22 13:56:06 INFO::Fitting model to feature number 164, PWY.7234
2022-04-22 13:56:06 INFO::Fitting model to feature number 165, PWY.7237
2022-04-22 13:56:06 INFO::Fitting model to feature number 166, PWY.7242
2022-04-22 13:56:06 INFO::Fitting model to feature number 167, PWY.7315
2022-04-22 13:56:06 INFO::Fitting model to feature number 168, PWY.7323
2022-04-22 13:56:07 INFO::Fitting model to feature number 169, PWY.7328
2022-04-22 13:56:07 INFO::Fitting model to feature number 170, PWY.7332
2022-04-22 13:56:07 INFO::Fitting model to feature number 171, PWY.7371
2022-04-22 13:56:07 INFO::Fitting model to feature number 172, PWY.7374
2022-04-22 13:56:07 INFO::Fitting model to feature number 173, PWY.7377
2022-04-22 13:56:07 INFO::Fitting model to feature number 174, PWY.7392
2022-04-22 13:56:07 INFO::Fitting model to feature number 175, PWY.7400
2022-04-22 13:56:07 INFO::Fitting model to feature number 176, PWY.7456
2022-04-22 13:56:07 INFO::Fitting model to feature number 177, PWY.7539
2022-04-22 13:56:07 INFO::Fitting model to feature number 178, PWY.7560
2022-04-22 13:56:07 INFO::Fitting model to feature number 179, PWY.7663
2022-04-22 13:56:07 INFO::Fitting model to feature number 180, PWY.841
2022-04-22 13:56:07 INFO::Fitting model to feature number 181, PWY.922
2022-04-22 13:56:07 INFO::Fitting model to feature number 182, PWY0.1061
2022-04-22 13:56:07 INFO::Fitting model to feature number 183, PWY0.1241
2022-04-22 13:56:07 INFO::Fitting model to feature number 184, PWY0.1261
2022-04-22 13:56:07 INFO::Fitting model to feature number 185, PWY0.1296
2022-04-22 13:56:07 INFO::Fitting model to feature number 186, PWY0.1297
2022-04-22 13:56:07 INFO::Fitting model to feature number 187, PWY0.1298
2022-04-22 13:56:07 INFO::Fitting model to feature number 188, PWY0.1319
2022-04-22 13:56:07 INFO::Fitting model to feature number 189, PWY0.1479
2022-04-22 13:56:08 INFO::Fitting model to feature number 190, PWY0.1586
2022-04-22 13:56:08 INFO::Fitting model to feature number 191, PWY0.162
2022-04-22 13:56:08 INFO::Fitting model to feature number 192, PWY0.166
2022-04-22 13:56:08 INFO::Fitting model to feature number 193, PWY0.781
2022-04-22 13:56:08 INFO::Fitting model to feature number 194, PWY0.845
2022-04-22 13:56:08 INFO::Fitting model to feature number 195, PWY490.3
2022-04-22 13:56:08 INFO::Fitting model to feature number 196, PWY4FS.7
2022-04-22 13:56:08 INFO::Fitting model to feature number 197, PWY4FS.8
2022-04-22 13:56:08 INFO::Fitting model to feature number 198, PYRIDNUCSAL.PWY
2022-04-22 13:56:08 INFO::Fitting model to feature number 199, PYRIDNUCSYN.PWY
2022-04-22 13:56:08 INFO::Fitting model to feature number 200, PYRIDOXSYN.PWY
2022-04-22 13:56:08 INFO::Fitting model to feature number 201, RHAMCAT.PWY
2022-04-22 13:56:08 INFO::Fitting model to feature number 202, RIBOSYN2.PWY
2022-04-22 13:56:08 INFO::Fitting model to feature number 203, RUMP.PWY
2022-04-22 13:56:08 INFO::Fitting model to feature number 204, SALVADEHYPOX.PWY
2022-04-22 13:56:08 INFO::Fitting model to feature number 205, SER.GLYSYN.PWY
2022-04-22 13:56:08 INFO::Fitting model to feature number 206, SO4ASSIM.PWY
2022-04-22 13:56:08 INFO::Fitting model to feature number 207, SULFATE.CYS.PWY
2022-04-22 13:56:08 INFO::Fitting model to feature number 208, TCA
2022-04-22 13:56:08 INFO::Fitting model to feature number 209, TEICHOICACID.PWY
2022-04-22 13:56:08 INFO::Fitting model to feature number 210, THISYN.PWY
2022-04-22 13:56:09 INFO::Fitting model to feature number 211, THRESYN.PWY
2022-04-22 13:56:09 INFO::Fitting model to feature number 212, TRNA.CHARGING.PWY
2022-04-22 13:56:09 INFO::Fitting model to feature number 213, TRPSYN.PWY
2022-04-22 13:56:09 INFO::Fitting model to feature number 214, UDPNAGSYN.PWY
2022-04-22 13:56:09 INFO::Fitting model to feature number 215, VALSYN.PWY
2022-04-22 13:56:09 INFO::Counting total values for each feature
2022-04-22 13:56:09 INFO::Writing residuals to file CLR-Luminal-ComBat-Maaslin-SeqRunLineSexSite_General-1-MsID/residuals.rds
2022-04-22 13:56:09 INFO::Writing all results to file (ordered by increasing q-values): CLR-Luminal-ComBat-Maaslin-SeqRunLineSexSite_General-1-MsID/all_results.tsv
2022-04-22 13:56:09 INFO::Writing the significant results (those which are less than or equal to the threshold of 0.250000 ) to file (ordered by increasing q-values): CLR-Luminal-ComBat-Maaslin-SeqRunLineSexSite_General-1-MsID/significant_results.tsv
2022-04-22 13:56:09 INFO::Writing heatmap of significant results to file: CLR-Luminal-ComBat-Maaslin-SeqRunLineSexSite_General-1-MsID/heatmap.pdf
2022-04-22 13:56:09 INFO::Writing association plots (one for each significant association) to output folder: CLR-Luminal-ComBat-Maaslin-SeqRunLineSexSite_General-1-MsID
2022-04-22 13:56:09 INFO::Plotting associations from most to least significant, grouped by metadata
2022-04-22 13:56:09 INFO::Plotting data for metadata number 1, Site_General
2022-04-22 13:56:09 INFO::Creating boxplot for categorical data, Site_General vs PWY.6588
2022-04-22 13:56:09 INFO::Creating boxplot for categorical data, Site_General vs PWY.7003
2022-04-22 13:56:09 INFO::Creating boxplot for categorical data, Site_General vs METH.ACETATE.PWY
2022-04-22 13:56:09 INFO::Creating boxplot for categorical data, Site_General vs PWY.7315
2022-04-22 13:56:09 INFO::Creating boxplot for categorical data, Site_General vs POLYAMINSYN3.PWY
2022-04-22 13:56:10 INFO::Creating boxplot for categorical data, Site_General vs PWY.6478
2022-04-22 13:56:10 INFO::Creating boxplot for categorical data, Site_General vs FUC.RHAMCAT.PWY
2022-04-22 13:56:10 INFO::Creating boxplot for categorical data, Site_General vs POLYAMSYN.PWY
2022-04-22 13:56:10 INFO::Creating boxplot for categorical data, Site_General vs PWY.5265
2022-04-22 13:56:10 INFO::Creating boxplot for categorical data, Site_General vs ARG.POLYAMINE.SYN
2022-04-22 13:56:10 INFO::Creating boxplot for categorical data, Site_General vs PWY.6901
2022-04-22 13:56:10 INFO::Creating boxplot for categorical data, Site_General vs HISDEG.PWY
2022-04-22 13:56:10 INFO::Creating boxplot for categorical data, Site_General vs GLYCOLYSIS.E.D
2022-04-22 13:56:10 INFO::Creating boxplot for categorical data, Site_General vs PWY.6470
2022-04-22 13:56:10 INFO::Creating boxplot for categorical data, Site_General vs TEICHOICACID.PWY
2022-04-22 13:56:11 INFO::Creating boxplot for categorical data, Site_General vs PWY0.845
2022-04-22 13:56:11 INFO::Creating boxplot for categorical data, Site_General vs PWY.7456
2022-04-22 13:56:11 INFO::Creating boxplot for categorical data, Site_General vs PYRIDOXSYN.PWY
2022-04-22 13:56:11 INFO::Creating boxplot for categorical data, Site_General vs P441.PWY
2022-04-22 13:56:11 INFO::Creating boxplot for categorical data, Site_General vs P461.PWY
2022-04-22 13:56:11 INFO::Creating boxplot for categorical data, Site_General vs OANTIGEN.PWY
2022-04-22 13:56:11 INFO::Creating boxplot for categorical data, Site_General vs GLYOXYLATE.BYPASS
2022-04-22 13:56:11 INFO::Creating boxplot for categorical data, Site_General vs PWY.6125
2022-04-22 13:56:11 INFO::Creating boxplot for categorical data, Site_General vs PWY.7197
2022-04-22 13:56:11 INFO::Creating boxplot for categorical data, Site_General vs PWY.7184
2022-04-22 13:56:11 INFO::Creating boxplot for categorical data, Site_General vs PWY.7228
2022-04-22 13:56:12 INFO::Creating boxplot for categorical data, Site_General vs PWY.7187
2022-04-22 13:56:12 INFO::Creating boxplot for categorical data, Site_General vs PWY0.166
2022-04-22 13:56:12 INFO::Creating boxplot for categorical data, Site_General vs PWY0.1297
2022-04-22 13:56:12 INFO::Creating boxplot for categorical data, Site_General vs PWY.7220
2022-04-22 13:56:12 INFO::Creating boxplot for categorical data, Site_General vs PWY.7222
2022-04-22 13:56:12 INFO::Creating boxplot for categorical data, Site_General vs PWY0.162
2022-04-22 13:56:12 INFO::Creating boxplot for categorical data, Site_General vs P161.PWY
2022-04-22 13:56:12 INFO::Creating boxplot for categorical data, Site_General vs DENOVOPURINE2.PWY
2022-04-22 13:56:12 INFO::Creating boxplot for categorical data, Site_General vs PWY.841
2022-04-22 13:56:12 INFO::Creating boxplot for categorical data, Site_General vs UDPNAGSYN.PWY
2022-04-22 13:56:13 INFO::Creating boxplot for categorical data, Site_General vs LACTOSECAT.PWY
2022-04-22 13:56:13 INFO::Creating boxplot for categorical data, Site_General vs POLYISOPRENSYN.PWY
2022-04-22 13:56:13 INFO::Creating boxplot for categorical data, Site_General vs PWY.5910
2022-04-22 13:56:13 INFO::Creating boxplot for categorical data, Site_General vs PWY.922
2022-04-22 13:56:13 INFO::Creating boxplot for categorical data, Site_General vs PWY.5100
2022-04-22 13:56:13 INFO::Creating boxplot for categorical data, Site_General vs PWY.6151
2022-04-22 13:56:13 INFO::Creating boxplot for categorical data, Site_General vs PWY.2941
2022-04-22 13:56:13 INFO::Creating boxplot for categorical data, Site_General vs PWY.7377
2022-04-22 13:56:13 INFO::Creating boxplot for categorical data, Site_General vs PWY.7234
2022-04-22 13:56:13 INFO::Creating boxplot for categorical data, Site_General vs P124.PWY
2022-04-22 13:56:14 INFO::Creating boxplot for categorical data, Site_General vs P122.PWY
2022-04-22 13:56:14 INFO::Creating boxplot for categorical data, Site_General vs PWY.3781
2022-04-22 13:56:14 INFO::Creating boxplot for categorical data, Site_General vs PWY.7221
2022-04-22 13:56:14 INFO::Creating boxplot for categorical data, Site_General vs PWY.7229
2022-04-22 13:56:14 INFO::Creating boxplot for categorical data, Site_General vs PWY.6126
2022-04-22 13:56:14 INFO::Creating boxplot for categorical data, Site_General vs PWY.7208
2022-04-22 13:56:14 INFO::Creating boxplot for categorical data, Site_General vs PWY.7196
2022-04-22 13:56:14 INFO::Creating boxplot for categorical data, Site_General vs PWY.5304
2022-04-22 13:56:14 INFO::Creating boxplot for categorical data, Site_General vs COA.PWY
2022-04-22 13:56:14 INFO::Creating boxplot for categorical data, Site_General vs PWY.5484
2022-04-22 13:56:15 INFO::Creating boxplot for categorical data, Site_General vs PWY.6471
2022-04-22 13:56:15 INFO::Creating boxplot for categorical data, Site_General vs PWY4FS.7
2022-04-22 13:56:15 INFO::Creating boxplot for categorical data, Site_General vs PWY4FS.8
2022-04-22 13:56:15 INFO::Creating boxplot for categorical data, Site_General vs PWY.6317
2022-04-22 13:56:15 INFO::Creating boxplot for categorical data, Site_General vs ANAGLYCOLYSIS.PWY
2022-04-22 13:56:15 INFO::Creating boxplot for categorical data, Site_General vs PWY.6387
2022-04-22 13:56:15 INFO::Creating boxplot for categorical data, Site_General vs PEPTIDOGLYCANSYN.PWY
2022-04-22 13:56:15 INFO::Creating boxplot for categorical data, Site_General vs PHOSLIPSYN.PWY
2022-04-22 13:56:15 INFO::Creating boxplot for categorical data, Site_General vs PWY.6385
2022-04-22 13:56:15 INFO::Creating boxplot for categorical data, Site_General vs PWY.6386
2022-04-22 13:56:15 INFO::Creating boxplot for categorical data, Site_General vs FASYN.ELONG.PWY
2022-04-22 13:56:16 INFO::Creating boxplot for categorical data, Site_General vs PWY.6609
2022-04-22 13:56:16 INFO::Creating boxplot for categorical data, Site_General vs PWY.5667
2022-04-22 13:56:16 INFO::Creating boxplot for categorical data, Site_General vs PWY0.1319
2022-04-22 13:56:16 INFO::Creating boxplot for categorical data, Site_General vs PWY.7219
2022-04-22 13:56:16 INFO::Creating boxplot for categorical data, Site_General vs PWY.5686
2022-04-22 13:56:16 INFO::Creating boxplot for categorical data, Site_General vs ANAEROFRUCAT.PWY
2022-04-22 13:56:16 INFO::Creating boxplot for categorical data, Site_General vs PWY0.1296
2022-04-22 13:56:16 INFO::Creating boxplot for categorical data, Site_General vs GLUCONEO.PWY
2022-04-22 13:56:16 INFO::Creating boxplot for categorical data, Site_General vs GLYCOLYSIS
2022-04-22 13:56:17 INFO::Creating boxplot for categorical data, Site_General vs PWY0.1298
2022-04-22 13:56:17 INFO::Creating boxplot for categorical data, Site_General vs HSERMETANA.PWY
2022-04-22 13:56:17 INFO::Creating boxplot for categorical data, Site_General vs THRESYN.PWY
2022-04-22 13:56:17 INFO::Creating boxplot for categorical data, Site_General vs PWY.6123
2022-04-22 13:56:17 INFO::Creating boxplot for categorical data, Site_General vs PWY.2942
2022-04-22 13:56:17 INFO::Creating boxplot for categorical data, Site_General vs PWY.5097
2022-04-22 13:56:17 INFO::Creating boxplot for categorical data, Site_General vs PWY0.1586
2022-04-22 13:56:17 INFO::Creating boxplot for categorical data, Site_General vs PWY.621
2022-04-22 13:56:17 INFO::Creating boxplot for categorical data, Site_General vs PWY.7013
2022-04-22 13:56:17 INFO::Creating boxplot for categorical data, Site_General vs PWY.7663
2022-04-22 13:56:18 INFO::Creating boxplot for categorical data, Site_General vs PWY.6122
2022-04-22 13:56:18 INFO::Creating boxplot for categorical data, Site_General vs PWY.6277
2022-04-22 13:56:18 INFO::Creating boxplot for categorical data, Site_General vs PWY.6121
2022-04-22 13:56:18 INFO::Creating boxplot for categorical data, Site_General vs GOLPDLCAT.PWY
2022-04-22 13:56:18 INFO::Creating boxplot for categorical data, Site_General vs PWY.5384
2022-04-22 13:56:18 INFO::Creating boxplot for categorical data, Site_General vs RHAMCAT.PWY
2022-04-22 13:56:18 INFO::Creating boxplot for categorical data, Site_General vs GLCMANNANAUT.PWY
2022-04-22 13:56:18 INFO::Creating boxplot for categorical data, Site_General vs PWY.5973
2022-04-22 13:56:18 INFO::Creating boxplot for categorical data, Site_General vs PYRIDNUCSAL.PWY
2022-04-22 13:56:18 INFO::Creating boxplot for categorical data, Site_General vs DTDPRHAMSYN.PWY
2022-04-22 13:56:18 INFO::Creating boxplot for categorical data, Site_General vs GLYCOGENSYNTH.PWY
2022-04-22 13:56:19 INFO::Creating boxplot for categorical data, Site_General vs PWY.7211
2022-04-22 13:56:19 INFO::Creating boxplot for categorical data, Site_General vs TRNA.CHARGING.PWY
2022-04-22 13:56:19 INFO::Creating boxplot for categorical data, Site_General vs PWY.5659
2022-04-22 13:56:19 INFO::Creating boxplot for categorical data, Site_General vs PWY.7200
2022-04-22 13:56:19 INFO::Creating boxplot for categorical data, Site_General vs PWY0.1241
2022-04-22 13:56:19 INFO::Creating boxplot for categorical data, Site_General vs PRPP.PWY
2022-04-22 13:56:19 INFO::Creating boxplot for categorical data, Site_General vs PWY.5695
2022-04-22 13:56:19 INFO::Creating boxplot for categorical data, Site_General vs PWY.5838
2022-04-22 13:56:19 INFO::Creating boxplot for categorical data, Site_General vs PWY.5840
2022-04-22 13:56:19 INFO::Creating boxplot for categorical data, Site_General vs PWY.5897
2022-04-22 13:56:20 INFO::Creating boxplot for categorical data, Site_General vs PWY.5898
2022-04-22 13:56:20 INFO::Creating boxplot for categorical data, Site_General vs PWY.5899
2022-04-22 13:56:20 INFO::Creating boxplot for categorical data, Site_General vs PWY.5861
2022-04-22 13:56:20 INFO::Creating boxplot for categorical data, Site_General vs RUMP.PWY
2022-04-22 13:56:20 INFO::Creating boxplot for categorical data, Site_General vs DAPLYSINESYN.PWY
2022-04-22 13:56:20 INFO::Creating boxplot for categorical data, Site_General vs FUCCAT.PWY
2022-04-22 13:56:20 INFO::Creating boxplot for categorical data, Site_General vs TRPSYN.PWY
2022-04-22 13:56:20 INFO::Creating boxplot for categorical data, Site_General vs PWY.5913
2022-04-22 13:56:20 INFO::Creating boxplot for categorical data, Site_General vs PWY.7242
2022-04-22 13:56:20 INFO::Creating boxplot for categorical data, Site_General vs SALVADEHYPOX.PWY
2022-04-22 13:56:21 INFO::Creating boxplot for categorical data, Site_General vs PWY.6969
2022-04-22 13:56:21 INFO::Creating boxplot for categorical data, Site_General vs GALACTUROCAT.PWY
2022-04-22 13:56:21 INFO::Creating boxplot for categorical data, Site_General vs PWY.7374
2022-04-22 13:56:21 INFO::Creating boxplot for categorical data, Site_General vs PWY.6353
2022-04-22 13:56:21 INFO::Creating boxplot for categorical data, Site_General vs PWY.6507
2022-04-22 13:56:21 INFO::Creating boxplot for categorical data, Site_General vs GALACT.GLUCUROCAT.PWY
2022-04-22 13:56:21 INFO::Creating boxplot for categorical data, Site_General vs PWY.4984
2022-04-22 13:56:21 INFO::Creating boxplot for categorical data, Site_General vs PWY.5154
2022-04-22 13:56:21 INFO::Creating boxplot for categorical data, Site_General vs PWY.7237
2022-04-22 13:56:22 INFO::Creating boxplot for categorical data, Site_General vs P108.PWY
2022-04-22 13:56:22 INFO::Creating boxplot for categorical data, Site_General vs TCA
2022-04-22 13:56:22 INFO::Creating boxplot for categorical data, Site_General vs PWY.5345
2022-04-22 13:56:22 INFO::Creating boxplot for categorical data, Site_General vs PWY.6545
2022-04-22 13:56:22 INFO::Creating boxplot for categorical data, Site_General vs HOMOSER.METSYN.PWY
2022-04-22 13:56:22 INFO::Creating boxplot for categorical data, Site_General vs PWY.5347
2022-04-22 13:56:22 INFO::Creating boxplot for categorical data, Site_General vs PWY.6608
2022-04-22 13:56:22 INFO::Creating boxplot for categorical data, Site_General vs NONOXIPENT.PWY
2022-04-22 13:56:22 INFO::Creating boxplot for categorical data, Site_General vs P42.PWY
2022-04-22 13:56:22 INFO::Creating boxplot for categorical data, Site_General vs PWY0.1261
2022-04-22 13:56:23 INFO::Creating boxplot for categorical data, Site_General vs GLUCUROCAT.PWY
2022-04-22 13:56:23 INFO::Creating boxplot for categorical data, Site_General vs MET.SAM.PWY
2022-04-22 13:56:23 INFO::Creating boxplot for categorical data, Site_General vs P164.PWY
2022-04-22 13:56:23 INFO::Creating boxplot for categorical data, Site_General vs PWY.7323
2022-04-22 13:56:23 INFO::Creating boxplot for categorical data, Site_General vs FOLSYN.PWY
2022-04-22 13:56:23 INFO::Creating boxplot for categorical data, Site_General vs HISTSYN.PWY
2022-04-22 13:56:23 INFO::Creating boxplot for categorical data, Site_General vs PWY.5022
2022-04-22 13:56:23 INFO::Creating boxplot for categorical data, Site_General vs PWY.6897
2022-04-22 13:56:23 INFO::Creating boxplot for categorical data, Site_General vs THISYN.PWY
2022-04-22 13:56:23 INFO::Creating boxplot for categorical data, Site_General vs PWY.7332
2022-04-22 13:56:24 INFO::Creating boxplot for categorical data, Site_General vs PWY.6703
2022-04-22 13:56:24 INFO::Creating boxplot for categorical data, Site_General vs PWY490.3
2022-04-22 13:56:24 INFO::Creating boxplot for categorical data, Site_General vs PWY0.781
2022-04-22 13:56:24 INFO::Creating boxplot for categorical data, Site_General vs PWY.7371
2022-04-22 13:56:24 INFO::Creating boxplot for categorical data, Site_General vs COLANSYN.PWY
2022-04-22 13:56:24 INFO::Creating boxplot for categorical data, Site_General vs HEXITOLDEGSUPER.PWY
2022-04-22 13:56:24 INFO::Creating boxplot for categorical data, Site_General vs ARO.PWY
2022-04-22 13:56:24 INFO::Creating boxplot for categorical data, Site_General vs PWY.6163
2022-04-22 13:56:24 INFO::Creating boxplot for categorical data, Site_General vs PWY.1861
2022-04-22 13:56:25 INFO::Creating boxplot for categorical data, Site_General vs GLUTORN.PWY
2022-04-22 13:56:25 INFO::Creating boxplot for categorical data, Site_General vs PANTO.PWY
2022-04-22 13:56:25 INFO::Creating boxplot for categorical data, Site_General vs P4.PWY
2022-04-22 13:56:25 INFO::Creating boxplot for categorical data, Site_General vs PWY.6263
2022-04-22 13:56:25 INFO::Creating boxplot for categorical data, Site_General vs COMPLETE.ARO.PWY
2022-04-22 13:56:25 INFO::Creating boxplot for categorical data, Site_General vs PWY.7199
2022-04-22 13:56:25 INFO::Creating boxplot for categorical data, Site_General vs PWY.5189
2022-04-22 13:56:25 INFO::Creating boxplot for categorical data, Site_General vs PWY.6612
2022-04-22 13:56:25 INFO::Creating boxplot for categorical data, Site_General vs PWY.6895
2022-04-22 13:56:25 INFO::Creating boxplot for categorical data, Site_General vs HEMESYN2.PWY
2022-04-22 13:56:26 INFO::Creating boxplot for categorical data, Site_General vs PWY.5104
2022-04-22 13:56:26 INFO::Creating boxplot for categorical data, Site_General vs PWY.6892
2022-04-22 13:56:26 INFO::Creating boxplot for categorical data, Site_General vs PWY.5103
2022-04-22 13:56:26 INFO::Creating boxplot for categorical data, Site_General vs NAGLIPASYN.PWY
2022-04-22 13:56:26 INFO::Creating boxplot for categorical data, Site_General vs PWY.5188
2022-04-22 13:56:26 INFO::Creating boxplot for categorical data, Site_General vs PWY.6467
2022-04-22 13:56:26 INFO::Creating boxplot for categorical data, Site_General vs PWY.5505
2022-04-22 13:56:26 INFO::Creating boxplot for categorical data, Site_General vs PANTOSYN.PWY
2022-04-22 13:56:26 INFO::Creating boxplot for categorical data, Site_General vs PWY.6628
2022-04-22 13:56:27 INFO::Creating boxplot for categorical data, Site_General vs PWY.6630
2022-04-22 13:56:27 INFO::Creating boxplot for categorical data, Site_General vs PWY.5101
2022-04-22 13:56:27 INFO::Creating boxplot for categorical data, Site_General vs PWY.7392
2022-04-22 13:56:27 INFO::Creating boxplot for categorical data, Site_General vs CALVIN.PWY
2022-04-22 13:56:27 INFO::Creating boxplot for categorical data, Site_General vs PWY.7539
2022-04-22 13:56:27 INFO::Creating boxplot for categorical data, Site_General vs PWY.1269
2022-04-22 13:56:27 INFO::Creating boxplot for categorical data, Site_General vs BRANCHED.CHAIN.AA.SYN.PWY
2022-04-22 13:56:27 INFO::Creating boxplot for categorical data, Site_General vs P23.PWY
2022-04-22 13:56:27 INFO::Creating boxplot for categorical data, Site_General vs ILEUSYN.PWY
2022-04-22 13:56:28 INFO::Creating boxplot for categorical data, Site_General vs VALSYN.PWY
2022-04-22 13:56:28 INFO::Creating boxplot for categorical data, Site_General vs PWY.6700
2022-04-22 13:56:28 INFO::Creating boxplot for categorical data, Site_General vs PWY.6147
2022-04-22 13:56:28 INFO::Creating boxplot for categorical data, Site_General vs P562.PWY
2022-04-22 13:56:28 INFO::Creating boxplot for categorical data, Site_General vs PWY.7111
2022-04-22 13:56:28 INFO::Creating boxplot for categorical data, Site_General vs P341.PWY
2022-04-22 13:56:28 INFO::Creating boxplot for categorical data, Site_General vs NAD.BIOSYNTHESIS.II
2022-04-22 13:56:28 INFO::Creating boxplot for categorical data, Site_General vs GLYCOCAT.PWY
2022-04-22 13:56:28 INFO::Creating boxplot for categorical data, Site_General vs SO4ASSIM.PWY
2022-04-22 13:56:28 INFO::Creating boxplot for categorical data, Site_General vs PENTOSE.P.PWY
2022-04-22 13:56:28 INFO::Creating boxplot for categorical data, Site_General vs PWY.3001
2022-04-22 13:56:29 INFO::Creating boxplot for categorical data, Site_General vs FERMENTATION.PWY
2022-04-22 13:56:29 INFO::Creating boxplot for categorical data, Site_General vs SER.GLYSYN.PWY
2022-04-22 13:56:29 INFO::Plotting data for metadata number 2, Sequencing_Run
2022-04-22 13:56:29 INFO::Creating boxplot for categorical data, Sequencing_Run vs PWY.6478
2022-04-22 13:56:29 INFO::Creating boxplot for categorical data, Sequencing_Run vs PENTOSE.P.PWY
2022-04-22 13:56:29 INFO::Creating boxplot for categorical data, Sequencing_Run vs FUC.RHAMCAT.PWY
2022-04-22 13:56:29 INFO::Creating boxplot for categorical data, Sequencing_Run vs RIBOSYN2.PWY
2022-04-22 13:56:29 INFO::Creating boxplot for categorical data, Sequencing_Run vs PWY.6478
2022-04-22 13:56:30 INFO::Creating boxplot for categorical data, Sequencing_Run vs HEMESYN2.PWY
2022-04-22 13:56:30 INFO::Creating boxplot for categorical data, Sequencing_Run vs FERMENTATION.PWY
2022-04-22 13:56:30 INFO::Creating boxplot for categorical data, Sequencing_Run vs GLUCUROCAT.PWY
2022-04-22 13:56:30 INFO::Creating boxplot for categorical data, Sequencing_Run vs P441.PWY
2022-04-22 13:56:30 INFO::Creating boxplot for categorical data, Sequencing_Run vs PWY.7242
2022-04-22 13:56:30 INFO::Creating boxplot for categorical data, Sequencing_Run vs GALACT.GLUCUROCAT.PWY
2022-04-22 13:56:30 INFO::Creating boxplot for categorical data, Sequencing_Run vs FUCCAT.PWY
2022-04-22 13:56:30 INFO::Creating boxplot for categorical data, Sequencing_Run vs PWY.6897
2022-04-22 13:56:30 INFO::Creating boxplot for categorical data, Sequencing_Run vs PYRIDNUCSAL.PWY
2022-04-22 13:56:30 INFO::Creating boxplot for categorical data, Sequencing_Run vs GALACTUROCAT.PWY
2022-04-22 13:56:30 INFO::Creating boxplot for categorical data, Sequencing_Run vs PENTOSE.P.PWY
2022-04-22 13:56:31 INFO::Creating boxplot for categorical data, Sequencing_Run vs FERMENTATION.PWY
2022-04-22 13:56:31 INFO::Creating boxplot for categorical data, Sequencing_Run vs NAD.BIOSYNTHESIS.II
2022-04-22 13:56:31 INFO::Creating boxplot for categorical data, Sequencing_Run vs FOLSYN.PWY
2022-04-22 13:56:31 INFO::Creating boxplot for categorical data, Sequencing_Run vs TRNA.CHARGING.PWY
2022-04-22 13:56:31 INFO::Creating boxplot for categorical data, Sequencing_Run vs GLYCOLYSIS.E.D
2022-04-22 13:56:31 INFO::Creating boxplot for categorical data, Sequencing_Run vs TRPSYN.PWY
2022-04-22 13:56:31 INFO::Creating boxplot for categorical data, Sequencing_Run vs CALVIN.PWY
2022-04-22 13:56:31 INFO::Creating boxplot for categorical data, Sequencing_Run vs RIBOSYN2.PWY
2022-04-22 13:56:31 INFO::Creating boxplot for categorical data, Sequencing_Run vs P164.PWY
2022-04-22 13:56:31 INFO::Creating boxplot for categorical data, Sequencing_Run vs PWY.6612
2022-04-22 13:56:32 INFO::Creating boxplot for categorical data, Sequencing_Run vs X1CMET2.PWY
2022-04-22 13:56:32 INFO::Creating boxplot for categorical data, Sequencing_Run vs GLYCOCAT.PWY
2022-04-22 13:56:32 INFO::Creating boxplot for categorical data, Sequencing_Run vs FUC.RHAMCAT.PWY
2022-04-22 13:56:32 INFO::Creating boxplot for categorical data, Sequencing_Run vs PWY.6507
2022-04-22 13:56:32 INFO::Creating boxplot for categorical data, Sequencing_Run vs PWY.3001
2022-04-22 13:56:32 INFO::Creating boxplot for categorical data, Sequencing_Run vs PWY.6892
2022-04-22 13:56:32 INFO::Creating boxplot for categorical data, Sequencing_Run vs PWY.7200
2022-04-22 13:56:32 INFO::Creating boxplot for categorical data, Sequencing_Run vs PWY.7392
2022-04-22 13:56:32 INFO::Creating boxplot for categorical data, Sequencing_Run vs PWY.7237
2022-04-22 13:56:32 INFO::Creating boxplot for categorical data, Sequencing_Run vs PWY.7242
2022-04-22 13:56:33 INFO::Creating boxplot for categorical data, Sequencing_Run vs PWY.5304
2022-04-22 13:56:33 INFO::Creating boxplot for categorical data, Sequencing_Run vs PWY0.1261
2022-04-22 13:56:33 INFO::Creating boxplot for categorical data, Sequencing_Run vs GLUCUROCAT.PWY
2022-04-22 13:56:33 INFO::Creating boxplot for categorical data, Sequencing_Run vs PWY.7111
2022-04-22 13:56:33 INFO::Creating boxplot for categorical data, Sequencing_Run vs GLYCOLYSIS
2022-04-22 13:56:33 INFO::Creating boxplot for categorical data, Sequencing_Run vs PWY.5484
2022-04-22 13:56:33 INFO::Creating boxplot for categorical data, Sequencing_Run vs GLUCONEO.PWY
2022-04-22 13:56:33 INFO::Creating boxplot for categorical data, Sequencing_Run vs PWY0.1586
2022-04-22 13:56:33 INFO::Creating boxplot for categorical data, Sequencing_Run vs TRNA.CHARGING.PWY
2022-04-22 13:56:34 INFO::Creating boxplot for categorical data, Sequencing_Run vs PWY.7196
2022-04-22 13:56:34 INFO::Creating boxplot for categorical data, Sequencing_Run vs PWY.621
2022-04-22 13:56:34 INFO::Creating boxplot for categorical data, Sequencing_Run vs SER.GLYSYN.PWY
2022-04-22 13:56:34 INFO::Creating boxplot for categorical data, Sequencing_Run vs GLYCOCAT.PWY
2022-04-22 13:56:34 INFO::Creating boxplot for categorical data, Sequencing_Run vs PWY.6353
2022-04-22 13:56:34 INFO::Creating boxplot for categorical data, Sequencing_Run vs PWY.6608
2022-04-22 13:56:34 INFO::Creating boxplot for categorical data, Sequencing_Run vs ANAEROFRUCAT.PWY
2022-04-22 13:56:34 INFO::Creating boxplot for categorical data, Sequencing_Run vs ILEUSYN.PWY
2022-04-22 13:56:34 INFO::Creating boxplot for categorical data, Sequencing_Run vs VALSYN.PWY
2022-04-22 13:56:34 INFO::Creating boxplot for categorical data, Sequencing_Run vs GALACT.GLUCUROCAT.PWY
2022-04-22 13:56:35 INFO::Creating boxplot for categorical data, Sequencing_Run vs P441.PWY
2022-04-22 13:56:35 INFO::Creating boxplot for categorical data, Sequencing_Run vs GLYCOGENSYNTH.PWY
2022-04-22 13:56:35 INFO::Creating boxplot for categorical data, Sequencing_Run vs P461.PWY
2022-04-22 13:56:35 INFO::Creating boxplot for categorical data, Sequencing_Run vs PYRIDNUCSAL.PWY
2022-04-22 13:56:35 INFO::Creating boxplot for categorical data, Sequencing_Run vs PWY0.1479
2022-04-22 13:56:35 INFO::Creating boxplot for categorical data, Sequencing_Run vs PWY.5913
2022-04-22 13:56:35 INFO::Creating boxplot for categorical data, Sequencing_Run vs PWY.6703
2022-04-22 13:56:35 INFO::Creating boxplot for categorical data, Sequencing_Run vs HEMESYN2.PWY
2022-04-22 13:56:35 INFO::Creating boxplot for categorical data, Sequencing_Run vs POLYAMINSYN3.PWY
2022-04-22 13:56:35 INFO::Creating boxplot for categorical data, Sequencing_Run vs PWY.5104
2022-04-22 13:56:36 INFO::Creating boxplot for categorical data, Sequencing_Run vs FUCCAT.PWY
2022-04-22 13:56:36 INFO::Creating boxplot for categorical data, Sequencing_Run vs PWY.6737
2022-04-22 13:56:36 INFO::Creating boxplot for categorical data, Sequencing_Run vs PWY.6897
2022-04-22 13:56:36 INFO::Creating boxplot for categorical data, Sequencing_Run vs PWY.5101
2022-04-22 13:56:36 INFO::Creating boxplot for categorical data, Sequencing_Run vs X1CMET2.PWY
2022-04-22 13:56:36 INFO::Creating boxplot for categorical data, Sequencing_Run vs BRANCHED.CHAIN.AA.SYN.PWY
2022-04-22 13:56:36 INFO::Creating boxplot for categorical data, Sequencing_Run vs PWY.621
2022-04-22 13:56:36 INFO::Creating boxplot for categorical data, Sequencing_Run vs GALACTUROCAT.PWY
2022-04-22 13:56:36 INFO::Creating boxplot for categorical data, Sequencing_Run vs HEXITOLDEGSUPER.PWY
2022-04-22 13:56:36 INFO::Creating boxplot for categorical data, Sequencing_Run vs P562.PWY
2022-04-22 13:56:37 INFO::Creating boxplot for categorical data, Sequencing_Run vs P562.PWY
2022-04-22 13:56:37 INFO::Creating boxplot for categorical data, Sequencing_Run vs ARG.POLYAMINE.SYN
2022-04-22 13:56:37 INFO::Creating boxplot for categorical data, Sequencing_Run vs NONOXIPENT.PWY
2022-04-22 13:56:37 INFO::Creating boxplot for categorical data, Sequencing_Run vs ANAGLYCOLYSIS.PWY
2022-04-22 13:56:37 INFO::Creating boxplot for categorical data, Sequencing_Run vs SALVADEHYPOX.PWY
2022-04-22 13:56:37 INFO::Creating boxplot for categorical data, Sequencing_Run vs POLYAMSYN.PWY
2022-04-22 13:56:37 INFO::Creating boxplot for categorical data, Sequencing_Run vs GLCMANNANAUT.PWY
2022-04-22 13:56:37 INFO::Creating boxplot for categorical data, Sequencing_Run vs PWY0.1586
2022-04-22 13:56:37 INFO::Creating boxplot for categorical data, Sequencing_Run vs THRESYN.PWY
2022-04-22 13:56:38 INFO::Creating boxplot for categorical data, Sequencing_Run vs PANTOSYN.PWY
2022-04-22 13:56:38 INFO::Creating boxplot for categorical data, Sequencing_Run vs GLYCOLYSIS
2022-04-22 13:56:38 INFO::Creating boxplot for categorical data, Sequencing_Run vs PYRIDNUCSYN.PWY
2022-04-22 13:56:38 INFO::Creating boxplot for categorical data, Sequencing_Run vs P341.PWY
2022-04-22 13:56:38 INFO::Creating boxplot for categorical data, Sequencing_Run vs PWY.5097
2022-04-22 13:56:38 INFO::Creating boxplot for categorical data, Sequencing_Run vs PWY.2942
2022-04-22 13:56:38 INFO::Creating boxplot for categorical data, Sequencing_Run vs PWY.5484
2022-04-22 13:56:38 INFO::Creating boxplot for categorical data, Sequencing_Run vs PWY.5667
2022-04-22 13:56:38 INFO::Creating boxplot for categorical data, Sequencing_Run vs PWY0.1319
2022-04-22 13:56:38 INFO::Creating boxplot for categorical data, Sequencing_Run vs PWY4FS.7
2022-04-22 13:56:39 INFO::Creating boxplot for categorical data, Sequencing_Run vs PWY4FS.8
2022-04-22 13:56:39 INFO::Creating boxplot for categorical data, Sequencing_Run vs METH.ACETATE.PWY
2022-04-22 13:56:39 INFO::Creating boxplot for categorical data, Sequencing_Run vs PWY.3001
2022-04-22 13:56:39 INFO::Creating boxplot for categorical data, Sequencing_Run vs PWY.7219
2022-04-22 13:56:39 INFO::Creating boxplot for categorical data, Sequencing_Run vs GLYCOGENSYNTH.PWY
2022-04-22 13:56:39 INFO::Creating boxplot for categorical data, Sequencing_Run vs PHOSLIPSYN.PWY
2022-04-22 13:56:39 INFO::Creating boxplot for categorical data, Sequencing_Run vs PWY.7221
2022-04-22 13:56:39 INFO::Creating boxplot for categorical data, Sequencing_Run vs GLUCONEO.PWY
2022-04-22 13:56:39 INFO::Creating boxplot for categorical data, Sequencing_Run vs PWY.7400
2022-04-22 13:56:40 INFO::Creating boxplot for categorical data, Sequencing_Run vs ARGSYN.PWY
2022-04-22 13:56:40 INFO::Creating boxplot for categorical data, Sequencing_Run vs PWY.7539
2022-04-22 13:56:40 INFO::Creating boxplot for categorical data, Sequencing_Run vs SER.GLYSYN.PWY
2022-04-22 13:56:40 INFO::Creating boxplot for categorical data, Sequencing_Run vs PWY.5103
2022-04-22 13:56:40 INFO::Creating boxplot for categorical data, Sequencing_Run vs PWY.5686
2022-04-22 13:56:40 INFO::Creating boxplot for categorical data, Sequencing_Run vs GLCMANNANAUT.PWY
2022-04-22 13:56:40 INFO::Creating boxplot for categorical data, Sequencing_Run vs PWY4FS.7
2022-04-22 13:56:40 INFO::Creating boxplot for categorical data, Sequencing_Run vs PWY4FS.8
2022-04-22 13:56:40 INFO::Creating boxplot for categorical data, Sequencing_Run vs ANAGLYCOLYSIS.PWY
2022-04-22 13:56:40 INFO::Creating boxplot for categorical data, Sequencing_Run vs PWY.5100
2022-04-22 13:56:41 INFO::Creating boxplot for categorical data, Sequencing_Run vs PWY.6609
2022-04-22 13:56:41 INFO::Creating boxplot for categorical data, Sequencing_Run vs ASPASN.PWY
2022-04-22 13:56:41 INFO::Creating boxplot for categorical data, Sequencing_Run vs TCA
2022-04-22 13:56:41 INFO::Creating boxplot for categorical data, Sequencing_Run vs PWY.6386
2022-04-22 13:56:41 INFO::Creating boxplot for categorical data, Sequencing_Run vs PWY.5100
2022-04-22 13:56:41 INFO::Creating boxplot for categorical data, Sequencing_Run vs THRESYN.PWY
2022-04-22 13:56:41 INFO::Creating boxplot for categorical data, Sequencing_Run vs METH.ACETATE.PWY
2022-04-22 13:56:41 INFO::Creating boxplot for categorical data, Sequencing_Run vs PHOSLIPSYN.PWY
2022-04-22 13:56:41 INFO::Creating boxplot for categorical data, Sequencing_Run vs PWY.5667
2022-04-22 13:56:41 INFO::Creating boxplot for categorical data, Sequencing_Run vs PWY.7111
2022-04-22 13:56:42 INFO::Creating boxplot for categorical data, Sequencing_Run vs PWY0.1297
2022-04-22 13:56:42 INFO::Creating boxplot for categorical data, Sequencing_Run vs PWY0.1319
2022-04-22 13:56:42 INFO::Creating boxplot for categorical data, Sequencing_Run vs FOLSYN.PWY
2022-04-22 13:56:42 INFO::Creating boxplot for categorical data, Sequencing_Run vs PWY.7237
2022-04-22 13:56:42 INFO::Creating boxplot for categorical data, Sequencing_Run vs TRPSYN.PWY
2022-04-22 13:56:42 INFO::Creating boxplot for categorical data, Sequencing_Run vs PWY.6385
2022-04-22 13:56:42 INFO::Creating boxplot for categorical data, Sequencing_Run vs PEPTIDOGLYCANSYN.PWY
2022-04-22 13:56:42 INFO::Creating boxplot for categorical data, Sequencing_Run vs PWY.7208
2022-04-22 13:56:42 INFO::Creating boxplot for categorical data, Sequencing_Run vs PWY.6471
2022-04-22 13:56:43 INFO::Creating boxplot for categorical data, Sequencing_Run vs PANTO.PWY
2022-04-22 13:56:43 INFO::Creating boxplot for categorical data, Sequencing_Run vs PWY.6387
2022-04-22 13:56:43 INFO::Creating boxplot for categorical data, Sequencing_Run vs PWY.6507
2022-04-22 13:56:43 INFO::Creating boxplot for categorical data, Sequencing_Run vs PWY.5097
2022-04-22 13:56:43 INFO::Creating boxplot for categorical data, Sequencing_Run vs PWY.6147
2022-04-22 13:56:43 INFO::Creating boxplot for categorical data, Sequencing_Run vs PWY.7219
2022-04-22 13:56:43 INFO::Creating boxplot for categorical data, Sequencing_Run vs PWY.6737
2022-04-22 13:56:43 INFO::Creating boxplot for categorical data, Sequencing_Run vs PWY.7221
2022-04-22 13:56:43 INFO::Creating boxplot for categorical data, Sequencing_Run vs PWY.6969
2022-04-22 13:56:44 INFO::Creating boxplot for categorical data, Sequencing_Run vs PWY.6126
2022-04-22 13:56:44 INFO::Creating boxplot for categorical data, Sequencing_Run vs PWY.7229
2022-04-22 13:56:44 INFO::Creating boxplot for categorical data, Sequencing_Run vs PWY.2942
2022-04-22 13:56:44 INFO::Creating boxplot for categorical data, Sequencing_Run vs PWY.6386
2022-04-22 13:56:44 INFO::Creating boxplot for categorical data, Sequencing_Run vs NAD.BIOSYNTHESIS.II
2022-04-22 13:56:44 INFO::Creating boxplot for categorical data, Sequencing_Run vs PWY.5973
2022-04-22 13:56:44 INFO::Creating boxplot for categorical data, Sequencing_Run vs PWY.6385
2022-04-22 13:56:44 INFO::Creating boxplot for categorical data, Sequencing_Run vs PWY.6269
2022-04-22 13:56:44 INFO::Creating boxplot for categorical data, Sequencing_Run vs PWY.6122
2022-04-22 13:56:45 INFO::Creating boxplot for categorical data, Sequencing_Run vs PWY.6277
2022-04-22 13:56:45 INFO::Creating boxplot for categorical data, Sequencing_Run vs PWY.6317
2022-04-22 13:56:45 INFO::Creating boxplot for categorical data, Sequencing_Run vs ILEUSYN.PWY
2022-04-22 13:56:45 INFO::Creating boxplot for categorical data, Sequencing_Run vs PWY.6121
2022-04-22 13:56:45 INFO::Creating boxplot for categorical data, Sequencing_Run vs VALSYN.PWY
2022-04-22 13:56:45 INFO::Creating boxplot for categorical data, Sequencing_Run vs PWY.5509
2022-04-22 13:56:45 INFO::Creating boxplot for categorical data, Sequencing_Run vs PWY.5686
2022-04-22 13:56:45 INFO::Creating boxplot for categorical data, Sequencing_Run vs PWY.7663
2022-04-22 13:56:45 INFO::Creating boxplot for categorical data, Sequencing_Run vs PWY.6126
2022-04-22 13:56:45 INFO::Creating boxplot for categorical data, Sequencing_Run vs ARGSYNBSUB.PWY
2022-04-22 13:56:46 INFO::Creating boxplot for categorical data, Sequencing_Run vs COA.PWY
2022-04-22 13:56:46 INFO::Creating boxplot for categorical data, Sequencing_Run vs PWY.7208
2022-04-22 13:56:46 INFO::Creating boxplot for categorical data, Sequencing_Run vs PWY.7229
2022-04-22 13:56:46 INFO::Creating boxplot for categorical data, Sequencing_Run vs ANAEROFRUCAT.PWY
2022-04-22 13:56:46 INFO::Creating boxplot for categorical data, Sequencing_Run vs PEPTIDOGLYCANSYN.PWY
2022-04-22 13:56:46 INFO::Creating boxplot for categorical data, Sequencing_Run vs PWY.6387
2022-04-22 13:56:46 INFO::Creating boxplot for categorical data, Sequencing_Run vs PWY.841
2022-04-22 13:56:46 INFO::Creating boxplot for categorical data, Sequencing_Run vs P23.PWY
2022-04-22 13:56:46 INFO::Creating boxplot for categorical data, Sequencing_Run vs PWY.5101
2022-04-22 13:56:47 INFO::Creating boxplot for categorical data, Sequencing_Run vs PWY.6123
2022-04-22 13:56:47 INFO::Creating boxplot for categorical data, Sequencing_Run vs DENOVOPURINE2.PWY
2022-04-22 13:56:47 INFO::Creating boxplot for categorical data, Sequencing_Run vs P42.PWY
2022-04-22 13:56:47 INFO::Creating boxplot for categorical data, Sequencing_Run vs PWY.6612
2022-04-22 13:56:47 INFO::Creating boxplot for categorical data, Sequencing_Run vs PWY.6471
2022-04-22 13:56:47 INFO::Creating boxplot for categorical data, Sequencing_Run vs PWY0.162
2022-04-22 13:56:47 INFO::Creating boxplot for categorical data, Sequencing_Run vs BRANCHED.CHAIN.AA.SYN.PWY
2022-04-22 13:56:47 INFO::Creating boxplot for categorical data, Sequencing_Run vs COBALSYN.PWY
2022-04-22 13:56:47 INFO::Creating boxplot for categorical data, Sequencing_Run vs PWY.5104
2022-04-22 13:56:48 INFO::Creating boxplot for categorical data, Sequencing_Run vs FASYN.ELONG.PWY
2022-04-22 13:56:48 INFO::Creating boxplot for categorical data, Sequencing_Run vs PWY.6609
2022-04-22 13:56:48 INFO::Creating boxplot for categorical data, Sequencing_Run vs THISYN.PWY
2022-04-22 13:56:48 INFO::Creating boxplot for categorical data, Sequencing_Run vs PWY0.1296
2022-04-22 13:56:48 INFO::Creating boxplot for categorical data, Sequencing_Run vs PWY.6151
2022-04-22 13:56:48 INFO::Creating boxplot for categorical data, Sequencing_Run vs PWY0.1298
2022-04-22 13:56:48 INFO::Creating boxplot for categorical data, Sequencing_Run vs CALVIN.PWY
2022-04-22 13:56:48 INFO::Creating boxplot for categorical data, Sequencing_Run vs POLYISOPRENSYN.PWY
2022-04-22 13:56:48 INFO::Creating boxplot for categorical data, Sequencing_Run vs PWY.5913
2022-04-22 13:56:49 INFO::Creating boxplot for categorical data, Sequencing_Run vs PWY.5659
2022-04-22 13:56:49 INFO::Creating boxplot for categorical data, Sequencing_Run vs PWY.4984
2022-04-22 13:56:49 INFO::Creating boxplot for categorical data, Sequencing_Run vs PWY0.1297
2022-04-22 13:56:49 INFO::Creating boxplot for categorical data, Sequencing_Run vs PWY.6317
2022-04-22 13:56:49 INFO::Creating boxplot for categorical data, Sequencing_Run vs PWY.7199
2022-04-22 13:56:49 INFO::Creating boxplot for categorical data, Sequencing_Run vs COLANSYN.PWY
2022-04-22 13:56:49 INFO::Creating boxplot for categorical data, Sequencing_Run vs POLYISOPRENSYN.PWY
2022-04-22 13:56:49 INFO::Creating boxplot for categorical data, Sequencing_Run vs COA.PWY
2022-04-22 13:56:49 INFO::Creating boxplot for categorical data, Sequencing_Run vs P164.PWY
2022-04-22 13:56:50 INFO::Creating boxplot for categorical data, Sequencing_Run vs PWY.7187
2022-04-22 13:56:50 INFO::Creating boxplot for categorical data, Sequencing_Run vs PWY.5188
2022-04-22 13:56:50 INFO::Creating boxplot for categorical data, Sequencing_Run vs PWY.6125
2022-04-22 13:56:50 INFO::Creating boxplot for categorical data, Sequencing_Run vs PWY.6122
2022-04-22 13:56:50 INFO::Creating boxplot for categorical data, Sequencing_Run vs PWY.6277
2022-04-22 13:56:50 INFO::Creating boxplot for categorical data, Sequencing_Run vs GLYCOLYSIS.E.D
2022-04-22 13:56:50 INFO::Creating boxplot for categorical data, Sequencing_Run vs PWY.5103
2022-04-22 13:56:50 INFO::Creating boxplot for categorical data, Sequencing_Run vs P161.PWY
2022-04-22 13:56:50 INFO::Creating boxplot for categorical data, Sequencing_Run vs PWY.6121
2022-04-22 13:56:51 INFO::Creating boxplot for categorical data, Sequencing_Run vs PWY0.166
2022-04-22 13:56:51 INFO::Creating boxplot for categorical data, Sequencing_Run vs PWY.6151
2022-04-22 13:56:51 INFO::Creating boxplot for categorical data, Sequencing_Run vs PWY.6123
2022-04-22 13:56:51 INFO::Creating boxplot for categorical data, Sequencing_Run vs TCA
2022-04-22 13:56:51 INFO::Creating boxplot for categorical data, Sequencing_Run vs PWY.7663
2022-04-22 13:56:51 INFO::Creating boxplot for categorical data, Sequencing_Run vs PWY.7228
2022-04-22 13:56:51 INFO::Creating boxplot for categorical data, Sequencing_Run vs PWY.7196
2022-04-22 13:56:51 INFO::Creating boxplot for categorical data, Sequencing_Run vs SULFATE.CYS.PWY
2022-04-22 13:56:51 INFO::Creating boxplot for categorical data, Sequencing_Run vs PWY.5973
2022-04-22 13:56:52 INFO::Creating boxplot for categorical data, Sequencing_Run vs NONOXIPENT.PWY
2022-04-22 13:56:52 INFO::Creating boxplot for categorical data, Sequencing_Run vs GLUTORN.PWY
2022-04-22 13:56:52 INFO::Creating boxplot for categorical data, Sequencing_Run vs OANTIGEN.PWY
2022-04-22 13:56:52 INFO::Creating boxplot for categorical data, Sequencing_Run vs PYRIDNUCSYN.PWY
2022-04-22 13:56:52 INFO::Creating boxplot for categorical data, Sequencing_Run vs P23.PWY
2022-04-22 13:56:52 INFO::Creating boxplot for categorical data, Sequencing_Run vs P124.PWY
2022-04-22 13:56:52 INFO::Creating boxplot for categorical data, Sequencing_Run vs LACTOSECAT.PWY
2022-04-22 13:56:52 INFO::Creating boxplot for categorical data, Sequencing_Run vs PWY.6892
2022-04-22 13:56:52 INFO::Creating boxplot for categorical data, Sequencing_Run vs PWY.7200
2022-04-22 13:56:53 INFO::Creating boxplot for categorical data, Sequencing_Run vs PWY.2941
2022-04-22 13:56:53 INFO::Creating boxplot for categorical data, Sequencing_Run vs UDPNAGSYN.PWY
2022-04-22 13:56:53 INFO::Creating boxplot for categorical data, Sequencing_Run vs PWY.7220
2022-04-22 13:56:53 INFO::Creating boxplot for categorical data, Sequencing_Run vs PWY.7222
2022-04-22 13:56:53 INFO::Creating boxplot for categorical data, Sequencing_Run vs PWY.5189
2022-04-22 13:56:53 INFO::Creating boxplot for categorical data, Sequencing_Run vs PWY.6969
2022-04-22 13:56:53 INFO::Creating boxplot for categorical data, Sequencing_Run vs OANTIGEN.PWY
2022-04-22 13:56:53 INFO::Creating boxplot for categorical data, Sequencing_Run vs P122.PWY
2022-04-22 13:56:53 INFO::Creating boxplot for categorical data, Sequencing_Run vs PWY.7197
2022-04-22 13:56:54 INFO::Creating boxplot for categorical data, Sequencing_Run vs ARGSYN.PWY
2022-04-22 13:56:54 INFO::Creating boxplot for categorical data, Sequencing_Run vs P124.PWY
2022-04-22 13:56:54 INFO::Creating boxplot for categorical data, Sequencing_Run vs PWY.5121
2022-04-22 13:56:54 INFO::Creating boxplot for categorical data, Sequencing_Run vs PWY.7400
2022-04-22 13:56:54 INFO::Creating boxplot for categorical data, Sequencing_Run vs PWY.7184
2022-04-22 13:56:54 INFO::Creating boxplot for categorical data, Sequencing_Run vs PWY.7332
2022-04-22 13:56:54 INFO::Creating boxplot for categorical data, Sequencing_Run vs PWY0.162
2022-04-22 13:56:54 INFO::Creating boxplot for categorical data, Sequencing_Run vs PWY.7220
2022-04-22 13:56:54 INFO::Creating boxplot for categorical data, Sequencing_Run vs PWY.7222
2022-04-22 13:56:55 INFO::Creating boxplot for categorical data, Sequencing_Run vs PWY.7323
2022-04-22 13:56:55 INFO::Creating boxplot for categorical data, Sequencing_Run vs PWY.7315
2022-04-22 13:56:55 INFO::Creating boxplot for categorical data, Sequencing_Run vs PWY.841
2022-04-22 13:56:55 INFO::Creating boxplot for categorical data, Sequencing_Run vs P161.PWY
2022-04-22 13:56:55 INFO::Creating boxplot for categorical data, Sequencing_Run vs PWY0.1296
2022-04-22 13:56:55 INFO::Creating boxplot for categorical data, Sequencing_Run vs FASYN.ELONG.PWY
2022-04-22 13:56:55 INFO::Creating boxplot for categorical data, Sequencing_Run vs DENOVOPURINE2.PWY
2022-04-22 13:56:55 INFO::Creating boxplot for categorical data, Sequencing_Run vs PWY.7392
2022-04-22 13:56:55 INFO::Creating boxplot for categorical data, Sequencing_Run vs UDPNAGSYN.PWY
2022-04-22 13:56:56 INFO::Creating boxplot for categorical data, Sequencing_Run vs P122.PWY
2022-04-22 13:56:56 INFO::Creating boxplot for categorical data, Sequencing_Run vs HISTSYN.PWY
2022-04-22 13:56:56 INFO::Creating boxplot for categorical data, Sequencing_Run vs PWY0.1298
2022-04-22 13:56:56 INFO::Creating boxplot for categorical data, Sequencing_Run vs PWY.5022
2022-04-22 13:56:56 INFO::Creating boxplot for categorical data, Sequencing_Run vs P341.PWY
2022-04-22 13:56:56 INFO::Creating boxplot for categorical data, Sequencing_Run vs PWY.7187
2022-04-22 13:56:56 INFO::Creating boxplot for categorical data, Sequencing_Run vs SO4ASSIM.PWY
2022-04-22 13:56:56 INFO::Creating boxplot for categorical data, Sequencing_Run vs POLYAMSYN.PWY
2022-04-22 13:56:56 INFO::Creating boxplot for categorical data, Sequencing_Run vs PWY.6895
2022-04-22 13:56:57 INFO::Creating boxplot for categorical data, Sequencing_Run vs PWY.6608
2022-04-22 13:56:57 INFO::Creating boxplot for categorical data, Sequencing_Run vs PWY.2941
2022-04-22 13:56:57 INFO::Creating boxplot for categorical data, Sequencing_Run vs PWY0.166
2022-04-22 13:56:57 INFO::Creating boxplot for categorical data, Sequencing_Run vs ARG.POLYAMINE.SYN
2022-04-22 13:56:57 INFO::Creating boxplot for categorical data, Sequencing_Run vs PWY.6470
2022-04-22 13:56:57 INFO::Creating boxplot for categorical data, Sequencing_Run vs HEXITOLDEGSUPER.PWY
2022-04-22 13:56:57 INFO::Creating boxplot for categorical data, Sequencing_Run vs ARGSYNBSUB.PWY
2022-04-22 13:56:57 INFO::Creating boxplot for categorical data, Sequencing_Run vs PWY.4984
2022-04-22 13:56:58 INFO::Creating boxplot for categorical data, Sequencing_Run vs PWY.7539
2022-04-22 13:56:58 INFO::Creating boxplot for categorical data, Sequencing_Run vs LACTOSECAT.PWY
2022-04-22 13:56:58 INFO::Creating boxplot for categorical data, Sequencing_Run vs PWY.6163
2022-04-22 13:56:58 INFO::Creating boxplot for categorical data, Sequencing_Run vs PWY.6125
2022-04-22 13:56:58 INFO::Creating boxplot for categorical data, Sequencing_Run vs PWY.6147
2022-04-22 13:56:58 INFO::Creating boxplot for categorical data, Sequencing_Run vs ASPASN.PWY
2022-04-22 13:56:58 INFO::Creating boxplot for categorical data, Sequencing_Run vs PWY.6901
2022-04-22 13:56:58 INFO::Creating boxplot for categorical data, Sequencing_Run vs PWY.7228
2022-04-22 13:56:58 INFO::Creating boxplot for categorical data, Sequencing_Run vs GLUTORN.PWY
2022-04-22 13:56:59 INFO::Creating boxplot for categorical data, Sequencing_Run vs PWY.7234
2022-04-22 13:56:59 INFO::Creating boxplot for categorical data, Sequencing_Run vs PWY.7315
2022-04-22 13:56:59 INFO::Creating boxplot for categorical data, Sequencing_Run vs PWY.6353
2022-04-22 13:56:59 INFO::Creating boxplot for categorical data, Sequencing_Run vs RUMP.PWY
2022-04-22 13:56:59 INFO::Creating boxplot for categorical data, Sequencing_Run vs ARGORNPROST.PWY
2022-04-22 13:56:59 INFO::Creating boxplot for categorical data, Sequencing_Run vs COMPLETE.ARO.PWY
2022-04-22 13:56:59 INFO::Creating boxplot for categorical data, Sequencing_Run vs PWY.6703
2022-04-22 13:56:59 INFO::Creating boxplot for categorical data, Sequencing_Run vs P461.PWY
2022-04-22 13:56:59 INFO::Creating boxplot for categorical data, Sequencing_Run vs NAGLIPASYN.PWY
2022-04-22 13:57:00 INFO::Creating boxplot for categorical data, Sequencing_Run vs PWY.7197
2022-04-22 13:57:00 INFO::Creating boxplot for categorical data, Sequencing_Run vs PWY.5659
2022-04-22 13:57:00 INFO::Creating boxplot for categorical data, Sequencing_Run vs PWY.7184
2022-04-22 13:57:00 INFO::Creating boxplot for categorical data, Sequencing_Run vs PWY.5154
2022-04-22 13:57:00 INFO::Creating boxplot for categorical data, Sequencing_Run vs PWY.6467
2022-04-22 13:57:00 INFO::Creating boxplot for categorical data, Sequencing_Run vs PANTOSYN.PWY
2022-04-22 13:57:00 INFO::Creating boxplot for categorical data, Sequencing_Run vs ARO.PWY
2022-04-22 13:57:01 INFO::Creating boxplot for categorical data, Sequencing_Run vs NONMEVIPP.PWY
2022-04-22 13:57:01 INFO::Creating boxplot for categorical data, Sequencing_Run vs PWY.7560
2022-04-22 13:57:01 INFO::Creating boxplot for categorical data, Sequencing_Run vs POLYAMINSYN3.PWY
2022-04-22 13:57:01 INFO::Creating boxplot for categorical data, Sequencing_Run vs PWY.5265
2022-04-22 13:57:01 INFO::Creating boxplot for categorical data, Sequencing_Run vs HISTSYN.PWY
2022-04-22 13:57:01 INFO::Creating boxplot for categorical data, Sequencing_Run vs PWY.6895
2022-04-22 13:57:01 INFO::Creating boxplot for categorical data, Sequencing_Run vs P108.PWY
2022-04-22 13:57:01 INFO::Creating boxplot for categorical data, Sequencing_Run vs PWY.1269
2022-04-22 13:57:01 INFO::Creating boxplot for categorical data, Sequencing_Run vs SALVADEHYPOX.PWY
2022-04-22 13:57:01 INFO::Creating boxplot for categorical data, Sequencing_Run vs P42.PWY
2022-04-22 13:57:02 INFO::Creating boxplot for categorical data, Sequencing_Run vs PWY.5505
2022-04-22 13:57:02 INFO::Creating boxplot for categorical data, Sequencing_Run vs PWY.6470
2022-04-22 13:57:02 INFO::Creating boxplot for categorical data, Sequencing_Run vs PANTO.PWY
2022-04-22 13:57:02 INFO::Creating boxplot for categorical data, Sequencing_Run vs PWY.6545
2022-04-22 13:57:02 INFO::Creating boxplot for categorical data, Sequencing_Run vs PWY.6269
2022-04-22 13:57:02 INFO::Creating boxplot for categorical data, Sequencing_Run vs PWY.6901
2022-04-22 13:57:02 INFO::Creating boxplot for categorical data, Sequencing_Run vs PWY0.1241
2022-04-22 13:57:02 INFO::Creating boxplot for categorical data, Sequencing_Run vs PWY.5509
2022-04-22 13:57:02 INFO::Creating boxplot for categorical data, Sequencing_Run vs PWY.1861
2022-04-22 13:57:02 INFO::Creating boxplot for categorical data, Sequencing_Run vs COBALSYN.PWY
2022-04-22 13:57:03 INFO::Creating boxplot for categorical data, Sequencing_Run vs PWY.5121
2022-04-22 13:57:03 INFO::Creating boxplot for categorical data, Sequencing_Run vs PWY.5910
2022-04-22 13:57:03 INFO::Creating boxplot for categorical data, Sequencing_Run vs THISYN.PWY
2022-04-22 13:57:03 INFO::Creating boxplot for categorical data, Sequencing_Run vs RHAMCAT.PWY
2022-04-22 13:57:03 INFO::Creating boxplot for categorical data, Sequencing_Run vs RUMP.PWY
2022-04-22 13:57:03 INFO::Creating boxplot for categorical data, Sequencing_Run vs PWY0.1261
2022-04-22 13:57:03 INFO::Creating boxplot for categorical data, Sequencing_Run vs PWY.7374
2022-04-22 13:57:03 INFO::Creating boxplot for categorical data, Sequencing_Run vs PWY.7234
2022-04-22 13:57:03 INFO::Creating boxplot for categorical data, Sequencing_Run vs PWY.7332
2022-04-22 13:57:03 INFO::Creating boxplot for categorical data, Sequencing_Run vs HISDEG.PWY
2022-04-22 13:57:04 INFO::Creating boxplot for categorical data, Sequencing_Run vs PWY.5505
2022-04-22 13:57:04 INFO::Creating boxplot for categorical data, Sequencing_Run vs COLANSYN.PWY
2022-04-22 13:57:04 INFO::Creating boxplot for categorical data, Sequencing_Run vs RHAMCAT.PWY
2022-04-22 13:57:04 INFO::Creating boxplot for categorical data, Sequencing_Run vs PWY.5154
2022-04-22 13:57:04 INFO::Creating boxplot for categorical data, Sequencing_Run vs PWY0.1479
2022-04-22 13:57:04 INFO::Creating boxplot for categorical data, Sequencing_Run vs PWY.5695
2022-04-22 13:57:04 INFO::Creating boxplot for categorical data, Sequencing_Run vs PWY.5910
2022-04-22 13:57:05 INFO::Plotting data for metadata number 3, Line
2022-04-22 13:57:05 INFO::Creating boxplot for categorical data, Line vs PWY.6478
2022-04-22 13:57:05 INFO::Creating boxplot for categorical data, Line vs PWY.4984
2022-04-22 13:57:05 INFO::Creating boxplot for categorical data, Line vs TRNA.CHARGING.PWY
2022-04-22 13:57:05 INFO::Creating boxplot for categorical data, Line vs FUC.RHAMCAT.PWY
2022-04-22 13:57:05 INFO::Creating boxplot for categorical data, Line vs PWY.7392
2022-04-22 13:57:05 INFO::Creating boxplot for categorical data, Line vs RIBOSYN2.PWY
2022-04-22 13:57:05 INFO::Creating boxplot for categorical data, Line vs P441.PWY
2022-04-22 13:57:05 INFO::Creating boxplot for categorical data, Line vs GLYCOLYSIS.E.D
2022-04-22 13:57:05 INFO::Creating boxplot for categorical data, Line vs PWY.5484
2022-04-22 13:57:06 INFO::Creating boxplot for categorical data, Line vs GLYCOLYSIS
2022-04-22 13:57:06 INFO::Creating boxplot for categorical data, Line vs PWY.6470
2022-04-22 13:57:06 INFO::Creating boxplot for categorical data, Line vs ANAEROFRUCAT.PWY
2022-04-22 13:57:06 INFO::Creating boxplot for categorical data, Line vs GLUCONEO.PWY
2022-04-22 13:57:06 INFO::Creating boxplot for categorical data, Line vs FUCCAT.PWY
2022-04-22 13:57:06 INFO::Creating boxplot for categorical data, Line vs OANTIGEN.PWY
2022-04-22 13:57:06 INFO::Creating boxplot for categorical data, Line vs PENTOSE.P.PWY
2022-04-22 13:57:06 INFO::Creating boxplot for categorical data, Line vs FERMENTATION.PWY
2022-04-22 13:57:06 INFO::Creating boxplot for categorical data, Line vs PWY0.1261
2022-04-22 13:57:07 INFO::Creating boxplot for categorical data, Line vs X1CMET2.PWY
2022-04-22 13:57:07 INFO::Creating boxplot for categorical data, Line vs NONOXIPENT.PWY
2022-04-22 13:57:07 INFO::Creating boxplot for categorical data, Line vs DAPLYSINESYN.PWY
2022-04-22 13:57:07 INFO::Creating boxplot for categorical data, Line vs PWY.5913
2022-04-22 13:57:07 INFO::Creating boxplot for categorical data, Line vs PWY.4984
2022-04-22 13:57:07 INFO::Creating boxplot for categorical data, Line vs PWY.6151
2022-04-22 13:57:07 INFO::Creating boxplot for categorical data, Line vs PWY.6609
2022-04-22 13:57:07 INFO::Creating boxplot for categorical data, Line vs GLYCOCAT.PWY
2022-04-22 13:57:07 INFO::Creating boxplot for categorical data, Line vs THRESYN.PWY
2022-04-22 13:57:07 INFO::Creating boxplot for categorical data, Line vs ANAGLYCOLYSIS.PWY
2022-04-22 13:57:08 INFO::Creating boxplot for categorical data, Line vs METH.ACETATE.PWY
2022-04-22 13:57:08 INFO::Creating boxplot for categorical data, Line vs NAD.BIOSYNTHESIS.II
2022-04-22 13:57:08 INFO::Creating boxplot for categorical data, Line vs CALVIN.PWY
2022-04-22 13:57:08 INFO::Creating boxplot for categorical data, Line vs PWY0.1297
2022-04-22 13:57:08 INFO::Creating boxplot for categorical data, Line vs P23.PWY
2022-04-22 13:57:08 INFO::Creating boxplot for categorical data, Line vs PWY.5100
2022-04-22 13:57:08 INFO::Creating boxplot for categorical data, Line vs PWY.3001
2022-04-22 13:57:08 INFO::Creating boxplot for categorical data, Line vs PWY.7219
2022-04-22 13:57:08 INFO::Creating boxplot for categorical data, Line vs PWY0.1261
2022-04-22 13:57:09 INFO::Creating boxplot for categorical data, Line vs PWY.6317
2022-04-22 13:57:09 INFO::Creating boxplot for categorical data, Line vs PWY.5686
2022-04-22 13:57:09 INFO::Creating boxplot for categorical data, Line vs PWY.7229
2022-04-22 13:57:09 INFO::Creating boxplot for categorical data, Line vs PWY.6126
2022-04-22 13:57:09 INFO::Creating boxplot for categorical data, Line vs PWY.5667
2022-04-22 13:57:09 INFO::Creating boxplot for categorical data, Line vs PWY0.1319
2022-04-22 13:57:09 INFO::Creating boxplot for categorical data, Line vs PWY.7208
2022-04-22 13:57:09 INFO::Creating boxplot for categorical data, Line vs PEPTIDOGLYCANSYN.PWY
2022-04-22 13:57:09 INFO::Creating boxplot for categorical data, Line vs PWY.6387
2022-04-22 13:57:10 INFO::Creating boxplot for categorical data, Line vs PWY4FS.7
2022-04-22 13:57:10 INFO::Creating boxplot for categorical data, Line vs PWY4FS.8
2022-04-22 13:57:10 INFO::Creating boxplot for categorical data, Line vs PWY.6386
2022-04-22 13:57:10 INFO::Creating boxplot for categorical data, Line vs PWY.7237
2022-04-22 13:57:10 INFO::Creating boxplot for categorical data, Line vs DTDPRHAMSYN.PWY
2022-04-22 13:57:10 INFO::Creating boxplot for categorical data, Line vs PWY.5097
2022-04-22 13:57:10 INFO::Creating boxplot for categorical data, Line vs PWY.7221
2022-04-22 13:57:10 INFO::Creating boxplot for categorical data, Line vs PWY.6385
2022-04-22 13:57:10 INFO::Creating boxplot for categorical data, Line vs PWY.2942
2022-04-22 13:57:11 INFO::Creating boxplot for categorical data, Line vs P461.PWY
2022-04-22 13:57:11 INFO::Creating boxplot for categorical data, Line vs PHOSLIPSYN.PWY
2022-04-22 13:57:11 INFO::Creating boxplot for categorical data, Line vs COA.PWY
2022-04-22 13:57:11 INFO::Creating boxplot for categorical data, Line vs P164.PWY
2022-04-22 13:57:11 INFO::Creating boxplot for categorical data, Line vs GLYCOGENSYNTH.PWY
2022-04-22 13:57:11 INFO::Creating boxplot for categorical data, Line vs PWY0.1298
2022-04-22 13:57:11 INFO::Creating boxplot for categorical data, Line vs PWY0.1586
2022-04-22 13:57:11 INFO::Creating boxplot for categorical data, Line vs PWY.7220
2022-04-22 13:57:11 INFO::Creating boxplot for categorical data, Line vs PWY.7222
2022-04-22 13:57:12 INFO::Creating boxplot for categorical data, Line vs ASPASN.PWY
2022-04-22 13:57:12 INFO::Creating boxplot for categorical data, Line vs FUC.RHAMCAT.PWY
2022-04-22 13:57:12 INFO::Creating boxplot for categorical data, Line vs TEICHOICACID.PWY
2022-04-22 13:57:12 INFO::Creating boxplot for categorical data, Line vs UDPNAGSYN.PWY
2022-04-22 13:57:12 INFO::Creating boxplot for categorical data, Line vs PWY.6471
2022-04-22 13:57:12 INFO::Creating boxplot for categorical data, Line vs PWY.7200
2022-04-22 13:57:12 INFO::Creating boxplot for categorical data, Line vs PWY.5265
2022-04-22 13:57:12 INFO::Creating boxplot for categorical data, Line vs PWY.7539
2022-04-22 13:57:12 INFO::Creating boxplot for categorical data, Line vs PWY.6737
2022-04-22 13:57:13 INFO::Creating boxplot for categorical data, Line vs GLUCUROCAT.PWY
2022-04-22 13:57:13 INFO::Creating boxplot for categorical data, Line vs POLYISOPRENSYN.PWY
2022-04-22 13:57:13 INFO::Creating boxplot for categorical data, Line vs RIBOSYN2.PWY
2022-04-22 13:57:13 INFO::Creating boxplot for categorical data, Line vs PWY.621
2022-04-22 13:57:13 INFO::Creating boxplot for categorical data, Line vs FERMENTATION.PWY
2022-04-22 13:57:13 INFO::Creating boxplot for categorical data, Line vs PWY.5695
2022-04-22 13:57:13 INFO::Creating boxplot for categorical data, Line vs PWY.5121
2022-04-22 13:57:13 INFO::Creating boxplot for categorical data, Line vs PWY0.1296
2022-04-22 13:57:13 INFO::Creating boxplot for categorical data, Line vs PYRIDNUCSAL.PWY
2022-04-22 13:57:14 INFO::Creating boxplot for categorical data, Line vs ARGSYN.PWY
2022-04-22 13:57:14 INFO::Creating boxplot for categorical data, Line vs PWY.6353
2022-04-22 13:57:14 INFO::Creating boxplot for categorical data, Line vs PWY.7663
2022-04-22 13:57:14 INFO::Creating boxplot for categorical data, Line vs PWY.7400
2022-04-22 13:57:14 INFO::Creating boxplot for categorical data, Line vs P161.PWY
2022-04-22 13:57:14 INFO::Creating boxplot for categorical data, Line vs PWY.6123
2022-04-22 13:57:14 INFO::Creating boxplot for categorical data, Line vs PWY.6608
2022-04-22 13:57:14 INFO::Creating boxplot for categorical data, Line vs PWY.5897
2022-04-22 13:57:14 INFO::Creating boxplot for categorical data, Line vs PWY.5898
2022-04-22 13:57:15 INFO::Creating boxplot for categorical data, Line vs PWY.5899
2022-04-22 13:57:15 INFO::Creating boxplot for categorical data, Line vs PWY.6121
2022-04-22 13:57:15 INFO::Creating boxplot for categorical data, Line vs PWY.5840
2022-04-22 13:57:15 INFO::Creating boxplot for categorical data, Line vs PWY.5861
2022-04-22 13:57:15 INFO::Creating boxplot for categorical data, Line vs PWY.6122
2022-04-22 13:57:15 INFO::Creating boxplot for categorical data, Line vs PWY.6277
2022-04-22 13:57:15 INFO::Creating boxplot for categorical data, Line vs PWY.5838
2022-04-22 13:57:15 INFO::Creating boxplot for categorical data, Line vs GALACT.GLUCUROCAT.PWY
2022-04-22 13:57:15 INFO::Creating boxplot for categorical data, Line vs P562.PWY
2022-04-22 13:57:16 INFO::Creating boxplot for categorical data, Line vs PWY.2941
2022-04-22 13:57:16 INFO::Creating boxplot for categorical data, Line vs PWY.6470
2022-04-22 13:57:16 INFO::Creating boxplot for categorical data, Line vs PWY.5910
2022-04-22 13:57:16 INFO::Creating boxplot for categorical data, Line vs P124.PWY
2022-04-22 13:57:16 INFO::Creating boxplot for categorical data, Line vs PWY.6897
2022-04-22 13:57:16 INFO::Creating boxplot for categorical data, Line vs HSERMETANA.PWY
2022-04-22 13:57:16 INFO::Creating boxplot for categorical data, Line vs PWY.7242
2022-04-22 13:57:16 INFO::Creating boxplot for categorical data, Line vs PWY.5973
2022-04-22 13:57:17 INFO::Creating boxplot for categorical data, Line vs SALVADEHYPOX.PWY
2022-04-22 13:57:17 INFO::Creating boxplot for categorical data, Line vs PWY.922
2022-04-22 13:57:17 INFO::Creating boxplot for categorical data, Line vs PWY.7196
2022-04-22 13:57:17 INFO::Creating boxplot for categorical data, Line vs SER.GLYSYN.PWY
2022-04-22 13:57:17 INFO::Creating boxplot for categorical data, Line vs COBALSYN.PWY
2022-04-22 13:57:17 INFO::Creating boxplot for categorical data, Line vs PWY.6147
2022-04-22 13:57:17 INFO::Creating boxplot for categorical data, Line vs P122.PWY
2022-04-22 13:57:17 INFO::Creating boxplot for categorical data, Line vs PWY.6269
2022-04-22 13:57:17 INFO::Creating boxplot for categorical data, Line vs PWY.5509
2022-04-22 13:57:18 INFO::Creating boxplot for categorical data, Line vs GALACTUROCAT.PWY
2022-04-22 13:57:18 INFO::Creating boxplot for categorical data, Line vs DENOVOPURINE2.PWY
2022-04-22 13:57:18 INFO::Creating boxplot for categorical data, Line vs PWY.7377
2022-04-22 13:57:18 INFO::Creating boxplot for categorical data, Line vs PWY.7187
2022-04-22 13:57:18 INFO::Creating boxplot for categorical data, Line vs PWY.5265
2022-04-22 13:57:18 INFO::Creating boxplot for categorical data, Line vs GLCMANNANAUT.PWY
2022-04-22 13:57:18 INFO::Creating boxplot for categorical data, Line vs PWY0.166
2022-04-22 13:57:18 INFO::Creating boxplot for categorical data, Line vs PWY.841
2022-04-22 13:57:18 INFO::Creating boxplot for categorical data, Line vs PWY.7111
2022-04-22 13:57:19 INFO::Creating boxplot for categorical data, Line vs FASYN.ELONG.PWY
2022-04-22 13:57:19 INFO::Creating boxplot for categorical data, Line vs FERMENTATION.PWY
2022-04-22 13:57:19 INFO::Creating boxplot for categorical data, Line vs PWY.7013
2022-04-22 13:57:19 INFO::Creating boxplot for categorical data, Line vs PWY0.845
2022-04-22 13:57:19 INFO::Creating boxplot for categorical data, Line vs HEMESYN2.PWY
2022-04-22 13:57:19 INFO::Creating boxplot for categorical data, Line vs P4.PWY
2022-04-22 13:57:19 INFO::Creating boxplot for categorical data, Line vs PWY.6507
2022-04-22 13:57:19 INFO::Creating boxplot for categorical data, Line vs PWY0.162
2022-04-22 13:57:20 INFO::Creating boxplot for categorical data, Line vs PWY0.1479
2022-04-22 13:57:20 INFO::Creating boxplot for categorical data, Line vs NONMEVIPP.PWY
2022-04-22 13:57:20 INFO::Creating boxplot for categorical data, Line vs PWY.7560
2022-04-22 13:57:20 INFO::Creating boxplot for categorical data, Line vs PWY.7199
2022-04-22 13:57:20 INFO::Creating boxplot for categorical data, Line vs GOLPDLCAT.PWY
2022-04-22 13:57:20 INFO::Creating boxplot for categorical data, Line vs ARGSYNBSUB.PWY
2022-04-22 13:57:20 INFO::Creating boxplot for categorical data, Line vs PYRIDNUCSYN.PWY
2022-04-22 13:57:20 INFO::Creating boxplot for categorical data, Line vs GLUCUROCAT.PWY
2022-04-22 13:57:20 INFO::Creating boxplot for categorical data, Line vs PYRIDOXSYN.PWY
2022-04-22 13:57:21 INFO::Creating boxplot for categorical data, Line vs PWY.7234
2022-04-22 13:57:21 INFO::Creating boxplot for categorical data, Line vs ILEUSYN.PWY
2022-04-22 13:57:21 INFO::Creating boxplot for categorical data, Line vs VALSYN.PWY
2022-04-22 13:57:21 INFO::Creating boxplot for categorical data, Line vs FOLSYN.PWY
2022-04-22 13:57:21 INFO::Creating boxplot for categorical data, Line vs TCA
2022-04-22 13:57:21 INFO::Creating boxplot for categorical data, Line vs PWY0.781
2022-04-22 13:57:21 INFO::Creating boxplot for categorical data, Line vs PWY.7211
2022-04-22 13:57:21 INFO::Creating boxplot for categorical data, Line vs PWY.6125
2022-04-22 13:57:22 INFO::Creating boxplot for categorical data, Line vs BRANCHED.CHAIN.AA.SYN.PWY
2022-04-22 13:57:22 INFO::Creating boxplot for categorical data, Line vs PWY.5104
2022-04-22 13:57:22 INFO::Creating boxplot for categorical data, Line vs LACTOSECAT.PWY
2022-04-22 13:57:22 INFO::Creating boxplot for categorical data, Line vs PWY.5101
2022-04-22 13:57:22 INFO::Creating boxplot for categorical data, Line vs P23.PWY
2022-04-22 13:57:22 INFO::Creating boxplot for categorical data, Line vs P341.PWY
2022-04-22 13:57:22 INFO::Creating boxplot for categorical data, Line vs HEXITOLDEGSUPER.PWY
2022-04-22 13:57:22 INFO::Creating boxplot for categorical data, Line vs TRPSYN.PWY
2022-04-22 13:57:22 INFO::Creating boxplot for categorical data, Line vs PENTOSE.P.PWY
2022-04-22 13:57:23 INFO::Creating boxplot for categorical data, Line vs GLYCOLYSIS.E.D
2022-04-22 13:57:23 INFO::Creating boxplot for categorical data, Line vs HISDEG.PWY
2022-04-22 13:57:23 INFO::Creating boxplot for categorical data, Line vs PWY.5913
2022-04-22 13:57:23 INFO::Creating boxplot for categorical data, Line vs PWY.7228
2022-04-22 13:57:23 INFO::Creating boxplot for categorical data, Line vs PWY.5103
2022-04-22 13:57:23 INFO::Creating boxplot for categorical data, Line vs PWY.6507
2022-04-22 13:57:23 INFO::Creating boxplot for categorical data, Line vs PWY.6892
2022-04-22 13:57:23 INFO::Creating boxplot for categorical data, Line vs RUMP.PWY
2022-04-22 13:57:24 INFO::Creating boxplot for categorical data, Line vs GALACT.GLUCUROCAT.PWY
2022-04-22 13:57:24 INFO::Creating boxplot for categorical data, Line vs POLYAMINSYN3.PWY
2022-04-22 13:57:24 INFO::Creating boxplot for categorical data, Line vs PWY.5188
2022-04-22 13:57:24 INFO::Creating boxplot for categorical data, Line vs PRPP.PWY
2022-04-22 13:57:24 INFO::Creating boxplot for categorical data, Line vs PWY.6263
2022-04-22 13:57:24 INFO::Creating boxplot for categorical data, Line vs PWY.6612
2022-04-22 13:57:24 INFO::Creating boxplot for categorical data, Line vs PWY.5189
2022-04-22 13:57:24 INFO::Creating boxplot for categorical data, Line vs METH.ACETATE.PWY
2022-04-22 13:57:24 INFO::Creating boxplot for categorical data, Line vs PWY.7184
2022-04-22 13:57:25 INFO::Creating boxplot for categorical data, Line vs PWY.7197
2022-04-22 13:57:25 INFO::Creating boxplot for categorical data, Line vs PWY.5695
2022-04-22 13:57:25 INFO::Creating boxplot for categorical data, Line vs PWY.7377
2022-04-22 13:57:25 INFO::Creating boxplot for categorical data, Line vs FOLSYN.PWY
2022-04-22 13:57:25 INFO::Creating boxplot for categorical data, Line vs PWY.5913
2022-04-22 13:57:25 INFO::Creating boxplot for categorical data, Line vs TEICHOICACID.PWY
2022-04-22 13:57:25 INFO::Creating boxplot for categorical data, Line vs PWY.7242
2022-04-22 13:57:25 INFO::Creating boxplot for categorical data, Line vs HISDEG.PWY
2022-04-22 13:57:26 INFO::Creating boxplot for categorical data, Line vs GALACTUROCAT.PWY
2022-04-22 13:57:26 INFO::Creating boxplot for categorical data, Line vs PWY.6901
2022-04-22 13:57:26 INFO::Creating boxplot for categorical data, Line vs PWY.5505
2022-04-22 13:57:26 INFO::Creating boxplot for categorical data, Line vs COMPLETE.ARO.PWY
2022-04-22 13:57:26 INFO::Creating boxplot for categorical data, Line vs PWY.6163
2022-04-22 13:57:26 INFO::Creating boxplot for categorical data, Line vs PWY.5347
2022-04-22 13:57:26 INFO::Creating boxplot for categorical data, Line vs ARO.PWY
2022-04-22 13:57:26 INFO::Creating boxplot for categorical data, Line vs PANTOSYN.PWY
2022-04-22 13:57:26 INFO::Creating boxplot for categorical data, Line vs PWY.6612
2022-04-22 13:57:27 INFO::Creating boxplot for categorical data, Line vs PWY.7371
2022-04-22 13:57:27 INFO::Creating boxplot for categorical data, Line vs RIBOSYN2.PWY
2022-04-22 13:57:27 INFO::Creating boxplot for categorical data, Line vs HEMESYN2.PWY
2022-04-22 13:57:27 INFO::Creating boxplot for categorical data, Line vs PWY.6895
2022-04-22 13:57:27 INFO::Creating boxplot for categorical data, Line vs P341.PWY
2022-04-22 13:57:27 INFO::Creating boxplot for categorical data, Line vs P4.PWY
2022-04-22 13:57:27 INFO::Creating boxplot for categorical data, Line vs PWY0.1586
2022-04-22 13:57:27 INFO::Creating boxplot for categorical data, Line vs PWY0.781
2022-04-22 13:57:28 INFO::Creating boxplot for categorical data, Line vs SULFATE.CYS.PWY
2022-04-22 13:57:28 INFO::Creating boxplot for categorical data, Line vs SO4ASSIM.PWY
2022-04-22 13:57:28 INFO::Creating boxplot for categorical data, Line vs HSERMETANA.PWY
2022-04-22 13:57:28 INFO::Creating boxplot for categorical data, Line vs MET.SAM.PWY
2022-04-22 13:57:28 INFO::Creating boxplot for categorical data, Line vs PWY.7315
2022-04-22 13:57:28 INFO::Creating boxplot for categorical data, Line vs PWY.7374
2022-04-22 13:57:28 INFO::Creating boxplot for categorical data, Line vs PWY.6969
2022-04-22 13:57:28 INFO::Creating boxplot for categorical data, Line vs PWY.5345
2022-04-22 13:57:28 INFO::Creating boxplot for categorical data, Line vs PWY.621
2022-04-22 13:57:29 INFO::Creating boxplot for categorical data, Line vs PWY.1861
2022-04-22 13:57:29 INFO::Creating boxplot for categorical data, Line vs PWY.6545
2022-04-22 13:57:29 INFO::Creating boxplot for categorical data, Line vs COLANSYN.PWY
2022-04-22 13:57:29 INFO::Creating boxplot for categorical data, Line vs PWY.4984
2022-04-22 13:57:29 INFO::Creating boxplot for categorical data, Line vs HOMOSER.METSYN.PWY
2022-04-22 13:57:29 INFO::Creating boxplot for categorical data, Line vs PWY0.1061
2022-04-22 13:57:29 INFO::Creating boxplot for categorical data, Line vs TRPSYN.PWY
2022-04-22 13:57:29 INFO::Creating boxplot for categorical data, Line vs PWY.5154
2022-04-22 13:57:30 INFO::Creating boxplot for categorical data, Line vs PWY.6703
2022-04-22 13:57:30 INFO::Creating boxplot for categorical data, Line vs PWY.5384
2022-04-22 13:57:30 INFO::Creating boxplot for categorical data, Line vs PYRIDOXSYN.PWY
2022-04-22 13:57:30 INFO::Creating boxplot for categorical data, Line vs PWY.7392
2022-04-22 13:57:30 INFO::Creating boxplot for categorical data, Line vs RHAMCAT.PWY
2022-04-22 13:57:30 INFO::Creating boxplot for categorical data, Line vs PWY.6892
2022-04-22 13:57:30 INFO::Creating boxplot for categorical data, Line vs PWY.6895
2022-04-22 13:57:30 INFO::Creating boxplot for categorical data, Line vs ARGORNPROST.PWY
2022-04-22 13:57:31 INFO::Creating boxplot for categorical data, Line vs MET.SAM.PWY
2022-04-22 13:57:31 INFO::Creating boxplot for categorical data, Line vs SALVADEHYPOX.PWY
2022-04-22 13:57:31 INFO::Creating boxplot for categorical data, Line vs GLCMANNANAUT.PWY
2022-04-22 13:57:31 INFO::Creating boxplot for categorical data, Line vs PWY0.1261
2022-04-22 13:57:31 INFO::Creating boxplot for categorical data, Line vs PWY0.845
2022-04-22 13:57:31 INFO::Creating boxplot for categorical data, Line vs PANTO.PWY
2022-04-22 13:57:31 INFO::Creating boxplot for categorical data, Line vs PWY.5022
2022-04-22 13:57:31 INFO::Creating boxplot for categorical data, Line vs HISTSYN.PWY
2022-04-22 13:57:32 INFO::Creating boxplot for categorical data, Line vs PWY.7332
2022-04-22 13:57:32 INFO::Creating boxplot for categorical data, Line vs PWY.6897
2022-04-22 13:57:32 INFO::Creating boxplot for categorical data, Line vs FUCCAT.PWY
2022-04-22 13:57:32 INFO::Creating boxplot for categorical data, Line vs PWY.5384
2022-04-22 13:57:32 INFO::Creating boxplot for categorical data, Line vs ARGORNPROST.PWY
2022-04-22 13:57:32 INFO::Creating boxplot for categorical data, Line vs PWY.7456
2022-04-22 13:57:32 INFO::Creating boxplot for categorical data, Line vs PWY.7111
2022-04-22 13:57:32 INFO::Creating boxplot for categorical data, Line vs PWY.5347
2022-04-22 13:57:32 INFO::Creating boxplot for categorical data, Line vs ARG.POLYAMINE.SYN
2022-04-22 13:57:33 INFO::Creating boxplot for categorical data, Line vs PWY.7539
2022-04-22 13:57:33 INFO::Creating boxplot for categorical data, Line vs PWY.7323
2022-04-22 13:57:33 INFO::Creating boxplot for categorical data, Line vs HOMOSER.METSYN.PWY
2022-04-22 13:57:33 INFO::Creating boxplot for categorical data, Line vs PWY.6353
2022-04-22 13:57:33 INFO::Creating boxplot for categorical data, Line vs PWY.6478
2022-04-22 13:57:33 INFO::Creating boxplot for categorical data, Line vs GLUTORN.PWY
2022-04-22 13:57:33 INFO::Creating boxplot for categorical data, Line vs P23.PWY
2022-04-22 13:57:33 INFO::Creating boxplot for categorical data, Line vs PWY0.1061
2022-04-22 13:57:34 INFO::Creating boxplot for categorical data, Line vs POLYAMSYN.PWY
2022-04-22 13:57:34 INFO::Creating boxplot for categorical data, Line vs PWY.5659
2022-04-22 13:57:34 INFO::Creating boxplot for categorical data, Line vs P164.PWY
2022-04-22 13:57:34 INFO::Creating boxplot for categorical data, Line vs PWY.5304
2022-04-22 13:57:34 INFO::Creating boxplot for categorical data, Line vs PWY490.3
2022-04-22 13:57:34 INFO::Creating boxplot for categorical data, Line vs PWY.3781
2022-04-22 13:57:34 INFO::Creating boxplot for categorical data, Line vs GLYOXYLATE.BYPASS
2022-04-22 13:57:35 INFO::Creating boxplot for categorical data, Line vs PWY.5265
2022-04-22 13:57:35 INFO::Creating boxplot for categorical data, Line vs PWY.5104
2022-04-22 13:57:35 INFO::Creating boxplot for categorical data, Line vs PWY.7237
2022-04-22 13:57:35 INFO::Creating boxplot for categorical data, Line vs THISYN.PWY
2022-04-22 13:57:35 INFO::Creating boxplot for categorical data, Line vs POLYAMSYN.PWY
2022-04-22 13:57:35 INFO::Creating boxplot for categorical data, Line vs PWY.6703
2022-04-22 13:57:35 INFO::Creating boxplot for categorical data, Line vs GLYCOGENSYNTH.PWY
2022-04-22 13:57:35 INFO::Creating boxplot for categorical data, Line vs GLUCONEO.PWY
2022-04-22 13:57:35 INFO::Creating boxplot for categorical data, Line vs X1CMET2.PWY
2022-04-22 13:57:36 INFO::Plotting data for metadata number 4, Sex
2022-04-22 13:57:36 INFO::Creating boxplot for categorical data, Sex vs PWY.7013
2022-04-22 13:57:36 INFO::Creating boxplot for categorical data, Sex vs GOLPDLCAT.PWY
2022-04-22 13:57:36 INFO::Creating boxplot for categorical data, Sex vs PWY.5384
2022-04-22 13:57:36 INFO::Creating boxplot for categorical data, Sex vs PWY.7377
2022-04-22 13:57:36 INFO::Creating boxplot for categorical data, Sex vs PWY.5189
2022-04-22 13:57:36 INFO::Creating boxplot for categorical data, Sex vs PWY.5695
2022-04-22 13:57:36 INFO::Creating boxplot for categorical data, Sex vs PWY.5188
2022-04-22 13:57:37 INFO::Creating boxplot for categorical data, Sex vs TEICHOICACID.PWY
2022-04-22 13:57:37 INFO::Creating boxplot for categorical data, Sex vs PWY.7539
2022-04-22 13:57:37 INFO::Creating boxplot for categorical data, Sex vs OANTIGEN.PWY
2022-04-22 13:57:37 INFO::Creating boxplot for categorical data, Sex vs PWY.922
2022-04-22 13:57:37 INFO::Creating boxplot for categorical data, Sex vs ILEUSYN.PWY
2022-04-22 13:57:37 INFO::Creating boxplot for categorical data, Sex vs VALSYN.PWY
2022-04-22 13:57:37 INFO::Creating boxplot for categorical data, Sex vs PWY.5101
2022-04-22 13:57:37 INFO::Creating boxplot for categorical data, Sex vs PWY.5913
2022-04-22 13:57:37 INFO::Creating boxplot for categorical data, Sex vs DTDPRHAMSYN.PWY
2022-04-22 13:57:37 INFO::Creating boxplot for categorical data, Sex vs PWY.5104
2022-04-22 13:57:37 INFO::Creating boxplot for categorical data, Sex vs PWY.5910
2022-04-22 13:57:38 INFO::Creating boxplot for categorical data, Sex vs PWY.7111
2022-04-22 13:57:38 INFO::Creating boxplot for categorical data, Sex vs COBALSYN.PWY
2022-04-22 13:57:38 INFO::Creating boxplot for categorical data, Sex vs PWY.5103
2022-04-22 13:57:38 INFO::Creating boxplot for categorical data, Sex vs BRANCHED.CHAIN.AA.SYN.PWY
2022-04-22 13:57:38 INFO::Creating boxplot for categorical data, Sex vs PWY.5509
2022-04-22 13:57:38 INFO::Creating boxplot for categorical data, Sex vs PWY.6269
2022-04-22 13:57:38 INFO::Creating boxplot for categorical data, Sex vs PWY.6901
2022-04-22 13:57:38 INFO::Creating boxplot for categorical data, Sex vs SER.GLYSYN.PWY
2022-04-22 13:57:38 INFO::Creating boxplot for categorical data, Sex vs GLUTORN.PWY
2022-04-22 13:57:38 INFO::Creating boxplot for categorical data, Sex vs GLYCOCAT.PWY
2022-04-22 13:57:38 INFO::Creating boxplot for categorical data, Sex vs PWY.7220
2022-04-22 13:57:39 INFO::Creating boxplot for categorical data, Sex vs PWY.7222
2022-04-22 13:57:39 INFO::Creating boxplot for categorical data, Sex vs PWY.6737
2022-04-22 13:57:39 INFO::Creating boxplot for categorical data, Sex vs HISTSYN.PWY
2022-04-22 13:57:39 INFO::Creating boxplot for categorical data, Sex vs RHAMCAT.PWY
2022-04-22 13:57:39 INFO::Creating boxplot for categorical data, Sex vs ANAEROFRUCAT.PWY
2022-04-22 13:57:39 INFO::Creating boxplot for categorical data, Sex vs PYRIDNUCSYN.PWY
2022-04-22 13:57:39 INFO::Creating boxplot for categorical data, Sex vs PWY.6147
2022-04-22 13:57:39 INFO::Creating boxplot for categorical data, Sex vs GLYCOLYSIS.E.D
2022-04-22 13:57:39 INFO::Creating boxplot for categorical data, Sex vs FERMENTATION.PWY
2022-04-22 13:57:39 INFO::Creating boxplot for categorical data, Sex vs PWY.5484
2022-04-22 13:57:40 INFO::Creating boxplot for categorical data, Sex vs PWY.1861
2022-04-22 13:57:40 INFO::Creating boxplot for categorical data, Sex vs PWY.6478
2022-04-22 13:57:40 INFO::Creating boxplot for categorical data, Sex vs ARG.POLYAMINE.SYN
2022-04-22 13:57:40 INFO::Creating boxplot for categorical data, Sex vs PWY.5505
2022-04-22 13:57:40 INFO::Creating boxplot for categorical data, Sex vs GLUCONEO.PWY
2022-04-22 13:57:40 INFO::Creating boxplot for categorical data, Sex vs RIBOSYN2.PWY
2022-04-22 13:57:40 INFO::Creating boxplot for categorical data, Sex vs GLYCOLYSIS
2022-04-22 13:57:40 INFO::Creating boxplot for categorical data, Sex vs POLYAMSYN.PWY
2022-04-22 13:57:40 INFO::Creating boxplot for categorical data, Sex vs PYRIDNUCSAL.PWY
2022-04-22 13:57:40 INFO::Creating boxplot for categorical data, Sex vs P441.PWY
2022-04-22 13:57:40 INFO::Creating boxplot for categorical data, Sex vs PWY.6897
2022-04-22 13:57:41 INFO::Creating boxplot for categorical data, Sex vs P164.PWY
2022-04-22 13:57:41 INFO::Creating boxplot for categorical data, Sex vs FUC.RHAMCAT.PWY
2022-04-22 13:57:41 INFO::Creating boxplot for categorical data, Sex vs P461.PWY
2022-04-22 13:57:41 INFO::Creating boxplot for categorical data, Sex vs ARGORNPROST.PWY
2022-04-22 13:57:41 INFO::Creating boxplot for categorical data, Sex vs RUMP.PWY
2022-04-22 13:57:41 INFO::Creating boxplot for categorical data, Sex vs PWY.3001
2022-04-22 13:57:41 INFO::Creating boxplot for categorical data, Sex vs P161.PWY
2022-04-22 13:57:41 INFO::Creating boxplot for categorical data, Sex vs P122.PWY
2022-04-22 13:57:41 INFO::Creating boxplot for categorical data, Sex vs TRPSYN.PWY
2022-04-22 13:57:41 INFO::Creating boxplot for categorical data, Sex vs PWY0.1586
2022-04-22 13:57:42 INFO::Creating boxplot for categorical data, Sex vs P124.PWY
2022-04-22 13:57:42 INFO::Creating boxplot for categorical data, Sex vs POLYAMINSYN3.PWY
2022-04-22 13:57:42 INFO::Creating boxplot for categorical data, Sex vs PWY.6507
2022-04-22 13:57:42 INFO::Creating boxplot for categorical data, Sex vs PWY.7242
2022-04-22 13:57:42 INFO::Creating boxplot for categorical data, Sex vs PWY.6471
2022-04-22 13:57:42 INFO::Creating boxplot for categorical data, Sex vs PWY.7229
2022-04-22 13:57:42 INFO::Creating boxplot for categorical data, Sex vs PWY.4984
2022-04-22 13:57:42 INFO::Creating boxplot for categorical data, Sex vs POLYISOPRENSYN.PWY
2022-04-22 13:57:42 INFO::Creating boxplot for categorical data, Sex vs PWY.6126
2022-04-22 13:57:42 INFO::Creating boxplot for categorical data, Sex vs PWY.6969
2022-04-22 13:57:43 INFO::Creating boxplot for categorical data, Sex vs PWY.6608
2022-04-22 13:57:43 INFO::Creating boxplot for categorical data, Sex vs COMPLETE.ARO.PWY
2022-04-22 13:57:43 INFO::Creating boxplot for categorical data, Sex vs ARO.PWY
2022-04-22 13:57:43 INFO::Creating boxplot for categorical data, Sex vs GALACTUROCAT.PWY
2022-04-22 13:57:43 INFO::Creating boxplot for categorical data, Sex vs UDPNAGSYN.PWY
2022-04-22 13:57:43 INFO::Creating boxplot for categorical data, Sex vs TCA
2022-04-22 13:57:43 INFO::Creating boxplot for categorical data, Sex vs FUCCAT.PWY
2022-04-22 13:57:43 INFO::Creating boxplot for categorical data, Sex vs X1CMET2.PWY
2022-04-22 13:57:43 INFO::Creating boxplot for categorical data, Sex vs THISYN.PWY
